[2024-11-11T06:48:15.146+0000] {processor.py:186} INFO - Started process (PID=34) to work on /opt/airflow/dags/sample_dag.py
[2024-11-11T06:48:15.147+0000] {processor.py:914} INFO - Processing file /opt/airflow/dags/sample_dag.py for tasks to queue
[2024-11-11T06:48:15.159+0000] {logging_mixin.py:190} INFO - [2024-11-11T06:48:15.157+0000] {dagbag.py:588} INFO - Filling up the DagBag from /opt/airflow/dags/sample_dag.py
[2024-11-11T06:48:15.229+0000] {processor.py:925} INFO - DAG(s) 'sample_dag' retrieved from /opt/airflow/dags/sample_dag.py
[2024-11-11T06:48:15.661+0000] {logging_mixin.py:190} INFO - [2024-11-11T06:48:15.661+0000] {override.py:1911} INFO - Created Permission View: can read on DAG:sample_dag
[2024-11-11T06:48:15.676+0000] {logging_mixin.py:190} INFO - [2024-11-11T06:48:15.675+0000] {override.py:1911} INFO - Created Permission View: can delete on DAG:sample_dag
[2024-11-11T06:48:15.685+0000] {logging_mixin.py:190} INFO - [2024-11-11T06:48:15.685+0000] {override.py:1911} INFO - Created Permission View: can edit on DAG:sample_dag
[2024-11-11T06:48:15.704+0000] {logging_mixin.py:190} INFO - [2024-11-11T06:48:15.703+0000] {override.py:1911} INFO - Created Permission View: menu access on DAG Run:sample_dag
[2024-11-11T06:48:15.721+0000] {logging_mixin.py:190} INFO - [2024-11-11T06:48:15.721+0000] {override.py:1911} INFO - Created Permission View: can read on DAG Run:sample_dag
[2024-11-11T06:48:15.734+0000] {logging_mixin.py:190} INFO - [2024-11-11T06:48:15.733+0000] {override.py:1911} INFO - Created Permission View: can delete on DAG Run:sample_dag
[2024-11-11T06:48:15.746+0000] {logging_mixin.py:190} INFO - [2024-11-11T06:48:15.746+0000] {override.py:1911} INFO - Created Permission View: can create on DAG Run:sample_dag
[2024-11-11T06:48:15.747+0000] {logging_mixin.py:190} INFO - [2024-11-11T06:48:15.747+0000] {dag.py:3239} INFO - Sync 1 DAGs
[2024-11-11T06:48:15.762+0000] {logging_mixin.py:190} INFO - [2024-11-11T06:48:15.762+0000] {dag.py:3262} INFO - Creating ORM DAG for sample_dag
[2024-11-11T06:48:15.779+0000] {logging_mixin.py:190} INFO - [2024-11-11T06:48:15.779+0000] {dag.py:4180} INFO - Setting next_dagrun for sample_dag to 2023-01-01 00:00:00+00:00, run_after=2023-01-02 00:00:00+00:00
[2024-11-11T06:48:15.808+0000] {processor.py:208} INFO - Processing /opt/airflow/dags/sample_dag.py took 0.669 seconds
[2024-11-11T06:48:46.379+0000] {processor.py:186} INFO - Started process (PID=98) to work on /opt/airflow/dags/sample_dag.py
[2024-11-11T06:48:46.382+0000] {processor.py:914} INFO - Processing file /opt/airflow/dags/sample_dag.py for tasks to queue
[2024-11-11T06:48:46.391+0000] {logging_mixin.py:190} INFO - [2024-11-11T06:48:46.390+0000] {dagbag.py:588} INFO - Filling up the DagBag from /opt/airflow/dags/sample_dag.py
[2024-11-11T06:48:46.469+0000] {processor.py:925} INFO - DAG(s) 'sample_dag' retrieved from /opt/airflow/dags/sample_dag.py
[2024-11-11T06:48:46.644+0000] {logging_mixin.py:190} INFO - [2024-11-11T06:48:46.644+0000] {dag.py:3239} INFO - Sync 1 DAGs
[2024-11-11T06:48:46.947+0000] {logging_mixin.py:190} INFO - [2024-11-11T06:48:46.941+0000] {dag.py:4180} INFO - Setting next_dagrun for sample_dag to 2023-01-01 00:00:00+00:00, run_after=2023-01-02 00:00:00+00:00
[2024-11-11T06:48:46.997+0000] {processor.py:208} INFO - Processing /opt/airflow/dags/sample_dag.py took 0.633 seconds
[2024-11-11T06:49:17.091+0000] {processor.py:186} INFO - Started process (PID=162) to work on /opt/airflow/dags/sample_dag.py
[2024-11-11T06:49:17.093+0000] {processor.py:914} INFO - Processing file /opt/airflow/dags/sample_dag.py for tasks to queue
[2024-11-11T06:49:17.097+0000] {logging_mixin.py:190} INFO - [2024-11-11T06:49:17.097+0000] {dagbag.py:588} INFO - Filling up the DagBag from /opt/airflow/dags/sample_dag.py
[2024-11-11T06:49:17.126+0000] {processor.py:925} INFO - DAG(s) 'sample_dag' retrieved from /opt/airflow/dags/sample_dag.py
[2024-11-11T06:49:17.155+0000] {logging_mixin.py:190} INFO - [2024-11-11T06:49:17.154+0000] {dag.py:3239} INFO - Sync 1 DAGs
[2024-11-11T06:49:17.201+0000] {logging_mixin.py:190} INFO - [2024-11-11T06:49:17.200+0000] {dag.py:4180} INFO - Setting next_dagrun for sample_dag to 2023-01-01 00:00:00+00:00, run_after=2023-01-02 00:00:00+00:00
[2024-11-11T06:49:17.255+0000] {processor.py:208} INFO - Processing /opt/airflow/dags/sample_dag.py took 0.171 seconds
[2024-11-11T06:49:47.373+0000] {processor.py:186} INFO - Started process (PID=226) to work on /opt/airflow/dags/sample_dag.py
[2024-11-11T06:49:47.375+0000] {processor.py:914} INFO - Processing file /opt/airflow/dags/sample_dag.py for tasks to queue
[2024-11-11T06:49:47.381+0000] {logging_mixin.py:190} INFO - [2024-11-11T06:49:47.380+0000] {dagbag.py:588} INFO - Filling up the DagBag from /opt/airflow/dags/sample_dag.py
[2024-11-11T06:49:47.427+0000] {processor.py:925} INFO - DAG(s) 'sample_dag' retrieved from /opt/airflow/dags/sample_dag.py
[2024-11-11T06:49:47.526+0000] {logging_mixin.py:190} INFO - [2024-11-11T06:49:47.523+0000] {dag.py:3239} INFO - Sync 1 DAGs
[2024-11-11T06:49:47.620+0000] {logging_mixin.py:190} INFO - [2024-11-11T06:49:47.620+0000] {dag.py:4180} INFO - Setting next_dagrun for sample_dag to 2023-01-01 00:00:00+00:00, run_after=2023-01-02 00:00:00+00:00
[2024-11-11T06:49:47.650+0000] {processor.py:208} INFO - Processing /opt/airflow/dags/sample_dag.py took 0.291 seconds
[2024-11-11T06:50:18.025+0000] {processor.py:186} INFO - Started process (PID=290) to work on /opt/airflow/dags/sample_dag.py
[2024-11-11T06:50:18.027+0000] {processor.py:914} INFO - Processing file /opt/airflow/dags/sample_dag.py for tasks to queue
[2024-11-11T06:50:18.032+0000] {logging_mixin.py:190} INFO - [2024-11-11T06:50:18.032+0000] {dagbag.py:588} INFO - Filling up the DagBag from /opt/airflow/dags/sample_dag.py
[2024-11-11T06:50:18.079+0000] {processor.py:925} INFO - DAG(s) 'sample_dag' retrieved from /opt/airflow/dags/sample_dag.py
[2024-11-11T06:50:18.132+0000] {logging_mixin.py:190} INFO - [2024-11-11T06:50:18.131+0000] {dag.py:3239} INFO - Sync 1 DAGs
[2024-11-11T06:50:18.209+0000] {logging_mixin.py:190} INFO - [2024-11-11T06:50:18.209+0000] {dag.py:4180} INFO - Setting next_dagrun for sample_dag to 2023-01-01 00:00:00+00:00, run_after=2023-01-02 00:00:00+00:00
[2024-11-11T06:50:18.269+0000] {processor.py:208} INFO - Processing /opt/airflow/dags/sample_dag.py took 0.262 seconds
[2024-11-11T06:50:48.866+0000] {processor.py:186} INFO - Started process (PID=354) to work on /opt/airflow/dags/sample_dag.py
[2024-11-11T06:50:48.868+0000] {processor.py:914} INFO - Processing file /opt/airflow/dags/sample_dag.py for tasks to queue
[2024-11-11T06:50:48.872+0000] {logging_mixin.py:190} INFO - [2024-11-11T06:50:48.872+0000] {dagbag.py:588} INFO - Filling up the DagBag from /opt/airflow/dags/sample_dag.py
[2024-11-11T06:50:48.915+0000] {processor.py:925} INFO - DAG(s) 'sample_dag' retrieved from /opt/airflow/dags/sample_dag.py
[2024-11-11T06:50:48.960+0000] {logging_mixin.py:190} INFO - [2024-11-11T06:50:48.960+0000] {dag.py:3239} INFO - Sync 1 DAGs
[2024-11-11T06:50:49.011+0000] {logging_mixin.py:190} INFO - [2024-11-11T06:50:49.011+0000] {dag.py:4180} INFO - Setting next_dagrun for sample_dag to 2023-01-01 00:00:00+00:00, run_after=2023-01-02 00:00:00+00:00
[2024-11-11T06:50:49.054+0000] {processor.py:208} INFO - Processing /opt/airflow/dags/sample_dag.py took 0.198 seconds
[2024-11-11T06:51:19.350+0000] {processor.py:186} INFO - Started process (PID=418) to work on /opt/airflow/dags/sample_dag.py
[2024-11-11T06:51:19.352+0000] {processor.py:914} INFO - Processing file /opt/airflow/dags/sample_dag.py for tasks to queue
[2024-11-11T06:51:19.356+0000] {logging_mixin.py:190} INFO - [2024-11-11T06:51:19.356+0000] {dagbag.py:588} INFO - Filling up the DagBag from /opt/airflow/dags/sample_dag.py
[2024-11-11T06:51:19.395+0000] {processor.py:925} INFO - DAG(s) 'sample_dag' retrieved from /opt/airflow/dags/sample_dag.py
[2024-11-11T06:51:19.428+0000] {logging_mixin.py:190} INFO - [2024-11-11T06:51:19.427+0000] {dag.py:3239} INFO - Sync 1 DAGs
[2024-11-11T06:51:19.478+0000] {logging_mixin.py:190} INFO - [2024-11-11T06:51:19.478+0000] {dag.py:4180} INFO - Setting next_dagrun for sample_dag to 2023-01-01 00:00:00+00:00, run_after=2023-01-02 00:00:00+00:00
[2024-11-11T06:51:19.526+0000] {processor.py:208} INFO - Processing /opt/airflow/dags/sample_dag.py took 0.189 seconds
[2024-11-11T06:51:49.713+0000] {processor.py:186} INFO - Started process (PID=488) to work on /opt/airflow/dags/sample_dag.py
[2024-11-11T06:51:49.715+0000] {processor.py:914} INFO - Processing file /opt/airflow/dags/sample_dag.py for tasks to queue
[2024-11-11T06:51:49.719+0000] {logging_mixin.py:190} INFO - [2024-11-11T06:51:49.718+0000] {dagbag.py:588} INFO - Filling up the DagBag from /opt/airflow/dags/sample_dag.py
[2024-11-11T06:51:49.747+0000] {processor.py:925} INFO - DAG(s) 'sample_dag' retrieved from /opt/airflow/dags/sample_dag.py
[2024-11-11T06:51:49.773+0000] {logging_mixin.py:190} INFO - [2024-11-11T06:51:49.773+0000] {dag.py:3239} INFO - Sync 1 DAGs
[2024-11-11T06:51:49.806+0000] {logging_mixin.py:190} INFO - [2024-11-11T06:51:49.806+0000] {dag.py:4180} INFO - Setting next_dagrun for sample_dag to 2023-01-01 00:00:00+00:00, run_after=2023-01-02 00:00:00+00:00
[2024-11-11T06:51:49.834+0000] {processor.py:208} INFO - Processing /opt/airflow/dags/sample_dag.py took 0.131 seconds
[2024-11-11T06:52:20.537+0000] {processor.py:186} INFO - Started process (PID=552) to work on /opt/airflow/dags/sample_dag.py
[2024-11-11T06:52:20.540+0000] {processor.py:914} INFO - Processing file /opt/airflow/dags/sample_dag.py for tasks to queue
[2024-11-11T06:52:20.552+0000] {logging_mixin.py:190} INFO - [2024-11-11T06:52:20.551+0000] {dagbag.py:588} INFO - Filling up the DagBag from /opt/airflow/dags/sample_dag.py
[2024-11-11T06:52:20.648+0000] {processor.py:925} INFO - DAG(s) 'sample_dag' retrieved from /opt/airflow/dags/sample_dag.py
[2024-11-11T06:52:20.699+0000] {logging_mixin.py:190} INFO - [2024-11-11T06:52:20.699+0000] {dag.py:3239} INFO - Sync 1 DAGs
[2024-11-11T06:52:20.764+0000] {logging_mixin.py:190} INFO - [2024-11-11T06:52:20.763+0000] {dag.py:4180} INFO - Setting next_dagrun for sample_dag to 2023-01-01 00:00:00+00:00, run_after=2023-01-02 00:00:00+00:00
[2024-11-11T06:52:20.810+0000] {processor.py:208} INFO - Processing /opt/airflow/dags/sample_dag.py took 0.297 seconds
[2024-11-11T06:52:51.660+0000] {processor.py:186} INFO - Started process (PID=616) to work on /opt/airflow/dags/sample_dag.py
[2024-11-11T06:52:51.663+0000] {processor.py:914} INFO - Processing file /opt/airflow/dags/sample_dag.py for tasks to queue
[2024-11-11T06:52:51.673+0000] {logging_mixin.py:190} INFO - [2024-11-11T06:52:51.671+0000] {dagbag.py:588} INFO - Filling up the DagBag from /opt/airflow/dags/sample_dag.py
[2024-11-11T06:52:51.751+0000] {processor.py:925} INFO - DAG(s) 'sample_dag' retrieved from /opt/airflow/dags/sample_dag.py
[2024-11-11T06:52:51.808+0000] {logging_mixin.py:190} INFO - [2024-11-11T06:52:51.807+0000] {dag.py:3239} INFO - Sync 1 DAGs
[2024-11-11T06:52:51.902+0000] {logging_mixin.py:190} INFO - [2024-11-11T06:52:51.901+0000] {dag.py:4180} INFO - Setting next_dagrun for sample_dag to 2023-01-01 00:00:00+00:00, run_after=2023-01-02 00:00:00+00:00
[2024-11-11T06:52:51.969+0000] {processor.py:208} INFO - Processing /opt/airflow/dags/sample_dag.py took 0.323 seconds
[2024-11-11T06:53:22.415+0000] {processor.py:186} INFO - Started process (PID=679) to work on /opt/airflow/dags/sample_dag.py
[2024-11-11T06:53:22.417+0000] {processor.py:914} INFO - Processing file /opt/airflow/dags/sample_dag.py for tasks to queue
[2024-11-11T06:53:22.421+0000] {logging_mixin.py:190} INFO - [2024-11-11T06:53:22.420+0000] {dagbag.py:588} INFO - Filling up the DagBag from /opt/airflow/dags/sample_dag.py
[2024-11-11T06:53:22.444+0000] {processor.py:925} INFO - DAG(s) 'sample_dag' retrieved from /opt/airflow/dags/sample_dag.py
[2024-11-11T06:53:22.475+0000] {logging_mixin.py:190} INFO - [2024-11-11T06:53:22.475+0000] {dag.py:3239} INFO - Sync 1 DAGs
[2024-11-11T06:53:22.527+0000] {logging_mixin.py:190} INFO - [2024-11-11T06:53:22.526+0000] {dag.py:4180} INFO - Setting next_dagrun for sample_dag to 2023-01-01 00:00:00+00:00, run_after=2023-01-02 00:00:00+00:00
[2024-11-11T06:53:22.577+0000] {processor.py:208} INFO - Processing /opt/airflow/dags/sample_dag.py took 0.168 seconds
[2024-11-11T06:53:53.101+0000] {processor.py:186} INFO - Started process (PID=743) to work on /opt/airflow/dags/sample_dag.py
[2024-11-11T06:53:53.102+0000] {processor.py:914} INFO - Processing file /opt/airflow/dags/sample_dag.py for tasks to queue
[2024-11-11T06:53:53.108+0000] {logging_mixin.py:190} INFO - [2024-11-11T06:53:53.108+0000] {dagbag.py:588} INFO - Filling up the DagBag from /opt/airflow/dags/sample_dag.py
[2024-11-11T06:53:53.136+0000] {processor.py:925} INFO - DAG(s) 'sample_dag' retrieved from /opt/airflow/dags/sample_dag.py
[2024-11-11T06:53:53.163+0000] {logging_mixin.py:190} INFO - [2024-11-11T06:53:53.163+0000] {dag.py:3239} INFO - Sync 1 DAGs
[2024-11-11T06:53:53.194+0000] {logging_mixin.py:190} INFO - [2024-11-11T06:53:53.193+0000] {dag.py:4180} INFO - Setting next_dagrun for sample_dag to 2023-01-01 00:00:00+00:00, run_after=2023-01-02 00:00:00+00:00
[2024-11-11T06:53:53.225+0000] {processor.py:208} INFO - Processing /opt/airflow/dags/sample_dag.py took 0.133 seconds
[2024-11-11T06:54:23.481+0000] {processor.py:186} INFO - Started process (PID=807) to work on /opt/airflow/dags/sample_dag.py
[2024-11-11T06:54:23.482+0000] {processor.py:914} INFO - Processing file /opt/airflow/dags/sample_dag.py for tasks to queue
[2024-11-11T06:54:23.488+0000] {logging_mixin.py:190} INFO - [2024-11-11T06:54:23.487+0000] {dagbag.py:588} INFO - Filling up the DagBag from /opt/airflow/dags/sample_dag.py
[2024-11-11T06:54:23.525+0000] {processor.py:925} INFO - DAG(s) 'sample_dag' retrieved from /opt/airflow/dags/sample_dag.py
[2024-11-11T06:54:23.561+0000] {logging_mixin.py:190} INFO - [2024-11-11T06:54:23.560+0000] {dag.py:3239} INFO - Sync 1 DAGs
[2024-11-11T06:54:23.601+0000] {logging_mixin.py:190} INFO - [2024-11-11T06:54:23.600+0000] {dag.py:4180} INFO - Setting next_dagrun for sample_dag to 2023-01-01 00:00:00+00:00, run_after=2023-01-02 00:00:00+00:00
[2024-11-11T06:54:23.639+0000] {processor.py:208} INFO - Processing /opt/airflow/dags/sample_dag.py took 0.169 seconds
[2024-11-11T06:54:53.721+0000] {processor.py:186} INFO - Started process (PID=871) to work on /opt/airflow/dags/sample_dag.py
[2024-11-11T06:54:53.722+0000] {processor.py:914} INFO - Processing file /opt/airflow/dags/sample_dag.py for tasks to queue
[2024-11-11T06:54:53.726+0000] {logging_mixin.py:190} INFO - [2024-11-11T06:54:53.726+0000] {dagbag.py:588} INFO - Filling up the DagBag from /opt/airflow/dags/sample_dag.py
[2024-11-11T06:54:53.752+0000] {processor.py:925} INFO - DAG(s) 'sample_dag' retrieved from /opt/airflow/dags/sample_dag.py
[2024-11-11T06:54:53.784+0000] {logging_mixin.py:190} INFO - [2024-11-11T06:54:53.784+0000] {dag.py:3239} INFO - Sync 1 DAGs
[2024-11-11T06:54:53.815+0000] {logging_mixin.py:190} INFO - [2024-11-11T06:54:53.814+0000] {dag.py:4180} INFO - Setting next_dagrun for sample_dag to 2023-01-01 00:00:00+00:00, run_after=2023-01-02 00:00:00+00:00
[2024-11-11T06:54:53.844+0000] {processor.py:208} INFO - Processing /opt/airflow/dags/sample_dag.py took 0.132 seconds
[2024-11-11T06:55:24.337+0000] {processor.py:186} INFO - Started process (PID=935) to work on /opt/airflow/dags/sample_dag.py
[2024-11-11T06:55:24.338+0000] {processor.py:914} INFO - Processing file /opt/airflow/dags/sample_dag.py for tasks to queue
[2024-11-11T06:55:24.342+0000] {logging_mixin.py:190} INFO - [2024-11-11T06:55:24.342+0000] {dagbag.py:588} INFO - Filling up the DagBag from /opt/airflow/dags/sample_dag.py
[2024-11-11T06:55:24.384+0000] {processor.py:925} INFO - DAG(s) 'sample_dag' retrieved from /opt/airflow/dags/sample_dag.py
[2024-11-11T06:55:24.413+0000] {logging_mixin.py:190} INFO - [2024-11-11T06:55:24.413+0000] {dag.py:3239} INFO - Sync 1 DAGs
[2024-11-11T06:55:24.441+0000] {logging_mixin.py:190} INFO - [2024-11-11T06:55:24.441+0000] {dag.py:4180} INFO - Setting next_dagrun for sample_dag to 2023-01-01 00:00:00+00:00, run_after=2023-01-02 00:00:00+00:00
[2024-11-11T06:55:24.474+0000] {processor.py:208} INFO - Processing /opt/airflow/dags/sample_dag.py took 0.144 seconds
[2024-11-11T06:55:55.186+0000] {processor.py:186} INFO - Started process (PID=999) to work on /opt/airflow/dags/sample_dag.py
[2024-11-11T06:55:55.188+0000] {processor.py:914} INFO - Processing file /opt/airflow/dags/sample_dag.py for tasks to queue
[2024-11-11T06:55:55.193+0000] {logging_mixin.py:190} INFO - [2024-11-11T06:55:55.193+0000] {dagbag.py:588} INFO - Filling up the DagBag from /opt/airflow/dags/sample_dag.py
[2024-11-11T06:55:55.231+0000] {processor.py:925} INFO - DAG(s) 'sample_dag' retrieved from /opt/airflow/dags/sample_dag.py
[2024-11-11T06:55:55.268+0000] {logging_mixin.py:190} INFO - [2024-11-11T06:55:55.268+0000] {dag.py:3239} INFO - Sync 1 DAGs
[2024-11-11T06:55:55.317+0000] {logging_mixin.py:190} INFO - [2024-11-11T06:55:55.316+0000] {dag.py:4180} INFO - Setting next_dagrun for sample_dag to 2023-01-05 00:00:00+00:00, run_after=2023-01-06 00:00:00+00:00
[2024-11-11T06:55:55.352+0000] {processor.py:208} INFO - Processing /opt/airflow/dags/sample_dag.py took 0.173 seconds
[2024-11-11T06:56:26.271+0000] {processor.py:186} INFO - Started process (PID=1062) to work on /opt/airflow/dags/sample_dag.py
[2024-11-11T06:56:26.273+0000] {processor.py:914} INFO - Processing file /opt/airflow/dags/sample_dag.py for tasks to queue
[2024-11-11T06:56:26.281+0000] {logging_mixin.py:190} INFO - [2024-11-11T06:56:26.279+0000] {dagbag.py:588} INFO - Filling up the DagBag from /opt/airflow/dags/sample_dag.py
[2024-11-11T06:56:26.320+0000] {processor.py:925} INFO - DAG(s) 'sample_dag' retrieved from /opt/airflow/dags/sample_dag.py
[2024-11-11T06:56:26.355+0000] {logging_mixin.py:190} INFO - [2024-11-11T06:56:26.354+0000] {dag.py:3239} INFO - Sync 1 DAGs
[2024-11-11T06:56:26.405+0000] {logging_mixin.py:190} INFO - [2024-11-11T06:56:26.404+0000] {dag.py:4180} INFO - Setting next_dagrun for sample_dag to 2023-01-25 00:00:00+00:00, run_after=2023-01-26 00:00:00+00:00
[2024-11-11T06:56:26.455+0000] {processor.py:208} INFO - Processing /opt/airflow/dags/sample_dag.py took 0.209 seconds
[2024-11-11T06:56:56.708+0000] {processor.py:186} INFO - Started process (PID=1126) to work on /opt/airflow/dags/sample_dag.py
[2024-11-11T06:56:56.710+0000] {processor.py:914} INFO - Processing file /opt/airflow/dags/sample_dag.py for tasks to queue
[2024-11-11T06:56:56.714+0000] {logging_mixin.py:190} INFO - [2024-11-11T06:56:56.713+0000] {dagbag.py:588} INFO - Filling up the DagBag from /opt/airflow/dags/sample_dag.py
[2024-11-11T06:56:56.742+0000] {processor.py:925} INFO - DAG(s) 'sample_dag' retrieved from /opt/airflow/dags/sample_dag.py
[2024-11-11T06:56:56.770+0000] {logging_mixin.py:190} INFO - [2024-11-11T06:56:56.770+0000] {dag.py:3239} INFO - Sync 1 DAGs
[2024-11-11T06:56:56.801+0000] {logging_mixin.py:190} INFO - [2024-11-11T06:56:56.801+0000] {dag.py:4180} INFO - Setting next_dagrun for sample_dag to 2023-02-13 00:00:00+00:00, run_after=2023-02-14 00:00:00+00:00
[2024-11-11T06:56:56.826+0000] {processor.py:208} INFO - Processing /opt/airflow/dags/sample_dag.py took 0.129 seconds
[2024-11-11T06:57:27.188+0000] {processor.py:186} INFO - Started process (PID=1190) to work on /opt/airflow/dags/sample_dag.py
[2024-11-11T06:57:27.190+0000] {processor.py:914} INFO - Processing file /opt/airflow/dags/sample_dag.py for tasks to queue
[2024-11-11T06:57:27.195+0000] {logging_mixin.py:190} INFO - [2024-11-11T06:57:27.195+0000] {dagbag.py:588} INFO - Filling up the DagBag from /opt/airflow/dags/sample_dag.py
[2024-11-11T06:57:27.240+0000] {processor.py:925} INFO - DAG(s) 'sample_dag' retrieved from /opt/airflow/dags/sample_dag.py
[2024-11-11T06:57:27.281+0000] {logging_mixin.py:190} INFO - [2024-11-11T06:57:27.281+0000] {dag.py:3239} INFO - Sync 1 DAGs
[2024-11-11T06:57:27.322+0000] {logging_mixin.py:190} INFO - [2024-11-11T06:57:27.322+0000] {dag.py:4180} INFO - Setting next_dagrun for sample_dag to 2023-03-01 00:00:00+00:00, run_after=2023-03-02 00:00:00+00:00
[2024-11-11T06:57:27.358+0000] {processor.py:208} INFO - Processing /opt/airflow/dags/sample_dag.py took 0.185 seconds
[2024-11-11T06:57:57.910+0000] {processor.py:186} INFO - Started process (PID=1254) to work on /opt/airflow/dags/sample_dag.py
[2024-11-11T06:57:57.913+0000] {processor.py:914} INFO - Processing file /opt/airflow/dags/sample_dag.py for tasks to queue
[2024-11-11T06:57:57.917+0000] {logging_mixin.py:190} INFO - [2024-11-11T06:57:57.917+0000] {dagbag.py:588} INFO - Filling up the DagBag from /opt/airflow/dags/sample_dag.py
[2024-11-11T06:57:57.953+0000] {processor.py:925} INFO - DAG(s) 'sample_dag' retrieved from /opt/airflow/dags/sample_dag.py
[2024-11-11T06:57:57.987+0000] {logging_mixin.py:190} INFO - [2024-11-11T06:57:57.987+0000] {dag.py:3239} INFO - Sync 1 DAGs
[2024-11-11T06:57:58.018+0000] {logging_mixin.py:190} INFO - [2024-11-11T06:57:58.018+0000] {dag.py:4180} INFO - Setting next_dagrun for sample_dag to 2023-03-17 00:00:00+00:00, run_after=2023-03-18 00:00:00+00:00
[2024-11-11T06:57:58.041+0000] {processor.py:208} INFO - Processing /opt/airflow/dags/sample_dag.py took 0.140 seconds
[2024-11-11T06:58:28.253+0000] {processor.py:186} INFO - Started process (PID=1316) to work on /opt/airflow/dags/sample_dag.py
[2024-11-11T06:58:28.255+0000] {processor.py:914} INFO - Processing file /opt/airflow/dags/sample_dag.py for tasks to queue
[2024-11-11T06:58:28.260+0000] {logging_mixin.py:190} INFO - [2024-11-11T06:58:28.259+0000] {dagbag.py:588} INFO - Filling up the DagBag from /opt/airflow/dags/sample_dag.py
[2024-11-11T06:58:28.286+0000] {processor.py:925} INFO - DAG(s) 'sample_dag' retrieved from /opt/airflow/dags/sample_dag.py
[2024-11-11T06:58:28.313+0000] {logging_mixin.py:190} INFO - [2024-11-11T06:58:28.312+0000] {dag.py:3239} INFO - Sync 1 DAGs
[2024-11-11T06:58:28.345+0000] {logging_mixin.py:190} INFO - [2024-11-11T06:58:28.344+0000] {dag.py:4180} INFO - Setting next_dagrun for sample_dag to 2023-04-06 00:00:00+00:00, run_after=2023-04-07 00:00:00+00:00
[2024-11-11T06:58:28.375+0000] {processor.py:208} INFO - Processing /opt/airflow/dags/sample_dag.py took 0.130 seconds
[2024-11-11T06:58:59.246+0000] {processor.py:186} INFO - Started process (PID=1380) to work on /opt/airflow/dags/sample_dag.py
[2024-11-11T06:58:59.248+0000] {processor.py:914} INFO - Processing file /opt/airflow/dags/sample_dag.py for tasks to queue
[2024-11-11T06:58:59.252+0000] {logging_mixin.py:190} INFO - [2024-11-11T06:58:59.252+0000] {dagbag.py:588} INFO - Filling up the DagBag from /opt/airflow/dags/sample_dag.py
[2024-11-11T06:58:59.306+0000] {processor.py:925} INFO - DAG(s) 'sample_dag' retrieved from /opt/airflow/dags/sample_dag.py
[2024-11-11T06:58:59.352+0000] {logging_mixin.py:190} INFO - [2024-11-11T06:58:59.352+0000] {dag.py:3239} INFO - Sync 1 DAGs
[2024-11-11T06:58:59.421+0000] {logging_mixin.py:190} INFO - [2024-11-11T06:58:59.420+0000] {dag.py:4180} INFO - Setting next_dagrun for sample_dag to 2023-04-25 00:00:00+00:00, run_after=2023-04-26 00:00:00+00:00
[2024-11-11T06:58:59.479+0000] {processor.py:208} INFO - Processing /opt/airflow/dags/sample_dag.py took 0.242 seconds
[2024-11-11T06:59:29.600+0000] {processor.py:186} INFO - Started process (PID=1444) to work on /opt/airflow/dags/sample_dag.py
[2024-11-11T06:59:29.602+0000] {processor.py:914} INFO - Processing file /opt/airflow/dags/sample_dag.py for tasks to queue
[2024-11-11T06:59:29.606+0000] {logging_mixin.py:190} INFO - [2024-11-11T06:59:29.606+0000] {dagbag.py:588} INFO - Filling up the DagBag from /opt/airflow/dags/sample_dag.py
[2024-11-11T06:59:29.632+0000] {processor.py:925} INFO - DAG(s) 'sample_dag' retrieved from /opt/airflow/dags/sample_dag.py
[2024-11-11T06:59:29.660+0000] {logging_mixin.py:190} INFO - [2024-11-11T06:59:29.660+0000] {dag.py:3239} INFO - Sync 1 DAGs
[2024-11-11T06:59:29.689+0000] {logging_mixin.py:190} INFO - [2024-11-11T06:59:29.688+0000] {dag.py:4180} INFO - Setting next_dagrun for sample_dag to 2023-05-14 00:00:00+00:00, run_after=2023-05-15 00:00:00+00:00
[2024-11-11T06:59:29.716+0000] {processor.py:208} INFO - Processing /opt/airflow/dags/sample_dag.py took 0.123 seconds
[2024-11-11T06:59:59.968+0000] {processor.py:186} INFO - Started process (PID=1508) to work on /opt/airflow/dags/sample_dag.py
[2024-11-11T06:59:59.972+0000] {processor.py:914} INFO - Processing file /opt/airflow/dags/sample_dag.py for tasks to queue
[2024-11-11T06:59:59.980+0000] {logging_mixin.py:190} INFO - [2024-11-11T06:59:59.978+0000] {dagbag.py:588} INFO - Filling up the DagBag from /opt/airflow/dags/sample_dag.py
[2024-11-11T07:00:00.025+0000] {processor.py:925} INFO - DAG(s) 'sample_dag' retrieved from /opt/airflow/dags/sample_dag.py
[2024-11-11T07:00:00.073+0000] {logging_mixin.py:190} INFO - [2024-11-11T07:00:00.072+0000] {dag.py:3239} INFO - Sync 1 DAGs
[2024-11-11T07:00:00.134+0000] {logging_mixin.py:190} INFO - [2024-11-11T07:00:00.133+0000] {dag.py:4180} INFO - Setting next_dagrun for sample_dag to 2023-06-02 00:00:00+00:00, run_after=2023-06-03 00:00:00+00:00
[2024-11-11T07:00:00.183+0000] {processor.py:208} INFO - Processing /opt/airflow/dags/sample_dag.py took 0.229 seconds
[2024-11-11T07:00:30.709+0000] {processor.py:186} INFO - Started process (PID=1572) to work on /opt/airflow/dags/sample_dag.py
[2024-11-11T07:00:30.711+0000] {processor.py:914} INFO - Processing file /opt/airflow/dags/sample_dag.py for tasks to queue
[2024-11-11T07:00:30.716+0000] {logging_mixin.py:190} INFO - [2024-11-11T07:00:30.716+0000] {dagbag.py:588} INFO - Filling up the DagBag from /opt/airflow/dags/sample_dag.py
[2024-11-11T07:00:30.779+0000] {processor.py:925} INFO - DAG(s) 'sample_dag' retrieved from /opt/airflow/dags/sample_dag.py
[2024-11-11T07:00:30.814+0000] {logging_mixin.py:190} INFO - [2024-11-11T07:00:30.814+0000] {dag.py:3239} INFO - Sync 1 DAGs
[2024-11-11T07:00:30.856+0000] {logging_mixin.py:190} INFO - [2024-11-11T07:00:30.856+0000] {dag.py:4180} INFO - Setting next_dagrun for sample_dag to 2023-06-21 00:00:00+00:00, run_after=2023-06-22 00:00:00+00:00
[2024-11-11T07:00:30.889+0000] {processor.py:208} INFO - Processing /opt/airflow/dags/sample_dag.py took 0.191 seconds
[2024-11-11T07:01:01.040+0000] {processor.py:186} INFO - Started process (PID=1630) to work on /opt/airflow/dags/sample_dag.py
[2024-11-11T07:01:01.042+0000] {processor.py:914} INFO - Processing file /opt/airflow/dags/sample_dag.py for tasks to queue
[2024-11-11T07:01:01.051+0000] {logging_mixin.py:190} INFO - [2024-11-11T07:01:01.049+0000] {dagbag.py:588} INFO - Filling up the DagBag from /opt/airflow/dags/sample_dag.py
[2024-11-11T07:01:01.108+0000] {processor.py:925} INFO - DAG(s) 'sample_dag' retrieved from /opt/airflow/dags/sample_dag.py
[2024-11-11T07:01:01.171+0000] {logging_mixin.py:190} INFO - [2024-11-11T07:01:01.170+0000] {dag.py:3239} INFO - Sync 1 DAGs
[2024-11-11T07:01:01.276+0000] {logging_mixin.py:190} INFO - [2024-11-11T07:01:01.275+0000] {dag.py:4180} INFO - Setting next_dagrun for sample_dag to 2023-07-10 00:00:00+00:00, run_after=2023-07-11 00:00:00+00:00
[2024-11-11T07:01:01.306+0000] {processor.py:208} INFO - Processing /opt/airflow/dags/sample_dag.py took 0.281 seconds
[2024-11-11T07:01:32.356+0000] {processor.py:186} INFO - Started process (PID=1693) to work on /opt/airflow/dags/sample_dag.py
[2024-11-11T07:01:32.358+0000] {processor.py:914} INFO - Processing file /opt/airflow/dags/sample_dag.py for tasks to queue
[2024-11-11T07:01:32.362+0000] {logging_mixin.py:190} INFO - [2024-11-11T07:01:32.361+0000] {dagbag.py:588} INFO - Filling up the DagBag from /opt/airflow/dags/sample_dag.py
[2024-11-11T07:01:32.400+0000] {processor.py:925} INFO - DAG(s) 'sample_dag' retrieved from /opt/airflow/dags/sample_dag.py
[2024-11-11T07:01:32.442+0000] {logging_mixin.py:190} INFO - [2024-11-11T07:01:32.441+0000] {dag.py:3239} INFO - Sync 1 DAGs
[2024-11-11T07:01:32.488+0000] {logging_mixin.py:190} INFO - [2024-11-11T07:01:32.487+0000] {dag.py:4180} INFO - Setting next_dagrun for sample_dag to 2023-07-29 00:00:00+00:00, run_after=2023-07-30 00:00:00+00:00
[2024-11-11T07:01:32.532+0000] {processor.py:208} INFO - Processing /opt/airflow/dags/sample_dag.py took 0.189 seconds
[2024-11-11T07:02:03.584+0000] {processor.py:186} INFO - Started process (PID=1757) to work on /opt/airflow/dags/sample_dag.py
[2024-11-11T07:02:03.585+0000] {processor.py:914} INFO - Processing file /opt/airflow/dags/sample_dag.py for tasks to queue
[2024-11-11T07:02:03.591+0000] {logging_mixin.py:190} INFO - [2024-11-11T07:02:03.591+0000] {dagbag.py:588} INFO - Filling up the DagBag from /opt/airflow/dags/sample_dag.py
[2024-11-11T07:02:03.620+0000] {processor.py:925} INFO - DAG(s) 'sample_dag' retrieved from /opt/airflow/dags/sample_dag.py
[2024-11-11T07:02:03.649+0000] {logging_mixin.py:190} INFO - [2024-11-11T07:02:03.649+0000] {dag.py:3239} INFO - Sync 1 DAGs
[2024-11-11T07:02:03.681+0000] {logging_mixin.py:190} INFO - [2024-11-11T07:02:03.680+0000] {dag.py:4180} INFO - Setting next_dagrun for sample_dag to 2023-08-18 00:00:00+00:00, run_after=2023-08-19 00:00:00+00:00
[2024-11-11T07:02:03.710+0000] {processor.py:208} INFO - Processing /opt/airflow/dags/sample_dag.py took 0.134 seconds
[2024-11-11T07:02:34.776+0000] {processor.py:186} INFO - Started process (PID=1821) to work on /opt/airflow/dags/sample_dag.py
[2024-11-11T07:02:34.777+0000] {processor.py:914} INFO - Processing file /opt/airflow/dags/sample_dag.py for tasks to queue
[2024-11-11T07:02:34.783+0000] {logging_mixin.py:190} INFO - [2024-11-11T07:02:34.781+0000] {dagbag.py:588} INFO - Filling up the DagBag from /opt/airflow/dags/sample_dag.py
[2024-11-11T07:02:34.815+0000] {processor.py:925} INFO - DAG(s) 'sample_dag' retrieved from /opt/airflow/dags/sample_dag.py
[2024-11-11T07:02:34.856+0000] {logging_mixin.py:190} INFO - [2024-11-11T07:02:34.855+0000] {dag.py:3239} INFO - Sync 1 DAGs
[2024-11-11T07:02:34.902+0000] {logging_mixin.py:190} INFO - [2024-11-11T07:02:34.901+0000] {dag.py:4180} INFO - Setting next_dagrun for sample_dag to 2023-09-08 00:00:00+00:00, run_after=2023-09-09 00:00:00+00:00
[2024-11-11T07:02:34.939+0000] {processor.py:208} INFO - Processing /opt/airflow/dags/sample_dag.py took 0.170 seconds
[2024-11-11T07:03:05.265+0000] {processor.py:186} INFO - Started process (PID=1882) to work on /opt/airflow/dags/sample_dag.py
[2024-11-11T07:03:05.266+0000] {processor.py:914} INFO - Processing file /opt/airflow/dags/sample_dag.py for tasks to queue
[2024-11-11T07:03:05.271+0000] {logging_mixin.py:190} INFO - [2024-11-11T07:03:05.270+0000] {dagbag.py:588} INFO - Filling up the DagBag from /opt/airflow/dags/sample_dag.py
[2024-11-11T07:03:05.304+0000] {processor.py:925} INFO - DAG(s) 'sample_dag' retrieved from /opt/airflow/dags/sample_dag.py
[2024-11-11T07:03:05.338+0000] {logging_mixin.py:190} INFO - [2024-11-11T07:03:05.338+0000] {dag.py:3239} INFO - Sync 1 DAGs
[2024-11-11T07:03:05.374+0000] {logging_mixin.py:190} INFO - [2024-11-11T07:03:05.373+0000] {dag.py:4180} INFO - Setting next_dagrun for sample_dag to 2023-09-28 00:00:00+00:00, run_after=2023-09-29 00:00:00+00:00
[2024-11-11T07:03:05.423+0000] {processor.py:208} INFO - Processing /opt/airflow/dags/sample_dag.py took 0.169 seconds
