[2024-11-11T06:48:31.271+0000] {processor.py:186} INFO - Started process (PID=87) to work on /home/airflow/.local/lib/python3.12/site-packages/airflow/example_dags/example_short_circuit_decorator.py
[2024-11-11T06:48:31.273+0000] {processor.py:914} INFO - Processing file /home/airflow/.local/lib/python3.12/site-packages/airflow/example_dags/example_short_circuit_decorator.py for tasks to queue
[2024-11-11T06:48:31.285+0000] {logging_mixin.py:190} INFO - [2024-11-11T06:48:31.282+0000] {dagbag.py:588} INFO - Filling up the DagBag from /home/airflow/.local/lib/python3.12/site-packages/airflow/example_dags/example_short_circuit_decorator.py
[2024-11-11T06:48:31.302+0000] {processor.py:925} INFO - DAG(s) 'example_short_circuit_decorator' retrieved from /home/airflow/.local/lib/python3.12/site-packages/airflow/example_dags/example_short_circuit_decorator.py
[2024-11-11T06:48:31.462+0000] {logging_mixin.py:190} INFO - [2024-11-11T06:48:31.461+0000] {override.py:1911} INFO - Created Permission View: can read on DAG:example_short_circuit_decorator
[2024-11-11T06:48:31.482+0000] {logging_mixin.py:190} INFO - [2024-11-11T06:48:31.482+0000] {override.py:1911} INFO - Created Permission View: can delete on DAG:example_short_circuit_decorator
[2024-11-11T06:48:31.496+0000] {logging_mixin.py:190} INFO - [2024-11-11T06:48:31.495+0000] {override.py:1911} INFO - Created Permission View: can edit on DAG:example_short_circuit_decorator
[2024-11-11T06:48:31.508+0000] {logging_mixin.py:190} INFO - [2024-11-11T06:48:31.508+0000] {override.py:1911} INFO - Created Permission View: menu access on DAG Run:example_short_circuit_decorator
[2024-11-11T06:48:31.519+0000] {logging_mixin.py:190} INFO - [2024-11-11T06:48:31.519+0000] {override.py:1911} INFO - Created Permission View: can read on DAG Run:example_short_circuit_decorator
[2024-11-11T06:48:31.530+0000] {logging_mixin.py:190} INFO - [2024-11-11T06:48:31.530+0000] {override.py:1911} INFO - Created Permission View: can delete on DAG Run:example_short_circuit_decorator
[2024-11-11T06:48:31.542+0000] {logging_mixin.py:190} INFO - [2024-11-11T06:48:31.542+0000] {override.py:1911} INFO - Created Permission View: can create on DAG Run:example_short_circuit_decorator
[2024-11-11T06:48:31.543+0000] {logging_mixin.py:190} INFO - [2024-11-11T06:48:31.543+0000] {dag.py:3239} INFO - Sync 1 DAGs
[2024-11-11T06:48:31.562+0000] {logging_mixin.py:190} INFO - [2024-11-11T06:48:31.562+0000] {dag.py:3262} INFO - Creating ORM DAG for example_short_circuit_decorator
[2024-11-11T06:48:31.565+0000] {logging_mixin.py:190} INFO - [2024-11-11T06:48:31.564+0000] {dag.py:4180} INFO - Setting next_dagrun for example_short_circuit_decorator to None, run_after=None
[2024-11-11T06:48:31.598+0000] {processor.py:208} INFO - Processing /home/airflow/.local/lib/python3.12/site-packages/airflow/example_dags/example_short_circuit_decorator.py took 0.337 seconds
[2024-11-11T06:49:01.776+0000] {processor.py:186} INFO - Started process (PID=150) to work on /home/airflow/.local/lib/python3.12/site-packages/airflow/example_dags/example_short_circuit_decorator.py
[2024-11-11T06:49:01.778+0000] {processor.py:914} INFO - Processing file /home/airflow/.local/lib/python3.12/site-packages/airflow/example_dags/example_short_circuit_decorator.py for tasks to queue
[2024-11-11T06:49:01.782+0000] {logging_mixin.py:190} INFO - [2024-11-11T06:49:01.781+0000] {dagbag.py:588} INFO - Filling up the DagBag from /home/airflow/.local/lib/python3.12/site-packages/airflow/example_dags/example_short_circuit_decorator.py
[2024-11-11T06:49:01.797+0000] {processor.py:925} INFO - DAG(s) 'example_short_circuit_decorator' retrieved from /home/airflow/.local/lib/python3.12/site-packages/airflow/example_dags/example_short_circuit_decorator.py
[2024-11-11T06:49:01.834+0000] {logging_mixin.py:190} INFO - [2024-11-11T06:49:01.834+0000] {dag.py:3239} INFO - Sync 1 DAGs
[2024-11-11T06:49:01.859+0000] {logging_mixin.py:190} INFO - [2024-11-11T06:49:01.859+0000] {dag.py:4180} INFO - Setting next_dagrun for example_short_circuit_decorator to None, run_after=None
[2024-11-11T06:49:01.898+0000] {processor.py:208} INFO - Processing /home/airflow/.local/lib/python3.12/site-packages/airflow/example_dags/example_short_circuit_decorator.py took 0.133 seconds
[2024-11-11T06:49:33.436+0000] {processor.py:186} INFO - Started process (PID=214) to work on /home/airflow/.local/lib/python3.12/site-packages/airflow/example_dags/example_short_circuit_decorator.py
[2024-11-11T06:49:33.438+0000] {processor.py:914} INFO - Processing file /home/airflow/.local/lib/python3.12/site-packages/airflow/example_dags/example_short_circuit_decorator.py for tasks to queue
[2024-11-11T06:49:33.444+0000] {logging_mixin.py:190} INFO - [2024-11-11T06:49:33.443+0000] {dagbag.py:588} INFO - Filling up the DagBag from /home/airflow/.local/lib/python3.12/site-packages/airflow/example_dags/example_short_circuit_decorator.py
[2024-11-11T06:49:33.517+0000] {processor.py:925} INFO - DAG(s) 'example_short_circuit_decorator' retrieved from /home/airflow/.local/lib/python3.12/site-packages/airflow/example_dags/example_short_circuit_decorator.py
[2024-11-11T06:49:33.557+0000] {logging_mixin.py:190} INFO - [2024-11-11T06:49:33.557+0000] {dag.py:3239} INFO - Sync 1 DAGs
[2024-11-11T06:49:33.574+0000] {logging_mixin.py:190} INFO - [2024-11-11T06:49:33.573+0000] {dag.py:4180} INFO - Setting next_dagrun for example_short_circuit_decorator to None, run_after=None
[2024-11-11T06:49:33.601+0000] {processor.py:208} INFO - Processing /home/airflow/.local/lib/python3.12/site-packages/airflow/example_dags/example_short_circuit_decorator.py took 0.180 seconds
[2024-11-11T06:50:03.963+0000] {processor.py:186} INFO - Started process (PID=278) to work on /home/airflow/.local/lib/python3.12/site-packages/airflow/example_dags/example_short_circuit_decorator.py
[2024-11-11T06:50:03.966+0000] {processor.py:914} INFO - Processing file /home/airflow/.local/lib/python3.12/site-packages/airflow/example_dags/example_short_circuit_decorator.py for tasks to queue
[2024-11-11T06:50:03.972+0000] {logging_mixin.py:190} INFO - [2024-11-11T06:50:03.971+0000] {dagbag.py:588} INFO - Filling up the DagBag from /home/airflow/.local/lib/python3.12/site-packages/airflow/example_dags/example_short_circuit_decorator.py
[2024-11-11T06:50:03.990+0000] {processor.py:925} INFO - DAG(s) 'example_short_circuit_decorator' retrieved from /home/airflow/.local/lib/python3.12/site-packages/airflow/example_dags/example_short_circuit_decorator.py
[2024-11-11T06:50:04.026+0000] {logging_mixin.py:190} INFO - [2024-11-11T06:50:04.025+0000] {dag.py:3239} INFO - Sync 1 DAGs
[2024-11-11T06:50:04.049+0000] {logging_mixin.py:190} INFO - [2024-11-11T06:50:04.049+0000] {dag.py:4180} INFO - Setting next_dagrun for example_short_circuit_decorator to None, run_after=None
[2024-11-11T06:50:04.084+0000] {processor.py:208} INFO - Processing /home/airflow/.local/lib/python3.12/site-packages/airflow/example_dags/example_short_circuit_decorator.py took 0.130 seconds
[2024-11-11T06:50:36.445+0000] {processor.py:186} INFO - Started process (PID=342) to work on /home/airflow/.local/lib/python3.12/site-packages/airflow/example_dags/example_short_circuit_decorator.py
[2024-11-11T06:50:36.447+0000] {processor.py:914} INFO - Processing file /home/airflow/.local/lib/python3.12/site-packages/airflow/example_dags/example_short_circuit_decorator.py for tasks to queue
[2024-11-11T06:50:36.453+0000] {logging_mixin.py:190} INFO - [2024-11-11T06:50:36.453+0000] {dagbag.py:588} INFO - Filling up the DagBag from /home/airflow/.local/lib/python3.12/site-packages/airflow/example_dags/example_short_circuit_decorator.py
[2024-11-11T06:50:36.482+0000] {processor.py:925} INFO - DAG(s) 'example_short_circuit_decorator' retrieved from /home/airflow/.local/lib/python3.12/site-packages/airflow/example_dags/example_short_circuit_decorator.py
[2024-11-11T06:50:36.555+0000] {logging_mixin.py:190} INFO - [2024-11-11T06:50:36.555+0000] {dag.py:3239} INFO - Sync 1 DAGs
[2024-11-11T06:50:36.589+0000] {logging_mixin.py:190} INFO - [2024-11-11T06:50:36.588+0000] {dag.py:4180} INFO - Setting next_dagrun for example_short_circuit_decorator to None, run_after=None
[2024-11-11T06:50:36.639+0000] {processor.py:208} INFO - Processing /home/airflow/.local/lib/python3.12/site-packages/airflow/example_dags/example_short_circuit_decorator.py took 0.208 seconds
[2024-11-11T06:51:06.846+0000] {processor.py:186} INFO - Started process (PID=406) to work on /home/airflow/.local/lib/python3.12/site-packages/airflow/example_dags/example_short_circuit_decorator.py
[2024-11-11T06:51:06.849+0000] {processor.py:914} INFO - Processing file /home/airflow/.local/lib/python3.12/site-packages/airflow/example_dags/example_short_circuit_decorator.py for tasks to queue
[2024-11-11T06:51:06.853+0000] {logging_mixin.py:190} INFO - [2024-11-11T06:51:06.853+0000] {dagbag.py:588} INFO - Filling up the DagBag from /home/airflow/.local/lib/python3.12/site-packages/airflow/example_dags/example_short_circuit_decorator.py
[2024-11-11T06:51:06.883+0000] {processor.py:925} INFO - DAG(s) 'example_short_circuit_decorator' retrieved from /home/airflow/.local/lib/python3.12/site-packages/airflow/example_dags/example_short_circuit_decorator.py
[2024-11-11T06:51:06.941+0000] {logging_mixin.py:190} INFO - [2024-11-11T06:51:06.941+0000] {dag.py:3239} INFO - Sync 1 DAGs
[2024-11-11T06:51:06.975+0000] {logging_mixin.py:190} INFO - [2024-11-11T06:51:06.974+0000] {dag.py:4180} INFO - Setting next_dagrun for example_short_circuit_decorator to None, run_after=None
[2024-11-11T06:51:07.024+0000] {processor.py:208} INFO - Processing /home/airflow/.local/lib/python3.12/site-packages/airflow/example_dags/example_short_circuit_decorator.py took 0.190 seconds
[2024-11-11T06:51:38.349+0000] {processor.py:186} INFO - Started process (PID=470) to work on /home/airflow/.local/lib/python3.12/site-packages/airflow/example_dags/example_short_circuit_decorator.py
[2024-11-11T06:51:38.354+0000] {processor.py:914} INFO - Processing file /home/airflow/.local/lib/python3.12/site-packages/airflow/example_dags/example_short_circuit_decorator.py for tasks to queue
[2024-11-11T06:51:38.364+0000] {logging_mixin.py:190} INFO - [2024-11-11T06:51:38.363+0000] {dagbag.py:588} INFO - Filling up the DagBag from /home/airflow/.local/lib/python3.12/site-packages/airflow/example_dags/example_short_circuit_decorator.py
[2024-11-11T06:51:38.394+0000] {processor.py:925} INFO - DAG(s) 'example_short_circuit_decorator' retrieved from /home/airflow/.local/lib/python3.12/site-packages/airflow/example_dags/example_short_circuit_decorator.py
[2024-11-11T06:51:38.495+0000] {logging_mixin.py:190} INFO - [2024-11-11T06:51:38.494+0000] {dag.py:3239} INFO - Sync 1 DAGs
[2024-11-11T06:51:38.538+0000] {logging_mixin.py:190} INFO - [2024-11-11T06:51:38.538+0000] {dag.py:4180} INFO - Setting next_dagrun for example_short_circuit_decorator to None, run_after=None
[2024-11-11T06:51:38.592+0000] {processor.py:208} INFO - Processing /home/airflow/.local/lib/python3.12/site-packages/airflow/example_dags/example_short_circuit_decorator.py took 0.262 seconds
[2024-11-11T06:52:10.827+0000] {processor.py:186} INFO - Started process (PID=534) to work on /home/airflow/.local/lib/python3.12/site-packages/airflow/example_dags/example_short_circuit_decorator.py
[2024-11-11T06:52:10.831+0000] {processor.py:914} INFO - Processing file /home/airflow/.local/lib/python3.12/site-packages/airflow/example_dags/example_short_circuit_decorator.py for tasks to queue
[2024-11-11T06:52:10.847+0000] {logging_mixin.py:190} INFO - [2024-11-11T06:52:10.846+0000] {dagbag.py:588} INFO - Filling up the DagBag from /home/airflow/.local/lib/python3.12/site-packages/airflow/example_dags/example_short_circuit_decorator.py
[2024-11-11T06:52:10.891+0000] {processor.py:925} INFO - DAG(s) 'example_short_circuit_decorator' retrieved from /home/airflow/.local/lib/python3.12/site-packages/airflow/example_dags/example_short_circuit_decorator.py
[2024-11-11T06:52:10.979+0000] {logging_mixin.py:190} INFO - [2024-11-11T06:52:10.978+0000] {dag.py:3239} INFO - Sync 1 DAGs
[2024-11-11T06:52:11.028+0000] {logging_mixin.py:190} INFO - [2024-11-11T06:52:11.027+0000] {dag.py:4180} INFO - Setting next_dagrun for example_short_circuit_decorator to None, run_after=None
[2024-11-11T06:52:11.088+0000] {processor.py:208} INFO - Processing /home/airflow/.local/lib/python3.12/site-packages/airflow/example_dags/example_short_circuit_decorator.py took 0.284 seconds
[2024-11-11T06:52:41.460+0000] {processor.py:186} INFO - Started process (PID=598) to work on /home/airflow/.local/lib/python3.12/site-packages/airflow/example_dags/example_short_circuit_decorator.py
[2024-11-11T06:52:41.461+0000] {processor.py:914} INFO - Processing file /home/airflow/.local/lib/python3.12/site-packages/airflow/example_dags/example_short_circuit_decorator.py for tasks to queue
[2024-11-11T06:52:41.467+0000] {logging_mixin.py:190} INFO - [2024-11-11T06:52:41.466+0000] {dagbag.py:588} INFO - Filling up the DagBag from /home/airflow/.local/lib/python3.12/site-packages/airflow/example_dags/example_short_circuit_decorator.py
[2024-11-11T06:52:41.487+0000] {processor.py:925} INFO - DAG(s) 'example_short_circuit_decorator' retrieved from /home/airflow/.local/lib/python3.12/site-packages/airflow/example_dags/example_short_circuit_decorator.py
[2024-11-11T06:52:41.534+0000] {logging_mixin.py:190} INFO - [2024-11-11T06:52:41.534+0000] {dag.py:3239} INFO - Sync 1 DAGs
[2024-11-11T06:52:41.562+0000] {logging_mixin.py:190} INFO - [2024-11-11T06:52:41.561+0000] {dag.py:4180} INFO - Setting next_dagrun for example_short_circuit_decorator to None, run_after=None
[2024-11-11T06:52:41.598+0000] {processor.py:208} INFO - Processing /home/airflow/.local/lib/python3.12/site-packages/airflow/example_dags/example_short_circuit_decorator.py took 0.149 seconds
[2024-11-11T06:53:11.928+0000] {processor.py:186} INFO - Started process (PID=662) to work on /home/airflow/.local/lib/python3.12/site-packages/airflow/example_dags/example_short_circuit_decorator.py
[2024-11-11T06:53:11.931+0000] {processor.py:914} INFO - Processing file /home/airflow/.local/lib/python3.12/site-packages/airflow/example_dags/example_short_circuit_decorator.py for tasks to queue
[2024-11-11T06:53:11.939+0000] {logging_mixin.py:190} INFO - [2024-11-11T06:53:11.938+0000] {dagbag.py:588} INFO - Filling up the DagBag from /home/airflow/.local/lib/python3.12/site-packages/airflow/example_dags/example_short_circuit_decorator.py
[2024-11-11T06:53:11.966+0000] {processor.py:925} INFO - DAG(s) 'example_short_circuit_decorator' retrieved from /home/airflow/.local/lib/python3.12/site-packages/airflow/example_dags/example_short_circuit_decorator.py
[2024-11-11T06:53:12.035+0000] {logging_mixin.py:190} INFO - [2024-11-11T06:53:12.034+0000] {dag.py:3239} INFO - Sync 1 DAGs
[2024-11-11T06:53:12.104+0000] {logging_mixin.py:190} INFO - [2024-11-11T06:53:12.104+0000] {dag.py:4180} INFO - Setting next_dagrun for example_short_circuit_decorator to None, run_after=None
[2024-11-11T06:53:12.174+0000] {processor.py:208} INFO - Processing /home/airflow/.local/lib/python3.12/site-packages/airflow/example_dags/example_short_circuit_decorator.py took 0.256 seconds
[2024-11-11T06:53:42.577+0000] {processor.py:186} INFO - Started process (PID=724) to work on /home/airflow/.local/lib/python3.12/site-packages/airflow/example_dags/example_short_circuit_decorator.py
[2024-11-11T06:53:42.579+0000] {processor.py:914} INFO - Processing file /home/airflow/.local/lib/python3.12/site-packages/airflow/example_dags/example_short_circuit_decorator.py for tasks to queue
[2024-11-11T06:53:42.583+0000] {logging_mixin.py:190} INFO - [2024-11-11T06:53:42.583+0000] {dagbag.py:588} INFO - Filling up the DagBag from /home/airflow/.local/lib/python3.12/site-packages/airflow/example_dags/example_short_circuit_decorator.py
[2024-11-11T06:53:42.599+0000] {processor.py:925} INFO - DAG(s) 'example_short_circuit_decorator' retrieved from /home/airflow/.local/lib/python3.12/site-packages/airflow/example_dags/example_short_circuit_decorator.py
[2024-11-11T06:53:42.641+0000] {logging_mixin.py:190} INFO - [2024-11-11T06:53:42.641+0000] {dag.py:3239} INFO - Sync 1 DAGs
[2024-11-11T06:53:42.658+0000] {logging_mixin.py:190} INFO - [2024-11-11T06:53:42.658+0000] {dag.py:4180} INFO - Setting next_dagrun for example_short_circuit_decorator to None, run_after=None
[2024-11-11T06:53:42.688+0000] {processor.py:208} INFO - Processing /home/airflow/.local/lib/python3.12/site-packages/airflow/example_dags/example_short_circuit_decorator.py took 0.121 seconds
[2024-11-11T06:54:13.815+0000] {processor.py:186} INFO - Started process (PID=788) to work on /home/airflow/.local/lib/python3.12/site-packages/airflow/example_dags/example_short_circuit_decorator.py
[2024-11-11T06:54:13.817+0000] {processor.py:914} INFO - Processing file /home/airflow/.local/lib/python3.12/site-packages/airflow/example_dags/example_short_circuit_decorator.py for tasks to queue
[2024-11-11T06:54:13.821+0000] {logging_mixin.py:190} INFO - [2024-11-11T06:54:13.821+0000] {dagbag.py:588} INFO - Filling up the DagBag from /home/airflow/.local/lib/python3.12/site-packages/airflow/example_dags/example_short_circuit_decorator.py
[2024-11-11T06:54:13.840+0000] {processor.py:925} INFO - DAG(s) 'example_short_circuit_decorator' retrieved from /home/airflow/.local/lib/python3.12/site-packages/airflow/example_dags/example_short_circuit_decorator.py
[2024-11-11T06:54:13.898+0000] {logging_mixin.py:190} INFO - [2024-11-11T06:54:13.898+0000] {dag.py:3239} INFO - Sync 1 DAGs
[2024-11-11T06:54:13.926+0000] {logging_mixin.py:190} INFO - [2024-11-11T06:54:13.926+0000] {dag.py:4180} INFO - Setting next_dagrun for example_short_circuit_decorator to None, run_after=None
[2024-11-11T06:54:13.965+0000] {processor.py:208} INFO - Processing /home/airflow/.local/lib/python3.12/site-packages/airflow/example_dags/example_short_circuit_decorator.py took 0.158 seconds
[2024-11-11T06:54:44.695+0000] {processor.py:186} INFO - Started process (PID=851) to work on /home/airflow/.local/lib/python3.12/site-packages/airflow/example_dags/example_short_circuit_decorator.py
[2024-11-11T06:54:44.700+0000] {processor.py:914} INFO - Processing file /home/airflow/.local/lib/python3.12/site-packages/airflow/example_dags/example_short_circuit_decorator.py for tasks to queue
[2024-11-11T06:54:44.708+0000] {logging_mixin.py:190} INFO - [2024-11-11T06:54:44.707+0000] {dagbag.py:588} INFO - Filling up the DagBag from /home/airflow/.local/lib/python3.12/site-packages/airflow/example_dags/example_short_circuit_decorator.py
[2024-11-11T06:54:44.730+0000] {processor.py:925} INFO - DAG(s) 'example_short_circuit_decorator' retrieved from /home/airflow/.local/lib/python3.12/site-packages/airflow/example_dags/example_short_circuit_decorator.py
[2024-11-11T06:54:44.790+0000] {logging_mixin.py:190} INFO - [2024-11-11T06:54:44.789+0000] {dag.py:3239} INFO - Sync 1 DAGs
[2024-11-11T06:54:44.827+0000] {logging_mixin.py:190} INFO - [2024-11-11T06:54:44.827+0000] {dag.py:4180} INFO - Setting next_dagrun for example_short_circuit_decorator to None, run_after=None
[2024-11-11T06:54:44.876+0000] {processor.py:208} INFO - Processing /home/airflow/.local/lib/python3.12/site-packages/airflow/example_dags/example_short_circuit_decorator.py took 0.197 seconds
[2024-11-11T06:55:15.862+0000] {processor.py:186} INFO - Started process (PID=915) to work on /home/airflow/.local/lib/python3.12/site-packages/airflow/example_dags/example_short_circuit_decorator.py
[2024-11-11T06:55:15.865+0000] {processor.py:914} INFO - Processing file /home/airflow/.local/lib/python3.12/site-packages/airflow/example_dags/example_short_circuit_decorator.py for tasks to queue
[2024-11-11T06:55:15.869+0000] {logging_mixin.py:190} INFO - [2024-11-11T06:55:15.869+0000] {dagbag.py:588} INFO - Filling up the DagBag from /home/airflow/.local/lib/python3.12/site-packages/airflow/example_dags/example_short_circuit_decorator.py
[2024-11-11T06:55:15.882+0000] {processor.py:925} INFO - DAG(s) 'example_short_circuit_decorator' retrieved from /home/airflow/.local/lib/python3.12/site-packages/airflow/example_dags/example_short_circuit_decorator.py
[2024-11-11T06:55:15.918+0000] {logging_mixin.py:190} INFO - [2024-11-11T06:55:15.918+0000] {dag.py:3239} INFO - Sync 1 DAGs
[2024-11-11T06:55:15.934+0000] {logging_mixin.py:190} INFO - [2024-11-11T06:55:15.934+0000] {dag.py:4180} INFO - Setting next_dagrun for example_short_circuit_decorator to None, run_after=None
[2024-11-11T06:55:15.962+0000] {processor.py:208} INFO - Processing /home/airflow/.local/lib/python3.12/site-packages/airflow/example_dags/example_short_circuit_decorator.py took 0.112 seconds
[2024-11-11T06:55:46.277+0000] {processor.py:186} INFO - Started process (PID=979) to work on /home/airflow/.local/lib/python3.12/site-packages/airflow/example_dags/example_short_circuit_decorator.py
[2024-11-11T06:55:46.279+0000] {processor.py:914} INFO - Processing file /home/airflow/.local/lib/python3.12/site-packages/airflow/example_dags/example_short_circuit_decorator.py for tasks to queue
[2024-11-11T06:55:46.287+0000] {logging_mixin.py:190} INFO - [2024-11-11T06:55:46.286+0000] {dagbag.py:588} INFO - Filling up the DagBag from /home/airflow/.local/lib/python3.12/site-packages/airflow/example_dags/example_short_circuit_decorator.py
[2024-11-11T06:55:46.309+0000] {processor.py:925} INFO - DAG(s) 'example_short_circuit_decorator' retrieved from /home/airflow/.local/lib/python3.12/site-packages/airflow/example_dags/example_short_circuit_decorator.py
[2024-11-11T06:55:46.371+0000] {logging_mixin.py:190} INFO - [2024-11-11T06:55:46.370+0000] {dag.py:3239} INFO - Sync 1 DAGs
[2024-11-11T06:55:46.400+0000] {logging_mixin.py:190} INFO - [2024-11-11T06:55:46.400+0000] {dag.py:4180} INFO - Setting next_dagrun for example_short_circuit_decorator to None, run_after=None
[2024-11-11T06:55:46.469+0000] {processor.py:208} INFO - Processing /home/airflow/.local/lib/python3.12/site-packages/airflow/example_dags/example_short_circuit_decorator.py took 0.204 seconds
[2024-11-11T06:56:17.096+0000] {processor.py:186} INFO - Started process (PID=1043) to work on /home/airflow/.local/lib/python3.12/site-packages/airflow/example_dags/example_short_circuit_decorator.py
[2024-11-11T06:56:17.097+0000] {processor.py:914} INFO - Processing file /home/airflow/.local/lib/python3.12/site-packages/airflow/example_dags/example_short_circuit_decorator.py for tasks to queue
[2024-11-11T06:56:17.103+0000] {logging_mixin.py:190} INFO - [2024-11-11T06:56:17.102+0000] {dagbag.py:588} INFO - Filling up the DagBag from /home/airflow/.local/lib/python3.12/site-packages/airflow/example_dags/example_short_circuit_decorator.py
[2024-11-11T06:56:17.118+0000] {processor.py:925} INFO - DAG(s) 'example_short_circuit_decorator' retrieved from /home/airflow/.local/lib/python3.12/site-packages/airflow/example_dags/example_short_circuit_decorator.py
[2024-11-11T06:56:17.156+0000] {logging_mixin.py:190} INFO - [2024-11-11T06:56:17.156+0000] {dag.py:3239} INFO - Sync 1 DAGs
[2024-11-11T06:56:17.193+0000] {logging_mixin.py:190} INFO - [2024-11-11T06:56:17.191+0000] {dag.py:4180} INFO - Setting next_dagrun for example_short_circuit_decorator to None, run_after=None
[2024-11-11T06:56:17.229+0000] {processor.py:208} INFO - Processing /home/airflow/.local/lib/python3.12/site-packages/airflow/example_dags/example_short_circuit_decorator.py took 0.141 seconds
[2024-11-11T06:56:48.941+0000] {processor.py:186} INFO - Started process (PID=1107) to work on /home/airflow/.local/lib/python3.12/site-packages/airflow/example_dags/example_short_circuit_decorator.py
[2024-11-11T06:56:48.943+0000] {processor.py:914} INFO - Processing file /home/airflow/.local/lib/python3.12/site-packages/airflow/example_dags/example_short_circuit_decorator.py for tasks to queue
[2024-11-11T06:56:48.948+0000] {logging_mixin.py:190} INFO - [2024-11-11T06:56:48.947+0000] {dagbag.py:588} INFO - Filling up the DagBag from /home/airflow/.local/lib/python3.12/site-packages/airflow/example_dags/example_short_circuit_decorator.py
[2024-11-11T06:56:48.969+0000] {processor.py:925} INFO - DAG(s) 'example_short_circuit_decorator' retrieved from /home/airflow/.local/lib/python3.12/site-packages/airflow/example_dags/example_short_circuit_decorator.py
[2024-11-11T06:56:49.012+0000] {logging_mixin.py:190} INFO - [2024-11-11T06:56:49.012+0000] {dag.py:3239} INFO - Sync 1 DAGs
[2024-11-11T06:56:49.035+0000] {logging_mixin.py:190} INFO - [2024-11-11T06:56:49.034+0000] {dag.py:4180} INFO - Setting next_dagrun for example_short_circuit_decorator to None, run_after=None
[2024-11-11T06:56:49.073+0000] {processor.py:208} INFO - Processing /home/airflow/.local/lib/python3.12/site-packages/airflow/example_dags/example_short_circuit_decorator.py took 0.143 seconds
[2024-11-11T06:57:20.372+0000] {processor.py:186} INFO - Started process (PID=1171) to work on /home/airflow/.local/lib/python3.12/site-packages/airflow/example_dags/example_short_circuit_decorator.py
[2024-11-11T06:57:20.374+0000] {processor.py:914} INFO - Processing file /home/airflow/.local/lib/python3.12/site-packages/airflow/example_dags/example_short_circuit_decorator.py for tasks to queue
[2024-11-11T06:57:20.380+0000] {logging_mixin.py:190} INFO - [2024-11-11T06:57:20.379+0000] {dagbag.py:588} INFO - Filling up the DagBag from /home/airflow/.local/lib/python3.12/site-packages/airflow/example_dags/example_short_circuit_decorator.py
[2024-11-11T06:57:20.392+0000] {processor.py:925} INFO - DAG(s) 'example_short_circuit_decorator' retrieved from /home/airflow/.local/lib/python3.12/site-packages/airflow/example_dags/example_short_circuit_decorator.py
[2024-11-11T06:57:20.424+0000] {logging_mixin.py:190} INFO - [2024-11-11T06:57:20.424+0000] {dag.py:3239} INFO - Sync 1 DAGs
[2024-11-11T06:57:20.442+0000] {logging_mixin.py:190} INFO - [2024-11-11T06:57:20.442+0000] {dag.py:4180} INFO - Setting next_dagrun for example_short_circuit_decorator to None, run_after=None
[2024-11-11T06:57:20.474+0000] {processor.py:208} INFO - Processing /home/airflow/.local/lib/python3.12/site-packages/airflow/example_dags/example_short_circuit_decorator.py took 0.109 seconds
[2024-11-11T06:57:51.130+0000] {processor.py:186} INFO - Started process (PID=1234) to work on /home/airflow/.local/lib/python3.12/site-packages/airflow/example_dags/example_short_circuit_decorator.py
[2024-11-11T06:57:51.132+0000] {processor.py:914} INFO - Processing file /home/airflow/.local/lib/python3.12/site-packages/airflow/example_dags/example_short_circuit_decorator.py for tasks to queue
[2024-11-11T06:57:51.138+0000] {logging_mixin.py:190} INFO - [2024-11-11T06:57:51.137+0000] {dagbag.py:588} INFO - Filling up the DagBag from /home/airflow/.local/lib/python3.12/site-packages/airflow/example_dags/example_short_circuit_decorator.py
[2024-11-11T06:57:51.155+0000] {processor.py:925} INFO - DAG(s) 'example_short_circuit_decorator' retrieved from /home/airflow/.local/lib/python3.12/site-packages/airflow/example_dags/example_short_circuit_decorator.py
[2024-11-11T06:57:51.197+0000] {logging_mixin.py:190} INFO - [2024-11-11T06:57:51.197+0000] {dag.py:3239} INFO - Sync 1 DAGs
[2024-11-11T06:57:51.222+0000] {logging_mixin.py:190} INFO - [2024-11-11T06:57:51.222+0000] {dag.py:4180} INFO - Setting next_dagrun for example_short_circuit_decorator to None, run_after=None
[2024-11-11T06:57:51.256+0000] {processor.py:208} INFO - Processing /home/airflow/.local/lib/python3.12/site-packages/airflow/example_dags/example_short_circuit_decorator.py took 0.135 seconds
[2024-11-11T06:58:21.573+0000] {processor.py:186} INFO - Started process (PID=1297) to work on /home/airflow/.local/lib/python3.12/site-packages/airflow/example_dags/example_short_circuit_decorator.py
[2024-11-11T06:58:21.575+0000] {processor.py:914} INFO - Processing file /home/airflow/.local/lib/python3.12/site-packages/airflow/example_dags/example_short_circuit_decorator.py for tasks to queue
[2024-11-11T06:58:21.581+0000] {logging_mixin.py:190} INFO - [2024-11-11T06:58:21.580+0000] {dagbag.py:588} INFO - Filling up the DagBag from /home/airflow/.local/lib/python3.12/site-packages/airflow/example_dags/example_short_circuit_decorator.py
[2024-11-11T06:58:21.596+0000] {processor.py:925} INFO - DAG(s) 'example_short_circuit_decorator' retrieved from /home/airflow/.local/lib/python3.12/site-packages/airflow/example_dags/example_short_circuit_decorator.py
[2024-11-11T06:58:21.655+0000] {logging_mixin.py:190} INFO - [2024-11-11T06:58:21.654+0000] {dag.py:3239} INFO - Sync 1 DAGs
[2024-11-11T06:58:21.679+0000] {logging_mixin.py:190} INFO - [2024-11-11T06:58:21.678+0000] {dag.py:4180} INFO - Setting next_dagrun for example_short_circuit_decorator to None, run_after=None
[2024-11-11T06:58:21.724+0000] {processor.py:208} INFO - Processing /home/airflow/.local/lib/python3.12/site-packages/airflow/example_dags/example_short_circuit_decorator.py took 0.161 seconds
[2024-11-11T06:58:52.260+0000] {processor.py:186} INFO - Started process (PID=1361) to work on /home/airflow/.local/lib/python3.12/site-packages/airflow/example_dags/example_short_circuit_decorator.py
[2024-11-11T06:58:52.262+0000] {processor.py:914} INFO - Processing file /home/airflow/.local/lib/python3.12/site-packages/airflow/example_dags/example_short_circuit_decorator.py for tasks to queue
[2024-11-11T06:58:52.270+0000] {logging_mixin.py:190} INFO - [2024-11-11T06:58:52.268+0000] {dagbag.py:588} INFO - Filling up the DagBag from /home/airflow/.local/lib/python3.12/site-packages/airflow/example_dags/example_short_circuit_decorator.py
[2024-11-11T06:58:52.290+0000] {processor.py:925} INFO - DAG(s) 'example_short_circuit_decorator' retrieved from /home/airflow/.local/lib/python3.12/site-packages/airflow/example_dags/example_short_circuit_decorator.py
[2024-11-11T06:58:52.345+0000] {logging_mixin.py:190} INFO - [2024-11-11T06:58:52.344+0000] {dag.py:3239} INFO - Sync 1 DAGs
[2024-11-11T06:58:52.386+0000] {logging_mixin.py:190} INFO - [2024-11-11T06:58:52.385+0000] {dag.py:4180} INFO - Setting next_dagrun for example_short_circuit_decorator to None, run_after=None
[2024-11-11T06:58:52.462+0000] {processor.py:208} INFO - Processing /home/airflow/.local/lib/python3.12/site-packages/airflow/example_dags/example_short_circuit_decorator.py took 0.215 seconds
[2024-11-11T06:59:23.507+0000] {processor.py:186} INFO - Started process (PID=1431) to work on /home/airflow/.local/lib/python3.12/site-packages/airflow/example_dags/example_short_circuit_decorator.py
[2024-11-11T06:59:23.508+0000] {processor.py:914} INFO - Processing file /home/airflow/.local/lib/python3.12/site-packages/airflow/example_dags/example_short_circuit_decorator.py for tasks to queue
[2024-11-11T06:59:23.512+0000] {logging_mixin.py:190} INFO - [2024-11-11T06:59:23.511+0000] {dagbag.py:588} INFO - Filling up the DagBag from /home/airflow/.local/lib/python3.12/site-packages/airflow/example_dags/example_short_circuit_decorator.py
[2024-11-11T06:59:23.526+0000] {processor.py:925} INFO - DAG(s) 'example_short_circuit_decorator' retrieved from /home/airflow/.local/lib/python3.12/site-packages/airflow/example_dags/example_short_circuit_decorator.py
[2024-11-11T06:59:23.558+0000] {logging_mixin.py:190} INFO - [2024-11-11T06:59:23.558+0000] {dag.py:3239} INFO - Sync 1 DAGs
[2024-11-11T06:59:23.577+0000] {logging_mixin.py:190} INFO - [2024-11-11T06:59:23.576+0000] {dag.py:4180} INFO - Setting next_dagrun for example_short_circuit_decorator to None, run_after=None
[2024-11-11T06:59:23.613+0000] {processor.py:208} INFO - Processing /home/airflow/.local/lib/python3.12/site-packages/airflow/example_dags/example_short_circuit_decorator.py took 0.115 seconds
[2024-11-11T06:59:54.648+0000] {processor.py:186} INFO - Started process (PID=1495) to work on /home/airflow/.local/lib/python3.12/site-packages/airflow/example_dags/example_short_circuit_decorator.py
[2024-11-11T06:59:54.651+0000] {processor.py:914} INFO - Processing file /home/airflow/.local/lib/python3.12/site-packages/airflow/example_dags/example_short_circuit_decorator.py for tasks to queue
[2024-11-11T06:59:54.661+0000] {logging_mixin.py:190} INFO - [2024-11-11T06:59:54.660+0000] {dagbag.py:588} INFO - Filling up the DagBag from /home/airflow/.local/lib/python3.12/site-packages/airflow/example_dags/example_short_circuit_decorator.py
[2024-11-11T06:59:54.691+0000] {processor.py:925} INFO - DAG(s) 'example_short_circuit_decorator' retrieved from /home/airflow/.local/lib/python3.12/site-packages/airflow/example_dags/example_short_circuit_decorator.py
[2024-11-11T06:59:54.756+0000] {logging_mixin.py:190} INFO - [2024-11-11T06:59:54.756+0000] {dag.py:3239} INFO - Sync 1 DAGs
[2024-11-11T06:59:54.787+0000] {logging_mixin.py:190} INFO - [2024-11-11T06:59:54.787+0000] {dag.py:4180} INFO - Setting next_dagrun for example_short_circuit_decorator to None, run_after=None
[2024-11-11T06:59:54.837+0000] {processor.py:208} INFO - Processing /home/airflow/.local/lib/python3.12/site-packages/airflow/example_dags/example_short_circuit_decorator.py took 0.203 seconds
[2024-11-11T07:00:25.572+0000] {processor.py:186} INFO - Started process (PID=1559) to work on /home/airflow/.local/lib/python3.12/site-packages/airflow/example_dags/example_short_circuit_decorator.py
[2024-11-11T07:00:25.574+0000] {processor.py:914} INFO - Processing file /home/airflow/.local/lib/python3.12/site-packages/airflow/example_dags/example_short_circuit_decorator.py for tasks to queue
[2024-11-11T07:00:25.580+0000] {logging_mixin.py:190} INFO - [2024-11-11T07:00:25.579+0000] {dagbag.py:588} INFO - Filling up the DagBag from /home/airflow/.local/lib/python3.12/site-packages/airflow/example_dags/example_short_circuit_decorator.py
[2024-11-11T07:00:25.602+0000] {processor.py:925} INFO - DAG(s) 'example_short_circuit_decorator' retrieved from /home/airflow/.local/lib/python3.12/site-packages/airflow/example_dags/example_short_circuit_decorator.py
[2024-11-11T07:00:25.646+0000] {logging_mixin.py:190} INFO - [2024-11-11T07:00:25.645+0000] {dag.py:3239} INFO - Sync 1 DAGs
[2024-11-11T07:00:25.675+0000] {logging_mixin.py:190} INFO - [2024-11-11T07:00:25.675+0000] {dag.py:4180} INFO - Setting next_dagrun for example_short_circuit_decorator to None, run_after=None
[2024-11-11T07:00:25.711+0000] {processor.py:208} INFO - Processing /home/airflow/.local/lib/python3.12/site-packages/airflow/example_dags/example_short_circuit_decorator.py took 0.147 seconds
[2024-11-11T07:00:56.031+0000] {processor.py:186} INFO - Started process (PID=1623) to work on /home/airflow/.local/lib/python3.12/site-packages/airflow/example_dags/example_short_circuit_decorator.py
[2024-11-11T07:00:56.032+0000] {processor.py:914} INFO - Processing file /home/airflow/.local/lib/python3.12/site-packages/airflow/example_dags/example_short_circuit_decorator.py for tasks to queue
[2024-11-11T07:00:56.037+0000] {logging_mixin.py:190} INFO - [2024-11-11T07:00:56.037+0000] {dagbag.py:588} INFO - Filling up the DagBag from /home/airflow/.local/lib/python3.12/site-packages/airflow/example_dags/example_short_circuit_decorator.py
[2024-11-11T07:00:56.056+0000] {processor.py:925} INFO - DAG(s) 'example_short_circuit_decorator' retrieved from /home/airflow/.local/lib/python3.12/site-packages/airflow/example_dags/example_short_circuit_decorator.py
[2024-11-11T07:00:56.092+0000] {logging_mixin.py:190} INFO - [2024-11-11T07:00:56.091+0000] {dag.py:3239} INFO - Sync 1 DAGs
[2024-11-11T07:00:56.111+0000] {logging_mixin.py:190} INFO - [2024-11-11T07:00:56.110+0000] {dag.py:4180} INFO - Setting next_dagrun for example_short_circuit_decorator to None, run_after=None
[2024-11-11T07:00:56.141+0000] {processor.py:208} INFO - Processing /home/airflow/.local/lib/python3.12/site-packages/airflow/example_dags/example_short_circuit_decorator.py took 0.118 seconds
[2024-11-11T07:01:26.574+0000] {processor.py:186} INFO - Started process (PID=1687) to work on /home/airflow/.local/lib/python3.12/site-packages/airflow/example_dags/example_short_circuit_decorator.py
[2024-11-11T07:01:26.576+0000] {processor.py:914} INFO - Processing file /home/airflow/.local/lib/python3.12/site-packages/airflow/example_dags/example_short_circuit_decorator.py for tasks to queue
[2024-11-11T07:01:26.580+0000] {logging_mixin.py:190} INFO - [2024-11-11T07:01:26.580+0000] {dagbag.py:588} INFO - Filling up the DagBag from /home/airflow/.local/lib/python3.12/site-packages/airflow/example_dags/example_short_circuit_decorator.py
[2024-11-11T07:01:26.597+0000] {processor.py:925} INFO - DAG(s) 'example_short_circuit_decorator' retrieved from /home/airflow/.local/lib/python3.12/site-packages/airflow/example_dags/example_short_circuit_decorator.py
[2024-11-11T07:01:26.628+0000] {logging_mixin.py:190} INFO - [2024-11-11T07:01:26.628+0000] {dag.py:3239} INFO - Sync 1 DAGs
[2024-11-11T07:01:26.647+0000] {logging_mixin.py:190} INFO - [2024-11-11T07:01:26.646+0000] {dag.py:4180} INFO - Setting next_dagrun for example_short_circuit_decorator to None, run_after=None
[2024-11-11T07:01:26.683+0000] {processor.py:208} INFO - Processing /home/airflow/.local/lib/python3.12/site-packages/airflow/example_dags/example_short_circuit_decorator.py took 0.120 seconds
[2024-11-11T07:01:56.835+0000] {processor.py:186} INFO - Started process (PID=1751) to work on /home/airflow/.local/lib/python3.12/site-packages/airflow/example_dags/example_short_circuit_decorator.py
[2024-11-11T07:01:56.836+0000] {processor.py:914} INFO - Processing file /home/airflow/.local/lib/python3.12/site-packages/airflow/example_dags/example_short_circuit_decorator.py for tasks to queue
[2024-11-11T07:01:56.842+0000] {logging_mixin.py:190} INFO - [2024-11-11T07:01:56.841+0000] {dagbag.py:588} INFO - Filling up the DagBag from /home/airflow/.local/lib/python3.12/site-packages/airflow/example_dags/example_short_circuit_decorator.py
[2024-11-11T07:01:56.860+0000] {processor.py:925} INFO - DAG(s) 'example_short_circuit_decorator' retrieved from /home/airflow/.local/lib/python3.12/site-packages/airflow/example_dags/example_short_circuit_decorator.py
[2024-11-11T07:01:56.905+0000] {logging_mixin.py:190} INFO - [2024-11-11T07:01:56.905+0000] {dag.py:3239} INFO - Sync 1 DAGs
[2024-11-11T07:01:56.928+0000] {logging_mixin.py:190} INFO - [2024-11-11T07:01:56.928+0000] {dag.py:4180} INFO - Setting next_dagrun for example_short_circuit_decorator to None, run_after=None
[2024-11-11T07:01:56.966+0000] {processor.py:208} INFO - Processing /home/airflow/.local/lib/python3.12/site-packages/airflow/example_dags/example_short_circuit_decorator.py took 0.139 seconds
[2024-11-11T07:02:27.475+0000] {processor.py:186} INFO - Started process (PID=1815) to work on /home/airflow/.local/lib/python3.12/site-packages/airflow/example_dags/example_short_circuit_decorator.py
[2024-11-11T07:02:27.477+0000] {processor.py:914} INFO - Processing file /home/airflow/.local/lib/python3.12/site-packages/airflow/example_dags/example_short_circuit_decorator.py for tasks to queue
[2024-11-11T07:02:27.481+0000] {logging_mixin.py:190} INFO - [2024-11-11T07:02:27.481+0000] {dagbag.py:588} INFO - Filling up the DagBag from /home/airflow/.local/lib/python3.12/site-packages/airflow/example_dags/example_short_circuit_decorator.py
[2024-11-11T07:02:27.495+0000] {processor.py:925} INFO - DAG(s) 'example_short_circuit_decorator' retrieved from /home/airflow/.local/lib/python3.12/site-packages/airflow/example_dags/example_short_circuit_decorator.py
[2024-11-11T07:02:27.526+0000] {logging_mixin.py:190} INFO - [2024-11-11T07:02:27.525+0000] {dag.py:3239} INFO - Sync 1 DAGs
[2024-11-11T07:02:27.545+0000] {logging_mixin.py:190} INFO - [2024-11-11T07:02:27.545+0000] {dag.py:4180} INFO - Setting next_dagrun for example_short_circuit_decorator to None, run_after=None
[2024-11-11T07:02:27.570+0000] {processor.py:208} INFO - Processing /home/airflow/.local/lib/python3.12/site-packages/airflow/example_dags/example_short_circuit_decorator.py took 0.104 seconds
[2024-11-11T07:02:57.894+0000] {processor.py:186} INFO - Started process (PID=1879) to work on /home/airflow/.local/lib/python3.12/site-packages/airflow/example_dags/example_short_circuit_decorator.py
[2024-11-11T07:02:57.895+0000] {processor.py:914} INFO - Processing file /home/airflow/.local/lib/python3.12/site-packages/airflow/example_dags/example_short_circuit_decorator.py for tasks to queue
[2024-11-11T07:02:57.900+0000] {logging_mixin.py:190} INFO - [2024-11-11T07:02:57.899+0000] {dagbag.py:588} INFO - Filling up the DagBag from /home/airflow/.local/lib/python3.12/site-packages/airflow/example_dags/example_short_circuit_decorator.py
[2024-11-11T07:02:57.911+0000] {processor.py:925} INFO - DAG(s) 'example_short_circuit_decorator' retrieved from /home/airflow/.local/lib/python3.12/site-packages/airflow/example_dags/example_short_circuit_decorator.py
[2024-11-11T07:02:57.939+0000] {logging_mixin.py:190} INFO - [2024-11-11T07:02:57.939+0000] {dag.py:3239} INFO - Sync 1 DAGs
[2024-11-11T07:02:57.956+0000] {logging_mixin.py:190} INFO - [2024-11-11T07:02:57.956+0000] {dag.py:4180} INFO - Setting next_dagrun for example_short_circuit_decorator to None, run_after=None
[2024-11-11T07:02:57.978+0000] {processor.py:208} INFO - Processing /home/airflow/.local/lib/python3.12/site-packages/airflow/example_dags/example_short_circuit_decorator.py took 0.091 seconds
