[2024-11-11T06:48:25.709+0000] {processor.py:186} INFO - Started process (PID=64) to work on /home/airflow/.local/lib/python3.12/site-packages/airflow/example_dags/example_branch_operator.py
[2024-11-11T06:48:25.710+0000] {processor.py:914} INFO - Processing file /home/airflow/.local/lib/python3.12/site-packages/airflow/example_dags/example_branch_operator.py for tasks to queue
[2024-11-11T06:48:25.715+0000] {logging_mixin.py:190} INFO - [2024-11-11T06:48:25.714+0000] {dagbag.py:588} INFO - Filling up the DagBag from /home/airflow/.local/lib/python3.12/site-packages/airflow/example_dags/example_branch_operator.py
[2024-11-11T06:48:25.747+0000] {processor.py:925} INFO - DAG(s) 'example_branch_operator' retrieved from /home/airflow/.local/lib/python3.12/site-packages/airflow/example_dags/example_branch_operator.py
[2024-11-11T06:48:25.901+0000] {logging_mixin.py:190} INFO - [2024-11-11T06:48:25.899+0000] {override.py:1911} INFO - Created Permission View: can read on DAG:example_branch_operator
[2024-11-11T06:48:25.921+0000] {logging_mixin.py:190} INFO - [2024-11-11T06:48:25.921+0000] {override.py:1911} INFO - Created Permission View: can delete on DAG:example_branch_operator
[2024-11-11T06:48:25.941+0000] {logging_mixin.py:190} INFO - [2024-11-11T06:48:25.941+0000] {override.py:1911} INFO - Created Permission View: can edit on DAG:example_branch_operator
[2024-11-11T06:48:25.959+0000] {logging_mixin.py:190} INFO - [2024-11-11T06:48:25.958+0000] {override.py:1911} INFO - Created Permission View: menu access on DAG Run:example_branch_operator
[2024-11-11T06:48:25.974+0000] {logging_mixin.py:190} INFO - [2024-11-11T06:48:25.974+0000] {override.py:1911} INFO - Created Permission View: can read on DAG Run:example_branch_operator
[2024-11-11T06:48:25.992+0000] {logging_mixin.py:190} INFO - [2024-11-11T06:48:25.991+0000] {override.py:1911} INFO - Created Permission View: can delete on DAG Run:example_branch_operator
[2024-11-11T06:48:26.005+0000] {logging_mixin.py:190} INFO - [2024-11-11T06:48:26.005+0000] {override.py:1911} INFO - Created Permission View: can create on DAG Run:example_branch_operator
[2024-11-11T06:48:26.006+0000] {logging_mixin.py:190} INFO - [2024-11-11T06:48:26.006+0000] {dag.py:3239} INFO - Sync 1 DAGs
[2024-11-11T06:48:26.027+0000] {logging_mixin.py:190} INFO - [2024-11-11T06:48:26.027+0000] {dag.py:3262} INFO - Creating ORM DAG for example_branch_operator
[2024-11-11T06:48:26.044+0000] {logging_mixin.py:190} INFO - [2024-11-11T06:48:26.043+0000] {dag.py:4180} INFO - Setting next_dagrun for example_branch_operator to 2024-11-10 00:00:00+00:00, run_after=2024-11-11 00:00:00+00:00
[2024-11-11T06:48:26.076+0000] {processor.py:208} INFO - Processing /home/airflow/.local/lib/python3.12/site-packages/airflow/example_dags/example_branch_operator.py took 0.376 seconds
[2024-11-11T06:48:57.825+0000] {processor.py:186} INFO - Started process (PID=128) to work on /home/airflow/.local/lib/python3.12/site-packages/airflow/example_dags/example_branch_operator.py
[2024-11-11T06:48:57.828+0000] {processor.py:914} INFO - Processing file /home/airflow/.local/lib/python3.12/site-packages/airflow/example_dags/example_branch_operator.py for tasks to queue
[2024-11-11T06:48:57.837+0000] {logging_mixin.py:190} INFO - [2024-11-11T06:48:57.836+0000] {dagbag.py:588} INFO - Filling up the DagBag from /home/airflow/.local/lib/python3.12/site-packages/airflow/example_dags/example_branch_operator.py
[2024-11-11T06:48:57.893+0000] {processor.py:925} INFO - DAG(s) 'example_branch_operator' retrieved from /home/airflow/.local/lib/python3.12/site-packages/airflow/example_dags/example_branch_operator.py
[2024-11-11T06:48:57.983+0000] {logging_mixin.py:190} INFO - [2024-11-11T06:48:57.982+0000] {dag.py:3239} INFO - Sync 1 DAGs
[2024-11-11T06:48:58.058+0000] {logging_mixin.py:190} INFO - [2024-11-11T06:48:58.057+0000] {dag.py:4180} INFO - Setting next_dagrun for example_branch_operator to 2024-11-10 00:00:00+00:00, run_after=2024-11-11 00:00:00+00:00
[2024-11-11T06:48:58.245+0000] {processor.py:208} INFO - Processing /home/airflow/.local/lib/python3.12/site-packages/airflow/example_dags/example_branch_operator.py took 0.434 seconds
[2024-11-11T06:49:28.975+0000] {processor.py:186} INFO - Started process (PID=192) to work on /home/airflow/.local/lib/python3.12/site-packages/airflow/example_dags/example_branch_operator.py
[2024-11-11T06:49:28.976+0000] {processor.py:914} INFO - Processing file /home/airflow/.local/lib/python3.12/site-packages/airflow/example_dags/example_branch_operator.py for tasks to queue
[2024-11-11T06:49:28.980+0000] {logging_mixin.py:190} INFO - [2024-11-11T06:49:28.980+0000] {dagbag.py:588} INFO - Filling up the DagBag from /home/airflow/.local/lib/python3.12/site-packages/airflow/example_dags/example_branch_operator.py
[2024-11-11T06:49:29.010+0000] {processor.py:925} INFO - DAG(s) 'example_branch_operator' retrieved from /home/airflow/.local/lib/python3.12/site-packages/airflow/example_dags/example_branch_operator.py
[2024-11-11T06:49:29.071+0000] {logging_mixin.py:190} INFO - [2024-11-11T06:49:29.071+0000] {dag.py:3239} INFO - Sync 1 DAGs
[2024-11-11T06:49:29.117+0000] {logging_mixin.py:190} INFO - [2024-11-11T06:49:29.116+0000] {dag.py:4180} INFO - Setting next_dagrun for example_branch_operator to 2024-11-10 00:00:00+00:00, run_after=2024-11-11 00:00:00+00:00
[2024-11-11T06:49:29.152+0000] {processor.py:208} INFO - Processing /home/airflow/.local/lib/python3.12/site-packages/airflow/example_dags/example_branch_operator.py took 0.186 seconds
[2024-11-11T06:49:59.288+0000] {processor.py:186} INFO - Started process (PID=255) to work on /home/airflow/.local/lib/python3.12/site-packages/airflow/example_dags/example_branch_operator.py
[2024-11-11T06:49:59.290+0000] {processor.py:914} INFO - Processing file /home/airflow/.local/lib/python3.12/site-packages/airflow/example_dags/example_branch_operator.py for tasks to queue
[2024-11-11T06:49:59.297+0000] {logging_mixin.py:190} INFO - [2024-11-11T06:49:59.296+0000] {dagbag.py:588} INFO - Filling up the DagBag from /home/airflow/.local/lib/python3.12/site-packages/airflow/example_dags/example_branch_operator.py
[2024-11-11T06:49:59.341+0000] {processor.py:925} INFO - DAG(s) 'example_branch_operator' retrieved from /home/airflow/.local/lib/python3.12/site-packages/airflow/example_dags/example_branch_operator.py
[2024-11-11T06:49:59.412+0000] {logging_mixin.py:190} INFO - [2024-11-11T06:49:59.412+0000] {dag.py:3239} INFO - Sync 1 DAGs
[2024-11-11T06:49:59.486+0000] {logging_mixin.py:190} INFO - [2024-11-11T06:49:59.485+0000] {dag.py:4180} INFO - Setting next_dagrun for example_branch_operator to 2024-11-10 00:00:00+00:00, run_after=2024-11-11 00:00:00+00:00
[2024-11-11T06:49:59.583+0000] {processor.py:208} INFO - Processing /home/airflow/.local/lib/python3.12/site-packages/airflow/example_dags/example_branch_operator.py took 0.307 seconds
[2024-11-11T06:50:29.765+0000] {processor.py:186} INFO - Started process (PID=319) to work on /home/airflow/.local/lib/python3.12/site-packages/airflow/example_dags/example_branch_operator.py
[2024-11-11T06:50:29.766+0000] {processor.py:914} INFO - Processing file /home/airflow/.local/lib/python3.12/site-packages/airflow/example_dags/example_branch_operator.py for tasks to queue
[2024-11-11T06:50:29.772+0000] {logging_mixin.py:190} INFO - [2024-11-11T06:50:29.772+0000] {dagbag.py:588} INFO - Filling up the DagBag from /home/airflow/.local/lib/python3.12/site-packages/airflow/example_dags/example_branch_operator.py
[2024-11-11T06:50:29.809+0000] {processor.py:925} INFO - DAG(s) 'example_branch_operator' retrieved from /home/airflow/.local/lib/python3.12/site-packages/airflow/example_dags/example_branch_operator.py
[2024-11-11T06:50:29.876+0000] {logging_mixin.py:190} INFO - [2024-11-11T06:50:29.875+0000] {dag.py:3239} INFO - Sync 1 DAGs
[2024-11-11T06:50:29.924+0000] {logging_mixin.py:190} INFO - [2024-11-11T06:50:29.923+0000] {dag.py:4180} INFO - Setting next_dagrun for example_branch_operator to 2024-11-10 00:00:00+00:00, run_after=2024-11-11 00:00:00+00:00
[2024-11-11T06:50:29.962+0000] {processor.py:208} INFO - Processing /home/airflow/.local/lib/python3.12/site-packages/airflow/example_dags/example_branch_operator.py took 0.205 seconds
[2024-11-11T06:51:00.984+0000] {processor.py:186} INFO - Started process (PID=383) to work on /home/airflow/.local/lib/python3.12/site-packages/airflow/example_dags/example_branch_operator.py
[2024-11-11T06:51:00.987+0000] {processor.py:914} INFO - Processing file /home/airflow/.local/lib/python3.12/site-packages/airflow/example_dags/example_branch_operator.py for tasks to queue
[2024-11-11T06:51:00.991+0000] {logging_mixin.py:190} INFO - [2024-11-11T06:51:00.990+0000] {dagbag.py:588} INFO - Filling up the DagBag from /home/airflow/.local/lib/python3.12/site-packages/airflow/example_dags/example_branch_operator.py
[2024-11-11T06:51:01.026+0000] {processor.py:925} INFO - DAG(s) 'example_branch_operator' retrieved from /home/airflow/.local/lib/python3.12/site-packages/airflow/example_dags/example_branch_operator.py
[2024-11-11T06:51:01.084+0000] {logging_mixin.py:190} INFO - [2024-11-11T06:51:01.083+0000] {dag.py:3239} INFO - Sync 1 DAGs
[2024-11-11T06:51:01.128+0000] {logging_mixin.py:190} INFO - [2024-11-11T06:51:01.128+0000] {dag.py:4180} INFO - Setting next_dagrun for example_branch_operator to 2024-11-10 00:00:00+00:00, run_after=2024-11-11 00:00:00+00:00
[2024-11-11T06:51:01.161+0000] {processor.py:208} INFO - Processing /home/airflow/.local/lib/python3.12/site-packages/airflow/example_dags/example_branch_operator.py took 0.185 seconds
[2024-11-11T06:51:31.809+0000] {processor.py:186} INFO - Started process (PID=446) to work on /home/airflow/.local/lib/python3.12/site-packages/airflow/example_dags/example_branch_operator.py
[2024-11-11T06:51:31.811+0000] {processor.py:914} INFO - Processing file /home/airflow/.local/lib/python3.12/site-packages/airflow/example_dags/example_branch_operator.py for tasks to queue
[2024-11-11T06:51:31.817+0000] {logging_mixin.py:190} INFO - [2024-11-11T06:51:31.816+0000] {dagbag.py:588} INFO - Filling up the DagBag from /home/airflow/.local/lib/python3.12/site-packages/airflow/example_dags/example_branch_operator.py
[2024-11-11T06:51:31.846+0000] {processor.py:925} INFO - DAG(s) 'example_branch_operator' retrieved from /home/airflow/.local/lib/python3.12/site-packages/airflow/example_dags/example_branch_operator.py
[2024-11-11T06:51:31.905+0000] {logging_mixin.py:190} INFO - [2024-11-11T06:51:31.904+0000] {dag.py:3239} INFO - Sync 1 DAGs
[2024-11-11T06:51:31.946+0000] {logging_mixin.py:190} INFO - [2024-11-11T06:51:31.945+0000] {dag.py:4180} INFO - Setting next_dagrun for example_branch_operator to 2024-11-10 00:00:00+00:00, run_after=2024-11-11 00:00:00+00:00
[2024-11-11T06:51:31.985+0000] {processor.py:208} INFO - Processing /home/airflow/.local/lib/python3.12/site-packages/airflow/example_dags/example_branch_operator.py took 0.185 seconds
[2024-11-11T06:52:02.068+0000] {processor.py:186} INFO - Started process (PID=509) to work on /home/airflow/.local/lib/python3.12/site-packages/airflow/example_dags/example_branch_operator.py
[2024-11-11T06:52:02.071+0000] {processor.py:914} INFO - Processing file /home/airflow/.local/lib/python3.12/site-packages/airflow/example_dags/example_branch_operator.py for tasks to queue
[2024-11-11T06:52:02.076+0000] {logging_mixin.py:190} INFO - [2024-11-11T06:52:02.075+0000] {dagbag.py:588} INFO - Filling up the DagBag from /home/airflow/.local/lib/python3.12/site-packages/airflow/example_dags/example_branch_operator.py
[2024-11-11T06:52:02.109+0000] {processor.py:925} INFO - DAG(s) 'example_branch_operator' retrieved from /home/airflow/.local/lib/python3.12/site-packages/airflow/example_dags/example_branch_operator.py
[2024-11-11T06:52:02.157+0000] {logging_mixin.py:190} INFO - [2024-11-11T06:52:02.157+0000] {dag.py:3239} INFO - Sync 1 DAGs
[2024-11-11T06:52:02.200+0000] {logging_mixin.py:190} INFO - [2024-11-11T06:52:02.199+0000] {dag.py:4180} INFO - Setting next_dagrun for example_branch_operator to 2024-11-10 00:00:00+00:00, run_after=2024-11-11 00:00:00+00:00
[2024-11-11T06:52:02.235+0000] {processor.py:208} INFO - Processing /home/airflow/.local/lib/python3.12/site-packages/airflow/example_dags/example_branch_operator.py took 0.180 seconds
[2024-11-11T06:52:32.727+0000] {processor.py:186} INFO - Started process (PID=572) to work on /home/airflow/.local/lib/python3.12/site-packages/airflow/example_dags/example_branch_operator.py
[2024-11-11T06:52:32.729+0000] {processor.py:914} INFO - Processing file /home/airflow/.local/lib/python3.12/site-packages/airflow/example_dags/example_branch_operator.py for tasks to queue
[2024-11-11T06:52:32.736+0000] {logging_mixin.py:190} INFO - [2024-11-11T06:52:32.734+0000] {dagbag.py:588} INFO - Filling up the DagBag from /home/airflow/.local/lib/python3.12/site-packages/airflow/example_dags/example_branch_operator.py
[2024-11-11T06:52:32.779+0000] {processor.py:925} INFO - DAG(s) 'example_branch_operator' retrieved from /home/airflow/.local/lib/python3.12/site-packages/airflow/example_dags/example_branch_operator.py
[2024-11-11T06:52:32.842+0000] {logging_mixin.py:190} INFO - [2024-11-11T06:52:32.842+0000] {dag.py:3239} INFO - Sync 1 DAGs
[2024-11-11T06:52:32.888+0000] {logging_mixin.py:190} INFO - [2024-11-11T06:52:32.887+0000] {dag.py:4180} INFO - Setting next_dagrun for example_branch_operator to 2024-11-10 00:00:00+00:00, run_after=2024-11-11 00:00:00+00:00
[2024-11-11T06:52:32.918+0000] {processor.py:208} INFO - Processing /home/airflow/.local/lib/python3.12/site-packages/airflow/example_dags/example_branch_operator.py took 0.205 seconds
[2024-11-11T06:53:02.980+0000] {processor.py:186} INFO - Started process (PID=636) to work on /home/airflow/.local/lib/python3.12/site-packages/airflow/example_dags/example_branch_operator.py
[2024-11-11T06:53:02.982+0000] {processor.py:914} INFO - Processing file /home/airflow/.local/lib/python3.12/site-packages/airflow/example_dags/example_branch_operator.py for tasks to queue
[2024-11-11T06:53:02.986+0000] {logging_mixin.py:190} INFO - [2024-11-11T06:53:02.986+0000] {dagbag.py:588} INFO - Filling up the DagBag from /home/airflow/.local/lib/python3.12/site-packages/airflow/example_dags/example_branch_operator.py
[2024-11-11T06:53:03.007+0000] {processor.py:925} INFO - DAG(s) 'example_branch_operator' retrieved from /home/airflow/.local/lib/python3.12/site-packages/airflow/example_dags/example_branch_operator.py
[2024-11-11T06:53:03.046+0000] {logging_mixin.py:190} INFO - [2024-11-11T06:53:03.045+0000] {dag.py:3239} INFO - Sync 1 DAGs
[2024-11-11T06:53:03.081+0000] {logging_mixin.py:190} INFO - [2024-11-11T06:53:03.081+0000] {dag.py:4180} INFO - Setting next_dagrun for example_branch_operator to 2024-11-10 00:00:00+00:00, run_after=2024-11-11 00:00:00+00:00
[2024-11-11T06:53:03.110+0000] {processor.py:208} INFO - Processing /home/airflow/.local/lib/python3.12/site-packages/airflow/example_dags/example_branch_operator.py took 0.137 seconds
[2024-11-11T06:53:34.096+0000] {processor.py:186} INFO - Started process (PID=699) to work on /home/airflow/.local/lib/python3.12/site-packages/airflow/example_dags/example_branch_operator.py
[2024-11-11T06:53:34.097+0000] {processor.py:914} INFO - Processing file /home/airflow/.local/lib/python3.12/site-packages/airflow/example_dags/example_branch_operator.py for tasks to queue
[2024-11-11T06:53:34.102+0000] {logging_mixin.py:190} INFO - [2024-11-11T06:53:34.101+0000] {dagbag.py:588} INFO - Filling up the DagBag from /home/airflow/.local/lib/python3.12/site-packages/airflow/example_dags/example_branch_operator.py
[2024-11-11T06:53:34.127+0000] {processor.py:925} INFO - DAG(s) 'example_branch_operator' retrieved from /home/airflow/.local/lib/python3.12/site-packages/airflow/example_dags/example_branch_operator.py
[2024-11-11T06:53:34.206+0000] {logging_mixin.py:190} INFO - [2024-11-11T06:53:34.205+0000] {dag.py:3239} INFO - Sync 1 DAGs
[2024-11-11T06:53:34.261+0000] {logging_mixin.py:190} INFO - [2024-11-11T06:53:34.261+0000] {dag.py:4180} INFO - Setting next_dagrun for example_branch_operator to 2024-11-10 00:00:00+00:00, run_after=2024-11-11 00:00:00+00:00
[2024-11-11T06:53:34.299+0000] {processor.py:208} INFO - Processing /home/airflow/.local/lib/python3.12/site-packages/airflow/example_dags/example_branch_operator.py took 0.210 seconds
[2024-11-11T06:54:04.875+0000] {processor.py:186} INFO - Started process (PID=763) to work on /home/airflow/.local/lib/python3.12/site-packages/airflow/example_dags/example_branch_operator.py
[2024-11-11T06:54:04.876+0000] {processor.py:914} INFO - Processing file /home/airflow/.local/lib/python3.12/site-packages/airflow/example_dags/example_branch_operator.py for tasks to queue
[2024-11-11T06:54:04.880+0000] {logging_mixin.py:190} INFO - [2024-11-11T06:54:04.879+0000] {dagbag.py:588} INFO - Filling up the DagBag from /home/airflow/.local/lib/python3.12/site-packages/airflow/example_dags/example_branch_operator.py
[2024-11-11T06:54:04.900+0000] {processor.py:925} INFO - DAG(s) 'example_branch_operator' retrieved from /home/airflow/.local/lib/python3.12/site-packages/airflow/example_dags/example_branch_operator.py
[2024-11-11T06:54:04.931+0000] {logging_mixin.py:190} INFO - [2024-11-11T06:54:04.930+0000] {dag.py:3239} INFO - Sync 1 DAGs
[2024-11-11T06:54:04.958+0000] {logging_mixin.py:190} INFO - [2024-11-11T06:54:04.957+0000] {dag.py:4180} INFO - Setting next_dagrun for example_branch_operator to 2024-11-10 00:00:00+00:00, run_after=2024-11-11 00:00:00+00:00
[2024-11-11T06:54:04.981+0000] {processor.py:208} INFO - Processing /home/airflow/.local/lib/python3.12/site-packages/airflow/example_dags/example_branch_operator.py took 0.113 seconds
[2024-11-11T06:54:35.423+0000] {processor.py:186} INFO - Started process (PID=827) to work on /home/airflow/.local/lib/python3.12/site-packages/airflow/example_dags/example_branch_operator.py
[2024-11-11T06:54:35.424+0000] {processor.py:914} INFO - Processing file /home/airflow/.local/lib/python3.12/site-packages/airflow/example_dags/example_branch_operator.py for tasks to queue
[2024-11-11T06:54:35.428+0000] {logging_mixin.py:190} INFO - [2024-11-11T06:54:35.428+0000] {dagbag.py:588} INFO - Filling up the DagBag from /home/airflow/.local/lib/python3.12/site-packages/airflow/example_dags/example_branch_operator.py
[2024-11-11T06:54:35.449+0000] {processor.py:925} INFO - DAG(s) 'example_branch_operator' retrieved from /home/airflow/.local/lib/python3.12/site-packages/airflow/example_dags/example_branch_operator.py
[2024-11-11T06:54:35.483+0000] {logging_mixin.py:190} INFO - [2024-11-11T06:54:35.483+0000] {dag.py:3239} INFO - Sync 1 DAGs
[2024-11-11T06:54:35.514+0000] {logging_mixin.py:190} INFO - [2024-11-11T06:54:35.513+0000] {dag.py:4180} INFO - Setting next_dagrun for example_branch_operator to 2024-11-10 00:00:00+00:00, run_after=2024-11-11 00:00:00+00:00
[2024-11-11T06:54:35.540+0000] {processor.py:208} INFO - Processing /home/airflow/.local/lib/python3.12/site-packages/airflow/example_dags/example_branch_operator.py took 0.124 seconds
[2024-11-11T06:55:05.963+0000] {processor.py:186} INFO - Started process (PID=891) to work on /home/airflow/.local/lib/python3.12/site-packages/airflow/example_dags/example_branch_operator.py
[2024-11-11T06:55:05.968+0000] {processor.py:914} INFO - Processing file /home/airflow/.local/lib/python3.12/site-packages/airflow/example_dags/example_branch_operator.py for tasks to queue
[2024-11-11T06:55:05.975+0000] {logging_mixin.py:190} INFO - [2024-11-11T06:55:05.974+0000] {dagbag.py:588} INFO - Filling up the DagBag from /home/airflow/.local/lib/python3.12/site-packages/airflow/example_dags/example_branch_operator.py
[2024-11-11T06:55:06.043+0000] {processor.py:925} INFO - DAG(s) 'example_branch_operator' retrieved from /home/airflow/.local/lib/python3.12/site-packages/airflow/example_dags/example_branch_operator.py
[2024-11-11T06:55:06.122+0000] {logging_mixin.py:190} INFO - [2024-11-11T06:55:06.121+0000] {dag.py:3239} INFO - Sync 1 DAGs
[2024-11-11T06:55:06.169+0000] {logging_mixin.py:190} INFO - [2024-11-11T06:55:06.169+0000] {dag.py:4180} INFO - Setting next_dagrun for example_branch_operator to 2024-11-10 00:00:00+00:00, run_after=2024-11-11 00:00:00+00:00
[2024-11-11T06:55:06.212+0000] {processor.py:208} INFO - Processing /home/airflow/.local/lib/python3.12/site-packages/airflow/example_dags/example_branch_operator.py took 0.270 seconds
[2024-11-11T06:55:37.097+0000] {processor.py:186} INFO - Started process (PID=955) to work on /home/airflow/.local/lib/python3.12/site-packages/airflow/example_dags/example_branch_operator.py
[2024-11-11T06:55:37.099+0000] {processor.py:914} INFO - Processing file /home/airflow/.local/lib/python3.12/site-packages/airflow/example_dags/example_branch_operator.py for tasks to queue
[2024-11-11T06:55:37.106+0000] {logging_mixin.py:190} INFO - [2024-11-11T06:55:37.105+0000] {dagbag.py:588} INFO - Filling up the DagBag from /home/airflow/.local/lib/python3.12/site-packages/airflow/example_dags/example_branch_operator.py
[2024-11-11T06:55:37.140+0000] {processor.py:925} INFO - DAG(s) 'example_branch_operator' retrieved from /home/airflow/.local/lib/python3.12/site-packages/airflow/example_dags/example_branch_operator.py
[2024-11-11T06:55:37.190+0000] {logging_mixin.py:190} INFO - [2024-11-11T06:55:37.190+0000] {dag.py:3239} INFO - Sync 1 DAGs
[2024-11-11T06:55:37.228+0000] {logging_mixin.py:190} INFO - [2024-11-11T06:55:37.228+0000] {dag.py:4180} INFO - Setting next_dagrun for example_branch_operator to 2024-11-10 00:00:00+00:00, run_after=2024-11-11 00:00:00+00:00
[2024-11-11T06:55:37.272+0000] {processor.py:208} INFO - Processing /home/airflow/.local/lib/python3.12/site-packages/airflow/example_dags/example_branch_operator.py took 0.186 seconds
[2024-11-11T06:56:07.518+0000] {processor.py:186} INFO - Started process (PID=1019) to work on /home/airflow/.local/lib/python3.12/site-packages/airflow/example_dags/example_branch_operator.py
[2024-11-11T06:56:07.520+0000] {processor.py:914} INFO - Processing file /home/airflow/.local/lib/python3.12/site-packages/airflow/example_dags/example_branch_operator.py for tasks to queue
[2024-11-11T06:56:07.528+0000] {logging_mixin.py:190} INFO - [2024-11-11T06:56:07.527+0000] {dagbag.py:588} INFO - Filling up the DagBag from /home/airflow/.local/lib/python3.12/site-packages/airflow/example_dags/example_branch_operator.py
[2024-11-11T06:56:07.580+0000] {processor.py:925} INFO - DAG(s) 'example_branch_operator' retrieved from /home/airflow/.local/lib/python3.12/site-packages/airflow/example_dags/example_branch_operator.py
[2024-11-11T06:56:07.691+0000] {logging_mixin.py:190} INFO - [2024-11-11T06:56:07.691+0000] {dag.py:3239} INFO - Sync 1 DAGs
[2024-11-11T06:56:07.806+0000] {logging_mixin.py:190} INFO - [2024-11-11T06:56:07.806+0000] {dag.py:4180} INFO - Setting next_dagrun for example_branch_operator to 2024-11-10 00:00:00+00:00, run_after=2024-11-11 00:00:00+00:00
[2024-11-11T06:56:07.843+0000] {processor.py:208} INFO - Processing /home/airflow/.local/lib/python3.12/site-packages/airflow/example_dags/example_branch_operator.py took 0.343 seconds
[2024-11-11T06:56:38.181+0000] {processor.py:186} INFO - Started process (PID=1083) to work on /home/airflow/.local/lib/python3.12/site-packages/airflow/example_dags/example_branch_operator.py
[2024-11-11T06:56:38.183+0000] {processor.py:914} INFO - Processing file /home/airflow/.local/lib/python3.12/site-packages/airflow/example_dags/example_branch_operator.py for tasks to queue
[2024-11-11T06:56:38.189+0000] {logging_mixin.py:190} INFO - [2024-11-11T06:56:38.188+0000] {dagbag.py:588} INFO - Filling up the DagBag from /home/airflow/.local/lib/python3.12/site-packages/airflow/example_dags/example_branch_operator.py
[2024-11-11T06:56:38.221+0000] {processor.py:925} INFO - DAG(s) 'example_branch_operator' retrieved from /home/airflow/.local/lib/python3.12/site-packages/airflow/example_dags/example_branch_operator.py
[2024-11-11T06:56:38.274+0000] {logging_mixin.py:190} INFO - [2024-11-11T06:56:38.274+0000] {dag.py:3239} INFO - Sync 1 DAGs
[2024-11-11T06:56:38.319+0000] {logging_mixin.py:190} INFO - [2024-11-11T06:56:38.318+0000] {dag.py:4180} INFO - Setting next_dagrun for example_branch_operator to 2024-11-10 00:00:00+00:00, run_after=2024-11-11 00:00:00+00:00
[2024-11-11T06:56:38.355+0000] {processor.py:208} INFO - Processing /home/airflow/.local/lib/python3.12/site-packages/airflow/example_dags/example_branch_operator.py took 0.186 seconds
[2024-11-11T06:57:08.580+0000] {processor.py:186} INFO - Started process (PID=1147) to work on /home/airflow/.local/lib/python3.12/site-packages/airflow/example_dags/example_branch_operator.py
[2024-11-11T06:57:08.581+0000] {processor.py:914} INFO - Processing file /home/airflow/.local/lib/python3.12/site-packages/airflow/example_dags/example_branch_operator.py for tasks to queue
[2024-11-11T06:57:08.585+0000] {logging_mixin.py:190} INFO - [2024-11-11T06:57:08.584+0000] {dagbag.py:588} INFO - Filling up the DagBag from /home/airflow/.local/lib/python3.12/site-packages/airflow/example_dags/example_branch_operator.py
[2024-11-11T06:57:08.607+0000] {processor.py:925} INFO - DAG(s) 'example_branch_operator' retrieved from /home/airflow/.local/lib/python3.12/site-packages/airflow/example_dags/example_branch_operator.py
[2024-11-11T06:57:08.642+0000] {logging_mixin.py:190} INFO - [2024-11-11T06:57:08.641+0000] {dag.py:3239} INFO - Sync 1 DAGs
[2024-11-11T06:57:08.675+0000] {logging_mixin.py:190} INFO - [2024-11-11T06:57:08.675+0000] {dag.py:4180} INFO - Setting next_dagrun for example_branch_operator to 2024-11-10 00:00:00+00:00, run_after=2024-11-11 00:00:00+00:00
[2024-11-11T06:57:08.706+0000] {processor.py:208} INFO - Processing /home/airflow/.local/lib/python3.12/site-packages/airflow/example_dags/example_branch_operator.py took 0.135 seconds
[2024-11-11T06:57:39.175+0000] {processor.py:186} INFO - Started process (PID=1211) to work on /home/airflow/.local/lib/python3.12/site-packages/airflow/example_dags/example_branch_operator.py
[2024-11-11T06:57:39.177+0000] {processor.py:914} INFO - Processing file /home/airflow/.local/lib/python3.12/site-packages/airflow/example_dags/example_branch_operator.py for tasks to queue
[2024-11-11T06:57:39.180+0000] {logging_mixin.py:190} INFO - [2024-11-11T06:57:39.179+0000] {dagbag.py:588} INFO - Filling up the DagBag from /home/airflow/.local/lib/python3.12/site-packages/airflow/example_dags/example_branch_operator.py
[2024-11-11T06:57:39.204+0000] {processor.py:925} INFO - DAG(s) 'example_branch_operator' retrieved from /home/airflow/.local/lib/python3.12/site-packages/airflow/example_dags/example_branch_operator.py
[2024-11-11T06:57:39.239+0000] {logging_mixin.py:190} INFO - [2024-11-11T06:57:39.239+0000] {dag.py:3239} INFO - Sync 1 DAGs
[2024-11-11T06:57:39.268+0000] {logging_mixin.py:190} INFO - [2024-11-11T06:57:39.267+0000] {dag.py:4180} INFO - Setting next_dagrun for example_branch_operator to 2024-11-10 00:00:00+00:00, run_after=2024-11-11 00:00:00+00:00
[2024-11-11T06:57:39.292+0000] {processor.py:208} INFO - Processing /home/airflow/.local/lib/python3.12/site-packages/airflow/example_dags/example_branch_operator.py took 0.126 seconds
[2024-11-11T06:58:09.665+0000] {processor.py:186} INFO - Started process (PID=1275) to work on /home/airflow/.local/lib/python3.12/site-packages/airflow/example_dags/example_branch_operator.py
[2024-11-11T06:58:09.667+0000] {processor.py:914} INFO - Processing file /home/airflow/.local/lib/python3.12/site-packages/airflow/example_dags/example_branch_operator.py for tasks to queue
[2024-11-11T06:58:09.671+0000] {logging_mixin.py:190} INFO - [2024-11-11T06:58:09.671+0000] {dagbag.py:588} INFO - Filling up the DagBag from /home/airflow/.local/lib/python3.12/site-packages/airflow/example_dags/example_branch_operator.py
[2024-11-11T06:58:09.700+0000] {processor.py:925} INFO - DAG(s) 'example_branch_operator' retrieved from /home/airflow/.local/lib/python3.12/site-packages/airflow/example_dags/example_branch_operator.py
[2024-11-11T06:58:09.743+0000] {logging_mixin.py:190} INFO - [2024-11-11T06:58:09.742+0000] {dag.py:3239} INFO - Sync 1 DAGs
[2024-11-11T06:58:09.781+0000] {logging_mixin.py:190} INFO - [2024-11-11T06:58:09.780+0000] {dag.py:4180} INFO - Setting next_dagrun for example_branch_operator to 2024-11-10 00:00:00+00:00, run_after=2024-11-11 00:00:00+00:00
[2024-11-11T06:58:09.810+0000] {processor.py:208} INFO - Processing /home/airflow/.local/lib/python3.12/site-packages/airflow/example_dags/example_branch_operator.py took 0.154 seconds
[2024-11-11T06:58:40.440+0000] {processor.py:186} INFO - Started process (PID=1339) to work on /home/airflow/.local/lib/python3.12/site-packages/airflow/example_dags/example_branch_operator.py
[2024-11-11T06:58:40.442+0000] {processor.py:914} INFO - Processing file /home/airflow/.local/lib/python3.12/site-packages/airflow/example_dags/example_branch_operator.py for tasks to queue
[2024-11-11T06:58:40.446+0000] {logging_mixin.py:190} INFO - [2024-11-11T06:58:40.445+0000] {dagbag.py:588} INFO - Filling up the DagBag from /home/airflow/.local/lib/python3.12/site-packages/airflow/example_dags/example_branch_operator.py
[2024-11-11T06:58:40.479+0000] {processor.py:925} INFO - DAG(s) 'example_branch_operator' retrieved from /home/airflow/.local/lib/python3.12/site-packages/airflow/example_dags/example_branch_operator.py
[2024-11-11T06:58:40.550+0000] {logging_mixin.py:190} INFO - [2024-11-11T06:58:40.549+0000] {dag.py:3239} INFO - Sync 1 DAGs
[2024-11-11T06:58:40.596+0000] {logging_mixin.py:190} INFO - [2024-11-11T06:58:40.596+0000] {dag.py:4180} INFO - Setting next_dagrun for example_branch_operator to 2024-11-10 00:00:00+00:00, run_after=2024-11-11 00:00:00+00:00
[2024-11-11T06:58:40.636+0000] {processor.py:208} INFO - Processing /home/airflow/.local/lib/python3.12/site-packages/airflow/example_dags/example_branch_operator.py took 0.204 seconds
[2024-11-11T06:59:10.729+0000] {processor.py:186} INFO - Started process (PID=1403) to work on /home/airflow/.local/lib/python3.12/site-packages/airflow/example_dags/example_branch_operator.py
[2024-11-11T06:59:10.733+0000] {processor.py:914} INFO - Processing file /home/airflow/.local/lib/python3.12/site-packages/airflow/example_dags/example_branch_operator.py for tasks to queue
[2024-11-11T06:59:10.740+0000] {logging_mixin.py:190} INFO - [2024-11-11T06:59:10.740+0000] {dagbag.py:588} INFO - Filling up the DagBag from /home/airflow/.local/lib/python3.12/site-packages/airflow/example_dags/example_branch_operator.py
[2024-11-11T06:59:10.773+0000] {processor.py:925} INFO - DAG(s) 'example_branch_operator' retrieved from /home/airflow/.local/lib/python3.12/site-packages/airflow/example_dags/example_branch_operator.py
[2024-11-11T06:59:10.820+0000] {logging_mixin.py:190} INFO - [2024-11-11T06:59:10.819+0000] {dag.py:3239} INFO - Sync 1 DAGs
[2024-11-11T06:59:10.870+0000] {logging_mixin.py:190} INFO - [2024-11-11T06:59:10.869+0000] {dag.py:4180} INFO - Setting next_dagrun for example_branch_operator to 2024-11-10 00:00:00+00:00, run_after=2024-11-11 00:00:00+00:00
[2024-11-11T06:59:10.914+0000] {processor.py:208} INFO - Processing /home/airflow/.local/lib/python3.12/site-packages/airflow/example_dags/example_branch_operator.py took 0.203 seconds
[2024-11-11T06:59:41.475+0000] {processor.py:186} INFO - Started process (PID=1467) to work on /home/airflow/.local/lib/python3.12/site-packages/airflow/example_dags/example_branch_operator.py
[2024-11-11T06:59:41.477+0000] {processor.py:914} INFO - Processing file /home/airflow/.local/lib/python3.12/site-packages/airflow/example_dags/example_branch_operator.py for tasks to queue
[2024-11-11T06:59:41.480+0000] {logging_mixin.py:190} INFO - [2024-11-11T06:59:41.480+0000] {dagbag.py:588} INFO - Filling up the DagBag from /home/airflow/.local/lib/python3.12/site-packages/airflow/example_dags/example_branch_operator.py
[2024-11-11T06:59:41.504+0000] {processor.py:925} INFO - DAG(s) 'example_branch_operator' retrieved from /home/airflow/.local/lib/python3.12/site-packages/airflow/example_dags/example_branch_operator.py
[2024-11-11T06:59:41.542+0000] {logging_mixin.py:190} INFO - [2024-11-11T06:59:41.542+0000] {dag.py:3239} INFO - Sync 1 DAGs
[2024-11-11T06:59:41.571+0000] {logging_mixin.py:190} INFO - [2024-11-11T06:59:41.570+0000] {dag.py:4180} INFO - Setting next_dagrun for example_branch_operator to 2024-11-10 00:00:00+00:00, run_after=2024-11-11 00:00:00+00:00
[2024-11-11T06:59:41.595+0000] {processor.py:208} INFO - Processing /home/airflow/.local/lib/python3.12/site-packages/airflow/example_dags/example_branch_operator.py took 0.129 seconds
[2024-11-11T07:00:12.424+0000] {processor.py:186} INFO - Started process (PID=1531) to work on /home/airflow/.local/lib/python3.12/site-packages/airflow/example_dags/example_branch_operator.py
[2024-11-11T07:00:12.426+0000] {processor.py:914} INFO - Processing file /home/airflow/.local/lib/python3.12/site-packages/airflow/example_dags/example_branch_operator.py for tasks to queue
[2024-11-11T07:00:12.445+0000] {logging_mixin.py:190} INFO - [2024-11-11T07:00:12.443+0000] {dagbag.py:588} INFO - Filling up the DagBag from /home/airflow/.local/lib/python3.12/site-packages/airflow/example_dags/example_branch_operator.py
[2024-11-11T07:00:12.476+0000] {processor.py:925} INFO - DAG(s) 'example_branch_operator' retrieved from /home/airflow/.local/lib/python3.12/site-packages/airflow/example_dags/example_branch_operator.py
[2024-11-11T07:00:12.592+0000] {logging_mixin.py:190} INFO - [2024-11-11T07:00:12.592+0000] {dag.py:3239} INFO - Sync 1 DAGs
[2024-11-11T07:00:12.648+0000] {logging_mixin.py:190} INFO - [2024-11-11T07:00:12.648+0000] {dag.py:4180} INFO - Setting next_dagrun for example_branch_operator to 2024-11-10 00:00:00+00:00, run_after=2024-11-11 00:00:00+00:00
[2024-11-11T07:00:12.707+0000] {processor.py:208} INFO - Processing /home/airflow/.local/lib/python3.12/site-packages/airflow/example_dags/example_branch_operator.py took 0.300 seconds
[2024-11-11T07:00:42.827+0000] {processor.py:186} INFO - Started process (PID=1595) to work on /home/airflow/.local/lib/python3.12/site-packages/airflow/example_dags/example_branch_operator.py
[2024-11-11T07:00:42.829+0000] {processor.py:914} INFO - Processing file /home/airflow/.local/lib/python3.12/site-packages/airflow/example_dags/example_branch_operator.py for tasks to queue
[2024-11-11T07:00:42.833+0000] {logging_mixin.py:190} INFO - [2024-11-11T07:00:42.832+0000] {dagbag.py:588} INFO - Filling up the DagBag from /home/airflow/.local/lib/python3.12/site-packages/airflow/example_dags/example_branch_operator.py
[2024-11-11T07:00:42.861+0000] {processor.py:925} INFO - DAG(s) 'example_branch_operator' retrieved from /home/airflow/.local/lib/python3.12/site-packages/airflow/example_dags/example_branch_operator.py
[2024-11-11T07:00:42.903+0000] {logging_mixin.py:190} INFO - [2024-11-11T07:00:42.903+0000] {dag.py:3239} INFO - Sync 1 DAGs
[2024-11-11T07:00:42.942+0000] {logging_mixin.py:190} INFO - [2024-11-11T07:00:42.941+0000] {dag.py:4180} INFO - Setting next_dagrun for example_branch_operator to 2024-11-10 00:00:00+00:00, run_after=2024-11-11 00:00:00+00:00
[2024-11-11T07:00:42.975+0000] {processor.py:208} INFO - Processing /home/airflow/.local/lib/python3.12/site-packages/airflow/example_dags/example_branch_operator.py took 0.157 seconds
[2024-11-11T07:01:13.120+0000] {processor.py:186} INFO - Started process (PID=1659) to work on /home/airflow/.local/lib/python3.12/site-packages/airflow/example_dags/example_branch_operator.py
[2024-11-11T07:01:13.122+0000] {processor.py:914} INFO - Processing file /home/airflow/.local/lib/python3.12/site-packages/airflow/example_dags/example_branch_operator.py for tasks to queue
[2024-11-11T07:01:13.126+0000] {logging_mixin.py:190} INFO - [2024-11-11T07:01:13.126+0000] {dagbag.py:588} INFO - Filling up the DagBag from /home/airflow/.local/lib/python3.12/site-packages/airflow/example_dags/example_branch_operator.py
[2024-11-11T07:01:13.158+0000] {processor.py:925} INFO - DAG(s) 'example_branch_operator' retrieved from /home/airflow/.local/lib/python3.12/site-packages/airflow/example_dags/example_branch_operator.py
[2024-11-11T07:01:13.213+0000] {logging_mixin.py:190} INFO - [2024-11-11T07:01:13.212+0000] {dag.py:3239} INFO - Sync 1 DAGs
[2024-11-11T07:01:13.273+0000] {logging_mixin.py:190} INFO - [2024-11-11T07:01:13.273+0000] {dag.py:4180} INFO - Setting next_dagrun for example_branch_operator to 2024-11-10 00:00:00+00:00, run_after=2024-11-11 00:00:00+00:00
[2024-11-11T07:01:13.315+0000] {processor.py:208} INFO - Processing /home/airflow/.local/lib/python3.12/site-packages/airflow/example_dags/example_branch_operator.py took 0.205 seconds
[2024-11-11T07:01:43.856+0000] {processor.py:186} INFO - Started process (PID=1723) to work on /home/airflow/.local/lib/python3.12/site-packages/airflow/example_dags/example_branch_operator.py
[2024-11-11T07:01:43.857+0000] {processor.py:914} INFO - Processing file /home/airflow/.local/lib/python3.12/site-packages/airflow/example_dags/example_branch_operator.py for tasks to queue
[2024-11-11T07:01:43.860+0000] {logging_mixin.py:190} INFO - [2024-11-11T07:01:43.860+0000] {dagbag.py:588} INFO - Filling up the DagBag from /home/airflow/.local/lib/python3.12/site-packages/airflow/example_dags/example_branch_operator.py
[2024-11-11T07:01:43.881+0000] {processor.py:925} INFO - DAG(s) 'example_branch_operator' retrieved from /home/airflow/.local/lib/python3.12/site-packages/airflow/example_dags/example_branch_operator.py
[2024-11-11T07:01:43.918+0000] {logging_mixin.py:190} INFO - [2024-11-11T07:01:43.917+0000] {dag.py:3239} INFO - Sync 1 DAGs
[2024-11-11T07:01:43.947+0000] {logging_mixin.py:190} INFO - [2024-11-11T07:01:43.947+0000] {dag.py:4180} INFO - Setting next_dagrun for example_branch_operator to 2024-11-10 00:00:00+00:00, run_after=2024-11-11 00:00:00+00:00
[2024-11-11T07:01:43.976+0000] {processor.py:208} INFO - Processing /home/airflow/.local/lib/python3.12/site-packages/airflow/example_dags/example_branch_operator.py took 0.129 seconds
[2024-11-11T07:02:14.161+0000] {processor.py:186} INFO - Started process (PID=1788) to work on /home/airflow/.local/lib/python3.12/site-packages/airflow/example_dags/example_branch_operator.py
[2024-11-11T07:02:14.163+0000] {processor.py:914} INFO - Processing file /home/airflow/.local/lib/python3.12/site-packages/airflow/example_dags/example_branch_operator.py for tasks to queue
[2024-11-11T07:02:14.168+0000] {logging_mixin.py:190} INFO - [2024-11-11T07:02:14.167+0000] {dagbag.py:588} INFO - Filling up the DagBag from /home/airflow/.local/lib/python3.12/site-packages/airflow/example_dags/example_branch_operator.py
[2024-11-11T07:02:14.195+0000] {processor.py:925} INFO - DAG(s) 'example_branch_operator' retrieved from /home/airflow/.local/lib/python3.12/site-packages/airflow/example_dags/example_branch_operator.py
[2024-11-11T07:02:14.236+0000] {logging_mixin.py:190} INFO - [2024-11-11T07:02:14.236+0000] {dag.py:3239} INFO - Sync 1 DAGs
[2024-11-11T07:02:14.275+0000] {logging_mixin.py:190} INFO - [2024-11-11T07:02:14.274+0000] {dag.py:4180} INFO - Setting next_dagrun for example_branch_operator to 2024-11-10 00:00:00+00:00, run_after=2024-11-11 00:00:00+00:00
[2024-11-11T07:02:14.304+0000] {processor.py:208} INFO - Processing /home/airflow/.local/lib/python3.12/site-packages/airflow/example_dags/example_branch_operator.py took 0.155 seconds
[2024-11-11T07:02:44.959+0000] {processor.py:186} INFO - Started process (PID=1852) to work on /home/airflow/.local/lib/python3.12/site-packages/airflow/example_dags/example_branch_operator.py
[2024-11-11T07:02:44.961+0000] {processor.py:914} INFO - Processing file /home/airflow/.local/lib/python3.12/site-packages/airflow/example_dags/example_branch_operator.py for tasks to queue
[2024-11-11T07:02:44.965+0000] {logging_mixin.py:190} INFO - [2024-11-11T07:02:44.965+0000] {dagbag.py:588} INFO - Filling up the DagBag from /home/airflow/.local/lib/python3.12/site-packages/airflow/example_dags/example_branch_operator.py
[2024-11-11T07:02:44.987+0000] {processor.py:925} INFO - DAG(s) 'example_branch_operator' retrieved from /home/airflow/.local/lib/python3.12/site-packages/airflow/example_dags/example_branch_operator.py
[2024-11-11T07:02:45.023+0000] {logging_mixin.py:190} INFO - [2024-11-11T07:02:45.023+0000] {dag.py:3239} INFO - Sync 1 DAGs
[2024-11-11T07:02:45.059+0000] {logging_mixin.py:190} INFO - [2024-11-11T07:02:45.059+0000] {dag.py:4180} INFO - Setting next_dagrun for example_branch_operator to 2024-11-10 00:00:00+00:00, run_after=2024-11-11 00:00:00+00:00
[2024-11-11T07:02:45.085+0000] {processor.py:208} INFO - Processing /home/airflow/.local/lib/python3.12/site-packages/airflow/example_dags/example_branch_operator.py took 0.133 seconds
[2024-11-11T07:03:16.975+0000] {processor.py:186} INFO - Started process (PID=1914) to work on /home/airflow/.local/lib/python3.12/site-packages/airflow/example_dags/example_branch_operator.py
[2024-11-11T07:03:16.978+0000] {processor.py:914} INFO - Processing file /home/airflow/.local/lib/python3.12/site-packages/airflow/example_dags/example_branch_operator.py for tasks to queue
[2024-11-11T07:03:16.983+0000] {logging_mixin.py:190} INFO - [2024-11-11T07:03:16.983+0000] {dagbag.py:588} INFO - Filling up the DagBag from /home/airflow/.local/lib/python3.12/site-packages/airflow/example_dags/example_branch_operator.py
[2024-11-11T07:03:17.023+0000] {processor.py:925} INFO - DAG(s) 'example_branch_operator' retrieved from /home/airflow/.local/lib/python3.12/site-packages/airflow/example_dags/example_branch_operator.py
[2024-11-11T07:03:17.089+0000] {logging_mixin.py:190} INFO - [2024-11-11T07:03:17.089+0000] {dag.py:3239} INFO - Sync 1 DAGs
[2024-11-11T07:03:17.133+0000] {logging_mixin.py:190} INFO - [2024-11-11T07:03:17.132+0000] {dag.py:4180} INFO - Setting next_dagrun for example_branch_operator to 2024-11-10 00:00:00+00:00, run_after=2024-11-11 00:00:00+00:00
[2024-11-11T07:03:17.182+0000] {processor.py:208} INFO - Processing /home/airflow/.local/lib/python3.12/site-packages/airflow/example_dags/example_branch_operator.py took 0.226 seconds
