[2024-11-11T06:48:30.306+0000] {processor.py:186} INFO - Started process (PID=83) to work on /home/airflow/.local/lib/python3.12/site-packages/airflow/example_dags/example_xcom.py
[2024-11-11T06:48:30.308+0000] {processor.py:914} INFO - Processing file /home/airflow/.local/lib/python3.12/site-packages/airflow/example_dags/example_xcom.py for tasks to queue
[2024-11-11T06:48:30.312+0000] {logging_mixin.py:190} INFO - [2024-11-11T06:48:30.311+0000] {dagbag.py:588} INFO - Filling up the DagBag from /home/airflow/.local/lib/python3.12/site-packages/airflow/example_dags/example_xcom.py
[2024-11-11T06:48:30.333+0000] {processor.py:925} INFO - DAG(s) 'example_xcom' retrieved from /home/airflow/.local/lib/python3.12/site-packages/airflow/example_dags/example_xcom.py
[2024-11-11T06:48:30.482+0000] {logging_mixin.py:190} INFO - [2024-11-11T06:48:30.481+0000] {override.py:1911} INFO - Created Permission View: can read on DAG:example_xcom
[2024-11-11T06:48:30.500+0000] {logging_mixin.py:190} INFO - [2024-11-11T06:48:30.499+0000] {override.py:1911} INFO - Created Permission View: can delete on DAG:example_xcom
[2024-11-11T06:48:30.513+0000] {logging_mixin.py:190} INFO - [2024-11-11T06:48:30.513+0000] {override.py:1911} INFO - Created Permission View: can edit on DAG:example_xcom
[2024-11-11T06:48:30.529+0000] {logging_mixin.py:190} INFO - [2024-11-11T06:48:30.528+0000] {override.py:1911} INFO - Created Permission View: menu access on DAG Run:example_xcom
[2024-11-11T06:48:30.543+0000] {logging_mixin.py:190} INFO - [2024-11-11T06:48:30.543+0000] {override.py:1911} INFO - Created Permission View: can read on DAG Run:example_xcom
[2024-11-11T06:48:30.555+0000] {logging_mixin.py:190} INFO - [2024-11-11T06:48:30.554+0000] {override.py:1911} INFO - Created Permission View: can delete on DAG Run:example_xcom
[2024-11-11T06:48:30.569+0000] {logging_mixin.py:190} INFO - [2024-11-11T06:48:30.568+0000] {override.py:1911} INFO - Created Permission View: can create on DAG Run:example_xcom
[2024-11-11T06:48:30.571+0000] {logging_mixin.py:190} INFO - [2024-11-11T06:48:30.571+0000] {dag.py:3239} INFO - Sync 1 DAGs
[2024-11-11T06:48:30.592+0000] {logging_mixin.py:190} INFO - [2024-11-11T06:48:30.592+0000] {dag.py:3262} INFO - Creating ORM DAG for example_xcom
[2024-11-11T06:48:30.623+0000] {logging_mixin.py:190} INFO - [2024-11-11T06:48:30.623+0000] {dag.py:4180} INFO - Setting next_dagrun for example_xcom to 2021-01-01 00:00:00+00:00, run_after=2021-01-01 00:00:00+00:00
[2024-11-11T06:48:30.683+0000] {processor.py:208} INFO - Processing /home/airflow/.local/lib/python3.12/site-packages/airflow/example_dags/example_xcom.py took 0.385 seconds
[2024-11-11T06:49:01.361+0000] {processor.py:186} INFO - Started process (PID=147) to work on /home/airflow/.local/lib/python3.12/site-packages/airflow/example_dags/example_xcom.py
[2024-11-11T06:49:01.365+0000] {processor.py:914} INFO - Processing file /home/airflow/.local/lib/python3.12/site-packages/airflow/example_dags/example_xcom.py for tasks to queue
[2024-11-11T06:49:01.376+0000] {logging_mixin.py:190} INFO - [2024-11-11T06:49:01.371+0000] {dagbag.py:588} INFO - Filling up the DagBag from /home/airflow/.local/lib/python3.12/site-packages/airflow/example_dags/example_xcom.py
[2024-11-11T06:49:01.400+0000] {processor.py:925} INFO - DAG(s) 'example_xcom' retrieved from /home/airflow/.local/lib/python3.12/site-packages/airflow/example_dags/example_xcom.py
[2024-11-11T06:49:01.457+0000] {logging_mixin.py:190} INFO - [2024-11-11T06:49:01.456+0000] {dag.py:3239} INFO - Sync 1 DAGs
[2024-11-11T06:49:01.513+0000] {logging_mixin.py:190} INFO - [2024-11-11T06:49:01.513+0000] {dag.py:4180} INFO - Setting next_dagrun for example_xcom to 2021-01-01 00:00:00+00:00, run_after=2021-01-01 00:00:00+00:00
[2024-11-11T06:49:01.547+0000] {processor.py:208} INFO - Processing /home/airflow/.local/lib/python3.12/site-packages/airflow/example_dags/example_xcom.py took 0.203 seconds
[2024-11-11T06:49:32.373+0000] {processor.py:186} INFO - Started process (PID=211) to work on /home/airflow/.local/lib/python3.12/site-packages/airflow/example_dags/example_xcom.py
[2024-11-11T06:49:32.375+0000] {processor.py:914} INFO - Processing file /home/airflow/.local/lib/python3.12/site-packages/airflow/example_dags/example_xcom.py for tasks to queue
[2024-11-11T06:49:32.379+0000] {logging_mixin.py:190} INFO - [2024-11-11T06:49:32.379+0000] {dagbag.py:588} INFO - Filling up the DagBag from /home/airflow/.local/lib/python3.12/site-packages/airflow/example_dags/example_xcom.py
[2024-11-11T06:49:32.392+0000] {processor.py:925} INFO - DAG(s) 'example_xcom' retrieved from /home/airflow/.local/lib/python3.12/site-packages/airflow/example_dags/example_xcom.py
[2024-11-11T06:49:32.426+0000] {logging_mixin.py:190} INFO - [2024-11-11T06:49:32.426+0000] {dag.py:3239} INFO - Sync 1 DAGs
[2024-11-11T06:49:32.459+0000] {logging_mixin.py:190} INFO - [2024-11-11T06:49:32.459+0000] {dag.py:4180} INFO - Setting next_dagrun for example_xcom to 2021-01-01 00:00:00+00:00, run_after=2021-01-01 00:00:00+00:00
[2024-11-11T06:49:32.488+0000] {processor.py:208} INFO - Processing /home/airflow/.local/lib/python3.12/site-packages/airflow/example_dags/example_xcom.py took 0.124 seconds
[2024-11-11T06:50:03.748+0000] {processor.py:186} INFO - Started process (PID=275) to work on /home/airflow/.local/lib/python3.12/site-packages/airflow/example_dags/example_xcom.py
[2024-11-11T06:50:03.750+0000] {processor.py:914} INFO - Processing file /home/airflow/.local/lib/python3.12/site-packages/airflow/example_dags/example_xcom.py for tasks to queue
[2024-11-11T06:50:03.755+0000] {logging_mixin.py:190} INFO - [2024-11-11T06:50:03.754+0000] {dagbag.py:588} INFO - Filling up the DagBag from /home/airflow/.local/lib/python3.12/site-packages/airflow/example_dags/example_xcom.py
[2024-11-11T06:50:03.773+0000] {processor.py:925} INFO - DAG(s) 'example_xcom' retrieved from /home/airflow/.local/lib/python3.12/site-packages/airflow/example_dags/example_xcom.py
[2024-11-11T06:50:03.818+0000] {logging_mixin.py:190} INFO - [2024-11-11T06:50:03.817+0000] {dag.py:3239} INFO - Sync 1 DAGs
[2024-11-11T06:50:03.861+0000] {logging_mixin.py:190} INFO - [2024-11-11T06:50:03.861+0000] {dag.py:4180} INFO - Setting next_dagrun for example_xcom to 2021-01-01 00:00:00+00:00, run_after=2021-01-01 00:00:00+00:00
[2024-11-11T06:50:03.889+0000] {processor.py:208} INFO - Processing /home/airflow/.local/lib/python3.12/site-packages/airflow/example_dags/example_xcom.py took 0.152 seconds
[2024-11-11T06:50:35.791+0000] {processor.py:186} INFO - Started process (PID=339) to work on /home/airflow/.local/lib/python3.12/site-packages/airflow/example_dags/example_xcom.py
[2024-11-11T06:50:35.793+0000] {processor.py:914} INFO - Processing file /home/airflow/.local/lib/python3.12/site-packages/airflow/example_dags/example_xcom.py for tasks to queue
[2024-11-11T06:50:35.800+0000] {logging_mixin.py:190} INFO - [2024-11-11T06:50:35.800+0000] {dagbag.py:588} INFO - Filling up the DagBag from /home/airflow/.local/lib/python3.12/site-packages/airflow/example_dags/example_xcom.py
[2024-11-11T06:50:35.847+0000] {processor.py:925} INFO - DAG(s) 'example_xcom' retrieved from /home/airflow/.local/lib/python3.12/site-packages/airflow/example_dags/example_xcom.py
[2024-11-11T06:50:35.910+0000] {logging_mixin.py:190} INFO - [2024-11-11T06:50:35.909+0000] {dag.py:3239} INFO - Sync 1 DAGs
[2024-11-11T06:50:35.966+0000] {logging_mixin.py:190} INFO - [2024-11-11T06:50:35.966+0000] {dag.py:4180} INFO - Setting next_dagrun for example_xcom to 2021-01-01 00:00:00+00:00, run_after=2021-01-01 00:00:00+00:00
[2024-11-11T06:50:36.025+0000] {processor.py:208} INFO - Processing /home/airflow/.local/lib/python3.12/site-packages/airflow/example_dags/example_xcom.py took 0.250 seconds
[2024-11-11T06:51:06.077+0000] {processor.py:186} INFO - Started process (PID=403) to work on /home/airflow/.local/lib/python3.12/site-packages/airflow/example_dags/example_xcom.py
[2024-11-11T06:51:06.079+0000] {processor.py:914} INFO - Processing file /home/airflow/.local/lib/python3.12/site-packages/airflow/example_dags/example_xcom.py for tasks to queue
[2024-11-11T06:51:06.083+0000] {logging_mixin.py:190} INFO - [2024-11-11T06:51:06.083+0000] {dagbag.py:588} INFO - Filling up the DagBag from /home/airflow/.local/lib/python3.12/site-packages/airflow/example_dags/example_xcom.py
[2024-11-11T06:51:06.099+0000] {processor.py:925} INFO - DAG(s) 'example_xcom' retrieved from /home/airflow/.local/lib/python3.12/site-packages/airflow/example_dags/example_xcom.py
[2024-11-11T06:51:06.237+0000] {logging_mixin.py:190} INFO - [2024-11-11T06:51:06.237+0000] {dag.py:3239} INFO - Sync 1 DAGs
[2024-11-11T06:51:06.307+0000] {logging_mixin.py:190} INFO - [2024-11-11T06:51:06.306+0000] {dag.py:4180} INFO - Setting next_dagrun for example_xcom to 2021-01-01 00:00:00+00:00, run_after=2021-01-01 00:00:00+00:00
[2024-11-11T06:51:06.345+0000] {processor.py:208} INFO - Processing /home/airflow/.local/lib/python3.12/site-packages/airflow/example_dags/example_xcom.py took 0.277 seconds
[2024-11-11T06:51:37.839+0000] {processor.py:186} INFO - Started process (PID=467) to work on /home/airflow/.local/lib/python3.12/site-packages/airflow/example_dags/example_xcom.py
[2024-11-11T06:51:37.841+0000] {processor.py:914} INFO - Processing file /home/airflow/.local/lib/python3.12/site-packages/airflow/example_dags/example_xcom.py for tasks to queue
[2024-11-11T06:51:37.846+0000] {logging_mixin.py:190} INFO - [2024-11-11T06:51:37.846+0000] {dagbag.py:588} INFO - Filling up the DagBag from /home/airflow/.local/lib/python3.12/site-packages/airflow/example_dags/example_xcom.py
[2024-11-11T06:51:37.862+0000] {processor.py:925} INFO - DAG(s) 'example_xcom' retrieved from /home/airflow/.local/lib/python3.12/site-packages/airflow/example_dags/example_xcom.py
[2024-11-11T06:51:37.915+0000] {logging_mixin.py:190} INFO - [2024-11-11T06:51:37.914+0000] {dag.py:3239} INFO - Sync 1 DAGs
[2024-11-11T06:51:37.965+0000] {logging_mixin.py:190} INFO - [2024-11-11T06:51:37.964+0000] {dag.py:4180} INFO - Setting next_dagrun for example_xcom to 2021-01-01 00:00:00+00:00, run_after=2021-01-01 00:00:00+00:00
[2024-11-11T06:51:38.008+0000] {processor.py:208} INFO - Processing /home/airflow/.local/lib/python3.12/site-packages/airflow/example_dags/example_xcom.py took 0.177 seconds
[2024-11-11T06:52:10.338+0000] {processor.py:186} INFO - Started process (PID=531) to work on /home/airflow/.local/lib/python3.12/site-packages/airflow/example_dags/example_xcom.py
[2024-11-11T06:52:10.344+0000] {processor.py:914} INFO - Processing file /home/airflow/.local/lib/python3.12/site-packages/airflow/example_dags/example_xcom.py for tasks to queue
[2024-11-11T06:52:10.353+0000] {logging_mixin.py:190} INFO - [2024-11-11T06:52:10.352+0000] {dagbag.py:588} INFO - Filling up the DagBag from /home/airflow/.local/lib/python3.12/site-packages/airflow/example_dags/example_xcom.py
[2024-11-11T06:52:10.403+0000] {processor.py:925} INFO - DAG(s) 'example_xcom' retrieved from /home/airflow/.local/lib/python3.12/site-packages/airflow/example_dags/example_xcom.py
[2024-11-11T06:52:10.493+0000] {logging_mixin.py:190} INFO - [2024-11-11T06:52:10.492+0000] {dag.py:3239} INFO - Sync 1 DAGs
[2024-11-11T06:52:10.549+0000] {logging_mixin.py:190} INFO - [2024-11-11T06:52:10.549+0000] {dag.py:4180} INFO - Setting next_dagrun for example_xcom to 2021-01-01 00:00:00+00:00, run_after=2021-01-01 00:00:00+00:00
[2024-11-11T06:52:10.598+0000] {processor.py:208} INFO - Processing /home/airflow/.local/lib/python3.12/site-packages/airflow/example_dags/example_xcom.py took 0.277 seconds
[2024-11-11T06:52:40.867+0000] {processor.py:186} INFO - Started process (PID=595) to work on /home/airflow/.local/lib/python3.12/site-packages/airflow/example_dags/example_xcom.py
[2024-11-11T06:52:40.870+0000] {processor.py:914} INFO - Processing file /home/airflow/.local/lib/python3.12/site-packages/airflow/example_dags/example_xcom.py for tasks to queue
[2024-11-11T06:52:40.877+0000] {logging_mixin.py:190} INFO - [2024-11-11T06:52:40.876+0000] {dagbag.py:588} INFO - Filling up the DagBag from /home/airflow/.local/lib/python3.12/site-packages/airflow/example_dags/example_xcom.py
[2024-11-11T06:52:40.894+0000] {processor.py:925} INFO - DAG(s) 'example_xcom' retrieved from /home/airflow/.local/lib/python3.12/site-packages/airflow/example_dags/example_xcom.py
[2024-11-11T06:52:40.941+0000] {logging_mixin.py:190} INFO - [2024-11-11T06:52:40.941+0000] {dag.py:3239} INFO - Sync 1 DAGs
[2024-11-11T06:52:40.991+0000] {logging_mixin.py:190} INFO - [2024-11-11T06:52:40.991+0000] {dag.py:4180} INFO - Setting next_dagrun for example_xcom to 2021-01-01 00:00:00+00:00, run_after=2021-01-01 00:00:00+00:00
[2024-11-11T06:52:41.038+0000] {processor.py:208} INFO - Processing /home/airflow/.local/lib/python3.12/site-packages/airflow/example_dags/example_xcom.py took 0.185 seconds
[2024-11-11T06:53:11.387+0000] {processor.py:186} INFO - Started process (PID=658) to work on /home/airflow/.local/lib/python3.12/site-packages/airflow/example_dags/example_xcom.py
[2024-11-11T06:53:11.389+0000] {processor.py:914} INFO - Processing file /home/airflow/.local/lib/python3.12/site-packages/airflow/example_dags/example_xcom.py for tasks to queue
[2024-11-11T06:53:11.396+0000] {logging_mixin.py:190} INFO - [2024-11-11T06:53:11.396+0000] {dagbag.py:588} INFO - Filling up the DagBag from /home/airflow/.local/lib/python3.12/site-packages/airflow/example_dags/example_xcom.py
[2024-11-11T06:53:11.416+0000] {processor.py:925} INFO - DAG(s) 'example_xcom' retrieved from /home/airflow/.local/lib/python3.12/site-packages/airflow/example_dags/example_xcom.py
[2024-11-11T06:53:11.456+0000] {logging_mixin.py:190} INFO - [2024-11-11T06:53:11.456+0000] {dag.py:3239} INFO - Sync 1 DAGs
[2024-11-11T06:53:11.492+0000] {logging_mixin.py:190} INFO - [2024-11-11T06:53:11.492+0000] {dag.py:4180} INFO - Setting next_dagrun for example_xcom to 2021-01-01 00:00:00+00:00, run_after=2021-01-01 00:00:00+00:00
[2024-11-11T06:53:11.523+0000] {processor.py:208} INFO - Processing /home/airflow/.local/lib/python3.12/site-packages/airflow/example_dags/example_xcom.py took 0.145 seconds
[2024-11-11T06:53:42.012+0000] {processor.py:186} INFO - Started process (PID=721) to work on /home/airflow/.local/lib/python3.12/site-packages/airflow/example_dags/example_xcom.py
[2024-11-11T06:53:42.014+0000] {processor.py:914} INFO - Processing file /home/airflow/.local/lib/python3.12/site-packages/airflow/example_dags/example_xcom.py for tasks to queue
[2024-11-11T06:53:42.020+0000] {logging_mixin.py:190} INFO - [2024-11-11T06:53:42.019+0000] {dagbag.py:588} INFO - Filling up the DagBag from /home/airflow/.local/lib/python3.12/site-packages/airflow/example_dags/example_xcom.py
[2024-11-11T06:53:42.048+0000] {processor.py:925} INFO - DAG(s) 'example_xcom' retrieved from /home/airflow/.local/lib/python3.12/site-packages/airflow/example_dags/example_xcom.py
[2024-11-11T06:53:42.100+0000] {logging_mixin.py:190} INFO - [2024-11-11T06:53:42.099+0000] {dag.py:3239} INFO - Sync 1 DAGs
[2024-11-11T06:53:42.146+0000] {logging_mixin.py:190} INFO - [2024-11-11T06:53:42.146+0000] {dag.py:4180} INFO - Setting next_dagrun for example_xcom to 2021-01-01 00:00:00+00:00, run_after=2021-01-01 00:00:00+00:00
[2024-11-11T06:53:42.176+0000] {processor.py:208} INFO - Processing /home/airflow/.local/lib/python3.12/site-packages/airflow/example_dags/example_xcom.py took 0.174 seconds
[2024-11-11T06:54:13.123+0000] {processor.py:186} INFO - Started process (PID=785) to work on /home/airflow/.local/lib/python3.12/site-packages/airflow/example_dags/example_xcom.py
[2024-11-11T06:54:13.128+0000] {processor.py:914} INFO - Processing file /home/airflow/.local/lib/python3.12/site-packages/airflow/example_dags/example_xcom.py for tasks to queue
[2024-11-11T06:54:13.136+0000] {logging_mixin.py:190} INFO - [2024-11-11T06:54:13.135+0000] {dagbag.py:588} INFO - Filling up the DagBag from /home/airflow/.local/lib/python3.12/site-packages/airflow/example_dags/example_xcom.py
[2024-11-11T06:54:13.168+0000] {processor.py:925} INFO - DAG(s) 'example_xcom' retrieved from /home/airflow/.local/lib/python3.12/site-packages/airflow/example_dags/example_xcom.py
[2024-11-11T06:54:13.229+0000] {logging_mixin.py:190} INFO - [2024-11-11T06:54:13.228+0000] {dag.py:3239} INFO - Sync 1 DAGs
[2024-11-11T06:54:13.298+0000] {logging_mixin.py:190} INFO - [2024-11-11T06:54:13.297+0000] {dag.py:4180} INFO - Setting next_dagrun for example_xcom to 2021-01-01 00:00:00+00:00, run_after=2021-01-01 00:00:00+00:00
[2024-11-11T06:54:13.363+0000] {processor.py:208} INFO - Processing /home/airflow/.local/lib/python3.12/site-packages/airflow/example_dags/example_xcom.py took 0.259 seconds
[2024-11-11T06:54:44.374+0000] {processor.py:186} INFO - Started process (PID=848) to work on /home/airflow/.local/lib/python3.12/site-packages/airflow/example_dags/example_xcom.py
[2024-11-11T06:54:44.376+0000] {processor.py:914} INFO - Processing file /home/airflow/.local/lib/python3.12/site-packages/airflow/example_dags/example_xcom.py for tasks to queue
[2024-11-11T06:54:44.383+0000] {logging_mixin.py:190} INFO - [2024-11-11T06:54:44.382+0000] {dagbag.py:588} INFO - Filling up the DagBag from /home/airflow/.local/lib/python3.12/site-packages/airflow/example_dags/example_xcom.py
[2024-11-11T06:54:44.398+0000] {processor.py:925} INFO - DAG(s) 'example_xcom' retrieved from /home/airflow/.local/lib/python3.12/site-packages/airflow/example_dags/example_xcom.py
[2024-11-11T06:54:44.441+0000] {logging_mixin.py:190} INFO - [2024-11-11T06:54:44.441+0000] {dag.py:3239} INFO - Sync 1 DAGs
[2024-11-11T06:54:44.501+0000] {logging_mixin.py:190} INFO - [2024-11-11T06:54:44.500+0000] {dag.py:4180} INFO - Setting next_dagrun for example_xcom to 2021-01-01 00:00:00+00:00, run_after=2021-01-01 00:00:00+00:00
[2024-11-11T06:54:44.548+0000] {processor.py:208} INFO - Processing /home/airflow/.local/lib/python3.12/site-packages/airflow/example_dags/example_xcom.py took 0.186 seconds
[2024-11-11T06:55:14.641+0000] {processor.py:186} INFO - Started process (PID=912) to work on /home/airflow/.local/lib/python3.12/site-packages/airflow/example_dags/example_xcom.py
[2024-11-11T06:55:14.643+0000] {processor.py:914} INFO - Processing file /home/airflow/.local/lib/python3.12/site-packages/airflow/example_dags/example_xcom.py for tasks to queue
[2024-11-11T06:55:14.647+0000] {logging_mixin.py:190} INFO - [2024-11-11T06:55:14.646+0000] {dagbag.py:588} INFO - Filling up the DagBag from /home/airflow/.local/lib/python3.12/site-packages/airflow/example_dags/example_xcom.py
[2024-11-11T06:55:14.661+0000] {processor.py:925} INFO - DAG(s) 'example_xcom' retrieved from /home/airflow/.local/lib/python3.12/site-packages/airflow/example_dags/example_xcom.py
[2024-11-11T06:55:14.700+0000] {logging_mixin.py:190} INFO - [2024-11-11T06:55:14.699+0000] {dag.py:3239} INFO - Sync 1 DAGs
[2024-11-11T06:55:14.747+0000] {logging_mixin.py:190} INFO - [2024-11-11T06:55:14.747+0000] {dag.py:4180} INFO - Setting next_dagrun for example_xcom to 2021-01-01 00:00:00+00:00, run_after=2021-01-01 00:00:00+00:00
[2024-11-11T06:55:14.778+0000] {processor.py:208} INFO - Processing /home/airflow/.local/lib/python3.12/site-packages/airflow/example_dags/example_xcom.py took 0.145 seconds
[2024-11-11T06:55:45.875+0000] {processor.py:186} INFO - Started process (PID=976) to work on /home/airflow/.local/lib/python3.12/site-packages/airflow/example_dags/example_xcom.py
[2024-11-11T06:55:45.877+0000] {processor.py:914} INFO - Processing file /home/airflow/.local/lib/python3.12/site-packages/airflow/example_dags/example_xcom.py for tasks to queue
[2024-11-11T06:55:45.881+0000] {logging_mixin.py:190} INFO - [2024-11-11T06:55:45.880+0000] {dagbag.py:588} INFO - Filling up the DagBag from /home/airflow/.local/lib/python3.12/site-packages/airflow/example_dags/example_xcom.py
[2024-11-11T06:55:45.893+0000] {processor.py:925} INFO - DAG(s) 'example_xcom' retrieved from /home/airflow/.local/lib/python3.12/site-packages/airflow/example_dags/example_xcom.py
[2024-11-11T06:55:45.922+0000] {logging_mixin.py:190} INFO - [2024-11-11T06:55:45.921+0000] {dag.py:3239} INFO - Sync 1 DAGs
[2024-11-11T06:55:45.951+0000] {logging_mixin.py:190} INFO - [2024-11-11T06:55:45.950+0000] {dag.py:4180} INFO - Setting next_dagrun for example_xcom to 2021-01-01 00:00:00+00:00, run_after=2021-01-01 00:00:00+00:00
[2024-11-11T06:55:45.986+0000] {processor.py:208} INFO - Processing /home/airflow/.local/lib/python3.12/site-packages/airflow/example_dags/example_xcom.py took 0.118 seconds
[2024-11-11T06:56:16.508+0000] {processor.py:186} INFO - Started process (PID=1040) to work on /home/airflow/.local/lib/python3.12/site-packages/airflow/example_dags/example_xcom.py
[2024-11-11T06:56:16.512+0000] {processor.py:914} INFO - Processing file /home/airflow/.local/lib/python3.12/site-packages/airflow/example_dags/example_xcom.py for tasks to queue
[2024-11-11T06:56:16.519+0000] {logging_mixin.py:190} INFO - [2024-11-11T06:56:16.518+0000] {dagbag.py:588} INFO - Filling up the DagBag from /home/airflow/.local/lib/python3.12/site-packages/airflow/example_dags/example_xcom.py
[2024-11-11T06:56:16.542+0000] {processor.py:925} INFO - DAG(s) 'example_xcom' retrieved from /home/airflow/.local/lib/python3.12/site-packages/airflow/example_dags/example_xcom.py
[2024-11-11T06:56:16.595+0000] {logging_mixin.py:190} INFO - [2024-11-11T06:56:16.594+0000] {dag.py:3239} INFO - Sync 1 DAGs
[2024-11-11T06:56:16.636+0000] {logging_mixin.py:190} INFO - [2024-11-11T06:56:16.636+0000] {dag.py:4180} INFO - Setting next_dagrun for example_xcom to 2021-01-01 00:00:00+00:00, run_after=2021-01-01 00:00:00+00:00
[2024-11-11T06:56:16.673+0000] {processor.py:208} INFO - Processing /home/airflow/.local/lib/python3.12/site-packages/airflow/example_dags/example_xcom.py took 0.181 seconds
[2024-11-11T06:56:48.381+0000] {processor.py:186} INFO - Started process (PID=1104) to work on /home/airflow/.local/lib/python3.12/site-packages/airflow/example_dags/example_xcom.py
[2024-11-11T06:56:48.382+0000] {processor.py:914} INFO - Processing file /home/airflow/.local/lib/python3.12/site-packages/airflow/example_dags/example_xcom.py for tasks to queue
[2024-11-11T06:56:48.386+0000] {logging_mixin.py:190} INFO - [2024-11-11T06:56:48.386+0000] {dagbag.py:588} INFO - Filling up the DagBag from /home/airflow/.local/lib/python3.12/site-packages/airflow/example_dags/example_xcom.py
[2024-11-11T06:56:48.399+0000] {processor.py:925} INFO - DAG(s) 'example_xcom' retrieved from /home/airflow/.local/lib/python3.12/site-packages/airflow/example_dags/example_xcom.py
[2024-11-11T06:56:48.443+0000] {logging_mixin.py:190} INFO - [2024-11-11T06:56:48.442+0000] {dag.py:3239} INFO - Sync 1 DAGs
[2024-11-11T06:56:48.481+0000] {logging_mixin.py:190} INFO - [2024-11-11T06:56:48.481+0000] {dag.py:4180} INFO - Setting next_dagrun for example_xcom to 2021-01-01 00:00:00+00:00, run_after=2021-01-01 00:00:00+00:00
[2024-11-11T06:56:48.508+0000] {processor.py:208} INFO - Processing /home/airflow/.local/lib/python3.12/site-packages/airflow/example_dags/example_xcom.py took 0.135 seconds
[2024-11-11T06:57:19.467+0000] {processor.py:186} INFO - Started process (PID=1167) to work on /home/airflow/.local/lib/python3.12/site-packages/airflow/example_dags/example_xcom.py
[2024-11-11T06:57:19.471+0000] {processor.py:914} INFO - Processing file /home/airflow/.local/lib/python3.12/site-packages/airflow/example_dags/example_xcom.py for tasks to queue
[2024-11-11T06:57:19.483+0000] {logging_mixin.py:190} INFO - [2024-11-11T06:57:19.481+0000] {dagbag.py:588} INFO - Filling up the DagBag from /home/airflow/.local/lib/python3.12/site-packages/airflow/example_dags/example_xcom.py
[2024-11-11T06:57:19.520+0000] {processor.py:925} INFO - DAG(s) 'example_xcom' retrieved from /home/airflow/.local/lib/python3.12/site-packages/airflow/example_dags/example_xcom.py
[2024-11-11T06:57:19.592+0000] {logging_mixin.py:190} INFO - [2024-11-11T06:57:19.590+0000] {dag.py:3239} INFO - Sync 1 DAGs
[2024-11-11T06:57:19.660+0000] {logging_mixin.py:190} INFO - [2024-11-11T06:57:19.660+0000] {dag.py:4180} INFO - Setting next_dagrun for example_xcom to 2021-01-01 00:00:00+00:00, run_after=2021-01-01 00:00:00+00:00
[2024-11-11T06:57:19.707+0000] {processor.py:208} INFO - Processing /home/airflow/.local/lib/python3.12/site-packages/airflow/example_dags/example_xcom.py took 0.263 seconds
[2024-11-11T06:57:50.586+0000] {processor.py:186} INFO - Started process (PID=1231) to work on /home/airflow/.local/lib/python3.12/site-packages/airflow/example_dags/example_xcom.py
[2024-11-11T06:57:50.589+0000] {processor.py:914} INFO - Processing file /home/airflow/.local/lib/python3.12/site-packages/airflow/example_dags/example_xcom.py for tasks to queue
[2024-11-11T06:57:50.594+0000] {logging_mixin.py:190} INFO - [2024-11-11T06:57:50.593+0000] {dagbag.py:588} INFO - Filling up the DagBag from /home/airflow/.local/lib/python3.12/site-packages/airflow/example_dags/example_xcom.py
[2024-11-11T06:57:50.613+0000] {processor.py:925} INFO - DAG(s) 'example_xcom' retrieved from /home/airflow/.local/lib/python3.12/site-packages/airflow/example_dags/example_xcom.py
[2024-11-11T06:57:50.655+0000] {logging_mixin.py:190} INFO - [2024-11-11T06:57:50.654+0000] {dag.py:3239} INFO - Sync 1 DAGs
[2024-11-11T06:57:50.693+0000] {logging_mixin.py:190} INFO - [2024-11-11T06:57:50.692+0000] {dag.py:4180} INFO - Setting next_dagrun for example_xcom to 2021-01-01 00:00:00+00:00, run_after=2021-01-01 00:00:00+00:00
[2024-11-11T06:57:50.732+0000] {processor.py:208} INFO - Processing /home/airflow/.local/lib/python3.12/site-packages/airflow/example_dags/example_xcom.py took 0.155 seconds
[2024-11-11T06:58:21.234+0000] {processor.py:186} INFO - Started process (PID=1294) to work on /home/airflow/.local/lib/python3.12/site-packages/airflow/example_dags/example_xcom.py
[2024-11-11T06:58:21.237+0000] {processor.py:914} INFO - Processing file /home/airflow/.local/lib/python3.12/site-packages/airflow/example_dags/example_xcom.py for tasks to queue
[2024-11-11T06:58:21.243+0000] {logging_mixin.py:190} INFO - [2024-11-11T06:58:21.242+0000] {dagbag.py:588} INFO - Filling up the DagBag from /home/airflow/.local/lib/python3.12/site-packages/airflow/example_dags/example_xcom.py
[2024-11-11T06:58:21.265+0000] {processor.py:925} INFO - DAG(s) 'example_xcom' retrieved from /home/airflow/.local/lib/python3.12/site-packages/airflow/example_dags/example_xcom.py
[2024-11-11T06:58:21.299+0000] {logging_mixin.py:190} INFO - [2024-11-11T06:58:21.299+0000] {dag.py:3239} INFO - Sync 1 DAGs
[2024-11-11T06:58:21.332+0000] {logging_mixin.py:190} INFO - [2024-11-11T06:58:21.332+0000] {dag.py:4180} INFO - Setting next_dagrun for example_xcom to 2021-01-01 00:00:00+00:00, run_after=2021-01-01 00:00:00+00:00
[2024-11-11T06:58:21.364+0000] {processor.py:208} INFO - Processing /home/airflow/.local/lib/python3.12/site-packages/airflow/example_dags/example_xcom.py took 0.141 seconds
[2024-11-11T06:58:51.732+0000] {processor.py:186} INFO - Started process (PID=1358) to work on /home/airflow/.local/lib/python3.12/site-packages/airflow/example_dags/example_xcom.py
[2024-11-11T06:58:51.736+0000] {processor.py:914} INFO - Processing file /home/airflow/.local/lib/python3.12/site-packages/airflow/example_dags/example_xcom.py for tasks to queue
[2024-11-11T06:58:51.741+0000] {logging_mixin.py:190} INFO - [2024-11-11T06:58:51.740+0000] {dagbag.py:588} INFO - Filling up the DagBag from /home/airflow/.local/lib/python3.12/site-packages/airflow/example_dags/example_xcom.py
[2024-11-11T06:58:51.766+0000] {processor.py:925} INFO - DAG(s) 'example_xcom' retrieved from /home/airflow/.local/lib/python3.12/site-packages/airflow/example_dags/example_xcom.py
[2024-11-11T06:58:51.877+0000] {logging_mixin.py:190} INFO - [2024-11-11T06:58:51.874+0000] {dag.py:3239} INFO - Sync 1 DAGs
[2024-11-11T06:58:52.039+0000] {logging_mixin.py:190} INFO - [2024-11-11T06:58:52.037+0000] {dag.py:4180} INFO - Setting next_dagrun for example_xcom to 2021-01-01 00:00:00+00:00, run_after=2021-01-01 00:00:00+00:00
[2024-11-11T06:58:52.121+0000] {processor.py:208} INFO - Processing /home/airflow/.local/lib/python3.12/site-packages/airflow/example_dags/example_xcom.py took 0.403 seconds
[2024-11-11T06:59:23.079+0000] {processor.py:186} INFO - Started process (PID=1428) to work on /home/airflow/.local/lib/python3.12/site-packages/airflow/example_dags/example_xcom.py
[2024-11-11T06:59:23.082+0000] {processor.py:914} INFO - Processing file /home/airflow/.local/lib/python3.12/site-packages/airflow/example_dags/example_xcom.py for tasks to queue
[2024-11-11T06:59:23.088+0000] {logging_mixin.py:190} INFO - [2024-11-11T06:59:23.087+0000] {dagbag.py:588} INFO - Filling up the DagBag from /home/airflow/.local/lib/python3.12/site-packages/airflow/example_dags/example_xcom.py
[2024-11-11T06:59:23.107+0000] {processor.py:925} INFO - DAG(s) 'example_xcom' retrieved from /home/airflow/.local/lib/python3.12/site-packages/airflow/example_dags/example_xcom.py
[2024-11-11T06:59:23.153+0000] {logging_mixin.py:190} INFO - [2024-11-11T06:59:23.152+0000] {dag.py:3239} INFO - Sync 1 DAGs
[2024-11-11T06:59:23.192+0000] {logging_mixin.py:190} INFO - [2024-11-11T06:59:23.192+0000] {dag.py:4180} INFO - Setting next_dagrun for example_xcom to 2021-01-01 00:00:00+00:00, run_after=2021-01-01 00:00:00+00:00
[2024-11-11T06:59:23.235+0000] {processor.py:208} INFO - Processing /home/airflow/.local/lib/python3.12/site-packages/airflow/example_dags/example_xcom.py took 0.165 seconds
[2024-11-11T06:59:54.267+0000] {processor.py:186} INFO - Started process (PID=1492) to work on /home/airflow/.local/lib/python3.12/site-packages/airflow/example_dags/example_xcom.py
[2024-11-11T06:59:54.269+0000] {processor.py:914} INFO - Processing file /home/airflow/.local/lib/python3.12/site-packages/airflow/example_dags/example_xcom.py for tasks to queue
[2024-11-11T06:59:54.272+0000] {logging_mixin.py:190} INFO - [2024-11-11T06:59:54.272+0000] {dagbag.py:588} INFO - Filling up the DagBag from /home/airflow/.local/lib/python3.12/site-packages/airflow/example_dags/example_xcom.py
[2024-11-11T06:59:54.286+0000] {processor.py:925} INFO - DAG(s) 'example_xcom' retrieved from /home/airflow/.local/lib/python3.12/site-packages/airflow/example_dags/example_xcom.py
[2024-11-11T06:59:54.318+0000] {logging_mixin.py:190} INFO - [2024-11-11T06:59:54.318+0000] {dag.py:3239} INFO - Sync 1 DAGs
[2024-11-11T06:59:54.352+0000] {logging_mixin.py:190} INFO - [2024-11-11T06:59:54.352+0000] {dag.py:4180} INFO - Setting next_dagrun for example_xcom to 2021-01-01 00:00:00+00:00, run_after=2021-01-01 00:00:00+00:00
[2024-11-11T06:59:54.381+0000] {processor.py:208} INFO - Processing /home/airflow/.local/lib/python3.12/site-packages/airflow/example_dags/example_xcom.py took 0.123 seconds
[2024-11-11T07:00:25.297+0000] {processor.py:186} INFO - Started process (PID=1556) to work on /home/airflow/.local/lib/python3.12/site-packages/airflow/example_dags/example_xcom.py
[2024-11-11T07:00:25.300+0000] {processor.py:914} INFO - Processing file /home/airflow/.local/lib/python3.12/site-packages/airflow/example_dags/example_xcom.py for tasks to queue
[2024-11-11T07:00:25.306+0000] {logging_mixin.py:190} INFO - [2024-11-11T07:00:25.306+0000] {dagbag.py:588} INFO - Filling up the DagBag from /home/airflow/.local/lib/python3.12/site-packages/airflow/example_dags/example_xcom.py
[2024-11-11T07:00:25.333+0000] {processor.py:925} INFO - DAG(s) 'example_xcom' retrieved from /home/airflow/.local/lib/python3.12/site-packages/airflow/example_dags/example_xcom.py
[2024-11-11T07:00:25.392+0000] {logging_mixin.py:190} INFO - [2024-11-11T07:00:25.391+0000] {dag.py:3239} INFO - Sync 1 DAGs
[2024-11-11T07:00:25.432+0000] {logging_mixin.py:190} INFO - [2024-11-11T07:00:25.431+0000] {dag.py:4180} INFO - Setting next_dagrun for example_xcom to 2021-01-01 00:00:00+00:00, run_after=2021-01-01 00:00:00+00:00
[2024-11-11T07:00:25.516+0000] {processor.py:208} INFO - Processing /home/airflow/.local/lib/python3.12/site-packages/airflow/example_dags/example_xcom.py took 0.227 seconds
[2024-11-11T07:00:55.701+0000] {processor.py:186} INFO - Started process (PID=1620) to work on /home/airflow/.local/lib/python3.12/site-packages/airflow/example_dags/example_xcom.py
[2024-11-11T07:00:55.703+0000] {processor.py:914} INFO - Processing file /home/airflow/.local/lib/python3.12/site-packages/airflow/example_dags/example_xcom.py for tasks to queue
[2024-11-11T07:00:55.707+0000] {logging_mixin.py:190} INFO - [2024-11-11T07:00:55.707+0000] {dagbag.py:588} INFO - Filling up the DagBag from /home/airflow/.local/lib/python3.12/site-packages/airflow/example_dags/example_xcom.py
[2024-11-11T07:00:55.722+0000] {processor.py:925} INFO - DAG(s) 'example_xcom' retrieved from /home/airflow/.local/lib/python3.12/site-packages/airflow/example_dags/example_xcom.py
[2024-11-11T07:00:55.754+0000] {logging_mixin.py:190} INFO - [2024-11-11T07:00:55.753+0000] {dag.py:3239} INFO - Sync 1 DAGs
[2024-11-11T07:00:55.780+0000] {logging_mixin.py:190} INFO - [2024-11-11T07:00:55.779+0000] {dag.py:4180} INFO - Setting next_dagrun for example_xcom to 2021-01-01 00:00:00+00:00, run_after=2021-01-01 00:00:00+00:00
[2024-11-11T07:00:55.806+0000] {processor.py:208} INFO - Processing /home/airflow/.local/lib/python3.12/site-packages/airflow/example_dags/example_xcom.py took 0.114 seconds
[2024-11-11T07:01:26.280+0000] {processor.py:186} INFO - Started process (PID=1684) to work on /home/airflow/.local/lib/python3.12/site-packages/airflow/example_dags/example_xcom.py
[2024-11-11T07:01:26.281+0000] {processor.py:914} INFO - Processing file /home/airflow/.local/lib/python3.12/site-packages/airflow/example_dags/example_xcom.py for tasks to queue
[2024-11-11T07:01:26.288+0000] {logging_mixin.py:190} INFO - [2024-11-11T07:01:26.287+0000] {dagbag.py:588} INFO - Filling up the DagBag from /home/airflow/.local/lib/python3.12/site-packages/airflow/example_dags/example_xcom.py
[2024-11-11T07:01:26.303+0000] {processor.py:925} INFO - DAG(s) 'example_xcom' retrieved from /home/airflow/.local/lib/python3.12/site-packages/airflow/example_dags/example_xcom.py
[2024-11-11T07:01:26.333+0000] {logging_mixin.py:190} INFO - [2024-11-11T07:01:26.332+0000] {dag.py:3239} INFO - Sync 1 DAGs
[2024-11-11T07:01:26.363+0000] {logging_mixin.py:190} INFO - [2024-11-11T07:01:26.362+0000] {dag.py:4180} INFO - Setting next_dagrun for example_xcom to 2021-01-01 00:00:00+00:00, run_after=2021-01-01 00:00:00+00:00
[2024-11-11T07:01:26.391+0000] {processor.py:208} INFO - Processing /home/airflow/.local/lib/python3.12/site-packages/airflow/example_dags/example_xcom.py took 0.121 seconds
[2024-11-11T07:01:56.485+0000] {processor.py:186} INFO - Started process (PID=1748) to work on /home/airflow/.local/lib/python3.12/site-packages/airflow/example_dags/example_xcom.py
[2024-11-11T07:01:56.487+0000] {processor.py:914} INFO - Processing file /home/airflow/.local/lib/python3.12/site-packages/airflow/example_dags/example_xcom.py for tasks to queue
[2024-11-11T07:01:56.492+0000] {logging_mixin.py:190} INFO - [2024-11-11T07:01:56.491+0000] {dagbag.py:588} INFO - Filling up the DagBag from /home/airflow/.local/lib/python3.12/site-packages/airflow/example_dags/example_xcom.py
[2024-11-11T07:01:56.512+0000] {processor.py:925} INFO - DAG(s) 'example_xcom' retrieved from /home/airflow/.local/lib/python3.12/site-packages/airflow/example_dags/example_xcom.py
[2024-11-11T07:01:56.561+0000] {logging_mixin.py:190} INFO - [2024-11-11T07:01:56.560+0000] {dag.py:3239} INFO - Sync 1 DAGs
[2024-11-11T07:01:56.606+0000] {logging_mixin.py:190} INFO - [2024-11-11T07:01:56.606+0000] {dag.py:4180} INFO - Setting next_dagrun for example_xcom to 2021-01-01 00:00:00+00:00, run_after=2021-01-01 00:00:00+00:00
[2024-11-11T07:01:56.638+0000] {processor.py:208} INFO - Processing /home/airflow/.local/lib/python3.12/site-packages/airflow/example_dags/example_xcom.py took 0.160 seconds
[2024-11-11T07:02:27.321+0000] {processor.py:186} INFO - Started process (PID=1812) to work on /home/airflow/.local/lib/python3.12/site-packages/airflow/example_dags/example_xcom.py
[2024-11-11T07:02:27.323+0000] {processor.py:914} INFO - Processing file /home/airflow/.local/lib/python3.12/site-packages/airflow/example_dags/example_xcom.py for tasks to queue
[2024-11-11T07:02:27.327+0000] {logging_mixin.py:190} INFO - [2024-11-11T07:02:27.327+0000] {dagbag.py:588} INFO - Filling up the DagBag from /home/airflow/.local/lib/python3.12/site-packages/airflow/example_dags/example_xcom.py
[2024-11-11T07:02:27.340+0000] {processor.py:925} INFO - DAG(s) 'example_xcom' retrieved from /home/airflow/.local/lib/python3.12/site-packages/airflow/example_dags/example_xcom.py
[2024-11-11T07:02:27.369+0000] {logging_mixin.py:190} INFO - [2024-11-11T07:02:27.369+0000] {dag.py:3239} INFO - Sync 1 DAGs
[2024-11-11T07:02:27.396+0000] {logging_mixin.py:190} INFO - [2024-11-11T07:02:27.395+0000] {dag.py:4180} INFO - Setting next_dagrun for example_xcom to 2021-01-01 00:00:00+00:00, run_after=2021-01-01 00:00:00+00:00
[2024-11-11T07:02:27.422+0000] {processor.py:208} INFO - Processing /home/airflow/.local/lib/python3.12/site-packages/airflow/example_dags/example_xcom.py took 0.109 seconds
[2024-11-11T07:02:57.557+0000] {processor.py:186} INFO - Started process (PID=1876) to work on /home/airflow/.local/lib/python3.12/site-packages/airflow/example_dags/example_xcom.py
[2024-11-11T07:02:57.559+0000] {processor.py:914} INFO - Processing file /home/airflow/.local/lib/python3.12/site-packages/airflow/example_dags/example_xcom.py for tasks to queue
[2024-11-11T07:02:57.563+0000] {logging_mixin.py:190} INFO - [2024-11-11T07:02:57.562+0000] {dagbag.py:588} INFO - Filling up the DagBag from /home/airflow/.local/lib/python3.12/site-packages/airflow/example_dags/example_xcom.py
[2024-11-11T07:02:57.574+0000] {processor.py:925} INFO - DAG(s) 'example_xcom' retrieved from /home/airflow/.local/lib/python3.12/site-packages/airflow/example_dags/example_xcom.py
[2024-11-11T07:02:57.602+0000] {logging_mixin.py:190} INFO - [2024-11-11T07:02:57.602+0000] {dag.py:3239} INFO - Sync 1 DAGs
[2024-11-11T07:02:57.638+0000] {logging_mixin.py:190} INFO - [2024-11-11T07:02:57.638+0000] {dag.py:4180} INFO - Setting next_dagrun for example_xcom to 2021-01-01 00:00:00+00:00, run_after=2021-01-01 00:00:00+00:00
[2024-11-11T07:02:57.677+0000] {processor.py:208} INFO - Processing /home/airflow/.local/lib/python3.12/site-packages/airflow/example_dags/example_xcom.py took 0.128 seconds
[2024-11-11T07:03:28.511+0000] {processor.py:186} INFO - Started process (PID=1940) to work on /home/airflow/.local/lib/python3.12/site-packages/airflow/example_dags/example_xcom.py
[2024-11-11T07:03:28.514+0000] {processor.py:914} INFO - Processing file /home/airflow/.local/lib/python3.12/site-packages/airflow/example_dags/example_xcom.py for tasks to queue
[2024-11-11T07:03:28.522+0000] {logging_mixin.py:190} INFO - [2024-11-11T07:03:28.521+0000] {dagbag.py:588} INFO - Filling up the DagBag from /home/airflow/.local/lib/python3.12/site-packages/airflow/example_dags/example_xcom.py
[2024-11-11T07:03:28.546+0000] {processor.py:925} INFO - DAG(s) 'example_xcom' retrieved from /home/airflow/.local/lib/python3.12/site-packages/airflow/example_dags/example_xcom.py
[2024-11-11T07:03:28.602+0000] {logging_mixin.py:190} INFO - [2024-11-11T07:03:28.602+0000] {dag.py:3239} INFO - Sync 1 DAGs
[2024-11-11T07:03:28.656+0000] {logging_mixin.py:190} INFO - [2024-11-11T07:03:28.655+0000] {dag.py:4180} INFO - Setting next_dagrun for example_xcom to 2021-01-01 00:00:00+00:00, run_after=2021-01-01 00:00:00+00:00
[2024-11-11T07:03:28.706+0000] {processor.py:208} INFO - Processing /home/airflow/.local/lib/python3.12/site-packages/airflow/example_dags/example_xcom.py took 0.217 seconds
