[2024-11-11T06:48:17.275+0000] {processor.py:186} INFO - Started process (PID=40) to work on /home/airflow/.local/lib/python3.12/site-packages/airflow/example_dags/example_sla_dag.py
[2024-11-11T06:48:17.278+0000] {processor.py:914} INFO - Processing file /home/airflow/.local/lib/python3.12/site-packages/airflow/example_dags/example_sla_dag.py for tasks to queue
[2024-11-11T06:48:17.287+0000] {logging_mixin.py:190} INFO - [2024-11-11T06:48:17.286+0000] {dagbag.py:588} INFO - Filling up the DagBag from /home/airflow/.local/lib/python3.12/site-packages/airflow/example_dags/example_sla_dag.py
[2024-11-11T06:48:17.301+0000] {processor.py:925} INFO - DAG(s) 'example_sla_dag' retrieved from /home/airflow/.local/lib/python3.12/site-packages/airflow/example_dags/example_sla_dag.py
[2024-11-11T06:48:17.460+0000] {logging_mixin.py:190} INFO - [2024-11-11T06:48:17.459+0000] {override.py:1911} INFO - Created Permission View: can read on DAG:example_sla_dag
[2024-11-11T06:48:17.488+0000] {logging_mixin.py:190} INFO - [2024-11-11T06:48:17.487+0000] {override.py:1911} INFO - Created Permission View: can delete on DAG:example_sla_dag
[2024-11-11T06:48:17.503+0000] {logging_mixin.py:190} INFO - [2024-11-11T06:48:17.502+0000] {override.py:1911} INFO - Created Permission View: can edit on DAG:example_sla_dag
[2024-11-11T06:48:17.518+0000] {logging_mixin.py:190} INFO - [2024-11-11T06:48:17.518+0000] {override.py:1911} INFO - Created Permission View: menu access on DAG Run:example_sla_dag
[2024-11-11T06:48:17.529+0000] {logging_mixin.py:190} INFO - [2024-11-11T06:48:17.529+0000] {override.py:1911} INFO - Created Permission View: can read on DAG Run:example_sla_dag
[2024-11-11T06:48:17.539+0000] {logging_mixin.py:190} INFO - [2024-11-11T06:48:17.538+0000] {override.py:1911} INFO - Created Permission View: can delete on DAG Run:example_sla_dag
[2024-11-11T06:48:17.549+0000] {logging_mixin.py:190} INFO - [2024-11-11T06:48:17.548+0000] {override.py:1911} INFO - Created Permission View: can create on DAG Run:example_sla_dag
[2024-11-11T06:48:17.550+0000] {logging_mixin.py:190} INFO - [2024-11-11T06:48:17.550+0000] {dag.py:3239} INFO - Sync 1 DAGs
[2024-11-11T06:48:17.578+0000] {logging_mixin.py:190} INFO - [2024-11-11T06:48:17.577+0000] {dag.py:3262} INFO - Creating ORM DAG for example_sla_dag
[2024-11-11T06:48:17.622+0000] {logging_mixin.py:190} INFO - [2024-11-11T06:48:17.621+0000] {dag.py:4180} INFO - Setting next_dagrun for example_sla_dag to 2024-11-11 06:46:00+00:00, run_after=2024-11-11 06:48:00+00:00
[2024-11-11T06:48:17.692+0000] {processor.py:208} INFO - Processing /home/airflow/.local/lib/python3.12/site-packages/airflow/example_dags/example_sla_dag.py took 0.425 seconds
[2024-11-11T06:48:48.662+0000] {processor.py:186} INFO - Started process (PID=109) to work on /home/airflow/.local/lib/python3.12/site-packages/airflow/example_dags/example_sla_dag.py
[2024-11-11T06:48:48.664+0000] {processor.py:914} INFO - Processing file /home/airflow/.local/lib/python3.12/site-packages/airflow/example_dags/example_sla_dag.py for tasks to queue
[2024-11-11T06:48:48.670+0000] {logging_mixin.py:190} INFO - [2024-11-11T06:48:48.669+0000] {dagbag.py:588} INFO - Filling up the DagBag from /home/airflow/.local/lib/python3.12/site-packages/airflow/example_dags/example_sla_dag.py
[2024-11-11T06:48:48.694+0000] {processor.py:925} INFO - DAG(s) 'example_sla_dag' retrieved from /home/airflow/.local/lib/python3.12/site-packages/airflow/example_dags/example_sla_dag.py
[2024-11-11T06:48:48.735+0000] {logging_mixin.py:190} INFO - [2024-11-11T06:48:48.735+0000] {dag.py:3239} INFO - Sync 1 DAGs
[2024-11-11T06:48:48.777+0000] {logging_mixin.py:190} INFO - [2024-11-11T06:48:48.777+0000] {dag.py:4180} INFO - Setting next_dagrun for example_sla_dag to 2024-11-11 06:46:00+00:00, run_after=2024-11-11 06:48:00+00:00
[2024-11-11T06:48:48.808+0000] {processor.py:208} INFO - Processing /home/airflow/.local/lib/python3.12/site-packages/airflow/example_dags/example_sla_dag.py took 0.154 seconds
[2024-11-11T06:49:19.685+0000] {processor.py:186} INFO - Started process (PID=173) to work on /home/airflow/.local/lib/python3.12/site-packages/airflow/example_dags/example_sla_dag.py
[2024-11-11T06:49:19.688+0000] {processor.py:914} INFO - Processing file /home/airflow/.local/lib/python3.12/site-packages/airflow/example_dags/example_sla_dag.py for tasks to queue
[2024-11-11T06:49:19.692+0000] {logging_mixin.py:190} INFO - [2024-11-11T06:49:19.691+0000] {dagbag.py:588} INFO - Filling up the DagBag from /home/airflow/.local/lib/python3.12/site-packages/airflow/example_dags/example_sla_dag.py
[2024-11-11T06:49:19.706+0000] {processor.py:925} INFO - DAG(s) 'example_sla_dag' retrieved from /home/airflow/.local/lib/python3.12/site-packages/airflow/example_dags/example_sla_dag.py
[2024-11-11T06:49:19.741+0000] {logging_mixin.py:190} INFO - [2024-11-11T06:49:19.741+0000] {dag.py:3239} INFO - Sync 1 DAGs
[2024-11-11T06:49:19.781+0000] {logging_mixin.py:190} INFO - [2024-11-11T06:49:19.781+0000] {dag.py:4180} INFO - Setting next_dagrun for example_sla_dag to 2024-11-11 06:46:00+00:00, run_after=2024-11-11 06:48:00+00:00
[2024-11-11T06:49:19.816+0000] {processor.py:208} INFO - Processing /home/airflow/.local/lib/python3.12/site-packages/airflow/example_dags/example_sla_dag.py took 0.141 seconds
[2024-11-11T06:49:50.284+0000] {processor.py:186} INFO - Started process (PID=237) to work on /home/airflow/.local/lib/python3.12/site-packages/airflow/example_dags/example_sla_dag.py
[2024-11-11T06:49:50.288+0000] {processor.py:914} INFO - Processing file /home/airflow/.local/lib/python3.12/site-packages/airflow/example_dags/example_sla_dag.py for tasks to queue
[2024-11-11T06:49:50.301+0000] {logging_mixin.py:190} INFO - [2024-11-11T06:49:50.300+0000] {dagbag.py:588} INFO - Filling up the DagBag from /home/airflow/.local/lib/python3.12/site-packages/airflow/example_dags/example_sla_dag.py
[2024-11-11T06:49:50.474+0000] {processor.py:925} INFO - DAG(s) 'example_sla_dag' retrieved from /home/airflow/.local/lib/python3.12/site-packages/airflow/example_dags/example_sla_dag.py
[2024-11-11T06:49:50.585+0000] {logging_mixin.py:190} INFO - [2024-11-11T06:49:50.585+0000] {dag.py:3239} INFO - Sync 1 DAGs
[2024-11-11T06:49:50.707+0000] {logging_mixin.py:190} INFO - [2024-11-11T06:49:50.704+0000] {dag.py:4180} INFO - Setting next_dagrun for example_sla_dag to 2024-11-11 06:46:00+00:00, run_after=2024-11-11 06:48:00+00:00
[2024-11-11T06:49:50.808+0000] {processor.py:208} INFO - Processing /home/airflow/.local/lib/python3.12/site-packages/airflow/example_dags/example_sla_dag.py took 0.546 seconds
[2024-11-11T06:50:21.772+0000] {processor.py:186} INFO - Started process (PID=301) to work on /home/airflow/.local/lib/python3.12/site-packages/airflow/example_dags/example_sla_dag.py
[2024-11-11T06:50:21.781+0000] {processor.py:914} INFO - Processing file /home/airflow/.local/lib/python3.12/site-packages/airflow/example_dags/example_sla_dag.py for tasks to queue
[2024-11-11T06:50:21.837+0000] {logging_mixin.py:190} INFO - [2024-11-11T06:50:21.830+0000] {dagbag.py:588} INFO - Filling up the DagBag from /home/airflow/.local/lib/python3.12/site-packages/airflow/example_dags/example_sla_dag.py
[2024-11-11T06:50:22.064+0000] {processor.py:925} INFO - DAG(s) 'example_sla_dag' retrieved from /home/airflow/.local/lib/python3.12/site-packages/airflow/example_dags/example_sla_dag.py
[2024-11-11T06:50:22.232+0000] {logging_mixin.py:190} INFO - [2024-11-11T06:50:22.231+0000] {dag.py:3239} INFO - Sync 1 DAGs
[2024-11-11T06:50:22.638+0000] {logging_mixin.py:190} INFO - [2024-11-11T06:50:22.637+0000] {dag.py:4180} INFO - Setting next_dagrun for example_sla_dag to 2024-11-11 06:48:00+00:00, run_after=2024-11-11 06:50:00+00:00
[2024-11-11T06:50:22.766+0000] {processor.py:208} INFO - Processing /home/airflow/.local/lib/python3.12/site-packages/airflow/example_dags/example_sla_dag.py took 1.073 seconds
[2024-11-11T06:50:53.724+0000] {processor.py:186} INFO - Started process (PID=365) to work on /home/airflow/.local/lib/python3.12/site-packages/airflow/example_dags/example_sla_dag.py
[2024-11-11T06:50:53.728+0000] {processor.py:914} INFO - Processing file /home/airflow/.local/lib/python3.12/site-packages/airflow/example_dags/example_sla_dag.py for tasks to queue
[2024-11-11T06:50:53.738+0000] {logging_mixin.py:190} INFO - [2024-11-11T06:50:53.737+0000] {dagbag.py:588} INFO - Filling up the DagBag from /home/airflow/.local/lib/python3.12/site-packages/airflow/example_dags/example_sla_dag.py
[2024-11-11T06:50:53.762+0000] {processor.py:925} INFO - DAG(s) 'example_sla_dag' retrieved from /home/airflow/.local/lib/python3.12/site-packages/airflow/example_dags/example_sla_dag.py
[2024-11-11T06:50:53.825+0000] {logging_mixin.py:190} INFO - [2024-11-11T06:50:53.824+0000] {dag.py:3239} INFO - Sync 1 DAGs
[2024-11-11T06:50:53.891+0000] {logging_mixin.py:190} INFO - [2024-11-11T06:50:53.890+0000] {dag.py:4180} INFO - Setting next_dagrun for example_sla_dag to 2024-11-11 06:48:00+00:00, run_after=2024-11-11 06:50:00+00:00
[2024-11-11T06:50:53.931+0000] {processor.py:208} INFO - Processing /home/airflow/.local/lib/python3.12/site-packages/airflow/example_dags/example_sla_dag.py took 0.225 seconds
[2024-11-11T06:51:24.022+0000] {processor.py:186} INFO - Started process (PID=429) to work on /home/airflow/.local/lib/python3.12/site-packages/airflow/example_dags/example_sla_dag.py
[2024-11-11T06:51:24.023+0000] {processor.py:914} INFO - Processing file /home/airflow/.local/lib/python3.12/site-packages/airflow/example_dags/example_sla_dag.py for tasks to queue
[2024-11-11T06:51:24.027+0000] {logging_mixin.py:190} INFO - [2024-11-11T06:51:24.027+0000] {dagbag.py:588} INFO - Filling up the DagBag from /home/airflow/.local/lib/python3.12/site-packages/airflow/example_dags/example_sla_dag.py
[2024-11-11T06:51:24.042+0000] {processor.py:925} INFO - DAG(s) 'example_sla_dag' retrieved from /home/airflow/.local/lib/python3.12/site-packages/airflow/example_dags/example_sla_dag.py
[2024-11-11T06:51:24.070+0000] {logging_mixin.py:190} INFO - [2024-11-11T06:51:24.069+0000] {dag.py:3239} INFO - Sync 1 DAGs
[2024-11-11T06:51:24.105+0000] {logging_mixin.py:190} INFO - [2024-11-11T06:51:24.105+0000] {dag.py:4180} INFO - Setting next_dagrun for example_sla_dag to 2024-11-11 06:48:00+00:00, run_after=2024-11-11 06:50:00+00:00
[2024-11-11T06:51:24.131+0000] {processor.py:208} INFO - Processing /home/airflow/.local/lib/python3.12/site-packages/airflow/example_dags/example_sla_dag.py took 0.119 seconds
[2024-11-11T06:51:54.218+0000] {processor.py:186} INFO - Started process (PID=493) to work on /home/airflow/.local/lib/python3.12/site-packages/airflow/example_dags/example_sla_dag.py
[2024-11-11T06:51:54.220+0000] {processor.py:914} INFO - Processing file /home/airflow/.local/lib/python3.12/site-packages/airflow/example_dags/example_sla_dag.py for tasks to queue
[2024-11-11T06:51:54.227+0000] {logging_mixin.py:190} INFO - [2024-11-11T06:51:54.227+0000] {dagbag.py:588} INFO - Filling up the DagBag from /home/airflow/.local/lib/python3.12/site-packages/airflow/example_dags/example_sla_dag.py
[2024-11-11T06:51:54.244+0000] {processor.py:925} INFO - DAG(s) 'example_sla_dag' retrieved from /home/airflow/.local/lib/python3.12/site-packages/airflow/example_dags/example_sla_dag.py
[2024-11-11T06:51:54.301+0000] {logging_mixin.py:190} INFO - [2024-11-11T06:51:54.300+0000] {dag.py:3239} INFO - Sync 1 DAGs
[2024-11-11T06:51:54.342+0000] {logging_mixin.py:190} INFO - [2024-11-11T06:51:54.342+0000] {dag.py:4180} INFO - Setting next_dagrun for example_sla_dag to 2024-11-11 06:48:00+00:00, run_after=2024-11-11 06:50:00+00:00
[2024-11-11T06:51:54.373+0000] {processor.py:208} INFO - Processing /home/airflow/.local/lib/python3.12/site-packages/airflow/example_dags/example_sla_dag.py took 0.166 seconds
[2024-11-11T06:52:24.427+0000] {processor.py:186} INFO - Started process (PID=557) to work on /home/airflow/.local/lib/python3.12/site-packages/airflow/example_dags/example_sla_dag.py
[2024-11-11T06:52:24.429+0000] {processor.py:914} INFO - Processing file /home/airflow/.local/lib/python3.12/site-packages/airflow/example_dags/example_sla_dag.py for tasks to queue
[2024-11-11T06:52:24.432+0000] {logging_mixin.py:190} INFO - [2024-11-11T06:52:24.432+0000] {dagbag.py:588} INFO - Filling up the DagBag from /home/airflow/.local/lib/python3.12/site-packages/airflow/example_dags/example_sla_dag.py
[2024-11-11T06:52:24.445+0000] {processor.py:925} INFO - DAG(s) 'example_sla_dag' retrieved from /home/airflow/.local/lib/python3.12/site-packages/airflow/example_dags/example_sla_dag.py
[2024-11-11T06:52:24.473+0000] {logging_mixin.py:190} INFO - [2024-11-11T06:52:24.472+0000] {dag.py:3239} INFO - Sync 1 DAGs
[2024-11-11T06:52:24.502+0000] {logging_mixin.py:190} INFO - [2024-11-11T06:52:24.502+0000] {dag.py:4180} INFO - Setting next_dagrun for example_sla_dag to 2024-11-11 06:50:00+00:00, run_after=2024-11-11 06:52:00+00:00
[2024-11-11T06:52:24.528+0000] {processor.py:208} INFO - Processing /home/airflow/.local/lib/python3.12/site-packages/airflow/example_dags/example_sla_dag.py took 0.108 seconds
[2024-11-11T06:52:54.592+0000] {processor.py:186} INFO - Started process (PID=621) to work on /home/airflow/.local/lib/python3.12/site-packages/airflow/example_dags/example_sla_dag.py
[2024-11-11T06:52:54.595+0000] {processor.py:914} INFO - Processing file /home/airflow/.local/lib/python3.12/site-packages/airflow/example_dags/example_sla_dag.py for tasks to queue
[2024-11-11T06:52:54.600+0000] {logging_mixin.py:190} INFO - [2024-11-11T06:52:54.599+0000] {dagbag.py:588} INFO - Filling up the DagBag from /home/airflow/.local/lib/python3.12/site-packages/airflow/example_dags/example_sla_dag.py
[2024-11-11T06:52:54.620+0000] {processor.py:925} INFO - DAG(s) 'example_sla_dag' retrieved from /home/airflow/.local/lib/python3.12/site-packages/airflow/example_dags/example_sla_dag.py
[2024-11-11T06:52:54.680+0000] {logging_mixin.py:190} INFO - [2024-11-11T06:52:54.679+0000] {dag.py:3239} INFO - Sync 1 DAGs
[2024-11-11T06:52:54.756+0000] {logging_mixin.py:190} INFO - [2024-11-11T06:52:54.755+0000] {dag.py:4180} INFO - Setting next_dagrun for example_sla_dag to 2024-11-11 06:50:00+00:00, run_after=2024-11-11 06:52:00+00:00
[2024-11-11T06:52:54.791+0000] {processor.py:208} INFO - Processing /home/airflow/.local/lib/python3.12/site-packages/airflow/example_dags/example_sla_dag.py took 0.208 seconds
[2024-11-11T06:53:25.117+0000] {processor.py:186} INFO - Started process (PID=684) to work on /home/airflow/.local/lib/python3.12/site-packages/airflow/example_dags/example_sla_dag.py
[2024-11-11T06:53:25.119+0000] {processor.py:914} INFO - Processing file /home/airflow/.local/lib/python3.12/site-packages/airflow/example_dags/example_sla_dag.py for tasks to queue
[2024-11-11T06:53:25.125+0000] {logging_mixin.py:190} INFO - [2024-11-11T06:53:25.124+0000] {dagbag.py:588} INFO - Filling up the DagBag from /home/airflow/.local/lib/python3.12/site-packages/airflow/example_dags/example_sla_dag.py
[2024-11-11T06:53:25.148+0000] {processor.py:925} INFO - DAG(s) 'example_sla_dag' retrieved from /home/airflow/.local/lib/python3.12/site-packages/airflow/example_dags/example_sla_dag.py
[2024-11-11T06:53:25.184+0000] {logging_mixin.py:190} INFO - [2024-11-11T06:53:25.183+0000] {dag.py:3239} INFO - Sync 1 DAGs
[2024-11-11T06:53:25.228+0000] {logging_mixin.py:190} INFO - [2024-11-11T06:53:25.228+0000] {dag.py:4180} INFO - Setting next_dagrun for example_sla_dag to 2024-11-11 06:50:00+00:00, run_after=2024-11-11 06:52:00+00:00
[2024-11-11T06:53:25.267+0000] {processor.py:208} INFO - Processing /home/airflow/.local/lib/python3.12/site-packages/airflow/example_dags/example_sla_dag.py took 0.161 seconds
[2024-11-11T06:53:55.592+0000] {processor.py:186} INFO - Started process (PID=748) to work on /home/airflow/.local/lib/python3.12/site-packages/airflow/example_dags/example_sla_dag.py
[2024-11-11T06:53:55.594+0000] {processor.py:914} INFO - Processing file /home/airflow/.local/lib/python3.12/site-packages/airflow/example_dags/example_sla_dag.py for tasks to queue
[2024-11-11T06:53:55.597+0000] {logging_mixin.py:190} INFO - [2024-11-11T06:53:55.597+0000] {dagbag.py:588} INFO - Filling up the DagBag from /home/airflow/.local/lib/python3.12/site-packages/airflow/example_dags/example_sla_dag.py
[2024-11-11T06:53:55.610+0000] {processor.py:925} INFO - DAG(s) 'example_sla_dag' retrieved from /home/airflow/.local/lib/python3.12/site-packages/airflow/example_dags/example_sla_dag.py
[2024-11-11T06:53:55.641+0000] {logging_mixin.py:190} INFO - [2024-11-11T06:53:55.641+0000] {dag.py:3239} INFO - Sync 1 DAGs
[2024-11-11T06:53:55.672+0000] {logging_mixin.py:190} INFO - [2024-11-11T06:53:55.672+0000] {dag.py:4180} INFO - Setting next_dagrun for example_sla_dag to 2024-11-11 06:50:00+00:00, run_after=2024-11-11 06:52:00+00:00
[2024-11-11T06:53:55.698+0000] {processor.py:208} INFO - Processing /home/airflow/.local/lib/python3.12/site-packages/airflow/example_dags/example_sla_dag.py took 0.112 seconds
[2024-11-11T06:54:26.201+0000] {processor.py:186} INFO - Started process (PID=812) to work on /home/airflow/.local/lib/python3.12/site-packages/airflow/example_dags/example_sla_dag.py
[2024-11-11T06:54:26.204+0000] {processor.py:914} INFO - Processing file /home/airflow/.local/lib/python3.12/site-packages/airflow/example_dags/example_sla_dag.py for tasks to queue
[2024-11-11T06:54:26.210+0000] {logging_mixin.py:190} INFO - [2024-11-11T06:54:26.210+0000] {dagbag.py:588} INFO - Filling up the DagBag from /home/airflow/.local/lib/python3.12/site-packages/airflow/example_dags/example_sla_dag.py
[2024-11-11T06:54:26.246+0000] {processor.py:925} INFO - DAG(s) 'example_sla_dag' retrieved from /home/airflow/.local/lib/python3.12/site-packages/airflow/example_dags/example_sla_dag.py
[2024-11-11T06:54:26.329+0000] {logging_mixin.py:190} INFO - [2024-11-11T06:54:26.329+0000] {dag.py:3239} INFO - Sync 1 DAGs
[2024-11-11T06:54:26.397+0000] {logging_mixin.py:190} INFO - [2024-11-11T06:54:26.397+0000] {dag.py:4180} INFO - Setting next_dagrun for example_sla_dag to 2024-11-11 06:52:00+00:00, run_after=2024-11-11 06:54:00+00:00
[2024-11-11T06:54:26.444+0000] {processor.py:208} INFO - Processing /home/airflow/.local/lib/python3.12/site-packages/airflow/example_dags/example_sla_dag.py took 0.258 seconds
[2024-11-11T06:54:57.246+0000] {processor.py:186} INFO - Started process (PID=876) to work on /home/airflow/.local/lib/python3.12/site-packages/airflow/example_dags/example_sla_dag.py
[2024-11-11T06:54:57.248+0000] {processor.py:914} INFO - Processing file /home/airflow/.local/lib/python3.12/site-packages/airflow/example_dags/example_sla_dag.py for tasks to queue
[2024-11-11T06:54:57.251+0000] {logging_mixin.py:190} INFO - [2024-11-11T06:54:57.251+0000] {dagbag.py:588} INFO - Filling up the DagBag from /home/airflow/.local/lib/python3.12/site-packages/airflow/example_dags/example_sla_dag.py
[2024-11-11T06:54:57.267+0000] {processor.py:925} INFO - DAG(s) 'example_sla_dag' retrieved from /home/airflow/.local/lib/python3.12/site-packages/airflow/example_dags/example_sla_dag.py
[2024-11-11T06:54:57.297+0000] {logging_mixin.py:190} INFO - [2024-11-11T06:54:57.296+0000] {dag.py:3239} INFO - Sync 1 DAGs
[2024-11-11T06:54:57.332+0000] {logging_mixin.py:190} INFO - [2024-11-11T06:54:57.332+0000] {dag.py:4180} INFO - Setting next_dagrun for example_sla_dag to 2024-11-11 06:52:00+00:00, run_after=2024-11-11 06:54:00+00:00
[2024-11-11T06:54:57.366+0000] {processor.py:208} INFO - Processing /home/airflow/.local/lib/python3.12/site-packages/airflow/example_dags/example_sla_dag.py took 0.128 seconds
[2024-11-11T06:55:27.708+0000] {processor.py:186} INFO - Started process (PID=940) to work on /home/airflow/.local/lib/python3.12/site-packages/airflow/example_dags/example_sla_dag.py
[2024-11-11T06:55:27.710+0000] {processor.py:914} INFO - Processing file /home/airflow/.local/lib/python3.12/site-packages/airflow/example_dags/example_sla_dag.py for tasks to queue
[2024-11-11T06:55:27.713+0000] {logging_mixin.py:190} INFO - [2024-11-11T06:55:27.713+0000] {dagbag.py:588} INFO - Filling up the DagBag from /home/airflow/.local/lib/python3.12/site-packages/airflow/example_dags/example_sla_dag.py
[2024-11-11T06:55:27.727+0000] {processor.py:925} INFO - DAG(s) 'example_sla_dag' retrieved from /home/airflow/.local/lib/python3.12/site-packages/airflow/example_dags/example_sla_dag.py
[2024-11-11T06:55:27.761+0000] {logging_mixin.py:190} INFO - [2024-11-11T06:55:27.761+0000] {dag.py:3239} INFO - Sync 1 DAGs
[2024-11-11T06:55:27.802+0000] {logging_mixin.py:190} INFO - [2024-11-11T06:55:27.801+0000] {dag.py:4180} INFO - Setting next_dagrun for example_sla_dag to 2024-11-11 06:52:00+00:00, run_after=2024-11-11 06:54:00+00:00
[2024-11-11T06:55:27.827+0000] {processor.py:208} INFO - Processing /home/airflow/.local/lib/python3.12/site-packages/airflow/example_dags/example_sla_dag.py took 0.128 seconds
[2024-11-11T06:55:58.851+0000] {processor.py:186} INFO - Started process (PID=1004) to work on /home/airflow/.local/lib/python3.12/site-packages/airflow/example_dags/example_sla_dag.py
[2024-11-11T06:55:58.854+0000] {processor.py:914} INFO - Processing file /home/airflow/.local/lib/python3.12/site-packages/airflow/example_dags/example_sla_dag.py for tasks to queue
[2024-11-11T06:55:58.867+0000] {logging_mixin.py:190} INFO - [2024-11-11T06:55:58.866+0000] {dagbag.py:588} INFO - Filling up the DagBag from /home/airflow/.local/lib/python3.12/site-packages/airflow/example_dags/example_sla_dag.py
[2024-11-11T06:55:58.887+0000] {processor.py:925} INFO - DAG(s) 'example_sla_dag' retrieved from /home/airflow/.local/lib/python3.12/site-packages/airflow/example_dags/example_sla_dag.py
[2024-11-11T06:55:58.936+0000] {logging_mixin.py:190} INFO - [2024-11-11T06:55:58.935+0000] {dag.py:3239} INFO - Sync 1 DAGs
[2024-11-11T06:55:58.997+0000] {logging_mixin.py:190} INFO - [2024-11-11T06:55:58.996+0000] {dag.py:4180} INFO - Setting next_dagrun for example_sla_dag to 2024-11-11 06:52:00+00:00, run_after=2024-11-11 06:54:00+00:00
[2024-11-11T06:55:59.035+0000] {processor.py:208} INFO - Processing /home/airflow/.local/lib/python3.12/site-packages/airflow/example_dags/example_sla_dag.py took 0.199 seconds
[2024-11-11T06:56:29.674+0000] {processor.py:186} INFO - Started process (PID=1068) to work on /home/airflow/.local/lib/python3.12/site-packages/airflow/example_dags/example_sla_dag.py
[2024-11-11T06:56:29.676+0000] {processor.py:914} INFO - Processing file /home/airflow/.local/lib/python3.12/site-packages/airflow/example_dags/example_sla_dag.py for tasks to queue
[2024-11-11T06:56:29.680+0000] {logging_mixin.py:190} INFO - [2024-11-11T06:56:29.679+0000] {dagbag.py:588} INFO - Filling up the DagBag from /home/airflow/.local/lib/python3.12/site-packages/airflow/example_dags/example_sla_dag.py
[2024-11-11T06:56:29.695+0000] {processor.py:925} INFO - DAG(s) 'example_sla_dag' retrieved from /home/airflow/.local/lib/python3.12/site-packages/airflow/example_dags/example_sla_dag.py
[2024-11-11T06:56:29.730+0000] {logging_mixin.py:190} INFO - [2024-11-11T06:56:29.729+0000] {dag.py:3239} INFO - Sync 1 DAGs
[2024-11-11T06:56:29.768+0000] {logging_mixin.py:190} INFO - [2024-11-11T06:56:29.768+0000] {dag.py:4180} INFO - Setting next_dagrun for example_sla_dag to 2024-11-11 06:54:00+00:00, run_after=2024-11-11 06:56:00+00:00
[2024-11-11T06:56:29.799+0000] {processor.py:208} INFO - Processing /home/airflow/.local/lib/python3.12/site-packages/airflow/example_dags/example_sla_dag.py took 0.136 seconds
[2024-11-11T06:57:00.275+0000] {processor.py:186} INFO - Started process (PID=1132) to work on /home/airflow/.local/lib/python3.12/site-packages/airflow/example_dags/example_sla_dag.py
[2024-11-11T06:57:00.277+0000] {processor.py:914} INFO - Processing file /home/airflow/.local/lib/python3.12/site-packages/airflow/example_dags/example_sla_dag.py for tasks to queue
[2024-11-11T06:57:00.281+0000] {logging_mixin.py:190} INFO - [2024-11-11T06:57:00.280+0000] {dagbag.py:588} INFO - Filling up the DagBag from /home/airflow/.local/lib/python3.12/site-packages/airflow/example_dags/example_sla_dag.py
[2024-11-11T06:57:00.298+0000] {processor.py:925} INFO - DAG(s) 'example_sla_dag' retrieved from /home/airflow/.local/lib/python3.12/site-packages/airflow/example_dags/example_sla_dag.py
[2024-11-11T06:57:00.326+0000] {logging_mixin.py:190} INFO - [2024-11-11T06:57:00.325+0000] {dag.py:3239} INFO - Sync 1 DAGs
[2024-11-11T06:57:00.358+0000] {logging_mixin.py:190} INFO - [2024-11-11T06:57:00.358+0000] {dag.py:4180} INFO - Setting next_dagrun for example_sla_dag to 2024-11-11 06:54:00+00:00, run_after=2024-11-11 06:56:00+00:00
[2024-11-11T06:57:00.383+0000] {processor.py:208} INFO - Processing /home/airflow/.local/lib/python3.12/site-packages/airflow/example_dags/example_sla_dag.py took 0.123 seconds
[2024-11-11T06:57:30.711+0000] {processor.py:186} INFO - Started process (PID=1196) to work on /home/airflow/.local/lib/python3.12/site-packages/airflow/example_dags/example_sla_dag.py
[2024-11-11T06:57:30.715+0000] {processor.py:914} INFO - Processing file /home/airflow/.local/lib/python3.12/site-packages/airflow/example_dags/example_sla_dag.py for tasks to queue
[2024-11-11T06:57:30.719+0000] {logging_mixin.py:190} INFO - [2024-11-11T06:57:30.719+0000] {dagbag.py:588} INFO - Filling up the DagBag from /home/airflow/.local/lib/python3.12/site-packages/airflow/example_dags/example_sla_dag.py
[2024-11-11T06:57:30.739+0000] {processor.py:925} INFO - DAG(s) 'example_sla_dag' retrieved from /home/airflow/.local/lib/python3.12/site-packages/airflow/example_dags/example_sla_dag.py
[2024-11-11T06:57:30.780+0000] {logging_mixin.py:190} INFO - [2024-11-11T06:57:30.779+0000] {dag.py:3239} INFO - Sync 1 DAGs
[2024-11-11T06:57:30.821+0000] {logging_mixin.py:190} INFO - [2024-11-11T06:57:30.820+0000] {dag.py:4180} INFO - Setting next_dagrun for example_sla_dag to 2024-11-11 06:54:00+00:00, run_after=2024-11-11 06:56:00+00:00
[2024-11-11T06:57:30.868+0000] {processor.py:208} INFO - Processing /home/airflow/.local/lib/python3.12/site-packages/airflow/example_dags/example_sla_dag.py took 0.166 seconds
[2024-11-11T06:58:01.326+0000] {processor.py:186} INFO - Started process (PID=1259) to work on /home/airflow/.local/lib/python3.12/site-packages/airflow/example_dags/example_sla_dag.py
[2024-11-11T06:58:01.328+0000] {processor.py:914} INFO - Processing file /home/airflow/.local/lib/python3.12/site-packages/airflow/example_dags/example_sla_dag.py for tasks to queue
[2024-11-11T06:58:01.334+0000] {logging_mixin.py:190} INFO - [2024-11-11T06:58:01.333+0000] {dagbag.py:588} INFO - Filling up the DagBag from /home/airflow/.local/lib/python3.12/site-packages/airflow/example_dags/example_sla_dag.py
[2024-11-11T06:58:01.357+0000] {processor.py:925} INFO - DAG(s) 'example_sla_dag' retrieved from /home/airflow/.local/lib/python3.12/site-packages/airflow/example_dags/example_sla_dag.py
[2024-11-11T06:58:01.413+0000] {logging_mixin.py:190} INFO - [2024-11-11T06:58:01.413+0000] {dag.py:3239} INFO - Sync 1 DAGs
[2024-11-11T06:58:01.467+0000] {logging_mixin.py:190} INFO - [2024-11-11T06:58:01.466+0000] {dag.py:4180} INFO - Setting next_dagrun for example_sla_dag to 2024-11-11 06:56:00+00:00, run_after=2024-11-11 06:58:00+00:00
[2024-11-11T06:58:01.509+0000] {processor.py:208} INFO - Processing /home/airflow/.local/lib/python3.12/site-packages/airflow/example_dags/example_sla_dag.py took 0.201 seconds
[2024-11-11T06:58:31.643+0000] {processor.py:186} INFO - Started process (PID=1323) to work on /home/airflow/.local/lib/python3.12/site-packages/airflow/example_dags/example_sla_dag.py
[2024-11-11T06:58:31.645+0000] {processor.py:914} INFO - Processing file /home/airflow/.local/lib/python3.12/site-packages/airflow/example_dags/example_sla_dag.py for tasks to queue
[2024-11-11T06:58:31.648+0000] {logging_mixin.py:190} INFO - [2024-11-11T06:58:31.648+0000] {dagbag.py:588} INFO - Filling up the DagBag from /home/airflow/.local/lib/python3.12/site-packages/airflow/example_dags/example_sla_dag.py
[2024-11-11T06:58:31.663+0000] {processor.py:925} INFO - DAG(s) 'example_sla_dag' retrieved from /home/airflow/.local/lib/python3.12/site-packages/airflow/example_dags/example_sla_dag.py
[2024-11-11T06:58:31.688+0000] {logging_mixin.py:190} INFO - [2024-11-11T06:58:31.688+0000] {dag.py:3239} INFO - Sync 1 DAGs
[2024-11-11T06:58:31.729+0000] {logging_mixin.py:190} INFO - [2024-11-11T06:58:31.729+0000] {dag.py:4180} INFO - Setting next_dagrun for example_sla_dag to 2024-11-11 06:56:00+00:00, run_after=2024-11-11 06:58:00+00:00
[2024-11-11T06:58:31.767+0000] {processor.py:208} INFO - Processing /home/airflow/.local/lib/python3.12/site-packages/airflow/example_dags/example_sla_dag.py took 0.131 seconds
[2024-11-11T06:59:02.082+0000] {processor.py:186} INFO - Started process (PID=1387) to work on /home/airflow/.local/lib/python3.12/site-packages/airflow/example_dags/example_sla_dag.py
[2024-11-11T06:59:02.085+0000] {processor.py:914} INFO - Processing file /home/airflow/.local/lib/python3.12/site-packages/airflow/example_dags/example_sla_dag.py for tasks to queue
[2024-11-11T06:59:02.090+0000] {logging_mixin.py:190} INFO - [2024-11-11T06:59:02.089+0000] {dagbag.py:588} INFO - Filling up the DagBag from /home/airflow/.local/lib/python3.12/site-packages/airflow/example_dags/example_sla_dag.py
[2024-11-11T06:59:02.110+0000] {processor.py:925} INFO - DAG(s) 'example_sla_dag' retrieved from /home/airflow/.local/lib/python3.12/site-packages/airflow/example_dags/example_sla_dag.py
[2024-11-11T06:59:02.152+0000] {logging_mixin.py:190} INFO - [2024-11-11T06:59:02.151+0000] {dag.py:3239} INFO - Sync 1 DAGs
[2024-11-11T06:59:02.202+0000] {logging_mixin.py:190} INFO - [2024-11-11T06:59:02.202+0000] {dag.py:4180} INFO - Setting next_dagrun for example_sla_dag to 2024-11-11 06:56:00+00:00, run_after=2024-11-11 06:58:00+00:00
[2024-11-11T06:59:02.241+0000] {processor.py:208} INFO - Processing /home/airflow/.local/lib/python3.12/site-packages/airflow/example_dags/example_sla_dag.py took 0.170 seconds
[2024-11-11T06:59:32.811+0000] {processor.py:186} INFO - Started process (PID=1450) to work on /home/airflow/.local/lib/python3.12/site-packages/airflow/example_dags/example_sla_dag.py
[2024-11-11T06:59:32.813+0000] {processor.py:914} INFO - Processing file /home/airflow/.local/lib/python3.12/site-packages/airflow/example_dags/example_sla_dag.py for tasks to queue
[2024-11-11T06:59:32.818+0000] {logging_mixin.py:190} INFO - [2024-11-11T06:59:32.817+0000] {dagbag.py:588} INFO - Filling up the DagBag from /home/airflow/.local/lib/python3.12/site-packages/airflow/example_dags/example_sla_dag.py
[2024-11-11T06:59:32.833+0000] {processor.py:925} INFO - DAG(s) 'example_sla_dag' retrieved from /home/airflow/.local/lib/python3.12/site-packages/airflow/example_dags/example_sla_dag.py
[2024-11-11T06:59:32.863+0000] {logging_mixin.py:190} INFO - [2024-11-11T06:59:32.863+0000] {dag.py:3239} INFO - Sync 1 DAGs
[2024-11-11T06:59:32.908+0000] {logging_mixin.py:190} INFO - [2024-11-11T06:59:32.908+0000] {dag.py:4180} INFO - Setting next_dagrun for example_sla_dag to 2024-11-11 06:56:00+00:00, run_after=2024-11-11 06:58:00+00:00
[2024-11-11T06:59:32.941+0000] {processor.py:208} INFO - Processing /home/airflow/.local/lib/python3.12/site-packages/airflow/example_dags/example_sla_dag.py took 0.139 seconds
[2024-11-11T07:00:03.526+0000] {processor.py:186} INFO - Started process (PID=1514) to work on /home/airflow/.local/lib/python3.12/site-packages/airflow/example_dags/example_sla_dag.py
[2024-11-11T07:00:03.528+0000] {processor.py:914} INFO - Processing file /home/airflow/.local/lib/python3.12/site-packages/airflow/example_dags/example_sla_dag.py for tasks to queue
[2024-11-11T07:00:03.533+0000] {logging_mixin.py:190} INFO - [2024-11-11T07:00:03.533+0000] {dagbag.py:588} INFO - Filling up the DagBag from /home/airflow/.local/lib/python3.12/site-packages/airflow/example_dags/example_sla_dag.py
[2024-11-11T07:00:03.557+0000] {processor.py:925} INFO - DAG(s) 'example_sla_dag' retrieved from /home/airflow/.local/lib/python3.12/site-packages/airflow/example_dags/example_sla_dag.py
[2024-11-11T07:00:03.614+0000] {logging_mixin.py:190} INFO - [2024-11-11T07:00:03.613+0000] {dag.py:3239} INFO - Sync 1 DAGs
[2024-11-11T07:00:03.669+0000] {logging_mixin.py:190} INFO - [2024-11-11T07:00:03.668+0000] {dag.py:4180} INFO - Setting next_dagrun for example_sla_dag to 2024-11-11 06:58:00+00:00, run_after=2024-11-11 07:00:00+00:00
[2024-11-11T07:00:03.745+0000] {processor.py:208} INFO - Processing /home/airflow/.local/lib/python3.12/site-packages/airflow/example_dags/example_sla_dag.py took 0.228 seconds
[2024-11-11T07:00:34.072+0000] {processor.py:186} INFO - Started process (PID=1577) to work on /home/airflow/.local/lib/python3.12/site-packages/airflow/example_dags/example_sla_dag.py
[2024-11-11T07:00:34.075+0000] {processor.py:914} INFO - Processing file /home/airflow/.local/lib/python3.12/site-packages/airflow/example_dags/example_sla_dag.py for tasks to queue
[2024-11-11T07:00:34.083+0000] {logging_mixin.py:190} INFO - [2024-11-11T07:00:34.082+0000] {dagbag.py:588} INFO - Filling up the DagBag from /home/airflow/.local/lib/python3.12/site-packages/airflow/example_dags/example_sla_dag.py
[2024-11-11T07:00:34.132+0000] {processor.py:925} INFO - DAG(s) 'example_sla_dag' retrieved from /home/airflow/.local/lib/python3.12/site-packages/airflow/example_dags/example_sla_dag.py
[2024-11-11T07:00:34.183+0000] {logging_mixin.py:190} INFO - [2024-11-11T07:00:34.182+0000] {dag.py:3239} INFO - Sync 1 DAGs
[2024-11-11T07:00:34.260+0000] {logging_mixin.py:190} INFO - [2024-11-11T07:00:34.260+0000] {dag.py:4180} INFO - Setting next_dagrun for example_sla_dag to 2024-11-11 06:58:00+00:00, run_after=2024-11-11 07:00:00+00:00
[2024-11-11T07:00:34.298+0000] {processor.py:208} INFO - Processing /home/airflow/.local/lib/python3.12/site-packages/airflow/example_dags/example_sla_dag.py took 0.247 seconds
[2024-11-11T07:01:05.251+0000] {processor.py:186} INFO - Started process (PID=1641) to work on /home/airflow/.local/lib/python3.12/site-packages/airflow/example_dags/example_sla_dag.py
[2024-11-11T07:01:05.260+0000] {processor.py:914} INFO - Processing file /home/airflow/.local/lib/python3.12/site-packages/airflow/example_dags/example_sla_dag.py for tasks to queue
[2024-11-11T07:01:05.276+0000] {logging_mixin.py:190} INFO - [2024-11-11T07:01:05.276+0000] {dagbag.py:588} INFO - Filling up the DagBag from /home/airflow/.local/lib/python3.12/site-packages/airflow/example_dags/example_sla_dag.py
[2024-11-11T07:01:05.339+0000] {processor.py:925} INFO - DAG(s) 'example_sla_dag' retrieved from /home/airflow/.local/lib/python3.12/site-packages/airflow/example_dags/example_sla_dag.py
[2024-11-11T07:01:05.558+0000] {logging_mixin.py:190} INFO - [2024-11-11T07:01:05.557+0000] {dag.py:3239} INFO - Sync 1 DAGs
[2024-11-11T07:01:05.642+0000] {logging_mixin.py:190} INFO - [2024-11-11T07:01:05.642+0000] {dag.py:4180} INFO - Setting next_dagrun for example_sla_dag to 2024-11-11 06:58:00+00:00, run_after=2024-11-11 07:00:00+00:00
[2024-11-11T07:01:05.689+0000] {processor.py:208} INFO - Processing /home/airflow/.local/lib/python3.12/site-packages/airflow/example_dags/example_sla_dag.py took 0.468 seconds
[2024-11-11T07:01:36.572+0000] {processor.py:186} INFO - Started process (PID=1705) to work on /home/airflow/.local/lib/python3.12/site-packages/airflow/example_dags/example_sla_dag.py
[2024-11-11T07:01:36.575+0000] {processor.py:914} INFO - Processing file /home/airflow/.local/lib/python3.12/site-packages/airflow/example_dags/example_sla_dag.py for tasks to queue
[2024-11-11T07:01:36.580+0000] {logging_mixin.py:190} INFO - [2024-11-11T07:01:36.579+0000] {dagbag.py:588} INFO - Filling up the DagBag from /home/airflow/.local/lib/python3.12/site-packages/airflow/example_dags/example_sla_dag.py
[2024-11-11T07:01:36.604+0000] {processor.py:925} INFO - DAG(s) 'example_sla_dag' retrieved from /home/airflow/.local/lib/python3.12/site-packages/airflow/example_dags/example_sla_dag.py
[2024-11-11T07:01:36.649+0000] {logging_mixin.py:190} INFO - [2024-11-11T07:01:36.648+0000] {dag.py:3239} INFO - Sync 1 DAGs
[2024-11-11T07:01:36.709+0000] {logging_mixin.py:190} INFO - [2024-11-11T07:01:36.708+0000] {dag.py:4180} INFO - Setting next_dagrun for example_sla_dag to 2024-11-11 06:58:00+00:00, run_after=2024-11-11 07:00:00+00:00
[2024-11-11T07:01:36.754+0000] {processor.py:208} INFO - Processing /home/airflow/.local/lib/python3.12/site-packages/airflow/example_dags/example_sla_dag.py took 0.199 seconds
[2024-11-11T07:02:07.656+0000] {processor.py:186} INFO - Started process (PID=1769) to work on /home/airflow/.local/lib/python3.12/site-packages/airflow/example_dags/example_sla_dag.py
[2024-11-11T07:02:07.658+0000] {processor.py:914} INFO - Processing file /home/airflow/.local/lib/python3.12/site-packages/airflow/example_dags/example_sla_dag.py for tasks to queue
[2024-11-11T07:02:07.666+0000] {logging_mixin.py:190} INFO - [2024-11-11T07:02:07.665+0000] {dagbag.py:588} INFO - Filling up the DagBag from /home/airflow/.local/lib/python3.12/site-packages/airflow/example_dags/example_sla_dag.py
[2024-11-11T07:02:07.700+0000] {processor.py:925} INFO - DAG(s) 'example_sla_dag' retrieved from /home/airflow/.local/lib/python3.12/site-packages/airflow/example_dags/example_sla_dag.py
[2024-11-11T07:02:07.774+0000] {logging_mixin.py:190} INFO - [2024-11-11T07:02:07.774+0000] {dag.py:3239} INFO - Sync 1 DAGs
[2024-11-11T07:02:07.847+0000] {logging_mixin.py:190} INFO - [2024-11-11T07:02:07.846+0000] {dag.py:4180} INFO - Setting next_dagrun for example_sla_dag to 2024-11-11 07:00:00+00:00, run_after=2024-11-11 07:02:00+00:00
[2024-11-11T07:02:07.895+0000] {processor.py:208} INFO - Processing /home/airflow/.local/lib/python3.12/site-packages/airflow/example_dags/example_sla_dag.py took 0.261 seconds
[2024-11-11T07:02:38.587+0000] {processor.py:186} INFO - Started process (PID=1833) to work on /home/airflow/.local/lib/python3.12/site-packages/airflow/example_dags/example_sla_dag.py
[2024-11-11T07:02:38.589+0000] {processor.py:914} INFO - Processing file /home/airflow/.local/lib/python3.12/site-packages/airflow/example_dags/example_sla_dag.py for tasks to queue
[2024-11-11T07:02:38.595+0000] {logging_mixin.py:190} INFO - [2024-11-11T07:02:38.595+0000] {dagbag.py:588} INFO - Filling up the DagBag from /home/airflow/.local/lib/python3.12/site-packages/airflow/example_dags/example_sla_dag.py
[2024-11-11T07:02:38.614+0000] {processor.py:925} INFO - DAG(s) 'example_sla_dag' retrieved from /home/airflow/.local/lib/python3.12/site-packages/airflow/example_dags/example_sla_dag.py
[2024-11-11T07:02:38.645+0000] {logging_mixin.py:190} INFO - [2024-11-11T07:02:38.644+0000] {dag.py:3239} INFO - Sync 1 DAGs
[2024-11-11T07:02:38.684+0000] {logging_mixin.py:190} INFO - [2024-11-11T07:02:38.684+0000] {dag.py:4180} INFO - Setting next_dagrun for example_sla_dag to 2024-11-11 07:00:00+00:00, run_after=2024-11-11 07:02:00+00:00
[2024-11-11T07:02:38.716+0000] {processor.py:208} INFO - Processing /home/airflow/.local/lib/python3.12/site-packages/airflow/example_dags/example_sla_dag.py took 0.139 seconds
[2024-11-11T07:03:09.642+0000] {processor.py:186} INFO - Started process (PID=1897) to work on /home/airflow/.local/lib/python3.12/site-packages/airflow/example_dags/example_sla_dag.py
[2024-11-11T07:03:09.648+0000] {processor.py:914} INFO - Processing file /home/airflow/.local/lib/python3.12/site-packages/airflow/example_dags/example_sla_dag.py for tasks to queue
[2024-11-11T07:03:09.663+0000] {logging_mixin.py:190} INFO - [2024-11-11T07:03:09.660+0000] {dagbag.py:588} INFO - Filling up the DagBag from /home/airflow/.local/lib/python3.12/site-packages/airflow/example_dags/example_sla_dag.py
[2024-11-11T07:03:09.712+0000] {processor.py:925} INFO - DAG(s) 'example_sla_dag' retrieved from /home/airflow/.local/lib/python3.12/site-packages/airflow/example_dags/example_sla_dag.py
[2024-11-11T07:03:09.781+0000] {logging_mixin.py:190} INFO - [2024-11-11T07:03:09.780+0000] {dag.py:3239} INFO - Sync 1 DAGs
[2024-11-11T07:03:09.845+0000] {logging_mixin.py:190} INFO - [2024-11-11T07:03:09.845+0000] {dag.py:4180} INFO - Setting next_dagrun for example_sla_dag to 2024-11-11 07:00:00+00:00, run_after=2024-11-11 07:02:00+00:00
[2024-11-11T07:03:09.904+0000] {processor.py:208} INFO - Processing /home/airflow/.local/lib/python3.12/site-packages/airflow/example_dags/example_sla_dag.py took 0.292 seconds
[2024-11-11T07:03:39.971+0000] {processor.py:186} INFO - Started process (PID=1960) to work on /home/airflow/.local/lib/python3.12/site-packages/airflow/example_dags/example_sla_dag.py
[2024-11-11T07:03:39.974+0000] {processor.py:914} INFO - Processing file /home/airflow/.local/lib/python3.12/site-packages/airflow/example_dags/example_sla_dag.py for tasks to queue
[2024-11-11T07:03:39.982+0000] {logging_mixin.py:190} INFO - [2024-11-11T07:03:39.981+0000] {dagbag.py:588} INFO - Filling up the DagBag from /home/airflow/.local/lib/python3.12/site-packages/airflow/example_dags/example_sla_dag.py
[2024-11-11T07:03:40.004+0000] {processor.py:925} INFO - DAG(s) 'example_sla_dag' retrieved from /home/airflow/.local/lib/python3.12/site-packages/airflow/example_dags/example_sla_dag.py
[2024-11-11T07:03:40.042+0000] {logging_mixin.py:190} INFO - [2024-11-11T07:03:40.041+0000] {dag.py:3239} INFO - Sync 1 DAGs
[2024-11-11T07:03:40.092+0000] {logging_mixin.py:190} INFO - [2024-11-11T07:03:40.092+0000] {dag.py:4180} INFO - Setting next_dagrun for example_sla_dag to 2024-11-11 07:00:00+00:00, run_after=2024-11-11 07:02:00+00:00
[2024-11-11T07:03:40.126+0000] {processor.py:208} INFO - Processing /home/airflow/.local/lib/python3.12/site-packages/airflow/example_dags/example_sla_dag.py took 0.164 seconds
