[2024-11-11T06:48:30.349+0000] {processor.py:186} INFO - Started process (PID=84) to work on /home/airflow/.local/lib/python3.12/site-packages/airflow/example_dags/example_xcomargs.py
[2024-11-11T06:48:30.351+0000] {processor.py:914} INFO - Processing file /home/airflow/.local/lib/python3.12/site-packages/airflow/example_dags/example_xcomargs.py for tasks to queue
[2024-11-11T06:48:30.356+0000] {logging_mixin.py:190} INFO - [2024-11-11T06:48:30.356+0000] {dagbag.py:588} INFO - Filling up the DagBag from /home/airflow/.local/lib/python3.12/site-packages/airflow/example_dags/example_xcomargs.py
[2024-11-11T06:48:30.380+0000] {processor.py:925} INFO - DAG(s) 'example_xcom_args_with_operators', 'example_xcom_args' retrieved from /home/airflow/.local/lib/python3.12/site-packages/airflow/example_dags/example_xcomargs.py
[2024-11-11T06:48:30.522+0000] {logging_mixin.py:190} INFO - [2024-11-11T06:48:30.521+0000] {override.py:1911} INFO - Created Permission View: can read on DAG:example_xcom_args_with_operators
[2024-11-11T06:48:30.541+0000] {logging_mixin.py:190} INFO - [2024-11-11T06:48:30.541+0000] {override.py:1911} INFO - Created Permission View: can delete on DAG:example_xcom_args_with_operators
[2024-11-11T06:48:30.557+0000] {logging_mixin.py:190} INFO - [2024-11-11T06:48:30.556+0000] {override.py:1911} INFO - Created Permission View: can edit on DAG:example_xcom_args_with_operators
[2024-11-11T06:48:30.569+0000] {logging_mixin.py:190} INFO - [2024-11-11T06:48:30.569+0000] {override.py:1911} INFO - Created Permission View: menu access on DAG Run:example_xcom_args_with_operators
[2024-11-11T06:48:30.581+0000] {logging_mixin.py:190} INFO - [2024-11-11T06:48:30.580+0000] {override.py:1911} INFO - Created Permission View: can read on DAG Run:example_xcom_args_with_operators
[2024-11-11T06:48:30.589+0000] {logging_mixin.py:190} INFO - [2024-11-11T06:48:30.589+0000] {override.py:1911} INFO - Created Permission View: can delete on DAG Run:example_xcom_args_with_operators
[2024-11-11T06:48:30.608+0000] {logging_mixin.py:190} INFO - [2024-11-11T06:48:30.607+0000] {override.py:1911} INFO - Created Permission View: can create on DAG Run:example_xcom_args_with_operators
[2024-11-11T06:48:30.654+0000] {logging_mixin.py:190} INFO - [2024-11-11T06:48:30.653+0000] {override.py:1911} INFO - Created Permission View: can read on DAG:example_xcom_args
[2024-11-11T06:48:30.678+0000] {logging_mixin.py:190} INFO - [2024-11-11T06:48:30.677+0000] {override.py:1911} INFO - Created Permission View: can delete on DAG:example_xcom_args
[2024-11-11T06:48:30.708+0000] {logging_mixin.py:190} INFO - [2024-11-11T06:48:30.706+0000] {override.py:1911} INFO - Created Permission View: can edit on DAG:example_xcom_args
[2024-11-11T06:48:30.732+0000] {logging_mixin.py:190} INFO - [2024-11-11T06:48:30.731+0000] {override.py:1911} INFO - Created Permission View: menu access on DAG Run:example_xcom_args
[2024-11-11T06:48:30.755+0000] {logging_mixin.py:190} INFO - [2024-11-11T06:48:30.754+0000] {override.py:1911} INFO - Created Permission View: can read on DAG Run:example_xcom_args
[2024-11-11T06:48:30.774+0000] {logging_mixin.py:190} INFO - [2024-11-11T06:48:30.773+0000] {override.py:1911} INFO - Created Permission View: can delete on DAG Run:example_xcom_args
[2024-11-11T06:48:30.794+0000] {logging_mixin.py:190} INFO - [2024-11-11T06:48:30.793+0000] {override.py:1911} INFO - Created Permission View: can create on DAG Run:example_xcom_args
[2024-11-11T06:48:30.795+0000] {logging_mixin.py:190} INFO - [2024-11-11T06:48:30.794+0000] {dag.py:3239} INFO - Sync 2 DAGs
[2024-11-11T06:48:30.827+0000] {logging_mixin.py:190} INFO - [2024-11-11T06:48:30.826+0000] {dag.py:3262} INFO - Creating ORM DAG for example_xcom_args_with_operators
[2024-11-11T06:48:30.828+0000] {logging_mixin.py:190} INFO - [2024-11-11T06:48:30.828+0000] {dag.py:3262} INFO - Creating ORM DAG for example_xcom_args
[2024-11-11T06:48:30.830+0000] {logging_mixin.py:190} INFO - [2024-11-11T06:48:30.830+0000] {dag.py:4180} INFO - Setting next_dagrun for example_xcom_args to None, run_after=None
[2024-11-11T06:48:30.832+0000] {logging_mixin.py:190} INFO - [2024-11-11T06:48:30.832+0000] {dag.py:4180} INFO - Setting next_dagrun for example_xcom_args_with_operators to None, run_after=None
[2024-11-11T06:48:30.863+0000] {processor.py:208} INFO - Processing /home/airflow/.local/lib/python3.12/site-packages/airflow/example_dags/example_xcomargs.py took 0.521 seconds
[2024-11-11T06:49:01.381+0000] {processor.py:186} INFO - Started process (PID=148) to work on /home/airflow/.local/lib/python3.12/site-packages/airflow/example_dags/example_xcomargs.py
[2024-11-11T06:49:01.385+0000] {processor.py:914} INFO - Processing file /home/airflow/.local/lib/python3.12/site-packages/airflow/example_dags/example_xcomargs.py for tasks to queue
[2024-11-11T06:49:01.391+0000] {logging_mixin.py:190} INFO - [2024-11-11T06:49:01.390+0000] {dagbag.py:588} INFO - Filling up the DagBag from /home/airflow/.local/lib/python3.12/site-packages/airflow/example_dags/example_xcomargs.py
[2024-11-11T06:49:01.417+0000] {processor.py:925} INFO - DAG(s) 'example_xcom_args', 'example_xcom_args_with_operators' retrieved from /home/airflow/.local/lib/python3.12/site-packages/airflow/example_dags/example_xcomargs.py
[2024-11-11T06:49:01.474+0000] {logging_mixin.py:190} INFO - [2024-11-11T06:49:01.473+0000] {dag.py:3239} INFO - Sync 2 DAGs
[2024-11-11T06:49:01.510+0000] {logging_mixin.py:190} INFO - [2024-11-11T06:49:01.509+0000] {dag.py:4180} INFO - Setting next_dagrun for example_xcom_args to None, run_after=None
[2024-11-11T06:49:01.515+0000] {logging_mixin.py:190} INFO - [2024-11-11T06:49:01.515+0000] {dag.py:4180} INFO - Setting next_dagrun for example_xcom_args_with_operators to None, run_after=None
[2024-11-11T06:49:01.545+0000] {processor.py:208} INFO - Processing /home/airflow/.local/lib/python3.12/site-packages/airflow/example_dags/example_xcomargs.py took 0.185 seconds
[2024-11-11T06:49:32.381+0000] {processor.py:186} INFO - Started process (PID=212) to work on /home/airflow/.local/lib/python3.12/site-packages/airflow/example_dags/example_xcomargs.py
[2024-11-11T06:49:32.382+0000] {processor.py:914} INFO - Processing file /home/airflow/.local/lib/python3.12/site-packages/airflow/example_dags/example_xcomargs.py for tasks to queue
[2024-11-11T06:49:32.386+0000] {logging_mixin.py:190} INFO - [2024-11-11T06:49:32.386+0000] {dagbag.py:588} INFO - Filling up the DagBag from /home/airflow/.local/lib/python3.12/site-packages/airflow/example_dags/example_xcomargs.py
[2024-11-11T06:49:32.399+0000] {processor.py:925} INFO - DAG(s) 'example_xcom_args', 'example_xcom_args_with_operators' retrieved from /home/airflow/.local/lib/python3.12/site-packages/airflow/example_dags/example_xcomargs.py
[2024-11-11T06:49:32.436+0000] {logging_mixin.py:190} INFO - [2024-11-11T06:49:32.435+0000] {dag.py:3239} INFO - Sync 2 DAGs
[2024-11-11T06:49:32.459+0000] {logging_mixin.py:190} INFO - [2024-11-11T06:49:32.458+0000] {dag.py:4180} INFO - Setting next_dagrun for example_xcom_args to None, run_after=None
[2024-11-11T06:49:32.464+0000] {logging_mixin.py:190} INFO - [2024-11-11T06:49:32.463+0000] {dag.py:4180} INFO - Setting next_dagrun for example_xcom_args_with_operators to None, run_after=None
[2024-11-11T06:49:32.490+0000] {processor.py:208} INFO - Processing /home/airflow/.local/lib/python3.12/site-packages/airflow/example_dags/example_xcomargs.py took 0.118 seconds
[2024-11-11T06:50:03.781+0000] {processor.py:186} INFO - Started process (PID=276) to work on /home/airflow/.local/lib/python3.12/site-packages/airflow/example_dags/example_xcomargs.py
[2024-11-11T06:50:03.784+0000] {processor.py:914} INFO - Processing file /home/airflow/.local/lib/python3.12/site-packages/airflow/example_dags/example_xcomargs.py for tasks to queue
[2024-11-11T06:50:03.791+0000] {logging_mixin.py:190} INFO - [2024-11-11T06:50:03.790+0000] {dagbag.py:588} INFO - Filling up the DagBag from /home/airflow/.local/lib/python3.12/site-packages/airflow/example_dags/example_xcomargs.py
[2024-11-11T06:50:03.809+0000] {processor.py:925} INFO - DAG(s) 'example_xcom_args_with_operators', 'example_xcom_args' retrieved from /home/airflow/.local/lib/python3.12/site-packages/airflow/example_dags/example_xcomargs.py
[2024-11-11T06:50:03.858+0000] {logging_mixin.py:190} INFO - [2024-11-11T06:50:03.858+0000] {dag.py:3239} INFO - Sync 2 DAGs
[2024-11-11T06:50:03.879+0000] {logging_mixin.py:190} INFO - [2024-11-11T06:50:03.878+0000] {dag.py:4180} INFO - Setting next_dagrun for example_xcom_args to None, run_after=None
[2024-11-11T06:50:03.884+0000] {logging_mixin.py:190} INFO - [2024-11-11T06:50:03.884+0000] {dag.py:4180} INFO - Setting next_dagrun for example_xcom_args_with_operators to None, run_after=None
[2024-11-11T06:50:03.909+0000] {processor.py:208} INFO - Processing /home/airflow/.local/lib/python3.12/site-packages/airflow/example_dags/example_xcomargs.py took 0.140 seconds
[2024-11-11T06:50:35.812+0000] {processor.py:186} INFO - Started process (PID=340) to work on /home/airflow/.local/lib/python3.12/site-packages/airflow/example_dags/example_xcomargs.py
[2024-11-11T06:50:35.820+0000] {processor.py:914} INFO - Processing file /home/airflow/.local/lib/python3.12/site-packages/airflow/example_dags/example_xcomargs.py for tasks to queue
[2024-11-11T06:50:35.831+0000] {logging_mixin.py:190} INFO - [2024-11-11T06:50:35.828+0000] {dagbag.py:588} INFO - Filling up the DagBag from /home/airflow/.local/lib/python3.12/site-packages/airflow/example_dags/example_xcomargs.py
[2024-11-11T06:50:35.868+0000] {processor.py:925} INFO - DAG(s) 'example_xcom_args', 'example_xcom_args_with_operators' retrieved from /home/airflow/.local/lib/python3.12/site-packages/airflow/example_dags/example_xcomargs.py
[2024-11-11T06:50:35.927+0000] {logging_mixin.py:190} INFO - [2024-11-11T06:50:35.927+0000] {dag.py:3239} INFO - Sync 2 DAGs
[2024-11-11T06:50:35.965+0000] {logging_mixin.py:190} INFO - [2024-11-11T06:50:35.964+0000] {dag.py:4180} INFO - Setting next_dagrun for example_xcom_args to None, run_after=None
[2024-11-11T06:50:35.974+0000] {logging_mixin.py:190} INFO - [2024-11-11T06:50:35.974+0000] {dag.py:4180} INFO - Setting next_dagrun for example_xcom_args_with_operators to None, run_after=None
[2024-11-11T06:50:36.027+0000] {processor.py:208} INFO - Processing /home/airflow/.local/lib/python3.12/site-packages/airflow/example_dags/example_xcomargs.py took 0.235 seconds
[2024-11-11T06:51:06.408+0000] {processor.py:186} INFO - Started process (PID=404) to work on /home/airflow/.local/lib/python3.12/site-packages/airflow/example_dags/example_xcomargs.py
[2024-11-11T06:51:06.410+0000] {processor.py:914} INFO - Processing file /home/airflow/.local/lib/python3.12/site-packages/airflow/example_dags/example_xcomargs.py for tasks to queue
[2024-11-11T06:51:06.418+0000] {logging_mixin.py:190} INFO - [2024-11-11T06:51:06.417+0000] {dagbag.py:588} INFO - Filling up the DagBag from /home/airflow/.local/lib/python3.12/site-packages/airflow/example_dags/example_xcomargs.py
[2024-11-11T06:51:06.442+0000] {processor.py:925} INFO - DAG(s) 'example_xcom_args', 'example_xcom_args_with_operators' retrieved from /home/airflow/.local/lib/python3.12/site-packages/airflow/example_dags/example_xcomargs.py
[2024-11-11T06:51:06.497+0000] {logging_mixin.py:190} INFO - [2024-11-11T06:51:06.496+0000] {dag.py:3239} INFO - Sync 2 DAGs
[2024-11-11T06:51:06.528+0000] {logging_mixin.py:190} INFO - [2024-11-11T06:51:06.527+0000] {dag.py:4180} INFO - Setting next_dagrun for example_xcom_args to None, run_after=None
[2024-11-11T06:51:06.535+0000] {logging_mixin.py:190} INFO - [2024-11-11T06:51:06.534+0000] {dag.py:4180} INFO - Setting next_dagrun for example_xcom_args_with_operators to None, run_after=None
[2024-11-11T06:51:06.572+0000] {processor.py:208} INFO - Processing /home/airflow/.local/lib/python3.12/site-packages/airflow/example_dags/example_xcomargs.py took 0.175 seconds
[2024-11-11T06:51:38.002+0000] {processor.py:186} INFO - Started process (PID=468) to work on /home/airflow/.local/lib/python3.12/site-packages/airflow/example_dags/example_xcomargs.py
[2024-11-11T06:51:38.005+0000] {processor.py:914} INFO - Processing file /home/airflow/.local/lib/python3.12/site-packages/airflow/example_dags/example_xcomargs.py for tasks to queue
[2024-11-11T06:51:38.017+0000] {logging_mixin.py:190} INFO - [2024-11-11T06:51:38.015+0000] {dagbag.py:588} INFO - Filling up the DagBag from /home/airflow/.local/lib/python3.12/site-packages/airflow/example_dags/example_xcomargs.py
[2024-11-11T06:51:38.048+0000] {processor.py:925} INFO - DAG(s) 'example_xcom_args', 'example_xcom_args_with_operators' retrieved from /home/airflow/.local/lib/python3.12/site-packages/airflow/example_dags/example_xcomargs.py
[2024-11-11T06:51:38.138+0000] {logging_mixin.py:190} INFO - [2024-11-11T06:51:38.137+0000] {dag.py:3239} INFO - Sync 2 DAGs
[2024-11-11T06:51:38.183+0000] {logging_mixin.py:190} INFO - [2024-11-11T06:51:38.182+0000] {dag.py:4180} INFO - Setting next_dagrun for example_xcom_args to None, run_after=None
[2024-11-11T06:51:38.196+0000] {logging_mixin.py:190} INFO - [2024-11-11T06:51:38.195+0000] {dag.py:4180} INFO - Setting next_dagrun for example_xcom_args_with_operators to None, run_after=None
[2024-11-11T06:51:38.254+0000] {processor.py:208} INFO - Processing /home/airflow/.local/lib/python3.12/site-packages/airflow/example_dags/example_xcomargs.py took 0.264 seconds
[2024-11-11T06:52:10.565+0000] {processor.py:186} INFO - Started process (PID=532) to work on /home/airflow/.local/lib/python3.12/site-packages/airflow/example_dags/example_xcomargs.py
[2024-11-11T06:52:10.567+0000] {processor.py:914} INFO - Processing file /home/airflow/.local/lib/python3.12/site-packages/airflow/example_dags/example_xcomargs.py for tasks to queue
[2024-11-11T06:52:10.577+0000] {logging_mixin.py:190} INFO - [2024-11-11T06:52:10.576+0000] {dagbag.py:588} INFO - Filling up the DagBag from /home/airflow/.local/lib/python3.12/site-packages/airflow/example_dags/example_xcomargs.py
[2024-11-11T06:52:10.599+0000] {processor.py:925} INFO - DAG(s) 'example_xcom_args_with_operators', 'example_xcom_args' retrieved from /home/airflow/.local/lib/python3.12/site-packages/airflow/example_dags/example_xcomargs.py
[2024-11-11T06:52:10.652+0000] {logging_mixin.py:190} INFO - [2024-11-11T06:52:10.652+0000] {dag.py:3239} INFO - Sync 2 DAGs
[2024-11-11T06:52:10.684+0000] {logging_mixin.py:190} INFO - [2024-11-11T06:52:10.683+0000] {dag.py:4180} INFO - Setting next_dagrun for example_xcom_args to None, run_after=None
[2024-11-11T06:52:10.692+0000] {logging_mixin.py:190} INFO - [2024-11-11T06:52:10.692+0000] {dag.py:4180} INFO - Setting next_dagrun for example_xcom_args_with_operators to None, run_after=None
[2024-11-11T06:52:10.733+0000] {processor.py:208} INFO - Processing /home/airflow/.local/lib/python3.12/site-packages/airflow/example_dags/example_xcomargs.py took 0.179 seconds
[2024-11-11T06:52:41.097+0000] {processor.py:186} INFO - Started process (PID=596) to work on /home/airflow/.local/lib/python3.12/site-packages/airflow/example_dags/example_xcomargs.py
[2024-11-11T06:52:41.099+0000] {processor.py:914} INFO - Processing file /home/airflow/.local/lib/python3.12/site-packages/airflow/example_dags/example_xcomargs.py for tasks to queue
[2024-11-11T06:52:41.105+0000] {logging_mixin.py:190} INFO - [2024-11-11T06:52:41.104+0000] {dagbag.py:588} INFO - Filling up the DagBag from /home/airflow/.local/lib/python3.12/site-packages/airflow/example_dags/example_xcomargs.py
[2024-11-11T06:52:41.128+0000] {processor.py:925} INFO - DAG(s) 'example_xcom_args', 'example_xcom_args_with_operators' retrieved from /home/airflow/.local/lib/python3.12/site-packages/airflow/example_dags/example_xcomargs.py
[2024-11-11T06:52:41.179+0000] {logging_mixin.py:190} INFO - [2024-11-11T06:52:41.178+0000] {dag.py:3239} INFO - Sync 2 DAGs
[2024-11-11T06:52:41.204+0000] {logging_mixin.py:190} INFO - [2024-11-11T06:52:41.204+0000] {dag.py:4180} INFO - Setting next_dagrun for example_xcom_args to None, run_after=None
[2024-11-11T06:52:41.212+0000] {logging_mixin.py:190} INFO - [2024-11-11T06:52:41.212+0000] {dag.py:4180} INFO - Setting next_dagrun for example_xcom_args_with_operators to None, run_after=None
[2024-11-11T06:52:41.241+0000] {processor.py:208} INFO - Processing /home/airflow/.local/lib/python3.12/site-packages/airflow/example_dags/example_xcomargs.py took 0.154 seconds
[2024-11-11T06:53:11.465+0000] {processor.py:186} INFO - Started process (PID=659) to work on /home/airflow/.local/lib/python3.12/site-packages/airflow/example_dags/example_xcomargs.py
[2024-11-11T06:53:11.467+0000] {processor.py:914} INFO - Processing file /home/airflow/.local/lib/python3.12/site-packages/airflow/example_dags/example_xcomargs.py for tasks to queue
[2024-11-11T06:53:11.471+0000] {logging_mixin.py:190} INFO - [2024-11-11T06:53:11.471+0000] {dagbag.py:588} INFO - Filling up the DagBag from /home/airflow/.local/lib/python3.12/site-packages/airflow/example_dags/example_xcomargs.py
[2024-11-11T06:53:11.486+0000] {processor.py:925} INFO - DAG(s) 'example_xcom_args_with_operators', 'example_xcom_args' retrieved from /home/airflow/.local/lib/python3.12/site-packages/airflow/example_dags/example_xcomargs.py
[2024-11-11T06:53:11.528+0000] {logging_mixin.py:190} INFO - [2024-11-11T06:53:11.528+0000] {dag.py:3239} INFO - Sync 2 DAGs
[2024-11-11T06:53:11.551+0000] {logging_mixin.py:190} INFO - [2024-11-11T06:53:11.551+0000] {dag.py:4180} INFO - Setting next_dagrun for example_xcom_args to None, run_after=None
[2024-11-11T06:53:11.560+0000] {logging_mixin.py:190} INFO - [2024-11-11T06:53:11.559+0000] {dag.py:4180} INFO - Setting next_dagrun for example_xcom_args_with_operators to None, run_after=None
[2024-11-11T06:53:11.603+0000] {processor.py:208} INFO - Processing /home/airflow/.local/lib/python3.12/site-packages/airflow/example_dags/example_xcomargs.py took 0.147 seconds
[2024-11-11T06:53:42.216+0000] {processor.py:186} INFO - Started process (PID=722) to work on /home/airflow/.local/lib/python3.12/site-packages/airflow/example_dags/example_xcomargs.py
[2024-11-11T06:53:42.217+0000] {processor.py:914} INFO - Processing file /home/airflow/.local/lib/python3.12/site-packages/airflow/example_dags/example_xcomargs.py for tasks to queue
[2024-11-11T06:53:42.221+0000] {logging_mixin.py:190} INFO - [2024-11-11T06:53:42.220+0000] {dagbag.py:588} INFO - Filling up the DagBag from /home/airflow/.local/lib/python3.12/site-packages/airflow/example_dags/example_xcomargs.py
[2024-11-11T06:53:42.233+0000] {processor.py:925} INFO - DAG(s) 'example_xcom_args_with_operators', 'example_xcom_args' retrieved from /home/airflow/.local/lib/python3.12/site-packages/airflow/example_dags/example_xcomargs.py
[2024-11-11T06:53:42.265+0000] {logging_mixin.py:190} INFO - [2024-11-11T06:53:42.264+0000] {dag.py:3239} INFO - Sync 2 DAGs
[2024-11-11T06:53:42.283+0000] {logging_mixin.py:190} INFO - [2024-11-11T06:53:42.282+0000] {dag.py:4180} INFO - Setting next_dagrun for example_xcom_args to None, run_after=None
[2024-11-11T06:53:42.289+0000] {logging_mixin.py:190} INFO - [2024-11-11T06:53:42.288+0000] {dag.py:4180} INFO - Setting next_dagrun for example_xcom_args_with_operators to None, run_after=None
[2024-11-11T06:53:42.316+0000] {processor.py:208} INFO - Processing /home/airflow/.local/lib/python3.12/site-packages/airflow/example_dags/example_xcomargs.py took 0.108 seconds
[2024-11-11T06:54:13.458+0000] {processor.py:186} INFO - Started process (PID=786) to work on /home/airflow/.local/lib/python3.12/site-packages/airflow/example_dags/example_xcomargs.py
[2024-11-11T06:54:13.460+0000] {processor.py:914} INFO - Processing file /home/airflow/.local/lib/python3.12/site-packages/airflow/example_dags/example_xcomargs.py for tasks to queue
[2024-11-11T06:54:13.466+0000] {logging_mixin.py:190} INFO - [2024-11-11T06:54:13.465+0000] {dagbag.py:588} INFO - Filling up the DagBag from /home/airflow/.local/lib/python3.12/site-packages/airflow/example_dags/example_xcomargs.py
[2024-11-11T06:54:13.490+0000] {processor.py:925} INFO - DAG(s) 'example_xcom_args_with_operators', 'example_xcom_args' retrieved from /home/airflow/.local/lib/python3.12/site-packages/airflow/example_dags/example_xcomargs.py
[2024-11-11T06:54:13.544+0000] {logging_mixin.py:190} INFO - [2024-11-11T06:54:13.543+0000] {dag.py:3239} INFO - Sync 2 DAGs
[2024-11-11T06:54:13.576+0000] {logging_mixin.py:190} INFO - [2024-11-11T06:54:13.575+0000] {dag.py:4180} INFO - Setting next_dagrun for example_xcom_args to None, run_after=None
[2024-11-11T06:54:13.583+0000] {logging_mixin.py:190} INFO - [2024-11-11T06:54:13.582+0000] {dag.py:4180} INFO - Setting next_dagrun for example_xcom_args_with_operators to None, run_after=None
[2024-11-11T06:54:13.616+0000] {processor.py:208} INFO - Processing /home/airflow/.local/lib/python3.12/site-packages/airflow/example_dags/example_xcomargs.py took 0.183 seconds
[2024-11-11T06:54:44.428+0000] {processor.py:186} INFO - Started process (PID=849) to work on /home/airflow/.local/lib/python3.12/site-packages/airflow/example_dags/example_xcomargs.py
[2024-11-11T06:54:44.429+0000] {processor.py:914} INFO - Processing file /home/airflow/.local/lib/python3.12/site-packages/airflow/example_dags/example_xcomargs.py for tasks to queue
[2024-11-11T06:54:44.433+0000] {logging_mixin.py:190} INFO - [2024-11-11T06:54:44.433+0000] {dagbag.py:588} INFO - Filling up the DagBag from /home/airflow/.local/lib/python3.12/site-packages/airflow/example_dags/example_xcomargs.py
[2024-11-11T06:54:44.466+0000] {processor.py:925} INFO - DAG(s) 'example_xcom_args_with_operators', 'example_xcom_args' retrieved from /home/airflow/.local/lib/python3.12/site-packages/airflow/example_dags/example_xcomargs.py
[2024-11-11T06:54:44.527+0000] {logging_mixin.py:190} INFO - [2024-11-11T06:54:44.527+0000] {dag.py:3239} INFO - Sync 2 DAGs
[2024-11-11T06:54:44.561+0000] {logging_mixin.py:190} INFO - [2024-11-11T06:54:44.560+0000] {dag.py:4180} INFO - Setting next_dagrun for example_xcom_args to None, run_after=None
[2024-11-11T06:54:44.572+0000] {logging_mixin.py:190} INFO - [2024-11-11T06:54:44.571+0000] {dag.py:4180} INFO - Setting next_dagrun for example_xcom_args_with_operators to None, run_after=None
[2024-11-11T06:54:44.608+0000] {processor.py:208} INFO - Processing /home/airflow/.local/lib/python3.12/site-packages/airflow/example_dags/example_xcomargs.py took 0.191 seconds
[2024-11-11T06:55:14.707+0000] {processor.py:186} INFO - Started process (PID=913) to work on /home/airflow/.local/lib/python3.12/site-packages/airflow/example_dags/example_xcomargs.py
[2024-11-11T06:55:14.709+0000] {processor.py:914} INFO - Processing file /home/airflow/.local/lib/python3.12/site-packages/airflow/example_dags/example_xcomargs.py for tasks to queue
[2024-11-11T06:55:14.716+0000] {logging_mixin.py:190} INFO - [2024-11-11T06:55:14.715+0000] {dagbag.py:588} INFO - Filling up the DagBag from /home/airflow/.local/lib/python3.12/site-packages/airflow/example_dags/example_xcomargs.py
[2024-11-11T06:55:14.737+0000] {processor.py:925} INFO - DAG(s) 'example_xcom_args_with_operators', 'example_xcom_args' retrieved from /home/airflow/.local/lib/python3.12/site-packages/airflow/example_dags/example_xcomargs.py
[2024-11-11T06:55:14.776+0000] {logging_mixin.py:190} INFO - [2024-11-11T06:55:14.776+0000] {dag.py:3239} INFO - Sync 2 DAGs
[2024-11-11T06:55:14.794+0000] {logging_mixin.py:190} INFO - [2024-11-11T06:55:14.794+0000] {dag.py:4180} INFO - Setting next_dagrun for example_xcom_args to None, run_after=None
[2024-11-11T06:55:14.800+0000] {logging_mixin.py:190} INFO - [2024-11-11T06:55:14.799+0000] {dag.py:4180} INFO - Setting next_dagrun for example_xcom_args_with_operators to None, run_after=None
[2024-11-11T06:55:14.833+0000] {processor.py:208} INFO - Processing /home/airflow/.local/lib/python3.12/site-packages/airflow/example_dags/example_xcomargs.py took 0.135 seconds
[2024-11-11T06:55:46.046+0000] {processor.py:186} INFO - Started process (PID=977) to work on /home/airflow/.local/lib/python3.12/site-packages/airflow/example_dags/example_xcomargs.py
[2024-11-11T06:55:46.049+0000] {processor.py:914} INFO - Processing file /home/airflow/.local/lib/python3.12/site-packages/airflow/example_dags/example_xcomargs.py for tasks to queue
[2024-11-11T06:55:46.057+0000] {logging_mixin.py:190} INFO - [2024-11-11T06:55:46.056+0000] {dagbag.py:588} INFO - Filling up the DagBag from /home/airflow/.local/lib/python3.12/site-packages/airflow/example_dags/example_xcomargs.py
[2024-11-11T06:55:46.084+0000] {processor.py:925} INFO - DAG(s) 'example_xcom_args_with_operators', 'example_xcom_args' retrieved from /home/airflow/.local/lib/python3.12/site-packages/airflow/example_dags/example_xcomargs.py
[2024-11-11T06:55:46.138+0000] {logging_mixin.py:190} INFO - [2024-11-11T06:55:46.138+0000] {dag.py:3239} INFO - Sync 2 DAGs
[2024-11-11T06:55:46.170+0000] {logging_mixin.py:190} INFO - [2024-11-11T06:55:46.170+0000] {dag.py:4180} INFO - Setting next_dagrun for example_xcom_args to None, run_after=None
[2024-11-11T06:55:46.177+0000] {logging_mixin.py:190} INFO - [2024-11-11T06:55:46.177+0000] {dag.py:4180} INFO - Setting next_dagrun for example_xcom_args_with_operators to None, run_after=None
[2024-11-11T06:55:46.210+0000] {processor.py:208} INFO - Processing /home/airflow/.local/lib/python3.12/site-packages/airflow/example_dags/example_xcomargs.py took 0.174 seconds
[2024-11-11T06:56:16.730+0000] {processor.py:186} INFO - Started process (PID=1041) to work on /home/airflow/.local/lib/python3.12/site-packages/airflow/example_dags/example_xcomargs.py
[2024-11-11T06:56:16.732+0000] {processor.py:914} INFO - Processing file /home/airflow/.local/lib/python3.12/site-packages/airflow/example_dags/example_xcomargs.py for tasks to queue
[2024-11-11T06:56:16.737+0000] {logging_mixin.py:190} INFO - [2024-11-11T06:56:16.737+0000] {dagbag.py:588} INFO - Filling up the DagBag from /home/airflow/.local/lib/python3.12/site-packages/airflow/example_dags/example_xcomargs.py
[2024-11-11T06:56:16.757+0000] {processor.py:925} INFO - DAG(s) 'example_xcom_args_with_operators', 'example_xcom_args' retrieved from /home/airflow/.local/lib/python3.12/site-packages/airflow/example_dags/example_xcomargs.py
[2024-11-11T06:56:16.802+0000] {logging_mixin.py:190} INFO - [2024-11-11T06:56:16.801+0000] {dag.py:3239} INFO - Sync 2 DAGs
[2024-11-11T06:56:16.833+0000] {logging_mixin.py:190} INFO - [2024-11-11T06:56:16.833+0000] {dag.py:4180} INFO - Setting next_dagrun for example_xcom_args to None, run_after=None
[2024-11-11T06:56:16.842+0000] {logging_mixin.py:190} INFO - [2024-11-11T06:56:16.841+0000] {dag.py:4180} INFO - Setting next_dagrun for example_xcom_args_with_operators to None, run_after=None
[2024-11-11T06:56:16.879+0000] {processor.py:208} INFO - Processing /home/airflow/.local/lib/python3.12/site-packages/airflow/example_dags/example_xcomargs.py took 0.158 seconds
[2024-11-11T06:56:48.553+0000] {processor.py:186} INFO - Started process (PID=1105) to work on /home/airflow/.local/lib/python3.12/site-packages/airflow/example_dags/example_xcomargs.py
[2024-11-11T06:56:48.556+0000] {processor.py:914} INFO - Processing file /home/airflow/.local/lib/python3.12/site-packages/airflow/example_dags/example_xcomargs.py for tasks to queue
[2024-11-11T06:56:48.559+0000] {logging_mixin.py:190} INFO - [2024-11-11T06:56:48.559+0000] {dagbag.py:588} INFO - Filling up the DagBag from /home/airflow/.local/lib/python3.12/site-packages/airflow/example_dags/example_xcomargs.py
[2024-11-11T06:56:48.573+0000] {processor.py:925} INFO - DAG(s) 'example_xcom_args', 'example_xcom_args_with_operators' retrieved from /home/airflow/.local/lib/python3.12/site-packages/airflow/example_dags/example_xcomargs.py
[2024-11-11T06:56:48.610+0000] {logging_mixin.py:190} INFO - [2024-11-11T06:56:48.609+0000] {dag.py:3239} INFO - Sync 2 DAGs
[2024-11-11T06:56:48.628+0000] {logging_mixin.py:190} INFO - [2024-11-11T06:56:48.628+0000] {dag.py:4180} INFO - Setting next_dagrun for example_xcom_args to None, run_after=None
[2024-11-11T06:56:48.634+0000] {logging_mixin.py:190} INFO - [2024-11-11T06:56:48.633+0000] {dag.py:4180} INFO - Setting next_dagrun for example_xcom_args_with_operators to None, run_after=None
[2024-11-11T06:56:48.663+0000] {processor.py:208} INFO - Processing /home/airflow/.local/lib/python3.12/site-packages/airflow/example_dags/example_xcomargs.py took 0.119 seconds
[2024-11-11T06:57:20.056+0000] {processor.py:186} INFO - Started process (PID=1169) to work on /home/airflow/.local/lib/python3.12/site-packages/airflow/example_dags/example_xcomargs.py
[2024-11-11T06:57:20.060+0000] {processor.py:914} INFO - Processing file /home/airflow/.local/lib/python3.12/site-packages/airflow/example_dags/example_xcomargs.py for tasks to queue
[2024-11-11T06:57:20.065+0000] {logging_mixin.py:190} INFO - [2024-11-11T06:57:20.064+0000] {dagbag.py:588} INFO - Filling up the DagBag from /home/airflow/.local/lib/python3.12/site-packages/airflow/example_dags/example_xcomargs.py
[2024-11-11T06:57:20.082+0000] {processor.py:925} INFO - DAG(s) 'example_xcom_args', 'example_xcom_args_with_operators' retrieved from /home/airflow/.local/lib/python3.12/site-packages/airflow/example_dags/example_xcomargs.py
[2024-11-11T06:57:20.121+0000] {logging_mixin.py:190} INFO - [2024-11-11T06:57:20.121+0000] {dag.py:3239} INFO - Sync 2 DAGs
[2024-11-11T06:57:20.138+0000] {logging_mixin.py:190} INFO - [2024-11-11T06:57:20.138+0000] {dag.py:4180} INFO - Setting next_dagrun for example_xcom_args to None, run_after=None
[2024-11-11T06:57:20.144+0000] {logging_mixin.py:190} INFO - [2024-11-11T06:57:20.144+0000] {dag.py:4180} INFO - Setting next_dagrun for example_xcom_args_with_operators to None, run_after=None
[2024-11-11T06:57:20.170+0000] {processor.py:208} INFO - Processing /home/airflow/.local/lib/python3.12/site-packages/airflow/example_dags/example_xcomargs.py took 0.123 seconds
[2024-11-11T06:57:50.785+0000] {processor.py:186} INFO - Started process (PID=1232) to work on /home/airflow/.local/lib/python3.12/site-packages/airflow/example_dags/example_xcomargs.py
[2024-11-11T06:57:50.787+0000] {processor.py:914} INFO - Processing file /home/airflow/.local/lib/python3.12/site-packages/airflow/example_dags/example_xcomargs.py for tasks to queue
[2024-11-11T06:57:50.795+0000] {logging_mixin.py:190} INFO - [2024-11-11T06:57:50.794+0000] {dagbag.py:588} INFO - Filling up the DagBag from /home/airflow/.local/lib/python3.12/site-packages/airflow/example_dags/example_xcomargs.py
[2024-11-11T06:57:50.815+0000] {processor.py:925} INFO - DAG(s) 'example_xcom_args', 'example_xcom_args_with_operators' retrieved from /home/airflow/.local/lib/python3.12/site-packages/airflow/example_dags/example_xcomargs.py
[2024-11-11T06:57:50.857+0000] {logging_mixin.py:190} INFO - [2024-11-11T06:57:50.856+0000] {dag.py:3239} INFO - Sync 2 DAGs
[2024-11-11T06:57:50.876+0000] {logging_mixin.py:190} INFO - [2024-11-11T06:57:50.875+0000] {dag.py:4180} INFO - Setting next_dagrun for example_xcom_args to None, run_after=None
[2024-11-11T06:57:50.882+0000] {logging_mixin.py:190} INFO - [2024-11-11T06:57:50.881+0000] {dag.py:4180} INFO - Setting next_dagrun for example_xcom_args_with_operators to None, run_after=None
[2024-11-11T06:57:50.908+0000] {processor.py:208} INFO - Processing /home/airflow/.local/lib/python3.12/site-packages/airflow/example_dags/example_xcomargs.py took 0.135 seconds
[2024-11-11T06:58:21.248+0000] {processor.py:186} INFO - Started process (PID=1295) to work on /home/airflow/.local/lib/python3.12/site-packages/airflow/example_dags/example_xcomargs.py
[2024-11-11T06:58:21.249+0000] {processor.py:914} INFO - Processing file /home/airflow/.local/lib/python3.12/site-packages/airflow/example_dags/example_xcomargs.py for tasks to queue
[2024-11-11T06:58:21.256+0000] {logging_mixin.py:190} INFO - [2024-11-11T06:58:21.255+0000] {dagbag.py:588} INFO - Filling up the DagBag from /home/airflow/.local/lib/python3.12/site-packages/airflow/example_dags/example_xcomargs.py
[2024-11-11T06:58:21.275+0000] {processor.py:925} INFO - DAG(s) 'example_xcom_args_with_operators', 'example_xcom_args' retrieved from /home/airflow/.local/lib/python3.12/site-packages/airflow/example_dags/example_xcomargs.py
[2024-11-11T06:58:21.311+0000] {logging_mixin.py:190} INFO - [2024-11-11T06:58:21.310+0000] {dag.py:3239} INFO - Sync 2 DAGs
[2024-11-11T06:58:21.331+0000] {logging_mixin.py:190} INFO - [2024-11-11T06:58:21.331+0000] {dag.py:4180} INFO - Setting next_dagrun for example_xcom_args to None, run_after=None
[2024-11-11T06:58:21.336+0000] {logging_mixin.py:190} INFO - [2024-11-11T06:58:21.336+0000] {dag.py:4180} INFO - Setting next_dagrun for example_xcom_args_with_operators to None, run_after=None
[2024-11-11T06:58:21.375+0000] {processor.py:208} INFO - Processing /home/airflow/.local/lib/python3.12/site-packages/airflow/example_dags/example_xcomargs.py took 0.142 seconds
[2024-11-11T06:58:51.887+0000] {processor.py:186} INFO - Started process (PID=1359) to work on /home/airflow/.local/lib/python3.12/site-packages/airflow/example_dags/example_xcomargs.py
[2024-11-11T06:58:51.891+0000] {processor.py:914} INFO - Processing file /home/airflow/.local/lib/python3.12/site-packages/airflow/example_dags/example_xcomargs.py for tasks to queue
[2024-11-11T06:58:51.904+0000] {logging_mixin.py:190} INFO - [2024-11-11T06:58:51.900+0000] {dagbag.py:588} INFO - Filling up the DagBag from /home/airflow/.local/lib/python3.12/site-packages/airflow/example_dags/example_xcomargs.py
[2024-11-11T06:58:51.978+0000] {processor.py:925} INFO - DAG(s) 'example_xcom_args', 'example_xcom_args_with_operators' retrieved from /home/airflow/.local/lib/python3.12/site-packages/airflow/example_dags/example_xcomargs.py
[2024-11-11T06:58:52.109+0000] {logging_mixin.py:190} INFO - [2024-11-11T06:58:52.108+0000] {dag.py:3239} INFO - Sync 2 DAGs
[2024-11-11T06:58:52.136+0000] {logging_mixin.py:190} INFO - [2024-11-11T06:58:52.136+0000] {dag.py:4180} INFO - Setting next_dagrun for example_xcom_args to None, run_after=None
[2024-11-11T06:58:52.143+0000] {logging_mixin.py:190} INFO - [2024-11-11T06:58:52.143+0000] {dag.py:4180} INFO - Setting next_dagrun for example_xcom_args_with_operators to None, run_after=None
[2024-11-11T06:58:52.186+0000] {processor.py:208} INFO - Processing /home/airflow/.local/lib/python3.12/site-packages/airflow/example_dags/example_xcomargs.py took 0.357 seconds
[2024-11-11T06:59:23.090+0000] {processor.py:186} INFO - Started process (PID=1429) to work on /home/airflow/.local/lib/python3.12/site-packages/airflow/example_dags/example_xcomargs.py
[2024-11-11T06:59:23.092+0000] {processor.py:914} INFO - Processing file /home/airflow/.local/lib/python3.12/site-packages/airflow/example_dags/example_xcomargs.py for tasks to queue
[2024-11-11T06:59:23.098+0000] {logging_mixin.py:190} INFO - [2024-11-11T06:59:23.097+0000] {dagbag.py:588} INFO - Filling up the DagBag from /home/airflow/.local/lib/python3.12/site-packages/airflow/example_dags/example_xcomargs.py
[2024-11-11T06:59:23.120+0000] {processor.py:925} INFO - DAG(s) 'example_xcom_args_with_operators', 'example_xcom_args' retrieved from /home/airflow/.local/lib/python3.12/site-packages/airflow/example_dags/example_xcomargs.py
[2024-11-11T06:59:23.166+0000] {logging_mixin.py:190} INFO - [2024-11-11T06:59:23.166+0000] {dag.py:3239} INFO - Sync 2 DAGs
[2024-11-11T06:59:23.192+0000] {logging_mixin.py:190} INFO - [2024-11-11T06:59:23.192+0000] {dag.py:4180} INFO - Setting next_dagrun for example_xcom_args to None, run_after=None
[2024-11-11T06:59:23.202+0000] {logging_mixin.py:190} INFO - [2024-11-11T06:59:23.202+0000] {dag.py:4180} INFO - Setting next_dagrun for example_xcom_args_with_operators to None, run_after=None
[2024-11-11T06:59:23.245+0000] {processor.py:208} INFO - Processing /home/airflow/.local/lib/python3.12/site-packages/airflow/example_dags/example_xcomargs.py took 0.166 seconds
[2024-11-11T06:59:54.270+0000] {processor.py:186} INFO - Started process (PID=1493) to work on /home/airflow/.local/lib/python3.12/site-packages/airflow/example_dags/example_xcomargs.py
[2024-11-11T06:59:54.271+0000] {processor.py:914} INFO - Processing file /home/airflow/.local/lib/python3.12/site-packages/airflow/example_dags/example_xcomargs.py for tasks to queue
[2024-11-11T06:59:54.275+0000] {logging_mixin.py:190} INFO - [2024-11-11T06:59:54.275+0000] {dagbag.py:588} INFO - Filling up the DagBag from /home/airflow/.local/lib/python3.12/site-packages/airflow/example_dags/example_xcomargs.py
[2024-11-11T06:59:54.289+0000] {processor.py:925} INFO - DAG(s) 'example_xcom_args', 'example_xcom_args_with_operators' retrieved from /home/airflow/.local/lib/python3.12/site-packages/airflow/example_dags/example_xcomargs.py
[2024-11-11T06:59:54.325+0000] {logging_mixin.py:190} INFO - [2024-11-11T06:59:54.324+0000] {dag.py:3239} INFO - Sync 2 DAGs
[2024-11-11T06:59:54.351+0000] {logging_mixin.py:190} INFO - [2024-11-11T06:59:54.351+0000] {dag.py:4180} INFO - Setting next_dagrun for example_xcom_args to None, run_after=None
[2024-11-11T06:59:54.358+0000] {logging_mixin.py:190} INFO - [2024-11-11T06:59:54.357+0000] {dag.py:4180} INFO - Setting next_dagrun for example_xcom_args_with_operators to None, run_after=None
[2024-11-11T06:59:54.381+0000] {processor.py:208} INFO - Processing /home/airflow/.local/lib/python3.12/site-packages/airflow/example_dags/example_xcomargs.py took 0.119 seconds
[2024-11-11T07:00:25.298+0000] {processor.py:186} INFO - Started process (PID=1557) to work on /home/airflow/.local/lib/python3.12/site-packages/airflow/example_dags/example_xcomargs.py
[2024-11-11T07:00:25.300+0000] {processor.py:914} INFO - Processing file /home/airflow/.local/lib/python3.12/site-packages/airflow/example_dags/example_xcomargs.py for tasks to queue
[2024-11-11T07:00:25.307+0000] {logging_mixin.py:190} INFO - [2024-11-11T07:00:25.306+0000] {dagbag.py:588} INFO - Filling up the DagBag from /home/airflow/.local/lib/python3.12/site-packages/airflow/example_dags/example_xcomargs.py
[2024-11-11T07:00:25.334+0000] {processor.py:925} INFO - DAG(s) 'example_xcom_args_with_operators', 'example_xcom_args' retrieved from /home/airflow/.local/lib/python3.12/site-packages/airflow/example_dags/example_xcomargs.py
[2024-11-11T07:00:25.390+0000] {logging_mixin.py:190} INFO - [2024-11-11T07:00:25.389+0000] {dag.py:3239} INFO - Sync 2 DAGs
[2024-11-11T07:00:25.413+0000] {logging_mixin.py:190} INFO - [2024-11-11T07:00:25.412+0000] {dag.py:4180} INFO - Setting next_dagrun for example_xcom_args to None, run_after=None
[2024-11-11T07:00:25.424+0000] {logging_mixin.py:190} INFO - [2024-11-11T07:00:25.424+0000] {dag.py:4180} INFO - Setting next_dagrun for example_xcom_args_with_operators to None, run_after=None
[2024-11-11T07:00:25.473+0000] {processor.py:208} INFO - Processing /home/airflow/.local/lib/python3.12/site-packages/airflow/example_dags/example_xcomargs.py took 0.184 seconds
[2024-11-11T07:00:55.710+0000] {processor.py:186} INFO - Started process (PID=1621) to work on /home/airflow/.local/lib/python3.12/site-packages/airflow/example_dags/example_xcomargs.py
[2024-11-11T07:00:55.712+0000] {processor.py:914} INFO - Processing file /home/airflow/.local/lib/python3.12/site-packages/airflow/example_dags/example_xcomargs.py for tasks to queue
[2024-11-11T07:00:55.716+0000] {logging_mixin.py:190} INFO - [2024-11-11T07:00:55.715+0000] {dagbag.py:588} INFO - Filling up the DagBag from /home/airflow/.local/lib/python3.12/site-packages/airflow/example_dags/example_xcomargs.py
[2024-11-11T07:00:55.730+0000] {processor.py:925} INFO - DAG(s) 'example_xcom_args_with_operators', 'example_xcom_args' retrieved from /home/airflow/.local/lib/python3.12/site-packages/airflow/example_dags/example_xcomargs.py
[2024-11-11T07:00:55.764+0000] {logging_mixin.py:190} INFO - [2024-11-11T07:00:55.764+0000] {dag.py:3239} INFO - Sync 2 DAGs
[2024-11-11T07:00:55.780+0000] {logging_mixin.py:190} INFO - [2024-11-11T07:00:55.780+0000] {dag.py:4180} INFO - Setting next_dagrun for example_xcom_args to None, run_after=None
[2024-11-11T07:00:55.786+0000] {logging_mixin.py:190} INFO - [2024-11-11T07:00:55.786+0000] {dag.py:4180} INFO - Setting next_dagrun for example_xcom_args_with_operators to None, run_after=None
[2024-11-11T07:00:55.813+0000] {processor.py:208} INFO - Processing /home/airflow/.local/lib/python3.12/site-packages/airflow/example_dags/example_xcomargs.py took 0.113 seconds
[2024-11-11T07:01:26.291+0000] {processor.py:186} INFO - Started process (PID=1685) to work on /home/airflow/.local/lib/python3.12/site-packages/airflow/example_dags/example_xcomargs.py
[2024-11-11T07:01:26.293+0000] {processor.py:914} INFO - Processing file /home/airflow/.local/lib/python3.12/site-packages/airflow/example_dags/example_xcomargs.py for tasks to queue
[2024-11-11T07:01:26.297+0000] {logging_mixin.py:190} INFO - [2024-11-11T07:01:26.297+0000] {dagbag.py:588} INFO - Filling up the DagBag from /home/airflow/.local/lib/python3.12/site-packages/airflow/example_dags/example_xcomargs.py
[2024-11-11T07:01:26.312+0000] {processor.py:925} INFO - DAG(s) 'example_xcom_args', 'example_xcom_args_with_operators' retrieved from /home/airflow/.local/lib/python3.12/site-packages/airflow/example_dags/example_xcomargs.py
[2024-11-11T07:01:26.343+0000] {logging_mixin.py:190} INFO - [2024-11-11T07:01:26.343+0000] {dag.py:3239} INFO - Sync 2 DAGs
[2024-11-11T07:01:26.363+0000] {logging_mixin.py:190} INFO - [2024-11-11T07:01:26.363+0000] {dag.py:4180} INFO - Setting next_dagrun for example_xcom_args to None, run_after=None
[2024-11-11T07:01:26.370+0000] {logging_mixin.py:190} INFO - [2024-11-11T07:01:26.370+0000] {dag.py:4180} INFO - Setting next_dagrun for example_xcom_args_with_operators to None, run_after=None
[2024-11-11T07:01:26.396+0000] {processor.py:208} INFO - Processing /home/airflow/.local/lib/python3.12/site-packages/airflow/example_dags/example_xcomargs.py took 0.118 seconds
[2024-11-11T07:01:56.497+0000] {processor.py:186} INFO - Started process (PID=1749) to work on /home/airflow/.local/lib/python3.12/site-packages/airflow/example_dags/example_xcomargs.py
[2024-11-11T07:01:56.499+0000] {processor.py:914} INFO - Processing file /home/airflow/.local/lib/python3.12/site-packages/airflow/example_dags/example_xcomargs.py for tasks to queue
[2024-11-11T07:01:56.504+0000] {logging_mixin.py:190} INFO - [2024-11-11T07:01:56.503+0000] {dagbag.py:588} INFO - Filling up the DagBag from /home/airflow/.local/lib/python3.12/site-packages/airflow/example_dags/example_xcomargs.py
[2024-11-11T07:01:56.522+0000] {processor.py:925} INFO - DAG(s) 'example_xcom_args_with_operators', 'example_xcom_args' retrieved from /home/airflow/.local/lib/python3.12/site-packages/airflow/example_dags/example_xcomargs.py
[2024-11-11T07:01:56.576+0000] {logging_mixin.py:190} INFO - [2024-11-11T07:01:56.576+0000] {dag.py:3239} INFO - Sync 2 DAGs
[2024-11-11T07:01:56.604+0000] {logging_mixin.py:190} INFO - [2024-11-11T07:01:56.604+0000] {dag.py:4180} INFO - Setting next_dagrun for example_xcom_args to None, run_after=None
[2024-11-11T07:01:56.611+0000] {logging_mixin.py:190} INFO - [2024-11-11T07:01:56.610+0000] {dag.py:4180} INFO - Setting next_dagrun for example_xcom_args_with_operators to None, run_after=None
[2024-11-11T07:01:56.641+0000] {processor.py:208} INFO - Processing /home/airflow/.local/lib/python3.12/site-packages/airflow/example_dags/example_xcomargs.py took 0.157 seconds
[2024-11-11T07:02:27.328+0000] {processor.py:186} INFO - Started process (PID=1813) to work on /home/airflow/.local/lib/python3.12/site-packages/airflow/example_dags/example_xcomargs.py
[2024-11-11T07:02:27.329+0000] {processor.py:914} INFO - Processing file /home/airflow/.local/lib/python3.12/site-packages/airflow/example_dags/example_xcomargs.py for tasks to queue
[2024-11-11T07:02:27.332+0000] {logging_mixin.py:190} INFO - [2024-11-11T07:02:27.332+0000] {dagbag.py:588} INFO - Filling up the DagBag from /home/airflow/.local/lib/python3.12/site-packages/airflow/example_dags/example_xcomargs.py
[2024-11-11T07:02:27.346+0000] {processor.py:925} INFO - DAG(s) 'example_xcom_args_with_operators', 'example_xcom_args' retrieved from /home/airflow/.local/lib/python3.12/site-packages/airflow/example_dags/example_xcomargs.py
[2024-11-11T07:02:27.375+0000] {logging_mixin.py:190} INFO - [2024-11-11T07:02:27.375+0000] {dag.py:3239} INFO - Sync 2 DAGs
[2024-11-11T07:02:27.391+0000] {logging_mixin.py:190} INFO - [2024-11-11T07:02:27.391+0000] {dag.py:4180} INFO - Setting next_dagrun for example_xcom_args to None, run_after=None
[2024-11-11T07:02:27.396+0000] {logging_mixin.py:190} INFO - [2024-11-11T07:02:27.396+0000] {dag.py:4180} INFO - Setting next_dagrun for example_xcom_args_with_operators to None, run_after=None
[2024-11-11T07:02:27.421+0000] {processor.py:208} INFO - Processing /home/airflow/.local/lib/python3.12/site-packages/airflow/example_dags/example_xcomargs.py took 0.102 seconds
[2024-11-11T07:02:57.559+0000] {processor.py:186} INFO - Started process (PID=1877) to work on /home/airflow/.local/lib/python3.12/site-packages/airflow/example_dags/example_xcomargs.py
[2024-11-11T07:02:57.560+0000] {processor.py:914} INFO - Processing file /home/airflow/.local/lib/python3.12/site-packages/airflow/example_dags/example_xcomargs.py for tasks to queue
[2024-11-11T07:02:57.564+0000] {logging_mixin.py:190} INFO - [2024-11-11T07:02:57.563+0000] {dagbag.py:588} INFO - Filling up the DagBag from /home/airflow/.local/lib/python3.12/site-packages/airflow/example_dags/example_xcomargs.py
[2024-11-11T07:02:57.575+0000] {processor.py:925} INFO - DAG(s) 'example_xcom_args_with_operators', 'example_xcom_args' retrieved from /home/airflow/.local/lib/python3.12/site-packages/airflow/example_dags/example_xcomargs.py
[2024-11-11T07:02:57.608+0000] {logging_mixin.py:190} INFO - [2024-11-11T07:02:57.608+0000] {dag.py:3239} INFO - Sync 2 DAGs
[2024-11-11T07:02:57.629+0000] {logging_mixin.py:190} INFO - [2024-11-11T07:02:57.628+0000] {dag.py:4180} INFO - Setting next_dagrun for example_xcom_args to None, run_after=None
[2024-11-11T07:02:57.635+0000] {logging_mixin.py:190} INFO - [2024-11-11T07:02:57.635+0000] {dag.py:4180} INFO - Setting next_dagrun for example_xcom_args_with_operators to None, run_after=None
[2024-11-11T07:02:57.668+0000] {processor.py:208} INFO - Processing /home/airflow/.local/lib/python3.12/site-packages/airflow/example_dags/example_xcomargs.py took 0.117 seconds
[2024-11-11T07:03:28.522+0000] {processor.py:186} INFO - Started process (PID=1941) to work on /home/airflow/.local/lib/python3.12/site-packages/airflow/example_dags/example_xcomargs.py
[2024-11-11T07:03:28.525+0000] {processor.py:914} INFO - Processing file /home/airflow/.local/lib/python3.12/site-packages/airflow/example_dags/example_xcomargs.py for tasks to queue
[2024-11-11T07:03:28.530+0000] {logging_mixin.py:190} INFO - [2024-11-11T07:03:28.530+0000] {dagbag.py:588} INFO - Filling up the DagBag from /home/airflow/.local/lib/python3.12/site-packages/airflow/example_dags/example_xcomargs.py
[2024-11-11T07:03:28.553+0000] {processor.py:925} INFO - DAG(s) 'example_xcom_args', 'example_xcom_args_with_operators' retrieved from /home/airflow/.local/lib/python3.12/site-packages/airflow/example_dags/example_xcomargs.py
[2024-11-11T07:03:28.616+0000] {logging_mixin.py:190} INFO - [2024-11-11T07:03:28.615+0000] {dag.py:3239} INFO - Sync 2 DAGs
[2024-11-11T07:03:28.648+0000] {logging_mixin.py:190} INFO - [2024-11-11T07:03:28.647+0000] {dag.py:4180} INFO - Setting next_dagrun for example_xcom_args to None, run_after=None
[2024-11-11T07:03:28.658+0000] {logging_mixin.py:190} INFO - [2024-11-11T07:03:28.658+0000] {dag.py:4180} INFO - Setting next_dagrun for example_xcom_args_with_operators to None, run_after=None
[2024-11-11T07:03:28.703+0000] {processor.py:208} INFO - Processing /home/airflow/.local/lib/python3.12/site-packages/airflow/example_dags/example_xcomargs.py took 0.197 seconds
