[2024-11-11T06:48:22.186+0000] {processor.py:186} INFO - Started process (PID=56) to work on /home/airflow/.local/lib/python3.12/site-packages/airflow/example_dags/example_dataset_alias.py
[2024-11-11T06:48:22.189+0000] {processor.py:914} INFO - Processing file /home/airflow/.local/lib/python3.12/site-packages/airflow/example_dags/example_dataset_alias.py for tasks to queue
[2024-11-11T06:48:22.193+0000] {logging_mixin.py:190} INFO - [2024-11-11T06:48:22.193+0000] {dagbag.py:588} INFO - Filling up the DagBag from /home/airflow/.local/lib/python3.12/site-packages/airflow/example_dags/example_dataset_alias.py
[2024-11-11T06:48:23.301+0000] {processor.py:925} INFO - DAG(s) 'dataset_alias_example_alias_consumer', 'dataset_alias_example_alias_producer', 'dataset_s3_bucket_consumer', 'dataset_s3_bucket_producer' retrieved from /home/airflow/.local/lib/python3.12/site-packages/airflow/example_dags/example_dataset_alias.py
[2024-11-11T06:48:23.447+0000] {logging_mixin.py:190} INFO - [2024-11-11T06:48:23.446+0000] {override.py:1911} INFO - Created Permission View: can read on DAG:dataset_alias_example_alias_consumer
[2024-11-11T06:48:23.463+0000] {logging_mixin.py:190} INFO - [2024-11-11T06:48:23.463+0000] {override.py:1911} INFO - Created Permission View: can delete on DAG:dataset_alias_example_alias_consumer
[2024-11-11T06:48:23.474+0000] {logging_mixin.py:190} INFO - [2024-11-11T06:48:23.473+0000] {override.py:1911} INFO - Created Permission View: can edit on DAG:dataset_alias_example_alias_consumer
[2024-11-11T06:48:23.488+0000] {logging_mixin.py:190} INFO - [2024-11-11T06:48:23.487+0000] {override.py:1911} INFO - Created Permission View: menu access on DAG Run:dataset_alias_example_alias_consumer
[2024-11-11T06:48:23.501+0000] {logging_mixin.py:190} INFO - [2024-11-11T06:48:23.501+0000] {override.py:1911} INFO - Created Permission View: can read on DAG Run:dataset_alias_example_alias_consumer
[2024-11-11T06:48:23.516+0000] {logging_mixin.py:190} INFO - [2024-11-11T06:48:23.515+0000] {override.py:1911} INFO - Created Permission View: can delete on DAG Run:dataset_alias_example_alias_consumer
[2024-11-11T06:48:23.531+0000] {logging_mixin.py:190} INFO - [2024-11-11T06:48:23.530+0000] {override.py:1911} INFO - Created Permission View: can create on DAG Run:dataset_alias_example_alias_consumer
[2024-11-11T06:48:23.562+0000] {logging_mixin.py:190} INFO - [2024-11-11T06:48:23.561+0000] {override.py:1911} INFO - Created Permission View: can read on DAG:dataset_alias_example_alias_producer
[2024-11-11T06:48:23.583+0000] {logging_mixin.py:190} INFO - [2024-11-11T06:48:23.583+0000] {override.py:1911} INFO - Created Permission View: can delete on DAG:dataset_alias_example_alias_producer
[2024-11-11T06:48:23.603+0000] {logging_mixin.py:190} INFO - [2024-11-11T06:48:23.603+0000] {override.py:1911} INFO - Created Permission View: can edit on DAG:dataset_alias_example_alias_producer
[2024-11-11T06:48:23.623+0000] {logging_mixin.py:190} INFO - [2024-11-11T06:48:23.622+0000] {override.py:1911} INFO - Created Permission View: menu access on DAG Run:dataset_alias_example_alias_producer
[2024-11-11T06:48:23.637+0000] {logging_mixin.py:190} INFO - [2024-11-11T06:48:23.637+0000] {override.py:1911} INFO - Created Permission View: can read on DAG Run:dataset_alias_example_alias_producer
[2024-11-11T06:48:23.655+0000] {logging_mixin.py:190} INFO - [2024-11-11T06:48:23.654+0000] {override.py:1911} INFO - Created Permission View: can delete on DAG Run:dataset_alias_example_alias_producer
[2024-11-11T06:48:23.675+0000] {logging_mixin.py:190} INFO - [2024-11-11T06:48:23.674+0000] {override.py:1911} INFO - Created Permission View: can create on DAG Run:dataset_alias_example_alias_producer
[2024-11-11T06:48:23.710+0000] {logging_mixin.py:190} INFO - [2024-11-11T06:48:23.709+0000] {override.py:1911} INFO - Created Permission View: can read on DAG:dataset_s3_bucket_consumer
[2024-11-11T06:48:23.723+0000] {logging_mixin.py:190} INFO - [2024-11-11T06:48:23.723+0000] {override.py:1911} INFO - Created Permission View: can delete on DAG:dataset_s3_bucket_consumer
[2024-11-11T06:48:23.738+0000] {logging_mixin.py:190} INFO - [2024-11-11T06:48:23.738+0000] {override.py:1911} INFO - Created Permission View: can edit on DAG:dataset_s3_bucket_consumer
[2024-11-11T06:48:23.753+0000] {logging_mixin.py:190} INFO - [2024-11-11T06:48:23.752+0000] {override.py:1911} INFO - Created Permission View: menu access on DAG Run:dataset_s3_bucket_consumer
[2024-11-11T06:48:23.766+0000] {logging_mixin.py:190} INFO - [2024-11-11T06:48:23.765+0000] {override.py:1911} INFO - Created Permission View: can read on DAG Run:dataset_s3_bucket_consumer
[2024-11-11T06:48:23.780+0000] {logging_mixin.py:190} INFO - [2024-11-11T06:48:23.779+0000] {override.py:1911} INFO - Created Permission View: can delete on DAG Run:dataset_s3_bucket_consumer
[2024-11-11T06:48:23.791+0000] {logging_mixin.py:190} INFO - [2024-11-11T06:48:23.791+0000] {override.py:1911} INFO - Created Permission View: can create on DAG Run:dataset_s3_bucket_consumer
[2024-11-11T06:48:23.819+0000] {logging_mixin.py:190} INFO - [2024-11-11T06:48:23.819+0000] {override.py:1911} INFO - Created Permission View: can read on DAG:dataset_s3_bucket_producer
[2024-11-11T06:48:23.835+0000] {logging_mixin.py:190} INFO - [2024-11-11T06:48:23.834+0000] {override.py:1911} INFO - Created Permission View: can delete on DAG:dataset_s3_bucket_producer
[2024-11-11T06:48:23.854+0000] {logging_mixin.py:190} INFO - [2024-11-11T06:48:23.853+0000] {override.py:1911} INFO - Created Permission View: can edit on DAG:dataset_s3_bucket_producer
[2024-11-11T06:48:23.871+0000] {logging_mixin.py:190} INFO - [2024-11-11T06:48:23.871+0000] {override.py:1911} INFO - Created Permission View: menu access on DAG Run:dataset_s3_bucket_producer
[2024-11-11T06:48:23.887+0000] {logging_mixin.py:190} INFO - [2024-11-11T06:48:23.887+0000] {override.py:1911} INFO - Created Permission View: can read on DAG Run:dataset_s3_bucket_producer
[2024-11-11T06:48:23.900+0000] {logging_mixin.py:190} INFO - [2024-11-11T06:48:23.900+0000] {override.py:1911} INFO - Created Permission View: can delete on DAG Run:dataset_s3_bucket_producer
[2024-11-11T06:48:23.913+0000] {logging_mixin.py:190} INFO - [2024-11-11T06:48:23.913+0000] {override.py:1911} INFO - Created Permission View: can create on DAG Run:dataset_s3_bucket_producer
[2024-11-11T06:48:23.915+0000] {logging_mixin.py:190} INFO - [2024-11-11T06:48:23.915+0000] {dag.py:3239} INFO - Sync 4 DAGs
[2024-11-11T06:48:23.930+0000] {logging_mixin.py:190} INFO - [2024-11-11T06:48:23.929+0000] {dag.py:3262} INFO - Creating ORM DAG for dataset_alias_example_alias_consumer
[2024-11-11T06:48:23.931+0000] {logging_mixin.py:190} INFO - [2024-11-11T06:48:23.931+0000] {dag.py:3262} INFO - Creating ORM DAG for dataset_s3_bucket_consumer
[2024-11-11T06:48:23.932+0000] {logging_mixin.py:190} INFO - [2024-11-11T06:48:23.932+0000] {dag.py:3262} INFO - Creating ORM DAG for dataset_alias_example_alias_producer
[2024-11-11T06:48:23.933+0000] {logging_mixin.py:190} INFO - [2024-11-11T06:48:23.933+0000] {dag.py:3262} INFO - Creating ORM DAG for dataset_s3_bucket_producer
[2024-11-11T06:48:23.944+0000] {logging_mixin.py:190} INFO - [2024-11-11T06:48:23.943+0000] {dag.py:4180} INFO - Setting next_dagrun for dataset_alias_example_alias_consumer to None, run_after=None
[2024-11-11T06:48:23.945+0000] {logging_mixin.py:190} INFO - [2024-11-11T06:48:23.945+0000] {dag.py:4180} INFO - Setting next_dagrun for dataset_alias_example_alias_producer to None, run_after=None
[2024-11-11T06:48:23.946+0000] {logging_mixin.py:190} INFO - [2024-11-11T06:48:23.946+0000] {dag.py:4180} INFO - Setting next_dagrun for dataset_s3_bucket_consumer to None, run_after=None
[2024-11-11T06:48:23.948+0000] {logging_mixin.py:190} INFO - [2024-11-11T06:48:23.947+0000] {dag.py:4180} INFO - Setting next_dagrun for dataset_s3_bucket_producer to None, run_after=None
[2024-11-11T06:48:23.983+0000] {processor.py:208} INFO - Processing /home/airflow/.local/lib/python3.12/site-packages/airflow/example_dags/example_dataset_alias.py took 1.811 seconds
[2024-11-11T06:48:54.796+0000] {processor.py:186} INFO - Started process (PID=120) to work on /home/airflow/.local/lib/python3.12/site-packages/airflow/example_dags/example_dataset_alias.py
[2024-11-11T06:48:54.798+0000] {processor.py:914} INFO - Processing file /home/airflow/.local/lib/python3.12/site-packages/airflow/example_dags/example_dataset_alias.py for tasks to queue
[2024-11-11T06:48:54.803+0000] {logging_mixin.py:190} INFO - [2024-11-11T06:48:54.802+0000] {dagbag.py:588} INFO - Filling up the DagBag from /home/airflow/.local/lib/python3.12/site-packages/airflow/example_dags/example_dataset_alias.py
[2024-11-11T06:48:55.872+0000] {processor.py:925} INFO - DAG(s) 'dataset_s3_bucket_producer', 'dataset_s3_bucket_consumer', 'dataset_alias_example_alias_consumer', 'dataset_alias_example_alias_producer' retrieved from /home/airflow/.local/lib/python3.12/site-packages/airflow/example_dags/example_dataset_alias.py
[2024-11-11T06:48:55.924+0000] {logging_mixin.py:190} INFO - [2024-11-11T06:48:55.919+0000] {dag.py:3239} INFO - Sync 4 DAGs
[2024-11-11T06:48:55.968+0000] {logging_mixin.py:190} INFO - [2024-11-11T06:48:55.967+0000] {dag.py:4180} INFO - Setting next_dagrun for dataset_alias_example_alias_consumer to None, run_after=None
[2024-11-11T06:48:55.974+0000] {logging_mixin.py:190} INFO - [2024-11-11T06:48:55.973+0000] {dag.py:4180} INFO - Setting next_dagrun for dataset_alias_example_alias_producer to None, run_after=None
[2024-11-11T06:48:55.980+0000] {logging_mixin.py:190} INFO - [2024-11-11T06:48:55.979+0000] {dag.py:4180} INFO - Setting next_dagrun for dataset_s3_bucket_consumer to None, run_after=None
[2024-11-11T06:48:55.985+0000] {logging_mixin.py:190} INFO - [2024-11-11T06:48:55.984+0000] {dag.py:4180} INFO - Setting next_dagrun for dataset_s3_bucket_producer to None, run_after=None
[2024-11-11T06:48:56.034+0000] {processor.py:208} INFO - Processing /home/airflow/.local/lib/python3.12/site-packages/airflow/example_dags/example_dataset_alias.py took 1.249 seconds
[2024-11-11T06:49:26.130+0000] {processor.py:186} INFO - Started process (PID=183) to work on /home/airflow/.local/lib/python3.12/site-packages/airflow/example_dags/example_dataset_alias.py
[2024-11-11T06:49:26.132+0000] {processor.py:914} INFO - Processing file /home/airflow/.local/lib/python3.12/site-packages/airflow/example_dags/example_dataset_alias.py for tasks to queue
[2024-11-11T06:49:26.136+0000] {logging_mixin.py:190} INFO - [2024-11-11T06:49:26.135+0000] {dagbag.py:588} INFO - Filling up the DagBag from /home/airflow/.local/lib/python3.12/site-packages/airflow/example_dags/example_dataset_alias.py
[2024-11-11T06:49:26.957+0000] {processor.py:925} INFO - DAG(s) 'dataset_alias_example_alias_producer', 'dataset_s3_bucket_producer', 'dataset_alias_example_alias_consumer', 'dataset_s3_bucket_consumer' retrieved from /home/airflow/.local/lib/python3.12/site-packages/airflow/example_dags/example_dataset_alias.py
[2024-11-11T06:49:26.997+0000] {logging_mixin.py:190} INFO - [2024-11-11T06:49:26.996+0000] {dag.py:3239} INFO - Sync 4 DAGs
[2024-11-11T06:49:27.033+0000] {logging_mixin.py:190} INFO - [2024-11-11T06:49:27.032+0000] {dag.py:4180} INFO - Setting next_dagrun for dataset_alias_example_alias_consumer to None, run_after=None
[2024-11-11T06:49:27.038+0000] {logging_mixin.py:190} INFO - [2024-11-11T06:49:27.037+0000] {dag.py:4180} INFO - Setting next_dagrun for dataset_alias_example_alias_producer to None, run_after=None
[2024-11-11T06:49:27.040+0000] {logging_mixin.py:190} INFO - [2024-11-11T06:49:27.040+0000] {dag.py:4180} INFO - Setting next_dagrun for dataset_s3_bucket_consumer to None, run_after=None
[2024-11-11T06:49:27.043+0000] {logging_mixin.py:190} INFO - [2024-11-11T06:49:27.043+0000] {dag.py:4180} INFO - Setting next_dagrun for dataset_s3_bucket_producer to None, run_after=None
[2024-11-11T06:49:27.078+0000] {processor.py:208} INFO - Processing /home/airflow/.local/lib/python3.12/site-packages/airflow/example_dags/example_dataset_alias.py took 0.956 seconds
[2024-11-11T06:49:57.218+0000] {processor.py:186} INFO - Started process (PID=247) to work on /home/airflow/.local/lib/python3.12/site-packages/airflow/example_dags/example_dataset_alias.py
[2024-11-11T06:49:57.221+0000] {processor.py:914} INFO - Processing file /home/airflow/.local/lib/python3.12/site-packages/airflow/example_dags/example_dataset_alias.py for tasks to queue
[2024-11-11T06:49:57.226+0000] {logging_mixin.py:190} INFO - [2024-11-11T06:49:57.226+0000] {dagbag.py:588} INFO - Filling up the DagBag from /home/airflow/.local/lib/python3.12/site-packages/airflow/example_dags/example_dataset_alias.py
[2024-11-11T06:49:58.124+0000] {processor.py:925} INFO - DAG(s) 'dataset_s3_bucket_consumer', 'dataset_s3_bucket_producer', 'dataset_alias_example_alias_producer', 'dataset_alias_example_alias_consumer' retrieved from /home/airflow/.local/lib/python3.12/site-packages/airflow/example_dags/example_dataset_alias.py
[2024-11-11T06:49:58.156+0000] {logging_mixin.py:190} INFO - [2024-11-11T06:49:58.155+0000] {dag.py:3239} INFO - Sync 4 DAGs
[2024-11-11T06:49:58.183+0000] {logging_mixin.py:190} INFO - [2024-11-11T06:49:58.182+0000] {dag.py:4180} INFO - Setting next_dagrun for dataset_alias_example_alias_consumer to None, run_after=None
[2024-11-11T06:49:58.188+0000] {logging_mixin.py:190} INFO - [2024-11-11T06:49:58.188+0000] {dag.py:4180} INFO - Setting next_dagrun for dataset_alias_example_alias_producer to None, run_after=None
[2024-11-11T06:49:58.192+0000] {logging_mixin.py:190} INFO - [2024-11-11T06:49:58.191+0000] {dag.py:4180} INFO - Setting next_dagrun for dataset_s3_bucket_consumer to None, run_after=None
[2024-11-11T06:49:58.194+0000] {logging_mixin.py:190} INFO - [2024-11-11T06:49:58.194+0000] {dag.py:4180} INFO - Setting next_dagrun for dataset_s3_bucket_producer to None, run_after=None
[2024-11-11T06:49:58.223+0000] {processor.py:208} INFO - Processing /home/airflow/.local/lib/python3.12/site-packages/airflow/example_dags/example_dataset_alias.py took 1.017 seconds
[2024-11-11T06:50:28.531+0000] {processor.py:186} INFO - Started process (PID=314) to work on /home/airflow/.local/lib/python3.12/site-packages/airflow/example_dags/example_dataset_alias.py
[2024-11-11T06:50:28.532+0000] {processor.py:914} INFO - Processing file /home/airflow/.local/lib/python3.12/site-packages/airflow/example_dags/example_dataset_alias.py for tasks to queue
[2024-11-11T06:50:28.536+0000] {logging_mixin.py:190} INFO - [2024-11-11T06:50:28.536+0000] {dagbag.py:588} INFO - Filling up the DagBag from /home/airflow/.local/lib/python3.12/site-packages/airflow/example_dags/example_dataset_alias.py
[2024-11-11T06:50:29.583+0000] {processor.py:925} INFO - DAG(s) 'dataset_alias_example_alias_producer', 'dataset_s3_bucket_producer', 'dataset_s3_bucket_consumer', 'dataset_alias_example_alias_consumer' retrieved from /home/airflow/.local/lib/python3.12/site-packages/airflow/example_dags/example_dataset_alias.py
[2024-11-11T06:50:29.622+0000] {logging_mixin.py:190} INFO - [2024-11-11T06:50:29.622+0000] {dag.py:3239} INFO - Sync 4 DAGs
[2024-11-11T06:50:29.656+0000] {logging_mixin.py:190} INFO - [2024-11-11T06:50:29.656+0000] {dag.py:4180} INFO - Setting next_dagrun for dataset_alias_example_alias_consumer to None, run_after=None
[2024-11-11T06:50:29.662+0000] {logging_mixin.py:190} INFO - [2024-11-11T06:50:29.661+0000] {dag.py:4180} INFO - Setting next_dagrun for dataset_alias_example_alias_producer to None, run_after=None
[2024-11-11T06:50:29.665+0000] {logging_mixin.py:190} INFO - [2024-11-11T06:50:29.664+0000] {dag.py:4180} INFO - Setting next_dagrun for dataset_s3_bucket_consumer to None, run_after=None
[2024-11-11T06:50:29.668+0000] {logging_mixin.py:190} INFO - [2024-11-11T06:50:29.668+0000] {dag.py:4180} INFO - Setting next_dagrun for dataset_s3_bucket_producer to None, run_after=None
[2024-11-11T06:50:29.708+0000] {processor.py:208} INFO - Processing /home/airflow/.local/lib/python3.12/site-packages/airflow/example_dags/example_dataset_alias.py took 1.185 seconds
[2024-11-11T06:50:59.829+0000] {processor.py:186} INFO - Started process (PID=381) to work on /home/airflow/.local/lib/python3.12/site-packages/airflow/example_dags/example_dataset_alias.py
[2024-11-11T06:50:59.832+0000] {processor.py:914} INFO - Processing file /home/airflow/.local/lib/python3.12/site-packages/airflow/example_dags/example_dataset_alias.py for tasks to queue
[2024-11-11T06:50:59.837+0000] {logging_mixin.py:190} INFO - [2024-11-11T06:50:59.837+0000] {dagbag.py:588} INFO - Filling up the DagBag from /home/airflow/.local/lib/python3.12/site-packages/airflow/example_dags/example_dataset_alias.py
[2024-11-11T06:51:00.799+0000] {processor.py:925} INFO - DAG(s) 'dataset_s3_bucket_consumer', 'dataset_s3_bucket_producer', 'dataset_alias_example_alias_producer', 'dataset_alias_example_alias_consumer' retrieved from /home/airflow/.local/lib/python3.12/site-packages/airflow/example_dags/example_dataset_alias.py
[2024-11-11T06:51:00.842+0000] {logging_mixin.py:190} INFO - [2024-11-11T06:51:00.841+0000] {dag.py:3239} INFO - Sync 4 DAGs
[2024-11-11T06:51:00.876+0000] {logging_mixin.py:190} INFO - [2024-11-11T06:51:00.875+0000] {dag.py:4180} INFO - Setting next_dagrun for dataset_alias_example_alias_consumer to None, run_after=None
[2024-11-11T06:51:00.881+0000] {logging_mixin.py:190} INFO - [2024-11-11T06:51:00.880+0000] {dag.py:4180} INFO - Setting next_dagrun for dataset_alias_example_alias_producer to None, run_after=None
[2024-11-11T06:51:00.884+0000] {logging_mixin.py:190} INFO - [2024-11-11T06:51:00.883+0000] {dag.py:4180} INFO - Setting next_dagrun for dataset_s3_bucket_consumer to None, run_after=None
[2024-11-11T06:51:00.888+0000] {logging_mixin.py:190} INFO - [2024-11-11T06:51:00.888+0000] {dag.py:4180} INFO - Setting next_dagrun for dataset_s3_bucket_producer to None, run_after=None
[2024-11-11T06:51:00.931+0000] {processor.py:208} INFO - Processing /home/airflow/.local/lib/python3.12/site-packages/airflow/example_dags/example_dataset_alias.py took 1.112 seconds
[2024-11-11T06:51:31.607+0000] {processor.py:186} INFO - Started process (PID=445) to work on /home/airflow/.local/lib/python3.12/site-packages/airflow/example_dags/example_dataset_alias.py
[2024-11-11T06:51:31.609+0000] {processor.py:914} INFO - Processing file /home/airflow/.local/lib/python3.12/site-packages/airflow/example_dags/example_dataset_alias.py for tasks to queue
[2024-11-11T06:51:31.614+0000] {logging_mixin.py:190} INFO - [2024-11-11T06:51:31.613+0000] {dagbag.py:588} INFO - Filling up the DagBag from /home/airflow/.local/lib/python3.12/site-packages/airflow/example_dags/example_dataset_alias.py
[2024-11-11T06:51:32.708+0000] {processor.py:925} INFO - DAG(s) 'dataset_s3_bucket_producer', 'dataset_alias_example_alias_consumer', 'dataset_alias_example_alias_producer', 'dataset_s3_bucket_consumer' retrieved from /home/airflow/.local/lib/python3.12/site-packages/airflow/example_dags/example_dataset_alias.py
[2024-11-11T06:51:32.768+0000] {logging_mixin.py:190} INFO - [2024-11-11T06:51:32.767+0000] {dag.py:3239} INFO - Sync 4 DAGs
[2024-11-11T06:51:32.829+0000] {logging_mixin.py:190} INFO - [2024-11-11T06:51:32.829+0000] {dag.py:4180} INFO - Setting next_dagrun for dataset_alias_example_alias_consumer to None, run_after=None
[2024-11-11T06:51:32.837+0000] {logging_mixin.py:190} INFO - [2024-11-11T06:51:32.837+0000] {dag.py:4180} INFO - Setting next_dagrun for dataset_alias_example_alias_producer to None, run_after=None
[2024-11-11T06:51:32.842+0000] {logging_mixin.py:190} INFO - [2024-11-11T06:51:32.842+0000] {dag.py:4180} INFO - Setting next_dagrun for dataset_s3_bucket_consumer to None, run_after=None
[2024-11-11T06:51:32.849+0000] {logging_mixin.py:190} INFO - [2024-11-11T06:51:32.848+0000] {dag.py:4180} INFO - Setting next_dagrun for dataset_s3_bucket_producer to None, run_after=None
[2024-11-11T06:51:32.901+0000] {processor.py:208} INFO - Processing /home/airflow/.local/lib/python3.12/site-packages/airflow/example_dags/example_dataset_alias.py took 1.303 seconds
[2024-11-11T06:52:03.220+0000] {processor.py:186} INFO - Started process (PID=510) to work on /home/airflow/.local/lib/python3.12/site-packages/airflow/example_dags/example_dataset_alias.py
[2024-11-11T06:52:03.223+0000] {processor.py:914} INFO - Processing file /home/airflow/.local/lib/python3.12/site-packages/airflow/example_dags/example_dataset_alias.py for tasks to queue
[2024-11-11T06:52:03.230+0000] {logging_mixin.py:190} INFO - [2024-11-11T06:52:03.229+0000] {dagbag.py:588} INFO - Filling up the DagBag from /home/airflow/.local/lib/python3.12/site-packages/airflow/example_dags/example_dataset_alias.py
[2024-11-11T06:52:04.313+0000] {processor.py:925} INFO - DAG(s) 'dataset_alias_example_alias_producer', 'dataset_s3_bucket_producer', 'dataset_alias_example_alias_consumer', 'dataset_s3_bucket_consumer' retrieved from /home/airflow/.local/lib/python3.12/site-packages/airflow/example_dags/example_dataset_alias.py
[2024-11-11T06:52:04.366+0000] {logging_mixin.py:190} INFO - [2024-11-11T06:52:04.364+0000] {dag.py:3239} INFO - Sync 4 DAGs
[2024-11-11T06:52:04.440+0000] {logging_mixin.py:190} INFO - [2024-11-11T06:52:04.440+0000] {dag.py:4180} INFO - Setting next_dagrun for dataset_alias_example_alias_consumer to None, run_after=None
[2024-11-11T06:52:04.446+0000] {logging_mixin.py:190} INFO - [2024-11-11T06:52:04.446+0000] {dag.py:4180} INFO - Setting next_dagrun for dataset_alias_example_alias_producer to None, run_after=None
[2024-11-11T06:52:04.450+0000] {logging_mixin.py:190} INFO - [2024-11-11T06:52:04.449+0000] {dag.py:4180} INFO - Setting next_dagrun for dataset_s3_bucket_consumer to None, run_after=None
[2024-11-11T06:52:04.454+0000] {logging_mixin.py:190} INFO - [2024-11-11T06:52:04.454+0000] {dag.py:4180} INFO - Setting next_dagrun for dataset_s3_bucket_producer to None, run_after=None
[2024-11-11T06:52:04.518+0000] {processor.py:208} INFO - Processing /home/airflow/.local/lib/python3.12/site-packages/airflow/example_dags/example_dataset_alias.py took 1.309 seconds
[2024-11-11T06:52:34.997+0000] {processor.py:186} INFO - Started process (PID=579) to work on /home/airflow/.local/lib/python3.12/site-packages/airflow/example_dags/example_dataset_alias.py
[2024-11-11T06:52:34.999+0000] {processor.py:914} INFO - Processing file /home/airflow/.local/lib/python3.12/site-packages/airflow/example_dags/example_dataset_alias.py for tasks to queue
[2024-11-11T06:52:35.005+0000] {logging_mixin.py:190} INFO - [2024-11-11T06:52:35.004+0000] {dagbag.py:588} INFO - Filling up the DagBag from /home/airflow/.local/lib/python3.12/site-packages/airflow/example_dags/example_dataset_alias.py
[2024-11-11T06:52:36.030+0000] {processor.py:925} INFO - DAG(s) 'dataset_alias_example_alias_consumer', 'dataset_s3_bucket_producer', 'dataset_s3_bucket_consumer', 'dataset_alias_example_alias_producer' retrieved from /home/airflow/.local/lib/python3.12/site-packages/airflow/example_dags/example_dataset_alias.py
[2024-11-11T06:52:36.087+0000] {logging_mixin.py:190} INFO - [2024-11-11T06:52:36.086+0000] {dag.py:3239} INFO - Sync 4 DAGs
[2024-11-11T06:52:36.130+0000] {logging_mixin.py:190} INFO - [2024-11-11T06:52:36.130+0000] {dag.py:4180} INFO - Setting next_dagrun for dataset_alias_example_alias_consumer to None, run_after=None
[2024-11-11T06:52:36.137+0000] {logging_mixin.py:190} INFO - [2024-11-11T06:52:36.136+0000] {dag.py:4180} INFO - Setting next_dagrun for dataset_alias_example_alias_producer to None, run_after=None
[2024-11-11T06:52:36.141+0000] {logging_mixin.py:190} INFO - [2024-11-11T06:52:36.140+0000] {dag.py:4180} INFO - Setting next_dagrun for dataset_s3_bucket_consumer to None, run_after=None
[2024-11-11T06:52:36.144+0000] {logging_mixin.py:190} INFO - [2024-11-11T06:52:36.143+0000] {dag.py:4180} INFO - Setting next_dagrun for dataset_s3_bucket_producer to None, run_after=None
[2024-11-11T06:52:36.196+0000] {processor.py:208} INFO - Processing /home/airflow/.local/lib/python3.12/site-packages/airflow/example_dags/example_dataset_alias.py took 1.208 seconds
[2024-11-11T06:53:06.320+0000] {processor.py:186} INFO - Started process (PID=643) to work on /home/airflow/.local/lib/python3.12/site-packages/airflow/example_dags/example_dataset_alias.py
[2024-11-11T06:53:06.321+0000] {processor.py:914} INFO - Processing file /home/airflow/.local/lib/python3.12/site-packages/airflow/example_dags/example_dataset_alias.py for tasks to queue
[2024-11-11T06:53:06.326+0000] {logging_mixin.py:190} INFO - [2024-11-11T06:53:06.326+0000] {dagbag.py:588} INFO - Filling up the DagBag from /home/airflow/.local/lib/python3.12/site-packages/airflow/example_dags/example_dataset_alias.py
[2024-11-11T06:53:07.252+0000] {processor.py:925} INFO - DAG(s) 'dataset_s3_bucket_producer', 'dataset_alias_example_alias_producer', 'dataset_alias_example_alias_consumer', 'dataset_s3_bucket_consumer' retrieved from /home/airflow/.local/lib/python3.12/site-packages/airflow/example_dags/example_dataset_alias.py
[2024-11-11T06:53:07.284+0000] {logging_mixin.py:190} INFO - [2024-11-11T06:53:07.284+0000] {dag.py:3239} INFO - Sync 4 DAGs
[2024-11-11T06:53:07.308+0000] {logging_mixin.py:190} INFO - [2024-11-11T06:53:07.308+0000] {dag.py:4180} INFO - Setting next_dagrun for dataset_alias_example_alias_consumer to None, run_after=None
[2024-11-11T06:53:07.313+0000] {logging_mixin.py:190} INFO - [2024-11-11T06:53:07.312+0000] {dag.py:4180} INFO - Setting next_dagrun for dataset_alias_example_alias_producer to None, run_after=None
[2024-11-11T06:53:07.317+0000] {logging_mixin.py:190} INFO - [2024-11-11T06:53:07.316+0000] {dag.py:4180} INFO - Setting next_dagrun for dataset_s3_bucket_consumer to None, run_after=None
[2024-11-11T06:53:07.320+0000] {logging_mixin.py:190} INFO - [2024-11-11T06:53:07.320+0000] {dag.py:4180} INFO - Setting next_dagrun for dataset_s3_bucket_producer to None, run_after=None
[2024-11-11T06:53:07.354+0000] {processor.py:208} INFO - Processing /home/airflow/.local/lib/python3.12/site-packages/airflow/example_dags/example_dataset_alias.py took 1.044 seconds
[2024-11-11T06:53:37.623+0000] {processor.py:186} INFO - Started process (PID=707) to work on /home/airflow/.local/lib/python3.12/site-packages/airflow/example_dags/example_dataset_alias.py
[2024-11-11T06:53:37.626+0000] {processor.py:914} INFO - Processing file /home/airflow/.local/lib/python3.12/site-packages/airflow/example_dags/example_dataset_alias.py for tasks to queue
[2024-11-11T06:53:37.629+0000] {logging_mixin.py:190} INFO - [2024-11-11T06:53:37.628+0000] {dagbag.py:588} INFO - Filling up the DagBag from /home/airflow/.local/lib/python3.12/site-packages/airflow/example_dags/example_dataset_alias.py
[2024-11-11T06:53:38.400+0000] {processor.py:925} INFO - DAG(s) 'dataset_s3_bucket_producer', 'dataset_s3_bucket_consumer', 'dataset_alias_example_alias_consumer', 'dataset_alias_example_alias_producer' retrieved from /home/airflow/.local/lib/python3.12/site-packages/airflow/example_dags/example_dataset_alias.py
[2024-11-11T06:53:38.440+0000] {logging_mixin.py:190} INFO - [2024-11-11T06:53:38.439+0000] {dag.py:3239} INFO - Sync 4 DAGs
[2024-11-11T06:53:38.478+0000] {logging_mixin.py:190} INFO - [2024-11-11T06:53:38.477+0000] {dag.py:4180} INFO - Setting next_dagrun for dataset_alias_example_alias_consumer to None, run_after=None
[2024-11-11T06:53:38.483+0000] {logging_mixin.py:190} INFO - [2024-11-11T06:53:38.483+0000] {dag.py:4180} INFO - Setting next_dagrun for dataset_alias_example_alias_producer to None, run_after=None
[2024-11-11T06:53:38.488+0000] {logging_mixin.py:190} INFO - [2024-11-11T06:53:38.487+0000] {dag.py:4180} INFO - Setting next_dagrun for dataset_s3_bucket_consumer to None, run_after=None
[2024-11-11T06:53:38.491+0000] {logging_mixin.py:190} INFO - [2024-11-11T06:53:38.491+0000] {dag.py:4180} INFO - Setting next_dagrun for dataset_s3_bucket_producer to None, run_after=None
[2024-11-11T06:53:38.520+0000] {processor.py:208} INFO - Processing /home/airflow/.local/lib/python3.12/site-packages/airflow/example_dags/example_dataset_alias.py took 0.903 seconds
[2024-11-11T06:54:09.187+0000] {processor.py:186} INFO - Started process (PID=773) to work on /home/airflow/.local/lib/python3.12/site-packages/airflow/example_dags/example_dataset_alias.py
[2024-11-11T06:54:09.191+0000] {processor.py:914} INFO - Processing file /home/airflow/.local/lib/python3.12/site-packages/airflow/example_dags/example_dataset_alias.py for tasks to queue
[2024-11-11T06:54:09.199+0000] {logging_mixin.py:190} INFO - [2024-11-11T06:54:09.198+0000] {dagbag.py:588} INFO - Filling up the DagBag from /home/airflow/.local/lib/python3.12/site-packages/airflow/example_dags/example_dataset_alias.py
[2024-11-11T06:54:10.723+0000] {processor.py:925} INFO - DAG(s) 'dataset_s3_bucket_producer', 'dataset_alias_example_alias_producer', 'dataset_alias_example_alias_consumer', 'dataset_s3_bucket_consumer' retrieved from /home/airflow/.local/lib/python3.12/site-packages/airflow/example_dags/example_dataset_alias.py
[2024-11-11T06:54:10.775+0000] {logging_mixin.py:190} INFO - [2024-11-11T06:54:10.774+0000] {dag.py:3239} INFO - Sync 4 DAGs
[2024-11-11T06:54:10.815+0000] {logging_mixin.py:190} INFO - [2024-11-11T06:54:10.814+0000] {dag.py:4180} INFO - Setting next_dagrun for dataset_alias_example_alias_consumer to None, run_after=None
[2024-11-11T06:54:10.819+0000] {logging_mixin.py:190} INFO - [2024-11-11T06:54:10.818+0000] {dag.py:4180} INFO - Setting next_dagrun for dataset_alias_example_alias_producer to None, run_after=None
[2024-11-11T06:54:10.821+0000] {logging_mixin.py:190} INFO - [2024-11-11T06:54:10.821+0000] {dag.py:4180} INFO - Setting next_dagrun for dataset_s3_bucket_consumer to None, run_after=None
[2024-11-11T06:54:10.824+0000] {logging_mixin.py:190} INFO - [2024-11-11T06:54:10.823+0000] {dag.py:4180} INFO - Setting next_dagrun for dataset_s3_bucket_producer to None, run_after=None
[2024-11-11T06:54:10.854+0000] {processor.py:208} INFO - Processing /home/airflow/.local/lib/python3.12/site-packages/airflow/example_dags/example_dataset_alias.py took 1.682 seconds
[2024-11-11T06:54:41.596+0000] {processor.py:186} INFO - Started process (PID=837) to work on /home/airflow/.local/lib/python3.12/site-packages/airflow/example_dags/example_dataset_alias.py
[2024-11-11T06:54:41.598+0000] {processor.py:914} INFO - Processing file /home/airflow/.local/lib/python3.12/site-packages/airflow/example_dags/example_dataset_alias.py for tasks to queue
[2024-11-11T06:54:41.605+0000] {logging_mixin.py:190} INFO - [2024-11-11T06:54:41.604+0000] {dagbag.py:588} INFO - Filling up the DagBag from /home/airflow/.local/lib/python3.12/site-packages/airflow/example_dags/example_dataset_alias.py
[2024-11-11T06:54:42.629+0000] {processor.py:925} INFO - DAG(s) 'dataset_alias_example_alias_consumer', 'dataset_alias_example_alias_producer', 'dataset_s3_bucket_producer', 'dataset_s3_bucket_consumer' retrieved from /home/airflow/.local/lib/python3.12/site-packages/airflow/example_dags/example_dataset_alias.py
[2024-11-11T06:54:42.661+0000] {logging_mixin.py:190} INFO - [2024-11-11T06:54:42.660+0000] {dag.py:3239} INFO - Sync 4 DAGs
[2024-11-11T06:54:42.696+0000] {logging_mixin.py:190} INFO - [2024-11-11T06:54:42.695+0000] {dag.py:4180} INFO - Setting next_dagrun for dataset_alias_example_alias_consumer to None, run_after=None
[2024-11-11T06:54:42.700+0000] {logging_mixin.py:190} INFO - [2024-11-11T06:54:42.699+0000] {dag.py:4180} INFO - Setting next_dagrun for dataset_alias_example_alias_producer to None, run_after=None
[2024-11-11T06:54:42.703+0000] {logging_mixin.py:190} INFO - [2024-11-11T06:54:42.702+0000] {dag.py:4180} INFO - Setting next_dagrun for dataset_s3_bucket_consumer to None, run_after=None
[2024-11-11T06:54:42.706+0000] {logging_mixin.py:190} INFO - [2024-11-11T06:54:42.706+0000] {dag.py:4180} INFO - Setting next_dagrun for dataset_s3_bucket_producer to None, run_after=None
[2024-11-11T06:54:42.739+0000] {processor.py:208} INFO - Processing /home/airflow/.local/lib/python3.12/site-packages/airflow/example_dags/example_dataset_alias.py took 1.152 seconds
[2024-11-11T06:55:12.948+0000] {processor.py:186} INFO - Started process (PID=901) to work on /home/airflow/.local/lib/python3.12/site-packages/airflow/example_dags/example_dataset_alias.py
[2024-11-11T06:55:12.949+0000] {processor.py:914} INFO - Processing file /home/airflow/.local/lib/python3.12/site-packages/airflow/example_dags/example_dataset_alias.py for tasks to queue
[2024-11-11T06:55:12.953+0000] {logging_mixin.py:190} INFO - [2024-11-11T06:55:12.952+0000] {dagbag.py:588} INFO - Filling up the DagBag from /home/airflow/.local/lib/python3.12/site-packages/airflow/example_dags/example_dataset_alias.py
[2024-11-11T06:55:13.929+0000] {processor.py:925} INFO - DAG(s) 'dataset_s3_bucket_consumer', 'dataset_alias_example_alias_consumer', 'dataset_s3_bucket_producer', 'dataset_alias_example_alias_producer' retrieved from /home/airflow/.local/lib/python3.12/site-packages/airflow/example_dags/example_dataset_alias.py
[2024-11-11T06:55:13.991+0000] {logging_mixin.py:190} INFO - [2024-11-11T06:55:13.990+0000] {dag.py:3239} INFO - Sync 4 DAGs
[2024-11-11T06:55:14.068+0000] {logging_mixin.py:190} INFO - [2024-11-11T06:55:14.068+0000] {dag.py:4180} INFO - Setting next_dagrun for dataset_alias_example_alias_consumer to None, run_after=None
[2024-11-11T06:55:14.076+0000] {logging_mixin.py:190} INFO - [2024-11-11T06:55:14.076+0000] {dag.py:4180} INFO - Setting next_dagrun for dataset_alias_example_alias_producer to None, run_after=None
[2024-11-11T06:55:14.079+0000] {logging_mixin.py:190} INFO - [2024-11-11T06:55:14.079+0000] {dag.py:4180} INFO - Setting next_dagrun for dataset_s3_bucket_consumer to None, run_after=None
[2024-11-11T06:55:14.083+0000] {logging_mixin.py:190} INFO - [2024-11-11T06:55:14.082+0000] {dag.py:4180} INFO - Setting next_dagrun for dataset_s3_bucket_producer to None, run_after=None
[2024-11-11T06:55:14.140+0000] {processor.py:208} INFO - Processing /home/airflow/.local/lib/python3.12/site-packages/airflow/example_dags/example_dataset_alias.py took 1.200 seconds
[2024-11-11T06:55:44.592+0000] {processor.py:186} INFO - Started process (PID=969) to work on /home/airflow/.local/lib/python3.12/site-packages/airflow/example_dags/example_dataset_alias.py
[2024-11-11T06:55:44.594+0000] {processor.py:914} INFO - Processing file /home/airflow/.local/lib/python3.12/site-packages/airflow/example_dags/example_dataset_alias.py for tasks to queue
[2024-11-11T06:55:44.600+0000] {logging_mixin.py:190} INFO - [2024-11-11T06:55:44.599+0000] {dagbag.py:588} INFO - Filling up the DagBag from /home/airflow/.local/lib/python3.12/site-packages/airflow/example_dags/example_dataset_alias.py
[2024-11-11T06:55:45.693+0000] {processor.py:925} INFO - DAG(s) 'dataset_s3_bucket_consumer', 'dataset_s3_bucket_producer', 'dataset_alias_example_alias_producer', 'dataset_alias_example_alias_consumer' retrieved from /home/airflow/.local/lib/python3.12/site-packages/airflow/example_dags/example_dataset_alias.py
[2024-11-11T06:55:45.741+0000] {logging_mixin.py:190} INFO - [2024-11-11T06:55:45.740+0000] {dag.py:3239} INFO - Sync 4 DAGs
[2024-11-11T06:55:45.779+0000] {logging_mixin.py:190} INFO - [2024-11-11T06:55:45.778+0000] {dag.py:4180} INFO - Setting next_dagrun for dataset_alias_example_alias_consumer to None, run_after=None
[2024-11-11T06:55:45.783+0000] {logging_mixin.py:190} INFO - [2024-11-11T06:55:45.783+0000] {dag.py:4180} INFO - Setting next_dagrun for dataset_alias_example_alias_producer to None, run_after=None
[2024-11-11T06:55:45.788+0000] {logging_mixin.py:190} INFO - [2024-11-11T06:55:45.788+0000] {dag.py:4180} INFO - Setting next_dagrun for dataset_s3_bucket_consumer to None, run_after=None
[2024-11-11T06:55:45.791+0000] {logging_mixin.py:190} INFO - [2024-11-11T06:55:45.791+0000] {dag.py:4180} INFO - Setting next_dagrun for dataset_s3_bucket_producer to None, run_after=None
[2024-11-11T06:55:45.829+0000] {processor.py:208} INFO - Processing /home/airflow/.local/lib/python3.12/site-packages/airflow/example_dags/example_dataset_alias.py took 1.246 seconds
[2024-11-11T06:56:16.275+0000] {processor.py:186} INFO - Started process (PID=1038) to work on /home/airflow/.local/lib/python3.12/site-packages/airflow/example_dags/example_dataset_alias.py
[2024-11-11T06:56:16.277+0000] {processor.py:914} INFO - Processing file /home/airflow/.local/lib/python3.12/site-packages/airflow/example_dags/example_dataset_alias.py for tasks to queue
[2024-11-11T06:56:16.280+0000] {logging_mixin.py:190} INFO - [2024-11-11T06:56:16.280+0000] {dagbag.py:588} INFO - Filling up the DagBag from /home/airflow/.local/lib/python3.12/site-packages/airflow/example_dags/example_dataset_alias.py
[2024-11-11T06:56:17.191+0000] {processor.py:925} INFO - DAG(s) 'dataset_s3_bucket_producer', 'dataset_s3_bucket_consumer', 'dataset_alias_example_alias_producer', 'dataset_alias_example_alias_consumer' retrieved from /home/airflow/.local/lib/python3.12/site-packages/airflow/example_dags/example_dataset_alias.py
[2024-11-11T06:56:17.230+0000] {logging_mixin.py:190} INFO - [2024-11-11T06:56:17.229+0000] {dag.py:3239} INFO - Sync 4 DAGs
[2024-11-11T06:56:17.262+0000] {logging_mixin.py:190} INFO - [2024-11-11T06:56:17.262+0000] {dag.py:4180} INFO - Setting next_dagrun for dataset_alias_example_alias_consumer to None, run_after=None
[2024-11-11T06:56:17.267+0000] {logging_mixin.py:190} INFO - [2024-11-11T06:56:17.267+0000] {dag.py:4180} INFO - Setting next_dagrun for dataset_alias_example_alias_producer to None, run_after=None
[2024-11-11T06:56:17.270+0000] {logging_mixin.py:190} INFO - [2024-11-11T06:56:17.270+0000] {dag.py:4180} INFO - Setting next_dagrun for dataset_s3_bucket_consumer to None, run_after=None
[2024-11-11T06:56:17.273+0000] {logging_mixin.py:190} INFO - [2024-11-11T06:56:17.273+0000] {dag.py:4180} INFO - Setting next_dagrun for dataset_s3_bucket_producer to None, run_after=None
[2024-11-11T06:56:17.310+0000] {processor.py:208} INFO - Processing /home/airflow/.local/lib/python3.12/site-packages/airflow/example_dags/example_dataset_alias.py took 1.043 seconds
[2024-11-11T06:56:47.944+0000] {processor.py:186} INFO - Started process (PID=1101) to work on /home/airflow/.local/lib/python3.12/site-packages/airflow/example_dags/example_dataset_alias.py
[2024-11-11T06:56:47.947+0000] {processor.py:914} INFO - Processing file /home/airflow/.local/lib/python3.12/site-packages/airflow/example_dags/example_dataset_alias.py for tasks to queue
[2024-11-11T06:56:47.951+0000] {logging_mixin.py:190} INFO - [2024-11-11T06:56:47.951+0000] {dagbag.py:588} INFO - Filling up the DagBag from /home/airflow/.local/lib/python3.12/site-packages/airflow/example_dags/example_dataset_alias.py
[2024-11-11T06:56:48.861+0000] {processor.py:925} INFO - DAG(s) 'dataset_s3_bucket_consumer', 'dataset_s3_bucket_producer', 'dataset_alias_example_alias_producer', 'dataset_alias_example_alias_consumer' retrieved from /home/airflow/.local/lib/python3.12/site-packages/airflow/example_dags/example_dataset_alias.py
[2024-11-11T06:56:48.920+0000] {logging_mixin.py:190} INFO - [2024-11-11T06:56:48.919+0000] {dag.py:3239} INFO - Sync 4 DAGs
[2024-11-11T06:56:48.960+0000] {logging_mixin.py:190} INFO - [2024-11-11T06:56:48.960+0000] {dag.py:4180} INFO - Setting next_dagrun for dataset_alias_example_alias_consumer to None, run_after=None
[2024-11-11T06:56:48.966+0000] {logging_mixin.py:190} INFO - [2024-11-11T06:56:48.966+0000] {dag.py:4180} INFO - Setting next_dagrun for dataset_alias_example_alias_producer to None, run_after=None
[2024-11-11T06:56:48.970+0000] {logging_mixin.py:190} INFO - [2024-11-11T06:56:48.969+0000] {dag.py:4180} INFO - Setting next_dagrun for dataset_s3_bucket_consumer to None, run_after=None
[2024-11-11T06:56:48.973+0000] {logging_mixin.py:190} INFO - [2024-11-11T06:56:48.973+0000] {dag.py:4180} INFO - Setting next_dagrun for dataset_s3_bucket_producer to None, run_after=None
[2024-11-11T06:56:49.016+0000] {processor.py:208} INFO - Processing /home/airflow/.local/lib/python3.12/site-packages/airflow/example_dags/example_dataset_alias.py took 1.080 seconds
[2024-11-11T06:57:19.776+0000] {processor.py:186} INFO - Started process (PID=1168) to work on /home/airflow/.local/lib/python3.12/site-packages/airflow/example_dags/example_dataset_alias.py
[2024-11-11T06:57:19.779+0000] {processor.py:914} INFO - Processing file /home/airflow/.local/lib/python3.12/site-packages/airflow/example_dags/example_dataset_alias.py for tasks to queue
[2024-11-11T06:57:19.787+0000] {logging_mixin.py:190} INFO - [2024-11-11T06:57:19.786+0000] {dagbag.py:588} INFO - Filling up the DagBag from /home/airflow/.local/lib/python3.12/site-packages/airflow/example_dags/example_dataset_alias.py
[2024-11-11T06:57:20.556+0000] {processor.py:925} INFO - DAG(s) 'dataset_alias_example_alias_consumer', 'dataset_s3_bucket_consumer', 'dataset_alias_example_alias_producer', 'dataset_s3_bucket_producer' retrieved from /home/airflow/.local/lib/python3.12/site-packages/airflow/example_dags/example_dataset_alias.py
[2024-11-11T06:57:20.601+0000] {logging_mixin.py:190} INFO - [2024-11-11T06:57:20.600+0000] {dag.py:3239} INFO - Sync 4 DAGs
[2024-11-11T06:57:20.639+0000] {logging_mixin.py:190} INFO - [2024-11-11T06:57:20.639+0000] {dag.py:4180} INFO - Setting next_dagrun for dataset_alias_example_alias_consumer to None, run_after=None
[2024-11-11T06:57:20.644+0000] {logging_mixin.py:190} INFO - [2024-11-11T06:57:20.644+0000] {dag.py:4180} INFO - Setting next_dagrun for dataset_alias_example_alias_producer to None, run_after=None
[2024-11-11T06:57:20.648+0000] {logging_mixin.py:190} INFO - [2024-11-11T06:57:20.648+0000] {dag.py:4180} INFO - Setting next_dagrun for dataset_s3_bucket_consumer to None, run_after=None
[2024-11-11T06:57:20.651+0000] {logging_mixin.py:190} INFO - [2024-11-11T06:57:20.651+0000] {dag.py:4180} INFO - Setting next_dagrun for dataset_s3_bucket_producer to None, run_after=None
[2024-11-11T06:57:20.695+0000] {processor.py:208} INFO - Processing /home/airflow/.local/lib/python3.12/site-packages/airflow/example_dags/example_dataset_alias.py took 0.934 seconds
[2024-11-11T06:57:51.298+0000] {processor.py:186} INFO - Started process (PID=1235) to work on /home/airflow/.local/lib/python3.12/site-packages/airflow/example_dags/example_dataset_alias.py
[2024-11-11T06:57:51.300+0000] {processor.py:914} INFO - Processing file /home/airflow/.local/lib/python3.12/site-packages/airflow/example_dags/example_dataset_alias.py for tasks to queue
[2024-11-11T06:57:51.304+0000] {logging_mixin.py:190} INFO - [2024-11-11T06:57:51.304+0000] {dagbag.py:588} INFO - Filling up the DagBag from /home/airflow/.local/lib/python3.12/site-packages/airflow/example_dags/example_dataset_alias.py
[2024-11-11T06:57:52.178+0000] {processor.py:925} INFO - DAG(s) 'dataset_s3_bucket_producer', 'dataset_alias_example_alias_producer', 'dataset_alias_example_alias_consumer', 'dataset_s3_bucket_consumer' retrieved from /home/airflow/.local/lib/python3.12/site-packages/airflow/example_dags/example_dataset_alias.py
[2024-11-11T06:57:52.213+0000] {logging_mixin.py:190} INFO - [2024-11-11T06:57:52.212+0000] {dag.py:3239} INFO - Sync 4 DAGs
[2024-11-11T06:57:52.244+0000] {logging_mixin.py:190} INFO - [2024-11-11T06:57:52.244+0000] {dag.py:4180} INFO - Setting next_dagrun for dataset_alias_example_alias_consumer to None, run_after=None
[2024-11-11T06:57:52.249+0000] {logging_mixin.py:190} INFO - [2024-11-11T06:57:52.248+0000] {dag.py:4180} INFO - Setting next_dagrun for dataset_alias_example_alias_producer to None, run_after=None
[2024-11-11T06:57:52.252+0000] {logging_mixin.py:190} INFO - [2024-11-11T06:57:52.252+0000] {dag.py:4180} INFO - Setting next_dagrun for dataset_s3_bucket_consumer to None, run_after=None
[2024-11-11T06:57:52.256+0000] {logging_mixin.py:190} INFO - [2024-11-11T06:57:52.256+0000] {dag.py:4180} INFO - Setting next_dagrun for dataset_s3_bucket_producer to None, run_after=None
[2024-11-11T06:57:52.288+0000] {processor.py:208} INFO - Processing /home/airflow/.local/lib/python3.12/site-packages/airflow/example_dags/example_dataset_alias.py took 0.998 seconds
[2024-11-11T06:58:22.603+0000] {processor.py:186} INFO - Started process (PID=1305) to work on /home/airflow/.local/lib/python3.12/site-packages/airflow/example_dags/example_dataset_alias.py
[2024-11-11T06:58:22.607+0000] {processor.py:914} INFO - Processing file /home/airflow/.local/lib/python3.12/site-packages/airflow/example_dags/example_dataset_alias.py for tasks to queue
[2024-11-11T06:58:22.615+0000] {logging_mixin.py:190} INFO - [2024-11-11T06:58:22.614+0000] {dagbag.py:588} INFO - Filling up the DagBag from /home/airflow/.local/lib/python3.12/site-packages/airflow/example_dags/example_dataset_alias.py
[2024-11-11T06:58:23.521+0000] {processor.py:925} INFO - DAG(s) 'dataset_s3_bucket_consumer', 'dataset_alias_example_alias_consumer', 'dataset_s3_bucket_producer', 'dataset_alias_example_alias_producer' retrieved from /home/airflow/.local/lib/python3.12/site-packages/airflow/example_dags/example_dataset_alias.py
[2024-11-11T06:58:23.558+0000] {logging_mixin.py:190} INFO - [2024-11-11T06:58:23.557+0000] {dag.py:3239} INFO - Sync 4 DAGs
[2024-11-11T06:58:23.595+0000] {logging_mixin.py:190} INFO - [2024-11-11T06:58:23.594+0000] {dag.py:4180} INFO - Setting next_dagrun for dataset_alias_example_alias_consumer to None, run_after=None
[2024-11-11T06:58:23.600+0000] {logging_mixin.py:190} INFO - [2024-11-11T06:58:23.600+0000] {dag.py:4180} INFO - Setting next_dagrun for dataset_alias_example_alias_producer to None, run_after=None
[2024-11-11T06:58:23.604+0000] {logging_mixin.py:190} INFO - [2024-11-11T06:58:23.603+0000] {dag.py:4180} INFO - Setting next_dagrun for dataset_s3_bucket_consumer to None, run_after=None
[2024-11-11T06:58:23.608+0000] {logging_mixin.py:190} INFO - [2024-11-11T06:58:23.607+0000] {dag.py:4180} INFO - Setting next_dagrun for dataset_s3_bucket_producer to None, run_after=None
[2024-11-11T06:58:23.646+0000] {processor.py:208} INFO - Processing /home/airflow/.local/lib/python3.12/site-packages/airflow/example_dags/example_dataset_alias.py took 1.055 seconds
[2024-11-11T06:58:53.866+0000] {processor.py:186} INFO - Started process (PID=1371) to work on /home/airflow/.local/lib/python3.12/site-packages/airflow/example_dags/example_dataset_alias.py
[2024-11-11T06:58:53.868+0000] {processor.py:914} INFO - Processing file /home/airflow/.local/lib/python3.12/site-packages/airflow/example_dags/example_dataset_alias.py for tasks to queue
[2024-11-11T06:58:53.873+0000] {logging_mixin.py:190} INFO - [2024-11-11T06:58:53.873+0000] {dagbag.py:588} INFO - Filling up the DagBag from /home/airflow/.local/lib/python3.12/site-packages/airflow/example_dags/example_dataset_alias.py
[2024-11-11T06:58:54.635+0000] {processor.py:925} INFO - DAG(s) 'dataset_s3_bucket_producer', 'dataset_s3_bucket_consumer', 'dataset_alias_example_alias_consumer', 'dataset_alias_example_alias_producer' retrieved from /home/airflow/.local/lib/python3.12/site-packages/airflow/example_dags/example_dataset_alias.py
[2024-11-11T06:58:54.664+0000] {logging_mixin.py:190} INFO - [2024-11-11T06:58:54.663+0000] {dag.py:3239} INFO - Sync 4 DAGs
[2024-11-11T06:58:54.697+0000] {logging_mixin.py:190} INFO - [2024-11-11T06:58:54.696+0000] {dag.py:4180} INFO - Setting next_dagrun for dataset_alias_example_alias_consumer to None, run_after=None
[2024-11-11T06:58:54.704+0000] {logging_mixin.py:190} INFO - [2024-11-11T06:58:54.704+0000] {dag.py:4180} INFO - Setting next_dagrun for dataset_alias_example_alias_producer to None, run_after=None
[2024-11-11T06:58:54.710+0000] {logging_mixin.py:190} INFO - [2024-11-11T06:58:54.709+0000] {dag.py:4180} INFO - Setting next_dagrun for dataset_s3_bucket_consumer to None, run_after=None
[2024-11-11T06:58:54.714+0000] {logging_mixin.py:190} INFO - [2024-11-11T06:58:54.713+0000] {dag.py:4180} INFO - Setting next_dagrun for dataset_s3_bucket_producer to None, run_after=None
[2024-11-11T06:58:54.758+0000] {processor.py:208} INFO - Processing /home/airflow/.local/lib/python3.12/site-packages/airflow/example_dags/example_dataset_alias.py took 0.903 seconds
[2024-11-11T06:59:24.876+0000] {processor.py:186} INFO - Started process (PID=1435) to work on /home/airflow/.local/lib/python3.12/site-packages/airflow/example_dags/example_dataset_alias.py
[2024-11-11T06:59:24.877+0000] {processor.py:914} INFO - Processing file /home/airflow/.local/lib/python3.12/site-packages/airflow/example_dags/example_dataset_alias.py for tasks to queue
[2024-11-11T06:59:24.883+0000] {logging_mixin.py:190} INFO - [2024-11-11T06:59:24.882+0000] {dagbag.py:588} INFO - Filling up the DagBag from /home/airflow/.local/lib/python3.12/site-packages/airflow/example_dags/example_dataset_alias.py
[2024-11-11T06:59:25.808+0000] {processor.py:925} INFO - DAG(s) 'dataset_alias_example_alias_consumer', 'dataset_s3_bucket_producer', 'dataset_alias_example_alias_producer', 'dataset_s3_bucket_consumer' retrieved from /home/airflow/.local/lib/python3.12/site-packages/airflow/example_dags/example_dataset_alias.py
[2024-11-11T06:59:25.843+0000] {logging_mixin.py:190} INFO - [2024-11-11T06:59:25.843+0000] {dag.py:3239} INFO - Sync 4 DAGs
[2024-11-11T06:59:25.873+0000] {logging_mixin.py:190} INFO - [2024-11-11T06:59:25.873+0000] {dag.py:4180} INFO - Setting next_dagrun for dataset_alias_example_alias_consumer to None, run_after=None
[2024-11-11T06:59:25.878+0000] {logging_mixin.py:190} INFO - [2024-11-11T06:59:25.878+0000] {dag.py:4180} INFO - Setting next_dagrun for dataset_alias_example_alias_producer to None, run_after=None
[2024-11-11T06:59:25.885+0000] {logging_mixin.py:190} INFO - [2024-11-11T06:59:25.885+0000] {dag.py:4180} INFO - Setting next_dagrun for dataset_s3_bucket_consumer to None, run_after=None
[2024-11-11T06:59:25.888+0000] {logging_mixin.py:190} INFO - [2024-11-11T06:59:25.887+0000] {dag.py:4180} INFO - Setting next_dagrun for dataset_s3_bucket_producer to None, run_after=None
[2024-11-11T06:59:25.921+0000] {processor.py:208} INFO - Processing /home/airflow/.local/lib/python3.12/site-packages/airflow/example_dags/example_dataset_alias.py took 1.053 seconds
[2024-11-11T06:59:56.121+0000] {processor.py:186} INFO - Started process (PID=1499) to work on /home/airflow/.local/lib/python3.12/site-packages/airflow/example_dags/example_dataset_alias.py
[2024-11-11T06:59:56.123+0000] {processor.py:914} INFO - Processing file /home/airflow/.local/lib/python3.12/site-packages/airflow/example_dags/example_dataset_alias.py for tasks to queue
[2024-11-11T06:59:56.130+0000] {logging_mixin.py:190} INFO - [2024-11-11T06:59:56.129+0000] {dagbag.py:588} INFO - Filling up the DagBag from /home/airflow/.local/lib/python3.12/site-packages/airflow/example_dags/example_dataset_alias.py
[2024-11-11T06:59:57.080+0000] {processor.py:925} INFO - DAG(s) 'dataset_s3_bucket_consumer', 'dataset_alias_example_alias_producer', 'dataset_s3_bucket_producer', 'dataset_alias_example_alias_consumer' retrieved from /home/airflow/.local/lib/python3.12/site-packages/airflow/example_dags/example_dataset_alias.py
[2024-11-11T06:59:57.117+0000] {logging_mixin.py:190} INFO - [2024-11-11T06:59:57.117+0000] {dag.py:3239} INFO - Sync 4 DAGs
[2024-11-11T06:59:57.153+0000] {logging_mixin.py:190} INFO - [2024-11-11T06:59:57.152+0000] {dag.py:4180} INFO - Setting next_dagrun for dataset_alias_example_alias_consumer to None, run_after=None
[2024-11-11T06:59:57.161+0000] {logging_mixin.py:190} INFO - [2024-11-11T06:59:57.161+0000] {dag.py:4180} INFO - Setting next_dagrun for dataset_alias_example_alias_producer to None, run_after=None
[2024-11-11T06:59:57.168+0000] {logging_mixin.py:190} INFO - [2024-11-11T06:59:57.168+0000] {dag.py:4180} INFO - Setting next_dagrun for dataset_s3_bucket_consumer to None, run_after=None
[2024-11-11T06:59:57.172+0000] {logging_mixin.py:190} INFO - [2024-11-11T06:59:57.171+0000] {dag.py:4180} INFO - Setting next_dagrun for dataset_s3_bucket_producer to None, run_after=None
[2024-11-11T06:59:57.222+0000] {processor.py:208} INFO - Processing /home/airflow/.local/lib/python3.12/site-packages/airflow/example_dags/example_dataset_alias.py took 1.112 seconds
[2024-11-11T07:00:28.046+0000] {processor.py:186} INFO - Started process (PID=1563) to work on /home/airflow/.local/lib/python3.12/site-packages/airflow/example_dags/example_dataset_alias.py
[2024-11-11T07:00:28.047+0000] {processor.py:914} INFO - Processing file /home/airflow/.local/lib/python3.12/site-packages/airflow/example_dags/example_dataset_alias.py for tasks to queue
[2024-11-11T07:00:28.053+0000] {logging_mixin.py:190} INFO - [2024-11-11T07:00:28.052+0000] {dagbag.py:588} INFO - Filling up the DagBag from /home/airflow/.local/lib/python3.12/site-packages/airflow/example_dags/example_dataset_alias.py
[2024-11-11T07:00:28.854+0000] {processor.py:925} INFO - DAG(s) 'dataset_alias_example_alias_consumer', 'dataset_alias_example_alias_producer', 'dataset_s3_bucket_producer', 'dataset_s3_bucket_consumer' retrieved from /home/airflow/.local/lib/python3.12/site-packages/airflow/example_dags/example_dataset_alias.py
[2024-11-11T07:00:28.902+0000] {logging_mixin.py:190} INFO - [2024-11-11T07:00:28.901+0000] {dag.py:3239} INFO - Sync 4 DAGs
[2024-11-11T07:00:28.943+0000] {logging_mixin.py:190} INFO - [2024-11-11T07:00:28.942+0000] {dag.py:4180} INFO - Setting next_dagrun for dataset_alias_example_alias_consumer to None, run_after=None
[2024-11-11T07:00:28.949+0000] {logging_mixin.py:190} INFO - [2024-11-11T07:00:28.949+0000] {dag.py:4180} INFO - Setting next_dagrun for dataset_alias_example_alias_producer to None, run_after=None
[2024-11-11T07:00:28.953+0000] {logging_mixin.py:190} INFO - [2024-11-11T07:00:28.952+0000] {dag.py:4180} INFO - Setting next_dagrun for dataset_s3_bucket_consumer to None, run_after=None
[2024-11-11T07:00:28.955+0000] {logging_mixin.py:190} INFO - [2024-11-11T07:00:28.955+0000] {dag.py:4180} INFO - Setting next_dagrun for dataset_s3_bucket_producer to None, run_after=None
[2024-11-11T07:00:28.988+0000] {processor.py:208} INFO - Processing /home/airflow/.local/lib/python3.12/site-packages/airflow/example_dags/example_dataset_alias.py took 0.955 seconds
[2024-11-11T07:00:59.258+0000] {processor.py:186} INFO - Started process (PID=1627) to work on /home/airflow/.local/lib/python3.12/site-packages/airflow/example_dags/example_dataset_alias.py
[2024-11-11T07:00:59.261+0000] {processor.py:914} INFO - Processing file /home/airflow/.local/lib/python3.12/site-packages/airflow/example_dags/example_dataset_alias.py for tasks to queue
[2024-11-11T07:00:59.266+0000] {logging_mixin.py:190} INFO - [2024-11-11T07:00:59.265+0000] {dagbag.py:588} INFO - Filling up the DagBag from /home/airflow/.local/lib/python3.12/site-packages/airflow/example_dags/example_dataset_alias.py
[2024-11-11T07:01:00.355+0000] {processor.py:925} INFO - DAG(s) 'dataset_s3_bucket_producer', 'dataset_s3_bucket_consumer', 'dataset_alias_example_alias_consumer', 'dataset_alias_example_alias_producer' retrieved from /home/airflow/.local/lib/python3.12/site-packages/airflow/example_dags/example_dataset_alias.py
[2024-11-11T07:01:00.387+0000] {logging_mixin.py:190} INFO - [2024-11-11T07:01:00.386+0000] {dag.py:3239} INFO - Sync 4 DAGs
[2024-11-11T07:01:00.430+0000] {logging_mixin.py:190} INFO - [2024-11-11T07:01:00.430+0000] {dag.py:4180} INFO - Setting next_dagrun for dataset_alias_example_alias_consumer to None, run_after=None
[2024-11-11T07:01:00.439+0000] {logging_mixin.py:190} INFO - [2024-11-11T07:01:00.438+0000] {dag.py:4180} INFO - Setting next_dagrun for dataset_alias_example_alias_producer to None, run_after=None
[2024-11-11T07:01:00.444+0000] {logging_mixin.py:190} INFO - [2024-11-11T07:01:00.444+0000] {dag.py:4180} INFO - Setting next_dagrun for dataset_s3_bucket_consumer to None, run_after=None
[2024-11-11T07:01:00.449+0000] {logging_mixin.py:190} INFO - [2024-11-11T07:01:00.449+0000] {dag.py:4180} INFO - Setting next_dagrun for dataset_s3_bucket_producer to None, run_after=None
[2024-11-11T07:01:00.526+0000] {processor.py:208} INFO - Processing /home/airflow/.local/lib/python3.12/site-packages/airflow/example_dags/example_dataset_alias.py took 1.278 seconds
[2024-11-11T07:01:30.831+0000] {processor.py:186} INFO - Started process (PID=1691) to work on /home/airflow/.local/lib/python3.12/site-packages/airflow/example_dags/example_dataset_alias.py
[2024-11-11T07:01:30.833+0000] {processor.py:914} INFO - Processing file /home/airflow/.local/lib/python3.12/site-packages/airflow/example_dags/example_dataset_alias.py for tasks to queue
[2024-11-11T07:01:30.838+0000] {logging_mixin.py:190} INFO - [2024-11-11T07:01:30.837+0000] {dagbag.py:588} INFO - Filling up the DagBag from /home/airflow/.local/lib/python3.12/site-packages/airflow/example_dags/example_dataset_alias.py
[2024-11-11T07:01:31.779+0000] {processor.py:925} INFO - DAG(s) 'dataset_s3_bucket_consumer', 'dataset_alias_example_alias_producer', 'dataset_s3_bucket_producer', 'dataset_alias_example_alias_consumer' retrieved from /home/airflow/.local/lib/python3.12/site-packages/airflow/example_dags/example_dataset_alias.py
[2024-11-11T07:01:31.839+0000] {logging_mixin.py:190} INFO - [2024-11-11T07:01:31.838+0000] {dag.py:3239} INFO - Sync 4 DAGs
[2024-11-11T07:01:31.912+0000] {logging_mixin.py:190} INFO - [2024-11-11T07:01:31.912+0000] {dag.py:4180} INFO - Setting next_dagrun for dataset_alias_example_alias_consumer to None, run_after=None
[2024-11-11T07:01:31.921+0000] {logging_mixin.py:190} INFO - [2024-11-11T07:01:31.920+0000] {dag.py:4180} INFO - Setting next_dagrun for dataset_alias_example_alias_producer to None, run_after=None
[2024-11-11T07:01:31.927+0000] {logging_mixin.py:190} INFO - [2024-11-11T07:01:31.927+0000] {dag.py:4180} INFO - Setting next_dagrun for dataset_s3_bucket_consumer to None, run_after=None
[2024-11-11T07:01:31.931+0000] {logging_mixin.py:190} INFO - [2024-11-11T07:01:31.930+0000] {dag.py:4180} INFO - Setting next_dagrun for dataset_s3_bucket_producer to None, run_after=None
[2024-11-11T07:01:32.003+0000] {processor.py:208} INFO - Processing /home/airflow/.local/lib/python3.12/site-packages/airflow/example_dags/example_dataset_alias.py took 1.179 seconds
[2024-11-11T07:02:02.117+0000] {processor.py:186} INFO - Started process (PID=1755) to work on /home/airflow/.local/lib/python3.12/site-packages/airflow/example_dags/example_dataset_alias.py
[2024-11-11T07:02:02.119+0000] {processor.py:914} INFO - Processing file /home/airflow/.local/lib/python3.12/site-packages/airflow/example_dags/example_dataset_alias.py for tasks to queue
[2024-11-11T07:02:02.125+0000] {logging_mixin.py:190} INFO - [2024-11-11T07:02:02.124+0000] {dagbag.py:588} INFO - Filling up the DagBag from /home/airflow/.local/lib/python3.12/site-packages/airflow/example_dags/example_dataset_alias.py
[2024-11-11T07:02:03.184+0000] {processor.py:925} INFO - DAG(s) 'dataset_s3_bucket_consumer', 'dataset_alias_example_alias_producer', 'dataset_alias_example_alias_consumer', 'dataset_s3_bucket_producer' retrieved from /home/airflow/.local/lib/python3.12/site-packages/airflow/example_dags/example_dataset_alias.py
[2024-11-11T07:02:03.235+0000] {logging_mixin.py:190} INFO - [2024-11-11T07:02:03.234+0000] {dag.py:3239} INFO - Sync 4 DAGs
[2024-11-11T07:02:03.278+0000] {logging_mixin.py:190} INFO - [2024-11-11T07:02:03.278+0000] {dag.py:4180} INFO - Setting next_dagrun for dataset_alias_example_alias_consumer to None, run_after=None
[2024-11-11T07:02:03.286+0000] {logging_mixin.py:190} INFO - [2024-11-11T07:02:03.286+0000] {dag.py:4180} INFO - Setting next_dagrun for dataset_alias_example_alias_producer to None, run_after=None
[2024-11-11T07:02:03.290+0000] {logging_mixin.py:190} INFO - [2024-11-11T07:02:03.290+0000] {dag.py:4180} INFO - Setting next_dagrun for dataset_s3_bucket_consumer to None, run_after=None
[2024-11-11T07:02:03.295+0000] {logging_mixin.py:190} INFO - [2024-11-11T07:02:03.294+0000] {dag.py:4180} INFO - Setting next_dagrun for dataset_s3_bucket_producer to None, run_after=None
[2024-11-11T07:02:03.352+0000] {processor.py:208} INFO - Processing /home/airflow/.local/lib/python3.12/site-packages/airflow/example_dags/example_dataset_alias.py took 1.244 seconds
[2024-11-11T07:02:33.720+0000] {processor.py:186} INFO - Started process (PID=1819) to work on /home/airflow/.local/lib/python3.12/site-packages/airflow/example_dags/example_dataset_alias.py
[2024-11-11T07:02:33.722+0000] {processor.py:914} INFO - Processing file /home/airflow/.local/lib/python3.12/site-packages/airflow/example_dags/example_dataset_alias.py for tasks to queue
[2024-11-11T07:02:33.725+0000] {logging_mixin.py:190} INFO - [2024-11-11T07:02:33.724+0000] {dagbag.py:588} INFO - Filling up the DagBag from /home/airflow/.local/lib/python3.12/site-packages/airflow/example_dags/example_dataset_alias.py
[2024-11-11T07:02:34.438+0000] {processor.py:925} INFO - DAG(s) 'dataset_s3_bucket_consumer', 'dataset_s3_bucket_producer', 'dataset_alias_example_alias_consumer', 'dataset_alias_example_alias_producer' retrieved from /home/airflow/.local/lib/python3.12/site-packages/airflow/example_dags/example_dataset_alias.py
[2024-11-11T07:02:34.473+0000] {logging_mixin.py:190} INFO - [2024-11-11T07:02:34.472+0000] {dag.py:3239} INFO - Sync 4 DAGs
[2024-11-11T07:02:34.504+0000] {logging_mixin.py:190} INFO - [2024-11-11T07:02:34.504+0000] {dag.py:4180} INFO - Setting next_dagrun for dataset_alias_example_alias_consumer to None, run_after=None
[2024-11-11T07:02:34.510+0000] {logging_mixin.py:190} INFO - [2024-11-11T07:02:34.509+0000] {dag.py:4180} INFO - Setting next_dagrun for dataset_alias_example_alias_producer to None, run_after=None
[2024-11-11T07:02:34.512+0000] {logging_mixin.py:190} INFO - [2024-11-11T07:02:34.512+0000] {dag.py:4180} INFO - Setting next_dagrun for dataset_s3_bucket_consumer to None, run_after=None
[2024-11-11T07:02:34.515+0000] {logging_mixin.py:190} INFO - [2024-11-11T07:02:34.514+0000] {dag.py:4180} INFO - Setting next_dagrun for dataset_s3_bucket_producer to None, run_after=None
[2024-11-11T07:02:34.547+0000] {processor.py:208} INFO - Processing /home/airflow/.local/lib/python3.12/site-packages/airflow/example_dags/example_dataset_alias.py took 0.834 seconds
[2024-11-11T07:03:05.501+0000] {processor.py:186} INFO - Started process (PID=1885) to work on /home/airflow/.local/lib/python3.12/site-packages/airflow/example_dags/example_dataset_alias.py
[2024-11-11T07:03:05.505+0000] {processor.py:914} INFO - Processing file /home/airflow/.local/lib/python3.12/site-packages/airflow/example_dags/example_dataset_alias.py for tasks to queue
[2024-11-11T07:03:05.512+0000] {logging_mixin.py:190} INFO - [2024-11-11T07:03:05.512+0000] {dagbag.py:588} INFO - Filling up the DagBag from /home/airflow/.local/lib/python3.12/site-packages/airflow/example_dags/example_dataset_alias.py
[2024-11-11T07:03:06.342+0000] {processor.py:925} INFO - DAG(s) 'dataset_s3_bucket_producer', 'dataset_alias_example_alias_producer', 'dataset_alias_example_alias_consumer', 'dataset_s3_bucket_consumer' retrieved from /home/airflow/.local/lib/python3.12/site-packages/airflow/example_dags/example_dataset_alias.py
[2024-11-11T07:03:06.375+0000] {logging_mixin.py:190} INFO - [2024-11-11T07:03:06.374+0000] {dag.py:3239} INFO - Sync 4 DAGs
[2024-11-11T07:03:06.404+0000] {logging_mixin.py:190} INFO - [2024-11-11T07:03:06.404+0000] {dag.py:4180} INFO - Setting next_dagrun for dataset_alias_example_alias_consumer to None, run_after=None
[2024-11-11T07:03:06.408+0000] {logging_mixin.py:190} INFO - [2024-11-11T07:03:06.408+0000] {dag.py:4180} INFO - Setting next_dagrun for dataset_alias_example_alias_producer to None, run_after=None
[2024-11-11T07:03:06.412+0000] {logging_mixin.py:190} INFO - [2024-11-11T07:03:06.411+0000] {dag.py:4180} INFO - Setting next_dagrun for dataset_s3_bucket_consumer to None, run_after=None
[2024-11-11T07:03:06.414+0000] {logging_mixin.py:190} INFO - [2024-11-11T07:03:06.414+0000] {dag.py:4180} INFO - Setting next_dagrun for dataset_s3_bucket_producer to None, run_after=None
[2024-11-11T07:03:06.444+0000] {processor.py:208} INFO - Processing /home/airflow/.local/lib/python3.12/site-packages/airflow/example_dags/example_dataset_alias.py took 0.956 seconds
[2024-11-11T07:03:37.832+0000] {processor.py:186} INFO - Started process (PID=1951) to work on /home/airflow/.local/lib/python3.12/site-packages/airflow/example_dags/example_dataset_alias.py
[2024-11-11T07:03:37.837+0000] {processor.py:914} INFO - Processing file /home/airflow/.local/lib/python3.12/site-packages/airflow/example_dags/example_dataset_alias.py for tasks to queue
[2024-11-11T07:03:37.849+0000] {logging_mixin.py:190} INFO - [2024-11-11T07:03:37.847+0000] {dagbag.py:588} INFO - Filling up the DagBag from /home/airflow/.local/lib/python3.12/site-packages/airflow/example_dags/example_dataset_alias.py
[2024-11-11T07:03:39.693+0000] {processor.py:925} INFO - DAG(s) 'dataset_alias_example_alias_producer', 'dataset_alias_example_alias_consumer', 'dataset_s3_bucket_consumer', 'dataset_s3_bucket_producer' retrieved from /home/airflow/.local/lib/python3.12/site-packages/airflow/example_dags/example_dataset_alias.py
[2024-11-11T07:03:39.761+0000] {logging_mixin.py:190} INFO - [2024-11-11T07:03:39.760+0000] {dag.py:3239} INFO - Sync 4 DAGs
[2024-11-11T07:03:39.815+0000] {logging_mixin.py:190} INFO - [2024-11-11T07:03:39.815+0000] {dag.py:4180} INFO - Setting next_dagrun for dataset_alias_example_alias_consumer to None, run_after=None
[2024-11-11T07:03:39.822+0000] {logging_mixin.py:190} INFO - [2024-11-11T07:03:39.822+0000] {dag.py:4180} INFO - Setting next_dagrun for dataset_alias_example_alias_producer to None, run_after=None
[2024-11-11T07:03:39.827+0000] {logging_mixin.py:190} INFO - [2024-11-11T07:03:39.826+0000] {dag.py:4180} INFO - Setting next_dagrun for dataset_s3_bucket_consumer to None, run_after=None
[2024-11-11T07:03:39.831+0000] {logging_mixin.py:190} INFO - [2024-11-11T07:03:39.831+0000] {dag.py:4180} INFO - Setting next_dagrun for dataset_s3_bucket_producer to None, run_after=None
[2024-11-11T07:03:39.897+0000] {processor.py:208} INFO - Processing /home/airflow/.local/lib/python3.12/site-packages/airflow/example_dags/example_dataset_alias.py took 2.086 seconds
