[2024-11-11T06:48:16.269+0000] {processor.py:186} INFO - Started process (PID=38) to work on /home/airflow/.local/lib/python3.12/site-packages/airflow/example_dags/example_dataset_alias_with_no_taskflow.py
[2024-11-11T06:48:16.271+0000] {processor.py:914} INFO - Processing file /home/airflow/.local/lib/python3.12/site-packages/airflow/example_dags/example_dataset_alias_with_no_taskflow.py for tasks to queue
[2024-11-11T06:48:16.278+0000] {logging_mixin.py:190} INFO - [2024-11-11T06:48:16.277+0000] {dagbag.py:588} INFO - Filling up the DagBag from /home/airflow/.local/lib/python3.12/site-packages/airflow/example_dags/example_dataset_alias_with_no_taskflow.py
[2024-11-11T06:48:18.883+0000] {processor.py:925} INFO - DAG(s) 'dataset_alias_example_alias_producer_with_no_taskflow', 'dataset_alias_example_alias_consumer_with_no_taskflow', 'dataset_s3_bucket_consumer_with_no_taskflow', 'dataset_s3_bucket_producer_with_no_taskflow' retrieved from /home/airflow/.local/lib/python3.12/site-packages/airflow/example_dags/example_dataset_alias_with_no_taskflow.py
[2024-11-11T06:48:19.247+0000] {logging_mixin.py:190} INFO - [2024-11-11T06:48:19.245+0000] {override.py:1911} INFO - Created Permission View: can read on DAG:dataset_alias_example_alias_producer_with_no_taskflow
[2024-11-11T06:48:19.287+0000] {logging_mixin.py:190} INFO - [2024-11-11T06:48:19.286+0000] {override.py:1911} INFO - Created Permission View: can delete on DAG:dataset_alias_example_alias_producer_with_no_taskflow
[2024-11-11T06:48:19.312+0000] {logging_mixin.py:190} INFO - [2024-11-11T06:48:19.310+0000] {override.py:1911} INFO - Created Permission View: can edit on DAG:dataset_alias_example_alias_producer_with_no_taskflow
[2024-11-11T06:48:19.346+0000] {logging_mixin.py:190} INFO - [2024-11-11T06:48:19.344+0000] {override.py:1911} INFO - Created Permission View: menu access on DAG Run:dataset_alias_example_alias_producer_with_no_taskflow
[2024-11-11T06:48:19.376+0000] {logging_mixin.py:190} INFO - [2024-11-11T06:48:19.376+0000] {override.py:1911} INFO - Created Permission View: can read on DAG Run:dataset_alias_example_alias_producer_with_no_taskflow
[2024-11-11T06:48:19.410+0000] {logging_mixin.py:190} INFO - [2024-11-11T06:48:19.409+0000] {override.py:1911} INFO - Created Permission View: can delete on DAG Run:dataset_alias_example_alias_producer_with_no_taskflow
[2024-11-11T06:48:19.443+0000] {logging_mixin.py:190} INFO - [2024-11-11T06:48:19.442+0000] {override.py:1911} INFO - Created Permission View: can create on DAG Run:dataset_alias_example_alias_producer_with_no_taskflow
[2024-11-11T06:48:19.519+0000] {logging_mixin.py:190} INFO - [2024-11-11T06:48:19.518+0000] {override.py:1911} INFO - Created Permission View: can read on DAG:dataset_alias_example_alias_consumer_with_no_taskflow
[2024-11-11T06:48:19.557+0000] {logging_mixin.py:190} INFO - [2024-11-11T06:48:19.555+0000] {override.py:1911} INFO - Created Permission View: can delete on DAG:dataset_alias_example_alias_consumer_with_no_taskflow
[2024-11-11T06:48:19.596+0000] {logging_mixin.py:190} INFO - [2024-11-11T06:48:19.595+0000] {override.py:1911} INFO - Created Permission View: can edit on DAG:dataset_alias_example_alias_consumer_with_no_taskflow
[2024-11-11T06:48:19.629+0000] {logging_mixin.py:190} INFO - [2024-11-11T06:48:19.628+0000] {override.py:1911} INFO - Created Permission View: menu access on DAG Run:dataset_alias_example_alias_consumer_with_no_taskflow
[2024-11-11T06:48:19.649+0000] {logging_mixin.py:190} INFO - [2024-11-11T06:48:19.648+0000] {override.py:1911} INFO - Created Permission View: can read on DAG Run:dataset_alias_example_alias_consumer_with_no_taskflow
[2024-11-11T06:48:19.668+0000] {logging_mixin.py:190} INFO - [2024-11-11T06:48:19.667+0000] {override.py:1911} INFO - Created Permission View: can delete on DAG Run:dataset_alias_example_alias_consumer_with_no_taskflow
[2024-11-11T06:48:19.686+0000] {logging_mixin.py:190} INFO - [2024-11-11T06:48:19.685+0000] {override.py:1911} INFO - Created Permission View: can create on DAG Run:dataset_alias_example_alias_consumer_with_no_taskflow
[2024-11-11T06:48:19.741+0000] {logging_mixin.py:190} INFO - [2024-11-11T06:48:19.740+0000] {override.py:1911} INFO - Created Permission View: can read on DAG:dataset_s3_bucket_consumer_with_no_taskflow
[2024-11-11T06:48:19.774+0000] {logging_mixin.py:190} INFO - [2024-11-11T06:48:19.774+0000] {override.py:1911} INFO - Created Permission View: can delete on DAG:dataset_s3_bucket_consumer_with_no_taskflow
[2024-11-11T06:48:19.819+0000] {logging_mixin.py:190} INFO - [2024-11-11T06:48:19.819+0000] {override.py:1911} INFO - Created Permission View: can edit on DAG:dataset_s3_bucket_consumer_with_no_taskflow
[2024-11-11T06:48:19.853+0000] {logging_mixin.py:190} INFO - [2024-11-11T06:48:19.852+0000] {override.py:1911} INFO - Created Permission View: menu access on DAG Run:dataset_s3_bucket_consumer_with_no_taskflow
[2024-11-11T06:48:19.880+0000] {logging_mixin.py:190} INFO - [2024-11-11T06:48:19.879+0000] {override.py:1911} INFO - Created Permission View: can read on DAG Run:dataset_s3_bucket_consumer_with_no_taskflow
[2024-11-11T06:48:19.901+0000] {logging_mixin.py:190} INFO - [2024-11-11T06:48:19.900+0000] {override.py:1911} INFO - Created Permission View: can delete on DAG Run:dataset_s3_bucket_consumer_with_no_taskflow
[2024-11-11T06:48:19.922+0000] {logging_mixin.py:190} INFO - [2024-11-11T06:48:19.921+0000] {override.py:1911} INFO - Created Permission View: can create on DAG Run:dataset_s3_bucket_consumer_with_no_taskflow
[2024-11-11T06:48:19.973+0000] {logging_mixin.py:190} INFO - [2024-11-11T06:48:19.973+0000] {override.py:1911} INFO - Created Permission View: can read on DAG:dataset_s3_bucket_producer_with_no_taskflow
[2024-11-11T06:48:20.002+0000] {logging_mixin.py:190} INFO - [2024-11-11T06:48:20.001+0000] {override.py:1911} INFO - Created Permission View: can delete on DAG:dataset_s3_bucket_producer_with_no_taskflow
[2024-11-11T06:48:20.031+0000] {logging_mixin.py:190} INFO - [2024-11-11T06:48:20.031+0000] {override.py:1911} INFO - Created Permission View: can edit on DAG:dataset_s3_bucket_producer_with_no_taskflow
[2024-11-11T06:48:20.058+0000] {logging_mixin.py:190} INFO - [2024-11-11T06:48:20.057+0000] {override.py:1911} INFO - Created Permission View: menu access on DAG Run:dataset_s3_bucket_producer_with_no_taskflow
[2024-11-11T06:48:20.098+0000] {logging_mixin.py:190} INFO - [2024-11-11T06:48:20.097+0000] {override.py:1911} INFO - Created Permission View: can read on DAG Run:dataset_s3_bucket_producer_with_no_taskflow
[2024-11-11T06:48:20.118+0000] {logging_mixin.py:190} INFO - [2024-11-11T06:48:20.118+0000] {override.py:1911} INFO - Created Permission View: can delete on DAG Run:dataset_s3_bucket_producer_with_no_taskflow
[2024-11-11T06:48:20.145+0000] {logging_mixin.py:190} INFO - [2024-11-11T06:48:20.142+0000] {override.py:1911} INFO - Created Permission View: can create on DAG Run:dataset_s3_bucket_producer_with_no_taskflow
[2024-11-11T06:48:20.148+0000] {logging_mixin.py:190} INFO - [2024-11-11T06:48:20.148+0000] {dag.py:3239} INFO - Sync 4 DAGs
[2024-11-11T06:48:20.220+0000] {logging_mixin.py:190} INFO - [2024-11-11T06:48:20.217+0000] {dag.py:3262} INFO - Creating ORM DAG for dataset_s3_bucket_consumer_with_no_taskflow
[2024-11-11T06:48:20.226+0000] {logging_mixin.py:190} INFO - [2024-11-11T06:48:20.224+0000] {dag.py:3262} INFO - Creating ORM DAG for dataset_s3_bucket_producer_with_no_taskflow
[2024-11-11T06:48:20.231+0000] {logging_mixin.py:190} INFO - [2024-11-11T06:48:20.230+0000] {dag.py:3262} INFO - Creating ORM DAG for dataset_alias_example_alias_consumer_with_no_taskflow
[2024-11-11T06:48:20.236+0000] {logging_mixin.py:190} INFO - [2024-11-11T06:48:20.235+0000] {dag.py:3262} INFO - Creating ORM DAG for dataset_alias_example_alias_producer_with_no_taskflow
[2024-11-11T06:48:20.296+0000] {logging_mixin.py:190} INFO - [2024-11-11T06:48:20.296+0000] {dag.py:4180} INFO - Setting next_dagrun for dataset_alias_example_alias_consumer_with_no_taskflow to None, run_after=None
[2024-11-11T06:48:20.300+0000] {logging_mixin.py:190} INFO - [2024-11-11T06:48:20.300+0000] {dag.py:4180} INFO - Setting next_dagrun for dataset_alias_example_alias_producer_with_no_taskflow to None, run_after=None
[2024-11-11T06:48:20.309+0000] {logging_mixin.py:190} INFO - [2024-11-11T06:48:20.307+0000] {dag.py:4180} INFO - Setting next_dagrun for dataset_s3_bucket_consumer_with_no_taskflow to None, run_after=None
[2024-11-11T06:48:20.315+0000] {logging_mixin.py:190} INFO - [2024-11-11T06:48:20.313+0000] {dag.py:4180} INFO - Setting next_dagrun for dataset_s3_bucket_producer_with_no_taskflow to None, run_after=None
[2024-11-11T06:48:20.549+0000] {processor.py:208} INFO - Processing /home/airflow/.local/lib/python3.12/site-packages/airflow/example_dags/example_dataset_alias_with_no_taskflow.py took 4.292 seconds
[2024-11-11T06:48:50.904+0000] {processor.py:186} INFO - Started process (PID=111) to work on /home/airflow/.local/lib/python3.12/site-packages/airflow/example_dags/example_dataset_alias_with_no_taskflow.py
[2024-11-11T06:48:50.906+0000] {processor.py:914} INFO - Processing file /home/airflow/.local/lib/python3.12/site-packages/airflow/example_dags/example_dataset_alias_with_no_taskflow.py for tasks to queue
[2024-11-11T06:48:50.914+0000] {logging_mixin.py:190} INFO - [2024-11-11T06:48:50.913+0000] {dagbag.py:588} INFO - Filling up the DagBag from /home/airflow/.local/lib/python3.12/site-packages/airflow/example_dags/example_dataset_alias_with_no_taskflow.py
[2024-11-11T06:48:52.428+0000] {processor.py:925} INFO - DAG(s) 'dataset_alias_example_alias_consumer_with_no_taskflow', 'dataset_alias_example_alias_producer_with_no_taskflow', 'dataset_s3_bucket_consumer_with_no_taskflow', 'dataset_s3_bucket_producer_with_no_taskflow' retrieved from /home/airflow/.local/lib/python3.12/site-packages/airflow/example_dags/example_dataset_alias_with_no_taskflow.py
[2024-11-11T06:48:52.480+0000] {logging_mixin.py:190} INFO - [2024-11-11T06:48:52.479+0000] {dag.py:3239} INFO - Sync 4 DAGs
[2024-11-11T06:48:52.520+0000] {logging_mixin.py:190} INFO - [2024-11-11T06:48:52.520+0000] {dag.py:4180} INFO - Setting next_dagrun for dataset_alias_example_alias_consumer_with_no_taskflow to None, run_after=None
[2024-11-11T06:48:52.526+0000] {logging_mixin.py:190} INFO - [2024-11-11T06:48:52.525+0000] {dag.py:4180} INFO - Setting next_dagrun for dataset_alias_example_alias_producer_with_no_taskflow to None, run_after=None
[2024-11-11T06:48:52.529+0000] {logging_mixin.py:190} INFO - [2024-11-11T06:48:52.529+0000] {dag.py:4180} INFO - Setting next_dagrun for dataset_s3_bucket_consumer_with_no_taskflow to None, run_after=None
[2024-11-11T06:48:52.533+0000] {logging_mixin.py:190} INFO - [2024-11-11T06:48:52.532+0000] {dag.py:4180} INFO - Setting next_dagrun for dataset_s3_bucket_producer_with_no_taskflow to None, run_after=None
[2024-11-11T06:48:52.592+0000] {processor.py:208} INFO - Processing /home/airflow/.local/lib/python3.12/site-packages/airflow/example_dags/example_dataset_alias_with_no_taskflow.py took 1.708 seconds
[2024-11-11T06:49:22.678+0000] {processor.py:186} INFO - Started process (PID=180) to work on /home/airflow/.local/lib/python3.12/site-packages/airflow/example_dags/example_dataset_alias_with_no_taskflow.py
[2024-11-11T06:49:22.680+0000] {processor.py:914} INFO - Processing file /home/airflow/.local/lib/python3.12/site-packages/airflow/example_dags/example_dataset_alias_with_no_taskflow.py for tasks to queue
[2024-11-11T06:49:22.684+0000] {logging_mixin.py:190} INFO - [2024-11-11T06:49:22.684+0000] {dagbag.py:588} INFO - Filling up the DagBag from /home/airflow/.local/lib/python3.12/site-packages/airflow/example_dags/example_dataset_alias_with_no_taskflow.py
[2024-11-11T06:49:24.417+0000] {processor.py:925} INFO - DAG(s) 'dataset_s3_bucket_producer_with_no_taskflow', 'dataset_s3_bucket_consumer_with_no_taskflow', 'dataset_alias_example_alias_producer_with_no_taskflow', 'dataset_alias_example_alias_consumer_with_no_taskflow' retrieved from /home/airflow/.local/lib/python3.12/site-packages/airflow/example_dags/example_dataset_alias_with_no_taskflow.py
[2024-11-11T06:49:24.477+0000] {logging_mixin.py:190} INFO - [2024-11-11T06:49:24.475+0000] {dag.py:3239} INFO - Sync 4 DAGs
[2024-11-11T06:49:24.516+0000] {logging_mixin.py:190} INFO - [2024-11-11T06:49:24.515+0000] {dag.py:4180} INFO - Setting next_dagrun for dataset_alias_example_alias_consumer_with_no_taskflow to None, run_after=None
[2024-11-11T06:49:24.525+0000] {logging_mixin.py:190} INFO - [2024-11-11T06:49:24.525+0000] {dag.py:4180} INFO - Setting next_dagrun for dataset_alias_example_alias_producer_with_no_taskflow to None, run_after=None
[2024-11-11T06:49:24.535+0000] {logging_mixin.py:190} INFO - [2024-11-11T06:49:24.535+0000] {dag.py:4180} INFO - Setting next_dagrun for dataset_s3_bucket_consumer_with_no_taskflow to None, run_after=None
[2024-11-11T06:49:24.540+0000] {logging_mixin.py:190} INFO - [2024-11-11T06:49:24.539+0000] {dag.py:4180} INFO - Setting next_dagrun for dataset_s3_bucket_producer_with_no_taskflow to None, run_after=None
[2024-11-11T06:49:24.594+0000] {processor.py:208} INFO - Processing /home/airflow/.local/lib/python3.12/site-packages/airflow/example_dags/example_dataset_alias_with_no_taskflow.py took 1.929 seconds
[2024-11-11T06:49:55.187+0000] {processor.py:186} INFO - Started process (PID=246) to work on /home/airflow/.local/lib/python3.12/site-packages/airflow/example_dags/example_dataset_alias_with_no_taskflow.py
[2024-11-11T06:49:55.190+0000] {processor.py:914} INFO - Processing file /home/airflow/.local/lib/python3.12/site-packages/airflow/example_dags/example_dataset_alias_with_no_taskflow.py for tasks to queue
[2024-11-11T06:49:55.196+0000] {logging_mixin.py:190} INFO - [2024-11-11T06:49:55.195+0000] {dagbag.py:588} INFO - Filling up the DagBag from /home/airflow/.local/lib/python3.12/site-packages/airflow/example_dags/example_dataset_alias_with_no_taskflow.py
[2024-11-11T06:49:56.167+0000] {processor.py:925} INFO - DAG(s) 'dataset_s3_bucket_producer_with_no_taskflow', 'dataset_alias_example_alias_consumer_with_no_taskflow', 'dataset_alias_example_alias_producer_with_no_taskflow', 'dataset_s3_bucket_consumer_with_no_taskflow' retrieved from /home/airflow/.local/lib/python3.12/site-packages/airflow/example_dags/example_dataset_alias_with_no_taskflow.py
[2024-11-11T06:49:56.203+0000] {logging_mixin.py:190} INFO - [2024-11-11T06:49:56.202+0000] {dag.py:3239} INFO - Sync 4 DAGs
[2024-11-11T06:49:56.235+0000] {logging_mixin.py:190} INFO - [2024-11-11T06:49:56.234+0000] {dag.py:4180} INFO - Setting next_dagrun for dataset_alias_example_alias_consumer_with_no_taskflow to None, run_after=None
[2024-11-11T06:49:56.239+0000] {logging_mixin.py:190} INFO - [2024-11-11T06:49:56.239+0000] {dag.py:4180} INFO - Setting next_dagrun for dataset_alias_example_alias_producer_with_no_taskflow to None, run_after=None
[2024-11-11T06:49:56.242+0000] {logging_mixin.py:190} INFO - [2024-11-11T06:49:56.242+0000] {dag.py:4180} INFO - Setting next_dagrun for dataset_s3_bucket_consumer_with_no_taskflow to None, run_after=None
[2024-11-11T06:49:56.245+0000] {logging_mixin.py:190} INFO - [2024-11-11T06:49:56.245+0000] {dag.py:4180} INFO - Setting next_dagrun for dataset_s3_bucket_producer_with_no_taskflow to None, run_after=None
[2024-11-11T06:49:56.282+0000] {processor.py:208} INFO - Processing /home/airflow/.local/lib/python3.12/site-packages/airflow/example_dags/example_dataset_alias_with_no_taskflow.py took 1.112 seconds
[2024-11-11T06:50:27.045+0000] {processor.py:186} INFO - Started process (PID=310) to work on /home/airflow/.local/lib/python3.12/site-packages/airflow/example_dags/example_dataset_alias_with_no_taskflow.py
[2024-11-11T06:50:27.046+0000] {processor.py:914} INFO - Processing file /home/airflow/.local/lib/python3.12/site-packages/airflow/example_dags/example_dataset_alias_with_no_taskflow.py for tasks to queue
[2024-11-11T06:50:27.050+0000] {logging_mixin.py:190} INFO - [2024-11-11T06:50:27.050+0000] {dagbag.py:588} INFO - Filling up the DagBag from /home/airflow/.local/lib/python3.12/site-packages/airflow/example_dags/example_dataset_alias_with_no_taskflow.py
[2024-11-11T06:50:28.309+0000] {processor.py:925} INFO - DAG(s) 'dataset_s3_bucket_consumer_with_no_taskflow', 'dataset_alias_example_alias_producer_with_no_taskflow', 'dataset_alias_example_alias_consumer_with_no_taskflow', 'dataset_s3_bucket_producer_with_no_taskflow' retrieved from /home/airflow/.local/lib/python3.12/site-packages/airflow/example_dags/example_dataset_alias_with_no_taskflow.py
[2024-11-11T06:50:28.358+0000] {logging_mixin.py:190} INFO - [2024-11-11T06:50:28.358+0000] {dag.py:3239} INFO - Sync 4 DAGs
[2024-11-11T06:50:28.390+0000] {logging_mixin.py:190} INFO - [2024-11-11T06:50:28.389+0000] {dag.py:4180} INFO - Setting next_dagrun for dataset_alias_example_alias_consumer_with_no_taskflow to None, run_after=None
[2024-11-11T06:50:28.395+0000] {logging_mixin.py:190} INFO - [2024-11-11T06:50:28.394+0000] {dag.py:4180} INFO - Setting next_dagrun for dataset_alias_example_alias_producer_with_no_taskflow to None, run_after=None
[2024-11-11T06:50:28.398+0000] {logging_mixin.py:190} INFO - [2024-11-11T06:50:28.398+0000] {dag.py:4180} INFO - Setting next_dagrun for dataset_s3_bucket_consumer_with_no_taskflow to None, run_after=None
[2024-11-11T06:50:28.401+0000] {logging_mixin.py:190} INFO - [2024-11-11T06:50:28.401+0000] {dag.py:4180} INFO - Setting next_dagrun for dataset_s3_bucket_producer_with_no_taskflow to None, run_after=None
[2024-11-11T06:50:28.436+0000] {processor.py:208} INFO - Processing /home/airflow/.local/lib/python3.12/site-packages/airflow/example_dags/example_dataset_alias_with_no_taskflow.py took 1.399 seconds
[2024-11-11T06:50:58.545+0000] {processor.py:186} INFO - Started process (PID=375) to work on /home/airflow/.local/lib/python3.12/site-packages/airflow/example_dags/example_dataset_alias_with_no_taskflow.py
[2024-11-11T06:50:58.547+0000] {processor.py:914} INFO - Processing file /home/airflow/.local/lib/python3.12/site-packages/airflow/example_dags/example_dataset_alias_with_no_taskflow.py for tasks to queue
[2024-11-11T06:50:58.552+0000] {logging_mixin.py:190} INFO - [2024-11-11T06:50:58.551+0000] {dagbag.py:588} INFO - Filling up the DagBag from /home/airflow/.local/lib/python3.12/site-packages/airflow/example_dags/example_dataset_alias_with_no_taskflow.py
[2024-11-11T06:50:59.618+0000] {processor.py:925} INFO - DAG(s) 'dataset_s3_bucket_producer_with_no_taskflow', 'dataset_alias_example_alias_producer_with_no_taskflow', 'dataset_alias_example_alias_consumer_with_no_taskflow', 'dataset_s3_bucket_consumer_with_no_taskflow' retrieved from /home/airflow/.local/lib/python3.12/site-packages/airflow/example_dags/example_dataset_alias_with_no_taskflow.py
[2024-11-11T06:50:59.670+0000] {logging_mixin.py:190} INFO - [2024-11-11T06:50:59.669+0000] {dag.py:3239} INFO - Sync 4 DAGs
[2024-11-11T06:50:59.708+0000] {logging_mixin.py:190} INFO - [2024-11-11T06:50:59.708+0000] {dag.py:4180} INFO - Setting next_dagrun for dataset_alias_example_alias_consumer_with_no_taskflow to None, run_after=None
[2024-11-11T06:50:59.718+0000] {logging_mixin.py:190} INFO - [2024-11-11T06:50:59.717+0000] {dag.py:4180} INFO - Setting next_dagrun for dataset_alias_example_alias_producer_with_no_taskflow to None, run_after=None
[2024-11-11T06:50:59.724+0000] {logging_mixin.py:190} INFO - [2024-11-11T06:50:59.724+0000] {dag.py:4180} INFO - Setting next_dagrun for dataset_s3_bucket_consumer_with_no_taskflow to None, run_after=None
[2024-11-11T06:50:59.729+0000] {logging_mixin.py:190} INFO - [2024-11-11T06:50:59.729+0000] {dag.py:4180} INFO - Setting next_dagrun for dataset_s3_bucket_producer_with_no_taskflow to None, run_after=None
[2024-11-11T06:50:59.772+0000] {processor.py:208} INFO - Processing /home/airflow/.local/lib/python3.12/site-packages/airflow/example_dags/example_dataset_alias_with_no_taskflow.py took 1.235 seconds
[2024-11-11T06:51:30.338+0000] {processor.py:186} INFO - Started process (PID=442) to work on /home/airflow/.local/lib/python3.12/site-packages/airflow/example_dags/example_dataset_alias_with_no_taskflow.py
[2024-11-11T06:51:30.341+0000] {processor.py:914} INFO - Processing file /home/airflow/.local/lib/python3.12/site-packages/airflow/example_dags/example_dataset_alias_with_no_taskflow.py for tasks to queue
[2024-11-11T06:51:30.348+0000] {logging_mixin.py:190} INFO - [2024-11-11T06:51:30.347+0000] {dagbag.py:588} INFO - Filling up the DagBag from /home/airflow/.local/lib/python3.12/site-packages/airflow/example_dags/example_dataset_alias_with_no_taskflow.py
[2024-11-11T06:51:31.401+0000] {processor.py:925} INFO - DAG(s) 'dataset_alias_example_alias_consumer_with_no_taskflow', 'dataset_s3_bucket_producer_with_no_taskflow', 'dataset_alias_example_alias_producer_with_no_taskflow', 'dataset_s3_bucket_consumer_with_no_taskflow' retrieved from /home/airflow/.local/lib/python3.12/site-packages/airflow/example_dags/example_dataset_alias_with_no_taskflow.py
[2024-11-11T06:51:31.448+0000] {logging_mixin.py:190} INFO - [2024-11-11T06:51:31.447+0000] {dag.py:3239} INFO - Sync 4 DAGs
[2024-11-11T06:51:31.488+0000] {logging_mixin.py:190} INFO - [2024-11-11T06:51:31.487+0000] {dag.py:4180} INFO - Setting next_dagrun for dataset_alias_example_alias_consumer_with_no_taskflow to None, run_after=None
[2024-11-11T06:51:31.492+0000] {logging_mixin.py:190} INFO - [2024-11-11T06:51:31.492+0000] {dag.py:4180} INFO - Setting next_dagrun for dataset_alias_example_alias_producer_with_no_taskflow to None, run_after=None
[2024-11-11T06:51:31.496+0000] {logging_mixin.py:190} INFO - [2024-11-11T06:51:31.496+0000] {dag.py:4180} INFO - Setting next_dagrun for dataset_s3_bucket_consumer_with_no_taskflow to None, run_after=None
[2024-11-11T06:51:31.500+0000] {logging_mixin.py:190} INFO - [2024-11-11T06:51:31.500+0000] {dag.py:4180} INFO - Setting next_dagrun for dataset_s3_bucket_producer_with_no_taskflow to None, run_after=None
[2024-11-11T06:51:31.547+0000] {processor.py:208} INFO - Processing /home/airflow/.local/lib/python3.12/site-packages/airflow/example_dags/example_dataset_alias_with_no_taskflow.py took 1.224 seconds
[2024-11-11T06:52:02.055+0000] {processor.py:186} INFO - Started process (PID=508) to work on /home/airflow/.local/lib/python3.12/site-packages/airflow/example_dags/example_dataset_alias_with_no_taskflow.py
[2024-11-11T06:52:02.057+0000] {processor.py:914} INFO - Processing file /home/airflow/.local/lib/python3.12/site-packages/airflow/example_dags/example_dataset_alias_with_no_taskflow.py for tasks to queue
[2024-11-11T06:52:02.062+0000] {logging_mixin.py:190} INFO - [2024-11-11T06:52:02.061+0000] {dagbag.py:588} INFO - Filling up the DagBag from /home/airflow/.local/lib/python3.12/site-packages/airflow/example_dags/example_dataset_alias_with_no_taskflow.py
[2024-11-11T06:52:02.947+0000] {processor.py:925} INFO - DAG(s) 'dataset_alias_example_alias_producer_with_no_taskflow', 'dataset_s3_bucket_producer_with_no_taskflow', 'dataset_alias_example_alias_consumer_with_no_taskflow', 'dataset_s3_bucket_consumer_with_no_taskflow' retrieved from /home/airflow/.local/lib/python3.12/site-packages/airflow/example_dags/example_dataset_alias_with_no_taskflow.py
[2024-11-11T06:52:03.007+0000] {logging_mixin.py:190} INFO - [2024-11-11T06:52:03.006+0000] {dag.py:3239} INFO - Sync 4 DAGs
[2024-11-11T06:52:03.072+0000] {logging_mixin.py:190} INFO - [2024-11-11T06:52:03.072+0000] {dag.py:4180} INFO - Setting next_dagrun for dataset_alias_example_alias_consumer_with_no_taskflow to None, run_after=None
[2024-11-11T06:52:03.078+0000] {logging_mixin.py:190} INFO - [2024-11-11T06:52:03.078+0000] {dag.py:4180} INFO - Setting next_dagrun for dataset_alias_example_alias_producer_with_no_taskflow to None, run_after=None
[2024-11-11T06:52:03.082+0000] {logging_mixin.py:190} INFO - [2024-11-11T06:52:03.082+0000] {dag.py:4180} INFO - Setting next_dagrun for dataset_s3_bucket_consumer_with_no_taskflow to None, run_after=None
[2024-11-11T06:52:03.092+0000] {logging_mixin.py:190} INFO - [2024-11-11T06:52:03.091+0000] {dag.py:4180} INFO - Setting next_dagrun for dataset_s3_bucket_producer_with_no_taskflow to None, run_after=None
[2024-11-11T06:52:03.154+0000] {processor.py:208} INFO - Processing /home/airflow/.local/lib/python3.12/site-packages/airflow/example_dags/example_dataset_alias_with_no_taskflow.py took 1.113 seconds
[2024-11-11T06:52:33.923+0000] {processor.py:186} INFO - Started process (PID=573) to work on /home/airflow/.local/lib/python3.12/site-packages/airflow/example_dags/example_dataset_alias_with_no_taskflow.py
[2024-11-11T06:52:33.926+0000] {processor.py:914} INFO - Processing file /home/airflow/.local/lib/python3.12/site-packages/airflow/example_dags/example_dataset_alias_with_no_taskflow.py for tasks to queue
[2024-11-11T06:52:33.931+0000] {logging_mixin.py:190} INFO - [2024-11-11T06:52:33.931+0000] {dagbag.py:588} INFO - Filling up the DagBag from /home/airflow/.local/lib/python3.12/site-packages/airflow/example_dags/example_dataset_alias_with_no_taskflow.py
[2024-11-11T06:52:34.939+0000] {processor.py:925} INFO - DAG(s) 'dataset_s3_bucket_producer_with_no_taskflow', 'dataset_s3_bucket_consumer_with_no_taskflow', 'dataset_alias_example_alias_producer_with_no_taskflow', 'dataset_alias_example_alias_consumer_with_no_taskflow' retrieved from /home/airflow/.local/lib/python3.12/site-packages/airflow/example_dags/example_dataset_alias_with_no_taskflow.py
[2024-11-11T06:52:34.996+0000] {logging_mixin.py:190} INFO - [2024-11-11T06:52:34.995+0000] {dag.py:3239} INFO - Sync 4 DAGs
[2024-11-11T06:52:35.048+0000] {logging_mixin.py:190} INFO - [2024-11-11T06:52:35.048+0000] {dag.py:4180} INFO - Setting next_dagrun for dataset_alias_example_alias_consumer_with_no_taskflow to None, run_after=None
[2024-11-11T06:52:35.057+0000] {logging_mixin.py:190} INFO - [2024-11-11T06:52:35.057+0000] {dag.py:4180} INFO - Setting next_dagrun for dataset_alias_example_alias_producer_with_no_taskflow to None, run_after=None
[2024-11-11T06:52:35.061+0000] {logging_mixin.py:190} INFO - [2024-11-11T06:52:35.061+0000] {dag.py:4180} INFO - Setting next_dagrun for dataset_s3_bucket_consumer_with_no_taskflow to None, run_after=None
[2024-11-11T06:52:35.089+0000] {logging_mixin.py:190} INFO - [2024-11-11T06:52:35.089+0000] {dag.py:4180} INFO - Setting next_dagrun for dataset_s3_bucket_producer_with_no_taskflow to None, run_after=None
[2024-11-11T06:52:35.158+0000] {processor.py:208} INFO - Processing /home/airflow/.local/lib/python3.12/site-packages/airflow/example_dags/example_dataset_alias_with_no_taskflow.py took 1.246 seconds
[2024-11-11T06:53:05.283+0000] {processor.py:186} INFO - Started process (PID=642) to work on /home/airflow/.local/lib/python3.12/site-packages/airflow/example_dags/example_dataset_alias_with_no_taskflow.py
[2024-11-11T06:53:05.286+0000] {processor.py:914} INFO - Processing file /home/airflow/.local/lib/python3.12/site-packages/airflow/example_dags/example_dataset_alias_with_no_taskflow.py for tasks to queue
[2024-11-11T06:53:05.291+0000] {logging_mixin.py:190} INFO - [2024-11-11T06:53:05.291+0000] {dagbag.py:588} INFO - Filling up the DagBag from /home/airflow/.local/lib/python3.12/site-packages/airflow/example_dags/example_dataset_alias_with_no_taskflow.py
[2024-11-11T06:53:06.321+0000] {processor.py:925} INFO - DAG(s) 'dataset_alias_example_alias_consumer_with_no_taskflow', 'dataset_alias_example_alias_producer_with_no_taskflow', 'dataset_s3_bucket_producer_with_no_taskflow', 'dataset_s3_bucket_consumer_with_no_taskflow' retrieved from /home/airflow/.local/lib/python3.12/site-packages/airflow/example_dags/example_dataset_alias_with_no_taskflow.py
[2024-11-11T06:53:06.375+0000] {logging_mixin.py:190} INFO - [2024-11-11T06:53:06.375+0000] {dag.py:3239} INFO - Sync 4 DAGs
[2024-11-11T06:53:06.435+0000] {logging_mixin.py:190} INFO - [2024-11-11T06:53:06.434+0000] {dag.py:4180} INFO - Setting next_dagrun for dataset_alias_example_alias_consumer_with_no_taskflow to None, run_after=None
[2024-11-11T06:53:06.442+0000] {logging_mixin.py:190} INFO - [2024-11-11T06:53:06.442+0000] {dag.py:4180} INFO - Setting next_dagrun for dataset_alias_example_alias_producer_with_no_taskflow to None, run_after=None
[2024-11-11T06:53:06.447+0000] {logging_mixin.py:190} INFO - [2024-11-11T06:53:06.447+0000] {dag.py:4180} INFO - Setting next_dagrun for dataset_s3_bucket_consumer_with_no_taskflow to None, run_after=None
[2024-11-11T06:53:06.452+0000] {logging_mixin.py:190} INFO - [2024-11-11T06:53:06.452+0000] {dag.py:4180} INFO - Setting next_dagrun for dataset_s3_bucket_producer_with_no_taskflow to None, run_after=None
[2024-11-11T06:53:06.506+0000] {processor.py:208} INFO - Processing /home/airflow/.local/lib/python3.12/site-packages/airflow/example_dags/example_dataset_alias_with_no_taskflow.py took 1.231 seconds
[2024-11-11T06:53:36.640+0000] {processor.py:186} INFO - Started process (PID=705) to work on /home/airflow/.local/lib/python3.12/site-packages/airflow/example_dags/example_dataset_alias_with_no_taskflow.py
[2024-11-11T06:53:36.642+0000] {processor.py:914} INFO - Processing file /home/airflow/.local/lib/python3.12/site-packages/airflow/example_dags/example_dataset_alias_with_no_taskflow.py for tasks to queue
[2024-11-11T06:53:36.645+0000] {logging_mixin.py:190} INFO - [2024-11-11T06:53:36.645+0000] {dagbag.py:588} INFO - Filling up the DagBag from /home/airflow/.local/lib/python3.12/site-packages/airflow/example_dags/example_dataset_alias_with_no_taskflow.py
[2024-11-11T06:53:37.402+0000] {processor.py:925} INFO - DAG(s) 'dataset_s3_bucket_consumer_with_no_taskflow', 'dataset_alias_example_alias_producer_with_no_taskflow', 'dataset_s3_bucket_producer_with_no_taskflow', 'dataset_alias_example_alias_consumer_with_no_taskflow' retrieved from /home/airflow/.local/lib/python3.12/site-packages/airflow/example_dags/example_dataset_alias_with_no_taskflow.py
[2024-11-11T06:53:37.441+0000] {logging_mixin.py:190} INFO - [2024-11-11T06:53:37.440+0000] {dag.py:3239} INFO - Sync 4 DAGs
[2024-11-11T06:53:37.496+0000] {logging_mixin.py:190} INFO - [2024-11-11T06:53:37.496+0000] {dag.py:4180} INFO - Setting next_dagrun for dataset_alias_example_alias_consumer_with_no_taskflow to None, run_after=None
[2024-11-11T06:53:37.502+0000] {logging_mixin.py:190} INFO - [2024-11-11T06:53:37.502+0000] {dag.py:4180} INFO - Setting next_dagrun for dataset_alias_example_alias_producer_with_no_taskflow to None, run_after=None
[2024-11-11T06:53:37.507+0000] {logging_mixin.py:190} INFO - [2024-11-11T06:53:37.506+0000] {dag.py:4180} INFO - Setting next_dagrun for dataset_s3_bucket_consumer_with_no_taskflow to None, run_after=None
[2024-11-11T06:53:37.510+0000] {logging_mixin.py:190} INFO - [2024-11-11T06:53:37.510+0000] {dag.py:4180} INFO - Setting next_dagrun for dataset_s3_bucket_producer_with_no_taskflow to None, run_after=None
[2024-11-11T06:53:37.557+0000] {processor.py:208} INFO - Processing /home/airflow/.local/lib/python3.12/site-packages/airflow/example_dags/example_dataset_alias_with_no_taskflow.py took 0.924 seconds
[2024-11-11T06:54:08.692+0000] {processor.py:186} INFO - Started process (PID=770) to work on /home/airflow/.local/lib/python3.12/site-packages/airflow/example_dags/example_dataset_alias_with_no_taskflow.py
[2024-11-11T06:54:08.695+0000] {processor.py:914} INFO - Processing file /home/airflow/.local/lib/python3.12/site-packages/airflow/example_dags/example_dataset_alias_with_no_taskflow.py for tasks to queue
[2024-11-11T06:54:08.702+0000] {logging_mixin.py:190} INFO - [2024-11-11T06:54:08.701+0000] {dagbag.py:588} INFO - Filling up the DagBag from /home/airflow/.local/lib/python3.12/site-packages/airflow/example_dags/example_dataset_alias_with_no_taskflow.py
[2024-11-11T06:54:10.096+0000] {processor.py:925} INFO - DAG(s) 'dataset_s3_bucket_consumer_with_no_taskflow', 'dataset_s3_bucket_producer_with_no_taskflow', 'dataset_alias_example_alias_producer_with_no_taskflow', 'dataset_alias_example_alias_consumer_with_no_taskflow' retrieved from /home/airflow/.local/lib/python3.12/site-packages/airflow/example_dags/example_dataset_alias_with_no_taskflow.py
[2024-11-11T06:54:10.152+0000] {logging_mixin.py:190} INFO - [2024-11-11T06:54:10.152+0000] {dag.py:3239} INFO - Sync 4 DAGs
[2024-11-11T06:54:10.190+0000] {logging_mixin.py:190} INFO - [2024-11-11T06:54:10.190+0000] {dag.py:4180} INFO - Setting next_dagrun for dataset_alias_example_alias_consumer_with_no_taskflow to None, run_after=None
[2024-11-11T06:54:10.197+0000] {logging_mixin.py:190} INFO - [2024-11-11T06:54:10.196+0000] {dag.py:4180} INFO - Setting next_dagrun for dataset_alias_example_alias_producer_with_no_taskflow to None, run_after=None
[2024-11-11T06:54:10.201+0000] {logging_mixin.py:190} INFO - [2024-11-11T06:54:10.200+0000] {dag.py:4180} INFO - Setting next_dagrun for dataset_s3_bucket_consumer_with_no_taskflow to None, run_after=None
[2024-11-11T06:54:10.204+0000] {logging_mixin.py:190} INFO - [2024-11-11T06:54:10.203+0000] {dag.py:4180} INFO - Setting next_dagrun for dataset_s3_bucket_producer_with_no_taskflow to None, run_after=None
[2024-11-11T06:54:10.245+0000] {processor.py:208} INFO - Processing /home/airflow/.local/lib/python3.12/site-packages/airflow/example_dags/example_dataset_alias_with_no_taskflow.py took 1.579 seconds
[2024-11-11T06:54:40.577+0000] {processor.py:186} INFO - Started process (PID=836) to work on /home/airflow/.local/lib/python3.12/site-packages/airflow/example_dags/example_dataset_alias_with_no_taskflow.py
[2024-11-11T06:54:40.578+0000] {processor.py:914} INFO - Processing file /home/airflow/.local/lib/python3.12/site-packages/airflow/example_dags/example_dataset_alias_with_no_taskflow.py for tasks to queue
[2024-11-11T06:54:40.582+0000] {logging_mixin.py:190} INFO - [2024-11-11T06:54:40.581+0000] {dagbag.py:588} INFO - Filling up the DagBag from /home/airflow/.local/lib/python3.12/site-packages/airflow/example_dags/example_dataset_alias_with_no_taskflow.py
[2024-11-11T06:54:41.612+0000] {processor.py:925} INFO - DAG(s) 'dataset_s3_bucket_producer_with_no_taskflow', 'dataset_s3_bucket_consumer_with_no_taskflow', 'dataset_alias_example_alias_consumer_with_no_taskflow', 'dataset_alias_example_alias_producer_with_no_taskflow' retrieved from /home/airflow/.local/lib/python3.12/site-packages/airflow/example_dags/example_dataset_alias_with_no_taskflow.py
[2024-11-11T06:54:41.643+0000] {logging_mixin.py:190} INFO - [2024-11-11T06:54:41.643+0000] {dag.py:3239} INFO - Sync 4 DAGs
[2024-11-11T06:54:41.672+0000] {logging_mixin.py:190} INFO - [2024-11-11T06:54:41.671+0000] {dag.py:4180} INFO - Setting next_dagrun for dataset_alias_example_alias_consumer_with_no_taskflow to None, run_after=None
[2024-11-11T06:54:41.677+0000] {logging_mixin.py:190} INFO - [2024-11-11T06:54:41.676+0000] {dag.py:4180} INFO - Setting next_dagrun for dataset_alias_example_alias_producer_with_no_taskflow to None, run_after=None
[2024-11-11T06:54:41.680+0000] {logging_mixin.py:190} INFO - [2024-11-11T06:54:41.680+0000] {dag.py:4180} INFO - Setting next_dagrun for dataset_s3_bucket_consumer_with_no_taskflow to None, run_after=None
[2024-11-11T06:54:41.682+0000] {logging_mixin.py:190} INFO - [2024-11-11T06:54:41.682+0000] {dag.py:4180} INFO - Setting next_dagrun for dataset_s3_bucket_producer_with_no_taskflow to None, run_after=None
[2024-11-11T06:54:41.713+0000] {processor.py:208} INFO - Processing /home/airflow/.local/lib/python3.12/site-packages/airflow/example_dags/example_dataset_alias_with_no_taskflow.py took 1.144 seconds
[2024-11-11T06:55:11.989+0000] {processor.py:186} INFO - Started process (PID=900) to work on /home/airflow/.local/lib/python3.12/site-packages/airflow/example_dags/example_dataset_alias_with_no_taskflow.py
[2024-11-11T06:55:11.991+0000] {processor.py:914} INFO - Processing file /home/airflow/.local/lib/python3.12/site-packages/airflow/example_dags/example_dataset_alias_with_no_taskflow.py for tasks to queue
[2024-11-11T06:55:11.996+0000] {logging_mixin.py:190} INFO - [2024-11-11T06:55:11.996+0000] {dagbag.py:588} INFO - Filling up the DagBag from /home/airflow/.local/lib/python3.12/site-packages/airflow/example_dags/example_dataset_alias_with_no_taskflow.py
[2024-11-11T06:55:12.819+0000] {processor.py:925} INFO - DAG(s) 'dataset_s3_bucket_consumer_with_no_taskflow', 'dataset_alias_example_alias_producer_with_no_taskflow', 'dataset_s3_bucket_producer_with_no_taskflow', 'dataset_alias_example_alias_consumer_with_no_taskflow' retrieved from /home/airflow/.local/lib/python3.12/site-packages/airflow/example_dags/example_dataset_alias_with_no_taskflow.py
[2024-11-11T06:55:12.846+0000] {logging_mixin.py:190} INFO - [2024-11-11T06:55:12.846+0000] {dag.py:3239} INFO - Sync 4 DAGs
[2024-11-11T06:55:12.871+0000] {logging_mixin.py:190} INFO - [2024-11-11T06:55:12.871+0000] {dag.py:4180} INFO - Setting next_dagrun for dataset_alias_example_alias_consumer_with_no_taskflow to None, run_after=None
[2024-11-11T06:55:12.876+0000] {logging_mixin.py:190} INFO - [2024-11-11T06:55:12.875+0000] {dag.py:4180} INFO - Setting next_dagrun for dataset_alias_example_alias_producer_with_no_taskflow to None, run_after=None
[2024-11-11T06:55:12.878+0000] {logging_mixin.py:190} INFO - [2024-11-11T06:55:12.878+0000] {dag.py:4180} INFO - Setting next_dagrun for dataset_s3_bucket_consumer_with_no_taskflow to None, run_after=None
[2024-11-11T06:55:12.881+0000] {logging_mixin.py:190} INFO - [2024-11-11T06:55:12.880+0000] {dag.py:4180} INFO - Setting next_dagrun for dataset_s3_bucket_producer_with_no_taskflow to None, run_after=None
[2024-11-11T06:55:12.907+0000] {processor.py:208} INFO - Processing /home/airflow/.local/lib/python3.12/site-packages/airflow/example_dags/example_dataset_alias_with_no_taskflow.py took 0.931 seconds
[2024-11-11T06:55:42.958+0000] {processor.py:186} INFO - Started process (PID=964) to work on /home/airflow/.local/lib/python3.12/site-packages/airflow/example_dags/example_dataset_alias_with_no_taskflow.py
[2024-11-11T06:55:42.961+0000] {processor.py:914} INFO - Processing file /home/airflow/.local/lib/python3.12/site-packages/airflow/example_dags/example_dataset_alias_with_no_taskflow.py for tasks to queue
[2024-11-11T06:55:42.966+0000] {logging_mixin.py:190} INFO - [2024-11-11T06:55:42.965+0000] {dagbag.py:588} INFO - Filling up the DagBag from /home/airflow/.local/lib/python3.12/site-packages/airflow/example_dags/example_dataset_alias_with_no_taskflow.py
[2024-11-11T06:55:43.946+0000] {processor.py:925} INFO - DAG(s) 'dataset_alias_example_alias_consumer_with_no_taskflow', 'dataset_alias_example_alias_producer_with_no_taskflow', 'dataset_s3_bucket_producer_with_no_taskflow', 'dataset_s3_bucket_consumer_with_no_taskflow' retrieved from /home/airflow/.local/lib/python3.12/site-packages/airflow/example_dags/example_dataset_alias_with_no_taskflow.py
[2024-11-11T06:55:44.015+0000] {logging_mixin.py:190} INFO - [2024-11-11T06:55:44.014+0000] {dag.py:3239} INFO - Sync 4 DAGs
[2024-11-11T06:55:44.073+0000] {logging_mixin.py:190} INFO - [2024-11-11T06:55:44.072+0000] {dag.py:4180} INFO - Setting next_dagrun for dataset_alias_example_alias_consumer_with_no_taskflow to None, run_after=None
[2024-11-11T06:55:44.081+0000] {logging_mixin.py:190} INFO - [2024-11-11T06:55:44.081+0000] {dag.py:4180} INFO - Setting next_dagrun for dataset_alias_example_alias_producer_with_no_taskflow to None, run_after=None
[2024-11-11T06:55:44.086+0000] {logging_mixin.py:190} INFO - [2024-11-11T06:55:44.085+0000] {dag.py:4180} INFO - Setting next_dagrun for dataset_s3_bucket_consumer_with_no_taskflow to None, run_after=None
[2024-11-11T06:55:44.090+0000] {logging_mixin.py:190} INFO - [2024-11-11T06:55:44.089+0000] {dag.py:4180} INFO - Setting next_dagrun for dataset_s3_bucket_producer_with_no_taskflow to None, run_after=None
[2024-11-11T06:55:44.134+0000] {processor.py:208} INFO - Processing /home/airflow/.local/lib/python3.12/site-packages/airflow/example_dags/example_dataset_alias_with_no_taskflow.py took 1.186 seconds
[2024-11-11T06:56:14.806+0000] {processor.py:186} INFO - Started process (PID=1028) to work on /home/airflow/.local/lib/python3.12/site-packages/airflow/example_dags/example_dataset_alias_with_no_taskflow.py
[2024-11-11T06:56:14.808+0000] {processor.py:914} INFO - Processing file /home/airflow/.local/lib/python3.12/site-packages/airflow/example_dags/example_dataset_alias_with_no_taskflow.py for tasks to queue
[2024-11-11T06:56:14.815+0000] {logging_mixin.py:190} INFO - [2024-11-11T06:56:14.813+0000] {dagbag.py:588} INFO - Filling up the DagBag from /home/airflow/.local/lib/python3.12/site-packages/airflow/example_dags/example_dataset_alias_with_no_taskflow.py
[2024-11-11T06:56:15.829+0000] {processor.py:925} INFO - DAG(s) 'dataset_alias_example_alias_producer_with_no_taskflow', 'dataset_s3_bucket_consumer_with_no_taskflow', 'dataset_alias_example_alias_consumer_with_no_taskflow', 'dataset_s3_bucket_producer_with_no_taskflow' retrieved from /home/airflow/.local/lib/python3.12/site-packages/airflow/example_dags/example_dataset_alias_with_no_taskflow.py
[2024-11-11T06:56:15.868+0000] {logging_mixin.py:190} INFO - [2024-11-11T06:56:15.867+0000] {dag.py:3239} INFO - Sync 4 DAGs
[2024-11-11T06:56:15.908+0000] {logging_mixin.py:190} INFO - [2024-11-11T06:56:15.908+0000] {dag.py:4180} INFO - Setting next_dagrun for dataset_alias_example_alias_consumer_with_no_taskflow to None, run_after=None
[2024-11-11T06:56:15.914+0000] {logging_mixin.py:190} INFO - [2024-11-11T06:56:15.913+0000] {dag.py:4180} INFO - Setting next_dagrun for dataset_alias_example_alias_producer_with_no_taskflow to None, run_after=None
[2024-11-11T06:56:15.917+0000] {logging_mixin.py:190} INFO - [2024-11-11T06:56:15.917+0000] {dag.py:4180} INFO - Setting next_dagrun for dataset_s3_bucket_consumer_with_no_taskflow to None, run_after=None
[2024-11-11T06:56:15.920+0000] {logging_mixin.py:190} INFO - [2024-11-11T06:56:15.920+0000] {dag.py:4180} INFO - Setting next_dagrun for dataset_s3_bucket_producer_with_no_taskflow to None, run_after=None
[2024-11-11T06:56:15.958+0000] {processor.py:208} INFO - Processing /home/airflow/.local/lib/python3.12/site-packages/airflow/example_dags/example_dataset_alias_with_no_taskflow.py took 1.161 seconds
[2024-11-11T06:56:46.317+0000] {processor.py:186} INFO - Started process (PID=1094) to work on /home/airflow/.local/lib/python3.12/site-packages/airflow/example_dags/example_dataset_alias_with_no_taskflow.py
[2024-11-11T06:56:46.321+0000] {processor.py:914} INFO - Processing file /home/airflow/.local/lib/python3.12/site-packages/airflow/example_dags/example_dataset_alias_with_no_taskflow.py for tasks to queue
[2024-11-11T06:56:46.336+0000] {logging_mixin.py:190} INFO - [2024-11-11T06:56:46.335+0000] {dagbag.py:588} INFO - Filling up the DagBag from /home/airflow/.local/lib/python3.12/site-packages/airflow/example_dags/example_dataset_alias_with_no_taskflow.py
[2024-11-11T06:56:47.613+0000] {processor.py:925} INFO - DAG(s) 'dataset_s3_bucket_producer_with_no_taskflow', 'dataset_alias_example_alias_producer_with_no_taskflow', 'dataset_s3_bucket_consumer_with_no_taskflow', 'dataset_alias_example_alias_consumer_with_no_taskflow' retrieved from /home/airflow/.local/lib/python3.12/site-packages/airflow/example_dags/example_dataset_alias_with_no_taskflow.py
[2024-11-11T06:56:47.724+0000] {logging_mixin.py:190} INFO - [2024-11-11T06:56:47.723+0000] {dag.py:3239} INFO - Sync 4 DAGs
[2024-11-11T06:56:47.798+0000] {logging_mixin.py:190} INFO - [2024-11-11T06:56:47.797+0000] {dag.py:4180} INFO - Setting next_dagrun for dataset_alias_example_alias_consumer_with_no_taskflow to None, run_after=None
[2024-11-11T06:56:47.810+0000] {logging_mixin.py:190} INFO - [2024-11-11T06:56:47.810+0000] {dag.py:4180} INFO - Setting next_dagrun for dataset_alias_example_alias_producer_with_no_taskflow to None, run_after=None
[2024-11-11T06:56:47.817+0000] {logging_mixin.py:190} INFO - [2024-11-11T06:56:47.816+0000] {dag.py:4180} INFO - Setting next_dagrun for dataset_s3_bucket_consumer_with_no_taskflow to None, run_after=None
[2024-11-11T06:56:47.822+0000] {logging_mixin.py:190} INFO - [2024-11-11T06:56:47.822+0000] {dag.py:4180} INFO - Setting next_dagrun for dataset_s3_bucket_producer_with_no_taskflow to None, run_after=None
[2024-11-11T06:56:47.885+0000] {processor.py:208} INFO - Processing /home/airflow/.local/lib/python3.12/site-packages/airflow/example_dags/example_dataset_alias_with_no_taskflow.py took 1.589 seconds
[2024-11-11T06:57:18.570+0000] {processor.py:186} INFO - Started process (PID=1162) to work on /home/airflow/.local/lib/python3.12/site-packages/airflow/example_dags/example_dataset_alias_with_no_taskflow.py
[2024-11-11T06:57:18.572+0000] {processor.py:914} INFO - Processing file /home/airflow/.local/lib/python3.12/site-packages/airflow/example_dags/example_dataset_alias_with_no_taskflow.py for tasks to queue
[2024-11-11T06:57:18.576+0000] {logging_mixin.py:190} INFO - [2024-11-11T06:57:18.575+0000] {dagbag.py:588} INFO - Filling up the DagBag from /home/airflow/.local/lib/python3.12/site-packages/airflow/example_dags/example_dataset_alias_with_no_taskflow.py
[2024-11-11T06:57:19.883+0000] {processor.py:925} INFO - DAG(s) 'dataset_alias_example_alias_producer_with_no_taskflow', 'dataset_s3_bucket_producer_with_no_taskflow', 'dataset_alias_example_alias_consumer_with_no_taskflow', 'dataset_s3_bucket_consumer_with_no_taskflow' retrieved from /home/airflow/.local/lib/python3.12/site-packages/airflow/example_dags/example_dataset_alias_with_no_taskflow.py
[2024-11-11T06:57:19.923+0000] {logging_mixin.py:190} INFO - [2024-11-11T06:57:19.923+0000] {dag.py:3239} INFO - Sync 4 DAGs
[2024-11-11T06:57:19.953+0000] {logging_mixin.py:190} INFO - [2024-11-11T06:57:19.953+0000] {dag.py:4180} INFO - Setting next_dagrun for dataset_alias_example_alias_consumer_with_no_taskflow to None, run_after=None
[2024-11-11T06:57:19.959+0000] {logging_mixin.py:190} INFO - [2024-11-11T06:57:19.959+0000] {dag.py:4180} INFO - Setting next_dagrun for dataset_alias_example_alias_producer_with_no_taskflow to None, run_after=None
[2024-11-11T06:57:19.963+0000] {logging_mixin.py:190} INFO - [2024-11-11T06:57:19.963+0000] {dag.py:4180} INFO - Setting next_dagrun for dataset_s3_bucket_consumer_with_no_taskflow to None, run_after=None
[2024-11-11T06:57:19.966+0000] {logging_mixin.py:190} INFO - [2024-11-11T06:57:19.965+0000] {dag.py:4180} INFO - Setting next_dagrun for dataset_s3_bucket_producer_with_no_taskflow to None, run_after=None
[2024-11-11T06:57:19.998+0000] {processor.py:208} INFO - Processing /home/airflow/.local/lib/python3.12/site-packages/airflow/example_dags/example_dataset_alias_with_no_taskflow.py took 1.438 seconds
[2024-11-11T06:57:50.581+0000] {processor.py:186} INFO - Started process (PID=1230) to work on /home/airflow/.local/lib/python3.12/site-packages/airflow/example_dags/example_dataset_alias_with_no_taskflow.py
[2024-11-11T06:57:50.582+0000] {processor.py:914} INFO - Processing file /home/airflow/.local/lib/python3.12/site-packages/airflow/example_dags/example_dataset_alias_with_no_taskflow.py for tasks to queue
[2024-11-11T06:57:50.587+0000] {logging_mixin.py:190} INFO - [2024-11-11T06:57:50.586+0000] {dagbag.py:588} INFO - Filling up the DagBag from /home/airflow/.local/lib/python3.12/site-packages/airflow/example_dags/example_dataset_alias_with_no_taskflow.py
[2024-11-11T06:57:51.431+0000] {processor.py:925} INFO - DAG(s) 'dataset_s3_bucket_consumer_with_no_taskflow', 'dataset_alias_example_alias_producer_with_no_taskflow', 'dataset_s3_bucket_producer_with_no_taskflow', 'dataset_alias_example_alias_consumer_with_no_taskflow' retrieved from /home/airflow/.local/lib/python3.12/site-packages/airflow/example_dags/example_dataset_alias_with_no_taskflow.py
[2024-11-11T06:57:51.465+0000] {logging_mixin.py:190} INFO - [2024-11-11T06:57:51.464+0000] {dag.py:3239} INFO - Sync 4 DAGs
[2024-11-11T06:57:51.496+0000] {logging_mixin.py:190} INFO - [2024-11-11T06:57:51.496+0000] {dag.py:4180} INFO - Setting next_dagrun for dataset_alias_example_alias_consumer_with_no_taskflow to None, run_after=None
[2024-11-11T06:57:51.501+0000] {logging_mixin.py:190} INFO - [2024-11-11T06:57:51.500+0000] {dag.py:4180} INFO - Setting next_dagrun for dataset_alias_example_alias_producer_with_no_taskflow to None, run_after=None
[2024-11-11T06:57:51.504+0000] {logging_mixin.py:190} INFO - [2024-11-11T06:57:51.504+0000] {dag.py:4180} INFO - Setting next_dagrun for dataset_s3_bucket_consumer_with_no_taskflow to None, run_after=None
[2024-11-11T06:57:51.507+0000] {logging_mixin.py:190} INFO - [2024-11-11T06:57:51.507+0000] {dag.py:4180} INFO - Setting next_dagrun for dataset_s3_bucket_producer_with_no_taskflow to None, run_after=None
[2024-11-11T06:57:51.557+0000] {processor.py:208} INFO - Processing /home/airflow/.local/lib/python3.12/site-packages/airflow/example_dags/example_dataset_alias_with_no_taskflow.py took 0.984 seconds
[2024-11-11T06:58:21.817+0000] {processor.py:186} INFO - Started process (PID=1298) to work on /home/airflow/.local/lib/python3.12/site-packages/airflow/example_dags/example_dataset_alias_with_no_taskflow.py
[2024-11-11T06:58:21.821+0000] {processor.py:914} INFO - Processing file /home/airflow/.local/lib/python3.12/site-packages/airflow/example_dags/example_dataset_alias_with_no_taskflow.py for tasks to queue
[2024-11-11T06:58:21.827+0000] {logging_mixin.py:190} INFO - [2024-11-11T06:58:21.826+0000] {dagbag.py:588} INFO - Filling up the DagBag from /home/airflow/.local/lib/python3.12/site-packages/airflow/example_dags/example_dataset_alias_with_no_taskflow.py
[2024-11-11T06:58:22.896+0000] {processor.py:925} INFO - DAG(s) 'dataset_alias_example_alias_consumer_with_no_taskflow', 'dataset_alias_example_alias_producer_with_no_taskflow', 'dataset_s3_bucket_consumer_with_no_taskflow', 'dataset_s3_bucket_producer_with_no_taskflow' retrieved from /home/airflow/.local/lib/python3.12/site-packages/airflow/example_dags/example_dataset_alias_with_no_taskflow.py
[2024-11-11T06:58:22.948+0000] {logging_mixin.py:190} INFO - [2024-11-11T06:58:22.945+0000] {dag.py:3239} INFO - Sync 4 DAGs
[2024-11-11T06:58:22.999+0000] {logging_mixin.py:190} INFO - [2024-11-11T06:58:22.998+0000] {dag.py:4180} INFO - Setting next_dagrun for dataset_alias_example_alias_consumer_with_no_taskflow to None, run_after=None
[2024-11-11T06:58:23.009+0000] {logging_mixin.py:190} INFO - [2024-11-11T06:58:23.009+0000] {dag.py:4180} INFO - Setting next_dagrun for dataset_alias_example_alias_producer_with_no_taskflow to None, run_after=None
[2024-11-11T06:58:23.017+0000] {logging_mixin.py:190} INFO - [2024-11-11T06:58:23.016+0000] {dag.py:4180} INFO - Setting next_dagrun for dataset_s3_bucket_consumer_with_no_taskflow to None, run_after=None
[2024-11-11T06:58:23.021+0000] {logging_mixin.py:190} INFO - [2024-11-11T06:58:23.021+0000] {dag.py:4180} INFO - Setting next_dagrun for dataset_s3_bucket_producer_with_no_taskflow to None, run_after=None
[2024-11-11T06:58:23.073+0000] {processor.py:208} INFO - Processing /home/airflow/.local/lib/python3.12/site-packages/airflow/example_dags/example_dataset_alias_with_no_taskflow.py took 1.271 seconds
[2024-11-11T06:58:53.468+0000] {processor.py:186} INFO - Started process (PID=1368) to work on /home/airflow/.local/lib/python3.12/site-packages/airflow/example_dags/example_dataset_alias_with_no_taskflow.py
[2024-11-11T06:58:53.469+0000] {processor.py:914} INFO - Processing file /home/airflow/.local/lib/python3.12/site-packages/airflow/example_dags/example_dataset_alias_with_no_taskflow.py for tasks to queue
[2024-11-11T06:58:53.474+0000] {logging_mixin.py:190} INFO - [2024-11-11T06:58:53.473+0000] {dagbag.py:588} INFO - Filling up the DagBag from /home/airflow/.local/lib/python3.12/site-packages/airflow/example_dags/example_dataset_alias_with_no_taskflow.py
[2024-11-11T06:58:54.327+0000] {processor.py:925} INFO - DAG(s) 'dataset_s3_bucket_producer_with_no_taskflow', 'dataset_alias_example_alias_producer_with_no_taskflow', 'dataset_s3_bucket_consumer_with_no_taskflow', 'dataset_alias_example_alias_consumer_with_no_taskflow' retrieved from /home/airflow/.local/lib/python3.12/site-packages/airflow/example_dags/example_dataset_alias_with_no_taskflow.py
[2024-11-11T06:58:54.368+0000] {logging_mixin.py:190} INFO - [2024-11-11T06:58:54.367+0000] {dag.py:3239} INFO - Sync 4 DAGs
[2024-11-11T06:58:54.401+0000] {logging_mixin.py:190} INFO - [2024-11-11T06:58:54.401+0000] {dag.py:4180} INFO - Setting next_dagrun for dataset_alias_example_alias_consumer_with_no_taskflow to None, run_after=None
[2024-11-11T06:58:54.407+0000] {logging_mixin.py:190} INFO - [2024-11-11T06:58:54.407+0000] {dag.py:4180} INFO - Setting next_dagrun for dataset_alias_example_alias_producer_with_no_taskflow to None, run_after=None
[2024-11-11T06:58:54.410+0000] {logging_mixin.py:190} INFO - [2024-11-11T06:58:54.410+0000] {dag.py:4180} INFO - Setting next_dagrun for dataset_s3_bucket_consumer_with_no_taskflow to None, run_after=None
[2024-11-11T06:58:54.414+0000] {logging_mixin.py:190} INFO - [2024-11-11T06:58:54.414+0000] {dag.py:4180} INFO - Setting next_dagrun for dataset_s3_bucket_producer_with_no_taskflow to None, run_after=None
[2024-11-11T06:58:54.447+0000] {processor.py:208} INFO - Processing /home/airflow/.local/lib/python3.12/site-packages/airflow/example_dags/example_dataset_alias_with_no_taskflow.py took 0.988 seconds
[2024-11-11T06:59:24.868+0000] {processor.py:186} INFO - Started process (PID=1434) to work on /home/airflow/.local/lib/python3.12/site-packages/airflow/example_dags/example_dataset_alias_with_no_taskflow.py
[2024-11-11T06:59:24.870+0000] {processor.py:914} INFO - Processing file /home/airflow/.local/lib/python3.12/site-packages/airflow/example_dags/example_dataset_alias_with_no_taskflow.py for tasks to queue
[2024-11-11T06:59:24.876+0000] {logging_mixin.py:190} INFO - [2024-11-11T06:59:24.876+0000] {dagbag.py:588} INFO - Filling up the DagBag from /home/airflow/.local/lib/python3.12/site-packages/airflow/example_dags/example_dataset_alias_with_no_taskflow.py
[2024-11-11T06:59:25.808+0000] {processor.py:925} INFO - DAG(s) 'dataset_s3_bucket_consumer_with_no_taskflow', 'dataset_s3_bucket_producer_with_no_taskflow', 'dataset_alias_example_alias_producer_with_no_taskflow', 'dataset_alias_example_alias_consumer_with_no_taskflow' retrieved from /home/airflow/.local/lib/python3.12/site-packages/airflow/example_dags/example_dataset_alias_with_no_taskflow.py
[2024-11-11T06:59:25.843+0000] {logging_mixin.py:190} INFO - [2024-11-11T06:59:25.843+0000] {dag.py:3239} INFO - Sync 4 DAGs
[2024-11-11T06:59:25.874+0000] {logging_mixin.py:190} INFO - [2024-11-11T06:59:25.873+0000] {dag.py:4180} INFO - Setting next_dagrun for dataset_alias_example_alias_consumer_with_no_taskflow to None, run_after=None
[2024-11-11T06:59:25.878+0000] {logging_mixin.py:190} INFO - [2024-11-11T06:59:25.878+0000] {dag.py:4180} INFO - Setting next_dagrun for dataset_alias_example_alias_producer_with_no_taskflow to None, run_after=None
[2024-11-11T06:59:25.885+0000] {logging_mixin.py:190} INFO - [2024-11-11T06:59:25.885+0000] {dag.py:4180} INFO - Setting next_dagrun for dataset_s3_bucket_consumer_with_no_taskflow to None, run_after=None
[2024-11-11T06:59:25.888+0000] {logging_mixin.py:190} INFO - [2024-11-11T06:59:25.887+0000] {dag.py:4180} INFO - Setting next_dagrun for dataset_s3_bucket_producer_with_no_taskflow to None, run_after=None
[2024-11-11T06:59:25.920+0000] {processor.py:208} INFO - Processing /home/airflow/.local/lib/python3.12/site-packages/airflow/example_dags/example_dataset_alias_with_no_taskflow.py took 1.061 seconds
[2024-11-11T06:59:56.112+0000] {processor.py:186} INFO - Started process (PID=1498) to work on /home/airflow/.local/lib/python3.12/site-packages/airflow/example_dags/example_dataset_alias_with_no_taskflow.py
[2024-11-11T06:59:56.115+0000] {processor.py:914} INFO - Processing file /home/airflow/.local/lib/python3.12/site-packages/airflow/example_dags/example_dataset_alias_with_no_taskflow.py for tasks to queue
[2024-11-11T06:59:56.120+0000] {logging_mixin.py:190} INFO - [2024-11-11T06:59:56.119+0000] {dagbag.py:588} INFO - Filling up the DagBag from /home/airflow/.local/lib/python3.12/site-packages/airflow/example_dags/example_dataset_alias_with_no_taskflow.py
[2024-11-11T06:59:57.083+0000] {processor.py:925} INFO - DAG(s) 'dataset_s3_bucket_producer_with_no_taskflow', 'dataset_alias_example_alias_consumer_with_no_taskflow', 'dataset_s3_bucket_consumer_with_no_taskflow', 'dataset_alias_example_alias_producer_with_no_taskflow' retrieved from /home/airflow/.local/lib/python3.12/site-packages/airflow/example_dags/example_dataset_alias_with_no_taskflow.py
[2024-11-11T06:59:57.122+0000] {logging_mixin.py:190} INFO - [2024-11-11T06:59:57.121+0000] {dag.py:3239} INFO - Sync 4 DAGs
[2024-11-11T06:59:57.161+0000] {logging_mixin.py:190} INFO - [2024-11-11T06:59:57.160+0000] {dag.py:4180} INFO - Setting next_dagrun for dataset_alias_example_alias_consumer_with_no_taskflow to None, run_after=None
[2024-11-11T06:59:57.168+0000] {logging_mixin.py:190} INFO - [2024-11-11T06:59:57.168+0000] {dag.py:4180} INFO - Setting next_dagrun for dataset_alias_example_alias_producer_with_no_taskflow to None, run_after=None
[2024-11-11T06:59:57.173+0000] {logging_mixin.py:190} INFO - [2024-11-11T06:59:57.173+0000] {dag.py:4180} INFO - Setting next_dagrun for dataset_s3_bucket_consumer_with_no_taskflow to None, run_after=None
[2024-11-11T06:59:57.178+0000] {logging_mixin.py:190} INFO - [2024-11-11T06:59:57.178+0000] {dag.py:4180} INFO - Setting next_dagrun for dataset_s3_bucket_producer_with_no_taskflow to None, run_after=None
[2024-11-11T06:59:57.229+0000] {processor.py:208} INFO - Processing /home/airflow/.local/lib/python3.12/site-packages/airflow/example_dags/example_dataset_alias_with_no_taskflow.py took 1.129 seconds
[2024-11-11T07:00:28.034+0000] {processor.py:186} INFO - Started process (PID=1562) to work on /home/airflow/.local/lib/python3.12/site-packages/airflow/example_dags/example_dataset_alias_with_no_taskflow.py
[2024-11-11T07:00:28.037+0000] {processor.py:914} INFO - Processing file /home/airflow/.local/lib/python3.12/site-packages/airflow/example_dags/example_dataset_alias_with_no_taskflow.py for tasks to queue
[2024-11-11T07:00:28.042+0000] {logging_mixin.py:190} INFO - [2024-11-11T07:00:28.041+0000] {dagbag.py:588} INFO - Filling up the DagBag from /home/airflow/.local/lib/python3.12/site-packages/airflow/example_dags/example_dataset_alias_with_no_taskflow.py
[2024-11-11T07:00:28.844+0000] {processor.py:925} INFO - DAG(s) 'dataset_s3_bucket_producer_with_no_taskflow', 'dataset_alias_example_alias_producer_with_no_taskflow', 'dataset_alias_example_alias_consumer_with_no_taskflow', 'dataset_s3_bucket_consumer_with_no_taskflow' retrieved from /home/airflow/.local/lib/python3.12/site-packages/airflow/example_dags/example_dataset_alias_with_no_taskflow.py
[2024-11-11T07:00:28.887+0000] {logging_mixin.py:190} INFO - [2024-11-11T07:00:28.886+0000] {dag.py:3239} INFO - Sync 4 DAGs
[2024-11-11T07:00:28.929+0000] {logging_mixin.py:190} INFO - [2024-11-11T07:00:28.928+0000] {dag.py:4180} INFO - Setting next_dagrun for dataset_alias_example_alias_consumer_with_no_taskflow to None, run_after=None
[2024-11-11T07:00:28.933+0000] {logging_mixin.py:190} INFO - [2024-11-11T07:00:28.932+0000] {dag.py:4180} INFO - Setting next_dagrun for dataset_alias_example_alias_producer_with_no_taskflow to None, run_after=None
[2024-11-11T07:00:28.936+0000] {logging_mixin.py:190} INFO - [2024-11-11T07:00:28.935+0000] {dag.py:4180} INFO - Setting next_dagrun for dataset_s3_bucket_consumer_with_no_taskflow to None, run_after=None
[2024-11-11T07:00:28.939+0000] {logging_mixin.py:190} INFO - [2024-11-11T07:00:28.939+0000] {dag.py:4180} INFO - Setting next_dagrun for dataset_s3_bucket_producer_with_no_taskflow to None, run_after=None
[2024-11-11T07:00:28.971+0000] {processor.py:208} INFO - Processing /home/airflow/.local/lib/python3.12/site-packages/airflow/example_dags/example_dataset_alias_with_no_taskflow.py took 0.949 seconds
[2024-11-11T07:00:59.251+0000] {processor.py:186} INFO - Started process (PID=1626) to work on /home/airflow/.local/lib/python3.12/site-packages/airflow/example_dags/example_dataset_alias_with_no_taskflow.py
[2024-11-11T07:00:59.252+0000] {processor.py:914} INFO - Processing file /home/airflow/.local/lib/python3.12/site-packages/airflow/example_dags/example_dataset_alias_with_no_taskflow.py for tasks to queue
[2024-11-11T07:00:59.258+0000] {logging_mixin.py:190} INFO - [2024-11-11T07:00:59.257+0000] {dagbag.py:588} INFO - Filling up the DagBag from /home/airflow/.local/lib/python3.12/site-packages/airflow/example_dags/example_dataset_alias_with_no_taskflow.py
[2024-11-11T07:01:00.358+0000] {processor.py:925} INFO - DAG(s) 'dataset_s3_bucket_producer_with_no_taskflow', 'dataset_s3_bucket_consumer_with_no_taskflow', 'dataset_alias_example_alias_producer_with_no_taskflow', 'dataset_alias_example_alias_consumer_with_no_taskflow' retrieved from /home/airflow/.local/lib/python3.12/site-packages/airflow/example_dags/example_dataset_alias_with_no_taskflow.py
[2024-11-11T07:01:00.389+0000] {logging_mixin.py:190} INFO - [2024-11-11T07:01:00.388+0000] {dag.py:3239} INFO - Sync 4 DAGs
[2024-11-11T07:01:00.448+0000] {logging_mixin.py:190} INFO - [2024-11-11T07:01:00.447+0000] {dag.py:4180} INFO - Setting next_dagrun for dataset_alias_example_alias_consumer_with_no_taskflow to None, run_after=None
[2024-11-11T07:01:00.456+0000] {logging_mixin.py:190} INFO - [2024-11-11T07:01:00.455+0000] {dag.py:4180} INFO - Setting next_dagrun for dataset_alias_example_alias_producer_with_no_taskflow to None, run_after=None
[2024-11-11T07:01:00.459+0000] {logging_mixin.py:190} INFO - [2024-11-11T07:01:00.459+0000] {dag.py:4180} INFO - Setting next_dagrun for dataset_s3_bucket_consumer_with_no_taskflow to None, run_after=None
[2024-11-11T07:01:00.463+0000] {logging_mixin.py:190} INFO - [2024-11-11T07:01:00.462+0000] {dag.py:4180} INFO - Setting next_dagrun for dataset_s3_bucket_producer_with_no_taskflow to None, run_after=None
[2024-11-11T07:01:00.531+0000] {processor.py:208} INFO - Processing /home/airflow/.local/lib/python3.12/site-packages/airflow/example_dags/example_dataset_alias_with_no_taskflow.py took 1.290 seconds
[2024-11-11T07:01:30.829+0000] {processor.py:186} INFO - Started process (PID=1690) to work on /home/airflow/.local/lib/python3.12/site-packages/airflow/example_dags/example_dataset_alias_with_no_taskflow.py
[2024-11-11T07:01:30.830+0000] {processor.py:914} INFO - Processing file /home/airflow/.local/lib/python3.12/site-packages/airflow/example_dags/example_dataset_alias_with_no_taskflow.py for tasks to queue
[2024-11-11T07:01:30.835+0000] {logging_mixin.py:190} INFO - [2024-11-11T07:01:30.834+0000] {dagbag.py:588} INFO - Filling up the DagBag from /home/airflow/.local/lib/python3.12/site-packages/airflow/example_dags/example_dataset_alias_with_no_taskflow.py
[2024-11-11T07:01:31.785+0000] {processor.py:925} INFO - DAG(s) 'dataset_s3_bucket_producer_with_no_taskflow', 'dataset_alias_example_alias_producer_with_no_taskflow', 'dataset_alias_example_alias_consumer_with_no_taskflow', 'dataset_s3_bucket_consumer_with_no_taskflow' retrieved from /home/airflow/.local/lib/python3.12/site-packages/airflow/example_dags/example_dataset_alias_with_no_taskflow.py
[2024-11-11T07:01:31.850+0000] {logging_mixin.py:190} INFO - [2024-11-11T07:01:31.849+0000] {dag.py:3239} INFO - Sync 4 DAGs
[2024-11-11T07:01:31.918+0000] {logging_mixin.py:190} INFO - [2024-11-11T07:01:31.918+0000] {dag.py:4180} INFO - Setting next_dagrun for dataset_alias_example_alias_consumer_with_no_taskflow to None, run_after=None
[2024-11-11T07:01:31.926+0000] {logging_mixin.py:190} INFO - [2024-11-11T07:01:31.926+0000] {dag.py:4180} INFO - Setting next_dagrun for dataset_alias_example_alias_producer_with_no_taskflow to None, run_after=None
[2024-11-11T07:01:31.930+0000] {logging_mixin.py:190} INFO - [2024-11-11T07:01:31.930+0000] {dag.py:4180} INFO - Setting next_dagrun for dataset_s3_bucket_consumer_with_no_taskflow to None, run_after=None
[2024-11-11T07:01:31.935+0000] {logging_mixin.py:190} INFO - [2024-11-11T07:01:31.935+0000] {dag.py:4180} INFO - Setting next_dagrun for dataset_s3_bucket_producer_with_no_taskflow to None, run_after=None
[2024-11-11T07:01:31.995+0000] {processor.py:208} INFO - Processing /home/airflow/.local/lib/python3.12/site-packages/airflow/example_dags/example_dataset_alias_with_no_taskflow.py took 1.174 seconds
[2024-11-11T07:02:02.116+0000] {processor.py:186} INFO - Started process (PID=1754) to work on /home/airflow/.local/lib/python3.12/site-packages/airflow/example_dags/example_dataset_alias_with_no_taskflow.py
[2024-11-11T07:02:02.118+0000] {processor.py:914} INFO - Processing file /home/airflow/.local/lib/python3.12/site-packages/airflow/example_dags/example_dataset_alias_with_no_taskflow.py for tasks to queue
[2024-11-11T07:02:02.125+0000] {logging_mixin.py:190} INFO - [2024-11-11T07:02:02.124+0000] {dagbag.py:588} INFO - Filling up the DagBag from /home/airflow/.local/lib/python3.12/site-packages/airflow/example_dags/example_dataset_alias_with_no_taskflow.py
[2024-11-11T07:02:03.174+0000] {processor.py:925} INFO - DAG(s) 'dataset_s3_bucket_consumer_with_no_taskflow', 'dataset_s3_bucket_producer_with_no_taskflow', 'dataset_alias_example_alias_producer_with_no_taskflow', 'dataset_alias_example_alias_consumer_with_no_taskflow' retrieved from /home/airflow/.local/lib/python3.12/site-packages/airflow/example_dags/example_dataset_alias_with_no_taskflow.py
[2024-11-11T07:02:03.226+0000] {logging_mixin.py:190} INFO - [2024-11-11T07:02:03.225+0000] {dag.py:3239} INFO - Sync 4 DAGs
[2024-11-11T07:02:03.274+0000] {logging_mixin.py:190} INFO - [2024-11-11T07:02:03.274+0000] {dag.py:4180} INFO - Setting next_dagrun for dataset_alias_example_alias_consumer_with_no_taskflow to None, run_after=None
[2024-11-11T07:02:03.282+0000] {logging_mixin.py:190} INFO - [2024-11-11T07:02:03.281+0000] {dag.py:4180} INFO - Setting next_dagrun for dataset_alias_example_alias_producer_with_no_taskflow to None, run_after=None
[2024-11-11T07:02:03.286+0000] {logging_mixin.py:190} INFO - [2024-11-11T07:02:03.286+0000] {dag.py:4180} INFO - Setting next_dagrun for dataset_s3_bucket_consumer_with_no_taskflow to None, run_after=None
[2024-11-11T07:02:03.290+0000] {logging_mixin.py:190} INFO - [2024-11-11T07:02:03.290+0000] {dag.py:4180} INFO - Setting next_dagrun for dataset_s3_bucket_producer_with_no_taskflow to None, run_after=None
[2024-11-11T07:02:03.347+0000] {processor.py:208} INFO - Processing /home/airflow/.local/lib/python3.12/site-packages/airflow/example_dags/example_dataset_alias_with_no_taskflow.py took 1.240 seconds
[2024-11-11T07:02:33.714+0000] {processor.py:186} INFO - Started process (PID=1818) to work on /home/airflow/.local/lib/python3.12/site-packages/airflow/example_dags/example_dataset_alias_with_no_taskflow.py
[2024-11-11T07:02:33.715+0000] {processor.py:914} INFO - Processing file /home/airflow/.local/lib/python3.12/site-packages/airflow/example_dags/example_dataset_alias_with_no_taskflow.py for tasks to queue
[2024-11-11T07:02:33.719+0000] {logging_mixin.py:190} INFO - [2024-11-11T07:02:33.718+0000] {dagbag.py:588} INFO - Filling up the DagBag from /home/airflow/.local/lib/python3.12/site-packages/airflow/example_dags/example_dataset_alias_with_no_taskflow.py
[2024-11-11T07:02:34.450+0000] {processor.py:925} INFO - DAG(s) 'dataset_s3_bucket_producer_with_no_taskflow', 'dataset_s3_bucket_consumer_with_no_taskflow', 'dataset_alias_example_alias_producer_with_no_taskflow', 'dataset_alias_example_alias_consumer_with_no_taskflow' retrieved from /home/airflow/.local/lib/python3.12/site-packages/airflow/example_dags/example_dataset_alias_with_no_taskflow.py
[2024-11-11T07:02:34.481+0000] {logging_mixin.py:190} INFO - [2024-11-11T07:02:34.481+0000] {dag.py:3239} INFO - Sync 4 DAGs
[2024-11-11T07:02:34.512+0000] {logging_mixin.py:190} INFO - [2024-11-11T07:02:34.512+0000] {dag.py:4180} INFO - Setting next_dagrun for dataset_alias_example_alias_consumer_with_no_taskflow to None, run_after=None
[2024-11-11T07:02:34.518+0000] {logging_mixin.py:190} INFO - [2024-11-11T07:02:34.517+0000] {dag.py:4180} INFO - Setting next_dagrun for dataset_alias_example_alias_producer_with_no_taskflow to None, run_after=None
[2024-11-11T07:02:34.520+0000] {logging_mixin.py:190} INFO - [2024-11-11T07:02:34.520+0000] {dag.py:4180} INFO - Setting next_dagrun for dataset_s3_bucket_consumer_with_no_taskflow to None, run_after=None
[2024-11-11T07:02:34.522+0000] {logging_mixin.py:190} INFO - [2024-11-11T07:02:34.522+0000] {dag.py:4180} INFO - Setting next_dagrun for dataset_s3_bucket_producer_with_no_taskflow to None, run_after=None
[2024-11-11T07:02:34.553+0000] {processor.py:208} INFO - Processing /home/airflow/.local/lib/python3.12/site-packages/airflow/example_dags/example_dataset_alias_with_no_taskflow.py took 0.847 seconds
[2024-11-11T07:03:05.465+0000] {processor.py:186} INFO - Started process (PID=1884) to work on /home/airflow/.local/lib/python3.12/site-packages/airflow/example_dags/example_dataset_alias_with_no_taskflow.py
[2024-11-11T07:03:05.468+0000] {processor.py:914} INFO - Processing file /home/airflow/.local/lib/python3.12/site-packages/airflow/example_dags/example_dataset_alias_with_no_taskflow.py for tasks to queue
[2024-11-11T07:03:05.475+0000] {logging_mixin.py:190} INFO - [2024-11-11T07:03:05.474+0000] {dagbag.py:588} INFO - Filling up the DagBag from /home/airflow/.local/lib/python3.12/site-packages/airflow/example_dags/example_dataset_alias_with_no_taskflow.py
[2024-11-11T07:03:06.335+0000] {processor.py:925} INFO - DAG(s) 'dataset_s3_bucket_consumer_with_no_taskflow', 'dataset_alias_example_alias_consumer_with_no_taskflow', 'dataset_s3_bucket_producer_with_no_taskflow', 'dataset_alias_example_alias_producer_with_no_taskflow' retrieved from /home/airflow/.local/lib/python3.12/site-packages/airflow/example_dags/example_dataset_alias_with_no_taskflow.py
[2024-11-11T07:03:06.367+0000] {logging_mixin.py:190} INFO - [2024-11-11T07:03:06.366+0000] {dag.py:3239} INFO - Sync 4 DAGs
[2024-11-11T07:03:06.398+0000] {logging_mixin.py:190} INFO - [2024-11-11T07:03:06.398+0000] {dag.py:4180} INFO - Setting next_dagrun for dataset_alias_example_alias_consumer_with_no_taskflow to None, run_after=None
[2024-11-11T07:03:06.403+0000] {logging_mixin.py:190} INFO - [2024-11-11T07:03:06.402+0000] {dag.py:4180} INFO - Setting next_dagrun for dataset_alias_example_alias_producer_with_no_taskflow to None, run_after=None
[2024-11-11T07:03:06.407+0000] {logging_mixin.py:190} INFO - [2024-11-11T07:03:06.406+0000] {dag.py:4180} INFO - Setting next_dagrun for dataset_s3_bucket_consumer_with_no_taskflow to None, run_after=None
[2024-11-11T07:03:06.410+0000] {logging_mixin.py:190} INFO - [2024-11-11T07:03:06.409+0000] {dag.py:4180} INFO - Setting next_dagrun for dataset_s3_bucket_producer_with_no_taskflow to None, run_after=None
[2024-11-11T07:03:06.439+0000] {processor.py:208} INFO - Processing /home/airflow/.local/lib/python3.12/site-packages/airflow/example_dags/example_dataset_alias_with_no_taskflow.py took 0.988 seconds
