[2024-11-11T06:48:24.171+0000] {processor.py:186} INFO - Started process (PID=59) to work on /home/airflow/.local/lib/python3.12/site-packages/airflow/example_dags/example_branch_labels.py
[2024-11-11T06:48:24.173+0000] {processor.py:914} INFO - Processing file /home/airflow/.local/lib/python3.12/site-packages/airflow/example_dags/example_branch_labels.py for tasks to queue
[2024-11-11T06:48:24.177+0000] {logging_mixin.py:190} INFO - [2024-11-11T06:48:24.177+0000] {dagbag.py:588} INFO - Filling up the DagBag from /home/airflow/.local/lib/python3.12/site-packages/airflow/example_dags/example_branch_labels.py
[2024-11-11T06:48:24.197+0000] {processor.py:925} INFO - DAG(s) 'example_branch_labels' retrieved from /home/airflow/.local/lib/python3.12/site-packages/airflow/example_dags/example_branch_labels.py
[2024-11-11T06:48:24.340+0000] {logging_mixin.py:190} INFO - [2024-11-11T06:48:24.339+0000] {override.py:1911} INFO - Created Permission View: can read on DAG:example_branch_labels
[2024-11-11T06:48:24.355+0000] {logging_mixin.py:190} INFO - [2024-11-11T06:48:24.354+0000] {override.py:1911} INFO - Created Permission View: can delete on DAG:example_branch_labels
[2024-11-11T06:48:24.368+0000] {logging_mixin.py:190} INFO - [2024-11-11T06:48:24.367+0000] {override.py:1911} INFO - Created Permission View: can edit on DAG:example_branch_labels
[2024-11-11T06:48:24.385+0000] {logging_mixin.py:190} INFO - [2024-11-11T06:48:24.385+0000] {override.py:1911} INFO - Created Permission View: menu access on DAG Run:example_branch_labels
[2024-11-11T06:48:24.395+0000] {logging_mixin.py:190} INFO - [2024-11-11T06:48:24.394+0000] {override.py:1911} INFO - Created Permission View: can read on DAG Run:example_branch_labels
[2024-11-11T06:48:24.404+0000] {logging_mixin.py:190} INFO - [2024-11-11T06:48:24.404+0000] {override.py:1911} INFO - Created Permission View: can delete on DAG Run:example_branch_labels
[2024-11-11T06:48:24.414+0000] {logging_mixin.py:190} INFO - [2024-11-11T06:48:24.414+0000] {override.py:1911} INFO - Created Permission View: can create on DAG Run:example_branch_labels
[2024-11-11T06:48:24.415+0000] {logging_mixin.py:190} INFO - [2024-11-11T06:48:24.415+0000] {dag.py:3239} INFO - Sync 1 DAGs
[2024-11-11T06:48:24.434+0000] {logging_mixin.py:190} INFO - [2024-11-11T06:48:24.433+0000] {dag.py:3262} INFO - Creating ORM DAG for example_branch_labels
[2024-11-11T06:48:24.449+0000] {logging_mixin.py:190} INFO - [2024-11-11T06:48:24.449+0000] {dag.py:4180} INFO - Setting next_dagrun for example_branch_labels to 2024-11-10 00:00:00+00:00, run_after=2024-11-11 00:00:00+00:00
[2024-11-11T06:48:24.479+0000] {processor.py:208} INFO - Processing /home/airflow/.local/lib/python3.12/site-packages/airflow/example_dags/example_branch_labels.py took 0.317 seconds
[2024-11-11T06:48:56.281+0000] {processor.py:186} INFO - Started process (PID=123) to work on /home/airflow/.local/lib/python3.12/site-packages/airflow/example_dags/example_branch_labels.py
[2024-11-11T06:48:56.283+0000] {processor.py:914} INFO - Processing file /home/airflow/.local/lib/python3.12/site-packages/airflow/example_dags/example_branch_labels.py for tasks to queue
[2024-11-11T06:48:56.287+0000] {logging_mixin.py:190} INFO - [2024-11-11T06:48:56.286+0000] {dagbag.py:588} INFO - Filling up the DagBag from /home/airflow/.local/lib/python3.12/site-packages/airflow/example_dags/example_branch_labels.py
[2024-11-11T06:48:56.305+0000] {processor.py:925} INFO - DAG(s) 'example_branch_labels' retrieved from /home/airflow/.local/lib/python3.12/site-packages/airflow/example_dags/example_branch_labels.py
[2024-11-11T06:48:56.343+0000] {logging_mixin.py:190} INFO - [2024-11-11T06:48:56.343+0000] {dag.py:3239} INFO - Sync 1 DAGs
[2024-11-11T06:48:56.392+0000] {logging_mixin.py:190} INFO - [2024-11-11T06:48:56.392+0000] {dag.py:4180} INFO - Setting next_dagrun for example_branch_labels to 2024-11-10 00:00:00+00:00, run_after=2024-11-11 00:00:00+00:00
[2024-11-11T06:48:56.577+0000] {processor.py:208} INFO - Processing /home/airflow/.local/lib/python3.12/site-packages/airflow/example_dags/example_branch_labels.py took 0.306 seconds
[2024-11-11T06:49:27.401+0000] {processor.py:186} INFO - Started process (PID=187) to work on /home/airflow/.local/lib/python3.12/site-packages/airflow/example_dags/example_branch_labels.py
[2024-11-11T06:49:27.402+0000] {processor.py:914} INFO - Processing file /home/airflow/.local/lib/python3.12/site-packages/airflow/example_dags/example_branch_labels.py for tasks to queue
[2024-11-11T06:49:27.406+0000] {logging_mixin.py:190} INFO - [2024-11-11T06:49:27.406+0000] {dagbag.py:588} INFO - Filling up the DagBag from /home/airflow/.local/lib/python3.12/site-packages/airflow/example_dags/example_branch_labels.py
[2024-11-11T06:49:27.418+0000] {processor.py:925} INFO - DAG(s) 'example_branch_labels' retrieved from /home/airflow/.local/lib/python3.12/site-packages/airflow/example_dags/example_branch_labels.py
[2024-11-11T06:49:27.447+0000] {logging_mixin.py:190} INFO - [2024-11-11T06:49:27.446+0000] {dag.py:3239} INFO - Sync 1 DAGs
[2024-11-11T06:49:27.479+0000] {logging_mixin.py:190} INFO - [2024-11-11T06:49:27.479+0000] {dag.py:4180} INFO - Setting next_dagrun for example_branch_labels to 2024-11-10 00:00:00+00:00, run_after=2024-11-11 00:00:00+00:00
[2024-11-11T06:49:27.518+0000] {processor.py:208} INFO - Processing /home/airflow/.local/lib/python3.12/site-packages/airflow/example_dags/example_branch_labels.py took 0.125 seconds
[2024-11-11T06:49:57.747+0000] {processor.py:186} INFO - Started process (PID=250) to work on /home/airflow/.local/lib/python3.12/site-packages/airflow/example_dags/example_branch_labels.py
[2024-11-11T06:49:57.749+0000] {processor.py:914} INFO - Processing file /home/airflow/.local/lib/python3.12/site-packages/airflow/example_dags/example_branch_labels.py for tasks to queue
[2024-11-11T06:49:57.753+0000] {logging_mixin.py:190} INFO - [2024-11-11T06:49:57.752+0000] {dagbag.py:588} INFO - Filling up the DagBag from /home/airflow/.local/lib/python3.12/site-packages/airflow/example_dags/example_branch_labels.py
[2024-11-11T06:49:57.765+0000] {processor.py:925} INFO - DAG(s) 'example_branch_labels' retrieved from /home/airflow/.local/lib/python3.12/site-packages/airflow/example_dags/example_branch_labels.py
[2024-11-11T06:49:57.795+0000] {logging_mixin.py:190} INFO - [2024-11-11T06:49:57.795+0000] {dag.py:3239} INFO - Sync 1 DAGs
[2024-11-11T06:49:57.828+0000] {logging_mixin.py:190} INFO - [2024-11-11T06:49:57.828+0000] {dag.py:4180} INFO - Setting next_dagrun for example_branch_labels to 2024-11-10 00:00:00+00:00, run_after=2024-11-11 00:00:00+00:00
[2024-11-11T06:49:57.856+0000] {processor.py:208} INFO - Processing /home/airflow/.local/lib/python3.12/site-packages/airflow/example_dags/example_branch_labels.py took 0.116 seconds
[2024-11-11T06:50:28.484+0000] {processor.py:186} INFO - Started process (PID=313) to work on /home/airflow/.local/lib/python3.12/site-packages/airflow/example_dags/example_branch_labels.py
[2024-11-11T06:50:28.485+0000] {processor.py:914} INFO - Processing file /home/airflow/.local/lib/python3.12/site-packages/airflow/example_dags/example_branch_labels.py for tasks to queue
[2024-11-11T06:50:28.491+0000] {logging_mixin.py:190} INFO - [2024-11-11T06:50:28.490+0000] {dagbag.py:588} INFO - Filling up the DagBag from /home/airflow/.local/lib/python3.12/site-packages/airflow/example_dags/example_branch_labels.py
[2024-11-11T06:50:28.506+0000] {processor.py:925} INFO - DAG(s) 'example_branch_labels' retrieved from /home/airflow/.local/lib/python3.12/site-packages/airflow/example_dags/example_branch_labels.py
[2024-11-11T06:50:28.535+0000] {logging_mixin.py:190} INFO - [2024-11-11T06:50:28.535+0000] {dag.py:3239} INFO - Sync 1 DAGs
[2024-11-11T06:50:28.568+0000] {logging_mixin.py:190} INFO - [2024-11-11T06:50:28.568+0000] {dag.py:4180} INFO - Setting next_dagrun for example_branch_labels to 2024-11-10 00:00:00+00:00, run_after=2024-11-11 00:00:00+00:00
[2024-11-11T06:50:28.607+0000] {processor.py:208} INFO - Processing /home/airflow/.local/lib/python3.12/site-packages/airflow/example_dags/example_branch_labels.py took 0.131 seconds
[2024-11-11T06:50:58.857+0000] {processor.py:186} INFO - Started process (PID=377) to work on /home/airflow/.local/lib/python3.12/site-packages/airflow/example_dags/example_branch_labels.py
[2024-11-11T06:50:58.859+0000] {processor.py:914} INFO - Processing file /home/airflow/.local/lib/python3.12/site-packages/airflow/example_dags/example_branch_labels.py for tasks to queue
[2024-11-11T06:50:58.866+0000] {logging_mixin.py:190} INFO - [2024-11-11T06:50:58.864+0000] {dagbag.py:588} INFO - Filling up the DagBag from /home/airflow/.local/lib/python3.12/site-packages/airflow/example_dags/example_branch_labels.py
[2024-11-11T06:50:58.884+0000] {processor.py:925} INFO - DAG(s) 'example_branch_labels' retrieved from /home/airflow/.local/lib/python3.12/site-packages/airflow/example_dags/example_branch_labels.py
[2024-11-11T06:50:58.922+0000] {logging_mixin.py:190} INFO - [2024-11-11T06:50:58.922+0000] {dag.py:3239} INFO - Sync 1 DAGs
[2024-11-11T06:50:58.962+0000] {logging_mixin.py:190} INFO - [2024-11-11T06:50:58.961+0000] {dag.py:4180} INFO - Setting next_dagrun for example_branch_labels to 2024-11-10 00:00:00+00:00, run_after=2024-11-11 00:00:00+00:00
[2024-11-11T06:50:59.003+0000] {processor.py:208} INFO - Processing /home/airflow/.local/lib/python3.12/site-packages/airflow/example_dags/example_branch_labels.py took 0.154 seconds
[2024-11-11T06:51:29.750+0000] {processor.py:186} INFO - Started process (PID=440) to work on /home/airflow/.local/lib/python3.12/site-packages/airflow/example_dags/example_branch_labels.py
[2024-11-11T06:51:29.754+0000] {processor.py:914} INFO - Processing file /home/airflow/.local/lib/python3.12/site-packages/airflow/example_dags/example_branch_labels.py for tasks to queue
[2024-11-11T06:51:29.759+0000] {logging_mixin.py:190} INFO - [2024-11-11T06:51:29.759+0000] {dagbag.py:588} INFO - Filling up the DagBag from /home/airflow/.local/lib/python3.12/site-packages/airflow/example_dags/example_branch_labels.py
[2024-11-11T06:51:29.786+0000] {processor.py:925} INFO - DAG(s) 'example_branch_labels' retrieved from /home/airflow/.local/lib/python3.12/site-packages/airflow/example_dags/example_branch_labels.py
[2024-11-11T06:51:29.842+0000] {logging_mixin.py:190} INFO - [2024-11-11T06:51:29.841+0000] {dag.py:3239} INFO - Sync 1 DAGs
[2024-11-11T06:51:29.906+0000] {logging_mixin.py:190} INFO - [2024-11-11T06:51:29.906+0000] {dag.py:4180} INFO - Setting next_dagrun for example_branch_labels to 2024-11-10 00:00:00+00:00, run_after=2024-11-11 00:00:00+00:00
[2024-11-11T06:51:29.956+0000] {processor.py:208} INFO - Processing /home/airflow/.local/lib/python3.12/site-packages/airflow/example_dags/example_branch_labels.py took 0.219 seconds
[2024-11-11T06:52:00.585+0000] {processor.py:186} INFO - Started process (PID=504) to work on /home/airflow/.local/lib/python3.12/site-packages/airflow/example_dags/example_branch_labels.py
[2024-11-11T06:52:00.588+0000] {processor.py:914} INFO - Processing file /home/airflow/.local/lib/python3.12/site-packages/airflow/example_dags/example_branch_labels.py for tasks to queue
[2024-11-11T06:52:00.592+0000] {logging_mixin.py:190} INFO - [2024-11-11T06:52:00.592+0000] {dagbag.py:588} INFO - Filling up the DagBag from /home/airflow/.local/lib/python3.12/site-packages/airflow/example_dags/example_branch_labels.py
[2024-11-11T06:52:00.621+0000] {processor.py:925} INFO - DAG(s) 'example_branch_labels' retrieved from /home/airflow/.local/lib/python3.12/site-packages/airflow/example_dags/example_branch_labels.py
[2024-11-11T06:52:00.673+0000] {logging_mixin.py:190} INFO - [2024-11-11T06:52:00.673+0000] {dag.py:3239} INFO - Sync 1 DAGs
[2024-11-11T06:52:00.725+0000] {logging_mixin.py:190} INFO - [2024-11-11T06:52:00.724+0000] {dag.py:4180} INFO - Setting next_dagrun for example_branch_labels to 2024-11-10 00:00:00+00:00, run_after=2024-11-11 00:00:00+00:00
[2024-11-11T06:52:00.766+0000] {processor.py:208} INFO - Processing /home/airflow/.local/lib/python3.12/site-packages/airflow/example_dags/example_branch_labels.py took 0.190 seconds
[2024-11-11T06:52:31.200+0000] {processor.py:186} INFO - Started process (PID=568) to work on /home/airflow/.local/lib/python3.12/site-packages/airflow/example_dags/example_branch_labels.py
[2024-11-11T06:52:31.205+0000] {processor.py:914} INFO - Processing file /home/airflow/.local/lib/python3.12/site-packages/airflow/example_dags/example_branch_labels.py for tasks to queue
[2024-11-11T06:52:31.216+0000] {logging_mixin.py:190} INFO - [2024-11-11T06:52:31.214+0000] {dagbag.py:588} INFO - Filling up the DagBag from /home/airflow/.local/lib/python3.12/site-packages/airflow/example_dags/example_branch_labels.py
[2024-11-11T06:52:31.252+0000] {processor.py:925} INFO - DAG(s) 'example_branch_labels' retrieved from /home/airflow/.local/lib/python3.12/site-packages/airflow/example_dags/example_branch_labels.py
[2024-11-11T06:52:31.315+0000] {logging_mixin.py:190} INFO - [2024-11-11T06:52:31.314+0000] {dag.py:3239} INFO - Sync 1 DAGs
[2024-11-11T06:52:31.373+0000] {logging_mixin.py:190} INFO - [2024-11-11T06:52:31.372+0000] {dag.py:4180} INFO - Setting next_dagrun for example_branch_labels to 2024-11-10 00:00:00+00:00, run_after=2024-11-11 00:00:00+00:00
[2024-11-11T06:52:31.418+0000] {processor.py:208} INFO - Processing /home/airflow/.local/lib/python3.12/site-packages/airflow/example_dags/example_branch_labels.py took 0.249 seconds
[2024-11-11T06:53:01.488+0000] {processor.py:186} INFO - Started process (PID=632) to work on /home/airflow/.local/lib/python3.12/site-packages/airflow/example_dags/example_branch_labels.py
[2024-11-11T06:53:01.491+0000] {processor.py:914} INFO - Processing file /home/airflow/.local/lib/python3.12/site-packages/airflow/example_dags/example_branch_labels.py for tasks to queue
[2024-11-11T06:53:01.497+0000] {logging_mixin.py:190} INFO - [2024-11-11T06:53:01.497+0000] {dagbag.py:588} INFO - Filling up the DagBag from /home/airflow/.local/lib/python3.12/site-packages/airflow/example_dags/example_branch_labels.py
[2024-11-11T06:53:01.517+0000] {processor.py:925} INFO - DAG(s) 'example_branch_labels' retrieved from /home/airflow/.local/lib/python3.12/site-packages/airflow/example_dags/example_branch_labels.py
[2024-11-11T06:53:01.548+0000] {logging_mixin.py:190} INFO - [2024-11-11T06:53:01.548+0000] {dag.py:3239} INFO - Sync 1 DAGs
[2024-11-11T06:53:01.583+0000] {logging_mixin.py:190} INFO - [2024-11-11T06:53:01.582+0000] {dag.py:4180} INFO - Setting next_dagrun for example_branch_labels to 2024-11-10 00:00:00+00:00, run_after=2024-11-11 00:00:00+00:00
[2024-11-11T06:53:01.613+0000] {processor.py:208} INFO - Processing /home/airflow/.local/lib/python3.12/site-packages/airflow/example_dags/example_branch_labels.py took 0.140 seconds
[2024-11-11T06:53:31.692+0000] {processor.py:186} INFO - Started process (PID=695) to work on /home/airflow/.local/lib/python3.12/site-packages/airflow/example_dags/example_branch_labels.py
[2024-11-11T06:53:31.694+0000] {processor.py:914} INFO - Processing file /home/airflow/.local/lib/python3.12/site-packages/airflow/example_dags/example_branch_labels.py for tasks to queue
[2024-11-11T06:53:31.697+0000] {logging_mixin.py:190} INFO - [2024-11-11T06:53:31.697+0000] {dagbag.py:588} INFO - Filling up the DagBag from /home/airflow/.local/lib/python3.12/site-packages/airflow/example_dags/example_branch_labels.py
[2024-11-11T06:53:31.709+0000] {processor.py:925} INFO - DAG(s) 'example_branch_labels' retrieved from /home/airflow/.local/lib/python3.12/site-packages/airflow/example_dags/example_branch_labels.py
[2024-11-11T06:53:31.736+0000] {logging_mixin.py:190} INFO - [2024-11-11T06:53:31.736+0000] {dag.py:3239} INFO - Sync 1 DAGs
[2024-11-11T06:53:31.762+0000] {logging_mixin.py:190} INFO - [2024-11-11T06:53:31.762+0000] {dag.py:4180} INFO - Setting next_dagrun for example_branch_labels to 2024-11-10 00:00:00+00:00, run_after=2024-11-11 00:00:00+00:00
[2024-11-11T06:53:31.785+0000] {processor.py:208} INFO - Processing /home/airflow/.local/lib/python3.12/site-packages/airflow/example_dags/example_branch_labels.py took 0.100 seconds
[2024-11-11T06:54:02.518+0000] {processor.py:186} INFO - Started process (PID=759) to work on /home/airflow/.local/lib/python3.12/site-packages/airflow/example_dags/example_branch_labels.py
[2024-11-11T06:54:02.519+0000] {processor.py:914} INFO - Processing file /home/airflow/.local/lib/python3.12/site-packages/airflow/example_dags/example_branch_labels.py for tasks to queue
[2024-11-11T06:54:02.524+0000] {logging_mixin.py:190} INFO - [2024-11-11T06:54:02.523+0000] {dagbag.py:588} INFO - Filling up the DagBag from /home/airflow/.local/lib/python3.12/site-packages/airflow/example_dags/example_branch_labels.py
[2024-11-11T06:54:02.539+0000] {processor.py:925} INFO - DAG(s) 'example_branch_labels' retrieved from /home/airflow/.local/lib/python3.12/site-packages/airflow/example_dags/example_branch_labels.py
[2024-11-11T06:54:02.570+0000] {logging_mixin.py:190} INFO - [2024-11-11T06:54:02.570+0000] {dag.py:3239} INFO - Sync 1 DAGs
[2024-11-11T06:54:02.602+0000] {logging_mixin.py:190} INFO - [2024-11-11T06:54:02.602+0000] {dag.py:4180} INFO - Setting next_dagrun for example_branch_labels to 2024-11-10 00:00:00+00:00, run_after=2024-11-11 00:00:00+00:00
[2024-11-11T06:54:02.630+0000] {processor.py:208} INFO - Processing /home/airflow/.local/lib/python3.12/site-packages/airflow/example_dags/example_branch_labels.py took 0.120 seconds
[2024-11-11T06:54:33.212+0000] {processor.py:186} INFO - Started process (PID=823) to work on /home/airflow/.local/lib/python3.12/site-packages/airflow/example_dags/example_branch_labels.py
[2024-11-11T06:54:33.214+0000] {processor.py:914} INFO - Processing file /home/airflow/.local/lib/python3.12/site-packages/airflow/example_dags/example_branch_labels.py for tasks to queue
[2024-11-11T06:54:33.220+0000] {logging_mixin.py:190} INFO - [2024-11-11T06:54:33.219+0000] {dagbag.py:588} INFO - Filling up the DagBag from /home/airflow/.local/lib/python3.12/site-packages/airflow/example_dags/example_branch_labels.py
[2024-11-11T06:54:33.238+0000] {processor.py:925} INFO - DAG(s) 'example_branch_labels' retrieved from /home/airflow/.local/lib/python3.12/site-packages/airflow/example_dags/example_branch_labels.py
[2024-11-11T06:54:33.276+0000] {logging_mixin.py:190} INFO - [2024-11-11T06:54:33.275+0000] {dag.py:3239} INFO - Sync 1 DAGs
[2024-11-11T06:54:33.312+0000] {logging_mixin.py:190} INFO - [2024-11-11T06:54:33.311+0000] {dag.py:4180} INFO - Setting next_dagrun for example_branch_labels to 2024-11-10 00:00:00+00:00, run_after=2024-11-11 00:00:00+00:00
[2024-11-11T06:54:33.340+0000] {processor.py:208} INFO - Processing /home/airflow/.local/lib/python3.12/site-packages/airflow/example_dags/example_branch_labels.py took 0.140 seconds
[2024-11-11T06:55:03.488+0000] {processor.py:186} INFO - Started process (PID=887) to work on /home/airflow/.local/lib/python3.12/site-packages/airflow/example_dags/example_branch_labels.py
[2024-11-11T06:55:03.490+0000] {processor.py:914} INFO - Processing file /home/airflow/.local/lib/python3.12/site-packages/airflow/example_dags/example_branch_labels.py for tasks to queue
[2024-11-11T06:55:03.493+0000] {logging_mixin.py:190} INFO - [2024-11-11T06:55:03.492+0000] {dagbag.py:588} INFO - Filling up the DagBag from /home/airflow/.local/lib/python3.12/site-packages/airflow/example_dags/example_branch_labels.py
[2024-11-11T06:55:03.507+0000] {processor.py:925} INFO - DAG(s) 'example_branch_labels' retrieved from /home/airflow/.local/lib/python3.12/site-packages/airflow/example_dags/example_branch_labels.py
[2024-11-11T06:55:03.540+0000] {logging_mixin.py:190} INFO - [2024-11-11T06:55:03.539+0000] {dag.py:3239} INFO - Sync 1 DAGs
[2024-11-11T06:55:03.607+0000] {logging_mixin.py:190} INFO - [2024-11-11T06:55:03.606+0000] {dag.py:4180} INFO - Setting next_dagrun for example_branch_labels to 2024-11-10 00:00:00+00:00, run_after=2024-11-11 00:00:00+00:00
[2024-11-11T06:55:03.656+0000] {processor.py:208} INFO - Processing /home/airflow/.local/lib/python3.12/site-packages/airflow/example_dags/example_branch_labels.py took 0.175 seconds
[2024-11-11T06:55:33.774+0000] {processor.py:186} INFO - Started process (PID=951) to work on /home/airflow/.local/lib/python3.12/site-packages/airflow/example_dags/example_branch_labels.py
[2024-11-11T06:55:33.777+0000] {processor.py:914} INFO - Processing file /home/airflow/.local/lib/python3.12/site-packages/airflow/example_dags/example_branch_labels.py for tasks to queue
[2024-11-11T06:55:33.780+0000] {logging_mixin.py:190} INFO - [2024-11-11T06:55:33.780+0000] {dagbag.py:588} INFO - Filling up the DagBag from /home/airflow/.local/lib/python3.12/site-packages/airflow/example_dags/example_branch_labels.py
[2024-11-11T06:55:33.794+0000] {processor.py:925} INFO - DAG(s) 'example_branch_labels' retrieved from /home/airflow/.local/lib/python3.12/site-packages/airflow/example_dags/example_branch_labels.py
[2024-11-11T06:55:33.825+0000] {logging_mixin.py:190} INFO - [2024-11-11T06:55:33.824+0000] {dag.py:3239} INFO - Sync 1 DAGs
[2024-11-11T06:55:33.857+0000] {logging_mixin.py:190} INFO - [2024-11-11T06:55:33.857+0000] {dag.py:4180} INFO - Setting next_dagrun for example_branch_labels to 2024-11-10 00:00:00+00:00, run_after=2024-11-11 00:00:00+00:00
[2024-11-11T06:55:33.888+0000] {processor.py:208} INFO - Processing /home/airflow/.local/lib/python3.12/site-packages/airflow/example_dags/example_branch_labels.py took 0.122 seconds
[2024-11-11T06:56:04.235+0000] {processor.py:186} INFO - Started process (PID=1015) to work on /home/airflow/.local/lib/python3.12/site-packages/airflow/example_dags/example_branch_labels.py
[2024-11-11T06:56:04.236+0000] {processor.py:914} INFO - Processing file /home/airflow/.local/lib/python3.12/site-packages/airflow/example_dags/example_branch_labels.py for tasks to queue
[2024-11-11T06:56:04.240+0000] {logging_mixin.py:190} INFO - [2024-11-11T06:56:04.240+0000] {dagbag.py:588} INFO - Filling up the DagBag from /home/airflow/.local/lib/python3.12/site-packages/airflow/example_dags/example_branch_labels.py
[2024-11-11T06:56:04.256+0000] {processor.py:925} INFO - DAG(s) 'example_branch_labels' retrieved from /home/airflow/.local/lib/python3.12/site-packages/airflow/example_dags/example_branch_labels.py
[2024-11-11T06:56:04.301+0000] {logging_mixin.py:190} INFO - [2024-11-11T06:56:04.300+0000] {dag.py:3239} INFO - Sync 1 DAGs
[2024-11-11T06:56:04.343+0000] {logging_mixin.py:190} INFO - [2024-11-11T06:56:04.342+0000] {dag.py:4180} INFO - Setting next_dagrun for example_branch_labels to 2024-11-10 00:00:00+00:00, run_after=2024-11-11 00:00:00+00:00
[2024-11-11T06:56:04.383+0000] {processor.py:208} INFO - Processing /home/airflow/.local/lib/python3.12/site-packages/airflow/example_dags/example_branch_labels.py took 0.156 seconds
[2024-11-11T06:56:34.791+0000] {processor.py:186} INFO - Started process (PID=1079) to work on /home/airflow/.local/lib/python3.12/site-packages/airflow/example_dags/example_branch_labels.py
[2024-11-11T06:56:34.793+0000] {processor.py:914} INFO - Processing file /home/airflow/.local/lib/python3.12/site-packages/airflow/example_dags/example_branch_labels.py for tasks to queue
[2024-11-11T06:56:34.796+0000] {logging_mixin.py:190} INFO - [2024-11-11T06:56:34.796+0000] {dagbag.py:588} INFO - Filling up the DagBag from /home/airflow/.local/lib/python3.12/site-packages/airflow/example_dags/example_branch_labels.py
[2024-11-11T06:56:34.813+0000] {processor.py:925} INFO - DAG(s) 'example_branch_labels' retrieved from /home/airflow/.local/lib/python3.12/site-packages/airflow/example_dags/example_branch_labels.py
[2024-11-11T06:56:34.847+0000] {logging_mixin.py:190} INFO - [2024-11-11T06:56:34.847+0000] {dag.py:3239} INFO - Sync 1 DAGs
[2024-11-11T06:56:34.888+0000] {logging_mixin.py:190} INFO - [2024-11-11T06:56:34.888+0000] {dag.py:4180} INFO - Setting next_dagrun for example_branch_labels to 2024-11-10 00:00:00+00:00, run_after=2024-11-11 00:00:00+00:00
[2024-11-11T06:56:34.918+0000] {processor.py:208} INFO - Processing /home/airflow/.local/lib/python3.12/site-packages/airflow/example_dags/example_branch_labels.py took 0.136 seconds
[2024-11-11T06:57:05.227+0000] {processor.py:186} INFO - Started process (PID=1143) to work on /home/airflow/.local/lib/python3.12/site-packages/airflow/example_dags/example_branch_labels.py
[2024-11-11T06:57:05.229+0000] {processor.py:914} INFO - Processing file /home/airflow/.local/lib/python3.12/site-packages/airflow/example_dags/example_branch_labels.py for tasks to queue
[2024-11-11T06:57:05.233+0000] {logging_mixin.py:190} INFO - [2024-11-11T06:57:05.233+0000] {dagbag.py:588} INFO - Filling up the DagBag from /home/airflow/.local/lib/python3.12/site-packages/airflow/example_dags/example_branch_labels.py
[2024-11-11T06:57:05.247+0000] {processor.py:925} INFO - DAG(s) 'example_branch_labels' retrieved from /home/airflow/.local/lib/python3.12/site-packages/airflow/example_dags/example_branch_labels.py
[2024-11-11T06:57:05.278+0000] {logging_mixin.py:190} INFO - [2024-11-11T06:57:05.278+0000] {dag.py:3239} INFO - Sync 1 DAGs
[2024-11-11T06:57:05.312+0000] {logging_mixin.py:190} INFO - [2024-11-11T06:57:05.311+0000] {dag.py:4180} INFO - Setting next_dagrun for example_branch_labels to 2024-11-10 00:00:00+00:00, run_after=2024-11-11 00:00:00+00:00
[2024-11-11T06:57:05.342+0000] {processor.py:208} INFO - Processing /home/airflow/.local/lib/python3.12/site-packages/airflow/example_dags/example_branch_labels.py took 0.123 seconds
[2024-11-11T06:57:35.792+0000] {processor.py:186} INFO - Started process (PID=1207) to work on /home/airflow/.local/lib/python3.12/site-packages/airflow/example_dags/example_branch_labels.py
[2024-11-11T06:57:35.793+0000] {processor.py:914} INFO - Processing file /home/airflow/.local/lib/python3.12/site-packages/airflow/example_dags/example_branch_labels.py for tasks to queue
[2024-11-11T06:57:35.798+0000] {logging_mixin.py:190} INFO - [2024-11-11T06:57:35.797+0000] {dagbag.py:588} INFO - Filling up the DagBag from /home/airflow/.local/lib/python3.12/site-packages/airflow/example_dags/example_branch_labels.py
[2024-11-11T06:57:35.816+0000] {processor.py:925} INFO - DAG(s) 'example_branch_labels' retrieved from /home/airflow/.local/lib/python3.12/site-packages/airflow/example_dags/example_branch_labels.py
[2024-11-11T06:57:35.846+0000] {logging_mixin.py:190} INFO - [2024-11-11T06:57:35.845+0000] {dag.py:3239} INFO - Sync 1 DAGs
[2024-11-11T06:57:35.883+0000] {logging_mixin.py:190} INFO - [2024-11-11T06:57:35.883+0000] {dag.py:4180} INFO - Setting next_dagrun for example_branch_labels to 2024-11-10 00:00:00+00:00, run_after=2024-11-11 00:00:00+00:00
[2024-11-11T06:57:35.923+0000] {processor.py:208} INFO - Processing /home/airflow/.local/lib/python3.12/site-packages/airflow/example_dags/example_branch_labels.py took 0.141 seconds
[2024-11-11T06:58:06.219+0000] {processor.py:186} INFO - Started process (PID=1271) to work on /home/airflow/.local/lib/python3.12/site-packages/airflow/example_dags/example_branch_labels.py
[2024-11-11T06:58:06.221+0000] {processor.py:914} INFO - Processing file /home/airflow/.local/lib/python3.12/site-packages/airflow/example_dags/example_branch_labels.py for tasks to queue
[2024-11-11T06:58:06.227+0000] {logging_mixin.py:190} INFO - [2024-11-11T06:58:06.227+0000] {dagbag.py:588} INFO - Filling up the DagBag from /home/airflow/.local/lib/python3.12/site-packages/airflow/example_dags/example_branch_labels.py
[2024-11-11T06:58:06.251+0000] {processor.py:925} INFO - DAG(s) 'example_branch_labels' retrieved from /home/airflow/.local/lib/python3.12/site-packages/airflow/example_dags/example_branch_labels.py
[2024-11-11T06:58:06.299+0000] {logging_mixin.py:190} INFO - [2024-11-11T06:58:06.299+0000] {dag.py:3239} INFO - Sync 1 DAGs
[2024-11-11T06:58:06.343+0000] {logging_mixin.py:190} INFO - [2024-11-11T06:58:06.343+0000] {dag.py:4180} INFO - Setting next_dagrun for example_branch_labels to 2024-11-10 00:00:00+00:00, run_after=2024-11-11 00:00:00+00:00
[2024-11-11T06:58:06.385+0000] {processor.py:208} INFO - Processing /home/airflow/.local/lib/python3.12/site-packages/airflow/example_dags/example_branch_labels.py took 0.176 seconds
[2024-11-11T06:58:37.023+0000] {processor.py:186} INFO - Started process (PID=1335) to work on /home/airflow/.local/lib/python3.12/site-packages/airflow/example_dags/example_branch_labels.py
[2024-11-11T06:58:37.026+0000] {processor.py:914} INFO - Processing file /home/airflow/.local/lib/python3.12/site-packages/airflow/example_dags/example_branch_labels.py for tasks to queue
[2024-11-11T06:58:37.031+0000] {logging_mixin.py:190} INFO - [2024-11-11T06:58:37.031+0000] {dagbag.py:588} INFO - Filling up the DagBag from /home/airflow/.local/lib/python3.12/site-packages/airflow/example_dags/example_branch_labels.py
[2024-11-11T06:58:37.051+0000] {processor.py:925} INFO - DAG(s) 'example_branch_labels' retrieved from /home/airflow/.local/lib/python3.12/site-packages/airflow/example_dags/example_branch_labels.py
[2024-11-11T06:58:37.097+0000] {logging_mixin.py:190} INFO - [2024-11-11T06:58:37.097+0000] {dag.py:3239} INFO - Sync 1 DAGs
[2024-11-11T06:58:37.141+0000] {logging_mixin.py:190} INFO - [2024-11-11T06:58:37.141+0000] {dag.py:4180} INFO - Setting next_dagrun for example_branch_labels to 2024-11-10 00:00:00+00:00, run_after=2024-11-11 00:00:00+00:00
[2024-11-11T06:58:37.178+0000] {processor.py:208} INFO - Processing /home/airflow/.local/lib/python3.12/site-packages/airflow/example_dags/example_branch_labels.py took 0.166 seconds
[2024-11-11T06:59:07.251+0000] {processor.py:186} INFO - Started process (PID=1399) to work on /home/airflow/.local/lib/python3.12/site-packages/airflow/example_dags/example_branch_labels.py
[2024-11-11T06:59:07.253+0000] {processor.py:914} INFO - Processing file /home/airflow/.local/lib/python3.12/site-packages/airflow/example_dags/example_branch_labels.py for tasks to queue
[2024-11-11T06:59:07.257+0000] {logging_mixin.py:190} INFO - [2024-11-11T06:59:07.257+0000] {dagbag.py:588} INFO - Filling up the DagBag from /home/airflow/.local/lib/python3.12/site-packages/airflow/example_dags/example_branch_labels.py
[2024-11-11T06:59:07.275+0000] {processor.py:925} INFO - DAG(s) 'example_branch_labels' retrieved from /home/airflow/.local/lib/python3.12/site-packages/airflow/example_dags/example_branch_labels.py
[2024-11-11T06:59:07.316+0000] {logging_mixin.py:190} INFO - [2024-11-11T06:59:07.315+0000] {dag.py:3239} INFO - Sync 1 DAGs
[2024-11-11T06:59:07.362+0000] {logging_mixin.py:190} INFO - [2024-11-11T06:59:07.361+0000] {dag.py:4180} INFO - Setting next_dagrun for example_branch_labels to 2024-11-10 00:00:00+00:00, run_after=2024-11-11 00:00:00+00:00
[2024-11-11T06:59:07.432+0000] {processor.py:208} INFO - Processing /home/airflow/.local/lib/python3.12/site-packages/airflow/example_dags/example_branch_labels.py took 0.189 seconds
[2024-11-11T06:59:38.179+0000] {processor.py:186} INFO - Started process (PID=1463) to work on /home/airflow/.local/lib/python3.12/site-packages/airflow/example_dags/example_branch_labels.py
[2024-11-11T06:59:38.180+0000] {processor.py:914} INFO - Processing file /home/airflow/.local/lib/python3.12/site-packages/airflow/example_dags/example_branch_labels.py for tasks to queue
[2024-11-11T06:59:38.188+0000] {logging_mixin.py:190} INFO - [2024-11-11T06:59:38.186+0000] {dagbag.py:588} INFO - Filling up the DagBag from /home/airflow/.local/lib/python3.12/site-packages/airflow/example_dags/example_branch_labels.py
[2024-11-11T06:59:38.212+0000] {processor.py:925} INFO - DAG(s) 'example_branch_labels' retrieved from /home/airflow/.local/lib/python3.12/site-packages/airflow/example_dags/example_branch_labels.py
[2024-11-11T06:59:38.262+0000] {logging_mixin.py:190} INFO - [2024-11-11T06:59:38.261+0000] {dag.py:3239} INFO - Sync 1 DAGs
[2024-11-11T06:59:38.308+0000] {logging_mixin.py:190} INFO - [2024-11-11T06:59:38.308+0000] {dag.py:4180} INFO - Setting next_dagrun for example_branch_labels to 2024-11-10 00:00:00+00:00, run_after=2024-11-11 00:00:00+00:00
[2024-11-11T06:59:38.345+0000] {processor.py:208} INFO - Processing /home/airflow/.local/lib/python3.12/site-packages/airflow/example_dags/example_branch_labels.py took 0.178 seconds
[2024-11-11T07:00:09.407+0000] {processor.py:186} INFO - Started process (PID=1527) to work on /home/airflow/.local/lib/python3.12/site-packages/airflow/example_dags/example_branch_labels.py
[2024-11-11T07:00:09.409+0000] {processor.py:914} INFO - Processing file /home/airflow/.local/lib/python3.12/site-packages/airflow/example_dags/example_branch_labels.py for tasks to queue
[2024-11-11T07:00:09.417+0000] {logging_mixin.py:190} INFO - [2024-11-11T07:00:09.416+0000] {dagbag.py:588} INFO - Filling up the DagBag from /home/airflow/.local/lib/python3.12/site-packages/airflow/example_dags/example_branch_labels.py
[2024-11-11T07:00:09.440+0000] {processor.py:925} INFO - DAG(s) 'example_branch_labels' retrieved from /home/airflow/.local/lib/python3.12/site-packages/airflow/example_dags/example_branch_labels.py
[2024-11-11T07:00:09.501+0000] {logging_mixin.py:190} INFO - [2024-11-11T07:00:09.499+0000] {dag.py:3239} INFO - Sync 1 DAGs
[2024-11-11T07:00:09.586+0000] {logging_mixin.py:190} INFO - [2024-11-11T07:00:09.581+0000] {dag.py:4180} INFO - Setting next_dagrun for example_branch_labels to 2024-11-10 00:00:00+00:00, run_after=2024-11-11 00:00:00+00:00
[2024-11-11T07:00:09.676+0000] {processor.py:208} INFO - Processing /home/airflow/.local/lib/python3.12/site-packages/airflow/example_dags/example_branch_labels.py took 0.284 seconds
[2024-11-11T07:00:40.135+0000] {processor.py:186} INFO - Started process (PID=1591) to work on /home/airflow/.local/lib/python3.12/site-packages/airflow/example_dags/example_branch_labels.py
[2024-11-11T07:00:40.137+0000] {processor.py:914} INFO - Processing file /home/airflow/.local/lib/python3.12/site-packages/airflow/example_dags/example_branch_labels.py for tasks to queue
[2024-11-11T07:00:40.143+0000] {logging_mixin.py:190} INFO - [2024-11-11T07:00:40.143+0000] {dagbag.py:588} INFO - Filling up the DagBag from /home/airflow/.local/lib/python3.12/site-packages/airflow/example_dags/example_branch_labels.py
[2024-11-11T07:00:40.163+0000] {processor.py:925} INFO - DAG(s) 'example_branch_labels' retrieved from /home/airflow/.local/lib/python3.12/site-packages/airflow/example_dags/example_branch_labels.py
[2024-11-11T07:00:40.203+0000] {logging_mixin.py:190} INFO - [2024-11-11T07:00:40.202+0000] {dag.py:3239} INFO - Sync 1 DAGs
[2024-11-11T07:00:40.237+0000] {logging_mixin.py:190} INFO - [2024-11-11T07:00:40.237+0000] {dag.py:4180} INFO - Setting next_dagrun for example_branch_labels to 2024-11-10 00:00:00+00:00, run_after=2024-11-11 00:00:00+00:00
[2024-11-11T07:00:40.264+0000] {processor.py:208} INFO - Processing /home/airflow/.local/lib/python3.12/site-packages/airflow/example_dags/example_branch_labels.py took 0.144 seconds
[2024-11-11T07:01:10.729+0000] {processor.py:186} INFO - Started process (PID=1655) to work on /home/airflow/.local/lib/python3.12/site-packages/airflow/example_dags/example_branch_labels.py
[2024-11-11T07:01:10.731+0000] {processor.py:914} INFO - Processing file /home/airflow/.local/lib/python3.12/site-packages/airflow/example_dags/example_branch_labels.py for tasks to queue
[2024-11-11T07:01:10.735+0000] {logging_mixin.py:190} INFO - [2024-11-11T07:01:10.734+0000] {dagbag.py:588} INFO - Filling up the DagBag from /home/airflow/.local/lib/python3.12/site-packages/airflow/example_dags/example_branch_labels.py
[2024-11-11T07:01:10.754+0000] {processor.py:925} INFO - DAG(s) 'example_branch_labels' retrieved from /home/airflow/.local/lib/python3.12/site-packages/airflow/example_dags/example_branch_labels.py
[2024-11-11T07:01:10.793+0000] {logging_mixin.py:190} INFO - [2024-11-11T07:01:10.793+0000] {dag.py:3239} INFO - Sync 1 DAGs
[2024-11-11T07:01:10.830+0000] {logging_mixin.py:190} INFO - [2024-11-11T07:01:10.830+0000] {dag.py:4180} INFO - Setting next_dagrun for example_branch_labels to 2024-11-10 00:00:00+00:00, run_after=2024-11-11 00:00:00+00:00
[2024-11-11T07:01:10.886+0000] {processor.py:208} INFO - Processing /home/airflow/.local/lib/python3.12/site-packages/airflow/example_dags/example_branch_labels.py took 0.167 seconds
[2024-11-11T07:01:41.551+0000] {processor.py:186} INFO - Started process (PID=1718) to work on /home/airflow/.local/lib/python3.12/site-packages/airflow/example_dags/example_branch_labels.py
[2024-11-11T07:01:41.553+0000] {processor.py:914} INFO - Processing file /home/airflow/.local/lib/python3.12/site-packages/airflow/example_dags/example_branch_labels.py for tasks to queue
[2024-11-11T07:01:41.558+0000] {logging_mixin.py:190} INFO - [2024-11-11T07:01:41.558+0000] {dagbag.py:588} INFO - Filling up the DagBag from /home/airflow/.local/lib/python3.12/site-packages/airflow/example_dags/example_branch_labels.py
[2024-11-11T07:01:41.571+0000] {processor.py:925} INFO - DAG(s) 'example_branch_labels' retrieved from /home/airflow/.local/lib/python3.12/site-packages/airflow/example_dags/example_branch_labels.py
[2024-11-11T07:01:41.601+0000] {logging_mixin.py:190} INFO - [2024-11-11T07:01:41.600+0000] {dag.py:3239} INFO - Sync 1 DAGs
[2024-11-11T07:01:41.633+0000] {logging_mixin.py:190} INFO - [2024-11-11T07:01:41.632+0000] {dag.py:4180} INFO - Setting next_dagrun for example_branch_labels to 2024-11-10 00:00:00+00:00, run_after=2024-11-11 00:00:00+00:00
[2024-11-11T07:01:41.661+0000] {processor.py:208} INFO - Processing /home/airflow/.local/lib/python3.12/site-packages/airflow/example_dags/example_branch_labels.py took 0.119 seconds
[2024-11-11T07:02:12.147+0000] {processor.py:186} INFO - Started process (PID=1782) to work on /home/airflow/.local/lib/python3.12/site-packages/airflow/example_dags/example_branch_labels.py
[2024-11-11T07:02:12.150+0000] {processor.py:914} INFO - Processing file /home/airflow/.local/lib/python3.12/site-packages/airflow/example_dags/example_branch_labels.py for tasks to queue
[2024-11-11T07:02:12.155+0000] {logging_mixin.py:190} INFO - [2024-11-11T07:02:12.155+0000] {dagbag.py:588} INFO - Filling up the DagBag from /home/airflow/.local/lib/python3.12/site-packages/airflow/example_dags/example_branch_labels.py
[2024-11-11T07:02:12.172+0000] {processor.py:925} INFO - DAG(s) 'example_branch_labels' retrieved from /home/airflow/.local/lib/python3.12/site-packages/airflow/example_dags/example_branch_labels.py
[2024-11-11T07:02:12.214+0000] {logging_mixin.py:190} INFO - [2024-11-11T07:02:12.214+0000] {dag.py:3239} INFO - Sync 1 DAGs
[2024-11-11T07:02:12.250+0000] {logging_mixin.py:190} INFO - [2024-11-11T07:02:12.250+0000] {dag.py:4180} INFO - Setting next_dagrun for example_branch_labels to 2024-11-10 00:00:00+00:00, run_after=2024-11-11 00:00:00+00:00
[2024-11-11T07:02:12.279+0000] {processor.py:208} INFO - Processing /home/airflow/.local/lib/python3.12/site-packages/airflow/example_dags/example_branch_labels.py took 0.143 seconds
[2024-11-11T07:02:42.549+0000] {processor.py:186} INFO - Started process (PID=1845) to work on /home/airflow/.local/lib/python3.12/site-packages/airflow/example_dags/example_branch_labels.py
[2024-11-11T07:02:42.551+0000] {processor.py:914} INFO - Processing file /home/airflow/.local/lib/python3.12/site-packages/airflow/example_dags/example_branch_labels.py for tasks to queue
[2024-11-11T07:02:42.554+0000] {logging_mixin.py:190} INFO - [2024-11-11T07:02:42.554+0000] {dagbag.py:588} INFO - Filling up the DagBag from /home/airflow/.local/lib/python3.12/site-packages/airflow/example_dags/example_branch_labels.py
[2024-11-11T07:02:42.569+0000] {processor.py:925} INFO - DAG(s) 'example_branch_labels' retrieved from /home/airflow/.local/lib/python3.12/site-packages/airflow/example_dags/example_branch_labels.py
[2024-11-11T07:02:42.612+0000] {logging_mixin.py:190} INFO - [2024-11-11T07:02:42.611+0000] {dag.py:3239} INFO - Sync 1 DAGs
[2024-11-11T07:02:42.668+0000] {logging_mixin.py:190} INFO - [2024-11-11T07:02:42.667+0000] {dag.py:4180} INFO - Setting next_dagrun for example_branch_labels to 2024-11-10 00:00:00+00:00, run_after=2024-11-11 00:00:00+00:00
[2024-11-11T07:02:42.718+0000] {processor.py:208} INFO - Processing /home/airflow/.local/lib/python3.12/site-packages/airflow/example_dags/example_branch_labels.py took 0.178 seconds
[2024-11-11T07:03:13.710+0000] {processor.py:186} INFO - Started process (PID=1908) to work on /home/airflow/.local/lib/python3.12/site-packages/airflow/example_dags/example_branch_labels.py
[2024-11-11T07:03:13.723+0000] {processor.py:914} INFO - Processing file /home/airflow/.local/lib/python3.12/site-packages/airflow/example_dags/example_branch_labels.py for tasks to queue
[2024-11-11T07:03:13.732+0000] {logging_mixin.py:190} INFO - [2024-11-11T07:03:13.731+0000] {dagbag.py:588} INFO - Filling up the DagBag from /home/airflow/.local/lib/python3.12/site-packages/airflow/example_dags/example_branch_labels.py
[2024-11-11T07:03:13.799+0000] {processor.py:925} INFO - DAG(s) 'example_branch_labels' retrieved from /home/airflow/.local/lib/python3.12/site-packages/airflow/example_dags/example_branch_labels.py
[2024-11-11T07:03:13.882+0000] {logging_mixin.py:190} INFO - [2024-11-11T07:03:13.881+0000] {dag.py:3239} INFO - Sync 1 DAGs
[2024-11-11T07:03:13.969+0000] {logging_mixin.py:190} INFO - [2024-11-11T07:03:13.968+0000] {dag.py:4180} INFO - Setting next_dagrun for example_branch_labels to 2024-11-10 00:00:00+00:00, run_after=2024-11-11 00:00:00+00:00
[2024-11-11T07:03:14.079+0000] {processor.py:208} INFO - Processing /home/airflow/.local/lib/python3.12/site-packages/airflow/example_dags/example_branch_labels.py took 0.446 seconds
[2024-11-11T07:03:44.868+0000] {processor.py:186} INFO - Started process (PID=1972) to work on /home/airflow/.local/lib/python3.12/site-packages/airflow/example_dags/example_branch_labels.py
[2024-11-11T07:03:44.874+0000] {processor.py:914} INFO - Processing file /home/airflow/.local/lib/python3.12/site-packages/airflow/example_dags/example_branch_labels.py for tasks to queue
[2024-11-11T07:03:44.883+0000] {logging_mixin.py:190} INFO - [2024-11-11T07:03:44.883+0000] {dagbag.py:588} INFO - Filling up the DagBag from /home/airflow/.local/lib/python3.12/site-packages/airflow/example_dags/example_branch_labels.py
[2024-11-11T07:03:44.917+0000] {processor.py:925} INFO - DAG(s) 'example_branch_labels' retrieved from /home/airflow/.local/lib/python3.12/site-packages/airflow/example_dags/example_branch_labels.py
[2024-11-11T07:03:44.983+0000] {logging_mixin.py:190} INFO - [2024-11-11T07:03:44.982+0000] {dag.py:3239} INFO - Sync 1 DAGs
[2024-11-11T07:03:45.050+0000] {logging_mixin.py:190} INFO - [2024-11-11T07:03:45.049+0000] {dag.py:4180} INFO - Setting next_dagrun for example_branch_labels to 2024-11-10 00:00:00+00:00, run_after=2024-11-11 00:00:00+00:00
[2024-11-11T07:03:45.120+0000] {processor.py:208} INFO - Processing /home/airflow/.local/lib/python3.12/site-packages/airflow/example_dags/example_branch_labels.py took 0.271 seconds
