[2024-11-11T06:48:27.741+0000] {processor.py:186} INFO - Started process (PID=72) to work on /home/airflow/.local/lib/python3.12/site-packages/airflow/example_dags/example_latest_only.py
[2024-11-11T06:48:27.743+0000] {processor.py:914} INFO - Processing file /home/airflow/.local/lib/python3.12/site-packages/airflow/example_dags/example_latest_only.py for tasks to queue
[2024-11-11T06:48:27.747+0000] {logging_mixin.py:190} INFO - [2024-11-11T06:48:27.746+0000] {dagbag.py:588} INFO - Filling up the DagBag from /home/airflow/.local/lib/python3.12/site-packages/airflow/example_dags/example_latest_only.py
[2024-11-11T06:48:27.759+0000] {processor.py:925} INFO - DAG(s) 'latest_only' retrieved from /home/airflow/.local/lib/python3.12/site-packages/airflow/example_dags/example_latest_only.py
[2024-11-11T06:48:27.909+0000] {logging_mixin.py:190} INFO - [2024-11-11T06:48:27.908+0000] {override.py:1911} INFO - Created Permission View: can read on DAG:latest_only
[2024-11-11T06:48:27.938+0000] {logging_mixin.py:190} INFO - [2024-11-11T06:48:27.938+0000] {override.py:1911} INFO - Created Permission View: can delete on DAG:latest_only
[2024-11-11T06:48:27.949+0000] {logging_mixin.py:190} INFO - [2024-11-11T06:48:27.949+0000] {override.py:1911} INFO - Created Permission View: can edit on DAG:latest_only
[2024-11-11T06:48:27.963+0000] {logging_mixin.py:190} INFO - [2024-11-11T06:48:27.963+0000] {override.py:1911} INFO - Created Permission View: menu access on DAG Run:latest_only
[2024-11-11T06:48:27.976+0000] {logging_mixin.py:190} INFO - [2024-11-11T06:48:27.976+0000] {override.py:1911} INFO - Created Permission View: can read on DAG Run:latest_only
[2024-11-11T06:48:27.988+0000] {logging_mixin.py:190} INFO - [2024-11-11T06:48:27.987+0000] {override.py:1911} INFO - Created Permission View: can delete on DAG Run:latest_only
[2024-11-11T06:48:27.999+0000] {logging_mixin.py:190} INFO - [2024-11-11T06:48:27.998+0000] {override.py:1911} INFO - Created Permission View: can create on DAG Run:latest_only
[2024-11-11T06:48:28.000+0000] {logging_mixin.py:190} INFO - [2024-11-11T06:48:28.000+0000] {dag.py:3239} INFO - Sync 1 DAGs
[2024-11-11T06:48:28.015+0000] {logging_mixin.py:190} INFO - [2024-11-11T06:48:28.015+0000] {dag.py:3262} INFO - Creating ORM DAG for latest_only
[2024-11-11T06:48:28.030+0000] {logging_mixin.py:190} INFO - [2024-11-11T06:48:28.030+0000] {dag.py:4180} INFO - Setting next_dagrun for latest_only to 2024-11-11 00:00:00+00:00, run_after=2024-11-11 04:00:00+00:00
[2024-11-11T06:48:28.057+0000] {processor.py:208} INFO - Processing /home/airflow/.local/lib/python3.12/site-packages/airflow/example_dags/example_latest_only.py took 0.326 seconds
[2024-11-11T06:48:59.286+0000] {processor.py:186} INFO - Started process (PID=136) to work on /home/airflow/.local/lib/python3.12/site-packages/airflow/example_dags/example_latest_only.py
[2024-11-11T06:48:59.288+0000] {processor.py:914} INFO - Processing file /home/airflow/.local/lib/python3.12/site-packages/airflow/example_dags/example_latest_only.py for tasks to queue
[2024-11-11T06:48:59.292+0000] {logging_mixin.py:190} INFO - [2024-11-11T06:48:59.292+0000] {dagbag.py:588} INFO - Filling up the DagBag from /home/airflow/.local/lib/python3.12/site-packages/airflow/example_dags/example_latest_only.py
[2024-11-11T06:48:59.305+0000] {processor.py:925} INFO - DAG(s) 'latest_only' retrieved from /home/airflow/.local/lib/python3.12/site-packages/airflow/example_dags/example_latest_only.py
[2024-11-11T06:48:59.338+0000] {logging_mixin.py:190} INFO - [2024-11-11T06:48:59.338+0000] {dag.py:3239} INFO - Sync 1 DAGs
[2024-11-11T06:48:59.372+0000] {logging_mixin.py:190} INFO - [2024-11-11T06:48:59.372+0000] {dag.py:4180} INFO - Setting next_dagrun for latest_only to 2024-11-11 00:00:00+00:00, run_after=2024-11-11 04:00:00+00:00
[2024-11-11T06:48:59.404+0000] {processor.py:208} INFO - Processing /home/airflow/.local/lib/python3.12/site-packages/airflow/example_dags/example_latest_only.py took 0.126 seconds
[2024-11-11T06:49:30.163+0000] {processor.py:186} INFO - Started process (PID=200) to work on /home/airflow/.local/lib/python3.12/site-packages/airflow/example_dags/example_latest_only.py
[2024-11-11T06:49:30.165+0000] {processor.py:914} INFO - Processing file /home/airflow/.local/lib/python3.12/site-packages/airflow/example_dags/example_latest_only.py for tasks to queue
[2024-11-11T06:49:30.169+0000] {logging_mixin.py:190} INFO - [2024-11-11T06:49:30.168+0000] {dagbag.py:588} INFO - Filling up the DagBag from /home/airflow/.local/lib/python3.12/site-packages/airflow/example_dags/example_latest_only.py
[2024-11-11T06:49:30.184+0000] {processor.py:925} INFO - DAG(s) 'latest_only' retrieved from /home/airflow/.local/lib/python3.12/site-packages/airflow/example_dags/example_latest_only.py
[2024-11-11T06:49:30.241+0000] {logging_mixin.py:190} INFO - [2024-11-11T06:49:30.240+0000] {dag.py:3239} INFO - Sync 1 DAGs
[2024-11-11T06:49:30.320+0000] {logging_mixin.py:190} INFO - [2024-11-11T06:49:30.320+0000] {dag.py:4180} INFO - Setting next_dagrun for latest_only to 2024-11-11 00:00:00+00:00, run_after=2024-11-11 04:00:00+00:00
[2024-11-11T06:49:30.377+0000] {processor.py:208} INFO - Processing /home/airflow/.local/lib/python3.12/site-packages/airflow/example_dags/example_latest_only.py took 0.222 seconds
[2024-11-11T06:50:02.291+0000] {processor.py:186} INFO - Started process (PID=264) to work on /home/airflow/.local/lib/python3.12/site-packages/airflow/example_dags/example_latest_only.py
[2024-11-11T06:50:02.295+0000] {processor.py:914} INFO - Processing file /home/airflow/.local/lib/python3.12/site-packages/airflow/example_dags/example_latest_only.py for tasks to queue
[2024-11-11T06:50:02.301+0000] {logging_mixin.py:190} INFO - [2024-11-11T06:50:02.301+0000] {dagbag.py:588} INFO - Filling up the DagBag from /home/airflow/.local/lib/python3.12/site-packages/airflow/example_dags/example_latest_only.py
[2024-11-11T06:50:02.326+0000] {processor.py:925} INFO - DAG(s) 'latest_only' retrieved from /home/airflow/.local/lib/python3.12/site-packages/airflow/example_dags/example_latest_only.py
[2024-11-11T06:50:02.384+0000] {logging_mixin.py:190} INFO - [2024-11-11T06:50:02.383+0000] {dag.py:3239} INFO - Sync 1 DAGs
[2024-11-11T06:50:02.442+0000] {logging_mixin.py:190} INFO - [2024-11-11T06:50:02.442+0000] {dag.py:4180} INFO - Setting next_dagrun for latest_only to 2024-11-11 00:00:00+00:00, run_after=2024-11-11 04:00:00+00:00
[2024-11-11T06:50:02.490+0000] {processor.py:208} INFO - Processing /home/airflow/.local/lib/python3.12/site-packages/airflow/example_dags/example_latest_only.py took 0.217 seconds
[2024-11-11T06:50:33.327+0000] {processor.py:186} INFO - Started process (PID=328) to work on /home/airflow/.local/lib/python3.12/site-packages/airflow/example_dags/example_latest_only.py
[2024-11-11T06:50:33.328+0000] {processor.py:914} INFO - Processing file /home/airflow/.local/lib/python3.12/site-packages/airflow/example_dags/example_latest_only.py for tasks to queue
[2024-11-11T06:50:33.334+0000] {logging_mixin.py:190} INFO - [2024-11-11T06:50:33.333+0000] {dagbag.py:588} INFO - Filling up the DagBag from /home/airflow/.local/lib/python3.12/site-packages/airflow/example_dags/example_latest_only.py
[2024-11-11T06:50:33.366+0000] {processor.py:925} INFO - DAG(s) 'latest_only' retrieved from /home/airflow/.local/lib/python3.12/site-packages/airflow/example_dags/example_latest_only.py
[2024-11-11T06:50:33.428+0000] {logging_mixin.py:190} INFO - [2024-11-11T06:50:33.427+0000] {dag.py:3239} INFO - Sync 1 DAGs
[2024-11-11T06:50:33.478+0000] {logging_mixin.py:190} INFO - [2024-11-11T06:50:33.478+0000] {dag.py:4180} INFO - Setting next_dagrun for latest_only to 2024-11-11 00:00:00+00:00, run_after=2024-11-11 04:00:00+00:00
[2024-11-11T06:50:33.525+0000] {processor.py:208} INFO - Processing /home/airflow/.local/lib/python3.12/site-packages/airflow/example_dags/example_latest_only.py took 0.214 seconds
[2024-11-11T06:51:04.367+0000] {processor.py:186} INFO - Started process (PID=392) to work on /home/airflow/.local/lib/python3.12/site-packages/airflow/example_dags/example_latest_only.py
[2024-11-11T06:51:04.369+0000] {processor.py:914} INFO - Processing file /home/airflow/.local/lib/python3.12/site-packages/airflow/example_dags/example_latest_only.py for tasks to queue
[2024-11-11T06:51:04.373+0000] {logging_mixin.py:190} INFO - [2024-11-11T06:51:04.373+0000] {dagbag.py:588} INFO - Filling up the DagBag from /home/airflow/.local/lib/python3.12/site-packages/airflow/example_dags/example_latest_only.py
[2024-11-11T06:51:04.385+0000] {processor.py:925} INFO - DAG(s) 'latest_only' retrieved from /home/airflow/.local/lib/python3.12/site-packages/airflow/example_dags/example_latest_only.py
[2024-11-11T06:51:04.419+0000] {logging_mixin.py:190} INFO - [2024-11-11T06:51:04.419+0000] {dag.py:3239} INFO - Sync 1 DAGs
[2024-11-11T06:51:04.453+0000] {logging_mixin.py:190} INFO - [2024-11-11T06:51:04.452+0000] {dag.py:4180} INFO - Setting next_dagrun for latest_only to 2024-11-11 00:00:00+00:00, run_after=2024-11-11 04:00:00+00:00
[2024-11-11T06:51:04.488+0000] {processor.py:208} INFO - Processing /home/airflow/.local/lib/python3.12/site-packages/airflow/example_dags/example_latest_only.py took 0.132 seconds
[2024-11-11T06:51:35.299+0000] {processor.py:186} INFO - Started process (PID=455) to work on /home/airflow/.local/lib/python3.12/site-packages/airflow/example_dags/example_latest_only.py
[2024-11-11T06:51:35.301+0000] {processor.py:914} INFO - Processing file /home/airflow/.local/lib/python3.12/site-packages/airflow/example_dags/example_latest_only.py for tasks to queue
[2024-11-11T06:51:35.306+0000] {logging_mixin.py:190} INFO - [2024-11-11T06:51:35.305+0000] {dagbag.py:588} INFO - Filling up the DagBag from /home/airflow/.local/lib/python3.12/site-packages/airflow/example_dags/example_latest_only.py
[2024-11-11T06:51:35.325+0000] {processor.py:925} INFO - DAG(s) 'latest_only' retrieved from /home/airflow/.local/lib/python3.12/site-packages/airflow/example_dags/example_latest_only.py
[2024-11-11T06:51:35.364+0000] {logging_mixin.py:190} INFO - [2024-11-11T06:51:35.363+0000] {dag.py:3239} INFO - Sync 1 DAGs
[2024-11-11T06:51:35.412+0000] {logging_mixin.py:190} INFO - [2024-11-11T06:51:35.412+0000] {dag.py:4180} INFO - Setting next_dagrun for latest_only to 2024-11-11 00:00:00+00:00, run_after=2024-11-11 04:00:00+00:00
[2024-11-11T06:51:35.451+0000] {processor.py:208} INFO - Processing /home/airflow/.local/lib/python3.12/site-packages/airflow/example_dags/example_latest_only.py took 0.165 seconds
[2024-11-11T06:52:06.683+0000] {processor.py:186} INFO - Started process (PID=519) to work on /home/airflow/.local/lib/python3.12/site-packages/airflow/example_dags/example_latest_only.py
[2024-11-11T06:52:06.694+0000] {processor.py:914} INFO - Processing file /home/airflow/.local/lib/python3.12/site-packages/airflow/example_dags/example_latest_only.py for tasks to queue
[2024-11-11T06:52:06.719+0000] {logging_mixin.py:190} INFO - [2024-11-11T06:52:06.716+0000] {dagbag.py:588} INFO - Filling up the DagBag from /home/airflow/.local/lib/python3.12/site-packages/airflow/example_dags/example_latest_only.py
[2024-11-11T06:52:06.764+0000] {processor.py:925} INFO - DAG(s) 'latest_only' retrieved from /home/airflow/.local/lib/python3.12/site-packages/airflow/example_dags/example_latest_only.py
[2024-11-11T06:52:06.806+0000] {logging_mixin.py:190} INFO - [2024-11-11T06:52:06.806+0000] {dag.py:3239} INFO - Sync 1 DAGs
[2024-11-11T06:52:06.846+0000] {logging_mixin.py:190} INFO - [2024-11-11T06:52:06.846+0000] {dag.py:4180} INFO - Setting next_dagrun for latest_only to 2024-11-11 00:00:00+00:00, run_after=2024-11-11 04:00:00+00:00
[2024-11-11T06:52:06.882+0000] {processor.py:208} INFO - Processing /home/airflow/.local/lib/python3.12/site-packages/airflow/example_dags/example_latest_only.py took 0.250 seconds
[2024-11-11T06:52:37.315+0000] {processor.py:186} INFO - Started process (PID=582) to work on /home/airflow/.local/lib/python3.12/site-packages/airflow/example_dags/example_latest_only.py
[2024-11-11T06:52:37.318+0000] {processor.py:914} INFO - Processing file /home/airflow/.local/lib/python3.12/site-packages/airflow/example_dags/example_latest_only.py for tasks to queue
[2024-11-11T06:52:37.325+0000] {logging_mixin.py:190} INFO - [2024-11-11T06:52:37.323+0000] {dagbag.py:588} INFO - Filling up the DagBag from /home/airflow/.local/lib/python3.12/site-packages/airflow/example_dags/example_latest_only.py
[2024-11-11T06:52:37.338+0000] {processor.py:925} INFO - DAG(s) 'latest_only' retrieved from /home/airflow/.local/lib/python3.12/site-packages/airflow/example_dags/example_latest_only.py
[2024-11-11T06:52:37.407+0000] {logging_mixin.py:190} INFO - [2024-11-11T06:52:37.405+0000] {dag.py:3239} INFO - Sync 1 DAGs
[2024-11-11T06:52:37.470+0000] {logging_mixin.py:190} INFO - [2024-11-11T06:52:37.470+0000] {dag.py:4180} INFO - Setting next_dagrun for latest_only to 2024-11-11 00:00:00+00:00, run_after=2024-11-11 04:00:00+00:00
[2024-11-11T06:52:37.518+0000] {processor.py:208} INFO - Processing /home/airflow/.local/lib/python3.12/site-packages/airflow/example_dags/example_latest_only.py took 0.218 seconds
[2024-11-11T06:53:07.761+0000] {processor.py:186} INFO - Started process (PID=646) to work on /home/airflow/.local/lib/python3.12/site-packages/airflow/example_dags/example_latest_only.py
[2024-11-11T06:53:07.763+0000] {processor.py:914} INFO - Processing file /home/airflow/.local/lib/python3.12/site-packages/airflow/example_dags/example_latest_only.py for tasks to queue
[2024-11-11T06:53:07.767+0000] {logging_mixin.py:190} INFO - [2024-11-11T06:53:07.766+0000] {dagbag.py:588} INFO - Filling up the DagBag from /home/airflow/.local/lib/python3.12/site-packages/airflow/example_dags/example_latest_only.py
[2024-11-11T06:53:07.776+0000] {processor.py:925} INFO - DAG(s) 'latest_only' retrieved from /home/airflow/.local/lib/python3.12/site-packages/airflow/example_dags/example_latest_only.py
[2024-11-11T06:53:07.803+0000] {logging_mixin.py:190} INFO - [2024-11-11T06:53:07.802+0000] {dag.py:3239} INFO - Sync 1 DAGs
[2024-11-11T06:53:07.841+0000] {logging_mixin.py:190} INFO - [2024-11-11T06:53:07.840+0000] {dag.py:4180} INFO - Setting next_dagrun for latest_only to 2024-11-11 00:00:00+00:00, run_after=2024-11-11 04:00:00+00:00
[2024-11-11T06:53:07.877+0000] {processor.py:208} INFO - Processing /home/airflow/.local/lib/python3.12/site-packages/airflow/example_dags/example_latest_only.py took 0.124 seconds
[2024-11-11T06:53:38.299+0000] {processor.py:186} INFO - Started process (PID=709) to work on /home/airflow/.local/lib/python3.12/site-packages/airflow/example_dags/example_latest_only.py
[2024-11-11T06:53:38.301+0000] {processor.py:914} INFO - Processing file /home/airflow/.local/lib/python3.12/site-packages/airflow/example_dags/example_latest_only.py for tasks to queue
[2024-11-11T06:53:38.306+0000] {logging_mixin.py:190} INFO - [2024-11-11T06:53:38.305+0000] {dagbag.py:588} INFO - Filling up the DagBag from /home/airflow/.local/lib/python3.12/site-packages/airflow/example_dags/example_latest_only.py
[2024-11-11T06:53:38.317+0000] {processor.py:925} INFO - DAG(s) 'latest_only' retrieved from /home/airflow/.local/lib/python3.12/site-packages/airflow/example_dags/example_latest_only.py
[2024-11-11T06:53:38.353+0000] {logging_mixin.py:190} INFO - [2024-11-11T06:53:38.353+0000] {dag.py:3239} INFO - Sync 1 DAGs
[2024-11-11T06:53:38.395+0000] {logging_mixin.py:190} INFO - [2024-11-11T06:53:38.395+0000] {dag.py:4180} INFO - Setting next_dagrun for latest_only to 2024-11-11 00:00:00+00:00, run_after=2024-11-11 04:00:00+00:00
[2024-11-11T06:53:38.430+0000] {processor.py:208} INFO - Processing /home/airflow/.local/lib/python3.12/site-packages/airflow/example_dags/example_latest_only.py took 0.141 seconds
[2024-11-11T06:54:08.928+0000] {processor.py:186} INFO - Started process (PID=772) to work on /home/airflow/.local/lib/python3.12/site-packages/airflow/example_dags/example_latest_only.py
[2024-11-11T06:54:08.929+0000] {processor.py:914} INFO - Processing file /home/airflow/.local/lib/python3.12/site-packages/airflow/example_dags/example_latest_only.py for tasks to queue
[2024-11-11T06:54:08.935+0000] {logging_mixin.py:190} INFO - [2024-11-11T06:54:08.934+0000] {dagbag.py:588} INFO - Filling up the DagBag from /home/airflow/.local/lib/python3.12/site-packages/airflow/example_dags/example_latest_only.py
[2024-11-11T06:54:08.950+0000] {processor.py:925} INFO - DAG(s) 'latest_only' retrieved from /home/airflow/.local/lib/python3.12/site-packages/airflow/example_dags/example_latest_only.py
[2024-11-11T06:54:08.995+0000] {logging_mixin.py:190} INFO - [2024-11-11T06:54:08.994+0000] {dag.py:3239} INFO - Sync 1 DAGs
[2024-11-11T06:54:09.048+0000] {logging_mixin.py:190} INFO - [2024-11-11T06:54:09.048+0000] {dag.py:4180} INFO - Setting next_dagrun for latest_only to 2024-11-11 00:00:00+00:00, run_after=2024-11-11 04:00:00+00:00
[2024-11-11T06:54:09.098+0000] {processor.py:208} INFO - Processing /home/airflow/.local/lib/python3.12/site-packages/airflow/example_dags/example_latest_only.py took 0.181 seconds
[2024-11-11T06:54:39.353+0000] {processor.py:186} INFO - Started process (PID=835) to work on /home/airflow/.local/lib/python3.12/site-packages/airflow/example_dags/example_latest_only.py
[2024-11-11T06:54:39.355+0000] {processor.py:914} INFO - Processing file /home/airflow/.local/lib/python3.12/site-packages/airflow/example_dags/example_latest_only.py for tasks to queue
[2024-11-11T06:54:39.359+0000] {logging_mixin.py:190} INFO - [2024-11-11T06:54:39.359+0000] {dagbag.py:588} INFO - Filling up the DagBag from /home/airflow/.local/lib/python3.12/site-packages/airflow/example_dags/example_latest_only.py
[2024-11-11T06:54:39.376+0000] {processor.py:925} INFO - DAG(s) 'latest_only' retrieved from /home/airflow/.local/lib/python3.12/site-packages/airflow/example_dags/example_latest_only.py
[2024-11-11T06:54:39.415+0000] {logging_mixin.py:190} INFO - [2024-11-11T06:54:39.415+0000] {dag.py:3239} INFO - Sync 1 DAGs
[2024-11-11T06:54:39.453+0000] {logging_mixin.py:190} INFO - [2024-11-11T06:54:39.453+0000] {dag.py:4180} INFO - Setting next_dagrun for latest_only to 2024-11-11 00:00:00+00:00, run_after=2024-11-11 04:00:00+00:00
[2024-11-11T06:54:39.501+0000] {processor.py:208} INFO - Processing /home/airflow/.local/lib/python3.12/site-packages/airflow/example_dags/example_latest_only.py took 0.155 seconds
[2024-11-11T06:55:09.766+0000] {processor.py:186} INFO - Started process (PID=899) to work on /home/airflow/.local/lib/python3.12/site-packages/airflow/example_dags/example_latest_only.py
[2024-11-11T06:55:09.768+0000] {processor.py:914} INFO - Processing file /home/airflow/.local/lib/python3.12/site-packages/airflow/example_dags/example_latest_only.py for tasks to queue
[2024-11-11T06:55:09.772+0000] {logging_mixin.py:190} INFO - [2024-11-11T06:55:09.772+0000] {dagbag.py:588} INFO - Filling up the DagBag from /home/airflow/.local/lib/python3.12/site-packages/airflow/example_dags/example_latest_only.py
[2024-11-11T06:55:09.784+0000] {processor.py:925} INFO - DAG(s) 'latest_only' retrieved from /home/airflow/.local/lib/python3.12/site-packages/airflow/example_dags/example_latest_only.py
[2024-11-11T06:55:09.822+0000] {logging_mixin.py:190} INFO - [2024-11-11T06:55:09.821+0000] {dag.py:3239} INFO - Sync 1 DAGs
[2024-11-11T06:55:09.872+0000] {logging_mixin.py:190} INFO - [2024-11-11T06:55:09.871+0000] {dag.py:4180} INFO - Setting next_dagrun for latest_only to 2024-11-11 00:00:00+00:00, run_after=2024-11-11 04:00:00+00:00
[2024-11-11T06:55:09.899+0000] {processor.py:208} INFO - Processing /home/airflow/.local/lib/python3.12/site-packages/airflow/example_dags/example_latest_only.py took 0.148 seconds
[2024-11-11T06:55:40.716+0000] {processor.py:186} INFO - Started process (PID=963) to work on /home/airflow/.local/lib/python3.12/site-packages/airflow/example_dags/example_latest_only.py
[2024-11-11T06:55:40.718+0000] {processor.py:914} INFO - Processing file /home/airflow/.local/lib/python3.12/site-packages/airflow/example_dags/example_latest_only.py for tasks to queue
[2024-11-11T06:55:40.723+0000] {logging_mixin.py:190} INFO - [2024-11-11T06:55:40.722+0000] {dagbag.py:588} INFO - Filling up the DagBag from /home/airflow/.local/lib/python3.12/site-packages/airflow/example_dags/example_latest_only.py
[2024-11-11T06:55:40.734+0000] {processor.py:925} INFO - DAG(s) 'latest_only' retrieved from /home/airflow/.local/lib/python3.12/site-packages/airflow/example_dags/example_latest_only.py
[2024-11-11T06:55:40.774+0000] {logging_mixin.py:190} INFO - [2024-11-11T06:55:40.773+0000] {dag.py:3239} INFO - Sync 1 DAGs
[2024-11-11T06:55:40.818+0000] {logging_mixin.py:190} INFO - [2024-11-11T06:55:40.818+0000] {dag.py:4180} INFO - Setting next_dagrun for latest_only to 2024-11-11 00:00:00+00:00, run_after=2024-11-11 04:00:00+00:00
[2024-11-11T06:55:40.867+0000] {processor.py:208} INFO - Processing /home/airflow/.local/lib/python3.12/site-packages/airflow/example_dags/example_latest_only.py took 0.163 seconds
[2024-11-11T06:56:11.495+0000] {processor.py:186} INFO - Started process (PID=1027) to work on /home/airflow/.local/lib/python3.12/site-packages/airflow/example_dags/example_latest_only.py
[2024-11-11T06:56:11.498+0000] {processor.py:914} INFO - Processing file /home/airflow/.local/lib/python3.12/site-packages/airflow/example_dags/example_latest_only.py for tasks to queue
[2024-11-11T06:56:11.504+0000] {logging_mixin.py:190} INFO - [2024-11-11T06:56:11.503+0000] {dagbag.py:588} INFO - Filling up the DagBag from /home/airflow/.local/lib/python3.12/site-packages/airflow/example_dags/example_latest_only.py
[2024-11-11T06:56:11.519+0000] {processor.py:925} INFO - DAG(s) 'latest_only' retrieved from /home/airflow/.local/lib/python3.12/site-packages/airflow/example_dags/example_latest_only.py
[2024-11-11T06:56:11.570+0000] {logging_mixin.py:190} INFO - [2024-11-11T06:56:11.569+0000] {dag.py:3239} INFO - Sync 1 DAGs
[2024-11-11T06:56:11.626+0000] {logging_mixin.py:190} INFO - [2024-11-11T06:56:11.625+0000] {dag.py:4180} INFO - Setting next_dagrun for latest_only to 2024-11-11 00:00:00+00:00, run_after=2024-11-11 04:00:00+00:00
[2024-11-11T06:56:11.694+0000] {processor.py:208} INFO - Processing /home/airflow/.local/lib/python3.12/site-packages/airflow/example_dags/example_latest_only.py took 0.212 seconds
[2024-11-11T06:56:42.009+0000] {processor.py:186} INFO - Started process (PID=1091) to work on /home/airflow/.local/lib/python3.12/site-packages/airflow/example_dags/example_latest_only.py
[2024-11-11T06:56:42.011+0000] {processor.py:914} INFO - Processing file /home/airflow/.local/lib/python3.12/site-packages/airflow/example_dags/example_latest_only.py for tasks to queue
[2024-11-11T06:56:42.016+0000] {logging_mixin.py:190} INFO - [2024-11-11T06:56:42.015+0000] {dagbag.py:588} INFO - Filling up the DagBag from /home/airflow/.local/lib/python3.12/site-packages/airflow/example_dags/example_latest_only.py
[2024-11-11T06:56:42.027+0000] {processor.py:925} INFO - DAG(s) 'latest_only' retrieved from /home/airflow/.local/lib/python3.12/site-packages/airflow/example_dags/example_latest_only.py
[2024-11-11T06:56:42.052+0000] {logging_mixin.py:190} INFO - [2024-11-11T06:56:42.052+0000] {dag.py:3239} INFO - Sync 1 DAGs
[2024-11-11T06:56:42.081+0000] {logging_mixin.py:190} INFO - [2024-11-11T06:56:42.081+0000] {dag.py:4180} INFO - Setting next_dagrun for latest_only to 2024-11-11 00:00:00+00:00, run_after=2024-11-11 04:00:00+00:00
[2024-11-11T06:56:42.108+0000] {processor.py:208} INFO - Processing /home/airflow/.local/lib/python3.12/site-packages/airflow/example_dags/example_latest_only.py took 0.107 seconds
[2024-11-11T06:57:12.234+0000] {processor.py:186} INFO - Started process (PID=1155) to work on /home/airflow/.local/lib/python3.12/site-packages/airflow/example_dags/example_latest_only.py
[2024-11-11T06:57:12.235+0000] {processor.py:914} INFO - Processing file /home/airflow/.local/lib/python3.12/site-packages/airflow/example_dags/example_latest_only.py for tasks to queue
[2024-11-11T06:57:12.247+0000] {logging_mixin.py:190} INFO - [2024-11-11T06:57:12.246+0000] {dagbag.py:588} INFO - Filling up the DagBag from /home/airflow/.local/lib/python3.12/site-packages/airflow/example_dags/example_latest_only.py
[2024-11-11T06:57:12.261+0000] {processor.py:925} INFO - DAG(s) 'latest_only' retrieved from /home/airflow/.local/lib/python3.12/site-packages/airflow/example_dags/example_latest_only.py
[2024-11-11T06:57:12.286+0000] {logging_mixin.py:190} INFO - [2024-11-11T06:57:12.286+0000] {dag.py:3239} INFO - Sync 1 DAGs
[2024-11-11T06:57:12.313+0000] {logging_mixin.py:190} INFO - [2024-11-11T06:57:12.313+0000] {dag.py:4180} INFO - Setting next_dagrun for latest_only to 2024-11-11 00:00:00+00:00, run_after=2024-11-11 04:00:00+00:00
[2024-11-11T06:57:12.340+0000] {processor.py:208} INFO - Processing /home/airflow/.local/lib/python3.12/site-packages/airflow/example_dags/example_latest_only.py took 0.113 seconds
[2024-11-11T06:57:43.146+0000] {processor.py:186} INFO - Started process (PID=1219) to work on /home/airflow/.local/lib/python3.12/site-packages/airflow/example_dags/example_latest_only.py
[2024-11-11T06:57:43.148+0000] {processor.py:914} INFO - Processing file /home/airflow/.local/lib/python3.12/site-packages/airflow/example_dags/example_latest_only.py for tasks to queue
[2024-11-11T06:57:43.152+0000] {logging_mixin.py:190} INFO - [2024-11-11T06:57:43.152+0000] {dagbag.py:588} INFO - Filling up the DagBag from /home/airflow/.local/lib/python3.12/site-packages/airflow/example_dags/example_latest_only.py
[2024-11-11T06:57:43.167+0000] {processor.py:925} INFO - DAG(s) 'latest_only' retrieved from /home/airflow/.local/lib/python3.12/site-packages/airflow/example_dags/example_latest_only.py
[2024-11-11T06:57:43.215+0000] {logging_mixin.py:190} INFO - [2024-11-11T06:57:43.214+0000] {dag.py:3239} INFO - Sync 1 DAGs
[2024-11-11T06:57:43.255+0000] {logging_mixin.py:190} INFO - [2024-11-11T06:57:43.254+0000] {dag.py:4180} INFO - Setting next_dagrun for latest_only to 2024-11-11 00:00:00+00:00, run_after=2024-11-11 04:00:00+00:00
[2024-11-11T06:57:43.298+0000] {processor.py:208} INFO - Processing /home/airflow/.local/lib/python3.12/site-packages/airflow/example_dags/example_latest_only.py took 0.160 seconds
[2024-11-11T06:58:13.647+0000] {processor.py:186} INFO - Started process (PID=1283) to work on /home/airflow/.local/lib/python3.12/site-packages/airflow/example_dags/example_latest_only.py
[2024-11-11T06:58:13.649+0000] {processor.py:914} INFO - Processing file /home/airflow/.local/lib/python3.12/site-packages/airflow/example_dags/example_latest_only.py for tasks to queue
[2024-11-11T06:58:13.683+0000] {logging_mixin.py:190} INFO - [2024-11-11T06:58:13.676+0000] {dagbag.py:588} INFO - Filling up the DagBag from /home/airflow/.local/lib/python3.12/site-packages/airflow/example_dags/example_latest_only.py
[2024-11-11T06:58:13.778+0000] {processor.py:925} INFO - DAG(s) 'latest_only' retrieved from /home/airflow/.local/lib/python3.12/site-packages/airflow/example_dags/example_latest_only.py
[2024-11-11T06:58:13.852+0000] {logging_mixin.py:190} INFO - [2024-11-11T06:58:13.851+0000] {dag.py:3239} INFO - Sync 1 DAGs
[2024-11-11T06:58:13.929+0000] {logging_mixin.py:190} INFO - [2024-11-11T06:58:13.928+0000] {dag.py:4180} INFO - Setting next_dagrun for latest_only to 2024-11-11 00:00:00+00:00, run_after=2024-11-11 04:00:00+00:00
[2024-11-11T06:58:13.981+0000] {processor.py:208} INFO - Processing /home/airflow/.local/lib/python3.12/site-packages/airflow/example_dags/example_latest_only.py took 0.351 seconds
[2024-11-11T06:58:44.429+0000] {processor.py:186} INFO - Started process (PID=1347) to work on /home/airflow/.local/lib/python3.12/site-packages/airflow/example_dags/example_latest_only.py
[2024-11-11T06:58:44.431+0000] {processor.py:914} INFO - Processing file /home/airflow/.local/lib/python3.12/site-packages/airflow/example_dags/example_latest_only.py for tasks to queue
[2024-11-11T06:58:44.438+0000] {logging_mixin.py:190} INFO - [2024-11-11T06:58:44.437+0000] {dagbag.py:588} INFO - Filling up the DagBag from /home/airflow/.local/lib/python3.12/site-packages/airflow/example_dags/example_latest_only.py
[2024-11-11T06:58:44.455+0000] {processor.py:925} INFO - DAG(s) 'latest_only' retrieved from /home/airflow/.local/lib/python3.12/site-packages/airflow/example_dags/example_latest_only.py
[2024-11-11T06:58:44.491+0000] {logging_mixin.py:190} INFO - [2024-11-11T06:58:44.490+0000] {dag.py:3239} INFO - Sync 1 DAGs
[2024-11-11T06:58:44.533+0000] {logging_mixin.py:190} INFO - [2024-11-11T06:58:44.532+0000] {dag.py:4180} INFO - Setting next_dagrun for latest_only to 2024-11-11 00:00:00+00:00, run_after=2024-11-11 04:00:00+00:00
[2024-11-11T06:58:44.574+0000] {processor.py:208} INFO - Processing /home/airflow/.local/lib/python3.12/site-packages/airflow/example_dags/example_latest_only.py took 0.154 seconds
[2024-11-11T06:59:14.872+0000] {processor.py:186} INFO - Started process (PID=1411) to work on /home/airflow/.local/lib/python3.12/site-packages/airflow/example_dags/example_latest_only.py
[2024-11-11T06:59:14.874+0000] {processor.py:914} INFO - Processing file /home/airflow/.local/lib/python3.12/site-packages/airflow/example_dags/example_latest_only.py for tasks to queue
[2024-11-11T06:59:14.879+0000] {logging_mixin.py:190} INFO - [2024-11-11T06:59:14.879+0000] {dagbag.py:588} INFO - Filling up the DagBag from /home/airflow/.local/lib/python3.12/site-packages/airflow/example_dags/example_latest_only.py
[2024-11-11T06:59:14.894+0000] {processor.py:925} INFO - DAG(s) 'latest_only' retrieved from /home/airflow/.local/lib/python3.12/site-packages/airflow/example_dags/example_latest_only.py
[2024-11-11T06:59:14.929+0000] {logging_mixin.py:190} INFO - [2024-11-11T06:59:14.929+0000] {dag.py:3239} INFO - Sync 1 DAGs
[2024-11-11T06:59:14.968+0000] {logging_mixin.py:190} INFO - [2024-11-11T06:59:14.968+0000] {dag.py:4180} INFO - Setting next_dagrun for latest_only to 2024-11-11 00:00:00+00:00, run_after=2024-11-11 04:00:00+00:00
[2024-11-11T06:59:15.012+0000] {processor.py:208} INFO - Processing /home/airflow/.local/lib/python3.12/site-packages/airflow/example_dags/example_latest_only.py took 0.149 seconds
[2024-11-11T06:59:45.092+0000] {processor.py:186} INFO - Started process (PID=1475) to work on /home/airflow/.local/lib/python3.12/site-packages/airflow/example_dags/example_latest_only.py
[2024-11-11T06:59:45.094+0000] {processor.py:914} INFO - Processing file /home/airflow/.local/lib/python3.12/site-packages/airflow/example_dags/example_latest_only.py for tasks to queue
[2024-11-11T06:59:45.100+0000] {logging_mixin.py:190} INFO - [2024-11-11T06:59:45.099+0000] {dagbag.py:588} INFO - Filling up the DagBag from /home/airflow/.local/lib/python3.12/site-packages/airflow/example_dags/example_latest_only.py
[2024-11-11T06:59:45.110+0000] {processor.py:925} INFO - DAG(s) 'latest_only' retrieved from /home/airflow/.local/lib/python3.12/site-packages/airflow/example_dags/example_latest_only.py
[2024-11-11T06:59:45.139+0000] {logging_mixin.py:190} INFO - [2024-11-11T06:59:45.138+0000] {dag.py:3239} INFO - Sync 1 DAGs
[2024-11-11T06:59:45.166+0000] {logging_mixin.py:190} INFO - [2024-11-11T06:59:45.166+0000] {dag.py:4180} INFO - Setting next_dagrun for latest_only to 2024-11-11 00:00:00+00:00, run_after=2024-11-11 04:00:00+00:00
[2024-11-11T06:59:45.190+0000] {processor.py:208} INFO - Processing /home/airflow/.local/lib/python3.12/site-packages/airflow/example_dags/example_latest_only.py took 0.107 seconds
[2024-11-11T07:00:15.831+0000] {processor.py:186} INFO - Started process (PID=1539) to work on /home/airflow/.local/lib/python3.12/site-packages/airflow/example_dags/example_latest_only.py
[2024-11-11T07:00:15.834+0000] {processor.py:914} INFO - Processing file /home/airflow/.local/lib/python3.12/site-packages/airflow/example_dags/example_latest_only.py for tasks to queue
[2024-11-11T07:00:15.842+0000] {logging_mixin.py:190} INFO - [2024-11-11T07:00:15.841+0000] {dagbag.py:588} INFO - Filling up the DagBag from /home/airflow/.local/lib/python3.12/site-packages/airflow/example_dags/example_latest_only.py
[2024-11-11T07:00:15.858+0000] {processor.py:925} INFO - DAG(s) 'latest_only' retrieved from /home/airflow/.local/lib/python3.12/site-packages/airflow/example_dags/example_latest_only.py
[2024-11-11T07:00:15.904+0000] {logging_mixin.py:190} INFO - [2024-11-11T07:00:15.903+0000] {dag.py:3239} INFO - Sync 1 DAGs
[2024-11-11T07:00:15.954+0000] {logging_mixin.py:190} INFO - [2024-11-11T07:00:15.953+0000] {dag.py:4180} INFO - Setting next_dagrun for latest_only to 2024-11-11 00:00:00+00:00, run_after=2024-11-11 04:00:00+00:00
[2024-11-11T07:00:15.987+0000] {processor.py:208} INFO - Processing /home/airflow/.local/lib/python3.12/site-packages/airflow/example_dags/example_latest_only.py took 0.164 seconds
[2024-11-11T07:00:46.560+0000] {processor.py:186} INFO - Started process (PID=1603) to work on /home/airflow/.local/lib/python3.12/site-packages/airflow/example_dags/example_latest_only.py
[2024-11-11T07:00:46.562+0000] {processor.py:914} INFO - Processing file /home/airflow/.local/lib/python3.12/site-packages/airflow/example_dags/example_latest_only.py for tasks to queue
[2024-11-11T07:00:46.566+0000] {logging_mixin.py:190} INFO - [2024-11-11T07:00:46.565+0000] {dagbag.py:588} INFO - Filling up the DagBag from /home/airflow/.local/lib/python3.12/site-packages/airflow/example_dags/example_latest_only.py
[2024-11-11T07:00:46.577+0000] {processor.py:925} INFO - DAG(s) 'latest_only' retrieved from /home/airflow/.local/lib/python3.12/site-packages/airflow/example_dags/example_latest_only.py
[2024-11-11T07:00:46.606+0000] {logging_mixin.py:190} INFO - [2024-11-11T07:00:46.606+0000] {dag.py:3239} INFO - Sync 1 DAGs
[2024-11-11T07:00:46.647+0000] {logging_mixin.py:190} INFO - [2024-11-11T07:00:46.647+0000] {dag.py:4180} INFO - Setting next_dagrun for latest_only to 2024-11-11 00:00:00+00:00, run_after=2024-11-11 04:00:00+00:00
[2024-11-11T07:00:46.679+0000] {processor.py:208} INFO - Processing /home/airflow/.local/lib/python3.12/site-packages/airflow/example_dags/example_latest_only.py took 0.128 seconds
[2024-11-11T07:01:16.906+0000] {processor.py:186} INFO - Started process (PID=1667) to work on /home/airflow/.local/lib/python3.12/site-packages/airflow/example_dags/example_latest_only.py
[2024-11-11T07:01:16.908+0000] {processor.py:914} INFO - Processing file /home/airflow/.local/lib/python3.12/site-packages/airflow/example_dags/example_latest_only.py for tasks to queue
[2024-11-11T07:01:16.913+0000] {logging_mixin.py:190} INFO - [2024-11-11T07:01:16.912+0000] {dagbag.py:588} INFO - Filling up the DagBag from /home/airflow/.local/lib/python3.12/site-packages/airflow/example_dags/example_latest_only.py
[2024-11-11T07:01:16.927+0000] {processor.py:925} INFO - DAG(s) 'latest_only' retrieved from /home/airflow/.local/lib/python3.12/site-packages/airflow/example_dags/example_latest_only.py
[2024-11-11T07:01:16.963+0000] {logging_mixin.py:190} INFO - [2024-11-11T07:01:16.963+0000] {dag.py:3239} INFO - Sync 1 DAGs
[2024-11-11T07:01:17.004+0000] {logging_mixin.py:190} INFO - [2024-11-11T07:01:17.002+0000] {dag.py:4180} INFO - Setting next_dagrun for latest_only to 2024-11-11 00:00:00+00:00, run_after=2024-11-11 04:00:00+00:00
[2024-11-11T07:01:17.031+0000] {processor.py:208} INFO - Processing /home/airflow/.local/lib/python3.12/site-packages/airflow/example_dags/example_latest_only.py took 0.140 seconds
[2024-11-11T07:01:47.488+0000] {processor.py:186} INFO - Started process (PID=1731) to work on /home/airflow/.local/lib/python3.12/site-packages/airflow/example_dags/example_latest_only.py
[2024-11-11T07:01:47.490+0000] {processor.py:914} INFO - Processing file /home/airflow/.local/lib/python3.12/site-packages/airflow/example_dags/example_latest_only.py for tasks to queue
[2024-11-11T07:01:47.494+0000] {logging_mixin.py:190} INFO - [2024-11-11T07:01:47.494+0000] {dagbag.py:588} INFO - Filling up the DagBag from /home/airflow/.local/lib/python3.12/site-packages/airflow/example_dags/example_latest_only.py
[2024-11-11T07:01:47.505+0000] {processor.py:925} INFO - DAG(s) 'latest_only' retrieved from /home/airflow/.local/lib/python3.12/site-packages/airflow/example_dags/example_latest_only.py
[2024-11-11T07:01:47.533+0000] {logging_mixin.py:190} INFO - [2024-11-11T07:01:47.532+0000] {dag.py:3239} INFO - Sync 1 DAGs
[2024-11-11T07:01:47.602+0000] {logging_mixin.py:190} INFO - [2024-11-11T07:01:47.602+0000] {dag.py:4180} INFO - Setting next_dagrun for latest_only to 2024-11-11 00:00:00+00:00, run_after=2024-11-11 04:00:00+00:00
[2024-11-11T07:01:47.661+0000] {processor.py:208} INFO - Processing /home/airflow/.local/lib/python3.12/site-packages/airflow/example_dags/example_latest_only.py took 0.181 seconds
[2024-11-11T07:02:18.403+0000] {processor.py:186} INFO - Started process (PID=1795) to work on /home/airflow/.local/lib/python3.12/site-packages/airflow/example_dags/example_latest_only.py
[2024-11-11T07:02:18.405+0000] {processor.py:914} INFO - Processing file /home/airflow/.local/lib/python3.12/site-packages/airflow/example_dags/example_latest_only.py for tasks to queue
[2024-11-11T07:02:18.409+0000] {logging_mixin.py:190} INFO - [2024-11-11T07:02:18.408+0000] {dagbag.py:588} INFO - Filling up the DagBag from /home/airflow/.local/lib/python3.12/site-packages/airflow/example_dags/example_latest_only.py
[2024-11-11T07:02:18.421+0000] {processor.py:925} INFO - DAG(s) 'latest_only' retrieved from /home/airflow/.local/lib/python3.12/site-packages/airflow/example_dags/example_latest_only.py
[2024-11-11T07:02:18.448+0000] {logging_mixin.py:190} INFO - [2024-11-11T07:02:18.448+0000] {dag.py:3239} INFO - Sync 1 DAGs
[2024-11-11T07:02:18.474+0000] {logging_mixin.py:190} INFO - [2024-11-11T07:02:18.474+0000] {dag.py:4180} INFO - Setting next_dagrun for latest_only to 2024-11-11 00:00:00+00:00, run_after=2024-11-11 04:00:00+00:00
[2024-11-11T07:02:18.496+0000] {processor.py:208} INFO - Processing /home/airflow/.local/lib/python3.12/site-packages/airflow/example_dags/example_latest_only.py took 0.101 seconds
[2024-11-11T07:02:48.638+0000] {processor.py:186} INFO - Started process (PID=1859) to work on /home/airflow/.local/lib/python3.12/site-packages/airflow/example_dags/example_latest_only.py
[2024-11-11T07:02:48.639+0000] {processor.py:914} INFO - Processing file /home/airflow/.local/lib/python3.12/site-packages/airflow/example_dags/example_latest_only.py for tasks to queue
[2024-11-11T07:02:48.642+0000] {logging_mixin.py:190} INFO - [2024-11-11T07:02:48.642+0000] {dagbag.py:588} INFO - Filling up the DagBag from /home/airflow/.local/lib/python3.12/site-packages/airflow/example_dags/example_latest_only.py
[2024-11-11T07:02:48.651+0000] {processor.py:925} INFO - DAG(s) 'latest_only' retrieved from /home/airflow/.local/lib/python3.12/site-packages/airflow/example_dags/example_latest_only.py
[2024-11-11T07:02:48.676+0000] {logging_mixin.py:190} INFO - [2024-11-11T07:02:48.676+0000] {dag.py:3239} INFO - Sync 1 DAGs
[2024-11-11T07:02:48.703+0000] {logging_mixin.py:190} INFO - [2024-11-11T07:02:48.702+0000] {dag.py:4180} INFO - Setting next_dagrun for latest_only to 2024-11-11 00:00:00+00:00, run_after=2024-11-11 04:00:00+00:00
[2024-11-11T07:02:48.727+0000] {processor.py:208} INFO - Processing /home/airflow/.local/lib/python3.12/site-packages/airflow/example_dags/example_latest_only.py took 0.097 seconds
[2024-11-11T07:03:19.919+0000] {processor.py:186} INFO - Started process (PID=1923) to work on /home/airflow/.local/lib/python3.12/site-packages/airflow/example_dags/example_latest_only.py
[2024-11-11T07:03:19.920+0000] {processor.py:914} INFO - Processing file /home/airflow/.local/lib/python3.12/site-packages/airflow/example_dags/example_latest_only.py for tasks to queue
[2024-11-11T07:03:19.927+0000] {logging_mixin.py:190} INFO - [2024-11-11T07:03:19.926+0000] {dagbag.py:588} INFO - Filling up the DagBag from /home/airflow/.local/lib/python3.12/site-packages/airflow/example_dags/example_latest_only.py
[2024-11-11T07:03:19.946+0000] {processor.py:925} INFO - DAG(s) 'latest_only' retrieved from /home/airflow/.local/lib/python3.12/site-packages/airflow/example_dags/example_latest_only.py
[2024-11-11T07:03:20.013+0000] {logging_mixin.py:190} INFO - [2024-11-11T07:03:20.012+0000] {dag.py:3239} INFO - Sync 1 DAGs
[2024-11-11T07:03:20.075+0000] {logging_mixin.py:190} INFO - [2024-11-11T07:03:20.074+0000] {dag.py:4180} INFO - Setting next_dagrun for latest_only to 2024-11-11 00:00:00+00:00, run_after=2024-11-11 04:00:00+00:00
[2024-11-11T07:03:20.130+0000] {processor.py:208} INFO - Processing /home/airflow/.local/lib/python3.12/site-packages/airflow/example_dags/example_latest_only.py took 0.226 seconds
