[2024-11-11T06:48:24.535+0000] {processor.py:186} INFO - Started process (PID=61) to work on /home/airflow/.local/lib/python3.12/site-packages/airflow/example_dags/example_trigger_target_dag.py
[2024-11-11T06:48:24.537+0000] {processor.py:914} INFO - Processing file /home/airflow/.local/lib/python3.12/site-packages/airflow/example_dags/example_trigger_target_dag.py for tasks to queue
[2024-11-11T06:48:24.545+0000] {logging_mixin.py:190} INFO - [2024-11-11T06:48:24.539+0000] {dagbag.py:588} INFO - Filling up the DagBag from /home/airflow/.local/lib/python3.12/site-packages/airflow/example_dags/example_trigger_target_dag.py
[2024-11-11T06:48:24.555+0000] {processor.py:925} INFO - DAG(s) 'example_trigger_target_dag' retrieved from /home/airflow/.local/lib/python3.12/site-packages/airflow/example_dags/example_trigger_target_dag.py
[2024-11-11T06:48:24.720+0000] {logging_mixin.py:190} INFO - [2024-11-11T06:48:24.719+0000] {override.py:1911} INFO - Created Permission View: can read on DAG:example_trigger_target_dag
[2024-11-11T06:48:24.741+0000] {logging_mixin.py:190} INFO - [2024-11-11T06:48:24.740+0000] {override.py:1911} INFO - Created Permission View: can delete on DAG:example_trigger_target_dag
[2024-11-11T06:48:24.758+0000] {logging_mixin.py:190} INFO - [2024-11-11T06:48:24.757+0000] {override.py:1911} INFO - Created Permission View: can edit on DAG:example_trigger_target_dag
[2024-11-11T06:48:24.775+0000] {logging_mixin.py:190} INFO - [2024-11-11T06:48:24.774+0000] {override.py:1911} INFO - Created Permission View: menu access on DAG Run:example_trigger_target_dag
[2024-11-11T06:48:24.792+0000] {logging_mixin.py:190} INFO - [2024-11-11T06:48:24.792+0000] {override.py:1911} INFO - Created Permission View: can read on DAG Run:example_trigger_target_dag
[2024-11-11T06:48:24.807+0000] {logging_mixin.py:190} INFO - [2024-11-11T06:48:24.807+0000] {override.py:1911} INFO - Created Permission View: can delete on DAG Run:example_trigger_target_dag
[2024-11-11T06:48:24.820+0000] {logging_mixin.py:190} INFO - [2024-11-11T06:48:24.820+0000] {override.py:1911} INFO - Created Permission View: can create on DAG Run:example_trigger_target_dag
[2024-11-11T06:48:24.822+0000] {logging_mixin.py:190} INFO - [2024-11-11T06:48:24.821+0000] {dag.py:3239} INFO - Sync 1 DAGs
[2024-11-11T06:48:24.841+0000] {logging_mixin.py:190} INFO - [2024-11-11T06:48:24.841+0000] {dag.py:3262} INFO - Creating ORM DAG for example_trigger_target_dag
[2024-11-11T06:48:24.843+0000] {logging_mixin.py:190} INFO - [2024-11-11T06:48:24.843+0000] {dag.py:4180} INFO - Setting next_dagrun for example_trigger_target_dag to None, run_after=None
[2024-11-11T06:48:24.871+0000] {processor.py:208} INFO - Processing /home/airflow/.local/lib/python3.12/site-packages/airflow/example_dags/example_trigger_target_dag.py took 0.344 seconds
[2024-11-11T06:48:56.641+0000] {processor.py:186} INFO - Started process (PID=125) to work on /home/airflow/.local/lib/python3.12/site-packages/airflow/example_dags/example_trigger_target_dag.py
[2024-11-11T06:48:56.643+0000] {processor.py:914} INFO - Processing file /home/airflow/.local/lib/python3.12/site-packages/airflow/example_dags/example_trigger_target_dag.py for tasks to queue
[2024-11-11T06:48:56.649+0000] {logging_mixin.py:190} INFO - [2024-11-11T06:48:56.649+0000] {dagbag.py:588} INFO - Filling up the DagBag from /home/airflow/.local/lib/python3.12/site-packages/airflow/example_dags/example_trigger_target_dag.py
[2024-11-11T06:48:56.662+0000] {processor.py:925} INFO - DAG(s) 'example_trigger_target_dag' retrieved from /home/airflow/.local/lib/python3.12/site-packages/airflow/example_dags/example_trigger_target_dag.py
[2024-11-11T06:48:56.726+0000] {logging_mixin.py:190} INFO - [2024-11-11T06:48:56.725+0000] {dag.py:3239} INFO - Sync 1 DAGs
[2024-11-11T06:48:56.764+0000] {logging_mixin.py:190} INFO - [2024-11-11T06:48:56.763+0000] {dag.py:4180} INFO - Setting next_dagrun for example_trigger_target_dag to None, run_after=None
[2024-11-11T06:48:56.817+0000] {processor.py:208} INFO - Processing /home/airflow/.local/lib/python3.12/site-packages/airflow/example_dags/example_trigger_target_dag.py took 0.186 seconds
[2024-11-11T06:49:27.565+0000] {processor.py:186} INFO - Started process (PID=188) to work on /home/airflow/.local/lib/python3.12/site-packages/airflow/example_dags/example_trigger_target_dag.py
[2024-11-11T06:49:27.567+0000] {processor.py:914} INFO - Processing file /home/airflow/.local/lib/python3.12/site-packages/airflow/example_dags/example_trigger_target_dag.py for tasks to queue
[2024-11-11T06:49:27.573+0000] {logging_mixin.py:190} INFO - [2024-11-11T06:49:27.573+0000] {dagbag.py:588} INFO - Filling up the DagBag from /home/airflow/.local/lib/python3.12/site-packages/airflow/example_dags/example_trigger_target_dag.py
[2024-11-11T06:49:27.590+0000] {processor.py:925} INFO - DAG(s) 'example_trigger_target_dag' retrieved from /home/airflow/.local/lib/python3.12/site-packages/airflow/example_dags/example_trigger_target_dag.py
[2024-11-11T06:49:27.632+0000] {logging_mixin.py:190} INFO - [2024-11-11T06:49:27.630+0000] {dag.py:3239} INFO - Sync 1 DAGs
[2024-11-11T06:49:27.661+0000] {logging_mixin.py:190} INFO - [2024-11-11T06:49:27.660+0000] {dag.py:4180} INFO - Setting next_dagrun for example_trigger_target_dag to None, run_after=None
[2024-11-11T06:49:27.700+0000] {processor.py:208} INFO - Processing /home/airflow/.local/lib/python3.12/site-packages/airflow/example_dags/example_trigger_target_dag.py took 0.144 seconds
[2024-11-11T06:49:58.280+0000] {processor.py:186} INFO - Started process (PID=252) to work on /home/airflow/.local/lib/python3.12/site-packages/airflow/example_dags/example_trigger_target_dag.py
[2024-11-11T06:49:58.283+0000] {processor.py:914} INFO - Processing file /home/airflow/.local/lib/python3.12/site-packages/airflow/example_dags/example_trigger_target_dag.py for tasks to queue
[2024-11-11T06:49:58.288+0000] {logging_mixin.py:190} INFO - [2024-11-11T06:49:58.288+0000] {dagbag.py:588} INFO - Filling up the DagBag from /home/airflow/.local/lib/python3.12/site-packages/airflow/example_dags/example_trigger_target_dag.py
[2024-11-11T06:49:58.303+0000] {processor.py:925} INFO - DAG(s) 'example_trigger_target_dag' retrieved from /home/airflow/.local/lib/python3.12/site-packages/airflow/example_dags/example_trigger_target_dag.py
[2024-11-11T06:49:58.351+0000] {logging_mixin.py:190} INFO - [2024-11-11T06:49:58.350+0000] {dag.py:3239} INFO - Sync 1 DAGs
[2024-11-11T06:49:58.382+0000] {logging_mixin.py:190} INFO - [2024-11-11T06:49:58.381+0000] {dag.py:4180} INFO - Setting next_dagrun for example_trigger_target_dag to None, run_after=None
[2024-11-11T06:49:58.426+0000] {processor.py:208} INFO - Processing /home/airflow/.local/lib/python3.12/site-packages/airflow/example_dags/example_trigger_target_dag.py took 0.155 seconds
[2024-11-11T06:50:28.688+0000] {processor.py:186} INFO - Started process (PID=315) to work on /home/airflow/.local/lib/python3.12/site-packages/airflow/example_dags/example_trigger_target_dag.py
[2024-11-11T06:50:28.690+0000] {processor.py:914} INFO - Processing file /home/airflow/.local/lib/python3.12/site-packages/airflow/example_dags/example_trigger_target_dag.py for tasks to queue
[2024-11-11T06:50:28.700+0000] {logging_mixin.py:190} INFO - [2024-11-11T06:50:28.699+0000] {dagbag.py:588} INFO - Filling up the DagBag from /home/airflow/.local/lib/python3.12/site-packages/airflow/example_dags/example_trigger_target_dag.py
[2024-11-11T06:50:28.723+0000] {processor.py:925} INFO - DAG(s) 'example_trigger_target_dag' retrieved from /home/airflow/.local/lib/python3.12/site-packages/airflow/example_dags/example_trigger_target_dag.py
[2024-11-11T06:50:28.772+0000] {logging_mixin.py:190} INFO - [2024-11-11T06:50:28.771+0000] {dag.py:3239} INFO - Sync 1 DAGs
[2024-11-11T06:50:28.796+0000] {logging_mixin.py:190} INFO - [2024-11-11T06:50:28.796+0000] {dag.py:4180} INFO - Setting next_dagrun for example_trigger_target_dag to None, run_after=None
[2024-11-11T06:50:28.839+0000] {processor.py:208} INFO - Processing /home/airflow/.local/lib/python3.12/site-packages/airflow/example_dags/example_trigger_target_dag.py took 0.167 seconds
[2024-11-11T06:50:59.054+0000] {processor.py:186} INFO - Started process (PID=378) to work on /home/airflow/.local/lib/python3.12/site-packages/airflow/example_dags/example_trigger_target_dag.py
[2024-11-11T06:50:59.056+0000] {processor.py:914} INFO - Processing file /home/airflow/.local/lib/python3.12/site-packages/airflow/example_dags/example_trigger_target_dag.py for tasks to queue
[2024-11-11T06:50:59.060+0000] {logging_mixin.py:190} INFO - [2024-11-11T06:50:59.059+0000] {dagbag.py:588} INFO - Filling up the DagBag from /home/airflow/.local/lib/python3.12/site-packages/airflow/example_dags/example_trigger_target_dag.py
[2024-11-11T06:50:59.076+0000] {processor.py:925} INFO - DAG(s) 'example_trigger_target_dag' retrieved from /home/airflow/.local/lib/python3.12/site-packages/airflow/example_dags/example_trigger_target_dag.py
[2024-11-11T06:50:59.130+0000] {logging_mixin.py:190} INFO - [2024-11-11T06:50:59.130+0000] {dag.py:3239} INFO - Sync 1 DAGs
[2024-11-11T06:50:59.171+0000] {logging_mixin.py:190} INFO - [2024-11-11T06:50:59.170+0000] {dag.py:4180} INFO - Setting next_dagrun for example_trigger_target_dag to None, run_after=None
[2024-11-11T06:50:59.227+0000] {processor.py:208} INFO - Processing /home/airflow/.local/lib/python3.12/site-packages/airflow/example_dags/example_trigger_target_dag.py took 0.180 seconds
[2024-11-11T06:51:30.047+0000] {processor.py:186} INFO - Started process (PID=441) to work on /home/airflow/.local/lib/python3.12/site-packages/airflow/example_dags/example_trigger_target_dag.py
[2024-11-11T06:51:30.049+0000] {processor.py:914} INFO - Processing file /home/airflow/.local/lib/python3.12/site-packages/airflow/example_dags/example_trigger_target_dag.py for tasks to queue
[2024-11-11T06:51:30.061+0000] {logging_mixin.py:190} INFO - [2024-11-11T06:51:30.060+0000] {dagbag.py:588} INFO - Filling up the DagBag from /home/airflow/.local/lib/python3.12/site-packages/airflow/example_dags/example_trigger_target_dag.py
[2024-11-11T06:51:30.089+0000] {processor.py:925} INFO - DAG(s) 'example_trigger_target_dag' retrieved from /home/airflow/.local/lib/python3.12/site-packages/airflow/example_dags/example_trigger_target_dag.py
[2024-11-11T06:51:30.177+0000] {logging_mixin.py:190} INFO - [2024-11-11T06:51:30.176+0000] {dag.py:3239} INFO - Sync 1 DAGs
[2024-11-11T06:51:30.212+0000] {logging_mixin.py:190} INFO - [2024-11-11T06:51:30.212+0000] {dag.py:4180} INFO - Setting next_dagrun for example_trigger_target_dag to None, run_after=None
[2024-11-11T06:51:30.265+0000] {processor.py:208} INFO - Processing /home/airflow/.local/lib/python3.12/site-packages/airflow/example_dags/example_trigger_target_dag.py took 0.230 seconds
[2024-11-11T06:52:00.621+0000] {processor.py:186} INFO - Started process (PID=505) to work on /home/airflow/.local/lib/python3.12/site-packages/airflow/example_dags/example_trigger_target_dag.py
[2024-11-11T06:52:00.623+0000] {processor.py:914} INFO - Processing file /home/airflow/.local/lib/python3.12/site-packages/airflow/example_dags/example_trigger_target_dag.py for tasks to queue
[2024-11-11T06:52:00.629+0000] {logging_mixin.py:190} INFO - [2024-11-11T06:52:00.627+0000] {dagbag.py:588} INFO - Filling up the DagBag from /home/airflow/.local/lib/python3.12/site-packages/airflow/example_dags/example_trigger_target_dag.py
[2024-11-11T06:52:00.647+0000] {processor.py:925} INFO - DAG(s) 'example_trigger_target_dag' retrieved from /home/airflow/.local/lib/python3.12/site-packages/airflow/example_dags/example_trigger_target_dag.py
[2024-11-11T06:52:00.692+0000] {logging_mixin.py:190} INFO - [2024-11-11T06:52:00.692+0000] {dag.py:3239} INFO - Sync 1 DAGs
[2024-11-11T06:52:00.727+0000] {logging_mixin.py:190} INFO - [2024-11-11T06:52:00.726+0000] {dag.py:4180} INFO - Setting next_dagrun for example_trigger_target_dag to None, run_after=None
[2024-11-11T06:52:00.768+0000] {processor.py:208} INFO - Processing /home/airflow/.local/lib/python3.12/site-packages/airflow/example_dags/example_trigger_target_dag.py took 0.159 seconds
[2024-11-11T06:52:31.270+0000] {processor.py:186} INFO - Started process (PID=569) to work on /home/airflow/.local/lib/python3.12/site-packages/airflow/example_dags/example_trigger_target_dag.py
[2024-11-11T06:52:31.275+0000] {processor.py:914} INFO - Processing file /home/airflow/.local/lib/python3.12/site-packages/airflow/example_dags/example_trigger_target_dag.py for tasks to queue
[2024-11-11T06:52:31.283+0000] {logging_mixin.py:190} INFO - [2024-11-11T06:52:31.282+0000] {dagbag.py:588} INFO - Filling up the DagBag from /home/airflow/.local/lib/python3.12/site-packages/airflow/example_dags/example_trigger_target_dag.py
[2024-11-11T06:52:31.304+0000] {processor.py:925} INFO - DAG(s) 'example_trigger_target_dag' retrieved from /home/airflow/.local/lib/python3.12/site-packages/airflow/example_dags/example_trigger_target_dag.py
[2024-11-11T06:52:31.354+0000] {logging_mixin.py:190} INFO - [2024-11-11T06:52:31.354+0000] {dag.py:3239} INFO - Sync 1 DAGs
[2024-11-11T06:52:31.383+0000] {logging_mixin.py:190} INFO - [2024-11-11T06:52:31.383+0000] {dag.py:4180} INFO - Setting next_dagrun for example_trigger_target_dag to None, run_after=None
[2024-11-11T06:52:31.431+0000] {processor.py:208} INFO - Processing /home/airflow/.local/lib/python3.12/site-packages/airflow/example_dags/example_trigger_target_dag.py took 0.181 seconds
[2024-11-11T06:53:01.659+0000] {processor.py:186} INFO - Started process (PID=633) to work on /home/airflow/.local/lib/python3.12/site-packages/airflow/example_dags/example_trigger_target_dag.py
[2024-11-11T06:53:01.661+0000] {processor.py:914} INFO - Processing file /home/airflow/.local/lib/python3.12/site-packages/airflow/example_dags/example_trigger_target_dag.py for tasks to queue
[2024-11-11T06:53:01.667+0000] {logging_mixin.py:190} INFO - [2024-11-11T06:53:01.666+0000] {dagbag.py:588} INFO - Filling up the DagBag from /home/airflow/.local/lib/python3.12/site-packages/airflow/example_dags/example_trigger_target_dag.py
[2024-11-11T06:53:01.679+0000] {processor.py:925} INFO - DAG(s) 'example_trigger_target_dag' retrieved from /home/airflow/.local/lib/python3.12/site-packages/airflow/example_dags/example_trigger_target_dag.py
[2024-11-11T06:53:01.708+0000] {logging_mixin.py:190} INFO - [2024-11-11T06:53:01.708+0000] {dag.py:3239} INFO - Sync 1 DAGs
[2024-11-11T06:53:01.728+0000] {logging_mixin.py:190} INFO - [2024-11-11T06:53:01.727+0000] {dag.py:4180} INFO - Setting next_dagrun for example_trigger_target_dag to None, run_after=None
[2024-11-11T06:53:01.754+0000] {processor.py:208} INFO - Processing /home/airflow/.local/lib/python3.12/site-packages/airflow/example_dags/example_trigger_target_dag.py took 0.104 seconds
[2024-11-11T06:53:31.821+0000] {processor.py:186} INFO - Started process (PID=696) to work on /home/airflow/.local/lib/python3.12/site-packages/airflow/example_dags/example_trigger_target_dag.py
[2024-11-11T06:53:31.822+0000] {processor.py:914} INFO - Processing file /home/airflow/.local/lib/python3.12/site-packages/airflow/example_dags/example_trigger_target_dag.py for tasks to queue
[2024-11-11T06:53:31.826+0000] {logging_mixin.py:190} INFO - [2024-11-11T06:53:31.825+0000] {dagbag.py:588} INFO - Filling up the DagBag from /home/airflow/.local/lib/python3.12/site-packages/airflow/example_dags/example_trigger_target_dag.py
[2024-11-11T06:53:31.836+0000] {processor.py:925} INFO - DAG(s) 'example_trigger_target_dag' retrieved from /home/airflow/.local/lib/python3.12/site-packages/airflow/example_dags/example_trigger_target_dag.py
[2024-11-11T06:53:31.861+0000] {logging_mixin.py:190} INFO - [2024-11-11T06:53:31.861+0000] {dag.py:3239} INFO - Sync 1 DAGs
[2024-11-11T06:53:31.881+0000] {logging_mixin.py:190} INFO - [2024-11-11T06:53:31.881+0000] {dag.py:4180} INFO - Setting next_dagrun for example_trigger_target_dag to None, run_after=None
[2024-11-11T06:53:31.905+0000] {processor.py:208} INFO - Processing /home/airflow/.local/lib/python3.12/site-packages/airflow/example_dags/example_trigger_target_dag.py took 0.092 seconds
[2024-11-11T06:54:02.670+0000] {processor.py:186} INFO - Started process (PID=760) to work on /home/airflow/.local/lib/python3.12/site-packages/airflow/example_dags/example_trigger_target_dag.py
[2024-11-11T06:54:02.673+0000] {processor.py:914} INFO - Processing file /home/airflow/.local/lib/python3.12/site-packages/airflow/example_dags/example_trigger_target_dag.py for tasks to queue
[2024-11-11T06:54:02.677+0000] {logging_mixin.py:190} INFO - [2024-11-11T06:54:02.676+0000] {dagbag.py:588} INFO - Filling up the DagBag from /home/airflow/.local/lib/python3.12/site-packages/airflow/example_dags/example_trigger_target_dag.py
[2024-11-11T06:54:02.688+0000] {processor.py:925} INFO - DAG(s) 'example_trigger_target_dag' retrieved from /home/airflow/.local/lib/python3.12/site-packages/airflow/example_dags/example_trigger_target_dag.py
[2024-11-11T06:54:02.720+0000] {logging_mixin.py:190} INFO - [2024-11-11T06:54:02.719+0000] {dag.py:3239} INFO - Sync 1 DAGs
[2024-11-11T06:54:02.738+0000] {logging_mixin.py:190} INFO - [2024-11-11T06:54:02.737+0000] {dag.py:4180} INFO - Setting next_dagrun for example_trigger_target_dag to None, run_after=None
[2024-11-11T06:54:02.776+0000] {processor.py:208} INFO - Processing /home/airflow/.local/lib/python3.12/site-packages/airflow/example_dags/example_trigger_target_dag.py took 0.114 seconds
[2024-11-11T06:54:33.238+0000] {processor.py:186} INFO - Started process (PID=824) to work on /home/airflow/.local/lib/python3.12/site-packages/airflow/example_dags/example_trigger_target_dag.py
[2024-11-11T06:54:33.240+0000] {processor.py:914} INFO - Processing file /home/airflow/.local/lib/python3.12/site-packages/airflow/example_dags/example_trigger_target_dag.py for tasks to queue
[2024-11-11T06:54:33.245+0000] {logging_mixin.py:190} INFO - [2024-11-11T06:54:33.244+0000] {dagbag.py:588} INFO - Filling up the DagBag from /home/airflow/.local/lib/python3.12/site-packages/airflow/example_dags/example_trigger_target_dag.py
[2024-11-11T06:54:33.260+0000] {processor.py:925} INFO - DAG(s) 'example_trigger_target_dag' retrieved from /home/airflow/.local/lib/python3.12/site-packages/airflow/example_dags/example_trigger_target_dag.py
[2024-11-11T06:54:33.295+0000] {logging_mixin.py:190} INFO - [2024-11-11T06:54:33.295+0000] {dag.py:3239} INFO - Sync 1 DAGs
[2024-11-11T06:54:33.316+0000] {logging_mixin.py:190} INFO - [2024-11-11T06:54:33.315+0000] {dag.py:4180} INFO - Setting next_dagrun for example_trigger_target_dag to None, run_after=None
[2024-11-11T06:54:33.345+0000] {processor.py:208} INFO - Processing /home/airflow/.local/lib/python3.12/site-packages/airflow/example_dags/example_trigger_target_dag.py took 0.117 seconds
[2024-11-11T06:55:03.512+0000] {processor.py:186} INFO - Started process (PID=888) to work on /home/airflow/.local/lib/python3.12/site-packages/airflow/example_dags/example_trigger_target_dag.py
[2024-11-11T06:55:03.513+0000] {processor.py:914} INFO - Processing file /home/airflow/.local/lib/python3.12/site-packages/airflow/example_dags/example_trigger_target_dag.py for tasks to queue
[2024-11-11T06:55:03.518+0000] {logging_mixin.py:190} INFO - [2024-11-11T06:55:03.517+0000] {dagbag.py:588} INFO - Filling up the DagBag from /home/airflow/.local/lib/python3.12/site-packages/airflow/example_dags/example_trigger_target_dag.py
[2024-11-11T06:55:03.530+0000] {processor.py:925} INFO - DAG(s) 'example_trigger_target_dag' retrieved from /home/airflow/.local/lib/python3.12/site-packages/airflow/example_dags/example_trigger_target_dag.py
[2024-11-11T06:55:03.582+0000] {logging_mixin.py:190} INFO - [2024-11-11T06:55:03.582+0000] {dag.py:3239} INFO - Sync 1 DAGs
[2024-11-11T06:55:03.621+0000] {logging_mixin.py:190} INFO - [2024-11-11T06:55:03.620+0000] {dag.py:4180} INFO - Setting next_dagrun for example_trigger_target_dag to None, run_after=None
[2024-11-11T06:55:03.666+0000] {processor.py:208} INFO - Processing /home/airflow/.local/lib/python3.12/site-packages/airflow/example_dags/example_trigger_target_dag.py took 0.162 seconds
[2024-11-11T06:55:33.781+0000] {processor.py:186} INFO - Started process (PID=952) to work on /home/airflow/.local/lib/python3.12/site-packages/airflow/example_dags/example_trigger_target_dag.py
[2024-11-11T06:55:33.782+0000] {processor.py:914} INFO - Processing file /home/airflow/.local/lib/python3.12/site-packages/airflow/example_dags/example_trigger_target_dag.py for tasks to queue
[2024-11-11T06:55:33.787+0000] {logging_mixin.py:190} INFO - [2024-11-11T06:55:33.787+0000] {dagbag.py:588} INFO - Filling up the DagBag from /home/airflow/.local/lib/python3.12/site-packages/airflow/example_dags/example_trigger_target_dag.py
[2024-11-11T06:55:33.797+0000] {processor.py:925} INFO - DAG(s) 'example_trigger_target_dag' retrieved from /home/airflow/.local/lib/python3.12/site-packages/airflow/example_dags/example_trigger_target_dag.py
[2024-11-11T06:55:33.824+0000] {logging_mixin.py:190} INFO - [2024-11-11T06:55:33.824+0000] {dag.py:3239} INFO - Sync 1 DAGs
[2024-11-11T06:55:33.843+0000] {logging_mixin.py:190} INFO - [2024-11-11T06:55:33.842+0000] {dag.py:4180} INFO - Setting next_dagrun for example_trigger_target_dag to None, run_after=None
[2024-11-11T06:55:33.872+0000] {processor.py:208} INFO - Processing /home/airflow/.local/lib/python3.12/site-packages/airflow/example_dags/example_trigger_target_dag.py took 0.099 seconds
[2024-11-11T06:56:04.443+0000] {processor.py:186} INFO - Started process (PID=1016) to work on /home/airflow/.local/lib/python3.12/site-packages/airflow/example_dags/example_trigger_target_dag.py
[2024-11-11T06:56:04.444+0000] {processor.py:914} INFO - Processing file /home/airflow/.local/lib/python3.12/site-packages/airflow/example_dags/example_trigger_target_dag.py for tasks to queue
[2024-11-11T06:56:04.450+0000] {logging_mixin.py:190} INFO - [2024-11-11T06:56:04.449+0000] {dagbag.py:588} INFO - Filling up the DagBag from /home/airflow/.local/lib/python3.12/site-packages/airflow/example_dags/example_trigger_target_dag.py
[2024-11-11T06:56:04.470+0000] {processor.py:925} INFO - DAG(s) 'example_trigger_target_dag' retrieved from /home/airflow/.local/lib/python3.12/site-packages/airflow/example_dags/example_trigger_target_dag.py
[2024-11-11T06:56:04.508+0000] {logging_mixin.py:190} INFO - [2024-11-11T06:56:04.508+0000] {dag.py:3239} INFO - Sync 1 DAGs
[2024-11-11T06:56:04.533+0000] {logging_mixin.py:190} INFO - [2024-11-11T06:56:04.532+0000] {dag.py:4180} INFO - Setting next_dagrun for example_trigger_target_dag to None, run_after=None
[2024-11-11T06:56:04.574+0000] {processor.py:208} INFO - Processing /home/airflow/.local/lib/python3.12/site-packages/airflow/example_dags/example_trigger_target_dag.py took 0.143 seconds
[2024-11-11T06:56:34.816+0000] {processor.py:186} INFO - Started process (PID=1080) to work on /home/airflow/.local/lib/python3.12/site-packages/airflow/example_dags/example_trigger_target_dag.py
[2024-11-11T06:56:34.818+0000] {processor.py:914} INFO - Processing file /home/airflow/.local/lib/python3.12/site-packages/airflow/example_dags/example_trigger_target_dag.py for tasks to queue
[2024-11-11T06:56:34.822+0000] {logging_mixin.py:190} INFO - [2024-11-11T06:56:34.821+0000] {dagbag.py:588} INFO - Filling up the DagBag from /home/airflow/.local/lib/python3.12/site-packages/airflow/example_dags/example_trigger_target_dag.py
[2024-11-11T06:56:34.833+0000] {processor.py:925} INFO - DAG(s) 'example_trigger_target_dag' retrieved from /home/airflow/.local/lib/python3.12/site-packages/airflow/example_dags/example_trigger_target_dag.py
[2024-11-11T06:56:34.870+0000] {logging_mixin.py:190} INFO - [2024-11-11T06:56:34.869+0000] {dag.py:3239} INFO - Sync 1 DAGs
[2024-11-11T06:56:34.890+0000] {logging_mixin.py:190} INFO - [2024-11-11T06:56:34.890+0000] {dag.py:4180} INFO - Setting next_dagrun for example_trigger_target_dag to None, run_after=None
[2024-11-11T06:56:34.920+0000] {processor.py:208} INFO - Processing /home/airflow/.local/lib/python3.12/site-packages/airflow/example_dags/example_trigger_target_dag.py took 0.113 seconds
[2024-11-11T06:57:05.379+0000] {processor.py:186} INFO - Started process (PID=1144) to work on /home/airflow/.local/lib/python3.12/site-packages/airflow/example_dags/example_trigger_target_dag.py
[2024-11-11T06:57:05.380+0000] {processor.py:914} INFO - Processing file /home/airflow/.local/lib/python3.12/site-packages/airflow/example_dags/example_trigger_target_dag.py for tasks to queue
[2024-11-11T06:57:05.383+0000] {logging_mixin.py:190} INFO - [2024-11-11T06:57:05.383+0000] {dagbag.py:588} INFO - Filling up the DagBag from /home/airflow/.local/lib/python3.12/site-packages/airflow/example_dags/example_trigger_target_dag.py
[2024-11-11T06:57:05.394+0000] {processor.py:925} INFO - DAG(s) 'example_trigger_target_dag' retrieved from /home/airflow/.local/lib/python3.12/site-packages/airflow/example_dags/example_trigger_target_dag.py
[2024-11-11T06:57:05.423+0000] {logging_mixin.py:190} INFO - [2024-11-11T06:57:05.422+0000] {dag.py:3239} INFO - Sync 1 DAGs
[2024-11-11T06:57:05.439+0000] {logging_mixin.py:190} INFO - [2024-11-11T06:57:05.439+0000] {dag.py:4180} INFO - Setting next_dagrun for example_trigger_target_dag to None, run_after=None
[2024-11-11T06:57:05.464+0000] {processor.py:208} INFO - Processing /home/airflow/.local/lib/python3.12/site-packages/airflow/example_dags/example_trigger_target_dag.py took 0.093 seconds
[2024-11-11T06:57:35.821+0000] {processor.py:186} INFO - Started process (PID=1208) to work on /home/airflow/.local/lib/python3.12/site-packages/airflow/example_dags/example_trigger_target_dag.py
[2024-11-11T06:57:35.823+0000] {processor.py:914} INFO - Processing file /home/airflow/.local/lib/python3.12/site-packages/airflow/example_dags/example_trigger_target_dag.py for tasks to queue
[2024-11-11T06:57:35.827+0000] {logging_mixin.py:190} INFO - [2024-11-11T06:57:35.826+0000] {dagbag.py:588} INFO - Filling up the DagBag from /home/airflow/.local/lib/python3.12/site-packages/airflow/example_dags/example_trigger_target_dag.py
[2024-11-11T06:57:35.838+0000] {processor.py:925} INFO - DAG(s) 'example_trigger_target_dag' retrieved from /home/airflow/.local/lib/python3.12/site-packages/airflow/example_dags/example_trigger_target_dag.py
[2024-11-11T06:57:35.872+0000] {logging_mixin.py:190} INFO - [2024-11-11T06:57:35.872+0000] {dag.py:3239} INFO - Sync 1 DAGs
[2024-11-11T06:57:35.892+0000] {logging_mixin.py:190} INFO - [2024-11-11T06:57:35.891+0000] {dag.py:4180} INFO - Setting next_dagrun for example_trigger_target_dag to None, run_after=None
[2024-11-11T06:57:35.936+0000] {processor.py:208} INFO - Processing /home/airflow/.local/lib/python3.12/site-packages/airflow/example_dags/example_trigger_target_dag.py took 0.123 seconds
[2024-11-11T06:58:06.247+0000] {processor.py:186} INFO - Started process (PID=1272) to work on /home/airflow/.local/lib/python3.12/site-packages/airflow/example_dags/example_trigger_target_dag.py
[2024-11-11T06:58:06.249+0000] {processor.py:914} INFO - Processing file /home/airflow/.local/lib/python3.12/site-packages/airflow/example_dags/example_trigger_target_dag.py for tasks to queue
[2024-11-11T06:58:06.255+0000] {logging_mixin.py:190} INFO - [2024-11-11T06:58:06.254+0000] {dagbag.py:588} INFO - Filling up the DagBag from /home/airflow/.local/lib/python3.12/site-packages/airflow/example_dags/example_trigger_target_dag.py
[2024-11-11T06:58:06.274+0000] {processor.py:925} INFO - DAG(s) 'example_trigger_target_dag' retrieved from /home/airflow/.local/lib/python3.12/site-packages/airflow/example_dags/example_trigger_target_dag.py
[2024-11-11T06:58:06.311+0000] {logging_mixin.py:190} INFO - [2024-11-11T06:58:06.311+0000] {dag.py:3239} INFO - Sync 1 DAGs
[2024-11-11T06:58:06.334+0000] {logging_mixin.py:190} INFO - [2024-11-11T06:58:06.333+0000] {dag.py:4180} INFO - Setting next_dagrun for example_trigger_target_dag to None, run_after=None
[2024-11-11T06:58:06.373+0000] {processor.py:208} INFO - Processing /home/airflow/.local/lib/python3.12/site-packages/airflow/example_dags/example_trigger_target_dag.py took 0.140 seconds
[2024-11-11T06:58:37.076+0000] {processor.py:186} INFO - Started process (PID=1336) to work on /home/airflow/.local/lib/python3.12/site-packages/airflow/example_dags/example_trigger_target_dag.py
[2024-11-11T06:58:37.078+0000] {processor.py:914} INFO - Processing file /home/airflow/.local/lib/python3.12/site-packages/airflow/example_dags/example_trigger_target_dag.py for tasks to queue
[2024-11-11T06:58:37.084+0000] {logging_mixin.py:190} INFO - [2024-11-11T06:58:37.083+0000] {dagbag.py:588} INFO - Filling up the DagBag from /home/airflow/.local/lib/python3.12/site-packages/airflow/example_dags/example_trigger_target_dag.py
[2024-11-11T06:58:37.099+0000] {processor.py:925} INFO - DAG(s) 'example_trigger_target_dag' retrieved from /home/airflow/.local/lib/python3.12/site-packages/airflow/example_dags/example_trigger_target_dag.py
[2024-11-11T06:58:37.138+0000] {logging_mixin.py:190} INFO - [2024-11-11T06:58:37.138+0000] {dag.py:3239} INFO - Sync 1 DAGs
[2024-11-11T06:58:37.164+0000] {logging_mixin.py:190} INFO - [2024-11-11T06:58:37.164+0000] {dag.py:4180} INFO - Setting next_dagrun for example_trigger_target_dag to None, run_after=None
[2024-11-11T06:58:37.203+0000] {processor.py:208} INFO - Processing /home/airflow/.local/lib/python3.12/site-packages/airflow/example_dags/example_trigger_target_dag.py took 0.141 seconds
[2024-11-11T06:59:07.261+0000] {processor.py:186} INFO - Started process (PID=1400) to work on /home/airflow/.local/lib/python3.12/site-packages/airflow/example_dags/example_trigger_target_dag.py
[2024-11-11T06:59:07.263+0000] {processor.py:914} INFO - Processing file /home/airflow/.local/lib/python3.12/site-packages/airflow/example_dags/example_trigger_target_dag.py for tasks to queue
[2024-11-11T06:59:07.268+0000] {logging_mixin.py:190} INFO - [2024-11-11T06:59:07.268+0000] {dagbag.py:588} INFO - Filling up the DagBag from /home/airflow/.local/lib/python3.12/site-packages/airflow/example_dags/example_trigger_target_dag.py
[2024-11-11T06:59:07.281+0000] {processor.py:925} INFO - DAG(s) 'example_trigger_target_dag' retrieved from /home/airflow/.local/lib/python3.12/site-packages/airflow/example_dags/example_trigger_target_dag.py
[2024-11-11T06:59:07.324+0000] {logging_mixin.py:190} INFO - [2024-11-11T06:59:07.323+0000] {dag.py:3239} INFO - Sync 1 DAGs
[2024-11-11T06:59:07.351+0000] {logging_mixin.py:190} INFO - [2024-11-11T06:59:07.350+0000] {dag.py:4180} INFO - Setting next_dagrun for example_trigger_target_dag to None, run_after=None
[2024-11-11T06:59:07.417+0000] {processor.py:208} INFO - Processing /home/airflow/.local/lib/python3.12/site-packages/airflow/example_dags/example_trigger_target_dag.py took 0.166 seconds
[2024-11-11T06:59:38.193+0000] {processor.py:186} INFO - Started process (PID=1464) to work on /home/airflow/.local/lib/python3.12/site-packages/airflow/example_dags/example_trigger_target_dag.py
[2024-11-11T06:59:38.195+0000] {processor.py:914} INFO - Processing file /home/airflow/.local/lib/python3.12/site-packages/airflow/example_dags/example_trigger_target_dag.py for tasks to queue
[2024-11-11T06:59:38.202+0000] {logging_mixin.py:190} INFO - [2024-11-11T06:59:38.201+0000] {dagbag.py:588} INFO - Filling up the DagBag from /home/airflow/.local/lib/python3.12/site-packages/airflow/example_dags/example_trigger_target_dag.py
[2024-11-11T06:59:38.223+0000] {processor.py:925} INFO - DAG(s) 'example_trigger_target_dag' retrieved from /home/airflow/.local/lib/python3.12/site-packages/airflow/example_dags/example_trigger_target_dag.py
[2024-11-11T06:59:38.270+0000] {logging_mixin.py:190} INFO - [2024-11-11T06:59:38.269+0000] {dag.py:3239} INFO - Sync 1 DAGs
[2024-11-11T06:59:38.295+0000] {logging_mixin.py:190} INFO - [2024-11-11T06:59:38.294+0000] {dag.py:4180} INFO - Setting next_dagrun for example_trigger_target_dag to None, run_after=None
[2024-11-11T06:59:38.337+0000] {processor.py:208} INFO - Processing /home/airflow/.local/lib/python3.12/site-packages/airflow/example_dags/example_trigger_target_dag.py took 0.159 seconds
[2024-11-11T07:00:09.674+0000] {processor.py:186} INFO - Started process (PID=1528) to work on /home/airflow/.local/lib/python3.12/site-packages/airflow/example_dags/example_trigger_target_dag.py
[2024-11-11T07:00:09.678+0000] {processor.py:914} INFO - Processing file /home/airflow/.local/lib/python3.12/site-packages/airflow/example_dags/example_trigger_target_dag.py for tasks to queue
[2024-11-11T07:00:09.689+0000] {logging_mixin.py:190} INFO - [2024-11-11T07:00:09.688+0000] {dagbag.py:588} INFO - Filling up the DagBag from /home/airflow/.local/lib/python3.12/site-packages/airflow/example_dags/example_trigger_target_dag.py
[2024-11-11T07:00:09.724+0000] {processor.py:925} INFO - DAG(s) 'example_trigger_target_dag' retrieved from /home/airflow/.local/lib/python3.12/site-packages/airflow/example_dags/example_trigger_target_dag.py
[2024-11-11T07:00:09.872+0000] {logging_mixin.py:190} INFO - [2024-11-11T07:00:09.870+0000] {dag.py:3239} INFO - Sync 1 DAGs
[2024-11-11T07:00:09.994+0000] {logging_mixin.py:190} INFO - [2024-11-11T07:00:09.992+0000] {dag.py:4180} INFO - Setting next_dagrun for example_trigger_target_dag to None, run_after=None
[2024-11-11T07:00:10.134+0000] {processor.py:208} INFO - Processing /home/airflow/.local/lib/python3.12/site-packages/airflow/example_dags/example_trigger_target_dag.py took 0.484 seconds
[2024-11-11T07:00:40.307+0000] {processor.py:186} INFO - Started process (PID=1592) to work on /home/airflow/.local/lib/python3.12/site-packages/airflow/example_dags/example_trigger_target_dag.py
[2024-11-11T07:00:40.308+0000] {processor.py:914} INFO - Processing file /home/airflow/.local/lib/python3.12/site-packages/airflow/example_dags/example_trigger_target_dag.py for tasks to queue
[2024-11-11T07:00:40.312+0000] {logging_mixin.py:190} INFO - [2024-11-11T07:00:40.311+0000] {dagbag.py:588} INFO - Filling up the DagBag from /home/airflow/.local/lib/python3.12/site-packages/airflow/example_dags/example_trigger_target_dag.py
[2024-11-11T07:00:40.324+0000] {processor.py:925} INFO - DAG(s) 'example_trigger_target_dag' retrieved from /home/airflow/.local/lib/python3.12/site-packages/airflow/example_dags/example_trigger_target_dag.py
[2024-11-11T07:00:40.354+0000] {logging_mixin.py:190} INFO - [2024-11-11T07:00:40.353+0000] {dag.py:3239} INFO - Sync 1 DAGs
[2024-11-11T07:00:40.378+0000] {logging_mixin.py:190} INFO - [2024-11-11T07:00:40.377+0000] {dag.py:4180} INFO - Setting next_dagrun for example_trigger_target_dag to None, run_after=None
[2024-11-11T07:00:40.413+0000] {processor.py:208} INFO - Processing /home/airflow/.local/lib/python3.12/site-packages/airflow/example_dags/example_trigger_target_dag.py took 0.116 seconds
[2024-11-11T07:01:10.927+0000] {processor.py:186} INFO - Started process (PID=1656) to work on /home/airflow/.local/lib/python3.12/site-packages/airflow/example_dags/example_trigger_target_dag.py
[2024-11-11T07:01:10.929+0000] {processor.py:914} INFO - Processing file /home/airflow/.local/lib/python3.12/site-packages/airflow/example_dags/example_trigger_target_dag.py for tasks to queue
[2024-11-11T07:01:10.932+0000] {logging_mixin.py:190} INFO - [2024-11-11T07:01:10.932+0000] {dagbag.py:588} INFO - Filling up the DagBag from /home/airflow/.local/lib/python3.12/site-packages/airflow/example_dags/example_trigger_target_dag.py
[2024-11-11T07:01:10.943+0000] {processor.py:925} INFO - DAG(s) 'example_trigger_target_dag' retrieved from /home/airflow/.local/lib/python3.12/site-packages/airflow/example_dags/example_trigger_target_dag.py
[2024-11-11T07:01:10.971+0000] {logging_mixin.py:190} INFO - [2024-11-11T07:01:10.971+0000] {dag.py:3239} INFO - Sync 1 DAGs
[2024-11-11T07:01:10.989+0000] {logging_mixin.py:190} INFO - [2024-11-11T07:01:10.989+0000] {dag.py:4180} INFO - Setting next_dagrun for example_trigger_target_dag to None, run_after=None
[2024-11-11T07:01:11.018+0000] {processor.py:208} INFO - Processing /home/airflow/.local/lib/python3.12/site-packages/airflow/example_dags/example_trigger_target_dag.py took 0.098 seconds
[2024-11-11T07:01:41.559+0000] {processor.py:186} INFO - Started process (PID=1719) to work on /home/airflow/.local/lib/python3.12/site-packages/airflow/example_dags/example_trigger_target_dag.py
[2024-11-11T07:01:41.561+0000] {processor.py:914} INFO - Processing file /home/airflow/.local/lib/python3.12/site-packages/airflow/example_dags/example_trigger_target_dag.py for tasks to queue
[2024-11-11T07:01:41.565+0000] {logging_mixin.py:190} INFO - [2024-11-11T07:01:41.565+0000] {dagbag.py:588} INFO - Filling up the DagBag from /home/airflow/.local/lib/python3.12/site-packages/airflow/example_dags/example_trigger_target_dag.py
[2024-11-11T07:01:41.577+0000] {processor.py:925} INFO - DAG(s) 'example_trigger_target_dag' retrieved from /home/airflow/.local/lib/python3.12/site-packages/airflow/example_dags/example_trigger_target_dag.py
[2024-11-11T07:01:41.604+0000] {logging_mixin.py:190} INFO - [2024-11-11T07:01:41.604+0000] {dag.py:3239} INFO - Sync 1 DAGs
[2024-11-11T07:01:41.621+0000] {logging_mixin.py:190} INFO - [2024-11-11T07:01:41.621+0000] {dag.py:4180} INFO - Setting next_dagrun for example_trigger_target_dag to None, run_after=None
[2024-11-11T07:01:41.650+0000] {processor.py:208} INFO - Processing /home/airflow/.local/lib/python3.12/site-packages/airflow/example_dags/example_trigger_target_dag.py took 0.099 seconds
[2024-11-11T07:02:12.321+0000] {processor.py:186} INFO - Started process (PID=1783) to work on /home/airflow/.local/lib/python3.12/site-packages/airflow/example_dags/example_trigger_target_dag.py
[2024-11-11T07:02:12.323+0000] {processor.py:914} INFO - Processing file /home/airflow/.local/lib/python3.12/site-packages/airflow/example_dags/example_trigger_target_dag.py for tasks to queue
[2024-11-11T07:02:12.328+0000] {logging_mixin.py:190} INFO - [2024-11-11T07:02:12.328+0000] {dagbag.py:588} INFO - Filling up the DagBag from /home/airflow/.local/lib/python3.12/site-packages/airflow/example_dags/example_trigger_target_dag.py
[2024-11-11T07:02:12.342+0000] {processor.py:925} INFO - DAG(s) 'example_trigger_target_dag' retrieved from /home/airflow/.local/lib/python3.12/site-packages/airflow/example_dags/example_trigger_target_dag.py
[2024-11-11T07:02:12.377+0000] {logging_mixin.py:190} INFO - [2024-11-11T07:02:12.377+0000] {dag.py:3239} INFO - Sync 1 DAGs
[2024-11-11T07:02:12.404+0000] {logging_mixin.py:190} INFO - [2024-11-11T07:02:12.404+0000] {dag.py:4180} INFO - Setting next_dagrun for example_trigger_target_dag to None, run_after=None
[2024-11-11T07:02:12.448+0000] {processor.py:208} INFO - Processing /home/airflow/.local/lib/python3.12/site-packages/airflow/example_dags/example_trigger_target_dag.py took 0.135 seconds
[2024-11-11T07:02:42.557+0000] {processor.py:186} INFO - Started process (PID=1846) to work on /home/airflow/.local/lib/python3.12/site-packages/airflow/example_dags/example_trigger_target_dag.py
[2024-11-11T07:02:42.559+0000] {processor.py:914} INFO - Processing file /home/airflow/.local/lib/python3.12/site-packages/airflow/example_dags/example_trigger_target_dag.py for tasks to queue
[2024-11-11T07:02:42.563+0000] {logging_mixin.py:190} INFO - [2024-11-11T07:02:42.563+0000] {dagbag.py:588} INFO - Filling up the DagBag from /home/airflow/.local/lib/python3.12/site-packages/airflow/example_dags/example_trigger_target_dag.py
[2024-11-11T07:02:42.577+0000] {processor.py:925} INFO - DAG(s) 'example_trigger_target_dag' retrieved from /home/airflow/.local/lib/python3.12/site-packages/airflow/example_dags/example_trigger_target_dag.py
[2024-11-11T07:02:42.618+0000] {logging_mixin.py:190} INFO - [2024-11-11T07:02:42.618+0000] {dag.py:3239} INFO - Sync 1 DAGs
[2024-11-11T07:02:42.646+0000] {logging_mixin.py:190} INFO - [2024-11-11T07:02:42.646+0000] {dag.py:4180} INFO - Setting next_dagrun for example_trigger_target_dag to None, run_after=None
[2024-11-11T07:02:42.695+0000] {processor.py:208} INFO - Processing /home/airflow/.local/lib/python3.12/site-packages/airflow/example_dags/example_trigger_target_dag.py took 0.147 seconds
[2024-11-11T07:03:14.156+0000] {processor.py:186} INFO - Started process (PID=1910) to work on /home/airflow/.local/lib/python3.12/site-packages/airflow/example_dags/example_trigger_target_dag.py
[2024-11-11T07:03:14.158+0000] {processor.py:914} INFO - Processing file /home/airflow/.local/lib/python3.12/site-packages/airflow/example_dags/example_trigger_target_dag.py for tasks to queue
[2024-11-11T07:03:14.167+0000] {logging_mixin.py:190} INFO - [2024-11-11T07:03:14.166+0000] {dagbag.py:588} INFO - Filling up the DagBag from /home/airflow/.local/lib/python3.12/site-packages/airflow/example_dags/example_trigger_target_dag.py
[2024-11-11T07:03:14.189+0000] {processor.py:925} INFO - DAG(s) 'example_trigger_target_dag' retrieved from /home/airflow/.local/lib/python3.12/site-packages/airflow/example_dags/example_trigger_target_dag.py
[2024-11-11T07:03:14.264+0000] {logging_mixin.py:190} INFO - [2024-11-11T07:03:14.264+0000] {dag.py:3239} INFO - Sync 1 DAGs
[2024-11-11T07:03:14.306+0000] {logging_mixin.py:190} INFO - [2024-11-11T07:03:14.306+0000] {dag.py:4180} INFO - Setting next_dagrun for example_trigger_target_dag to None, run_after=None
[2024-11-11T07:03:14.374+0000] {processor.py:208} INFO - Processing /home/airflow/.local/lib/python3.12/site-packages/airflow/example_dags/example_trigger_target_dag.py took 0.233 seconds
[2024-11-11T07:03:45.201+0000] {processor.py:186} INFO - Started process (PID=1973) to work on /home/airflow/.local/lib/python3.12/site-packages/airflow/example_dags/example_trigger_target_dag.py
[2024-11-11T07:03:45.202+0000] {processor.py:914} INFO - Processing file /home/airflow/.local/lib/python3.12/site-packages/airflow/example_dags/example_trigger_target_dag.py for tasks to queue
[2024-11-11T07:03:45.210+0000] {logging_mixin.py:190} INFO - [2024-11-11T07:03:45.209+0000] {dagbag.py:588} INFO - Filling up the DagBag from /home/airflow/.local/lib/python3.12/site-packages/airflow/example_dags/example_trigger_target_dag.py
[2024-11-11T07:03:45.230+0000] {processor.py:925} INFO - DAG(s) 'example_trigger_target_dag' retrieved from /home/airflow/.local/lib/python3.12/site-packages/airflow/example_dags/example_trigger_target_dag.py
[2024-11-11T07:03:45.367+0000] {logging_mixin.py:190} INFO - [2024-11-11T07:03:45.367+0000] {dag.py:3239} INFO - Sync 1 DAGs
[2024-11-11T07:03:45.539+0000] {logging_mixin.py:190} INFO - [2024-11-11T07:03:45.538+0000] {dag.py:4180} INFO - Setting next_dagrun for example_trigger_target_dag to None, run_after=None
[2024-11-11T07:03:45.588+0000] {processor.py:208} INFO - Processing /home/airflow/.local/lib/python3.12/site-packages/airflow/example_dags/example_trigger_target_dag.py took 0.406 seconds
