[2024-11-11T06:48:21.476+0000] {processor.py:186} INFO - Started process (PID=53) to work on /home/airflow/.local/lib/python3.12/site-packages/airflow/example_dags/example_bash_operator.py
[2024-11-11T06:48:21.478+0000] {processor.py:914} INFO - Processing file /home/airflow/.local/lib/python3.12/site-packages/airflow/example_dags/example_bash_operator.py for tasks to queue
[2024-11-11T06:48:21.482+0000] {logging_mixin.py:190} INFO - [2024-11-11T06:48:21.482+0000] {dagbag.py:588} INFO - Filling up the DagBag from /home/airflow/.local/lib/python3.12/site-packages/airflow/example_dags/example_bash_operator.py
[2024-11-11T06:48:21.501+0000] {processor.py:925} INFO - DAG(s) 'example_bash_operator' retrieved from /home/airflow/.local/lib/python3.12/site-packages/airflow/example_dags/example_bash_operator.py
[2024-11-11T06:48:21.663+0000] {logging_mixin.py:190} INFO - [2024-11-11T06:48:21.663+0000] {override.py:1911} INFO - Created Permission View: can read on DAG:example_bash_operator
[2024-11-11T06:48:21.677+0000] {logging_mixin.py:190} INFO - [2024-11-11T06:48:21.677+0000] {override.py:1911} INFO - Created Permission View: can delete on DAG:example_bash_operator
[2024-11-11T06:48:21.689+0000] {logging_mixin.py:190} INFO - [2024-11-11T06:48:21.689+0000] {override.py:1911} INFO - Created Permission View: can edit on DAG:example_bash_operator
[2024-11-11T06:48:21.704+0000] {logging_mixin.py:190} INFO - [2024-11-11T06:48:21.704+0000] {override.py:1911} INFO - Created Permission View: menu access on DAG Run:example_bash_operator
[2024-11-11T06:48:21.716+0000] {logging_mixin.py:190} INFO - [2024-11-11T06:48:21.715+0000] {override.py:1911} INFO - Created Permission View: can read on DAG Run:example_bash_operator
[2024-11-11T06:48:21.728+0000] {logging_mixin.py:190} INFO - [2024-11-11T06:48:21.727+0000] {override.py:1911} INFO - Created Permission View: can delete on DAG Run:example_bash_operator
[2024-11-11T06:48:21.739+0000] {logging_mixin.py:190} INFO - [2024-11-11T06:48:21.738+0000] {override.py:1911} INFO - Created Permission View: can create on DAG Run:example_bash_operator
[2024-11-11T06:48:21.740+0000] {logging_mixin.py:190} INFO - [2024-11-11T06:48:21.740+0000] {dag.py:3239} INFO - Sync 1 DAGs
[2024-11-11T06:48:21.756+0000] {logging_mixin.py:190} INFO - [2024-11-11T06:48:21.756+0000] {dag.py:3262} INFO - Creating ORM DAG for example_bash_operator
[2024-11-11T06:48:21.772+0000] {logging_mixin.py:190} INFO - [2024-11-11T06:48:21.772+0000] {dag.py:4180} INFO - Setting next_dagrun for example_bash_operator to 2024-11-10 00:00:00+00:00, run_after=2024-11-11 00:00:00+00:00
[2024-11-11T06:48:21.795+0000] {processor.py:208} INFO - Processing /home/airflow/.local/lib/python3.12/site-packages/airflow/example_dags/example_bash_operator.py took 0.329 seconds
[2024-11-11T06:48:52.357+0000] {processor.py:186} INFO - Started process (PID=117) to work on /home/airflow/.local/lib/python3.12/site-packages/airflow/example_dags/example_bash_operator.py
[2024-11-11T06:48:52.360+0000] {processor.py:914} INFO - Processing file /home/airflow/.local/lib/python3.12/site-packages/airflow/example_dags/example_bash_operator.py for tasks to queue
[2024-11-11T06:48:52.365+0000] {logging_mixin.py:190} INFO - [2024-11-11T06:48:52.364+0000] {dagbag.py:588} INFO - Filling up the DagBag from /home/airflow/.local/lib/python3.12/site-packages/airflow/example_dags/example_bash_operator.py
[2024-11-11T06:48:52.395+0000] {processor.py:925} INFO - DAG(s) 'example_bash_operator' retrieved from /home/airflow/.local/lib/python3.12/site-packages/airflow/example_dags/example_bash_operator.py
[2024-11-11T06:48:52.460+0000] {logging_mixin.py:190} INFO - [2024-11-11T06:48:52.459+0000] {dag.py:3239} INFO - Sync 1 DAGs
[2024-11-11T06:48:52.501+0000] {logging_mixin.py:190} INFO - [2024-11-11T06:48:52.500+0000] {dag.py:4180} INFO - Setting next_dagrun for example_bash_operator to 2024-11-10 00:00:00+00:00, run_after=2024-11-11 00:00:00+00:00
[2024-11-11T06:48:52.540+0000] {processor.py:208} INFO - Processing /home/airflow/.local/lib/python3.12/site-packages/airflow/example_dags/example_bash_operator.py took 0.193 seconds
[2024-11-11T06:49:22.688+0000] {processor.py:186} INFO - Started process (PID=181) to work on /home/airflow/.local/lib/python3.12/site-packages/airflow/example_dags/example_bash_operator.py
[2024-11-11T06:49:22.690+0000] {processor.py:914} INFO - Processing file /home/airflow/.local/lib/python3.12/site-packages/airflow/example_dags/example_bash_operator.py for tasks to queue
[2024-11-11T06:49:22.694+0000] {logging_mixin.py:190} INFO - [2024-11-11T06:49:22.693+0000] {dagbag.py:588} INFO - Filling up the DagBag from /home/airflow/.local/lib/python3.12/site-packages/airflow/example_dags/example_bash_operator.py
[2024-11-11T06:49:22.716+0000] {processor.py:925} INFO - DAG(s) 'example_bash_operator' retrieved from /home/airflow/.local/lib/python3.12/site-packages/airflow/example_dags/example_bash_operator.py
[2024-11-11T06:49:22.777+0000] {logging_mixin.py:190} INFO - [2024-11-11T06:49:22.777+0000] {dag.py:3239} INFO - Sync 1 DAGs
[2024-11-11T06:49:22.816+0000] {logging_mixin.py:190} INFO - [2024-11-11T06:49:22.815+0000] {dag.py:4180} INFO - Setting next_dagrun for example_bash_operator to 2024-11-10 00:00:00+00:00, run_after=2024-11-11 00:00:00+00:00
[2024-11-11T06:49:22.849+0000] {processor.py:208} INFO - Processing /home/airflow/.local/lib/python3.12/site-packages/airflow/example_dags/example_bash_operator.py took 0.171 seconds
[2024-11-11T06:49:52.952+0000] {processor.py:186} INFO - Started process (PID=244) to work on /home/airflow/.local/lib/python3.12/site-packages/airflow/example_dags/example_bash_operator.py
[2024-11-11T06:49:52.954+0000] {processor.py:914} INFO - Processing file /home/airflow/.local/lib/python3.12/site-packages/airflow/example_dags/example_bash_operator.py for tasks to queue
[2024-11-11T06:49:52.957+0000] {logging_mixin.py:190} INFO - [2024-11-11T06:49:52.957+0000] {dagbag.py:588} INFO - Filling up the DagBag from /home/airflow/.local/lib/python3.12/site-packages/airflow/example_dags/example_bash_operator.py
[2024-11-11T06:49:52.985+0000] {processor.py:925} INFO - DAG(s) 'example_bash_operator' retrieved from /home/airflow/.local/lib/python3.12/site-packages/airflow/example_dags/example_bash_operator.py
[2024-11-11T06:49:53.031+0000] {logging_mixin.py:190} INFO - [2024-11-11T06:49:53.031+0000] {dag.py:3239} INFO - Sync 1 DAGs
[2024-11-11T06:49:53.069+0000] {logging_mixin.py:190} INFO - [2024-11-11T06:49:53.068+0000] {dag.py:4180} INFO - Setting next_dagrun for example_bash_operator to 2024-11-10 00:00:00+00:00, run_after=2024-11-11 00:00:00+00:00
[2024-11-11T06:49:53.100+0000] {processor.py:208} INFO - Processing /home/airflow/.local/lib/python3.12/site-packages/airflow/example_dags/example_bash_operator.py took 0.155 seconds
[2024-11-11T06:50:24.785+0000] {processor.py:186} INFO - Started process (PID=308) to work on /home/airflow/.local/lib/python3.12/site-packages/airflow/example_dags/example_bash_operator.py
[2024-11-11T06:50:24.787+0000] {processor.py:914} INFO - Processing file /home/airflow/.local/lib/python3.12/site-packages/airflow/example_dags/example_bash_operator.py for tasks to queue
[2024-11-11T06:50:24.791+0000] {logging_mixin.py:190} INFO - [2024-11-11T06:50:24.790+0000] {dagbag.py:588} INFO - Filling up the DagBag from /home/airflow/.local/lib/python3.12/site-packages/airflow/example_dags/example_bash_operator.py
[2024-11-11T06:50:24.810+0000] {processor.py:925} INFO - DAG(s) 'example_bash_operator' retrieved from /home/airflow/.local/lib/python3.12/site-packages/airflow/example_dags/example_bash_operator.py
[2024-11-11T06:50:24.863+0000] {logging_mixin.py:190} INFO - [2024-11-11T06:50:24.862+0000] {dag.py:3239} INFO - Sync 1 DAGs
[2024-11-11T06:50:24.914+0000] {logging_mixin.py:190} INFO - [2024-11-11T06:50:24.914+0000] {dag.py:4180} INFO - Setting next_dagrun for example_bash_operator to 2024-11-10 00:00:00+00:00, run_after=2024-11-11 00:00:00+00:00
[2024-11-11T06:50:24.954+0000] {processor.py:208} INFO - Processing /home/airflow/.local/lib/python3.12/site-packages/airflow/example_dags/example_bash_operator.py took 0.185 seconds
[2024-11-11T06:50:56.195+0000] {processor.py:186} INFO - Started process (PID=372) to work on /home/airflow/.local/lib/python3.12/site-packages/airflow/example_dags/example_bash_operator.py
[2024-11-11T06:50:56.198+0000] {processor.py:914} INFO - Processing file /home/airflow/.local/lib/python3.12/site-packages/airflow/example_dags/example_bash_operator.py for tasks to queue
[2024-11-11T06:50:56.204+0000] {logging_mixin.py:190} INFO - [2024-11-11T06:50:56.203+0000] {dagbag.py:588} INFO - Filling up the DagBag from /home/airflow/.local/lib/python3.12/site-packages/airflow/example_dags/example_bash_operator.py
[2024-11-11T06:50:56.237+0000] {processor.py:925} INFO - DAG(s) 'example_bash_operator' retrieved from /home/airflow/.local/lib/python3.12/site-packages/airflow/example_dags/example_bash_operator.py
[2024-11-11T06:50:56.291+0000] {logging_mixin.py:190} INFO - [2024-11-11T06:50:56.291+0000] {dag.py:3239} INFO - Sync 1 DAGs
[2024-11-11T06:50:56.342+0000] {logging_mixin.py:190} INFO - [2024-11-11T06:50:56.341+0000] {dag.py:4180} INFO - Setting next_dagrun for example_bash_operator to 2024-11-10 00:00:00+00:00, run_after=2024-11-11 00:00:00+00:00
[2024-11-11T06:50:56.390+0000] {processor.py:208} INFO - Processing /home/airflow/.local/lib/python3.12/site-packages/airflow/example_dags/example_bash_operator.py took 0.207 seconds
[2024-11-11T06:51:26.857+0000] {processor.py:186} INFO - Started process (PID=436) to work on /home/airflow/.local/lib/python3.12/site-packages/airflow/example_dags/example_bash_operator.py
[2024-11-11T06:51:26.860+0000] {processor.py:914} INFO - Processing file /home/airflow/.local/lib/python3.12/site-packages/airflow/example_dags/example_bash_operator.py for tasks to queue
[2024-11-11T06:51:26.870+0000] {logging_mixin.py:190} INFO - [2024-11-11T06:51:26.868+0000] {dagbag.py:588} INFO - Filling up the DagBag from /home/airflow/.local/lib/python3.12/site-packages/airflow/example_dags/example_bash_operator.py
[2024-11-11T06:51:26.931+0000] {processor.py:925} INFO - DAG(s) 'example_bash_operator' retrieved from /home/airflow/.local/lib/python3.12/site-packages/airflow/example_dags/example_bash_operator.py
[2024-11-11T06:51:27.087+0000] {logging_mixin.py:190} INFO - [2024-11-11T06:51:27.085+0000] {dag.py:3239} INFO - Sync 1 DAGs
[2024-11-11T06:51:27.199+0000] {logging_mixin.py:190} INFO - [2024-11-11T06:51:27.198+0000] {dag.py:4180} INFO - Setting next_dagrun for example_bash_operator to 2024-11-10 00:00:00+00:00, run_after=2024-11-11 00:00:00+00:00
[2024-11-11T06:51:27.276+0000] {processor.py:208} INFO - Processing /home/airflow/.local/lib/python3.12/site-packages/airflow/example_dags/example_bash_operator.py took 0.439 seconds
[2024-11-11T06:51:58.115+0000] {processor.py:186} INFO - Started process (PID=500) to work on /home/airflow/.local/lib/python3.12/site-packages/airflow/example_dags/example_bash_operator.py
[2024-11-11T06:51:58.116+0000] {processor.py:914} INFO - Processing file /home/airflow/.local/lib/python3.12/site-packages/airflow/example_dags/example_bash_operator.py for tasks to queue
[2024-11-11T06:51:58.120+0000] {logging_mixin.py:190} INFO - [2024-11-11T06:51:58.119+0000] {dagbag.py:588} INFO - Filling up the DagBag from /home/airflow/.local/lib/python3.12/site-packages/airflow/example_dags/example_bash_operator.py
[2024-11-11T06:51:58.137+0000] {processor.py:925} INFO - DAG(s) 'example_bash_operator' retrieved from /home/airflow/.local/lib/python3.12/site-packages/airflow/example_dags/example_bash_operator.py
[2024-11-11T06:51:58.180+0000] {logging_mixin.py:190} INFO - [2024-11-11T06:51:58.180+0000] {dag.py:3239} INFO - Sync 1 DAGs
[2024-11-11T06:51:58.259+0000] {logging_mixin.py:190} INFO - [2024-11-11T06:51:58.259+0000] {dag.py:4180} INFO - Setting next_dagrun for example_bash_operator to 2024-11-10 00:00:00+00:00, run_after=2024-11-11 00:00:00+00:00
[2024-11-11T06:51:58.320+0000] {processor.py:208} INFO - Processing /home/airflow/.local/lib/python3.12/site-packages/airflow/example_dags/example_bash_operator.py took 0.213 seconds
[2024-11-11T06:52:28.554+0000] {processor.py:186} INFO - Started process (PID=564) to work on /home/airflow/.local/lib/python3.12/site-packages/airflow/example_dags/example_bash_operator.py
[2024-11-11T06:52:28.561+0000] {processor.py:914} INFO - Processing file /home/airflow/.local/lib/python3.12/site-packages/airflow/example_dags/example_bash_operator.py for tasks to queue
[2024-11-11T06:52:28.572+0000] {logging_mixin.py:190} INFO - [2024-11-11T06:52:28.571+0000] {dagbag.py:588} INFO - Filling up the DagBag from /home/airflow/.local/lib/python3.12/site-packages/airflow/example_dags/example_bash_operator.py
[2024-11-11T06:52:28.614+0000] {processor.py:925} INFO - DAG(s) 'example_bash_operator' retrieved from /home/airflow/.local/lib/python3.12/site-packages/airflow/example_dags/example_bash_operator.py
[2024-11-11T06:52:28.699+0000] {logging_mixin.py:190} INFO - [2024-11-11T06:52:28.699+0000] {dag.py:3239} INFO - Sync 1 DAGs
[2024-11-11T06:52:28.777+0000] {logging_mixin.py:190} INFO - [2024-11-11T06:52:28.774+0000] {dag.py:4180} INFO - Setting next_dagrun for example_bash_operator to 2024-11-10 00:00:00+00:00, run_after=2024-11-11 00:00:00+00:00
[2024-11-11T06:52:28.855+0000] {processor.py:208} INFO - Processing /home/airflow/.local/lib/python3.12/site-packages/airflow/example_dags/example_bash_operator.py took 0.321 seconds
[2024-11-11T06:52:58.998+0000] {processor.py:186} INFO - Started process (PID=629) to work on /home/airflow/.local/lib/python3.12/site-packages/airflow/example_dags/example_bash_operator.py
[2024-11-11T06:52:59.007+0000] {processor.py:914} INFO - Processing file /home/airflow/.local/lib/python3.12/site-packages/airflow/example_dags/example_bash_operator.py for tasks to queue
[2024-11-11T06:52:59.031+0000] {logging_mixin.py:190} INFO - [2024-11-11T06:52:59.027+0000] {dagbag.py:588} INFO - Filling up the DagBag from /home/airflow/.local/lib/python3.12/site-packages/airflow/example_dags/example_bash_operator.py
[2024-11-11T06:52:59.322+0000] {processor.py:925} INFO - DAG(s) 'example_bash_operator' retrieved from /home/airflow/.local/lib/python3.12/site-packages/airflow/example_dags/example_bash_operator.py
[2024-11-11T06:52:59.832+0000] {logging_mixin.py:190} INFO - [2024-11-11T06:52:59.831+0000] {dag.py:3239} INFO - Sync 1 DAGs
[2024-11-11T06:53:00.029+0000] {logging_mixin.py:190} INFO - [2024-11-11T06:53:00.028+0000] {dag.py:4180} INFO - Setting next_dagrun for example_bash_operator to 2024-11-10 00:00:00+00:00, run_after=2024-11-11 00:00:00+00:00
[2024-11-11T06:53:00.121+0000] {processor.py:208} INFO - Processing /home/airflow/.local/lib/python3.12/site-packages/airflow/example_dags/example_bash_operator.py took 1.176 seconds
[2024-11-11T06:53:30.285+0000] {processor.py:186} INFO - Started process (PID=691) to work on /home/airflow/.local/lib/python3.12/site-packages/airflow/example_dags/example_bash_operator.py
[2024-11-11T06:53:30.287+0000] {processor.py:914} INFO - Processing file /home/airflow/.local/lib/python3.12/site-packages/airflow/example_dags/example_bash_operator.py for tasks to queue
[2024-11-11T06:53:30.291+0000] {logging_mixin.py:190} INFO - [2024-11-11T06:53:30.291+0000] {dagbag.py:588} INFO - Filling up the DagBag from /home/airflow/.local/lib/python3.12/site-packages/airflow/example_dags/example_bash_operator.py
[2024-11-11T06:53:30.309+0000] {processor.py:925} INFO - DAG(s) 'example_bash_operator' retrieved from /home/airflow/.local/lib/python3.12/site-packages/airflow/example_dags/example_bash_operator.py
[2024-11-11T06:53:30.342+0000] {logging_mixin.py:190} INFO - [2024-11-11T06:53:30.342+0000] {dag.py:3239} INFO - Sync 1 DAGs
[2024-11-11T06:53:30.369+0000] {logging_mixin.py:190} INFO - [2024-11-11T06:53:30.369+0000] {dag.py:4180} INFO - Setting next_dagrun for example_bash_operator to 2024-11-10 00:00:00+00:00, run_after=2024-11-11 00:00:00+00:00
[2024-11-11T06:53:30.396+0000] {processor.py:208} INFO - Processing /home/airflow/.local/lib/python3.12/site-packages/airflow/example_dags/example_bash_operator.py took 0.119 seconds
[2024-11-11T06:54:01.142+0000] {processor.py:186} INFO - Started process (PID=755) to work on /home/airflow/.local/lib/python3.12/site-packages/airflow/example_dags/example_bash_operator.py
[2024-11-11T06:54:01.145+0000] {processor.py:914} INFO - Processing file /home/airflow/.local/lib/python3.12/site-packages/airflow/example_dags/example_bash_operator.py for tasks to queue
[2024-11-11T06:54:01.151+0000] {logging_mixin.py:190} INFO - [2024-11-11T06:54:01.151+0000] {dagbag.py:588} INFO - Filling up the DagBag from /home/airflow/.local/lib/python3.12/site-packages/airflow/example_dags/example_bash_operator.py
[2024-11-11T06:54:01.179+0000] {processor.py:925} INFO - DAG(s) 'example_bash_operator' retrieved from /home/airflow/.local/lib/python3.12/site-packages/airflow/example_dags/example_bash_operator.py
[2024-11-11T06:54:01.219+0000] {logging_mixin.py:190} INFO - [2024-11-11T06:54:01.219+0000] {dag.py:3239} INFO - Sync 1 DAGs
[2024-11-11T06:54:01.251+0000] {logging_mixin.py:190} INFO - [2024-11-11T06:54:01.250+0000] {dag.py:4180} INFO - Setting next_dagrun for example_bash_operator to 2024-11-10 00:00:00+00:00, run_after=2024-11-11 00:00:00+00:00
[2024-11-11T06:54:01.297+0000] {processor.py:208} INFO - Processing /home/airflow/.local/lib/python3.12/site-packages/airflow/example_dags/example_bash_operator.py took 0.170 seconds
[2024-11-11T06:54:31.839+0000] {processor.py:186} INFO - Started process (PID=819) to work on /home/airflow/.local/lib/python3.12/site-packages/airflow/example_dags/example_bash_operator.py
[2024-11-11T06:54:31.840+0000] {processor.py:914} INFO - Processing file /home/airflow/.local/lib/python3.12/site-packages/airflow/example_dags/example_bash_operator.py for tasks to queue
[2024-11-11T06:54:31.845+0000] {logging_mixin.py:190} INFO - [2024-11-11T06:54:31.845+0000] {dagbag.py:588} INFO - Filling up the DagBag from /home/airflow/.local/lib/python3.12/site-packages/airflow/example_dags/example_bash_operator.py
[2024-11-11T06:54:31.863+0000] {processor.py:925} INFO - DAG(s) 'example_bash_operator' retrieved from /home/airflow/.local/lib/python3.12/site-packages/airflow/example_dags/example_bash_operator.py
[2024-11-11T06:54:31.901+0000] {logging_mixin.py:190} INFO - [2024-11-11T06:54:31.900+0000] {dag.py:3239} INFO - Sync 1 DAGs
[2024-11-11T06:54:31.931+0000] {logging_mixin.py:190} INFO - [2024-11-11T06:54:31.930+0000] {dag.py:4180} INFO - Setting next_dagrun for example_bash_operator to 2024-11-10 00:00:00+00:00, run_after=2024-11-11 00:00:00+00:00
[2024-11-11T06:54:31.961+0000] {processor.py:208} INFO - Processing /home/airflow/.local/lib/python3.12/site-packages/airflow/example_dags/example_bash_operator.py took 0.129 seconds
[2024-11-11T06:55:02.150+0000] {processor.py:186} INFO - Started process (PID=883) to work on /home/airflow/.local/lib/python3.12/site-packages/airflow/example_dags/example_bash_operator.py
[2024-11-11T06:55:02.152+0000] {processor.py:914} INFO - Processing file /home/airflow/.local/lib/python3.12/site-packages/airflow/example_dags/example_bash_operator.py for tasks to queue
[2024-11-11T06:55:02.166+0000] {logging_mixin.py:190} INFO - [2024-11-11T06:55:02.165+0000] {dagbag.py:588} INFO - Filling up the DagBag from /home/airflow/.local/lib/python3.12/site-packages/airflow/example_dags/example_bash_operator.py
[2024-11-11T06:55:02.190+0000] {processor.py:925} INFO - DAG(s) 'example_bash_operator' retrieved from /home/airflow/.local/lib/python3.12/site-packages/airflow/example_dags/example_bash_operator.py
[2024-11-11T06:55:02.224+0000] {logging_mixin.py:190} INFO - [2024-11-11T06:55:02.224+0000] {dag.py:3239} INFO - Sync 1 DAGs
[2024-11-11T06:55:02.253+0000] {logging_mixin.py:190} INFO - [2024-11-11T06:55:02.253+0000] {dag.py:4180} INFO - Setting next_dagrun for example_bash_operator to 2024-11-10 00:00:00+00:00, run_after=2024-11-11 00:00:00+00:00
[2024-11-11T06:55:02.282+0000] {processor.py:208} INFO - Processing /home/airflow/.local/lib/python3.12/site-packages/airflow/example_dags/example_bash_operator.py took 0.142 seconds
[2024-11-11T06:55:32.449+0000] {processor.py:186} INFO - Started process (PID=947) to work on /home/airflow/.local/lib/python3.12/site-packages/airflow/example_dags/example_bash_operator.py
[2024-11-11T06:55:32.452+0000] {processor.py:914} INFO - Processing file /home/airflow/.local/lib/python3.12/site-packages/airflow/example_dags/example_bash_operator.py for tasks to queue
[2024-11-11T06:55:32.458+0000] {logging_mixin.py:190} INFO - [2024-11-11T06:55:32.458+0000] {dagbag.py:588} INFO - Filling up the DagBag from /home/airflow/.local/lib/python3.12/site-packages/airflow/example_dags/example_bash_operator.py
[2024-11-11T06:55:32.478+0000] {processor.py:925} INFO - DAG(s) 'example_bash_operator' retrieved from /home/airflow/.local/lib/python3.12/site-packages/airflow/example_dags/example_bash_operator.py
[2024-11-11T06:55:32.532+0000] {logging_mixin.py:190} INFO - [2024-11-11T06:55:32.532+0000] {dag.py:3239} INFO - Sync 1 DAGs
[2024-11-11T06:55:32.566+0000] {logging_mixin.py:190} INFO - [2024-11-11T06:55:32.566+0000] {dag.py:4180} INFO - Setting next_dagrun for example_bash_operator to 2024-11-10 00:00:00+00:00, run_after=2024-11-11 00:00:00+00:00
[2024-11-11T06:55:32.606+0000] {processor.py:208} INFO - Processing /home/airflow/.local/lib/python3.12/site-packages/airflow/example_dags/example_bash_operator.py took 0.165 seconds
[2024-11-11T06:56:02.881+0000] {processor.py:186} INFO - Started process (PID=1011) to work on /home/airflow/.local/lib/python3.12/site-packages/airflow/example_dags/example_bash_operator.py
[2024-11-11T06:56:02.883+0000] {processor.py:914} INFO - Processing file /home/airflow/.local/lib/python3.12/site-packages/airflow/example_dags/example_bash_operator.py for tasks to queue
[2024-11-11T06:56:02.889+0000] {logging_mixin.py:190} INFO - [2024-11-11T06:56:02.888+0000] {dagbag.py:588} INFO - Filling up the DagBag from /home/airflow/.local/lib/python3.12/site-packages/airflow/example_dags/example_bash_operator.py
[2024-11-11T06:56:02.912+0000] {processor.py:925} INFO - DAG(s) 'example_bash_operator' retrieved from /home/airflow/.local/lib/python3.12/site-packages/airflow/example_dags/example_bash_operator.py
[2024-11-11T06:56:02.955+0000] {logging_mixin.py:190} INFO - [2024-11-11T06:56:02.955+0000] {dag.py:3239} INFO - Sync 1 DAGs
[2024-11-11T06:56:02.988+0000] {logging_mixin.py:190} INFO - [2024-11-11T06:56:02.987+0000] {dag.py:4180} INFO - Setting next_dagrun for example_bash_operator to 2024-11-10 00:00:00+00:00, run_after=2024-11-11 00:00:00+00:00
[2024-11-11T06:56:03.024+0000] {processor.py:208} INFO - Processing /home/airflow/.local/lib/python3.12/site-packages/airflow/example_dags/example_bash_operator.py took 0.152 seconds
[2024-11-11T06:56:33.467+0000] {processor.py:186} INFO - Started process (PID=1075) to work on /home/airflow/.local/lib/python3.12/site-packages/airflow/example_dags/example_bash_operator.py
[2024-11-11T06:56:33.469+0000] {processor.py:914} INFO - Processing file /home/airflow/.local/lib/python3.12/site-packages/airflow/example_dags/example_bash_operator.py for tasks to queue
[2024-11-11T06:56:33.474+0000] {logging_mixin.py:190} INFO - [2024-11-11T06:56:33.473+0000] {dagbag.py:588} INFO - Filling up the DagBag from /home/airflow/.local/lib/python3.12/site-packages/airflow/example_dags/example_bash_operator.py
[2024-11-11T06:56:33.491+0000] {processor.py:925} INFO - DAG(s) 'example_bash_operator' retrieved from /home/airflow/.local/lib/python3.12/site-packages/airflow/example_dags/example_bash_operator.py
[2024-11-11T06:56:33.523+0000] {logging_mixin.py:190} INFO - [2024-11-11T06:56:33.523+0000] {dag.py:3239} INFO - Sync 1 DAGs
[2024-11-11T06:56:33.553+0000] {logging_mixin.py:190} INFO - [2024-11-11T06:56:33.552+0000] {dag.py:4180} INFO - Setting next_dagrun for example_bash_operator to 2024-11-10 00:00:00+00:00, run_after=2024-11-11 00:00:00+00:00
[2024-11-11T06:56:33.577+0000] {processor.py:208} INFO - Processing /home/airflow/.local/lib/python3.12/site-packages/airflow/example_dags/example_bash_operator.py took 0.121 seconds
[2024-11-11T06:57:03.921+0000] {processor.py:186} INFO - Started process (PID=1139) to work on /home/airflow/.local/lib/python3.12/site-packages/airflow/example_dags/example_bash_operator.py
[2024-11-11T06:57:03.923+0000] {processor.py:914} INFO - Processing file /home/airflow/.local/lib/python3.12/site-packages/airflow/example_dags/example_bash_operator.py for tasks to queue
[2024-11-11T06:57:03.927+0000] {logging_mixin.py:190} INFO - [2024-11-11T06:57:03.927+0000] {dagbag.py:588} INFO - Filling up the DagBag from /home/airflow/.local/lib/python3.12/site-packages/airflow/example_dags/example_bash_operator.py
[2024-11-11T06:57:03.943+0000] {processor.py:925} INFO - DAG(s) 'example_bash_operator' retrieved from /home/airflow/.local/lib/python3.12/site-packages/airflow/example_dags/example_bash_operator.py
[2024-11-11T06:57:03.976+0000] {logging_mixin.py:190} INFO - [2024-11-11T06:57:03.976+0000] {dag.py:3239} INFO - Sync 1 DAGs
[2024-11-11T06:57:04.005+0000] {logging_mixin.py:190} INFO - [2024-11-11T06:57:04.005+0000] {dag.py:4180} INFO - Setting next_dagrun for example_bash_operator to 2024-11-10 00:00:00+00:00, run_after=2024-11-11 00:00:00+00:00
[2024-11-11T06:57:04.029+0000] {processor.py:208} INFO - Processing /home/airflow/.local/lib/python3.12/site-packages/airflow/example_dags/example_bash_operator.py took 0.114 seconds
[2024-11-11T06:57:34.450+0000] {processor.py:186} INFO - Started process (PID=1203) to work on /home/airflow/.local/lib/python3.12/site-packages/airflow/example_dags/example_bash_operator.py
[2024-11-11T06:57:34.452+0000] {processor.py:914} INFO - Processing file /home/airflow/.local/lib/python3.12/site-packages/airflow/example_dags/example_bash_operator.py for tasks to queue
[2024-11-11T06:57:34.456+0000] {logging_mixin.py:190} INFO - [2024-11-11T06:57:34.455+0000] {dagbag.py:588} INFO - Filling up the DagBag from /home/airflow/.local/lib/python3.12/site-packages/airflow/example_dags/example_bash_operator.py
[2024-11-11T06:57:34.471+0000] {processor.py:925} INFO - DAG(s) 'example_bash_operator' retrieved from /home/airflow/.local/lib/python3.12/site-packages/airflow/example_dags/example_bash_operator.py
[2024-11-11T06:57:34.504+0000] {logging_mixin.py:190} INFO - [2024-11-11T06:57:34.503+0000] {dag.py:3239} INFO - Sync 1 DAGs
[2024-11-11T06:57:34.533+0000] {logging_mixin.py:190} INFO - [2024-11-11T06:57:34.533+0000] {dag.py:4180} INFO - Setting next_dagrun for example_bash_operator to 2024-11-10 00:00:00+00:00, run_after=2024-11-11 00:00:00+00:00
[2024-11-11T06:57:34.557+0000] {processor.py:208} INFO - Processing /home/airflow/.local/lib/python3.12/site-packages/airflow/example_dags/example_bash_operator.py took 0.114 seconds
[2024-11-11T06:58:05.491+0000] {processor.py:186} INFO - Started process (PID=1267) to work on /home/airflow/.local/lib/python3.12/site-packages/airflow/example_dags/example_bash_operator.py
[2024-11-11T06:58:05.498+0000] {processor.py:914} INFO - Processing file /home/airflow/.local/lib/python3.12/site-packages/airflow/example_dags/example_bash_operator.py for tasks to queue
[2024-11-11T06:58:05.506+0000] {logging_mixin.py:190} INFO - [2024-11-11T06:58:05.505+0000] {dagbag.py:588} INFO - Filling up the DagBag from /home/airflow/.local/lib/python3.12/site-packages/airflow/example_dags/example_bash_operator.py
[2024-11-11T06:58:05.532+0000] {processor.py:925} INFO - DAG(s) 'example_bash_operator' retrieved from /home/airflow/.local/lib/python3.12/site-packages/airflow/example_dags/example_bash_operator.py
[2024-11-11T06:58:05.593+0000] {logging_mixin.py:190} INFO - [2024-11-11T06:58:05.592+0000] {dag.py:3239} INFO - Sync 1 DAGs
[2024-11-11T06:58:05.681+0000] {logging_mixin.py:190} INFO - [2024-11-11T06:58:05.680+0000] {dag.py:4180} INFO - Setting next_dagrun for example_bash_operator to 2024-11-10 00:00:00+00:00, run_after=2024-11-11 00:00:00+00:00
[2024-11-11T06:58:05.729+0000] {processor.py:208} INFO - Processing /home/airflow/.local/lib/python3.12/site-packages/airflow/example_dags/example_bash_operator.py took 0.259 seconds
[2024-11-11T06:58:36.661+0000] {processor.py:186} INFO - Started process (PID=1331) to work on /home/airflow/.local/lib/python3.12/site-packages/airflow/example_dags/example_bash_operator.py
[2024-11-11T06:58:36.662+0000] {processor.py:914} INFO - Processing file /home/airflow/.local/lib/python3.12/site-packages/airflow/example_dags/example_bash_operator.py for tasks to queue
[2024-11-11T06:58:36.667+0000] {logging_mixin.py:190} INFO - [2024-11-11T06:58:36.667+0000] {dagbag.py:588} INFO - Filling up the DagBag from /home/airflow/.local/lib/python3.12/site-packages/airflow/example_dags/example_bash_operator.py
[2024-11-11T06:58:36.685+0000] {processor.py:925} INFO - DAG(s) 'example_bash_operator' retrieved from /home/airflow/.local/lib/python3.12/site-packages/airflow/example_dags/example_bash_operator.py
[2024-11-11T06:58:36.730+0000] {logging_mixin.py:190} INFO - [2024-11-11T06:58:36.729+0000] {dag.py:3239} INFO - Sync 1 DAGs
[2024-11-11T06:58:36.769+0000] {logging_mixin.py:190} INFO - [2024-11-11T06:58:36.769+0000] {dag.py:4180} INFO - Setting next_dagrun for example_bash_operator to 2024-11-10 00:00:00+00:00, run_after=2024-11-11 00:00:00+00:00
[2024-11-11T06:58:36.797+0000] {processor.py:208} INFO - Processing /home/airflow/.local/lib/python3.12/site-packages/airflow/example_dags/example_bash_operator.py took 0.146 seconds
[2024-11-11T06:59:06.908+0000] {processor.py:186} INFO - Started process (PID=1395) to work on /home/airflow/.local/lib/python3.12/site-packages/airflow/example_dags/example_bash_operator.py
[2024-11-11T06:59:06.910+0000] {processor.py:914} INFO - Processing file /home/airflow/.local/lib/python3.12/site-packages/airflow/example_dags/example_bash_operator.py for tasks to queue
[2024-11-11T06:59:06.914+0000] {logging_mixin.py:190} INFO - [2024-11-11T06:59:06.913+0000] {dagbag.py:588} INFO - Filling up the DagBag from /home/airflow/.local/lib/python3.12/site-packages/airflow/example_dags/example_bash_operator.py
[2024-11-11T06:59:06.931+0000] {processor.py:925} INFO - DAG(s) 'example_bash_operator' retrieved from /home/airflow/.local/lib/python3.12/site-packages/airflow/example_dags/example_bash_operator.py
[2024-11-11T06:59:06.973+0000] {logging_mixin.py:190} INFO - [2024-11-11T06:59:06.972+0000] {dag.py:3239} INFO - Sync 1 DAGs
[2024-11-11T06:59:07.004+0000] {logging_mixin.py:190} INFO - [2024-11-11T06:59:07.003+0000] {dag.py:4180} INFO - Setting next_dagrun for example_bash_operator to 2024-11-10 00:00:00+00:00, run_after=2024-11-11 00:00:00+00:00
[2024-11-11T06:59:07.041+0000] {processor.py:208} INFO - Processing /home/airflow/.local/lib/python3.12/site-packages/airflow/example_dags/example_bash_operator.py took 0.141 seconds
[2024-11-11T06:59:37.363+0000] {processor.py:186} INFO - Started process (PID=1459) to work on /home/airflow/.local/lib/python3.12/site-packages/airflow/example_dags/example_bash_operator.py
[2024-11-11T06:59:37.365+0000] {processor.py:914} INFO - Processing file /home/airflow/.local/lib/python3.12/site-packages/airflow/example_dags/example_bash_operator.py for tasks to queue
[2024-11-11T06:59:37.375+0000] {logging_mixin.py:190} INFO - [2024-11-11T06:59:37.374+0000] {dagbag.py:588} INFO - Filling up the DagBag from /home/airflow/.local/lib/python3.12/site-packages/airflow/example_dags/example_bash_operator.py
[2024-11-11T06:59:37.403+0000] {processor.py:925} INFO - DAG(s) 'example_bash_operator' retrieved from /home/airflow/.local/lib/python3.12/site-packages/airflow/example_dags/example_bash_operator.py
[2024-11-11T06:59:37.451+0000] {logging_mixin.py:190} INFO - [2024-11-11T06:59:37.451+0000] {dag.py:3239} INFO - Sync 1 DAGs
[2024-11-11T06:59:37.494+0000] {logging_mixin.py:190} INFO - [2024-11-11T06:59:37.493+0000] {dag.py:4180} INFO - Setting next_dagrun for example_bash_operator to 2024-11-10 00:00:00+00:00, run_after=2024-11-11 00:00:00+00:00
[2024-11-11T06:59:37.541+0000] {processor.py:208} INFO - Processing /home/airflow/.local/lib/python3.12/site-packages/airflow/example_dags/example_bash_operator.py took 0.192 seconds
[2024-11-11T07:00:07.880+0000] {processor.py:186} INFO - Started process (PID=1523) to work on /home/airflow/.local/lib/python3.12/site-packages/airflow/example_dags/example_bash_operator.py
[2024-11-11T07:00:07.881+0000] {processor.py:914} INFO - Processing file /home/airflow/.local/lib/python3.12/site-packages/airflow/example_dags/example_bash_operator.py for tasks to queue
[2024-11-11T07:00:07.888+0000] {logging_mixin.py:190} INFO - [2024-11-11T07:00:07.888+0000] {dagbag.py:588} INFO - Filling up the DagBag from /home/airflow/.local/lib/python3.12/site-packages/airflow/example_dags/example_bash_operator.py
[2024-11-11T07:00:07.923+0000] {processor.py:925} INFO - DAG(s) 'example_bash_operator' retrieved from /home/airflow/.local/lib/python3.12/site-packages/airflow/example_dags/example_bash_operator.py
[2024-11-11T07:00:08.044+0000] {logging_mixin.py:190} INFO - [2024-11-11T07:00:08.043+0000] {dag.py:3239} INFO - Sync 1 DAGs
[2024-11-11T07:00:08.124+0000] {logging_mixin.py:190} INFO - [2024-11-11T07:00:08.123+0000] {dag.py:4180} INFO - Setting next_dagrun for example_bash_operator to 2024-11-10 00:00:00+00:00, run_after=2024-11-11 00:00:00+00:00
[2024-11-11T07:00:08.198+0000] {processor.py:208} INFO - Processing /home/airflow/.local/lib/python3.12/site-packages/airflow/example_dags/example_bash_operator.py took 0.327 seconds
[2024-11-11T07:00:38.542+0000] {processor.py:186} INFO - Started process (PID=1586) to work on /home/airflow/.local/lib/python3.12/site-packages/airflow/example_dags/example_bash_operator.py
[2024-11-11T07:00:38.545+0000] {processor.py:914} INFO - Processing file /home/airflow/.local/lib/python3.12/site-packages/airflow/example_dags/example_bash_operator.py for tasks to queue
[2024-11-11T07:00:38.549+0000] {logging_mixin.py:190} INFO - [2024-11-11T07:00:38.549+0000] {dagbag.py:588} INFO - Filling up the DagBag from /home/airflow/.local/lib/python3.12/site-packages/airflow/example_dags/example_bash_operator.py
[2024-11-11T07:00:38.577+0000] {processor.py:925} INFO - DAG(s) 'example_bash_operator' retrieved from /home/airflow/.local/lib/python3.12/site-packages/airflow/example_dags/example_bash_operator.py
[2024-11-11T07:00:38.633+0000] {logging_mixin.py:190} INFO - [2024-11-11T07:00:38.633+0000] {dag.py:3239} INFO - Sync 1 DAGs
[2024-11-11T07:00:38.712+0000] {logging_mixin.py:190} INFO - [2024-11-11T07:00:38.711+0000] {dag.py:4180} INFO - Setting next_dagrun for example_bash_operator to 2024-11-10 00:00:00+00:00, run_after=2024-11-11 00:00:00+00:00
[2024-11-11T07:00:38.772+0000] {processor.py:208} INFO - Processing /home/airflow/.local/lib/python3.12/site-packages/airflow/example_dags/example_bash_operator.py took 0.242 seconds
[2024-11-11T07:01:08.976+0000] {processor.py:186} INFO - Started process (PID=1649) to work on /home/airflow/.local/lib/python3.12/site-packages/airflow/example_dags/example_bash_operator.py
[2024-11-11T07:01:08.977+0000] {processor.py:914} INFO - Processing file /home/airflow/.local/lib/python3.12/site-packages/airflow/example_dags/example_bash_operator.py for tasks to queue
[2024-11-11T07:01:08.981+0000] {logging_mixin.py:190} INFO - [2024-11-11T07:01:08.980+0000] {dagbag.py:588} INFO - Filling up the DagBag from /home/airflow/.local/lib/python3.12/site-packages/airflow/example_dags/example_bash_operator.py
[2024-11-11T07:01:08.999+0000] {processor.py:925} INFO - DAG(s) 'example_bash_operator' retrieved from /home/airflow/.local/lib/python3.12/site-packages/airflow/example_dags/example_bash_operator.py
[2024-11-11T07:01:09.055+0000] {logging_mixin.py:190} INFO - [2024-11-11T07:01:09.054+0000] {dag.py:3239} INFO - Sync 1 DAGs
[2024-11-11T07:01:09.087+0000] {logging_mixin.py:190} INFO - [2024-11-11T07:01:09.086+0000] {dag.py:4180} INFO - Setting next_dagrun for example_bash_operator to 2024-11-10 00:00:00+00:00, run_after=2024-11-11 00:00:00+00:00
[2024-11-11T07:01:09.117+0000] {processor.py:208} INFO - Processing /home/airflow/.local/lib/python3.12/site-packages/airflow/example_dags/example_bash_operator.py took 0.148 seconds
[2024-11-11T07:01:39.348+0000] {processor.py:186} INFO - Started process (PID=1713) to work on /home/airflow/.local/lib/python3.12/site-packages/airflow/example_dags/example_bash_operator.py
[2024-11-11T07:01:39.350+0000] {processor.py:914} INFO - Processing file /home/airflow/.local/lib/python3.12/site-packages/airflow/example_dags/example_bash_operator.py for tasks to queue
[2024-11-11T07:01:39.355+0000] {logging_mixin.py:190} INFO - [2024-11-11T07:01:39.355+0000] {dagbag.py:588} INFO - Filling up the DagBag from /home/airflow/.local/lib/python3.12/site-packages/airflow/example_dags/example_bash_operator.py
[2024-11-11T07:01:39.372+0000] {processor.py:925} INFO - DAG(s) 'example_bash_operator' retrieved from /home/airflow/.local/lib/python3.12/site-packages/airflow/example_dags/example_bash_operator.py
[2024-11-11T07:01:39.409+0000] {logging_mixin.py:190} INFO - [2024-11-11T07:01:39.408+0000] {dag.py:3239} INFO - Sync 1 DAGs
[2024-11-11T07:01:39.442+0000] {logging_mixin.py:190} INFO - [2024-11-11T07:01:39.442+0000] {dag.py:4180} INFO - Setting next_dagrun for example_bash_operator to 2024-11-10 00:00:00+00:00, run_after=2024-11-11 00:00:00+00:00
[2024-11-11T07:01:39.472+0000] {processor.py:208} INFO - Processing /home/airflow/.local/lib/python3.12/site-packages/airflow/example_dags/example_bash_operator.py took 0.135 seconds
[2024-11-11T07:02:09.556+0000] {processor.py:186} INFO - Started process (PID=1776) to work on /home/airflow/.local/lib/python3.12/site-packages/airflow/example_dags/example_bash_operator.py
[2024-11-11T07:02:09.557+0000] {processor.py:914} INFO - Processing file /home/airflow/.local/lib/python3.12/site-packages/airflow/example_dags/example_bash_operator.py for tasks to queue
[2024-11-11T07:02:09.562+0000] {logging_mixin.py:190} INFO - [2024-11-11T07:02:09.562+0000] {dagbag.py:588} INFO - Filling up the DagBag from /home/airflow/.local/lib/python3.12/site-packages/airflow/example_dags/example_bash_operator.py
[2024-11-11T07:02:09.589+0000] {processor.py:925} INFO - DAG(s) 'example_bash_operator' retrieved from /home/airflow/.local/lib/python3.12/site-packages/airflow/example_dags/example_bash_operator.py
[2024-11-11T07:02:09.672+0000] {logging_mixin.py:190} INFO - [2024-11-11T07:02:09.672+0000] {dag.py:3239} INFO - Sync 1 DAGs
[2024-11-11T07:02:09.727+0000] {logging_mixin.py:190} INFO - [2024-11-11T07:02:09.727+0000] {dag.py:4180} INFO - Setting next_dagrun for example_bash_operator to 2024-11-10 00:00:00+00:00, run_after=2024-11-11 00:00:00+00:00
[2024-11-11T07:02:09.773+0000] {processor.py:208} INFO - Processing /home/airflow/.local/lib/python3.12/site-packages/airflow/example_dags/example_bash_operator.py took 0.230 seconds
[2024-11-11T07:02:40.261+0000] {processor.py:186} INFO - Started process (PID=1840) to work on /home/airflow/.local/lib/python3.12/site-packages/airflow/example_dags/example_bash_operator.py
[2024-11-11T07:02:40.263+0000] {processor.py:914} INFO - Processing file /home/airflow/.local/lib/python3.12/site-packages/airflow/example_dags/example_bash_operator.py for tasks to queue
[2024-11-11T07:02:40.267+0000] {logging_mixin.py:190} INFO - [2024-11-11T07:02:40.267+0000] {dagbag.py:588} INFO - Filling up the DagBag from /home/airflow/.local/lib/python3.12/site-packages/airflow/example_dags/example_bash_operator.py
[2024-11-11T07:02:40.286+0000] {processor.py:925} INFO - DAG(s) 'example_bash_operator' retrieved from /home/airflow/.local/lib/python3.12/site-packages/airflow/example_dags/example_bash_operator.py
[2024-11-11T07:02:40.316+0000] {logging_mixin.py:190} INFO - [2024-11-11T07:02:40.316+0000] {dag.py:3239} INFO - Sync 1 DAGs
[2024-11-11T07:02:40.350+0000] {logging_mixin.py:190} INFO - [2024-11-11T07:02:40.350+0000] {dag.py:4180} INFO - Setting next_dagrun for example_bash_operator to 2024-11-10 00:00:00+00:00, run_after=2024-11-11 00:00:00+00:00
[2024-11-11T07:02:40.378+0000] {processor.py:208} INFO - Processing /home/airflow/.local/lib/python3.12/site-packages/airflow/example_dags/example_bash_operator.py took 0.124 seconds
[2024-11-11T07:03:11.870+0000] {processor.py:186} INFO - Started process (PID=1904) to work on /home/airflow/.local/lib/python3.12/site-packages/airflow/example_dags/example_bash_operator.py
[2024-11-11T07:03:11.891+0000] {processor.py:914} INFO - Processing file /home/airflow/.local/lib/python3.12/site-packages/airflow/example_dags/example_bash_operator.py for tasks to queue
[2024-11-11T07:03:11.908+0000] {logging_mixin.py:190} INFO - [2024-11-11T07:03:11.905+0000] {dagbag.py:588} INFO - Filling up the DagBag from /home/airflow/.local/lib/python3.12/site-packages/airflow/example_dags/example_bash_operator.py
[2024-11-11T07:03:11.974+0000] {processor.py:925} INFO - DAG(s) 'example_bash_operator' retrieved from /home/airflow/.local/lib/python3.12/site-packages/airflow/example_dags/example_bash_operator.py
[2024-11-11T07:03:12.071+0000] {logging_mixin.py:190} INFO - [2024-11-11T07:03:12.071+0000] {dag.py:3239} INFO - Sync 1 DAGs
[2024-11-11T07:03:12.162+0000] {logging_mixin.py:190} INFO - [2024-11-11T07:03:12.162+0000] {dag.py:4180} INFO - Setting next_dagrun for example_bash_operator to 2024-11-10 00:00:00+00:00, run_after=2024-11-11 00:00:00+00:00
[2024-11-11T07:03:12.220+0000] {processor.py:208} INFO - Processing /home/airflow/.local/lib/python3.12/site-packages/airflow/example_dags/example_bash_operator.py took 0.385 seconds
[2024-11-11T07:03:42.924+0000] {processor.py:186} INFO - Started process (PID=1968) to work on /home/airflow/.local/lib/python3.12/site-packages/airflow/example_dags/example_bash_operator.py
[2024-11-11T07:03:42.932+0000] {processor.py:914} INFO - Processing file /home/airflow/.local/lib/python3.12/site-packages/airflow/example_dags/example_bash_operator.py for tasks to queue
[2024-11-11T07:03:42.944+0000] {logging_mixin.py:190} INFO - [2024-11-11T07:03:42.943+0000] {dagbag.py:588} INFO - Filling up the DagBag from /home/airflow/.local/lib/python3.12/site-packages/airflow/example_dags/example_bash_operator.py
[2024-11-11T07:03:42.964+0000] {processor.py:925} INFO - DAG(s) 'example_bash_operator' retrieved from /home/airflow/.local/lib/python3.12/site-packages/airflow/example_dags/example_bash_operator.py
[2024-11-11T07:03:43.007+0000] {logging_mixin.py:190} INFO - [2024-11-11T07:03:43.006+0000] {dag.py:3239} INFO - Sync 1 DAGs
[2024-11-11T07:03:43.043+0000] {logging_mixin.py:190} INFO - [2024-11-11T07:03:43.043+0000] {dag.py:4180} INFO - Setting next_dagrun for example_bash_operator to 2024-11-10 00:00:00+00:00, run_after=2024-11-11 00:00:00+00:00
[2024-11-11T07:03:43.082+0000] {processor.py:208} INFO - Processing /home/airflow/.local/lib/python3.12/site-packages/airflow/example_dags/example_bash_operator.py took 0.174 seconds
