[2024-11-11T06:48:15.177+0000] {processor.py:186} INFO - Started process (PID=35) to work on /home/airflow/.local/lib/python3.12/site-packages/airflow/example_dags/example_task_group.py
[2024-11-11T06:48:15.179+0000] {processor.py:914} INFO - Processing file /home/airflow/.local/lib/python3.12/site-packages/airflow/example_dags/example_task_group.py for tasks to queue
[2024-11-11T06:48:15.182+0000] {logging_mixin.py:190} INFO - [2024-11-11T06:48:15.182+0000] {dagbag.py:588} INFO - Filling up the DagBag from /home/airflow/.local/lib/python3.12/site-packages/airflow/example_dags/example_task_group.py
[2024-11-11T06:48:15.229+0000] {processor.py:925} INFO - DAG(s) 'example_task_group' retrieved from /home/airflow/.local/lib/python3.12/site-packages/airflow/example_dags/example_task_group.py
[2024-11-11T06:48:15.661+0000] {logging_mixin.py:190} INFO - [2024-11-11T06:48:15.660+0000] {override.py:1911} INFO - Created Permission View: can read on DAG:example_task_group
[2024-11-11T06:48:15.675+0000] {logging_mixin.py:190} INFO - [2024-11-11T06:48:15.675+0000] {override.py:1911} INFO - Created Permission View: can delete on DAG:example_task_group
[2024-11-11T06:48:15.686+0000] {logging_mixin.py:190} INFO - [2024-11-11T06:48:15.686+0000] {override.py:1911} INFO - Created Permission View: can edit on DAG:example_task_group
[2024-11-11T06:48:15.698+0000] {logging_mixin.py:190} INFO - [2024-11-11T06:48:15.698+0000] {override.py:1911} INFO - Created Permission View: menu access on DAG Run:example_task_group
[2024-11-11T06:48:15.711+0000] {logging_mixin.py:190} INFO - [2024-11-11T06:48:15.711+0000] {override.py:1911} INFO - Created Permission View: can read on DAG Run:example_task_group
[2024-11-11T06:48:15.723+0000] {logging_mixin.py:190} INFO - [2024-11-11T06:48:15.723+0000] {override.py:1911} INFO - Created Permission View: can delete on DAG Run:example_task_group
[2024-11-11T06:48:15.734+0000] {logging_mixin.py:190} INFO - [2024-11-11T06:48:15.734+0000] {override.py:1911} INFO - Created Permission View: can create on DAG Run:example_task_group
[2024-11-11T06:48:15.735+0000] {logging_mixin.py:190} INFO - [2024-11-11T06:48:15.735+0000] {dag.py:3239} INFO - Sync 1 DAGs
[2024-11-11T06:48:15.753+0000] {logging_mixin.py:190} INFO - [2024-11-11T06:48:15.753+0000] {dag.py:3262} INFO - Creating ORM DAG for example_task_group
[2024-11-11T06:48:15.754+0000] {logging_mixin.py:190} INFO - [2024-11-11T06:48:15.754+0000] {dag.py:4180} INFO - Setting next_dagrun for example_task_group to None, run_after=None
[2024-11-11T06:48:15.780+0000] {processor.py:208} INFO - Processing /home/airflow/.local/lib/python3.12/site-packages/airflow/example_dags/example_task_group.py took 0.612 seconds
[2024-11-11T06:48:46.411+0000] {processor.py:186} INFO - Started process (PID=99) to work on /home/airflow/.local/lib/python3.12/site-packages/airflow/example_dags/example_task_group.py
[2024-11-11T06:48:46.413+0000] {processor.py:914} INFO - Processing file /home/airflow/.local/lib/python3.12/site-packages/airflow/example_dags/example_task_group.py for tasks to queue
[2024-11-11T06:48:46.421+0000] {logging_mixin.py:190} INFO - [2024-11-11T06:48:46.419+0000] {dagbag.py:588} INFO - Filling up the DagBag from /home/airflow/.local/lib/python3.12/site-packages/airflow/example_dags/example_task_group.py
[2024-11-11T06:48:46.447+0000] {processor.py:925} INFO - DAG(s) 'example_task_group' retrieved from /home/airflow/.local/lib/python3.12/site-packages/airflow/example_dags/example_task_group.py
[2024-11-11T06:48:46.645+0000] {logging_mixin.py:190} INFO - [2024-11-11T06:48:46.644+0000] {dag.py:3239} INFO - Sync 1 DAGs
[2024-11-11T06:48:46.738+0000] {logging_mixin.py:190} INFO - [2024-11-11T06:48:46.737+0000] {dag.py:4180} INFO - Setting next_dagrun for example_task_group to None, run_after=None
[2024-11-11T06:48:46.976+0000] {processor.py:208} INFO - Processing /home/airflow/.local/lib/python3.12/site-packages/airflow/example_dags/example_task_group.py took 0.592 seconds
[2024-11-11T06:49:17.099+0000] {processor.py:186} INFO - Started process (PID=163) to work on /home/airflow/.local/lib/python3.12/site-packages/airflow/example_dags/example_task_group.py
[2024-11-11T06:49:17.101+0000] {processor.py:914} INFO - Processing file /home/airflow/.local/lib/python3.12/site-packages/airflow/example_dags/example_task_group.py for tasks to queue
[2024-11-11T06:49:17.105+0000] {logging_mixin.py:190} INFO - [2024-11-11T06:49:17.104+0000] {dagbag.py:588} INFO - Filling up the DagBag from /home/airflow/.local/lib/python3.12/site-packages/airflow/example_dags/example_task_group.py
[2024-11-11T06:49:17.119+0000] {processor.py:925} INFO - DAG(s) 'example_task_group' retrieved from /home/airflow/.local/lib/python3.12/site-packages/airflow/example_dags/example_task_group.py
[2024-11-11T06:49:17.151+0000] {logging_mixin.py:190} INFO - [2024-11-11T06:49:17.151+0000] {dag.py:3239} INFO - Sync 1 DAGs
[2024-11-11T06:49:17.181+0000] {logging_mixin.py:190} INFO - [2024-11-11T06:49:17.181+0000] {dag.py:4180} INFO - Setting next_dagrun for example_task_group to None, run_after=None
[2024-11-11T06:49:17.223+0000] {processor.py:208} INFO - Processing /home/airflow/.local/lib/python3.12/site-packages/airflow/example_dags/example_task_group.py took 0.132 seconds
[2024-11-11T06:49:47.387+0000] {processor.py:186} INFO - Started process (PID=227) to work on /home/airflow/.local/lib/python3.12/site-packages/airflow/example_dags/example_task_group.py
[2024-11-11T06:49:47.389+0000] {processor.py:914} INFO - Processing file /home/airflow/.local/lib/python3.12/site-packages/airflow/example_dags/example_task_group.py for tasks to queue
[2024-11-11T06:49:47.396+0000] {logging_mixin.py:190} INFO - [2024-11-11T06:49:47.396+0000] {dagbag.py:588} INFO - Filling up the DagBag from /home/airflow/.local/lib/python3.12/site-packages/airflow/example_dags/example_task_group.py
[2024-11-11T06:49:47.416+0000] {processor.py:925} INFO - DAG(s) 'example_task_group' retrieved from /home/airflow/.local/lib/python3.12/site-packages/airflow/example_dags/example_task_group.py
[2024-11-11T06:49:47.511+0000] {logging_mixin.py:190} INFO - [2024-11-11T06:49:47.510+0000] {dag.py:3239} INFO - Sync 1 DAGs
[2024-11-11T06:49:47.608+0000] {logging_mixin.py:190} INFO - [2024-11-11T06:49:47.608+0000] {dag.py:4180} INFO - Setting next_dagrun for example_task_group to None, run_after=None
[2024-11-11T06:49:47.638+0000] {processor.py:208} INFO - Processing /home/airflow/.local/lib/python3.12/site-packages/airflow/example_dags/example_task_group.py took 0.262 seconds
[2024-11-11T06:50:18.041+0000] {processor.py:186} INFO - Started process (PID=291) to work on /home/airflow/.local/lib/python3.12/site-packages/airflow/example_dags/example_task_group.py
[2024-11-11T06:50:18.042+0000] {processor.py:914} INFO - Processing file /home/airflow/.local/lib/python3.12/site-packages/airflow/example_dags/example_task_group.py for tasks to queue
[2024-11-11T06:50:18.048+0000] {logging_mixin.py:190} INFO - [2024-11-11T06:50:18.047+0000] {dagbag.py:588} INFO - Filling up the DagBag from /home/airflow/.local/lib/python3.12/site-packages/airflow/example_dags/example_task_group.py
[2024-11-11T06:50:18.075+0000] {processor.py:925} INFO - DAG(s) 'example_task_group' retrieved from /home/airflow/.local/lib/python3.12/site-packages/airflow/example_dags/example_task_group.py
[2024-11-11T06:50:18.136+0000] {logging_mixin.py:190} INFO - [2024-11-11T06:50:18.136+0000] {dag.py:3239} INFO - Sync 1 DAGs
[2024-11-11T06:50:18.186+0000] {logging_mixin.py:190} INFO - [2024-11-11T06:50:18.185+0000] {dag.py:4180} INFO - Setting next_dagrun for example_task_group to None, run_after=None
[2024-11-11T06:50:18.245+0000] {processor.py:208} INFO - Processing /home/airflow/.local/lib/python3.12/site-packages/airflow/example_dags/example_task_group.py took 0.216 seconds
[2024-11-11T06:50:48.878+0000] {processor.py:186} INFO - Started process (PID=355) to work on /home/airflow/.local/lib/python3.12/site-packages/airflow/example_dags/example_task_group.py
[2024-11-11T06:50:48.879+0000] {processor.py:914} INFO - Processing file /home/airflow/.local/lib/python3.12/site-packages/airflow/example_dags/example_task_group.py for tasks to queue
[2024-11-11T06:50:48.885+0000] {logging_mixin.py:190} INFO - [2024-11-11T06:50:48.884+0000] {dagbag.py:588} INFO - Filling up the DagBag from /home/airflow/.local/lib/python3.12/site-packages/airflow/example_dags/example_task_group.py
[2024-11-11T06:50:48.906+0000] {processor.py:925} INFO - DAG(s) 'example_task_group' retrieved from /home/airflow/.local/lib/python3.12/site-packages/airflow/example_dags/example_task_group.py
[2024-11-11T06:50:48.965+0000] {logging_mixin.py:190} INFO - [2024-11-11T06:50:48.965+0000] {dag.py:3239} INFO - Sync 1 DAGs
[2024-11-11T06:50:48.996+0000] {logging_mixin.py:190} INFO - [2024-11-11T06:50:48.994+0000] {dag.py:4180} INFO - Setting next_dagrun for example_task_group to None, run_after=None
[2024-11-11T06:50:49.043+0000] {processor.py:208} INFO - Processing /home/airflow/.local/lib/python3.12/site-packages/airflow/example_dags/example_task_group.py took 0.176 seconds
[2024-11-11T06:51:19.365+0000] {processor.py:186} INFO - Started process (PID=419) to work on /home/airflow/.local/lib/python3.12/site-packages/airflow/example_dags/example_task_group.py
[2024-11-11T06:51:19.367+0000] {processor.py:914} INFO - Processing file /home/airflow/.local/lib/python3.12/site-packages/airflow/example_dags/example_task_group.py for tasks to queue
[2024-11-11T06:51:19.375+0000] {logging_mixin.py:190} INFO - [2024-11-11T06:51:19.375+0000] {dagbag.py:588} INFO - Filling up the DagBag from /home/airflow/.local/lib/python3.12/site-packages/airflow/example_dags/example_task_group.py
[2024-11-11T06:51:19.392+0000] {processor.py:925} INFO - DAG(s) 'example_task_group' retrieved from /home/airflow/.local/lib/python3.12/site-packages/airflow/example_dags/example_task_group.py
[2024-11-11T06:51:19.428+0000] {logging_mixin.py:190} INFO - [2024-11-11T06:51:19.427+0000] {dag.py:3239} INFO - Sync 1 DAGs
[2024-11-11T06:51:19.454+0000] {logging_mixin.py:190} INFO - [2024-11-11T06:51:19.454+0000] {dag.py:4180} INFO - Setting next_dagrun for example_task_group to None, run_after=None
[2024-11-11T06:51:19.496+0000] {processor.py:208} INFO - Processing /home/airflow/.local/lib/python3.12/site-packages/airflow/example_dags/example_task_group.py took 0.143 seconds
[2024-11-11T06:51:49.720+0000] {processor.py:186} INFO - Started process (PID=489) to work on /home/airflow/.local/lib/python3.12/site-packages/airflow/example_dags/example_task_group.py
[2024-11-11T06:51:49.722+0000] {processor.py:914} INFO - Processing file /home/airflow/.local/lib/python3.12/site-packages/airflow/example_dags/example_task_group.py for tasks to queue
[2024-11-11T06:51:49.727+0000] {logging_mixin.py:190} INFO - [2024-11-11T06:51:49.726+0000] {dagbag.py:588} INFO - Filling up the DagBag from /home/airflow/.local/lib/python3.12/site-packages/airflow/example_dags/example_task_group.py
[2024-11-11T06:51:49.740+0000] {processor.py:925} INFO - DAG(s) 'example_task_group' retrieved from /home/airflow/.local/lib/python3.12/site-packages/airflow/example_dags/example_task_group.py
[2024-11-11T06:51:49.771+0000] {logging_mixin.py:190} INFO - [2024-11-11T06:51:49.770+0000] {dag.py:3239} INFO - Sync 1 DAGs
[2024-11-11T06:51:49.791+0000] {logging_mixin.py:190} INFO - [2024-11-11T06:51:49.791+0000] {dag.py:4180} INFO - Setting next_dagrun for example_task_group to None, run_after=None
[2024-11-11T06:51:49.821+0000] {processor.py:208} INFO - Processing /home/airflow/.local/lib/python3.12/site-packages/airflow/example_dags/example_task_group.py took 0.108 seconds
[2024-11-11T06:52:20.542+0000] {processor.py:186} INFO - Started process (PID=553) to work on /home/airflow/.local/lib/python3.12/site-packages/airflow/example_dags/example_task_group.py
[2024-11-11T06:52:20.545+0000] {processor.py:914} INFO - Processing file /home/airflow/.local/lib/python3.12/site-packages/airflow/example_dags/example_task_group.py for tasks to queue
[2024-11-11T06:52:20.557+0000] {logging_mixin.py:190} INFO - [2024-11-11T06:52:20.554+0000] {dagbag.py:588} INFO - Filling up the DagBag from /home/airflow/.local/lib/python3.12/site-packages/airflow/example_dags/example_task_group.py
[2024-11-11T06:52:20.601+0000] {processor.py:925} INFO - DAG(s) 'example_task_group' retrieved from /home/airflow/.local/lib/python3.12/site-packages/airflow/example_dags/example_task_group.py
[2024-11-11T06:52:20.678+0000] {logging_mixin.py:190} INFO - [2024-11-11T06:52:20.678+0000] {dag.py:3239} INFO - Sync 1 DAGs
[2024-11-11T06:52:20.717+0000] {logging_mixin.py:190} INFO - [2024-11-11T06:52:20.717+0000] {dag.py:4180} INFO - Setting next_dagrun for example_task_group to None, run_after=None
[2024-11-11T06:52:20.768+0000] {processor.py:208} INFO - Processing /home/airflow/.local/lib/python3.12/site-packages/airflow/example_dags/example_task_group.py took 0.246 seconds
[2024-11-11T06:52:51.677+0000] {processor.py:186} INFO - Started process (PID=617) to work on /home/airflow/.local/lib/python3.12/site-packages/airflow/example_dags/example_task_group.py
[2024-11-11T06:52:51.680+0000] {processor.py:914} INFO - Processing file /home/airflow/.local/lib/python3.12/site-packages/airflow/example_dags/example_task_group.py for tasks to queue
[2024-11-11T06:52:51.688+0000] {logging_mixin.py:190} INFO - [2024-11-11T06:52:51.687+0000] {dagbag.py:588} INFO - Filling up the DagBag from /home/airflow/.local/lib/python3.12/site-packages/airflow/example_dags/example_task_group.py
[2024-11-11T06:52:51.737+0000] {processor.py:925} INFO - DAG(s) 'example_task_group' retrieved from /home/airflow/.local/lib/python3.12/site-packages/airflow/example_dags/example_task_group.py
[2024-11-11T06:52:51.806+0000] {logging_mixin.py:190} INFO - [2024-11-11T06:52:51.805+0000] {dag.py:3239} INFO - Sync 1 DAGs
[2024-11-11T06:52:51.855+0000] {logging_mixin.py:190} INFO - [2024-11-11T06:52:51.853+0000] {dag.py:4180} INFO - Setting next_dagrun for example_task_group to None, run_after=None
[2024-11-11T06:52:51.922+0000] {processor.py:208} INFO - Processing /home/airflow/.local/lib/python3.12/site-packages/airflow/example_dags/example_task_group.py took 0.261 seconds
[2024-11-11T06:53:22.423+0000] {processor.py:186} INFO - Started process (PID=680) to work on /home/airflow/.local/lib/python3.12/site-packages/airflow/example_dags/example_task_group.py
[2024-11-11T06:53:22.424+0000] {processor.py:914} INFO - Processing file /home/airflow/.local/lib/python3.12/site-packages/airflow/example_dags/example_task_group.py for tasks to queue
[2024-11-11T06:53:22.429+0000] {logging_mixin.py:190} INFO - [2024-11-11T06:53:22.428+0000] {dagbag.py:588} INFO - Filling up the DagBag from /home/airflow/.local/lib/python3.12/site-packages/airflow/example_dags/example_task_group.py
[2024-11-11T06:53:22.440+0000] {processor.py:925} INFO - DAG(s) 'example_task_group' retrieved from /home/airflow/.local/lib/python3.12/site-packages/airflow/example_dags/example_task_group.py
[2024-11-11T06:53:22.477+0000] {logging_mixin.py:190} INFO - [2024-11-11T06:53:22.477+0000] {dag.py:3239} INFO - Sync 1 DAGs
[2024-11-11T06:53:22.502+0000] {logging_mixin.py:190} INFO - [2024-11-11T06:53:22.502+0000] {dag.py:4180} INFO - Setting next_dagrun for example_task_group to None, run_after=None
[2024-11-11T06:53:22.557+0000] {processor.py:208} INFO - Processing /home/airflow/.local/lib/python3.12/site-packages/airflow/example_dags/example_task_group.py took 0.142 seconds
[2024-11-11T06:53:53.117+0000] {processor.py:186} INFO - Started process (PID=744) to work on /home/airflow/.local/lib/python3.12/site-packages/airflow/example_dags/example_task_group.py
[2024-11-11T06:53:53.118+0000] {processor.py:914} INFO - Processing file /home/airflow/.local/lib/python3.12/site-packages/airflow/example_dags/example_task_group.py for tasks to queue
[2024-11-11T06:53:53.122+0000] {logging_mixin.py:190} INFO - [2024-11-11T06:53:53.121+0000] {dagbag.py:588} INFO - Filling up the DagBag from /home/airflow/.local/lib/python3.12/site-packages/airflow/example_dags/example_task_group.py
[2024-11-11T06:53:53.134+0000] {processor.py:925} INFO - DAG(s) 'example_task_group' retrieved from /home/airflow/.local/lib/python3.12/site-packages/airflow/example_dags/example_task_group.py
[2024-11-11T06:53:53.165+0000] {logging_mixin.py:190} INFO - [2024-11-11T06:53:53.165+0000] {dag.py:3239} INFO - Sync 1 DAGs
[2024-11-11T06:53:53.185+0000] {logging_mixin.py:190} INFO - [2024-11-11T06:53:53.185+0000] {dag.py:4180} INFO - Setting next_dagrun for example_task_group to None, run_after=None
[2024-11-11T06:53:53.214+0000] {processor.py:208} INFO - Processing /home/airflow/.local/lib/python3.12/site-packages/airflow/example_dags/example_task_group.py took 0.106 seconds
[2024-11-11T06:54:23.500+0000] {processor.py:186} INFO - Started process (PID=808) to work on /home/airflow/.local/lib/python3.12/site-packages/airflow/example_dags/example_task_group.py
[2024-11-11T06:54:23.502+0000] {processor.py:914} INFO - Processing file /home/airflow/.local/lib/python3.12/site-packages/airflow/example_dags/example_task_group.py for tasks to queue
[2024-11-11T06:54:23.508+0000] {logging_mixin.py:190} INFO - [2024-11-11T06:54:23.507+0000] {dagbag.py:588} INFO - Filling up the DagBag from /home/airflow/.local/lib/python3.12/site-packages/airflow/example_dags/example_task_group.py
[2024-11-11T06:54:23.522+0000] {processor.py:925} INFO - DAG(s) 'example_task_group' retrieved from /home/airflow/.local/lib/python3.12/site-packages/airflow/example_dags/example_task_group.py
[2024-11-11T06:54:23.562+0000] {logging_mixin.py:190} INFO - [2024-11-11T06:54:23.562+0000] {dag.py:3239} INFO - Sync 1 DAGs
[2024-11-11T06:54:23.584+0000] {logging_mixin.py:190} INFO - [2024-11-11T06:54:23.584+0000] {dag.py:4180} INFO - Setting next_dagrun for example_task_group to None, run_after=None
[2024-11-11T06:54:23.622+0000] {processor.py:208} INFO - Processing /home/airflow/.local/lib/python3.12/site-packages/airflow/example_dags/example_task_group.py took 0.134 seconds
[2024-11-11T06:54:53.726+0000] {processor.py:186} INFO - Started process (PID=872) to work on /home/airflow/.local/lib/python3.12/site-packages/airflow/example_dags/example_task_group.py
[2024-11-11T06:54:53.727+0000] {processor.py:914} INFO - Processing file /home/airflow/.local/lib/python3.12/site-packages/airflow/example_dags/example_task_group.py for tasks to queue
[2024-11-11T06:54:53.731+0000] {logging_mixin.py:190} INFO - [2024-11-11T06:54:53.731+0000] {dagbag.py:588} INFO - Filling up the DagBag from /home/airflow/.local/lib/python3.12/site-packages/airflow/example_dags/example_task_group.py
[2024-11-11T06:54:53.743+0000] {processor.py:925} INFO - DAG(s) 'example_task_group' retrieved from /home/airflow/.local/lib/python3.12/site-packages/airflow/example_dags/example_task_group.py
[2024-11-11T06:54:53.777+0000] {logging_mixin.py:190} INFO - [2024-11-11T06:54:53.776+0000] {dag.py:3239} INFO - Sync 1 DAGs
[2024-11-11T06:54:53.793+0000] {logging_mixin.py:190} INFO - [2024-11-11T06:54:53.793+0000] {dag.py:4180} INFO - Setting next_dagrun for example_task_group to None, run_after=None
[2024-11-11T06:54:53.827+0000] {processor.py:208} INFO - Processing /home/airflow/.local/lib/python3.12/site-packages/airflow/example_dags/example_task_group.py took 0.108 seconds
[2024-11-11T06:55:24.345+0000] {processor.py:186} INFO - Started process (PID=936) to work on /home/airflow/.local/lib/python3.12/site-packages/airflow/example_dags/example_task_group.py
[2024-11-11T06:55:24.347+0000] {processor.py:914} INFO - Processing file /home/airflow/.local/lib/python3.12/site-packages/airflow/example_dags/example_task_group.py for tasks to queue
[2024-11-11T06:55:24.352+0000] {logging_mixin.py:190} INFO - [2024-11-11T06:55:24.351+0000] {dagbag.py:588} INFO - Filling up the DagBag from /home/airflow/.local/lib/python3.12/site-packages/airflow/example_dags/example_task_group.py
[2024-11-11T06:55:24.373+0000] {processor.py:925} INFO - DAG(s) 'example_task_group' retrieved from /home/airflow/.local/lib/python3.12/site-packages/airflow/example_dags/example_task_group.py
[2024-11-11T06:55:24.408+0000] {logging_mixin.py:190} INFO - [2024-11-11T06:55:24.408+0000] {dag.py:3239} INFO - Sync 1 DAGs
[2024-11-11T06:55:24.426+0000] {logging_mixin.py:190} INFO - [2024-11-11T06:55:24.426+0000] {dag.py:4180} INFO - Setting next_dagrun for example_task_group to None, run_after=None
[2024-11-11T06:55:24.454+0000] {processor.py:208} INFO - Processing /home/airflow/.local/lib/python3.12/site-packages/airflow/example_dags/example_task_group.py took 0.117 seconds
[2024-11-11T06:55:55.390+0000] {processor.py:186} INFO - Started process (PID=1000) to work on /home/airflow/.local/lib/python3.12/site-packages/airflow/example_dags/example_task_group.py
[2024-11-11T06:55:55.391+0000] {processor.py:914} INFO - Processing file /home/airflow/.local/lib/python3.12/site-packages/airflow/example_dags/example_task_group.py for tasks to queue
[2024-11-11T06:55:55.396+0000] {logging_mixin.py:190} INFO - [2024-11-11T06:55:55.396+0000] {dagbag.py:588} INFO - Filling up the DagBag from /home/airflow/.local/lib/python3.12/site-packages/airflow/example_dags/example_task_group.py
[2024-11-11T06:55:55.411+0000] {processor.py:925} INFO - DAG(s) 'example_task_group' retrieved from /home/airflow/.local/lib/python3.12/site-packages/airflow/example_dags/example_task_group.py
[2024-11-11T06:55:55.450+0000] {logging_mixin.py:190} INFO - [2024-11-11T06:55:55.450+0000] {dag.py:3239} INFO - Sync 1 DAGs
[2024-11-11T06:55:55.479+0000] {logging_mixin.py:190} INFO - [2024-11-11T06:55:55.479+0000] {dag.py:4180} INFO - Setting next_dagrun for example_task_group to None, run_after=None
[2024-11-11T06:55:55.516+0000] {processor.py:208} INFO - Processing /home/airflow/.local/lib/python3.12/site-packages/airflow/example_dags/example_task_group.py took 0.134 seconds
[2024-11-11T06:56:26.285+0000] {processor.py:186} INFO - Started process (PID=1063) to work on /home/airflow/.local/lib/python3.12/site-packages/airflow/example_dags/example_task_group.py
[2024-11-11T06:56:26.290+0000] {processor.py:914} INFO - Processing file /home/airflow/.local/lib/python3.12/site-packages/airflow/example_dags/example_task_group.py for tasks to queue
[2024-11-11T06:56:26.302+0000] {logging_mixin.py:190} INFO - [2024-11-11T06:56:26.301+0000] {dagbag.py:588} INFO - Filling up the DagBag from /home/airflow/.local/lib/python3.12/site-packages/airflow/example_dags/example_task_group.py
[2024-11-11T06:56:26.316+0000] {processor.py:925} INFO - DAG(s) 'example_task_group' retrieved from /home/airflow/.local/lib/python3.12/site-packages/airflow/example_dags/example_task_group.py
[2024-11-11T06:56:26.355+0000] {logging_mixin.py:190} INFO - [2024-11-11T06:56:26.354+0000] {dag.py:3239} INFO - Sync 1 DAGs
[2024-11-11T06:56:26.383+0000] {logging_mixin.py:190} INFO - [2024-11-11T06:56:26.383+0000] {dag.py:4180} INFO - Setting next_dagrun for example_task_group to None, run_after=None
[2024-11-11T06:56:26.435+0000] {processor.py:208} INFO - Processing /home/airflow/.local/lib/python3.12/site-packages/airflow/example_dags/example_task_group.py took 0.168 seconds
[2024-11-11T06:56:56.714+0000] {processor.py:186} INFO - Started process (PID=1127) to work on /home/airflow/.local/lib/python3.12/site-packages/airflow/example_dags/example_task_group.py
[2024-11-11T06:56:56.715+0000] {processor.py:914} INFO - Processing file /home/airflow/.local/lib/python3.12/site-packages/airflow/example_dags/example_task_group.py for tasks to queue
[2024-11-11T06:56:56.720+0000] {logging_mixin.py:190} INFO - [2024-11-11T06:56:56.720+0000] {dagbag.py:588} INFO - Filling up the DagBag from /home/airflow/.local/lib/python3.12/site-packages/airflow/example_dags/example_task_group.py
[2024-11-11T06:56:56.733+0000] {processor.py:925} INFO - DAG(s) 'example_task_group' retrieved from /home/airflow/.local/lib/python3.12/site-packages/airflow/example_dags/example_task_group.py
[2024-11-11T06:56:56.766+0000] {logging_mixin.py:190} INFO - [2024-11-11T06:56:56.765+0000] {dag.py:3239} INFO - Sync 1 DAGs
[2024-11-11T06:56:56.785+0000] {logging_mixin.py:190} INFO - [2024-11-11T06:56:56.785+0000] {dag.py:4180} INFO - Setting next_dagrun for example_task_group to None, run_after=None
[2024-11-11T06:56:56.810+0000] {processor.py:208} INFO - Processing /home/airflow/.local/lib/python3.12/site-packages/airflow/example_dags/example_task_group.py took 0.104 seconds
[2024-11-11T06:57:27.197+0000] {processor.py:186} INFO - Started process (PID=1191) to work on /home/airflow/.local/lib/python3.12/site-packages/airflow/example_dags/example_task_group.py
[2024-11-11T06:57:27.200+0000] {processor.py:914} INFO - Processing file /home/airflow/.local/lib/python3.12/site-packages/airflow/example_dags/example_task_group.py for tasks to queue
[2024-11-11T06:57:27.206+0000] {logging_mixin.py:190} INFO - [2024-11-11T06:57:27.205+0000] {dagbag.py:588} INFO - Filling up the DagBag from /home/airflow/.local/lib/python3.12/site-packages/airflow/example_dags/example_task_group.py
[2024-11-11T06:57:27.227+0000] {processor.py:925} INFO - DAG(s) 'example_task_group' retrieved from /home/airflow/.local/lib/python3.12/site-packages/airflow/example_dags/example_task_group.py
[2024-11-11T06:57:27.271+0000] {logging_mixin.py:190} INFO - [2024-11-11T06:57:27.271+0000] {dag.py:3239} INFO - Sync 1 DAGs
[2024-11-11T06:57:27.298+0000] {logging_mixin.py:190} INFO - [2024-11-11T06:57:27.297+0000] {dag.py:4180} INFO - Setting next_dagrun for example_task_group to None, run_after=None
[2024-11-11T06:57:27.332+0000] {processor.py:208} INFO - Processing /home/airflow/.local/lib/python3.12/site-packages/airflow/example_dags/example_task_group.py took 0.145 seconds
[2024-11-11T06:57:57.999+0000] {processor.py:186} INFO - Started process (PID=1255) to work on /home/airflow/.local/lib/python3.12/site-packages/airflow/example_dags/example_task_group.py
[2024-11-11T06:57:58.000+0000] {processor.py:914} INFO - Processing file /home/airflow/.local/lib/python3.12/site-packages/airflow/example_dags/example_task_group.py for tasks to queue
[2024-11-11T06:57:58.004+0000] {logging_mixin.py:190} INFO - [2024-11-11T06:57:58.003+0000] {dagbag.py:588} INFO - Filling up the DagBag from /home/airflow/.local/lib/python3.12/site-packages/airflow/example_dags/example_task_group.py
[2024-11-11T06:57:58.015+0000] {processor.py:925} INFO - DAG(s) 'example_task_group' retrieved from /home/airflow/.local/lib/python3.12/site-packages/airflow/example_dags/example_task_group.py
[2024-11-11T06:57:58.042+0000] {logging_mixin.py:190} INFO - [2024-11-11T06:57:58.042+0000] {dag.py:3239} INFO - Sync 1 DAGs
[2024-11-11T06:57:58.060+0000] {logging_mixin.py:190} INFO - [2024-11-11T06:57:58.059+0000] {dag.py:4180} INFO - Setting next_dagrun for example_task_group to None, run_after=None
[2024-11-11T06:57:58.081+0000] {processor.py:208} INFO - Processing /home/airflow/.local/lib/python3.12/site-packages/airflow/example_dags/example_task_group.py took 0.091 seconds
[2024-11-11T06:58:28.257+0000] {processor.py:186} INFO - Started process (PID=1317) to work on /home/airflow/.local/lib/python3.12/site-packages/airflow/example_dags/example_task_group.py
[2024-11-11T06:58:28.259+0000] {processor.py:914} INFO - Processing file /home/airflow/.local/lib/python3.12/site-packages/airflow/example_dags/example_task_group.py for tasks to queue
[2024-11-11T06:58:28.263+0000] {logging_mixin.py:190} INFO - [2024-11-11T06:58:28.263+0000] {dagbag.py:588} INFO - Filling up the DagBag from /home/airflow/.local/lib/python3.12/site-packages/airflow/example_dags/example_task_group.py
[2024-11-11T06:58:28.278+0000] {processor.py:925} INFO - DAG(s) 'example_task_group' retrieved from /home/airflow/.local/lib/python3.12/site-packages/airflow/example_dags/example_task_group.py
[2024-11-11T06:58:28.309+0000] {logging_mixin.py:190} INFO - [2024-11-11T06:58:28.308+0000] {dag.py:3239} INFO - Sync 1 DAGs
[2024-11-11T06:58:28.328+0000] {logging_mixin.py:190} INFO - [2024-11-11T06:58:28.328+0000] {dag.py:4180} INFO - Setting next_dagrun for example_task_group to None, run_after=None
[2024-11-11T06:58:28.357+0000] {processor.py:208} INFO - Processing /home/airflow/.local/lib/python3.12/site-packages/airflow/example_dags/example_task_group.py took 0.109 seconds
[2024-11-11T06:58:59.254+0000] {processor.py:186} INFO - Started process (PID=1381) to work on /home/airflow/.local/lib/python3.12/site-packages/airflow/example_dags/example_task_group.py
[2024-11-11T06:58:59.257+0000] {processor.py:914} INFO - Processing file /home/airflow/.local/lib/python3.12/site-packages/airflow/example_dags/example_task_group.py for tasks to queue
[2024-11-11T06:58:59.266+0000] {logging_mixin.py:190} INFO - [2024-11-11T06:58:59.265+0000] {dagbag.py:588} INFO - Filling up the DagBag from /home/airflow/.local/lib/python3.12/site-packages/airflow/example_dags/example_task_group.py
[2024-11-11T06:58:59.295+0000] {processor.py:925} INFO - DAG(s) 'example_task_group' retrieved from /home/airflow/.local/lib/python3.12/site-packages/airflow/example_dags/example_task_group.py
[2024-11-11T06:58:59.349+0000] {logging_mixin.py:190} INFO - [2024-11-11T06:58:59.349+0000] {dag.py:3239} INFO - Sync 1 DAGs
[2024-11-11T06:58:59.383+0000] {logging_mixin.py:190} INFO - [2024-11-11T06:58:59.383+0000] {dag.py:4180} INFO - Setting next_dagrun for example_task_group to None, run_after=None
[2024-11-11T06:58:59.442+0000] {processor.py:208} INFO - Processing /home/airflow/.local/lib/python3.12/site-packages/airflow/example_dags/example_task_group.py took 0.198 seconds
[2024-11-11T06:59:29.607+0000] {processor.py:186} INFO - Started process (PID=1445) to work on /home/airflow/.local/lib/python3.12/site-packages/airflow/example_dags/example_task_group.py
[2024-11-11T06:59:29.609+0000] {processor.py:914} INFO - Processing file /home/airflow/.local/lib/python3.12/site-packages/airflow/example_dags/example_task_group.py for tasks to queue
[2024-11-11T06:59:29.612+0000] {logging_mixin.py:190} INFO - [2024-11-11T06:59:29.612+0000] {dagbag.py:588} INFO - Filling up the DagBag from /home/airflow/.local/lib/python3.12/site-packages/airflow/example_dags/example_task_group.py
[2024-11-11T06:59:29.624+0000] {processor.py:925} INFO - DAG(s) 'example_task_group' retrieved from /home/airflow/.local/lib/python3.12/site-packages/airflow/example_dags/example_task_group.py
[2024-11-11T06:59:29.655+0000] {logging_mixin.py:190} INFO - [2024-11-11T06:59:29.654+0000] {dag.py:3239} INFO - Sync 1 DAGs
[2024-11-11T06:59:29.673+0000] {logging_mixin.py:190} INFO - [2024-11-11T06:59:29.673+0000] {dag.py:4180} INFO - Setting next_dagrun for example_task_group to None, run_after=None
[2024-11-11T06:59:29.699+0000] {processor.py:208} INFO - Processing /home/airflow/.local/lib/python3.12/site-packages/airflow/example_dags/example_task_group.py took 0.100 seconds
[2024-11-11T06:59:59.982+0000] {processor.py:186} INFO - Started process (PID=1509) to work on /home/airflow/.local/lib/python3.12/site-packages/airflow/example_dags/example_task_group.py
[2024-11-11T06:59:59.985+0000] {processor.py:914} INFO - Processing file /home/airflow/.local/lib/python3.12/site-packages/airflow/example_dags/example_task_group.py for tasks to queue
[2024-11-11T06:59:59.994+0000] {logging_mixin.py:190} INFO - [2024-11-11T06:59:59.992+0000] {dagbag.py:588} INFO - Filling up the DagBag from /home/airflow/.local/lib/python3.12/site-packages/airflow/example_dags/example_task_group.py
[2024-11-11T07:00:00.018+0000] {processor.py:925} INFO - DAG(s) 'example_task_group' retrieved from /home/airflow/.local/lib/python3.12/site-packages/airflow/example_dags/example_task_group.py
[2024-11-11T07:00:00.076+0000] {logging_mixin.py:190} INFO - [2024-11-11T07:00:00.076+0000] {dag.py:3239} INFO - Sync 1 DAGs
[2024-11-11T07:00:00.110+0000] {logging_mixin.py:190} INFO - [2024-11-11T07:00:00.110+0000] {dag.py:4180} INFO - Setting next_dagrun for example_task_group to None, run_after=None
[2024-11-11T07:00:00.161+0000] {processor.py:208} INFO - Processing /home/airflow/.local/lib/python3.12/site-packages/airflow/example_dags/example_task_group.py took 0.193 seconds
[2024-11-11T07:00:30.719+0000] {processor.py:186} INFO - Started process (PID=1573) to work on /home/airflow/.local/lib/python3.12/site-packages/airflow/example_dags/example_task_group.py
[2024-11-11T07:00:30.721+0000] {processor.py:914} INFO - Processing file /home/airflow/.local/lib/python3.12/site-packages/airflow/example_dags/example_task_group.py for tasks to queue
[2024-11-11T07:00:30.727+0000] {logging_mixin.py:190} INFO - [2024-11-11T07:00:30.726+0000] {dagbag.py:588} INFO - Filling up the DagBag from /home/airflow/.local/lib/python3.12/site-packages/airflow/example_dags/example_task_group.py
[2024-11-11T07:00:30.741+0000] {processor.py:925} INFO - DAG(s) 'example_task_group' retrieved from /home/airflow/.local/lib/python3.12/site-packages/airflow/example_dags/example_task_group.py
[2024-11-11T07:00:30.789+0000] {logging_mixin.py:190} INFO - [2024-11-11T07:00:30.789+0000] {dag.py:3239} INFO - Sync 1 DAGs
[2024-11-11T07:00:30.814+0000] {logging_mixin.py:190} INFO - [2024-11-11T07:00:30.814+0000] {dag.py:4180} INFO - Setting next_dagrun for example_task_group to None, run_after=None
[2024-11-11T07:00:30.852+0000] {processor.py:208} INFO - Processing /home/airflow/.local/lib/python3.12/site-packages/airflow/example_dags/example_task_group.py took 0.144 seconds
[2024-11-11T07:01:01.059+0000] {processor.py:186} INFO - Started process (PID=1631) to work on /home/airflow/.local/lib/python3.12/site-packages/airflow/example_dags/example_task_group.py
[2024-11-11T07:01:01.062+0000] {processor.py:914} INFO - Processing file /home/airflow/.local/lib/python3.12/site-packages/airflow/example_dags/example_task_group.py for tasks to queue
[2024-11-11T07:01:01.074+0000] {logging_mixin.py:190} INFO - [2024-11-11T07:01:01.072+0000] {dagbag.py:588} INFO - Filling up the DagBag from /home/airflow/.local/lib/python3.12/site-packages/airflow/example_dags/example_task_group.py
[2024-11-11T07:01:01.111+0000] {processor.py:925} INFO - DAG(s) 'example_task_group' retrieved from /home/airflow/.local/lib/python3.12/site-packages/airflow/example_dags/example_task_group.py
[2024-11-11T07:01:01.178+0000] {logging_mixin.py:190} INFO - [2024-11-11T07:01:01.178+0000] {dag.py:3239} INFO - Sync 1 DAGs
[2024-11-11T07:01:01.259+0000] {logging_mixin.py:190} INFO - [2024-11-11T07:01:01.259+0000] {dag.py:4180} INFO - Setting next_dagrun for example_task_group to None, run_after=None
[2024-11-11T07:01:01.306+0000] {processor.py:208} INFO - Processing /home/airflow/.local/lib/python3.12/site-packages/airflow/example_dags/example_task_group.py took 0.266 seconds
[2024-11-11T07:01:32.369+0000] {processor.py:186} INFO - Started process (PID=1694) to work on /home/airflow/.local/lib/python3.12/site-packages/airflow/example_dags/example_task_group.py
[2024-11-11T07:01:32.372+0000] {processor.py:914} INFO - Processing file /home/airflow/.local/lib/python3.12/site-packages/airflow/example_dags/example_task_group.py for tasks to queue
[2024-11-11T07:01:32.380+0000] {logging_mixin.py:190} INFO - [2024-11-11T07:01:32.379+0000] {dagbag.py:588} INFO - Filling up the DagBag from /home/airflow/.local/lib/python3.12/site-packages/airflow/example_dags/example_task_group.py
[2024-11-11T07:01:32.400+0000] {processor.py:925} INFO - DAG(s) 'example_task_group' retrieved from /home/airflow/.local/lib/python3.12/site-packages/airflow/example_dags/example_task_group.py
[2024-11-11T07:01:32.444+0000] {logging_mixin.py:190} INFO - [2024-11-11T07:01:32.444+0000] {dag.py:3239} INFO - Sync 1 DAGs
[2024-11-11T07:01:32.470+0000] {logging_mixin.py:190} INFO - [2024-11-11T07:01:32.469+0000] {dag.py:4180} INFO - Setting next_dagrun for example_task_group to None, run_after=None
[2024-11-11T07:01:32.511+0000] {processor.py:208} INFO - Processing /home/airflow/.local/lib/python3.12/site-packages/airflow/example_dags/example_task_group.py took 0.154 seconds
[2024-11-11T07:02:03.596+0000] {processor.py:186} INFO - Started process (PID=1758) to work on /home/airflow/.local/lib/python3.12/site-packages/airflow/example_dags/example_task_group.py
[2024-11-11T07:02:03.599+0000] {processor.py:914} INFO - Processing file /home/airflow/.local/lib/python3.12/site-packages/airflow/example_dags/example_task_group.py for tasks to queue
[2024-11-11T07:02:03.605+0000] {logging_mixin.py:190} INFO - [2024-11-11T07:02:03.604+0000] {dagbag.py:588} INFO - Filling up the DagBag from /home/airflow/.local/lib/python3.12/site-packages/airflow/example_dags/example_task_group.py
[2024-11-11T07:02:03.619+0000] {processor.py:925} INFO - DAG(s) 'example_task_group' retrieved from /home/airflow/.local/lib/python3.12/site-packages/airflow/example_dags/example_task_group.py
[2024-11-11T07:02:03.653+0000] {logging_mixin.py:190} INFO - [2024-11-11T07:02:03.652+0000] {dag.py:3239} INFO - Sync 1 DAGs
[2024-11-11T07:02:03.672+0000] {logging_mixin.py:190} INFO - [2024-11-11T07:02:03.672+0000] {dag.py:4180} INFO - Setting next_dagrun for example_task_group to None, run_after=None
[2024-11-11T07:02:03.700+0000] {processor.py:208} INFO - Processing /home/airflow/.local/lib/python3.12/site-packages/airflow/example_dags/example_task_group.py took 0.115 seconds
[2024-11-11T07:02:34.787+0000] {processor.py:186} INFO - Started process (PID=1822) to work on /home/airflow/.local/lib/python3.12/site-packages/airflow/example_dags/example_task_group.py
[2024-11-11T07:02:34.788+0000] {processor.py:914} INFO - Processing file /home/airflow/.local/lib/python3.12/site-packages/airflow/example_dags/example_task_group.py for tasks to queue
[2024-11-11T07:02:34.793+0000] {logging_mixin.py:190} INFO - [2024-11-11T07:02:34.792+0000] {dagbag.py:588} INFO - Filling up the DagBag from /home/airflow/.local/lib/python3.12/site-packages/airflow/example_dags/example_task_group.py
[2024-11-11T07:02:34.809+0000] {processor.py:925} INFO - DAG(s) 'example_task_group' retrieved from /home/airflow/.local/lib/python3.12/site-packages/airflow/example_dags/example_task_group.py
[2024-11-11T07:02:34.852+0000] {logging_mixin.py:190} INFO - [2024-11-11T07:02:34.852+0000] {dag.py:3239} INFO - Sync 1 DAGs
[2024-11-11T07:02:34.878+0000] {logging_mixin.py:190} INFO - [2024-11-11T07:02:34.878+0000] {dag.py:4180} INFO - Setting next_dagrun for example_task_group to None, run_after=None
[2024-11-11T07:02:34.923+0000] {processor.py:208} INFO - Processing /home/airflow/.local/lib/python3.12/site-packages/airflow/example_dags/example_task_group.py took 0.147 seconds
[2024-11-11T07:03:05.272+0000] {processor.py:186} INFO - Started process (PID=1883) to work on /home/airflow/.local/lib/python3.12/site-packages/airflow/example_dags/example_task_group.py
[2024-11-11T07:03:05.274+0000] {processor.py:914} INFO - Processing file /home/airflow/.local/lib/python3.12/site-packages/airflow/example_dags/example_task_group.py for tasks to queue
[2024-11-11T07:03:05.280+0000] {logging_mixin.py:190} INFO - [2024-11-11T07:03:05.279+0000] {dagbag.py:588} INFO - Filling up the DagBag from /home/airflow/.local/lib/python3.12/site-packages/airflow/example_dags/example_task_group.py
[2024-11-11T07:03:05.296+0000] {processor.py:925} INFO - DAG(s) 'example_task_group' retrieved from /home/airflow/.local/lib/python3.12/site-packages/airflow/example_dags/example_task_group.py
[2024-11-11T07:03:05.334+0000] {logging_mixin.py:190} INFO - [2024-11-11T07:03:05.334+0000] {dag.py:3239} INFO - Sync 1 DAGs
[2024-11-11T07:03:05.357+0000] {logging_mixin.py:190} INFO - [2024-11-11T07:03:05.357+0000] {dag.py:4180} INFO - Setting next_dagrun for example_task_group to None, run_after=None
[2024-11-11T07:03:05.395+0000] {processor.py:208} INFO - Processing /home/airflow/.local/lib/python3.12/site-packages/airflow/example_dags/example_task_group.py took 0.132 seconds
[2024-11-11T07:03:36.305+0000] {processor.py:186} INFO - Started process (PID=1947) to work on /home/airflow/.local/lib/python3.12/site-packages/airflow/example_dags/example_task_group.py
[2024-11-11T07:03:36.307+0000] {processor.py:914} INFO - Processing file /home/airflow/.local/lib/python3.12/site-packages/airflow/example_dags/example_task_group.py for tasks to queue
[2024-11-11T07:03:36.312+0000] {logging_mixin.py:190} INFO - [2024-11-11T07:03:36.312+0000] {dagbag.py:588} INFO - Filling up the DagBag from /home/airflow/.local/lib/python3.12/site-packages/airflow/example_dags/example_task_group.py
[2024-11-11T07:03:36.328+0000] {processor.py:925} INFO - DAG(s) 'example_task_group' retrieved from /home/airflow/.local/lib/python3.12/site-packages/airflow/example_dags/example_task_group.py
[2024-11-11T07:03:36.361+0000] {logging_mixin.py:190} INFO - [2024-11-11T07:03:36.361+0000] {dag.py:3239} INFO - Sync 1 DAGs
[2024-11-11T07:03:36.388+0000] {logging_mixin.py:190} INFO - [2024-11-11T07:03:36.387+0000] {dag.py:4180} INFO - Setting next_dagrun for example_task_group to None, run_after=None
[2024-11-11T07:03:36.450+0000] {processor.py:208} INFO - Processing /home/airflow/.local/lib/python3.12/site-packages/airflow/example_dags/example_task_group.py took 0.152 seconds
