[2024-11-11T06:48:28.561+0000] {processor.py:186} INFO - Started process (PID=76) to work on /home/airflow/.local/lib/python3.12/site-packages/airflow/example_dags/example_skip_dag.py
[2024-11-11T06:48:28.563+0000] {processor.py:914} INFO - Processing file /home/airflow/.local/lib/python3.12/site-packages/airflow/example_dags/example_skip_dag.py for tasks to queue
[2024-11-11T06:48:28.570+0000] {logging_mixin.py:190} INFO - [2024-11-11T06:48:28.569+0000] {dagbag.py:588} INFO - Filling up the DagBag from /home/airflow/.local/lib/python3.12/site-packages/airflow/example_dags/example_skip_dag.py
[2024-11-11T06:48:28.589+0000] {processor.py:925} INFO - DAG(s) 'example_skip_dag' retrieved from /home/airflow/.local/lib/python3.12/site-packages/airflow/example_dags/example_skip_dag.py
[2024-11-11T06:48:28.800+0000] {logging_mixin.py:190} INFO - [2024-11-11T06:48:28.799+0000] {override.py:1911} INFO - Created Permission View: can read on DAG:example_skip_dag
[2024-11-11T06:48:28.819+0000] {logging_mixin.py:190} INFO - [2024-11-11T06:48:28.819+0000] {override.py:1911} INFO - Created Permission View: can delete on DAG:example_skip_dag
[2024-11-11T06:48:28.837+0000] {logging_mixin.py:190} INFO - [2024-11-11T06:48:28.837+0000] {override.py:1911} INFO - Created Permission View: can edit on DAG:example_skip_dag
[2024-11-11T06:48:28.852+0000] {logging_mixin.py:190} INFO - [2024-11-11T06:48:28.851+0000] {override.py:1911} INFO - Created Permission View: menu access on DAG Run:example_skip_dag
[2024-11-11T06:48:28.865+0000] {logging_mixin.py:190} INFO - [2024-11-11T06:48:28.865+0000] {override.py:1911} INFO - Created Permission View: can read on DAG Run:example_skip_dag
[2024-11-11T06:48:28.879+0000] {logging_mixin.py:190} INFO - [2024-11-11T06:48:28.879+0000] {override.py:1911} INFO - Created Permission View: can delete on DAG Run:example_skip_dag
[2024-11-11T06:48:28.893+0000] {logging_mixin.py:190} INFO - [2024-11-11T06:48:28.892+0000] {override.py:1911} INFO - Created Permission View: can create on DAG Run:example_skip_dag
[2024-11-11T06:48:28.895+0000] {logging_mixin.py:190} INFO - [2024-11-11T06:48:28.895+0000] {dag.py:3239} INFO - Sync 1 DAGs
[2024-11-11T06:48:28.911+0000] {logging_mixin.py:190} INFO - [2024-11-11T06:48:28.910+0000] {dag.py:3262} INFO - Creating ORM DAG for example_skip_dag
[2024-11-11T06:48:28.926+0000] {logging_mixin.py:190} INFO - [2024-11-11T06:48:28.926+0000] {dag.py:4180} INFO - Setting next_dagrun for example_skip_dag to 2024-11-10 00:00:00+00:00, run_after=2024-11-11 00:00:00+00:00
[2024-11-11T06:48:28.956+0000] {processor.py:208} INFO - Processing /home/airflow/.local/lib/python3.12/site-packages/airflow/example_dags/example_skip_dag.py took 0.405 seconds
[2024-11-11T06:48:59.942+0000] {processor.py:186} INFO - Started process (PID=140) to work on /home/airflow/.local/lib/python3.12/site-packages/airflow/example_dags/example_skip_dag.py
[2024-11-11T06:48:59.945+0000] {processor.py:914} INFO - Processing file /home/airflow/.local/lib/python3.12/site-packages/airflow/example_dags/example_skip_dag.py for tasks to queue
[2024-11-11T06:48:59.956+0000] {logging_mixin.py:190} INFO - [2024-11-11T06:48:59.955+0000] {dagbag.py:588} INFO - Filling up the DagBag from /home/airflow/.local/lib/python3.12/site-packages/airflow/example_dags/example_skip_dag.py
[2024-11-11T06:48:59.980+0000] {processor.py:925} INFO - DAG(s) 'example_skip_dag' retrieved from /home/airflow/.local/lib/python3.12/site-packages/airflow/example_dags/example_skip_dag.py
[2024-11-11T06:49:00.055+0000] {logging_mixin.py:190} INFO - [2024-11-11T06:49:00.054+0000] {dag.py:3239} INFO - Sync 1 DAGs
[2024-11-11T06:49:00.098+0000] {logging_mixin.py:190} INFO - [2024-11-11T06:49:00.098+0000] {dag.py:4180} INFO - Setting next_dagrun for example_skip_dag to 2024-11-10 00:00:00+00:00, run_after=2024-11-11 00:00:00+00:00
[2024-11-11T06:49:00.135+0000] {processor.py:208} INFO - Processing /home/airflow/.local/lib/python3.12/site-packages/airflow/example_dags/example_skip_dag.py took 0.205 seconds
[2024-11-11T06:49:30.704+0000] {processor.py:186} INFO - Started process (PID=204) to work on /home/airflow/.local/lib/python3.12/site-packages/airflow/example_dags/example_skip_dag.py
[2024-11-11T06:49:30.708+0000] {processor.py:914} INFO - Processing file /home/airflow/.local/lib/python3.12/site-packages/airflow/example_dags/example_skip_dag.py for tasks to queue
[2024-11-11T06:49:30.712+0000] {logging_mixin.py:190} INFO - [2024-11-11T06:49:30.712+0000] {dagbag.py:588} INFO - Filling up the DagBag from /home/airflow/.local/lib/python3.12/site-packages/airflow/example_dags/example_skip_dag.py
[2024-11-11T06:49:30.731+0000] {processor.py:925} INFO - DAG(s) 'example_skip_dag' retrieved from /home/airflow/.local/lib/python3.12/site-packages/airflow/example_dags/example_skip_dag.py
[2024-11-11T06:49:30.770+0000] {logging_mixin.py:190} INFO - [2024-11-11T06:49:30.769+0000] {dag.py:3239} INFO - Sync 1 DAGs
[2024-11-11T06:49:30.805+0000] {logging_mixin.py:190} INFO - [2024-11-11T06:49:30.804+0000] {dag.py:4180} INFO - Setting next_dagrun for example_skip_dag to 2024-11-10 00:00:00+00:00, run_after=2024-11-11 00:00:00+00:00
[2024-11-11T06:49:30.842+0000] {processor.py:208} INFO - Processing /home/airflow/.local/lib/python3.12/site-packages/airflow/example_dags/example_skip_dag.py took 0.149 seconds
[2024-11-11T06:50:02.784+0000] {processor.py:186} INFO - Started process (PID=268) to work on /home/airflow/.local/lib/python3.12/site-packages/airflow/example_dags/example_skip_dag.py
[2024-11-11T06:50:02.787+0000] {processor.py:914} INFO - Processing file /home/airflow/.local/lib/python3.12/site-packages/airflow/example_dags/example_skip_dag.py for tasks to queue
[2024-11-11T06:50:02.792+0000] {logging_mixin.py:190} INFO - [2024-11-11T06:50:02.791+0000] {dagbag.py:588} INFO - Filling up the DagBag from /home/airflow/.local/lib/python3.12/site-packages/airflow/example_dags/example_skip_dag.py
[2024-11-11T06:50:02.809+0000] {processor.py:925} INFO - DAG(s) 'example_skip_dag' retrieved from /home/airflow/.local/lib/python3.12/site-packages/airflow/example_dags/example_skip_dag.py
[2024-11-11T06:50:02.869+0000] {logging_mixin.py:190} INFO - [2024-11-11T06:50:02.869+0000] {dag.py:3239} INFO - Sync 1 DAGs
[2024-11-11T06:50:02.935+0000] {logging_mixin.py:190} INFO - [2024-11-11T06:50:02.935+0000] {dag.py:4180} INFO - Setting next_dagrun for example_skip_dag to 2024-11-10 00:00:00+00:00, run_after=2024-11-11 00:00:00+00:00
[2024-11-11T06:50:02.995+0000] {processor.py:208} INFO - Processing /home/airflow/.local/lib/python3.12/site-packages/airflow/example_dags/example_skip_dag.py took 0.219 seconds
[2024-11-11T06:50:34.012+0000] {processor.py:186} INFO - Started process (PID=332) to work on /home/airflow/.local/lib/python3.12/site-packages/airflow/example_dags/example_skip_dag.py
[2024-11-11T06:50:34.015+0000] {processor.py:914} INFO - Processing file /home/airflow/.local/lib/python3.12/site-packages/airflow/example_dags/example_skip_dag.py for tasks to queue
[2024-11-11T06:50:34.018+0000] {logging_mixin.py:190} INFO - [2024-11-11T06:50:34.018+0000] {dagbag.py:588} INFO - Filling up the DagBag from /home/airflow/.local/lib/python3.12/site-packages/airflow/example_dags/example_skip_dag.py
[2024-11-11T06:50:34.033+0000] {processor.py:925} INFO - DAG(s) 'example_skip_dag' retrieved from /home/airflow/.local/lib/python3.12/site-packages/airflow/example_dags/example_skip_dag.py
[2024-11-11T06:50:34.073+0000] {logging_mixin.py:190} INFO - [2024-11-11T06:50:34.073+0000] {dag.py:3239} INFO - Sync 1 DAGs
[2024-11-11T06:50:34.106+0000] {logging_mixin.py:190} INFO - [2024-11-11T06:50:34.106+0000] {dag.py:4180} INFO - Setting next_dagrun for example_skip_dag to 2024-11-10 00:00:00+00:00, run_after=2024-11-11 00:00:00+00:00
[2024-11-11T06:50:34.170+0000] {processor.py:208} INFO - Processing /home/airflow/.local/lib/python3.12/site-packages/airflow/example_dags/example_skip_dag.py took 0.166 seconds
[2024-11-11T06:51:05.225+0000] {processor.py:186} INFO - Started process (PID=396) to work on /home/airflow/.local/lib/python3.12/site-packages/airflow/example_dags/example_skip_dag.py
[2024-11-11T06:51:05.228+0000] {processor.py:914} INFO - Processing file /home/airflow/.local/lib/python3.12/site-packages/airflow/example_dags/example_skip_dag.py for tasks to queue
[2024-11-11T06:51:05.233+0000] {logging_mixin.py:190} INFO - [2024-11-11T06:51:05.233+0000] {dagbag.py:588} INFO - Filling up the DagBag from /home/airflow/.local/lib/python3.12/site-packages/airflow/example_dags/example_skip_dag.py
[2024-11-11T06:51:05.251+0000] {processor.py:925} INFO - DAG(s) 'example_skip_dag' retrieved from /home/airflow/.local/lib/python3.12/site-packages/airflow/example_dags/example_skip_dag.py
[2024-11-11T06:51:05.299+0000] {logging_mixin.py:190} INFO - [2024-11-11T06:51:05.299+0000] {dag.py:3239} INFO - Sync 1 DAGs
[2024-11-11T06:51:05.347+0000] {logging_mixin.py:190} INFO - [2024-11-11T06:51:05.347+0000] {dag.py:4180} INFO - Setting next_dagrun for example_skip_dag to 2024-11-10 00:00:00+00:00, run_after=2024-11-11 00:00:00+00:00
[2024-11-11T06:51:05.389+0000] {processor.py:208} INFO - Processing /home/airflow/.local/lib/python3.12/site-packages/airflow/example_dags/example_skip_dag.py took 0.179 seconds
[2024-11-11T06:51:36.030+0000] {processor.py:186} INFO - Started process (PID=460) to work on /home/airflow/.local/lib/python3.12/site-packages/airflow/example_dags/example_skip_dag.py
[2024-11-11T06:51:36.033+0000] {processor.py:914} INFO - Processing file /home/airflow/.local/lib/python3.12/site-packages/airflow/example_dags/example_skip_dag.py for tasks to queue
[2024-11-11T06:51:36.038+0000] {logging_mixin.py:190} INFO - [2024-11-11T06:51:36.037+0000] {dagbag.py:588} INFO - Filling up the DagBag from /home/airflow/.local/lib/python3.12/site-packages/airflow/example_dags/example_skip_dag.py
[2024-11-11T06:51:36.053+0000] {processor.py:925} INFO - DAG(s) 'example_skip_dag' retrieved from /home/airflow/.local/lib/python3.12/site-packages/airflow/example_dags/example_skip_dag.py
[2024-11-11T06:51:36.271+0000] {logging_mixin.py:190} INFO - [2024-11-11T06:51:36.271+0000] {dag.py:3239} INFO - Sync 1 DAGs
[2024-11-11T06:51:36.316+0000] {logging_mixin.py:190} INFO - [2024-11-11T06:51:36.316+0000] {dag.py:4180} INFO - Setting next_dagrun for example_skip_dag to 2024-11-10 00:00:00+00:00, run_after=2024-11-11 00:00:00+00:00
[2024-11-11T06:51:36.383+0000] {processor.py:208} INFO - Processing /home/airflow/.local/lib/python3.12/site-packages/airflow/example_dags/example_skip_dag.py took 0.368 seconds
[2024-11-11T06:52:07.749+0000] {processor.py:186} INFO - Started process (PID=523) to work on /home/airflow/.local/lib/python3.12/site-packages/airflow/example_dags/example_skip_dag.py
[2024-11-11T06:52:07.751+0000] {processor.py:914} INFO - Processing file /home/airflow/.local/lib/python3.12/site-packages/airflow/example_dags/example_skip_dag.py for tasks to queue
[2024-11-11T06:52:07.760+0000] {logging_mixin.py:190} INFO - [2024-11-11T06:52:07.759+0000] {dagbag.py:588} INFO - Filling up the DagBag from /home/airflow/.local/lib/python3.12/site-packages/airflow/example_dags/example_skip_dag.py
[2024-11-11T06:52:07.788+0000] {processor.py:925} INFO - DAG(s) 'example_skip_dag' retrieved from /home/airflow/.local/lib/python3.12/site-packages/airflow/example_dags/example_skip_dag.py
[2024-11-11T06:52:07.848+0000] {logging_mixin.py:190} INFO - [2024-11-11T06:52:07.847+0000] {dag.py:3239} INFO - Sync 1 DAGs
[2024-11-11T06:52:07.907+0000] {logging_mixin.py:190} INFO - [2024-11-11T06:52:07.906+0000] {dag.py:4180} INFO - Setting next_dagrun for example_skip_dag to 2024-11-10 00:00:00+00:00, run_after=2024-11-11 00:00:00+00:00
[2024-11-11T06:52:07.956+0000] {processor.py:208} INFO - Processing /home/airflow/.local/lib/python3.12/site-packages/airflow/example_dags/example_skip_dag.py took 0.219 seconds
[2024-11-11T06:52:38.929+0000] {processor.py:186} INFO - Started process (PID=587) to work on /home/airflow/.local/lib/python3.12/site-packages/airflow/example_dags/example_skip_dag.py
[2024-11-11T06:52:38.931+0000] {processor.py:914} INFO - Processing file /home/airflow/.local/lib/python3.12/site-packages/airflow/example_dags/example_skip_dag.py for tasks to queue
[2024-11-11T06:52:38.936+0000] {logging_mixin.py:190} INFO - [2024-11-11T06:52:38.936+0000] {dagbag.py:588} INFO - Filling up the DagBag from /home/airflow/.local/lib/python3.12/site-packages/airflow/example_dags/example_skip_dag.py
[2024-11-11T06:52:38.951+0000] {processor.py:925} INFO - DAG(s) 'example_skip_dag' retrieved from /home/airflow/.local/lib/python3.12/site-packages/airflow/example_dags/example_skip_dag.py
[2024-11-11T06:52:38.992+0000] {logging_mixin.py:190} INFO - [2024-11-11T06:52:38.991+0000] {dag.py:3239} INFO - Sync 1 DAGs
[2024-11-11T06:52:39.035+0000] {logging_mixin.py:190} INFO - [2024-11-11T06:52:39.034+0000] {dag.py:4180} INFO - Setting next_dagrun for example_skip_dag to 2024-11-10 00:00:00+00:00, run_after=2024-11-11 00:00:00+00:00
[2024-11-11T06:52:39.070+0000] {processor.py:208} INFO - Processing /home/airflow/.local/lib/python3.12/site-packages/airflow/example_dags/example_skip_dag.py took 0.152 seconds
[2024-11-11T06:53:09.789+0000] {processor.py:186} INFO - Started process (PID=651) to work on /home/airflow/.local/lib/python3.12/site-packages/airflow/example_dags/example_skip_dag.py
[2024-11-11T06:53:09.791+0000] {processor.py:914} INFO - Processing file /home/airflow/.local/lib/python3.12/site-packages/airflow/example_dags/example_skip_dag.py for tasks to queue
[2024-11-11T06:53:09.801+0000] {logging_mixin.py:190} INFO - [2024-11-11T06:53:09.801+0000] {dagbag.py:588} INFO - Filling up the DagBag from /home/airflow/.local/lib/python3.12/site-packages/airflow/example_dags/example_skip_dag.py
[2024-11-11T06:53:09.825+0000] {processor.py:925} INFO - DAG(s) 'example_skip_dag' retrieved from /home/airflow/.local/lib/python3.12/site-packages/airflow/example_dags/example_skip_dag.py
[2024-11-11T06:53:09.957+0000] {logging_mixin.py:190} INFO - [2024-11-11T06:53:09.956+0000] {dag.py:3239} INFO - Sync 1 DAGs
[2024-11-11T06:53:10.040+0000] {logging_mixin.py:190} INFO - [2024-11-11T06:53:10.039+0000] {dag.py:4180} INFO - Setting next_dagrun for example_skip_dag to 2024-11-10 00:00:00+00:00, run_after=2024-11-11 00:00:00+00:00
[2024-11-11T06:53:10.177+0000] {processor.py:208} INFO - Processing /home/airflow/.local/lib/python3.12/site-packages/airflow/example_dags/example_skip_dag.py took 0.402 seconds
[2024-11-11T06:53:40.674+0000] {processor.py:186} INFO - Started process (PID=713) to work on /home/airflow/.local/lib/python3.12/site-packages/airflow/example_dags/example_skip_dag.py
[2024-11-11T06:53:40.676+0000] {processor.py:914} INFO - Processing file /home/airflow/.local/lib/python3.12/site-packages/airflow/example_dags/example_skip_dag.py for tasks to queue
[2024-11-11T06:53:40.682+0000] {logging_mixin.py:190} INFO - [2024-11-11T06:53:40.681+0000] {dagbag.py:588} INFO - Filling up the DagBag from /home/airflow/.local/lib/python3.12/site-packages/airflow/example_dags/example_skip_dag.py
[2024-11-11T06:53:40.702+0000] {processor.py:925} INFO - DAG(s) 'example_skip_dag' retrieved from /home/airflow/.local/lib/python3.12/site-packages/airflow/example_dags/example_skip_dag.py
[2024-11-11T06:53:40.751+0000] {logging_mixin.py:190} INFO - [2024-11-11T06:53:40.751+0000] {dag.py:3239} INFO - Sync 1 DAGs
[2024-11-11T06:53:40.796+0000] {logging_mixin.py:190} INFO - [2024-11-11T06:53:40.794+0000] {dag.py:4180} INFO - Setting next_dagrun for example_skip_dag to 2024-11-10 00:00:00+00:00, run_after=2024-11-11 00:00:00+00:00
[2024-11-11T06:53:40.837+0000] {processor.py:208} INFO - Processing /home/airflow/.local/lib/python3.12/site-packages/airflow/example_dags/example_skip_dag.py took 0.175 seconds
[2024-11-11T06:54:10.905+0000] {processor.py:186} INFO - Started process (PID=776) to work on /home/airflow/.local/lib/python3.12/site-packages/airflow/example_dags/example_skip_dag.py
[2024-11-11T06:54:10.907+0000] {processor.py:914} INFO - Processing file /home/airflow/.local/lib/python3.12/site-packages/airflow/example_dags/example_skip_dag.py for tasks to queue
[2024-11-11T06:54:10.910+0000] {logging_mixin.py:190} INFO - [2024-11-11T06:54:10.910+0000] {dagbag.py:588} INFO - Filling up the DagBag from /home/airflow/.local/lib/python3.12/site-packages/airflow/example_dags/example_skip_dag.py
[2024-11-11T06:54:10.923+0000] {processor.py:925} INFO - DAG(s) 'example_skip_dag' retrieved from /home/airflow/.local/lib/python3.12/site-packages/airflow/example_dags/example_skip_dag.py
[2024-11-11T06:54:10.957+0000] {logging_mixin.py:190} INFO - [2024-11-11T06:54:10.956+0000] {dag.py:3239} INFO - Sync 1 DAGs
[2024-11-11T06:54:10.985+0000] {logging_mixin.py:190} INFO - [2024-11-11T06:54:10.985+0000] {dag.py:4180} INFO - Setting next_dagrun for example_skip_dag to 2024-11-10 00:00:00+00:00, run_after=2024-11-11 00:00:00+00:00
[2024-11-11T06:54:11.010+0000] {processor.py:208} INFO - Processing /home/airflow/.local/lib/python3.12/site-packages/airflow/example_dags/example_skip_dag.py took 0.113 seconds
[2024-11-11T06:54:42.581+0000] {processor.py:186} INFO - Started process (PID=841) to work on /home/airflow/.local/lib/python3.12/site-packages/airflow/example_dags/example_skip_dag.py
[2024-11-11T06:54:42.582+0000] {processor.py:914} INFO - Processing file /home/airflow/.local/lib/python3.12/site-packages/airflow/example_dags/example_skip_dag.py for tasks to queue
[2024-11-11T06:54:42.585+0000] {logging_mixin.py:190} INFO - [2024-11-11T06:54:42.585+0000] {dagbag.py:588} INFO - Filling up the DagBag from /home/airflow/.local/lib/python3.12/site-packages/airflow/example_dags/example_skip_dag.py
[2024-11-11T06:54:42.597+0000] {processor.py:925} INFO - DAG(s) 'example_skip_dag' retrieved from /home/airflow/.local/lib/python3.12/site-packages/airflow/example_dags/example_skip_dag.py
[2024-11-11T06:54:42.631+0000] {logging_mixin.py:190} INFO - [2024-11-11T06:54:42.631+0000] {dag.py:3239} INFO - Sync 1 DAGs
[2024-11-11T06:54:42.662+0000] {logging_mixin.py:190} INFO - [2024-11-11T06:54:42.661+0000] {dag.py:4180} INFO - Setting next_dagrun for example_skip_dag to 2024-11-10 00:00:00+00:00, run_after=2024-11-11 00:00:00+00:00
[2024-11-11T06:54:42.691+0000] {processor.py:208} INFO - Processing /home/airflow/.local/lib/python3.12/site-packages/airflow/example_dags/example_skip_dag.py took 0.117 seconds
[2024-11-11T06:55:13.598+0000] {processor.py:186} INFO - Started process (PID=905) to work on /home/airflow/.local/lib/python3.12/site-packages/airflow/example_dags/example_skip_dag.py
[2024-11-11T06:55:13.600+0000] {processor.py:914} INFO - Processing file /home/airflow/.local/lib/python3.12/site-packages/airflow/example_dags/example_skip_dag.py for tasks to queue
[2024-11-11T06:55:13.606+0000] {logging_mixin.py:190} INFO - [2024-11-11T06:55:13.605+0000] {dagbag.py:588} INFO - Filling up the DagBag from /home/airflow/.local/lib/python3.12/site-packages/airflow/example_dags/example_skip_dag.py
[2024-11-11T06:55:13.619+0000] {processor.py:925} INFO - DAG(s) 'example_skip_dag' retrieved from /home/airflow/.local/lib/python3.12/site-packages/airflow/example_dags/example_skip_dag.py
[2024-11-11T06:55:13.653+0000] {logging_mixin.py:190} INFO - [2024-11-11T06:55:13.652+0000] {dag.py:3239} INFO - Sync 1 DAGs
[2024-11-11T06:55:13.702+0000] {logging_mixin.py:190} INFO - [2024-11-11T06:55:13.702+0000] {dag.py:4180} INFO - Setting next_dagrun for example_skip_dag to 2024-11-10 00:00:00+00:00, run_after=2024-11-11 00:00:00+00:00
[2024-11-11T06:55:13.738+0000] {processor.py:208} INFO - Processing /home/airflow/.local/lib/python3.12/site-packages/airflow/example_dags/example_skip_dag.py took 0.148 seconds
[2024-11-11T06:55:44.393+0000] {processor.py:186} INFO - Started process (PID=968) to work on /home/airflow/.local/lib/python3.12/site-packages/airflow/example_dags/example_skip_dag.py
[2024-11-11T06:55:44.395+0000] {processor.py:914} INFO - Processing file /home/airflow/.local/lib/python3.12/site-packages/airflow/example_dags/example_skip_dag.py for tasks to queue
[2024-11-11T06:55:44.400+0000] {logging_mixin.py:190} INFO - [2024-11-11T06:55:44.399+0000] {dagbag.py:588} INFO - Filling up the DagBag from /home/airflow/.local/lib/python3.12/site-packages/airflow/example_dags/example_skip_dag.py
[2024-11-11T06:55:44.420+0000] {processor.py:925} INFO - DAG(s) 'example_skip_dag' retrieved from /home/airflow/.local/lib/python3.12/site-packages/airflow/example_dags/example_skip_dag.py
[2024-11-11T06:55:44.462+0000] {logging_mixin.py:190} INFO - [2024-11-11T06:55:44.461+0000] {dag.py:3239} INFO - Sync 1 DAGs
[2024-11-11T06:55:44.502+0000] {logging_mixin.py:190} INFO - [2024-11-11T06:55:44.501+0000] {dag.py:4180} INFO - Setting next_dagrun for example_skip_dag to 2024-11-10 00:00:00+00:00, run_after=2024-11-11 00:00:00+00:00
[2024-11-11T06:55:44.537+0000] {processor.py:208} INFO - Processing /home/airflow/.local/lib/python3.12/site-packages/airflow/example_dags/example_skip_dag.py took 0.156 seconds
[2024-11-11T06:56:15.534+0000] {processor.py:186} INFO - Started process (PID=1032) to work on /home/airflow/.local/lib/python3.12/site-packages/airflow/example_dags/example_skip_dag.py
[2024-11-11T06:56:15.536+0000] {processor.py:914} INFO - Processing file /home/airflow/.local/lib/python3.12/site-packages/airflow/example_dags/example_skip_dag.py for tasks to queue
[2024-11-11T06:56:15.541+0000] {logging_mixin.py:190} INFO - [2024-11-11T06:56:15.540+0000] {dagbag.py:588} INFO - Filling up the DagBag from /home/airflow/.local/lib/python3.12/site-packages/airflow/example_dags/example_skip_dag.py
[2024-11-11T06:56:15.557+0000] {processor.py:925} INFO - DAG(s) 'example_skip_dag' retrieved from /home/airflow/.local/lib/python3.12/site-packages/airflow/example_dags/example_skip_dag.py
[2024-11-11T06:56:15.611+0000] {logging_mixin.py:190} INFO - [2024-11-11T06:56:15.611+0000] {dag.py:3239} INFO - Sync 1 DAGs
[2024-11-11T06:56:15.670+0000] {logging_mixin.py:190} INFO - [2024-11-11T06:56:15.669+0000] {dag.py:4180} INFO - Setting next_dagrun for example_skip_dag to 2024-11-10 00:00:00+00:00, run_after=2024-11-11 00:00:00+00:00
[2024-11-11T06:56:15.717+0000] {processor.py:208} INFO - Processing /home/airflow/.local/lib/python3.12/site-packages/airflow/example_dags/example_skip_dag.py took 0.194 seconds
[2024-11-11T06:56:46.832+0000] {processor.py:186} INFO - Started process (PID=1096) to work on /home/airflow/.local/lib/python3.12/site-packages/airflow/example_dags/example_skip_dag.py
[2024-11-11T06:56:46.835+0000] {processor.py:914} INFO - Processing file /home/airflow/.local/lib/python3.12/site-packages/airflow/example_dags/example_skip_dag.py for tasks to queue
[2024-11-11T06:56:46.842+0000] {logging_mixin.py:190} INFO - [2024-11-11T06:56:46.841+0000] {dagbag.py:588} INFO - Filling up the DagBag from /home/airflow/.local/lib/python3.12/site-packages/airflow/example_dags/example_skip_dag.py
[2024-11-11T06:56:46.861+0000] {processor.py:925} INFO - DAG(s) 'example_skip_dag' retrieved from /home/airflow/.local/lib/python3.12/site-packages/airflow/example_dags/example_skip_dag.py
[2024-11-11T06:56:46.917+0000] {logging_mixin.py:190} INFO - [2024-11-11T06:56:46.917+0000] {dag.py:3239} INFO - Sync 1 DAGs
[2024-11-11T06:56:46.973+0000] {logging_mixin.py:190} INFO - [2024-11-11T06:56:46.972+0000] {dag.py:4180} INFO - Setting next_dagrun for example_skip_dag to 2024-11-10 00:00:00+00:00, run_after=2024-11-11 00:00:00+00:00
[2024-11-11T06:56:47.011+0000] {processor.py:208} INFO - Processing /home/airflow/.local/lib/python3.12/site-packages/airflow/example_dags/example_skip_dag.py took 0.191 seconds
[2024-11-11T06:57:17.854+0000] {processor.py:186} INFO - Started process (PID=1159) to work on /home/airflow/.local/lib/python3.12/site-packages/airflow/example_dags/example_skip_dag.py
[2024-11-11T06:57:17.857+0000] {processor.py:914} INFO - Processing file /home/airflow/.local/lib/python3.12/site-packages/airflow/example_dags/example_skip_dag.py for tasks to queue
[2024-11-11T06:57:17.870+0000] {logging_mixin.py:190} INFO - [2024-11-11T06:57:17.868+0000] {dagbag.py:588} INFO - Filling up the DagBag from /home/airflow/.local/lib/python3.12/site-packages/airflow/example_dags/example_skip_dag.py
[2024-11-11T06:57:17.919+0000] {processor.py:925} INFO - DAG(s) 'example_skip_dag' retrieved from /home/airflow/.local/lib/python3.12/site-packages/airflow/example_dags/example_skip_dag.py
[2024-11-11T06:57:18.037+0000] {logging_mixin.py:190} INFO - [2024-11-11T06:57:18.037+0000] {dag.py:3239} INFO - Sync 1 DAGs
[2024-11-11T06:57:18.155+0000] {logging_mixin.py:190} INFO - [2024-11-11T06:57:18.151+0000] {dag.py:4180} INFO - Setting next_dagrun for example_skip_dag to 2024-11-10 00:00:00+00:00, run_after=2024-11-11 00:00:00+00:00
[2024-11-11T06:57:18.232+0000] {processor.py:208} INFO - Processing /home/airflow/.local/lib/python3.12/site-packages/airflow/example_dags/example_skip_dag.py took 0.399 seconds
[2024-11-11T06:57:48.461+0000] {processor.py:186} INFO - Started process (PID=1223) to work on /home/airflow/.local/lib/python3.12/site-packages/airflow/example_dags/example_skip_dag.py
[2024-11-11T06:57:48.464+0000] {processor.py:914} INFO - Processing file /home/airflow/.local/lib/python3.12/site-packages/airflow/example_dags/example_skip_dag.py for tasks to queue
[2024-11-11T06:57:48.471+0000] {logging_mixin.py:190} INFO - [2024-11-11T06:57:48.470+0000] {dagbag.py:588} INFO - Filling up the DagBag from /home/airflow/.local/lib/python3.12/site-packages/airflow/example_dags/example_skip_dag.py
[2024-11-11T06:57:48.482+0000] {processor.py:925} INFO - DAG(s) 'example_skip_dag' retrieved from /home/airflow/.local/lib/python3.12/site-packages/airflow/example_dags/example_skip_dag.py
[2024-11-11T06:57:48.519+0000] {logging_mixin.py:190} INFO - [2024-11-11T06:57:48.519+0000] {dag.py:3239} INFO - Sync 1 DAGs
[2024-11-11T06:57:48.554+0000] {logging_mixin.py:190} INFO - [2024-11-11T06:57:48.554+0000] {dag.py:4180} INFO - Setting next_dagrun for example_skip_dag to 2024-11-10 00:00:00+00:00, run_after=2024-11-11 00:00:00+00:00
[2024-11-11T06:57:48.594+0000] {processor.py:208} INFO - Processing /home/airflow/.local/lib/python3.12/site-packages/airflow/example_dags/example_skip_dag.py took 0.148 seconds
[2024-11-11T06:58:19.137+0000] {processor.py:186} INFO - Started process (PID=1287) to work on /home/airflow/.local/lib/python3.12/site-packages/airflow/example_dags/example_skip_dag.py
[2024-11-11T06:58:19.139+0000] {processor.py:914} INFO - Processing file /home/airflow/.local/lib/python3.12/site-packages/airflow/example_dags/example_skip_dag.py for tasks to queue
[2024-11-11T06:58:19.145+0000] {logging_mixin.py:190} INFO - [2024-11-11T06:58:19.144+0000] {dagbag.py:588} INFO - Filling up the DagBag from /home/airflow/.local/lib/python3.12/site-packages/airflow/example_dags/example_skip_dag.py
[2024-11-11T06:58:19.167+0000] {processor.py:925} INFO - DAG(s) 'example_skip_dag' retrieved from /home/airflow/.local/lib/python3.12/site-packages/airflow/example_dags/example_skip_dag.py
[2024-11-11T06:58:19.217+0000] {logging_mixin.py:190} INFO - [2024-11-11T06:58:19.216+0000] {dag.py:3239} INFO - Sync 1 DAGs
[2024-11-11T06:58:19.288+0000] {logging_mixin.py:190} INFO - [2024-11-11T06:58:19.287+0000] {dag.py:4180} INFO - Setting next_dagrun for example_skip_dag to 2024-11-10 00:00:00+00:00, run_after=2024-11-11 00:00:00+00:00
[2024-11-11T06:58:19.339+0000] {processor.py:208} INFO - Processing /home/airflow/.local/lib/python3.12/site-packages/airflow/example_dags/example_skip_dag.py took 0.213 seconds
[2024-11-11T06:58:50.008+0000] {processor.py:186} INFO - Started process (PID=1351) to work on /home/airflow/.local/lib/python3.12/site-packages/airflow/example_dags/example_skip_dag.py
[2024-11-11T06:58:50.011+0000] {processor.py:914} INFO - Processing file /home/airflow/.local/lib/python3.12/site-packages/airflow/example_dags/example_skip_dag.py for tasks to queue
[2024-11-11T06:58:50.022+0000] {logging_mixin.py:190} INFO - [2024-11-11T06:58:50.021+0000] {dagbag.py:588} INFO - Filling up the DagBag from /home/airflow/.local/lib/python3.12/site-packages/airflow/example_dags/example_skip_dag.py
[2024-11-11T06:58:50.043+0000] {processor.py:925} INFO - DAG(s) 'example_skip_dag' retrieved from /home/airflow/.local/lib/python3.12/site-packages/airflow/example_dags/example_skip_dag.py
[2024-11-11T06:58:50.097+0000] {logging_mixin.py:190} INFO - [2024-11-11T06:58:50.096+0000] {dag.py:3239} INFO - Sync 1 DAGs
[2024-11-11T06:58:50.416+0000] {logging_mixin.py:190} INFO - [2024-11-11T06:58:50.415+0000] {dag.py:4180} INFO - Setting next_dagrun for example_skip_dag to 2024-11-10 00:00:00+00:00, run_after=2024-11-11 00:00:00+00:00
[2024-11-11T06:58:50.490+0000] {processor.py:208} INFO - Processing /home/airflow/.local/lib/python3.12/site-packages/airflow/example_dags/example_skip_dag.py took 0.498 seconds
[2024-11-11T06:59:21.133+0000] {processor.py:186} INFO - Started process (PID=1415) to work on /home/airflow/.local/lib/python3.12/site-packages/airflow/example_dags/example_skip_dag.py
[2024-11-11T06:59:21.135+0000] {processor.py:914} INFO - Processing file /home/airflow/.local/lib/python3.12/site-packages/airflow/example_dags/example_skip_dag.py for tasks to queue
[2024-11-11T06:59:21.138+0000] {logging_mixin.py:190} INFO - [2024-11-11T06:59:21.138+0000] {dagbag.py:588} INFO - Filling up the DagBag from /home/airflow/.local/lib/python3.12/site-packages/airflow/example_dags/example_skip_dag.py
[2024-11-11T06:59:21.150+0000] {processor.py:925} INFO - DAG(s) 'example_skip_dag' retrieved from /home/airflow/.local/lib/python3.12/site-packages/airflow/example_dags/example_skip_dag.py
[2024-11-11T06:59:21.176+0000] {logging_mixin.py:190} INFO - [2024-11-11T06:59:21.175+0000] {dag.py:3239} INFO - Sync 1 DAGs
[2024-11-11T06:59:21.205+0000] {logging_mixin.py:190} INFO - [2024-11-11T06:59:21.204+0000] {dag.py:4180} INFO - Setting next_dagrun for example_skip_dag to 2024-11-10 00:00:00+00:00, run_after=2024-11-11 00:00:00+00:00
[2024-11-11T06:59:21.235+0000] {processor.py:208} INFO - Processing /home/airflow/.local/lib/python3.12/site-packages/airflow/example_dags/example_skip_dag.py took 0.112 seconds
[2024-11-11T06:59:51.440+0000] {processor.py:186} INFO - Started process (PID=1479) to work on /home/airflow/.local/lib/python3.12/site-packages/airflow/example_dags/example_skip_dag.py
[2024-11-11T06:59:51.443+0000] {processor.py:914} INFO - Processing file /home/airflow/.local/lib/python3.12/site-packages/airflow/example_dags/example_skip_dag.py for tasks to queue
[2024-11-11T06:59:51.449+0000] {logging_mixin.py:190} INFO - [2024-11-11T06:59:51.448+0000] {dagbag.py:588} INFO - Filling up the DagBag from /home/airflow/.local/lib/python3.12/site-packages/airflow/example_dags/example_skip_dag.py
[2024-11-11T06:59:51.465+0000] {processor.py:925} INFO - DAG(s) 'example_skip_dag' retrieved from /home/airflow/.local/lib/python3.12/site-packages/airflow/example_dags/example_skip_dag.py
[2024-11-11T06:59:51.505+0000] {logging_mixin.py:190} INFO - [2024-11-11T06:59:51.504+0000] {dag.py:3239} INFO - Sync 1 DAGs
[2024-11-11T06:59:51.551+0000] {logging_mixin.py:190} INFO - [2024-11-11T06:59:51.550+0000] {dag.py:4180} INFO - Setting next_dagrun for example_skip_dag to 2024-11-10 00:00:00+00:00, run_after=2024-11-11 00:00:00+00:00
[2024-11-11T06:59:51.593+0000] {processor.py:208} INFO - Processing /home/airflow/.local/lib/python3.12/site-packages/airflow/example_dags/example_skip_dag.py took 0.167 seconds
[2024-11-11T07:00:22.131+0000] {processor.py:186} INFO - Started process (PID=1543) to work on /home/airflow/.local/lib/python3.12/site-packages/airflow/example_dags/example_skip_dag.py
[2024-11-11T07:00:22.135+0000] {processor.py:914} INFO - Processing file /home/airflow/.local/lib/python3.12/site-packages/airflow/example_dags/example_skip_dag.py for tasks to queue
[2024-11-11T07:00:22.145+0000] {logging_mixin.py:190} INFO - [2024-11-11T07:00:22.143+0000] {dagbag.py:588} INFO - Filling up the DagBag from /home/airflow/.local/lib/python3.12/site-packages/airflow/example_dags/example_skip_dag.py
[2024-11-11T07:00:22.173+0000] {processor.py:925} INFO - DAG(s) 'example_skip_dag' retrieved from /home/airflow/.local/lib/python3.12/site-packages/airflow/example_dags/example_skip_dag.py
[2024-11-11T07:00:22.239+0000] {logging_mixin.py:190} INFO - [2024-11-11T07:00:22.238+0000] {dag.py:3239} INFO - Sync 1 DAGs
[2024-11-11T07:00:22.289+0000] {logging_mixin.py:190} INFO - [2024-11-11T07:00:22.289+0000] {dag.py:4180} INFO - Setting next_dagrun for example_skip_dag to 2024-11-10 00:00:00+00:00, run_after=2024-11-11 00:00:00+00:00
[2024-11-11T07:00:22.330+0000] {processor.py:208} INFO - Processing /home/airflow/.local/lib/python3.12/site-packages/airflow/example_dags/example_skip_dag.py took 0.210 seconds
[2024-11-11T07:00:52.902+0000] {processor.py:186} INFO - Started process (PID=1607) to work on /home/airflow/.local/lib/python3.12/site-packages/airflow/example_dags/example_skip_dag.py
[2024-11-11T07:00:52.905+0000] {processor.py:914} INFO - Processing file /home/airflow/.local/lib/python3.12/site-packages/airflow/example_dags/example_skip_dag.py for tasks to queue
[2024-11-11T07:00:52.910+0000] {logging_mixin.py:190} INFO - [2024-11-11T07:00:52.909+0000] {dagbag.py:588} INFO - Filling up the DagBag from /home/airflow/.local/lib/python3.12/site-packages/airflow/example_dags/example_skip_dag.py
[2024-11-11T07:00:52.926+0000] {processor.py:925} INFO - DAG(s) 'example_skip_dag' retrieved from /home/airflow/.local/lib/python3.12/site-packages/airflow/example_dags/example_skip_dag.py
[2024-11-11T07:00:52.992+0000] {logging_mixin.py:190} INFO - [2024-11-11T07:00:52.991+0000] {dag.py:3239} INFO - Sync 1 DAGs
[2024-11-11T07:00:53.056+0000] {logging_mixin.py:190} INFO - [2024-11-11T07:00:53.055+0000] {dag.py:4180} INFO - Setting next_dagrun for example_skip_dag to 2024-11-10 00:00:00+00:00, run_after=2024-11-11 00:00:00+00:00
[2024-11-11T07:00:53.107+0000] {processor.py:208} INFO - Processing /home/airflow/.local/lib/python3.12/site-packages/airflow/example_dags/example_skip_dag.py took 0.218 seconds
[2024-11-11T07:01:23.275+0000] {processor.py:186} INFO - Started process (PID=1677) to work on /home/airflow/.local/lib/python3.12/site-packages/airflow/example_dags/example_skip_dag.py
[2024-11-11T07:01:23.277+0000] {processor.py:914} INFO - Processing file /home/airflow/.local/lib/python3.12/site-packages/airflow/example_dags/example_skip_dag.py for tasks to queue
[2024-11-11T07:01:23.281+0000] {logging_mixin.py:190} INFO - [2024-11-11T07:01:23.280+0000] {dagbag.py:588} INFO - Filling up the DagBag from /home/airflow/.local/lib/python3.12/site-packages/airflow/example_dags/example_skip_dag.py
[2024-11-11T07:01:23.295+0000] {processor.py:925} INFO - DAG(s) 'example_skip_dag' retrieved from /home/airflow/.local/lib/python3.12/site-packages/airflow/example_dags/example_skip_dag.py
[2024-11-11T07:01:23.368+0000] {logging_mixin.py:190} INFO - [2024-11-11T07:01:23.367+0000] {dag.py:3239} INFO - Sync 1 DAGs
[2024-11-11T07:01:23.446+0000] {logging_mixin.py:190} INFO - [2024-11-11T07:01:23.446+0000] {dag.py:4180} INFO - Setting next_dagrun for example_skip_dag to 2024-11-10 00:00:00+00:00, run_after=2024-11-11 00:00:00+00:00
[2024-11-11T07:01:23.490+0000] {processor.py:208} INFO - Processing /home/airflow/.local/lib/python3.12/site-packages/airflow/example_dags/example_skip_dag.py took 0.223 seconds
[2024-11-11T07:01:53.664+0000] {processor.py:186} INFO - Started process (PID=1740) to work on /home/airflow/.local/lib/python3.12/site-packages/airflow/example_dags/example_skip_dag.py
[2024-11-11T07:01:53.668+0000] {processor.py:914} INFO - Processing file /home/airflow/.local/lib/python3.12/site-packages/airflow/example_dags/example_skip_dag.py for tasks to queue
[2024-11-11T07:01:53.681+0000] {logging_mixin.py:190} INFO - [2024-11-11T07:01:53.680+0000] {dagbag.py:588} INFO - Filling up the DagBag from /home/airflow/.local/lib/python3.12/site-packages/airflow/example_dags/example_skip_dag.py
[2024-11-11T07:01:53.703+0000] {processor.py:925} INFO - DAG(s) 'example_skip_dag' retrieved from /home/airflow/.local/lib/python3.12/site-packages/airflow/example_dags/example_skip_dag.py
[2024-11-11T07:01:53.755+0000] {logging_mixin.py:190} INFO - [2024-11-11T07:01:53.754+0000] {dag.py:3239} INFO - Sync 1 DAGs
[2024-11-11T07:01:53.815+0000] {logging_mixin.py:190} INFO - [2024-11-11T07:01:53.814+0000] {dag.py:4180} INFO - Setting next_dagrun for example_skip_dag to 2024-11-10 00:00:00+00:00, run_after=2024-11-11 00:00:00+00:00
[2024-11-11T07:01:53.863+0000] {processor.py:208} INFO - Processing /home/airflow/.local/lib/python3.12/site-packages/airflow/example_dags/example_skip_dag.py took 0.217 seconds
[2024-11-11T07:02:24.647+0000] {processor.py:186} INFO - Started process (PID=1805) to work on /home/airflow/.local/lib/python3.12/site-packages/airflow/example_dags/example_skip_dag.py
[2024-11-11T07:02:24.650+0000] {processor.py:914} INFO - Processing file /home/airflow/.local/lib/python3.12/site-packages/airflow/example_dags/example_skip_dag.py for tasks to queue
[2024-11-11T07:02:24.656+0000] {logging_mixin.py:190} INFO - [2024-11-11T07:02:24.655+0000] {dagbag.py:588} INFO - Filling up the DagBag from /home/airflow/.local/lib/python3.12/site-packages/airflow/example_dags/example_skip_dag.py
[2024-11-11T07:02:24.670+0000] {processor.py:925} INFO - DAG(s) 'example_skip_dag' retrieved from /home/airflow/.local/lib/python3.12/site-packages/airflow/example_dags/example_skip_dag.py
[2024-11-11T07:02:24.717+0000] {logging_mixin.py:190} INFO - [2024-11-11T07:02:24.717+0000] {dag.py:3239} INFO - Sync 1 DAGs
[2024-11-11T07:02:24.752+0000] {logging_mixin.py:190} INFO - [2024-11-11T07:02:24.752+0000] {dag.py:4180} INFO - Setting next_dagrun for example_skip_dag to 2024-11-10 00:00:00+00:00, run_after=2024-11-11 00:00:00+00:00
[2024-11-11T07:02:24.787+0000] {processor.py:208} INFO - Processing /home/airflow/.local/lib/python3.12/site-packages/airflow/example_dags/example_skip_dag.py took 0.149 seconds
[2024-11-11T07:02:54.855+0000] {processor.py:186} INFO - Started process (PID=1868) to work on /home/airflow/.local/lib/python3.12/site-packages/airflow/example_dags/example_skip_dag.py
[2024-11-11T07:02:54.857+0000] {processor.py:914} INFO - Processing file /home/airflow/.local/lib/python3.12/site-packages/airflow/example_dags/example_skip_dag.py for tasks to queue
[2024-11-11T07:02:54.863+0000] {logging_mixin.py:190} INFO - [2024-11-11T07:02:54.862+0000] {dagbag.py:588} INFO - Filling up the DagBag from /home/airflow/.local/lib/python3.12/site-packages/airflow/example_dags/example_skip_dag.py
[2024-11-11T07:02:54.877+0000] {processor.py:925} INFO - DAG(s) 'example_skip_dag' retrieved from /home/airflow/.local/lib/python3.12/site-packages/airflow/example_dags/example_skip_dag.py
[2024-11-11T07:02:54.912+0000] {logging_mixin.py:190} INFO - [2024-11-11T07:02:54.912+0000] {dag.py:3239} INFO - Sync 1 DAGs
[2024-11-11T07:02:54.952+0000] {logging_mixin.py:190} INFO - [2024-11-11T07:02:54.951+0000] {dag.py:4180} INFO - Setting next_dagrun for example_skip_dag to 2024-11-10 00:00:00+00:00, run_after=2024-11-11 00:00:00+00:00
[2024-11-11T07:02:54.980+0000] {processor.py:208} INFO - Processing /home/airflow/.local/lib/python3.12/site-packages/airflow/example_dags/example_skip_dag.py took 0.134 seconds
