[2024-11-11T06:48:21.193+0000] {processor.py:186} INFO - Started process (PID=52) to work on /home/airflow/.local/lib/python3.12/site-packages/airflow/example_dags/example_external_task_marker_dag.py
[2024-11-11T06:48:21.196+0000] {processor.py:914} INFO - Processing file /home/airflow/.local/lib/python3.12/site-packages/airflow/example_dags/example_external_task_marker_dag.py for tasks to queue
[2024-11-11T06:48:21.200+0000] {logging_mixin.py:190} INFO - [2024-11-11T06:48:21.199+0000] {dagbag.py:588} INFO - Filling up the DagBag from /home/airflow/.local/lib/python3.12/site-packages/airflow/example_dags/example_external_task_marker_dag.py
[2024-11-11T06:48:21.216+0000] {processor.py:925} INFO - DAG(s) 'example_external_task_marker_child', 'example_external_task_marker_parent' retrieved from /home/airflow/.local/lib/python3.12/site-packages/airflow/example_dags/example_external_task_marker_dag.py
[2024-11-11T06:48:21.395+0000] {logging_mixin.py:190} INFO - [2024-11-11T06:48:21.394+0000] {override.py:1911} INFO - Created Permission View: can read on DAG:example_external_task_marker_child
[2024-11-11T06:48:21.409+0000] {logging_mixin.py:190} INFO - [2024-11-11T06:48:21.408+0000] {override.py:1911} INFO - Created Permission View: can delete on DAG:example_external_task_marker_child
[2024-11-11T06:48:21.418+0000] {logging_mixin.py:190} INFO - [2024-11-11T06:48:21.418+0000] {override.py:1911} INFO - Created Permission View: can edit on DAG:example_external_task_marker_child
[2024-11-11T06:48:21.430+0000] {logging_mixin.py:190} INFO - [2024-11-11T06:48:21.430+0000] {override.py:1911} INFO - Created Permission View: menu access on DAG Run:example_external_task_marker_child
[2024-11-11T06:48:21.441+0000] {logging_mixin.py:190} INFO - [2024-11-11T06:48:21.441+0000] {override.py:1911} INFO - Created Permission View: can read on DAG Run:example_external_task_marker_child
[2024-11-11T06:48:21.452+0000] {logging_mixin.py:190} INFO - [2024-11-11T06:48:21.452+0000] {override.py:1911} INFO - Created Permission View: can delete on DAG Run:example_external_task_marker_child
[2024-11-11T06:48:21.462+0000] {logging_mixin.py:190} INFO - [2024-11-11T06:48:21.462+0000] {override.py:1911} INFO - Created Permission View: can create on DAG Run:example_external_task_marker_child
[2024-11-11T06:48:21.486+0000] {logging_mixin.py:190} INFO - [2024-11-11T06:48:21.486+0000] {override.py:1911} INFO - Created Permission View: can read on DAG:example_external_task_marker_parent
[2024-11-11T06:48:21.496+0000] {logging_mixin.py:190} INFO - [2024-11-11T06:48:21.496+0000] {override.py:1911} INFO - Created Permission View: can delete on DAG:example_external_task_marker_parent
[2024-11-11T06:48:21.506+0000] {logging_mixin.py:190} INFO - [2024-11-11T06:48:21.506+0000] {override.py:1911} INFO - Created Permission View: can edit on DAG:example_external_task_marker_parent
[2024-11-11T06:48:21.517+0000] {logging_mixin.py:190} INFO - [2024-11-11T06:48:21.516+0000] {override.py:1911} INFO - Created Permission View: menu access on DAG Run:example_external_task_marker_parent
[2024-11-11T06:48:21.529+0000] {logging_mixin.py:190} INFO - [2024-11-11T06:48:21.529+0000] {override.py:1911} INFO - Created Permission View: can read on DAG Run:example_external_task_marker_parent
[2024-11-11T06:48:21.542+0000] {logging_mixin.py:190} INFO - [2024-11-11T06:48:21.541+0000] {override.py:1911} INFO - Created Permission View: can delete on DAG Run:example_external_task_marker_parent
[2024-11-11T06:48:21.553+0000] {logging_mixin.py:190} INFO - [2024-11-11T06:48:21.553+0000] {override.py:1911} INFO - Created Permission View: can create on DAG Run:example_external_task_marker_parent
[2024-11-11T06:48:21.555+0000] {logging_mixin.py:190} INFO - [2024-11-11T06:48:21.554+0000] {dag.py:3239} INFO - Sync 2 DAGs
[2024-11-11T06:48:21.574+0000] {logging_mixin.py:190} INFO - [2024-11-11T06:48:21.573+0000] {dag.py:3262} INFO - Creating ORM DAG for example_external_task_marker_parent
[2024-11-11T06:48:21.575+0000] {logging_mixin.py:190} INFO - [2024-11-11T06:48:21.575+0000] {dag.py:3262} INFO - Creating ORM DAG for example_external_task_marker_child
[2024-11-11T06:48:21.578+0000] {logging_mixin.py:190} INFO - [2024-11-11T06:48:21.577+0000] {dag.py:4180} INFO - Setting next_dagrun for example_external_task_marker_child to None, run_after=None
[2024-11-11T06:48:21.580+0000] {logging_mixin.py:190} INFO - [2024-11-11T06:48:21.579+0000] {dag.py:4180} INFO - Setting next_dagrun for example_external_task_marker_parent to None, run_after=None
[2024-11-11T06:48:21.604+0000] {processor.py:208} INFO - Processing /home/airflow/.local/lib/python3.12/site-packages/airflow/example_dags/example_external_task_marker_dag.py took 0.421 seconds
[2024-11-11T06:48:52.082+0000] {processor.py:186} INFO - Started process (PID=116) to work on /home/airflow/.local/lib/python3.12/site-packages/airflow/example_dags/example_external_task_marker_dag.py
[2024-11-11T06:48:52.086+0000] {processor.py:914} INFO - Processing file /home/airflow/.local/lib/python3.12/site-packages/airflow/example_dags/example_external_task_marker_dag.py for tasks to queue
[2024-11-11T06:48:52.092+0000] {logging_mixin.py:190} INFO - [2024-11-11T06:48:52.091+0000] {dagbag.py:588} INFO - Filling up the DagBag from /home/airflow/.local/lib/python3.12/site-packages/airflow/example_dags/example_external_task_marker_dag.py
[2024-11-11T06:48:52.118+0000] {processor.py:925} INFO - DAG(s) 'example_external_task_marker_child', 'example_external_task_marker_parent' retrieved from /home/airflow/.local/lib/python3.12/site-packages/airflow/example_dags/example_external_task_marker_dag.py
[2024-11-11T06:48:52.188+0000] {logging_mixin.py:190} INFO - [2024-11-11T06:48:52.187+0000] {dag.py:3239} INFO - Sync 2 DAGs
[2024-11-11T06:48:52.222+0000] {logging_mixin.py:190} INFO - [2024-11-11T06:48:52.222+0000] {dag.py:4180} INFO - Setting next_dagrun for example_external_task_marker_child to None, run_after=None
[2024-11-11T06:48:52.236+0000] {logging_mixin.py:190} INFO - [2024-11-11T06:48:52.233+0000] {dag.py:4180} INFO - Setting next_dagrun for example_external_task_marker_parent to None, run_after=None
[2024-11-11T06:48:52.298+0000] {processor.py:208} INFO - Processing /home/airflow/.local/lib/python3.12/site-packages/airflow/example_dags/example_external_task_marker_dag.py took 0.231 seconds
[2024-11-11T06:49:22.458+0000] {processor.py:186} INFO - Started process (PID=179) to work on /home/airflow/.local/lib/python3.12/site-packages/airflow/example_dags/example_external_task_marker_dag.py
[2024-11-11T06:49:22.460+0000] {processor.py:914} INFO - Processing file /home/airflow/.local/lib/python3.12/site-packages/airflow/example_dags/example_external_task_marker_dag.py for tasks to queue
[2024-11-11T06:49:22.467+0000] {logging_mixin.py:190} INFO - [2024-11-11T06:49:22.466+0000] {dagbag.py:588} INFO - Filling up the DagBag from /home/airflow/.local/lib/python3.12/site-packages/airflow/example_dags/example_external_task_marker_dag.py
[2024-11-11T06:49:22.488+0000] {processor.py:925} INFO - DAG(s) 'example_external_task_marker_parent', 'example_external_task_marker_child' retrieved from /home/airflow/.local/lib/python3.12/site-packages/airflow/example_dags/example_external_task_marker_dag.py
[2024-11-11T06:49:22.542+0000] {logging_mixin.py:190} INFO - [2024-11-11T06:49:22.541+0000] {dag.py:3239} INFO - Sync 2 DAGs
[2024-11-11T06:49:22.571+0000] {logging_mixin.py:190} INFO - [2024-11-11T06:49:22.571+0000] {dag.py:4180} INFO - Setting next_dagrun for example_external_task_marker_child to None, run_after=None
[2024-11-11T06:49:22.578+0000] {logging_mixin.py:190} INFO - [2024-11-11T06:49:22.577+0000] {dag.py:4180} INFO - Setting next_dagrun for example_external_task_marker_parent to None, run_after=None
[2024-11-11T06:49:22.619+0000] {processor.py:208} INFO - Processing /home/airflow/.local/lib/python3.12/site-packages/airflow/example_dags/example_external_task_marker_dag.py took 0.174 seconds
[2024-11-11T06:49:52.751+0000] {processor.py:186} INFO - Started process (PID=243) to work on /home/airflow/.local/lib/python3.12/site-packages/airflow/example_dags/example_external_task_marker_dag.py
[2024-11-11T06:49:52.752+0000] {processor.py:914} INFO - Processing file /home/airflow/.local/lib/python3.12/site-packages/airflow/example_dags/example_external_task_marker_dag.py for tasks to queue
[2024-11-11T06:49:52.759+0000] {logging_mixin.py:190} INFO - [2024-11-11T06:49:52.759+0000] {dagbag.py:588} INFO - Filling up the DagBag from /home/airflow/.local/lib/python3.12/site-packages/airflow/example_dags/example_external_task_marker_dag.py
[2024-11-11T06:49:52.780+0000] {processor.py:925} INFO - DAG(s) 'example_external_task_marker_child', 'example_external_task_marker_parent' retrieved from /home/airflow/.local/lib/python3.12/site-packages/airflow/example_dags/example_external_task_marker_dag.py
[2024-11-11T06:49:52.846+0000] {logging_mixin.py:190} INFO - [2024-11-11T06:49:52.846+0000] {dag.py:3239} INFO - Sync 2 DAGs
[2024-11-11T06:49:52.874+0000] {logging_mixin.py:190} INFO - [2024-11-11T06:49:52.873+0000] {dag.py:4180} INFO - Setting next_dagrun for example_external_task_marker_child to None, run_after=None
[2024-11-11T06:49:52.884+0000] {logging_mixin.py:190} INFO - [2024-11-11T06:49:52.884+0000] {dag.py:4180} INFO - Setting next_dagrun for example_external_task_marker_parent to None, run_after=None
[2024-11-11T06:49:52.908+0000] {processor.py:208} INFO - Processing /home/airflow/.local/lib/python3.12/site-packages/airflow/example_dags/example_external_task_marker_dag.py took 0.170 seconds
[2024-11-11T06:50:24.769+0000] {processor.py:186} INFO - Started process (PID=307) to work on /home/airflow/.local/lib/python3.12/site-packages/airflow/example_dags/example_external_task_marker_dag.py
[2024-11-11T06:50:24.772+0000] {processor.py:914} INFO - Processing file /home/airflow/.local/lib/python3.12/site-packages/airflow/example_dags/example_external_task_marker_dag.py for tasks to queue
[2024-11-11T06:50:24.778+0000] {logging_mixin.py:190} INFO - [2024-11-11T06:50:24.777+0000] {dagbag.py:588} INFO - Filling up the DagBag from /home/airflow/.local/lib/python3.12/site-packages/airflow/example_dags/example_external_task_marker_dag.py
[2024-11-11T06:50:24.796+0000] {processor.py:925} INFO - DAG(s) 'example_external_task_marker_parent', 'example_external_task_marker_child' retrieved from /home/airflow/.local/lib/python3.12/site-packages/airflow/example_dags/example_external_task_marker_dag.py
[2024-11-11T06:50:24.840+0000] {logging_mixin.py:190} INFO - [2024-11-11T06:50:24.839+0000] {dag.py:3239} INFO - Sync 2 DAGs
[2024-11-11T06:50:24.869+0000] {logging_mixin.py:190} INFO - [2024-11-11T06:50:24.869+0000] {dag.py:4180} INFO - Setting next_dagrun for example_external_task_marker_child to None, run_after=None
[2024-11-11T06:50:24.877+0000] {logging_mixin.py:190} INFO - [2024-11-11T06:50:24.877+0000] {dag.py:4180} INFO - Setting next_dagrun for example_external_task_marker_parent to None, run_after=None
[2024-11-11T06:50:24.920+0000] {processor.py:208} INFO - Processing /home/airflow/.local/lib/python3.12/site-packages/airflow/example_dags/example_external_task_marker_dag.py took 0.168 seconds
[2024-11-11T06:50:56.029+0000] {processor.py:186} INFO - Started process (PID=371) to work on /home/airflow/.local/lib/python3.12/site-packages/airflow/example_dags/example_external_task_marker_dag.py
[2024-11-11T06:50:56.031+0000] {processor.py:914} INFO - Processing file /home/airflow/.local/lib/python3.12/site-packages/airflow/example_dags/example_external_task_marker_dag.py for tasks to queue
[2024-11-11T06:50:56.038+0000] {logging_mixin.py:190} INFO - [2024-11-11T06:50:56.037+0000] {dagbag.py:588} INFO - Filling up the DagBag from /home/airflow/.local/lib/python3.12/site-packages/airflow/example_dags/example_external_task_marker_dag.py
[2024-11-11T06:50:56.061+0000] {processor.py:925} INFO - DAG(s) 'example_external_task_marker_child', 'example_external_task_marker_parent' retrieved from /home/airflow/.local/lib/python3.12/site-packages/airflow/example_dags/example_external_task_marker_dag.py
[2024-11-11T06:50:56.137+0000] {logging_mixin.py:190} INFO - [2024-11-11T06:50:56.136+0000] {dag.py:3239} INFO - Sync 2 DAGs
[2024-11-11T06:50:56.179+0000] {logging_mixin.py:190} INFO - [2024-11-11T06:50:56.179+0000] {dag.py:4180} INFO - Setting next_dagrun for example_external_task_marker_child to None, run_after=None
[2024-11-11T06:50:56.189+0000] {logging_mixin.py:190} INFO - [2024-11-11T06:50:56.188+0000] {dag.py:4180} INFO - Setting next_dagrun for example_external_task_marker_parent to None, run_after=None
[2024-11-11T06:50:56.227+0000] {processor.py:208} INFO - Processing /home/airflow/.local/lib/python3.12/site-packages/airflow/example_dags/example_external_task_marker_dag.py took 0.214 seconds
[2024-11-11T06:51:26.663+0000] {processor.py:186} INFO - Started process (PID=435) to work on /home/airflow/.local/lib/python3.12/site-packages/airflow/example_dags/example_external_task_marker_dag.py
[2024-11-11T06:51:26.666+0000] {processor.py:914} INFO - Processing file /home/airflow/.local/lib/python3.12/site-packages/airflow/example_dags/example_external_task_marker_dag.py for tasks to queue
[2024-11-11T06:51:26.676+0000] {logging_mixin.py:190} INFO - [2024-11-11T06:51:26.675+0000] {dagbag.py:588} INFO - Filling up the DagBag from /home/airflow/.local/lib/python3.12/site-packages/airflow/example_dags/example_external_task_marker_dag.py
[2024-11-11T06:51:26.699+0000] {processor.py:925} INFO - DAG(s) 'example_external_task_marker_parent', 'example_external_task_marker_child' retrieved from /home/airflow/.local/lib/python3.12/site-packages/airflow/example_dags/example_external_task_marker_dag.py
[2024-11-11T06:51:26.757+0000] {logging_mixin.py:190} INFO - [2024-11-11T06:51:26.757+0000] {dag.py:3239} INFO - Sync 2 DAGs
[2024-11-11T06:51:26.832+0000] {logging_mixin.py:190} INFO - [2024-11-11T06:51:26.831+0000] {dag.py:4180} INFO - Setting next_dagrun for example_external_task_marker_child to None, run_after=None
[2024-11-11T06:51:26.845+0000] {logging_mixin.py:190} INFO - [2024-11-11T06:51:26.845+0000] {dag.py:4180} INFO - Setting next_dagrun for example_external_task_marker_parent to None, run_after=None
[2024-11-11T06:51:26.911+0000] {processor.py:208} INFO - Processing /home/airflow/.local/lib/python3.12/site-packages/airflow/example_dags/example_external_task_marker_dag.py took 0.258 seconds
[2024-11-11T06:51:57.110+0000] {processor.py:186} INFO - Started process (PID=499) to work on /home/airflow/.local/lib/python3.12/site-packages/airflow/example_dags/example_external_task_marker_dag.py
[2024-11-11T06:51:57.113+0000] {processor.py:914} INFO - Processing file /home/airflow/.local/lib/python3.12/site-packages/airflow/example_dags/example_external_task_marker_dag.py for tasks to queue
[2024-11-11T06:51:57.120+0000] {logging_mixin.py:190} INFO - [2024-11-11T06:51:57.119+0000] {dagbag.py:588} INFO - Filling up the DagBag from /home/airflow/.local/lib/python3.12/site-packages/airflow/example_dags/example_external_task_marker_dag.py
[2024-11-11T06:51:57.136+0000] {processor.py:925} INFO - DAG(s) 'example_external_task_marker_parent', 'example_external_task_marker_child' retrieved from /home/airflow/.local/lib/python3.12/site-packages/airflow/example_dags/example_external_task_marker_dag.py
[2024-11-11T06:51:57.190+0000] {logging_mixin.py:190} INFO - [2024-11-11T06:51:57.189+0000] {dag.py:3239} INFO - Sync 2 DAGs
[2024-11-11T06:51:57.219+0000] {logging_mixin.py:190} INFO - [2024-11-11T06:51:57.219+0000] {dag.py:4180} INFO - Setting next_dagrun for example_external_task_marker_child to None, run_after=None
[2024-11-11T06:51:57.228+0000] {logging_mixin.py:190} INFO - [2024-11-11T06:51:57.228+0000] {dag.py:4180} INFO - Setting next_dagrun for example_external_task_marker_parent to None, run_after=None
[2024-11-11T06:51:57.267+0000] {processor.py:208} INFO - Processing /home/airflow/.local/lib/python3.12/site-packages/airflow/example_dags/example_external_task_marker_dag.py took 0.175 seconds
[2024-11-11T06:52:27.346+0000] {processor.py:186} INFO - Started process (PID=563) to work on /home/airflow/.local/lib/python3.12/site-packages/airflow/example_dags/example_external_task_marker_dag.py
[2024-11-11T06:52:27.347+0000] {processor.py:914} INFO - Processing file /home/airflow/.local/lib/python3.12/site-packages/airflow/example_dags/example_external_task_marker_dag.py for tasks to queue
[2024-11-11T06:52:27.352+0000] {logging_mixin.py:190} INFO - [2024-11-11T06:52:27.352+0000] {dagbag.py:588} INFO - Filling up the DagBag from /home/airflow/.local/lib/python3.12/site-packages/airflow/example_dags/example_external_task_marker_dag.py
[2024-11-11T06:52:27.365+0000] {processor.py:925} INFO - DAG(s) 'example_external_task_marker_parent', 'example_external_task_marker_child' retrieved from /home/airflow/.local/lib/python3.12/site-packages/airflow/example_dags/example_external_task_marker_dag.py
[2024-11-11T06:52:27.418+0000] {logging_mixin.py:190} INFO - [2024-11-11T06:52:27.418+0000] {dag.py:3239} INFO - Sync 2 DAGs
[2024-11-11T06:52:27.437+0000] {logging_mixin.py:190} INFO - [2024-11-11T06:52:27.437+0000] {dag.py:4180} INFO - Setting next_dagrun for example_external_task_marker_child to None, run_after=None
[2024-11-11T06:52:27.442+0000] {logging_mixin.py:190} INFO - [2024-11-11T06:52:27.442+0000] {dag.py:4180} INFO - Setting next_dagrun for example_external_task_marker_parent to None, run_after=None
[2024-11-11T06:52:27.468+0000] {processor.py:208} INFO - Processing /home/airflow/.local/lib/python3.12/site-packages/airflow/example_dags/example_external_task_marker_dag.py took 0.134 seconds
[2024-11-11T06:52:57.669+0000] {processor.py:186} INFO - Started process (PID=627) to work on /home/airflow/.local/lib/python3.12/site-packages/airflow/example_dags/example_external_task_marker_dag.py
[2024-11-11T06:52:57.673+0000] {processor.py:914} INFO - Processing file /home/airflow/.local/lib/python3.12/site-packages/airflow/example_dags/example_external_task_marker_dag.py for tasks to queue
[2024-11-11T06:52:57.678+0000] {logging_mixin.py:190} INFO - [2024-11-11T06:52:57.677+0000] {dagbag.py:588} INFO - Filling up the DagBag from /home/airflow/.local/lib/python3.12/site-packages/airflow/example_dags/example_external_task_marker_dag.py
[2024-11-11T06:52:57.693+0000] {processor.py:925} INFO - DAG(s) 'example_external_task_marker_parent', 'example_external_task_marker_child' retrieved from /home/airflow/.local/lib/python3.12/site-packages/airflow/example_dags/example_external_task_marker_dag.py
[2024-11-11T06:52:57.773+0000] {logging_mixin.py:190} INFO - [2024-11-11T06:52:57.772+0000] {dag.py:3239} INFO - Sync 2 DAGs
[2024-11-11T06:52:57.809+0000] {logging_mixin.py:190} INFO - [2024-11-11T06:52:57.809+0000] {dag.py:4180} INFO - Setting next_dagrun for example_external_task_marker_child to None, run_after=None
[2024-11-11T06:52:57.822+0000] {logging_mixin.py:190} INFO - [2024-11-11T06:52:57.821+0000] {dag.py:4180} INFO - Setting next_dagrun for example_external_task_marker_parent to None, run_after=None
[2024-11-11T06:52:57.864+0000] {processor.py:208} INFO - Processing /home/airflow/.local/lib/python3.12/site-packages/airflow/example_dags/example_external_task_marker_dag.py took 0.208 seconds
[2024-11-11T06:53:28.115+0000] {processor.py:186} INFO - Started process (PID=690) to work on /home/airflow/.local/lib/python3.12/site-packages/airflow/example_dags/example_external_task_marker_dag.py
[2024-11-11T06:53:28.116+0000] {processor.py:914} INFO - Processing file /home/airflow/.local/lib/python3.12/site-packages/airflow/example_dags/example_external_task_marker_dag.py for tasks to queue
[2024-11-11T06:53:28.121+0000] {logging_mixin.py:190} INFO - [2024-11-11T06:53:28.121+0000] {dagbag.py:588} INFO - Filling up the DagBag from /home/airflow/.local/lib/python3.12/site-packages/airflow/example_dags/example_external_task_marker_dag.py
[2024-11-11T06:53:28.133+0000] {processor.py:925} INFO - DAG(s) 'example_external_task_marker_parent', 'example_external_task_marker_child' retrieved from /home/airflow/.local/lib/python3.12/site-packages/airflow/example_dags/example_external_task_marker_dag.py
[2024-11-11T06:53:28.167+0000] {logging_mixin.py:190} INFO - [2024-11-11T06:53:28.167+0000] {dag.py:3239} INFO - Sync 2 DAGs
[2024-11-11T06:53:28.190+0000] {logging_mixin.py:190} INFO - [2024-11-11T06:53:28.189+0000] {dag.py:4180} INFO - Setting next_dagrun for example_external_task_marker_child to None, run_after=None
[2024-11-11T06:53:28.198+0000] {logging_mixin.py:190} INFO - [2024-11-11T06:53:28.197+0000] {dag.py:4180} INFO - Setting next_dagrun for example_external_task_marker_parent to None, run_after=None
[2024-11-11T06:53:28.233+0000] {processor.py:208} INFO - Processing /home/airflow/.local/lib/python3.12/site-packages/airflow/example_dags/example_external_task_marker_dag.py took 0.129 seconds
[2024-11-11T06:53:59.091+0000] {processor.py:186} INFO - Started process (PID=754) to work on /home/airflow/.local/lib/python3.12/site-packages/airflow/example_dags/example_external_task_marker_dag.py
[2024-11-11T06:53:59.092+0000] {processor.py:914} INFO - Processing file /home/airflow/.local/lib/python3.12/site-packages/airflow/example_dags/example_external_task_marker_dag.py for tasks to queue
[2024-11-11T06:53:59.096+0000] {logging_mixin.py:190} INFO - [2024-11-11T06:53:59.096+0000] {dagbag.py:588} INFO - Filling up the DagBag from /home/airflow/.local/lib/python3.12/site-packages/airflow/example_dags/example_external_task_marker_dag.py
[2024-11-11T06:53:59.108+0000] {processor.py:925} INFO - DAG(s) 'example_external_task_marker_child', 'example_external_task_marker_parent' retrieved from /home/airflow/.local/lib/python3.12/site-packages/airflow/example_dags/example_external_task_marker_dag.py
[2024-11-11T06:53:59.160+0000] {logging_mixin.py:190} INFO - [2024-11-11T06:53:59.159+0000] {dag.py:3239} INFO - Sync 2 DAGs
[2024-11-11T06:53:59.183+0000] {logging_mixin.py:190} INFO - [2024-11-11T06:53:59.183+0000] {dag.py:4180} INFO - Setting next_dagrun for example_external_task_marker_child to None, run_after=None
[2024-11-11T06:53:59.189+0000] {logging_mixin.py:190} INFO - [2024-11-11T06:53:59.188+0000] {dag.py:4180} INFO - Setting next_dagrun for example_external_task_marker_parent to None, run_after=None
[2024-11-11T06:53:59.221+0000] {processor.py:208} INFO - Processing /home/airflow/.local/lib/python3.12/site-packages/airflow/example_dags/example_external_task_marker_dag.py took 0.137 seconds
[2024-11-11T06:54:29.811+0000] {processor.py:186} INFO - Started process (PID=818) to work on /home/airflow/.local/lib/python3.12/site-packages/airflow/example_dags/example_external_task_marker_dag.py
[2024-11-11T06:54:29.813+0000] {processor.py:914} INFO - Processing file /home/airflow/.local/lib/python3.12/site-packages/airflow/example_dags/example_external_task_marker_dag.py for tasks to queue
[2024-11-11T06:54:29.818+0000] {logging_mixin.py:190} INFO - [2024-11-11T06:54:29.818+0000] {dagbag.py:588} INFO - Filling up the DagBag from /home/airflow/.local/lib/python3.12/site-packages/airflow/example_dags/example_external_task_marker_dag.py
[2024-11-11T06:54:29.834+0000] {processor.py:925} INFO - DAG(s) 'example_external_task_marker_parent', 'example_external_task_marker_child' retrieved from /home/airflow/.local/lib/python3.12/site-packages/airflow/example_dags/example_external_task_marker_dag.py
[2024-11-11T06:54:29.883+0000] {logging_mixin.py:190} INFO - [2024-11-11T06:54:29.882+0000] {dag.py:3239} INFO - Sync 2 DAGs
[2024-11-11T06:54:29.911+0000] {logging_mixin.py:190} INFO - [2024-11-11T06:54:29.910+0000] {dag.py:4180} INFO - Setting next_dagrun for example_external_task_marker_child to None, run_after=None
[2024-11-11T06:54:29.919+0000] {logging_mixin.py:190} INFO - [2024-11-11T06:54:29.919+0000] {dag.py:4180} INFO - Setting next_dagrun for example_external_task_marker_parent to None, run_after=None
[2024-11-11T06:54:29.955+0000] {processor.py:208} INFO - Processing /home/airflow/.local/lib/python3.12/site-packages/airflow/example_dags/example_external_task_marker_dag.py took 0.153 seconds
[2024-11-11T06:55:01.136+0000] {processor.py:186} INFO - Started process (PID=882) to work on /home/airflow/.local/lib/python3.12/site-packages/airflow/example_dags/example_external_task_marker_dag.py
[2024-11-11T06:55:01.139+0000] {processor.py:914} INFO - Processing file /home/airflow/.local/lib/python3.12/site-packages/airflow/example_dags/example_external_task_marker_dag.py for tasks to queue
[2024-11-11T06:55:01.144+0000] {logging_mixin.py:190} INFO - [2024-11-11T06:55:01.143+0000] {dagbag.py:588} INFO - Filling up the DagBag from /home/airflow/.local/lib/python3.12/site-packages/airflow/example_dags/example_external_task_marker_dag.py
[2024-11-11T06:55:01.161+0000] {processor.py:925} INFO - DAG(s) 'example_external_task_marker_child', 'example_external_task_marker_parent' retrieved from /home/airflow/.local/lib/python3.12/site-packages/airflow/example_dags/example_external_task_marker_dag.py
[2024-11-11T06:55:01.201+0000] {logging_mixin.py:190} INFO - [2024-11-11T06:55:01.201+0000] {dag.py:3239} INFO - Sync 2 DAGs
[2024-11-11T06:55:01.230+0000] {logging_mixin.py:190} INFO - [2024-11-11T06:55:01.230+0000] {dag.py:4180} INFO - Setting next_dagrun for example_external_task_marker_child to None, run_after=None
[2024-11-11T06:55:01.241+0000] {logging_mixin.py:190} INFO - [2024-11-11T06:55:01.240+0000] {dag.py:4180} INFO - Setting next_dagrun for example_external_task_marker_parent to None, run_after=None
[2024-11-11T06:55:01.291+0000] {processor.py:208} INFO - Processing /home/airflow/.local/lib/python3.12/site-packages/airflow/example_dags/example_external_task_marker_dag.py took 0.164 seconds
[2024-11-11T06:55:32.292+0000] {processor.py:186} INFO - Started process (PID=946) to work on /home/airflow/.local/lib/python3.12/site-packages/airflow/example_dags/example_external_task_marker_dag.py
[2024-11-11T06:55:32.295+0000] {processor.py:914} INFO - Processing file /home/airflow/.local/lib/python3.12/site-packages/airflow/example_dags/example_external_task_marker_dag.py for tasks to queue
[2024-11-11T06:55:32.299+0000] {logging_mixin.py:190} INFO - [2024-11-11T06:55:32.299+0000] {dagbag.py:588} INFO - Filling up the DagBag from /home/airflow/.local/lib/python3.12/site-packages/airflow/example_dags/example_external_task_marker_dag.py
[2024-11-11T06:55:32.311+0000] {processor.py:925} INFO - DAG(s) 'example_external_task_marker_parent', 'example_external_task_marker_child' retrieved from /home/airflow/.local/lib/python3.12/site-packages/airflow/example_dags/example_external_task_marker_dag.py
[2024-11-11T06:55:32.349+0000] {logging_mixin.py:190} INFO - [2024-11-11T06:55:32.348+0000] {dag.py:3239} INFO - Sync 2 DAGs
[2024-11-11T06:55:32.378+0000] {logging_mixin.py:190} INFO - [2024-11-11T06:55:32.378+0000] {dag.py:4180} INFO - Setting next_dagrun for example_external_task_marker_child to None, run_after=None
[2024-11-11T06:55:32.389+0000] {logging_mixin.py:190} INFO - [2024-11-11T06:55:32.389+0000] {dag.py:4180} INFO - Setting next_dagrun for example_external_task_marker_parent to None, run_after=None
[2024-11-11T06:55:32.426+0000] {processor.py:208} INFO - Processing /home/airflow/.local/lib/python3.12/site-packages/airflow/example_dags/example_external_task_marker_dag.py took 0.141 seconds
[2024-11-11T06:56:02.643+0000] {processor.py:186} INFO - Started process (PID=1010) to work on /home/airflow/.local/lib/python3.12/site-packages/airflow/example_dags/example_external_task_marker_dag.py
[2024-11-11T06:56:02.646+0000] {processor.py:914} INFO - Processing file /home/airflow/.local/lib/python3.12/site-packages/airflow/example_dags/example_external_task_marker_dag.py for tasks to queue
[2024-11-11T06:56:02.655+0000] {logging_mixin.py:190} INFO - [2024-11-11T06:56:02.653+0000] {dagbag.py:588} INFO - Filling up the DagBag from /home/airflow/.local/lib/python3.12/site-packages/airflow/example_dags/example_external_task_marker_dag.py
[2024-11-11T06:56:02.679+0000] {processor.py:925} INFO - DAG(s) 'example_external_task_marker_child', 'example_external_task_marker_parent' retrieved from /home/airflow/.local/lib/python3.12/site-packages/airflow/example_dags/example_external_task_marker_dag.py
[2024-11-11T06:56:02.759+0000] {logging_mixin.py:190} INFO - [2024-11-11T06:56:02.759+0000] {dag.py:3239} INFO - Sync 2 DAGs
[2024-11-11T06:56:02.787+0000] {logging_mixin.py:190} INFO - [2024-11-11T06:56:02.787+0000] {dag.py:4180} INFO - Setting next_dagrun for example_external_task_marker_child to None, run_after=None
[2024-11-11T06:56:02.794+0000] {logging_mixin.py:190} INFO - [2024-11-11T06:56:02.794+0000] {dag.py:4180} INFO - Setting next_dagrun for example_external_task_marker_parent to None, run_after=None
[2024-11-11T06:56:02.827+0000] {processor.py:208} INFO - Processing /home/airflow/.local/lib/python3.12/site-packages/airflow/example_dags/example_external_task_marker_dag.py took 0.200 seconds
[2024-11-11T06:56:33.284+0000] {processor.py:186} INFO - Started process (PID=1074) to work on /home/airflow/.local/lib/python3.12/site-packages/airflow/example_dags/example_external_task_marker_dag.py
[2024-11-11T06:56:33.287+0000] {processor.py:914} INFO - Processing file /home/airflow/.local/lib/python3.12/site-packages/airflow/example_dags/example_external_task_marker_dag.py for tasks to queue
[2024-11-11T06:56:33.291+0000] {logging_mixin.py:190} INFO - [2024-11-11T06:56:33.291+0000] {dagbag.py:588} INFO - Filling up the DagBag from /home/airflow/.local/lib/python3.12/site-packages/airflow/example_dags/example_external_task_marker_dag.py
[2024-11-11T06:56:33.304+0000] {processor.py:925} INFO - DAG(s) 'example_external_task_marker_child', 'example_external_task_marker_parent' retrieved from /home/airflow/.local/lib/python3.12/site-packages/airflow/example_dags/example_external_task_marker_dag.py
[2024-11-11T06:56:33.356+0000] {logging_mixin.py:190} INFO - [2024-11-11T06:56:33.354+0000] {dag.py:3239} INFO - Sync 2 DAGs
[2024-11-11T06:56:33.386+0000] {logging_mixin.py:190} INFO - [2024-11-11T06:56:33.386+0000] {dag.py:4180} INFO - Setting next_dagrun for example_external_task_marker_child to None, run_after=None
[2024-11-11T06:56:33.393+0000] {logging_mixin.py:190} INFO - [2024-11-11T06:56:33.393+0000] {dag.py:4180} INFO - Setting next_dagrun for example_external_task_marker_parent to None, run_after=None
[2024-11-11T06:56:33.430+0000] {processor.py:208} INFO - Processing /home/airflow/.local/lib/python3.12/site-packages/airflow/example_dags/example_external_task_marker_dag.py took 0.154 seconds
[2024-11-11T06:57:03.784+0000] {processor.py:186} INFO - Started process (PID=1138) to work on /home/airflow/.local/lib/python3.12/site-packages/airflow/example_dags/example_external_task_marker_dag.py
[2024-11-11T06:57:03.786+0000] {processor.py:914} INFO - Processing file /home/airflow/.local/lib/python3.12/site-packages/airflow/example_dags/example_external_task_marker_dag.py for tasks to queue
[2024-11-11T06:57:03.791+0000] {logging_mixin.py:190} INFO - [2024-11-11T06:57:03.790+0000] {dagbag.py:588} INFO - Filling up the DagBag from /home/airflow/.local/lib/python3.12/site-packages/airflow/example_dags/example_external_task_marker_dag.py
[2024-11-11T06:57:03.806+0000] {processor.py:925} INFO - DAG(s) 'example_external_task_marker_parent', 'example_external_task_marker_child' retrieved from /home/airflow/.local/lib/python3.12/site-packages/airflow/example_dags/example_external_task_marker_dag.py
[2024-11-11T06:57:03.841+0000] {logging_mixin.py:190} INFO - [2024-11-11T06:57:03.841+0000] {dag.py:3239} INFO - Sync 2 DAGs
[2024-11-11T06:57:03.861+0000] {logging_mixin.py:190} INFO - [2024-11-11T06:57:03.861+0000] {dag.py:4180} INFO - Setting next_dagrun for example_external_task_marker_child to None, run_after=None
[2024-11-11T06:57:03.866+0000] {logging_mixin.py:190} INFO - [2024-11-11T06:57:03.866+0000] {dag.py:4180} INFO - Setting next_dagrun for example_external_task_marker_parent to None, run_after=None
[2024-11-11T06:57:03.890+0000] {processor.py:208} INFO - Processing /home/airflow/.local/lib/python3.12/site-packages/airflow/example_dags/example_external_task_marker_dag.py took 0.115 seconds
[2024-11-11T06:57:34.328+0000] {processor.py:186} INFO - Started process (PID=1202) to work on /home/airflow/.local/lib/python3.12/site-packages/airflow/example_dags/example_external_task_marker_dag.py
[2024-11-11T06:57:34.329+0000] {processor.py:914} INFO - Processing file /home/airflow/.local/lib/python3.12/site-packages/airflow/example_dags/example_external_task_marker_dag.py for tasks to queue
[2024-11-11T06:57:34.333+0000] {logging_mixin.py:190} INFO - [2024-11-11T06:57:34.332+0000] {dagbag.py:588} INFO - Filling up the DagBag from /home/airflow/.local/lib/python3.12/site-packages/airflow/example_dags/example_external_task_marker_dag.py
[2024-11-11T06:57:34.344+0000] {processor.py:925} INFO - DAG(s) 'example_external_task_marker_child', 'example_external_task_marker_parent' retrieved from /home/airflow/.local/lib/python3.12/site-packages/airflow/example_dags/example_external_task_marker_dag.py
[2024-11-11T06:57:34.374+0000] {logging_mixin.py:190} INFO - [2024-11-11T06:57:34.374+0000] {dag.py:3239} INFO - Sync 2 DAGs
[2024-11-11T06:57:34.392+0000] {logging_mixin.py:190} INFO - [2024-11-11T06:57:34.391+0000] {dag.py:4180} INFO - Setting next_dagrun for example_external_task_marker_child to None, run_after=None
[2024-11-11T06:57:34.396+0000] {logging_mixin.py:190} INFO - [2024-11-11T06:57:34.396+0000] {dag.py:4180} INFO - Setting next_dagrun for example_external_task_marker_parent to None, run_after=None
[2024-11-11T06:57:34.421+0000] {processor.py:208} INFO - Processing /home/airflow/.local/lib/python3.12/site-packages/airflow/example_dags/example_external_task_marker_dag.py took 0.100 seconds
[2024-11-11T06:58:05.239+0000] {processor.py:186} INFO - Started process (PID=1266) to work on /home/airflow/.local/lib/python3.12/site-packages/airflow/example_dags/example_external_task_marker_dag.py
[2024-11-11T06:58:05.241+0000] {processor.py:914} INFO - Processing file /home/airflow/.local/lib/python3.12/site-packages/airflow/example_dags/example_external_task_marker_dag.py for tasks to queue
[2024-11-11T06:58:05.248+0000] {logging_mixin.py:190} INFO - [2024-11-11T06:58:05.247+0000] {dagbag.py:588} INFO - Filling up the DagBag from /home/airflow/.local/lib/python3.12/site-packages/airflow/example_dags/example_external_task_marker_dag.py
[2024-11-11T06:58:05.269+0000] {processor.py:925} INFO - DAG(s) 'example_external_task_marker_parent', 'example_external_task_marker_child' retrieved from /home/airflow/.local/lib/python3.12/site-packages/airflow/example_dags/example_external_task_marker_dag.py
[2024-11-11T06:58:05.330+0000] {logging_mixin.py:190} INFO - [2024-11-11T06:58:05.329+0000] {dag.py:3239} INFO - Sync 2 DAGs
[2024-11-11T06:58:05.358+0000] {logging_mixin.py:190} INFO - [2024-11-11T06:58:05.358+0000] {dag.py:4180} INFO - Setting next_dagrun for example_external_task_marker_child to None, run_after=None
[2024-11-11T06:58:05.366+0000] {logging_mixin.py:190} INFO - [2024-11-11T06:58:05.366+0000] {dag.py:4180} INFO - Setting next_dagrun for example_external_task_marker_parent to None, run_after=None
[2024-11-11T06:58:05.401+0000] {processor.py:208} INFO - Processing /home/airflow/.local/lib/python3.12/site-packages/airflow/example_dags/example_external_task_marker_dag.py took 0.172 seconds
[2024-11-11T06:58:35.510+0000] {processor.py:186} INFO - Started process (PID=1330) to work on /home/airflow/.local/lib/python3.12/site-packages/airflow/example_dags/example_external_task_marker_dag.py
[2024-11-11T06:58:35.512+0000] {processor.py:914} INFO - Processing file /home/airflow/.local/lib/python3.12/site-packages/airflow/example_dags/example_external_task_marker_dag.py for tasks to queue
[2024-11-11T06:58:35.516+0000] {logging_mixin.py:190} INFO - [2024-11-11T06:58:35.516+0000] {dagbag.py:588} INFO - Filling up the DagBag from /home/airflow/.local/lib/python3.12/site-packages/airflow/example_dags/example_external_task_marker_dag.py
[2024-11-11T06:58:35.528+0000] {processor.py:925} INFO - DAG(s) 'example_external_task_marker_child', 'example_external_task_marker_parent' retrieved from /home/airflow/.local/lib/python3.12/site-packages/airflow/example_dags/example_external_task_marker_dag.py
[2024-11-11T06:58:35.556+0000] {logging_mixin.py:190} INFO - [2024-11-11T06:58:35.556+0000] {dag.py:3239} INFO - Sync 2 DAGs
[2024-11-11T06:58:35.574+0000] {logging_mixin.py:190} INFO - [2024-11-11T06:58:35.573+0000] {dag.py:4180} INFO - Setting next_dagrun for example_external_task_marker_child to None, run_after=None
[2024-11-11T06:58:35.578+0000] {logging_mixin.py:190} INFO - [2024-11-11T06:58:35.578+0000] {dag.py:4180} INFO - Setting next_dagrun for example_external_task_marker_parent to None, run_after=None
[2024-11-11T06:58:35.603+0000] {processor.py:208} INFO - Processing /home/airflow/.local/lib/python3.12/site-packages/airflow/example_dags/example_external_task_marker_dag.py took 0.102 seconds
[2024-11-11T06:59:05.731+0000] {processor.py:186} INFO - Started process (PID=1393) to work on /home/airflow/.local/lib/python3.12/site-packages/airflow/example_dags/example_external_task_marker_dag.py
[2024-11-11T06:59:05.732+0000] {processor.py:914} INFO - Processing file /home/airflow/.local/lib/python3.12/site-packages/airflow/example_dags/example_external_task_marker_dag.py for tasks to queue
[2024-11-11T06:59:05.736+0000] {logging_mixin.py:190} INFO - [2024-11-11T06:59:05.736+0000] {dagbag.py:588} INFO - Filling up the DagBag from /home/airflow/.local/lib/python3.12/site-packages/airflow/example_dags/example_external_task_marker_dag.py
[2024-11-11T06:59:05.749+0000] {processor.py:925} INFO - DAG(s) 'example_external_task_marker_child', 'example_external_task_marker_parent' retrieved from /home/airflow/.local/lib/python3.12/site-packages/airflow/example_dags/example_external_task_marker_dag.py
[2024-11-11T06:59:05.785+0000] {logging_mixin.py:190} INFO - [2024-11-11T06:59:05.784+0000] {dag.py:3239} INFO - Sync 2 DAGs
[2024-11-11T06:59:05.806+0000] {logging_mixin.py:190} INFO - [2024-11-11T06:59:05.805+0000] {dag.py:4180} INFO - Setting next_dagrun for example_external_task_marker_child to None, run_after=None
[2024-11-11T06:59:05.813+0000] {logging_mixin.py:190} INFO - [2024-11-11T06:59:05.813+0000] {dag.py:4180} INFO - Setting next_dagrun for example_external_task_marker_parent to None, run_after=None
[2024-11-11T06:59:05.836+0000] {processor.py:208} INFO - Processing /home/airflow/.local/lib/python3.12/site-packages/airflow/example_dags/example_external_task_marker_dag.py took 0.114 seconds
[2024-11-11T06:59:35.962+0000] {processor.py:186} INFO - Started process (PID=1457) to work on /home/airflow/.local/lib/python3.12/site-packages/airflow/example_dags/example_external_task_marker_dag.py
[2024-11-11T06:59:35.964+0000] {processor.py:914} INFO - Processing file /home/airflow/.local/lib/python3.12/site-packages/airflow/example_dags/example_external_task_marker_dag.py for tasks to queue
[2024-11-11T06:59:35.969+0000] {logging_mixin.py:190} INFO - [2024-11-11T06:59:35.969+0000] {dagbag.py:588} INFO - Filling up the DagBag from /home/airflow/.local/lib/python3.12/site-packages/airflow/example_dags/example_external_task_marker_dag.py
[2024-11-11T06:59:35.985+0000] {processor.py:925} INFO - DAG(s) 'example_external_task_marker_parent', 'example_external_task_marker_child' retrieved from /home/airflow/.local/lib/python3.12/site-packages/airflow/example_dags/example_external_task_marker_dag.py
[2024-11-11T06:59:36.030+0000] {logging_mixin.py:190} INFO - [2024-11-11T06:59:36.030+0000] {dag.py:3239} INFO - Sync 2 DAGs
[2024-11-11T06:59:36.055+0000] {logging_mixin.py:190} INFO - [2024-11-11T06:59:36.055+0000] {dag.py:4180} INFO - Setting next_dagrun for example_external_task_marker_child to None, run_after=None
[2024-11-11T06:59:36.062+0000] {logging_mixin.py:190} INFO - [2024-11-11T06:59:36.061+0000] {dag.py:4180} INFO - Setting next_dagrun for example_external_task_marker_parent to None, run_after=None
[2024-11-11T06:59:36.096+0000] {processor.py:208} INFO - Processing /home/airflow/.local/lib/python3.12/site-packages/airflow/example_dags/example_external_task_marker_dag.py took 0.142 seconds
[2024-11-11T07:00:06.579+0000] {processor.py:186} INFO - Started process (PID=1520) to work on /home/airflow/.local/lib/python3.12/site-packages/airflow/example_dags/example_external_task_marker_dag.py
[2024-11-11T07:00:06.581+0000] {processor.py:914} INFO - Processing file /home/airflow/.local/lib/python3.12/site-packages/airflow/example_dags/example_external_task_marker_dag.py for tasks to queue
[2024-11-11T07:00:06.586+0000] {logging_mixin.py:190} INFO - [2024-11-11T07:00:06.585+0000] {dagbag.py:588} INFO - Filling up the DagBag from /home/airflow/.local/lib/python3.12/site-packages/airflow/example_dags/example_external_task_marker_dag.py
[2024-11-11T07:00:06.601+0000] {processor.py:925} INFO - DAG(s) 'example_external_task_marker_parent', 'example_external_task_marker_child' retrieved from /home/airflow/.local/lib/python3.12/site-packages/airflow/example_dags/example_external_task_marker_dag.py
[2024-11-11T07:00:06.650+0000] {logging_mixin.py:190} INFO - [2024-11-11T07:00:06.650+0000] {dag.py:3239} INFO - Sync 2 DAGs
[2024-11-11T07:00:06.689+0000] {logging_mixin.py:190} INFO - [2024-11-11T07:00:06.684+0000] {dag.py:4180} INFO - Setting next_dagrun for example_external_task_marker_child to None, run_after=None
[2024-11-11T07:00:06.700+0000] {logging_mixin.py:190} INFO - [2024-11-11T07:00:06.700+0000] {dag.py:4180} INFO - Setting next_dagrun for example_external_task_marker_parent to None, run_after=None
[2024-11-11T07:00:06.745+0000] {processor.py:208} INFO - Processing /home/airflow/.local/lib/python3.12/site-packages/airflow/example_dags/example_external_task_marker_dag.py took 0.176 seconds
[2024-11-11T07:00:36.833+0000] {processor.py:186} INFO - Started process (PID=1583) to work on /home/airflow/.local/lib/python3.12/site-packages/airflow/example_dags/example_external_task_marker_dag.py
[2024-11-11T07:00:36.836+0000] {processor.py:914} INFO - Processing file /home/airflow/.local/lib/python3.12/site-packages/airflow/example_dags/example_external_task_marker_dag.py for tasks to queue
[2024-11-11T07:00:36.841+0000] {logging_mixin.py:190} INFO - [2024-11-11T07:00:36.840+0000] {dagbag.py:588} INFO - Filling up the DagBag from /home/airflow/.local/lib/python3.12/site-packages/airflow/example_dags/example_external_task_marker_dag.py
[2024-11-11T07:00:36.859+0000] {processor.py:925} INFO - DAG(s) 'example_external_task_marker_parent', 'example_external_task_marker_child' retrieved from /home/airflow/.local/lib/python3.12/site-packages/airflow/example_dags/example_external_task_marker_dag.py
[2024-11-11T07:00:36.902+0000] {logging_mixin.py:190} INFO - [2024-11-11T07:00:36.901+0000] {dag.py:3239} INFO - Sync 2 DAGs
[2024-11-11T07:00:36.937+0000] {logging_mixin.py:190} INFO - [2024-11-11T07:00:36.936+0000] {dag.py:4180} INFO - Setting next_dagrun for example_external_task_marker_child to None, run_after=None
[2024-11-11T07:00:36.967+0000] {logging_mixin.py:190} INFO - [2024-11-11T07:00:36.964+0000] {dag.py:4180} INFO - Setting next_dagrun for example_external_task_marker_parent to None, run_after=None
[2024-11-11T07:00:37.033+0000] {processor.py:208} INFO - Processing /home/airflow/.local/lib/python3.12/site-packages/airflow/example_dags/example_external_task_marker_dag.py took 0.212 seconds
[2024-11-11T07:01:07.406+0000] {processor.py:186} INFO - Started process (PID=1647) to work on /home/airflow/.local/lib/python3.12/site-packages/airflow/example_dags/example_external_task_marker_dag.py
[2024-11-11T07:01:07.422+0000] {processor.py:914} INFO - Processing file /home/airflow/.local/lib/python3.12/site-packages/airflow/example_dags/example_external_task_marker_dag.py for tasks to queue
[2024-11-11T07:01:07.450+0000] {logging_mixin.py:190} INFO - [2024-11-11T07:01:07.444+0000] {dagbag.py:588} INFO - Filling up the DagBag from /home/airflow/.local/lib/python3.12/site-packages/airflow/example_dags/example_external_task_marker_dag.py
[2024-11-11T07:01:07.487+0000] {processor.py:925} INFO - DAG(s) 'example_external_task_marker_parent', 'example_external_task_marker_child' retrieved from /home/airflow/.local/lib/python3.12/site-packages/airflow/example_dags/example_external_task_marker_dag.py
[2024-11-11T07:01:07.569+0000] {logging_mixin.py:190} INFO - [2024-11-11T07:01:07.569+0000] {dag.py:3239} INFO - Sync 2 DAGs
[2024-11-11T07:01:07.606+0000] {logging_mixin.py:190} INFO - [2024-11-11T07:01:07.605+0000] {dag.py:4180} INFO - Setting next_dagrun for example_external_task_marker_child to None, run_after=None
[2024-11-11T07:01:07.616+0000] {logging_mixin.py:190} INFO - [2024-11-11T07:01:07.616+0000] {dag.py:4180} INFO - Setting next_dagrun for example_external_task_marker_parent to None, run_after=None
[2024-11-11T07:01:07.661+0000] {processor.py:208} INFO - Processing /home/airflow/.local/lib/python3.12/site-packages/airflow/example_dags/example_external_task_marker_dag.py took 0.268 seconds
[2024-11-11T07:01:38.176+0000] {processor.py:186} INFO - Started process (PID=1710) to work on /home/airflow/.local/lib/python3.12/site-packages/airflow/example_dags/example_external_task_marker_dag.py
[2024-11-11T07:01:38.178+0000] {processor.py:914} INFO - Processing file /home/airflow/.local/lib/python3.12/site-packages/airflow/example_dags/example_external_task_marker_dag.py for tasks to queue
[2024-11-11T07:01:38.181+0000] {logging_mixin.py:190} INFO - [2024-11-11T07:01:38.180+0000] {dagbag.py:588} INFO - Filling up the DagBag from /home/airflow/.local/lib/python3.12/site-packages/airflow/example_dags/example_external_task_marker_dag.py
[2024-11-11T07:01:38.193+0000] {processor.py:925} INFO - DAG(s) 'example_external_task_marker_child', 'example_external_task_marker_parent' retrieved from /home/airflow/.local/lib/python3.12/site-packages/airflow/example_dags/example_external_task_marker_dag.py
[2024-11-11T07:01:38.229+0000] {logging_mixin.py:190} INFO - [2024-11-11T07:01:38.229+0000] {dag.py:3239} INFO - Sync 2 DAGs
[2024-11-11T07:01:38.253+0000] {logging_mixin.py:190} INFO - [2024-11-11T07:01:38.253+0000] {dag.py:4180} INFO - Setting next_dagrun for example_external_task_marker_child to None, run_after=None
[2024-11-11T07:01:38.260+0000] {logging_mixin.py:190} INFO - [2024-11-11T07:01:38.260+0000] {dag.py:4180} INFO - Setting next_dagrun for example_external_task_marker_parent to None, run_after=None
[2024-11-11T07:01:38.286+0000] {processor.py:208} INFO - Processing /home/airflow/.local/lib/python3.12/site-packages/airflow/example_dags/example_external_task_marker_dag.py took 0.117 seconds
[2024-11-11T07:02:08.354+0000] {processor.py:186} INFO - Started process (PID=1774) to work on /home/airflow/.local/lib/python3.12/site-packages/airflow/example_dags/example_external_task_marker_dag.py
[2024-11-11T07:02:08.356+0000] {processor.py:914} INFO - Processing file /home/airflow/.local/lib/python3.12/site-packages/airflow/example_dags/example_external_task_marker_dag.py for tasks to queue
[2024-11-11T07:02:08.361+0000] {logging_mixin.py:190} INFO - [2024-11-11T07:02:08.360+0000] {dagbag.py:588} INFO - Filling up the DagBag from /home/airflow/.local/lib/python3.12/site-packages/airflow/example_dags/example_external_task_marker_dag.py
[2024-11-11T07:02:08.376+0000] {processor.py:925} INFO - DAG(s) 'example_external_task_marker_child', 'example_external_task_marker_parent' retrieved from /home/airflow/.local/lib/python3.12/site-packages/airflow/example_dags/example_external_task_marker_dag.py
[2024-11-11T07:02:08.424+0000] {logging_mixin.py:190} INFO - [2024-11-11T07:02:08.423+0000] {dag.py:3239} INFO - Sync 2 DAGs
[2024-11-11T07:02:08.449+0000] {logging_mixin.py:190} INFO - [2024-11-11T07:02:08.449+0000] {dag.py:4180} INFO - Setting next_dagrun for example_external_task_marker_child to None, run_after=None
[2024-11-11T07:02:08.457+0000] {logging_mixin.py:190} INFO - [2024-11-11T07:02:08.457+0000] {dag.py:4180} INFO - Setting next_dagrun for example_external_task_marker_parent to None, run_after=None
[2024-11-11T07:02:08.494+0000] {processor.py:208} INFO - Processing /home/airflow/.local/lib/python3.12/site-packages/airflow/example_dags/example_external_task_marker_dag.py took 0.153 seconds
[2024-11-11T07:02:39.134+0000] {processor.py:186} INFO - Started process (PID=1838) to work on /home/airflow/.local/lib/python3.12/site-packages/airflow/example_dags/example_external_task_marker_dag.py
[2024-11-11T07:02:39.136+0000] {processor.py:914} INFO - Processing file /home/airflow/.local/lib/python3.12/site-packages/airflow/example_dags/example_external_task_marker_dag.py for tasks to queue
[2024-11-11T07:02:39.141+0000] {logging_mixin.py:190} INFO - [2024-11-11T07:02:39.140+0000] {dagbag.py:588} INFO - Filling up the DagBag from /home/airflow/.local/lib/python3.12/site-packages/airflow/example_dags/example_external_task_marker_dag.py
[2024-11-11T07:02:39.156+0000] {processor.py:925} INFO - DAG(s) 'example_external_task_marker_child', 'example_external_task_marker_parent' retrieved from /home/airflow/.local/lib/python3.12/site-packages/airflow/example_dags/example_external_task_marker_dag.py
[2024-11-11T07:02:39.192+0000] {logging_mixin.py:190} INFO - [2024-11-11T07:02:39.191+0000] {dag.py:3239} INFO - Sync 2 DAGs
[2024-11-11T07:02:39.216+0000] {logging_mixin.py:190} INFO - [2024-11-11T07:02:39.215+0000] {dag.py:4180} INFO - Setting next_dagrun for example_external_task_marker_child to None, run_after=None
[2024-11-11T07:02:39.220+0000] {logging_mixin.py:190} INFO - [2024-11-11T07:02:39.220+0000] {dag.py:4180} INFO - Setting next_dagrun for example_external_task_marker_parent to None, run_after=None
[2024-11-11T07:02:39.248+0000] {processor.py:208} INFO - Processing /home/airflow/.local/lib/python3.12/site-packages/airflow/example_dags/example_external_task_marker_dag.py took 0.122 seconds
[2024-11-11T07:03:10.747+0000] {processor.py:186} INFO - Started process (PID=1902) to work on /home/airflow/.local/lib/python3.12/site-packages/airflow/example_dags/example_external_task_marker_dag.py
[2024-11-11T07:03:10.751+0000] {processor.py:914} INFO - Processing file /home/airflow/.local/lib/python3.12/site-packages/airflow/example_dags/example_external_task_marker_dag.py for tasks to queue
[2024-11-11T07:03:10.760+0000] {logging_mixin.py:190} INFO - [2024-11-11T07:03:10.759+0000] {dagbag.py:588} INFO - Filling up the DagBag from /home/airflow/.local/lib/python3.12/site-packages/airflow/example_dags/example_external_task_marker_dag.py
[2024-11-11T07:03:10.796+0000] {processor.py:925} INFO - DAG(s) 'example_external_task_marker_parent', 'example_external_task_marker_child' retrieved from /home/airflow/.local/lib/python3.12/site-packages/airflow/example_dags/example_external_task_marker_dag.py
[2024-11-11T07:03:11.132+0000] {logging_mixin.py:190} INFO - [2024-11-11T07:03:11.131+0000] {dag.py:3239} INFO - Sync 2 DAGs
[2024-11-11T07:03:11.382+0000] {logging_mixin.py:190} INFO - [2024-11-11T07:03:11.381+0000] {dag.py:4180} INFO - Setting next_dagrun for example_external_task_marker_child to None, run_after=None
[2024-11-11T07:03:11.508+0000] {logging_mixin.py:190} INFO - [2024-11-11T07:03:11.508+0000] {dag.py:4180} INFO - Setting next_dagrun for example_external_task_marker_parent to None, run_after=None
[2024-11-11T07:03:11.731+0000] {processor.py:208} INFO - Processing /home/airflow/.local/lib/python3.12/site-packages/airflow/example_dags/example_external_task_marker_dag.py took 1.003 seconds
