[2024-11-11T06:48:17.791+0000] {processor.py:186} INFO - Started process (PID=47) to work on /home/airflow/.local/lib/python3.12/site-packages/airflow/example_dags/example_dag_decorator.py
[2024-11-11T06:48:17.793+0000] {processor.py:914} INFO - Processing file /home/airflow/.local/lib/python3.12/site-packages/airflow/example_dags/example_dag_decorator.py for tasks to queue
[2024-11-11T06:48:17.799+0000] {logging_mixin.py:190} INFO - [2024-11-11T06:48:17.798+0000] {dagbag.py:588} INFO - Filling up the DagBag from /home/airflow/.local/lib/python3.12/site-packages/airflow/example_dags/example_dag_decorator.py
[2024-11-11T06:48:17.838+0000] {processor.py:925} INFO - DAG(s) 'example_dag_decorator' retrieved from /home/airflow/.local/lib/python3.12/site-packages/airflow/example_dags/example_dag_decorator.py
[2024-11-11T06:48:18.064+0000] {logging_mixin.py:190} INFO - [2024-11-11T06:48:18.063+0000] {override.py:1911} INFO - Created Permission View: can read on DAG:example_dag_decorator
[2024-11-11T06:48:18.082+0000] {logging_mixin.py:190} INFO - [2024-11-11T06:48:18.081+0000] {override.py:1911} INFO - Created Permission View: can delete on DAG:example_dag_decorator
[2024-11-11T06:48:18.093+0000] {logging_mixin.py:190} INFO - [2024-11-11T06:48:18.092+0000] {override.py:1911} INFO - Created Permission View: can edit on DAG:example_dag_decorator
[2024-11-11T06:48:18.110+0000] {logging_mixin.py:190} INFO - [2024-11-11T06:48:18.109+0000] {override.py:1911} INFO - Created Permission View: menu access on DAG Run:example_dag_decorator
[2024-11-11T06:48:18.128+0000] {logging_mixin.py:190} INFO - [2024-11-11T06:48:18.127+0000] {override.py:1911} INFO - Created Permission View: can read on DAG Run:example_dag_decorator
[2024-11-11T06:48:18.154+0000] {logging_mixin.py:190} INFO - [2024-11-11T06:48:18.154+0000] {override.py:1911} INFO - Created Permission View: can delete on DAG Run:example_dag_decorator
[2024-11-11T06:48:18.171+0000] {logging_mixin.py:190} INFO - [2024-11-11T06:48:18.171+0000] {override.py:1911} INFO - Created Permission View: can create on DAG Run:example_dag_decorator
[2024-11-11T06:48:18.172+0000] {logging_mixin.py:190} INFO - [2024-11-11T06:48:18.172+0000] {dag.py:3239} INFO - Sync 1 DAGs
[2024-11-11T06:48:18.198+0000] {logging_mixin.py:190} INFO - [2024-11-11T06:48:18.197+0000] {dag.py:3262} INFO - Creating ORM DAG for example_dag_decorator
[2024-11-11T06:48:18.200+0000] {logging_mixin.py:190} INFO - [2024-11-11T06:48:18.200+0000] {dag.py:4180} INFO - Setting next_dagrun for example_dag_decorator to None, run_after=None
[2024-11-11T06:48:18.247+0000] {processor.py:208} INFO - Processing /home/airflow/.local/lib/python3.12/site-packages/airflow/example_dags/example_dag_decorator.py took 0.466 seconds
[2024-11-11T06:48:48.835+0000] {processor.py:186} INFO - Started process (PID=110) to work on /home/airflow/.local/lib/python3.12/site-packages/airflow/example_dags/example_dag_decorator.py
[2024-11-11T06:48:48.836+0000] {processor.py:914} INFO - Processing file /home/airflow/.local/lib/python3.12/site-packages/airflow/example_dags/example_dag_decorator.py for tasks to queue
[2024-11-11T06:48:48.840+0000] {logging_mixin.py:190} INFO - [2024-11-11T06:48:48.839+0000] {dagbag.py:588} INFO - Filling up the DagBag from /home/airflow/.local/lib/python3.12/site-packages/airflow/example_dags/example_dag_decorator.py
[2024-11-11T06:48:48.855+0000] {processor.py:925} INFO - DAG(s) 'example_dag_decorator' retrieved from /home/airflow/.local/lib/python3.12/site-packages/airflow/example_dags/example_dag_decorator.py
[2024-11-11T06:48:48.890+0000] {logging_mixin.py:190} INFO - [2024-11-11T06:48:48.889+0000] {dag.py:3239} INFO - Sync 1 DAGs
[2024-11-11T06:48:48.909+0000] {logging_mixin.py:190} INFO - [2024-11-11T06:48:48.909+0000] {dag.py:4180} INFO - Setting next_dagrun for example_dag_decorator to None, run_after=None
[2024-11-11T06:48:48.932+0000] {processor.py:208} INFO - Processing /home/airflow/.local/lib/python3.12/site-packages/airflow/example_dags/example_dag_decorator.py took 0.104 seconds
[2024-11-11T06:49:19.696+0000] {processor.py:186} INFO - Started process (PID=174) to work on /home/airflow/.local/lib/python3.12/site-packages/airflow/example_dags/example_dag_decorator.py
[2024-11-11T06:49:19.698+0000] {processor.py:914} INFO - Processing file /home/airflow/.local/lib/python3.12/site-packages/airflow/example_dags/example_dag_decorator.py for tasks to queue
[2024-11-11T06:49:19.702+0000] {logging_mixin.py:190} INFO - [2024-11-11T06:49:19.701+0000] {dagbag.py:588} INFO - Filling up the DagBag from /home/airflow/.local/lib/python3.12/site-packages/airflow/example_dags/example_dag_decorator.py
[2024-11-11T06:49:19.721+0000] {processor.py:925} INFO - DAG(s) 'example_dag_decorator' retrieved from /home/airflow/.local/lib/python3.12/site-packages/airflow/example_dags/example_dag_decorator.py
[2024-11-11T06:49:19.927+0000] {logging_mixin.py:190} INFO - [2024-11-11T06:49:19.926+0000] {dag.py:3239} INFO - Sync 1 DAGs
[2024-11-11T06:49:19.959+0000] {logging_mixin.py:190} INFO - [2024-11-11T06:49:19.959+0000] {dag.py:4180} INFO - Setting next_dagrun for example_dag_decorator to None, run_after=None
[2024-11-11T06:49:20.001+0000] {processor.py:208} INFO - Processing /home/airflow/.local/lib/python3.12/site-packages/airflow/example_dags/example_dag_decorator.py took 0.316 seconds
[2024-11-11T06:49:50.883+0000] {processor.py:186} INFO - Started process (PID=238) to work on /home/airflow/.local/lib/python3.12/site-packages/airflow/example_dags/example_dag_decorator.py
[2024-11-11T06:49:50.886+0000] {processor.py:914} INFO - Processing file /home/airflow/.local/lib/python3.12/site-packages/airflow/example_dags/example_dag_decorator.py for tasks to queue
[2024-11-11T06:49:50.894+0000] {logging_mixin.py:190} INFO - [2024-11-11T06:49:50.893+0000] {dagbag.py:588} INFO - Filling up the DagBag from /home/airflow/.local/lib/python3.12/site-packages/airflow/example_dags/example_dag_decorator.py
[2024-11-11T06:49:50.922+0000] {processor.py:925} INFO - DAG(s) 'example_dag_decorator' retrieved from /home/airflow/.local/lib/python3.12/site-packages/airflow/example_dags/example_dag_decorator.py
[2024-11-11T06:49:51.261+0000] {logging_mixin.py:190} INFO - [2024-11-11T06:49:51.260+0000] {dag.py:3239} INFO - Sync 1 DAGs
[2024-11-11T06:49:51.348+0000] {logging_mixin.py:190} INFO - [2024-11-11T06:49:51.347+0000] {dag.py:4180} INFO - Setting next_dagrun for example_dag_decorator to None, run_after=None
[2024-11-11T06:49:51.423+0000] {processor.py:208} INFO - Processing /home/airflow/.local/lib/python3.12/site-packages/airflow/example_dags/example_dag_decorator.py took 0.557 seconds
[2024-11-11T06:50:22.469+0000] {processor.py:186} INFO - Started process (PID=302) to work on /home/airflow/.local/lib/python3.12/site-packages/airflow/example_dags/example_dag_decorator.py
[2024-11-11T06:50:22.521+0000] {processor.py:914} INFO - Processing file /home/airflow/.local/lib/python3.12/site-packages/airflow/example_dags/example_dag_decorator.py for tasks to queue
[2024-11-11T06:50:22.613+0000] {logging_mixin.py:190} INFO - [2024-11-11T06:50:22.611+0000] {dagbag.py:588} INFO - Filling up the DagBag from /home/airflow/.local/lib/python3.12/site-packages/airflow/example_dags/example_dag_decorator.py
[2024-11-11T06:50:22.754+0000] {processor.py:925} INFO - DAG(s) 'example_dag_decorator' retrieved from /home/airflow/.local/lib/python3.12/site-packages/airflow/example_dags/example_dag_decorator.py
[2024-11-11T06:50:23.853+0000] {logging_mixin.py:190} INFO - [2024-11-11T06:50:23.848+0000] {dag.py:3239} INFO - Sync 1 DAGs
[2024-11-11T06:50:24.010+0000] {logging_mixin.py:190} INFO - [2024-11-11T06:50:24.007+0000] {dag.py:4180} INFO - Setting next_dagrun for example_dag_decorator to None, run_after=None
[2024-11-11T06:50:24.167+0000] {processor.py:208} INFO - Processing /home/airflow/.local/lib/python3.12/site-packages/airflow/example_dags/example_dag_decorator.py took 1.875 seconds
[2024-11-11T06:50:55.174+0000] {processor.py:186} INFO - Started process (PID=367) to work on /home/airflow/.local/lib/python3.12/site-packages/airflow/example_dags/example_dag_decorator.py
[2024-11-11T06:50:55.178+0000] {processor.py:914} INFO - Processing file /home/airflow/.local/lib/python3.12/site-packages/airflow/example_dags/example_dag_decorator.py for tasks to queue
[2024-11-11T06:50:55.184+0000] {logging_mixin.py:190} INFO - [2024-11-11T06:50:55.183+0000] {dagbag.py:588} INFO - Filling up the DagBag from /home/airflow/.local/lib/python3.12/site-packages/airflow/example_dags/example_dag_decorator.py
[2024-11-11T06:50:55.265+0000] {processor.py:925} INFO - DAG(s) 'example_dag_decorator' retrieved from /home/airflow/.local/lib/python3.12/site-packages/airflow/example_dags/example_dag_decorator.py
[2024-11-11T06:50:55.658+0000] {logging_mixin.py:190} INFO - [2024-11-11T06:50:55.657+0000] {dag.py:3239} INFO - Sync 1 DAGs
[2024-11-11T06:50:55.727+0000] {logging_mixin.py:190} INFO - [2024-11-11T06:50:55.726+0000] {dag.py:4180} INFO - Setting next_dagrun for example_dag_decorator to None, run_after=None
[2024-11-11T06:50:55.815+0000] {processor.py:208} INFO - Processing /home/airflow/.local/lib/python3.12/site-packages/airflow/example_dags/example_dag_decorator.py took 0.657 seconds
[2024-11-11T06:51:26.214+0000] {processor.py:186} INFO - Started process (PID=431) to work on /home/airflow/.local/lib/python3.12/site-packages/airflow/example_dags/example_dag_decorator.py
[2024-11-11T06:51:26.216+0000] {processor.py:914} INFO - Processing file /home/airflow/.local/lib/python3.12/site-packages/airflow/example_dags/example_dag_decorator.py for tasks to queue
[2024-11-11T06:51:26.221+0000] {logging_mixin.py:190} INFO - [2024-11-11T06:51:26.221+0000] {dagbag.py:588} INFO - Filling up the DagBag from /home/airflow/.local/lib/python3.12/site-packages/airflow/example_dags/example_dag_decorator.py
[2024-11-11T06:51:26.249+0000] {processor.py:925} INFO - DAG(s) 'example_dag_decorator' retrieved from /home/airflow/.local/lib/python3.12/site-packages/airflow/example_dags/example_dag_decorator.py
[2024-11-11T06:51:26.472+0000] {logging_mixin.py:190} INFO - [2024-11-11T06:51:26.472+0000] {dag.py:3239} INFO - Sync 1 DAGs
[2024-11-11T06:51:26.496+0000] {logging_mixin.py:190} INFO - [2024-11-11T06:51:26.496+0000] {dag.py:4180} INFO - Setting next_dagrun for example_dag_decorator to None, run_after=None
[2024-11-11T06:51:26.533+0000] {processor.py:208} INFO - Processing /home/airflow/.local/lib/python3.12/site-packages/airflow/example_dags/example_dag_decorator.py took 0.329 seconds
[2024-11-11T06:51:56.740+0000] {processor.py:186} INFO - Started process (PID=496) to work on /home/airflow/.local/lib/python3.12/site-packages/airflow/example_dags/example_dag_decorator.py
[2024-11-11T06:51:56.742+0000] {processor.py:914} INFO - Processing file /home/airflow/.local/lib/python3.12/site-packages/airflow/example_dags/example_dag_decorator.py for tasks to queue
[2024-11-11T06:51:56.748+0000] {logging_mixin.py:190} INFO - [2024-11-11T06:51:56.748+0000] {dagbag.py:588} INFO - Filling up the DagBag from /home/airflow/.local/lib/python3.12/site-packages/airflow/example_dags/example_dag_decorator.py
[2024-11-11T06:51:56.768+0000] {processor.py:925} INFO - DAG(s) 'example_dag_decorator' retrieved from /home/airflow/.local/lib/python3.12/site-packages/airflow/example_dags/example_dag_decorator.py
[2024-11-11T06:51:56.959+0000] {logging_mixin.py:190} INFO - [2024-11-11T06:51:56.959+0000] {dag.py:3239} INFO - Sync 1 DAGs
[2024-11-11T06:51:56.986+0000] {logging_mixin.py:190} INFO - [2024-11-11T06:51:56.986+0000] {dag.py:4180} INFO - Setting next_dagrun for example_dag_decorator to None, run_after=None
[2024-11-11T06:51:57.037+0000] {processor.py:208} INFO - Processing /home/airflow/.local/lib/python3.12/site-packages/airflow/example_dags/example_dag_decorator.py took 0.305 seconds
[2024-11-11T06:52:27.098+0000] {processor.py:186} INFO - Started process (PID=561) to work on /home/airflow/.local/lib/python3.12/site-packages/airflow/example_dags/example_dag_decorator.py
[2024-11-11T06:52:27.100+0000] {processor.py:914} INFO - Processing file /home/airflow/.local/lib/python3.12/site-packages/airflow/example_dags/example_dag_decorator.py for tasks to queue
[2024-11-11T06:52:27.103+0000] {logging_mixin.py:190} INFO - [2024-11-11T06:52:27.103+0000] {dagbag.py:588} INFO - Filling up the DagBag from /home/airflow/.local/lib/python3.12/site-packages/airflow/example_dags/example_dag_decorator.py
[2024-11-11T06:52:27.119+0000] {processor.py:925} INFO - DAG(s) 'example_dag_decorator' retrieved from /home/airflow/.local/lib/python3.12/site-packages/airflow/example_dags/example_dag_decorator.py
[2024-11-11T06:52:27.257+0000] {logging_mixin.py:190} INFO - [2024-11-11T06:52:27.257+0000] {dag.py:3239} INFO - Sync 1 DAGs
[2024-11-11T06:52:27.270+0000] {logging_mixin.py:190} INFO - [2024-11-11T06:52:27.270+0000] {dag.py:4180} INFO - Setting next_dagrun for example_dag_decorator to None, run_after=None
[2024-11-11T06:52:27.296+0000] {processor.py:208} INFO - Processing /home/airflow/.local/lib/python3.12/site-packages/airflow/example_dags/example_dag_decorator.py took 0.210 seconds
[2024-11-11T06:52:57.349+0000] {processor.py:186} INFO - Started process (PID=625) to work on /home/airflow/.local/lib/python3.12/site-packages/airflow/example_dags/example_dag_decorator.py
[2024-11-11T06:52:57.351+0000] {processor.py:914} INFO - Processing file /home/airflow/.local/lib/python3.12/site-packages/airflow/example_dags/example_dag_decorator.py for tasks to queue
[2024-11-11T06:52:57.358+0000] {logging_mixin.py:190} INFO - [2024-11-11T06:52:57.356+0000] {dagbag.py:588} INFO - Filling up the DagBag from /home/airflow/.local/lib/python3.12/site-packages/airflow/example_dags/example_dag_decorator.py
[2024-11-11T06:52:57.379+0000] {processor.py:925} INFO - DAG(s) 'example_dag_decorator' retrieved from /home/airflow/.local/lib/python3.12/site-packages/airflow/example_dags/example_dag_decorator.py
[2024-11-11T06:52:57.562+0000] {logging_mixin.py:190} INFO - [2024-11-11T06:52:57.561+0000] {dag.py:3239} INFO - Sync 1 DAGs
[2024-11-11T06:52:57.578+0000] {logging_mixin.py:190} INFO - [2024-11-11T06:52:57.578+0000] {dag.py:4180} INFO - Setting next_dagrun for example_dag_decorator to None, run_after=None
[2024-11-11T06:52:57.610+0000] {processor.py:208} INFO - Processing /home/airflow/.local/lib/python3.12/site-packages/airflow/example_dags/example_dag_decorator.py took 0.268 seconds
[2024-11-11T06:53:27.775+0000] {processor.py:186} INFO - Started process (PID=688) to work on /home/airflow/.local/lib/python3.12/site-packages/airflow/example_dags/example_dag_decorator.py
[2024-11-11T06:53:27.778+0000] {processor.py:914} INFO - Processing file /home/airflow/.local/lib/python3.12/site-packages/airflow/example_dags/example_dag_decorator.py for tasks to queue
[2024-11-11T06:53:27.783+0000] {logging_mixin.py:190} INFO - [2024-11-11T06:53:27.782+0000] {dagbag.py:588} INFO - Filling up the DagBag from /home/airflow/.local/lib/python3.12/site-packages/airflow/example_dags/example_dag_decorator.py
[2024-11-11T06:53:27.813+0000] {processor.py:925} INFO - DAG(s) 'example_dag_decorator' retrieved from /home/airflow/.local/lib/python3.12/site-packages/airflow/example_dags/example_dag_decorator.py
[2024-11-11T06:53:28.012+0000] {logging_mixin.py:190} INFO - [2024-11-11T06:53:28.012+0000] {dag.py:3239} INFO - Sync 1 DAGs
[2024-11-11T06:53:28.032+0000] {logging_mixin.py:190} INFO - [2024-11-11T06:53:28.031+0000] {dag.py:4180} INFO - Setting next_dagrun for example_dag_decorator to None, run_after=None
[2024-11-11T06:53:28.063+0000] {processor.py:208} INFO - Processing /home/airflow/.local/lib/python3.12/site-packages/airflow/example_dags/example_dag_decorator.py took 0.305 seconds
[2024-11-11T06:53:58.964+0000] {processor.py:186} INFO - Started process (PID=752) to work on /home/airflow/.local/lib/python3.12/site-packages/airflow/example_dags/example_dag_decorator.py
[2024-11-11T06:53:58.965+0000] {processor.py:914} INFO - Processing file /home/airflow/.local/lib/python3.12/site-packages/airflow/example_dags/example_dag_decorator.py for tasks to queue
[2024-11-11T06:53:58.969+0000] {logging_mixin.py:190} INFO - [2024-11-11T06:53:58.968+0000] {dagbag.py:588} INFO - Filling up the DagBag from /home/airflow/.local/lib/python3.12/site-packages/airflow/example_dags/example_dag_decorator.py
[2024-11-11T06:53:58.985+0000] {processor.py:925} INFO - DAG(s) 'example_dag_decorator' retrieved from /home/airflow/.local/lib/python3.12/site-packages/airflow/example_dags/example_dag_decorator.py
[2024-11-11T06:53:59.153+0000] {logging_mixin.py:190} INFO - [2024-11-11T06:53:59.152+0000] {dag.py:3239} INFO - Sync 1 DAGs
[2024-11-11T06:53:59.175+0000] {logging_mixin.py:190} INFO - [2024-11-11T06:53:59.174+0000] {dag.py:4180} INFO - Setting next_dagrun for example_dag_decorator to None, run_after=None
[2024-11-11T06:53:59.209+0000] {processor.py:208} INFO - Processing /home/airflow/.local/lib/python3.12/site-packages/airflow/example_dags/example_dag_decorator.py took 0.252 seconds
[2024-11-11T06:54:29.616+0000] {processor.py:186} INFO - Started process (PID=816) to work on /home/airflow/.local/lib/python3.12/site-packages/airflow/example_dags/example_dag_decorator.py
[2024-11-11T06:54:29.617+0000] {processor.py:914} INFO - Processing file /home/airflow/.local/lib/python3.12/site-packages/airflow/example_dags/example_dag_decorator.py for tasks to queue
[2024-11-11T06:54:29.622+0000] {logging_mixin.py:190} INFO - [2024-11-11T06:54:29.622+0000] {dagbag.py:588} INFO - Filling up the DagBag from /home/airflow/.local/lib/python3.12/site-packages/airflow/example_dags/example_dag_decorator.py
[2024-11-11T06:54:29.648+0000] {processor.py:925} INFO - DAG(s) 'example_dag_decorator' retrieved from /home/airflow/.local/lib/python3.12/site-packages/airflow/example_dags/example_dag_decorator.py
[2024-11-11T06:54:29.875+0000] {logging_mixin.py:190} INFO - [2024-11-11T06:54:29.874+0000] {dag.py:3239} INFO - Sync 1 DAGs
[2024-11-11T06:54:29.900+0000] {logging_mixin.py:190} INFO - [2024-11-11T06:54:29.900+0000] {dag.py:4180} INFO - Setting next_dagrun for example_dag_decorator to None, run_after=None
[2024-11-11T06:54:29.941+0000] {processor.py:208} INFO - Processing /home/airflow/.local/lib/python3.12/site-packages/airflow/example_dags/example_dag_decorator.py took 0.336 seconds
[2024-11-11T06:55:00.516+0000] {processor.py:186} INFO - Started process (PID=880) to work on /home/airflow/.local/lib/python3.12/site-packages/airflow/example_dags/example_dag_decorator.py
[2024-11-11T06:55:00.519+0000] {processor.py:914} INFO - Processing file /home/airflow/.local/lib/python3.12/site-packages/airflow/example_dags/example_dag_decorator.py for tasks to queue
[2024-11-11T06:55:00.527+0000] {logging_mixin.py:190} INFO - [2024-11-11T06:55:00.526+0000] {dagbag.py:588} INFO - Filling up the DagBag from /home/airflow/.local/lib/python3.12/site-packages/airflow/example_dags/example_dag_decorator.py
[2024-11-11T06:55:00.729+0000] {processor.py:925} INFO - DAG(s) 'example_dag_decorator' retrieved from /home/airflow/.local/lib/python3.12/site-packages/airflow/example_dags/example_dag_decorator.py
[2024-11-11T06:55:01.217+0000] {logging_mixin.py:190} INFO - [2024-11-11T06:55:01.216+0000] {dag.py:3239} INFO - Sync 1 DAGs
[2024-11-11T06:55:01.241+0000] {logging_mixin.py:190} INFO - [2024-11-11T06:55:01.240+0000] {dag.py:4180} INFO - Setting next_dagrun for example_dag_decorator to None, run_after=None
[2024-11-11T06:55:01.300+0000] {processor.py:208} INFO - Processing /home/airflow/.local/lib/python3.12/site-packages/airflow/example_dags/example_dag_decorator.py took 0.806 seconds
[2024-11-11T06:55:32.073+0000] {processor.py:186} INFO - Started process (PID=944) to work on /home/airflow/.local/lib/python3.12/site-packages/airflow/example_dags/example_dag_decorator.py
[2024-11-11T06:55:32.076+0000] {processor.py:914} INFO - Processing file /home/airflow/.local/lib/python3.12/site-packages/airflow/example_dags/example_dag_decorator.py for tasks to queue
[2024-11-11T06:55:32.081+0000] {logging_mixin.py:190} INFO - [2024-11-11T06:55:32.080+0000] {dagbag.py:588} INFO - Filling up the DagBag from /home/airflow/.local/lib/python3.12/site-packages/airflow/example_dags/example_dag_decorator.py
[2024-11-11T06:55:32.111+0000] {processor.py:925} INFO - DAG(s) 'example_dag_decorator' retrieved from /home/airflow/.local/lib/python3.12/site-packages/airflow/example_dags/example_dag_decorator.py
[2024-11-11T06:55:32.335+0000] {logging_mixin.py:190} INFO - [2024-11-11T06:55:32.335+0000] {dag.py:3239} INFO - Sync 1 DAGs
[2024-11-11T06:55:32.353+0000] {logging_mixin.py:190} INFO - [2024-11-11T06:55:32.353+0000] {dag.py:4180} INFO - Setting next_dagrun for example_dag_decorator to None, run_after=None
[2024-11-11T06:55:32.396+0000] {processor.py:208} INFO - Processing /home/airflow/.local/lib/python3.12/site-packages/airflow/example_dags/example_dag_decorator.py took 0.334 seconds
[2024-11-11T06:56:02.629+0000] {processor.py:186} INFO - Started process (PID=1009) to work on /home/airflow/.local/lib/python3.12/site-packages/airflow/example_dags/example_dag_decorator.py
[2024-11-11T06:56:02.632+0000] {processor.py:914} INFO - Processing file /home/airflow/.local/lib/python3.12/site-packages/airflow/example_dags/example_dag_decorator.py for tasks to queue
[2024-11-11T06:56:02.639+0000] {logging_mixin.py:190} INFO - [2024-11-11T06:56:02.638+0000] {dagbag.py:588} INFO - Filling up the DagBag from /home/airflow/.local/lib/python3.12/site-packages/airflow/example_dags/example_dag_decorator.py
[2024-11-11T06:56:02.673+0000] {processor.py:925} INFO - DAG(s) 'example_dag_decorator' retrieved from /home/airflow/.local/lib/python3.12/site-packages/airflow/example_dags/example_dag_decorator.py
[2024-11-11T06:56:02.926+0000] {logging_mixin.py:190} INFO - [2024-11-11T06:56:02.926+0000] {dag.py:3239} INFO - Sync 1 DAGs
[2024-11-11T06:56:02.942+0000] {logging_mixin.py:190} INFO - [2024-11-11T06:56:02.942+0000] {dag.py:4180} INFO - Setting next_dagrun for example_dag_decorator to None, run_after=None
[2024-11-11T06:56:02.970+0000] {processor.py:208} INFO - Processing /home/airflow/.local/lib/python3.12/site-packages/airflow/example_dags/example_dag_decorator.py took 0.359 seconds
[2024-11-11T06:56:33.081+0000] {processor.py:186} INFO - Started process (PID=1072) to work on /home/airflow/.local/lib/python3.12/site-packages/airflow/example_dags/example_dag_decorator.py
[2024-11-11T06:56:33.084+0000] {processor.py:914} INFO - Processing file /home/airflow/.local/lib/python3.12/site-packages/airflow/example_dags/example_dag_decorator.py for tasks to queue
[2024-11-11T06:56:33.090+0000] {logging_mixin.py:190} INFO - [2024-11-11T06:56:33.089+0000] {dagbag.py:588} INFO - Filling up the DagBag from /home/airflow/.local/lib/python3.12/site-packages/airflow/example_dags/example_dag_decorator.py
[2024-11-11T06:56:33.119+0000] {processor.py:925} INFO - DAG(s) 'example_dag_decorator' retrieved from /home/airflow/.local/lib/python3.12/site-packages/airflow/example_dags/example_dag_decorator.py
[2024-11-11T06:56:33.349+0000] {logging_mixin.py:190} INFO - [2024-11-11T06:56:33.348+0000] {dag.py:3239} INFO - Sync 1 DAGs
[2024-11-11T06:56:33.375+0000] {logging_mixin.py:190} INFO - [2024-11-11T06:56:33.373+0000] {dag.py:4180} INFO - Setting next_dagrun for example_dag_decorator to None, run_after=None
[2024-11-11T06:56:33.412+0000] {processor.py:208} INFO - Processing /home/airflow/.local/lib/python3.12/site-packages/airflow/example_dags/example_dag_decorator.py took 0.353 seconds
[2024-11-11T06:57:03.619+0000] {processor.py:186} INFO - Started process (PID=1136) to work on /home/airflow/.local/lib/python3.12/site-packages/airflow/example_dags/example_dag_decorator.py
[2024-11-11T06:57:03.621+0000] {processor.py:914} INFO - Processing file /home/airflow/.local/lib/python3.12/site-packages/airflow/example_dags/example_dag_decorator.py for tasks to queue
[2024-11-11T06:57:03.626+0000] {logging_mixin.py:190} INFO - [2024-11-11T06:57:03.626+0000] {dagbag.py:588} INFO - Filling up the DagBag from /home/airflow/.local/lib/python3.12/site-packages/airflow/example_dags/example_dag_decorator.py
[2024-11-11T06:57:03.649+0000] {processor.py:925} INFO - DAG(s) 'example_dag_decorator' retrieved from /home/airflow/.local/lib/python3.12/site-packages/airflow/example_dags/example_dag_decorator.py
[2024-11-11T06:57:03.835+0000] {logging_mixin.py:190} INFO - [2024-11-11T06:57:03.834+0000] {dag.py:3239} INFO - Sync 1 DAGs
[2024-11-11T06:57:03.853+0000] {logging_mixin.py:190} INFO - [2024-11-11T06:57:03.853+0000] {dag.py:4180} INFO - Setting next_dagrun for example_dag_decorator to None, run_after=None
[2024-11-11T06:57:03.881+0000] {processor.py:208} INFO - Processing /home/airflow/.local/lib/python3.12/site-packages/airflow/example_dags/example_dag_decorator.py took 0.275 seconds
[2024-11-11T06:57:34.156+0000] {processor.py:186} INFO - Started process (PID=1200) to work on /home/airflow/.local/lib/python3.12/site-packages/airflow/example_dags/example_dag_decorator.py
[2024-11-11T06:57:34.159+0000] {processor.py:914} INFO - Processing file /home/airflow/.local/lib/python3.12/site-packages/airflow/example_dags/example_dag_decorator.py for tasks to queue
[2024-11-11T06:57:34.164+0000] {logging_mixin.py:190} INFO - [2024-11-11T06:57:34.163+0000] {dagbag.py:588} INFO - Filling up the DagBag from /home/airflow/.local/lib/python3.12/site-packages/airflow/example_dags/example_dag_decorator.py
[2024-11-11T06:57:34.186+0000] {processor.py:925} INFO - DAG(s) 'example_dag_decorator' retrieved from /home/airflow/.local/lib/python3.12/site-packages/airflow/example_dags/example_dag_decorator.py
[2024-11-11T06:57:34.370+0000] {logging_mixin.py:190} INFO - [2024-11-11T06:57:34.369+0000] {dag.py:3239} INFO - Sync 1 DAGs
[2024-11-11T06:57:34.384+0000] {logging_mixin.py:190} INFO - [2024-11-11T06:57:34.384+0000] {dag.py:4180} INFO - Setting next_dagrun for example_dag_decorator to None, run_after=None
[2024-11-11T06:57:34.414+0000] {processor.py:208} INFO - Processing /home/airflow/.local/lib/python3.12/site-packages/airflow/example_dags/example_dag_decorator.py took 0.275 seconds
[2024-11-11T06:58:04.962+0000] {processor.py:186} INFO - Started process (PID=1264) to work on /home/airflow/.local/lib/python3.12/site-packages/airflow/example_dags/example_dag_decorator.py
[2024-11-11T06:58:04.964+0000] {processor.py:914} INFO - Processing file /home/airflow/.local/lib/python3.12/site-packages/airflow/example_dags/example_dag_decorator.py for tasks to queue
[2024-11-11T06:58:04.972+0000] {logging_mixin.py:190} INFO - [2024-11-11T06:58:04.970+0000] {dagbag.py:588} INFO - Filling up the DagBag from /home/airflow/.local/lib/python3.12/site-packages/airflow/example_dags/example_dag_decorator.py
[2024-11-11T06:58:05.013+0000] {processor.py:925} INFO - DAG(s) 'example_dag_decorator' retrieved from /home/airflow/.local/lib/python3.12/site-packages/airflow/example_dags/example_dag_decorator.py
[2024-11-11T06:58:05.341+0000] {logging_mixin.py:190} INFO - [2024-11-11T06:58:05.341+0000] {dag.py:3239} INFO - Sync 1 DAGs
[2024-11-11T06:58:05.365+0000] {logging_mixin.py:190} INFO - [2024-11-11T06:58:05.365+0000] {dag.py:4180} INFO - Setting next_dagrun for example_dag_decorator to None, run_after=None
[2024-11-11T06:58:05.402+0000] {processor.py:208} INFO - Processing /home/airflow/.local/lib/python3.12/site-packages/airflow/example_dags/example_dag_decorator.py took 0.459 seconds
[2024-11-11T06:58:35.501+0000] {processor.py:186} INFO - Started process (PID=1329) to work on /home/airflow/.local/lib/python3.12/site-packages/airflow/example_dags/example_dag_decorator.py
[2024-11-11T06:58:35.503+0000] {processor.py:914} INFO - Processing file /home/airflow/.local/lib/python3.12/site-packages/airflow/example_dags/example_dag_decorator.py for tasks to queue
[2024-11-11T06:58:35.507+0000] {logging_mixin.py:190} INFO - [2024-11-11T06:58:35.507+0000] {dagbag.py:588} INFO - Filling up the DagBag from /home/airflow/.local/lib/python3.12/site-packages/airflow/example_dags/example_dag_decorator.py
[2024-11-11T06:58:35.527+0000] {processor.py:925} INFO - DAG(s) 'example_dag_decorator' retrieved from /home/airflow/.local/lib/python3.12/site-packages/airflow/example_dags/example_dag_decorator.py
[2024-11-11T06:58:35.667+0000] {logging_mixin.py:190} INFO - [2024-11-11T06:58:35.666+0000] {dag.py:3239} INFO - Sync 1 DAGs
[2024-11-11T06:58:35.680+0000] {logging_mixin.py:190} INFO - [2024-11-11T06:58:35.679+0000] {dag.py:4180} INFO - Setting next_dagrun for example_dag_decorator to None, run_after=None
[2024-11-11T06:58:35.703+0000] {processor.py:208} INFO - Processing /home/airflow/.local/lib/python3.12/site-packages/airflow/example_dags/example_dag_decorator.py took 0.209 seconds
[2024-11-11T06:59:05.877+0000] {processor.py:186} INFO - Started process (PID=1394) to work on /home/airflow/.local/lib/python3.12/site-packages/airflow/example_dags/example_dag_decorator.py
[2024-11-11T06:59:05.878+0000] {processor.py:914} INFO - Processing file /home/airflow/.local/lib/python3.12/site-packages/airflow/example_dags/example_dag_decorator.py for tasks to queue
[2024-11-11T06:59:05.882+0000] {logging_mixin.py:190} INFO - [2024-11-11T06:59:05.882+0000] {dagbag.py:588} INFO - Filling up the DagBag from /home/airflow/.local/lib/python3.12/site-packages/airflow/example_dags/example_dag_decorator.py
[2024-11-11T06:59:05.896+0000] {processor.py:925} INFO - DAG(s) 'example_dag_decorator' retrieved from /home/airflow/.local/lib/python3.12/site-packages/airflow/example_dags/example_dag_decorator.py
[2024-11-11T06:59:05.926+0000] {logging_mixin.py:190} INFO - [2024-11-11T06:59:05.926+0000] {dag.py:3239} INFO - Sync 1 DAGs
[2024-11-11T06:59:05.944+0000] {logging_mixin.py:190} INFO - [2024-11-11T06:59:05.943+0000] {dag.py:4180} INFO - Setting next_dagrun for example_dag_decorator to None, run_after=None
[2024-11-11T06:59:05.969+0000] {processor.py:208} INFO - Processing /home/airflow/.local/lib/python3.12/site-packages/airflow/example_dags/example_dag_decorator.py took 0.099 seconds
[2024-11-11T06:59:36.150+0000] {processor.py:186} INFO - Started process (PID=1458) to work on /home/airflow/.local/lib/python3.12/site-packages/airflow/example_dags/example_dag_decorator.py
[2024-11-11T06:59:36.152+0000] {processor.py:914} INFO - Processing file /home/airflow/.local/lib/python3.12/site-packages/airflow/example_dags/example_dag_decorator.py for tasks to queue
[2024-11-11T06:59:36.157+0000] {logging_mixin.py:190} INFO - [2024-11-11T06:59:36.156+0000] {dagbag.py:588} INFO - Filling up the DagBag from /home/airflow/.local/lib/python3.12/site-packages/airflow/example_dags/example_dag_decorator.py
[2024-11-11T06:59:36.177+0000] {processor.py:925} INFO - DAG(s) 'example_dag_decorator' retrieved from /home/airflow/.local/lib/python3.12/site-packages/airflow/example_dags/example_dag_decorator.py
[2024-11-11T06:59:36.229+0000] {logging_mixin.py:190} INFO - [2024-11-11T06:59:36.228+0000] {dag.py:3239} INFO - Sync 1 DAGs
[2024-11-11T06:59:36.255+0000] {logging_mixin.py:190} INFO - [2024-11-11T06:59:36.255+0000] {dag.py:4180} INFO - Setting next_dagrun for example_dag_decorator to None, run_after=None
[2024-11-11T06:59:36.293+0000] {processor.py:208} INFO - Processing /home/airflow/.local/lib/python3.12/site-packages/airflow/example_dags/example_dag_decorator.py took 0.153 seconds
[2024-11-11T07:00:06.726+0000] {processor.py:186} INFO - Started process (PID=1521) to work on /home/airflow/.local/lib/python3.12/site-packages/airflow/example_dags/example_dag_decorator.py
[2024-11-11T07:00:06.728+0000] {processor.py:914} INFO - Processing file /home/airflow/.local/lib/python3.12/site-packages/airflow/example_dags/example_dag_decorator.py for tasks to queue
[2024-11-11T07:00:06.733+0000] {logging_mixin.py:190} INFO - [2024-11-11T07:00:06.732+0000] {dagbag.py:588} INFO - Filling up the DagBag from /home/airflow/.local/lib/python3.12/site-packages/airflow/example_dags/example_dag_decorator.py
[2024-11-11T07:00:06.754+0000] {processor.py:925} INFO - DAG(s) 'example_dag_decorator' retrieved from /home/airflow/.local/lib/python3.12/site-packages/airflow/example_dags/example_dag_decorator.py
[2024-11-11T07:00:07.011+0000] {logging_mixin.py:190} INFO - [2024-11-11T07:00:07.011+0000] {dag.py:3239} INFO - Sync 1 DAGs
[2024-11-11T07:00:07.028+0000] {logging_mixin.py:190} INFO - [2024-11-11T07:00:07.027+0000] {dag.py:4180} INFO - Setting next_dagrun for example_dag_decorator to None, run_after=None
[2024-11-11T07:00:07.064+0000] {processor.py:208} INFO - Processing /home/airflow/.local/lib/python3.12/site-packages/airflow/example_dags/example_dag_decorator.py took 0.348 seconds
[2024-11-11T07:00:37.893+0000] {processor.py:186} INFO - Started process (PID=1585) to work on /home/airflow/.local/lib/python3.12/site-packages/airflow/example_dags/example_dag_decorator.py
[2024-11-11T07:00:37.897+0000] {processor.py:914} INFO - Processing file /home/airflow/.local/lib/python3.12/site-packages/airflow/example_dags/example_dag_decorator.py for tasks to queue
[2024-11-11T07:00:37.907+0000] {logging_mixin.py:190} INFO - [2024-11-11T07:00:37.906+0000] {dagbag.py:588} INFO - Filling up the DagBag from /home/airflow/.local/lib/python3.12/site-packages/airflow/example_dags/example_dag_decorator.py
[2024-11-11T07:00:38.044+0000] {processor.py:925} INFO - DAG(s) 'example_dag_decorator' retrieved from /home/airflow/.local/lib/python3.12/site-packages/airflow/example_dags/example_dag_decorator.py
[2024-11-11T07:00:38.403+0000] {logging_mixin.py:190} INFO - [2024-11-11T07:00:38.402+0000] {dag.py:3239} INFO - Sync 1 DAGs
[2024-11-11T07:00:38.432+0000] {logging_mixin.py:190} INFO - [2024-11-11T07:00:38.432+0000] {dag.py:4180} INFO - Setting next_dagrun for example_dag_decorator to None, run_after=None
[2024-11-11T07:00:38.483+0000] {processor.py:208} INFO - Processing /home/airflow/.local/lib/python3.12/site-packages/airflow/example_dags/example_dag_decorator.py took 0.605 seconds
[2024-11-11T07:01:08.733+0000] {processor.py:186} INFO - Started process (PID=1648) to work on /home/airflow/.local/lib/python3.12/site-packages/airflow/example_dags/example_dag_decorator.py
[2024-11-11T07:01:08.735+0000] {processor.py:914} INFO - Processing file /home/airflow/.local/lib/python3.12/site-packages/airflow/example_dags/example_dag_decorator.py for tasks to queue
[2024-11-11T07:01:08.738+0000] {logging_mixin.py:190} INFO - [2024-11-11T07:01:08.738+0000] {dagbag.py:588} INFO - Filling up the DagBag from /home/airflow/.local/lib/python3.12/site-packages/airflow/example_dags/example_dag_decorator.py
[2024-11-11T07:01:08.753+0000] {processor.py:925} INFO - DAG(s) 'example_dag_decorator' retrieved from /home/airflow/.local/lib/python3.12/site-packages/airflow/example_dags/example_dag_decorator.py
[2024-11-11T07:01:08.902+0000] {logging_mixin.py:190} INFO - [2024-11-11T07:01:08.902+0000] {dag.py:3239} INFO - Sync 1 DAGs
[2024-11-11T07:01:08.920+0000] {logging_mixin.py:190} INFO - [2024-11-11T07:01:08.920+0000] {dag.py:4180} INFO - Setting next_dagrun for example_dag_decorator to None, run_after=None
[2024-11-11T07:01:08.955+0000] {processor.py:208} INFO - Processing /home/airflow/.local/lib/python3.12/site-packages/airflow/example_dags/example_dag_decorator.py took 0.229 seconds
[2024-11-11T07:01:39.137+0000] {processor.py:186} INFO - Started process (PID=1712) to work on /home/airflow/.local/lib/python3.12/site-packages/airflow/example_dags/example_dag_decorator.py
[2024-11-11T07:01:39.138+0000] {processor.py:914} INFO - Processing file /home/airflow/.local/lib/python3.12/site-packages/airflow/example_dags/example_dag_decorator.py for tasks to queue
[2024-11-11T07:01:39.142+0000] {logging_mixin.py:190} INFO - [2024-11-11T07:01:39.141+0000] {dagbag.py:588} INFO - Filling up the DagBag from /home/airflow/.local/lib/python3.12/site-packages/airflow/example_dags/example_dag_decorator.py
[2024-11-11T07:01:39.158+0000] {processor.py:925} INFO - DAG(s) 'example_dag_decorator' retrieved from /home/airflow/.local/lib/python3.12/site-packages/airflow/example_dags/example_dag_decorator.py
[2024-11-11T07:01:39.314+0000] {logging_mixin.py:190} INFO - [2024-11-11T07:01:39.314+0000] {dag.py:3239} INFO - Sync 1 DAGs
[2024-11-11T07:01:39.331+0000] {logging_mixin.py:190} INFO - [2024-11-11T07:01:39.331+0000] {dag.py:4180} INFO - Setting next_dagrun for example_dag_decorator to None, run_after=None
[2024-11-11T07:01:39.362+0000] {processor.py:208} INFO - Processing /home/airflow/.local/lib/python3.12/site-packages/airflow/example_dags/example_dag_decorator.py took 0.232 seconds
[2024-11-11T07:02:09.546+0000] {processor.py:186} INFO - Started process (PID=1775) to work on /home/airflow/.local/lib/python3.12/site-packages/airflow/example_dags/example_dag_decorator.py
[2024-11-11T07:02:09.550+0000] {processor.py:914} INFO - Processing file /home/airflow/.local/lib/python3.12/site-packages/airflow/example_dags/example_dag_decorator.py for tasks to queue
[2024-11-11T07:02:09.555+0000] {logging_mixin.py:190} INFO - [2024-11-11T07:02:09.555+0000] {dagbag.py:588} INFO - Filling up the DagBag from /home/airflow/.local/lib/python3.12/site-packages/airflow/example_dags/example_dag_decorator.py
[2024-11-11T07:02:09.576+0000] {processor.py:925} INFO - DAG(s) 'example_dag_decorator' retrieved from /home/airflow/.local/lib/python3.12/site-packages/airflow/example_dags/example_dag_decorator.py
[2024-11-11T07:02:09.879+0000] {logging_mixin.py:190} INFO - [2024-11-11T07:02:09.879+0000] {dag.py:3239} INFO - Sync 1 DAGs
[2024-11-11T07:02:09.911+0000] {logging_mixin.py:190} INFO - [2024-11-11T07:02:09.910+0000] {dag.py:4180} INFO - Setting next_dagrun for example_dag_decorator to None, run_after=None
[2024-11-11T07:02:09.972+0000] {processor.py:208} INFO - Processing /home/airflow/.local/lib/python3.12/site-packages/airflow/example_dags/example_dag_decorator.py took 0.437 seconds
[2024-11-11T07:02:40.255+0000] {processor.py:186} INFO - Started process (PID=1839) to work on /home/airflow/.local/lib/python3.12/site-packages/airflow/example_dags/example_dag_decorator.py
[2024-11-11T07:02:40.257+0000] {processor.py:914} INFO - Processing file /home/airflow/.local/lib/python3.12/site-packages/airflow/example_dags/example_dag_decorator.py for tasks to queue
[2024-11-11T07:02:40.260+0000] {logging_mixin.py:190} INFO - [2024-11-11T07:02:40.260+0000] {dagbag.py:588} INFO - Filling up the DagBag from /home/airflow/.local/lib/python3.12/site-packages/airflow/example_dags/example_dag_decorator.py
[2024-11-11T07:02:40.277+0000] {processor.py:925} INFO - DAG(s) 'example_dag_decorator' retrieved from /home/airflow/.local/lib/python3.12/site-packages/airflow/example_dags/example_dag_decorator.py
[2024-11-11T07:02:40.422+0000] {logging_mixin.py:190} INFO - [2024-11-11T07:02:40.422+0000] {dag.py:3239} INFO - Sync 1 DAGs
[2024-11-11T07:02:40.437+0000] {logging_mixin.py:190} INFO - [2024-11-11T07:02:40.437+0000] {dag.py:4180} INFO - Setting next_dagrun for example_dag_decorator to None, run_after=None
[2024-11-11T07:02:40.473+0000] {processor.py:208} INFO - Processing /home/airflow/.local/lib/python3.12/site-packages/airflow/example_dags/example_dag_decorator.py took 0.226 seconds
[2024-11-11T07:03:11.489+0000] {processor.py:186} INFO - Started process (PID=1903) to work on /home/airflow/.local/lib/python3.12/site-packages/airflow/example_dags/example_dag_decorator.py
[2024-11-11T07:03:11.501+0000] {processor.py:914} INFO - Processing file /home/airflow/.local/lib/python3.12/site-packages/airflow/example_dags/example_dag_decorator.py for tasks to queue
[2024-11-11T07:03:11.523+0000] {logging_mixin.py:190} INFO - [2024-11-11T07:03:11.522+0000] {dagbag.py:588} INFO - Filling up the DagBag from /home/airflow/.local/lib/python3.12/site-packages/airflow/example_dags/example_dag_decorator.py
[2024-11-11T07:03:11.595+0000] {processor.py:925} INFO - DAG(s) 'example_dag_decorator' retrieved from /home/airflow/.local/lib/python3.12/site-packages/airflow/example_dags/example_dag_decorator.py
[2024-11-11T07:03:12.219+0000] {logging_mixin.py:190} INFO - [2024-11-11T07:03:12.219+0000] {dag.py:3239} INFO - Sync 1 DAGs
[2024-11-11T07:03:12.258+0000] {logging_mixin.py:190} INFO - [2024-11-11T07:03:12.258+0000] {dag.py:4180} INFO - Setting next_dagrun for example_dag_decorator to None, run_after=None
[2024-11-11T07:03:12.341+0000] {processor.py:208} INFO - Processing /home/airflow/.local/lib/python3.12/site-packages/airflow/example_dags/example_dag_decorator.py took 0.961 seconds
