[2024-11-11T06:48:24.032+0000] {processor.py:186} INFO - Started process (PID=58) to work on /home/airflow/.local/lib/python3.12/site-packages/airflow/example_dags/example_latest_only_with_trigger.py
[2024-11-11T06:48:24.034+0000] {processor.py:914} INFO - Processing file /home/airflow/.local/lib/python3.12/site-packages/airflow/example_dags/example_latest_only_with_trigger.py for tasks to queue
[2024-11-11T06:48:24.037+0000] {logging_mixin.py:190} INFO - [2024-11-11T06:48:24.037+0000] {dagbag.py:588} INFO - Filling up the DagBag from /home/airflow/.local/lib/python3.12/site-packages/airflow/example_dags/example_latest_only_with_trigger.py
[2024-11-11T06:48:24.052+0000] {processor.py:925} INFO - DAG(s) 'latest_only_with_trigger' retrieved from /home/airflow/.local/lib/python3.12/site-packages/airflow/example_dags/example_latest_only_with_trigger.py
[2024-11-11T06:48:24.180+0000] {logging_mixin.py:190} INFO - [2024-11-11T06:48:24.179+0000] {override.py:1911} INFO - Created Permission View: can read on DAG:latest_only_with_trigger
[2024-11-11T06:48:24.194+0000] {logging_mixin.py:190} INFO - [2024-11-11T06:48:24.193+0000] {override.py:1911} INFO - Created Permission View: can delete on DAG:latest_only_with_trigger
[2024-11-11T06:48:24.205+0000] {logging_mixin.py:190} INFO - [2024-11-11T06:48:24.205+0000] {override.py:1911} INFO - Created Permission View: can edit on DAG:latest_only_with_trigger
[2024-11-11T06:48:24.216+0000] {logging_mixin.py:190} INFO - [2024-11-11T06:48:24.216+0000] {override.py:1911} INFO - Created Permission View: menu access on DAG Run:latest_only_with_trigger
[2024-11-11T06:48:24.232+0000] {logging_mixin.py:190} INFO - [2024-11-11T06:48:24.232+0000] {override.py:1911} INFO - Created Permission View: can read on DAG Run:latest_only_with_trigger
[2024-11-11T06:48:24.244+0000] {logging_mixin.py:190} INFO - [2024-11-11T06:48:24.243+0000] {override.py:1911} INFO - Created Permission View: can delete on DAG Run:latest_only_with_trigger
[2024-11-11T06:48:24.256+0000] {logging_mixin.py:190} INFO - [2024-11-11T06:48:24.255+0000] {override.py:1911} INFO - Created Permission View: can create on DAG Run:latest_only_with_trigger
[2024-11-11T06:48:24.257+0000] {logging_mixin.py:190} INFO - [2024-11-11T06:48:24.256+0000] {dag.py:3239} INFO - Sync 1 DAGs
[2024-11-11T06:48:24.272+0000] {logging_mixin.py:190} INFO - [2024-11-11T06:48:24.272+0000] {dag.py:3262} INFO - Creating ORM DAG for latest_only_with_trigger
[2024-11-11T06:48:24.287+0000] {logging_mixin.py:190} INFO - [2024-11-11T06:48:24.287+0000] {dag.py:4180} INFO - Setting next_dagrun for latest_only_with_trigger to 2024-11-11 00:00:00+00:00, run_after=2024-11-11 04:00:00+00:00
[2024-11-11T06:48:24.309+0000] {processor.py:208} INFO - Processing /home/airflow/.local/lib/python3.12/site-packages/airflow/example_dags/example_latest_only_with_trigger.py took 0.285 seconds
[2024-11-11T06:48:56.208+0000] {processor.py:186} INFO - Started process (PID=122) to work on /home/airflow/.local/lib/python3.12/site-packages/airflow/example_dags/example_latest_only_with_trigger.py
[2024-11-11T06:48:56.209+0000] {processor.py:914} INFO - Processing file /home/airflow/.local/lib/python3.12/site-packages/airflow/example_dags/example_latest_only_with_trigger.py for tasks to queue
[2024-11-11T06:48:56.213+0000] {logging_mixin.py:190} INFO - [2024-11-11T06:48:56.212+0000] {dagbag.py:588} INFO - Filling up the DagBag from /home/airflow/.local/lib/python3.12/site-packages/airflow/example_dags/example_latest_only_with_trigger.py
[2024-11-11T06:48:56.228+0000] {processor.py:925} INFO - DAG(s) 'latest_only_with_trigger' retrieved from /home/airflow/.local/lib/python3.12/site-packages/airflow/example_dags/example_latest_only_with_trigger.py
[2024-11-11T06:48:56.271+0000] {logging_mixin.py:190} INFO - [2024-11-11T06:48:56.271+0000] {dag.py:3239} INFO - Sync 1 DAGs
[2024-11-11T06:48:56.310+0000] {logging_mixin.py:190} INFO - [2024-11-11T06:48:56.310+0000] {dag.py:4180} INFO - Setting next_dagrun for latest_only_with_trigger to 2024-11-11 00:00:00+00:00, run_after=2024-11-11 04:00:00+00:00
[2024-11-11T06:48:56.345+0000] {processor.py:208} INFO - Processing /home/airflow/.local/lib/python3.12/site-packages/airflow/example_dags/example_latest_only_with_trigger.py took 0.147 seconds
[2024-11-11T06:49:27.253+0000] {processor.py:186} INFO - Started process (PID=186) to work on /home/airflow/.local/lib/python3.12/site-packages/airflow/example_dags/example_latest_only_with_trigger.py
[2024-11-11T06:49:27.254+0000] {processor.py:914} INFO - Processing file /home/airflow/.local/lib/python3.12/site-packages/airflow/example_dags/example_latest_only_with_trigger.py for tasks to queue
[2024-11-11T06:49:27.258+0000] {logging_mixin.py:190} INFO - [2024-11-11T06:49:27.257+0000] {dagbag.py:588} INFO - Filling up the DagBag from /home/airflow/.local/lib/python3.12/site-packages/airflow/example_dags/example_latest_only_with_trigger.py
[2024-11-11T06:49:27.268+0000] {processor.py:925} INFO - DAG(s) 'latest_only_with_trigger' retrieved from /home/airflow/.local/lib/python3.12/site-packages/airflow/example_dags/example_latest_only_with_trigger.py
[2024-11-11T06:49:27.299+0000] {logging_mixin.py:190} INFO - [2024-11-11T06:49:27.299+0000] {dag.py:3239} INFO - Sync 1 DAGs
[2024-11-11T06:49:27.332+0000] {logging_mixin.py:190} INFO - [2024-11-11T06:49:27.332+0000] {dag.py:4180} INFO - Setting next_dagrun for latest_only_with_trigger to 2024-11-11 00:00:00+00:00, run_after=2024-11-11 04:00:00+00:00
[2024-11-11T06:49:27.361+0000] {processor.py:208} INFO - Processing /home/airflow/.local/lib/python3.12/site-packages/airflow/example_dags/example_latest_only_with_trigger.py took 0.115 seconds
[2024-11-11T06:49:57.569+0000] {processor.py:186} INFO - Started process (PID=249) to work on /home/airflow/.local/lib/python3.12/site-packages/airflow/example_dags/example_latest_only_with_trigger.py
[2024-11-11T06:49:57.571+0000] {processor.py:914} INFO - Processing file /home/airflow/.local/lib/python3.12/site-packages/airflow/example_dags/example_latest_only_with_trigger.py for tasks to queue
[2024-11-11T06:49:57.577+0000] {logging_mixin.py:190} INFO - [2024-11-11T06:49:57.577+0000] {dagbag.py:588} INFO - Filling up the DagBag from /home/airflow/.local/lib/python3.12/site-packages/airflow/example_dags/example_latest_only_with_trigger.py
[2024-11-11T06:49:57.589+0000] {processor.py:925} INFO - DAG(s) 'latest_only_with_trigger' retrieved from /home/airflow/.local/lib/python3.12/site-packages/airflow/example_dags/example_latest_only_with_trigger.py
[2024-11-11T06:49:57.634+0000] {logging_mixin.py:190} INFO - [2024-11-11T06:49:57.634+0000] {dag.py:3239} INFO - Sync 1 DAGs
[2024-11-11T06:49:57.669+0000] {logging_mixin.py:190} INFO - [2024-11-11T06:49:57.669+0000] {dag.py:4180} INFO - Setting next_dagrun for latest_only_with_trigger to 2024-11-11 00:00:00+00:00, run_after=2024-11-11 04:00:00+00:00
[2024-11-11T06:49:57.704+0000] {processor.py:208} INFO - Processing /home/airflow/.local/lib/python3.12/site-packages/airflow/example_dags/example_latest_only_with_trigger.py took 0.145 seconds
[2024-11-11T06:50:28.365+0000] {processor.py:186} INFO - Started process (PID=312) to work on /home/airflow/.local/lib/python3.12/site-packages/airflow/example_dags/example_latest_only_with_trigger.py
[2024-11-11T06:50:28.366+0000] {processor.py:914} INFO - Processing file /home/airflow/.local/lib/python3.12/site-packages/airflow/example_dags/example_latest_only_with_trigger.py for tasks to queue
[2024-11-11T06:50:28.372+0000] {logging_mixin.py:190} INFO - [2024-11-11T06:50:28.371+0000] {dagbag.py:588} INFO - Filling up the DagBag from /home/airflow/.local/lib/python3.12/site-packages/airflow/example_dags/example_latest_only_with_trigger.py
[2024-11-11T06:50:28.387+0000] {processor.py:925} INFO - DAG(s) 'latest_only_with_trigger' retrieved from /home/airflow/.local/lib/python3.12/site-packages/airflow/example_dags/example_latest_only_with_trigger.py
[2024-11-11T06:50:28.429+0000] {logging_mixin.py:190} INFO - [2024-11-11T06:50:28.428+0000] {dag.py:3239} INFO - Sync 1 DAGs
[2024-11-11T06:50:28.461+0000] {logging_mixin.py:190} INFO - [2024-11-11T06:50:28.461+0000] {dag.py:4180} INFO - Setting next_dagrun for latest_only_with_trigger to 2024-11-11 00:00:00+00:00, run_after=2024-11-11 04:00:00+00:00
[2024-11-11T06:50:28.489+0000] {processor.py:208} INFO - Processing /home/airflow/.local/lib/python3.12/site-packages/airflow/example_dags/example_latest_only_with_trigger.py took 0.135 seconds
[2024-11-11T06:50:58.665+0000] {processor.py:186} INFO - Started process (PID=376) to work on /home/airflow/.local/lib/python3.12/site-packages/airflow/example_dags/example_latest_only_with_trigger.py
[2024-11-11T06:50:58.667+0000] {processor.py:914} INFO - Processing file /home/airflow/.local/lib/python3.12/site-packages/airflow/example_dags/example_latest_only_with_trigger.py for tasks to queue
[2024-11-11T06:50:58.673+0000] {logging_mixin.py:190} INFO - [2024-11-11T06:50:58.672+0000] {dagbag.py:588} INFO - Filling up the DagBag from /home/airflow/.local/lib/python3.12/site-packages/airflow/example_dags/example_latest_only_with_trigger.py
[2024-11-11T06:50:58.687+0000] {processor.py:925} INFO - DAG(s) 'latest_only_with_trigger' retrieved from /home/airflow/.local/lib/python3.12/site-packages/airflow/example_dags/example_latest_only_with_trigger.py
[2024-11-11T06:50:58.728+0000] {logging_mixin.py:190} INFO - [2024-11-11T06:50:58.727+0000] {dag.py:3239} INFO - Sync 1 DAGs
[2024-11-11T06:50:58.764+0000] {logging_mixin.py:190} INFO - [2024-11-11T06:50:58.763+0000] {dag.py:4180} INFO - Setting next_dagrun for latest_only_with_trigger to 2024-11-11 00:00:00+00:00, run_after=2024-11-11 04:00:00+00:00
[2024-11-11T06:50:58.800+0000] {processor.py:208} INFO - Processing /home/airflow/.local/lib/python3.12/site-packages/airflow/example_dags/example_latest_only_with_trigger.py took 0.144 seconds
[2024-11-11T06:51:29.420+0000] {processor.py:186} INFO - Started process (PID=439) to work on /home/airflow/.local/lib/python3.12/site-packages/airflow/example_dags/example_latest_only_with_trigger.py
[2024-11-11T06:51:29.422+0000] {processor.py:914} INFO - Processing file /home/airflow/.local/lib/python3.12/site-packages/airflow/example_dags/example_latest_only_with_trigger.py for tasks to queue
[2024-11-11T06:51:29.427+0000] {logging_mixin.py:190} INFO - [2024-11-11T06:51:29.427+0000] {dagbag.py:588} INFO - Filling up the DagBag from /home/airflow/.local/lib/python3.12/site-packages/airflow/example_dags/example_latest_only_with_trigger.py
[2024-11-11T06:51:29.442+0000] {processor.py:925} INFO - DAG(s) 'latest_only_with_trigger' retrieved from /home/airflow/.local/lib/python3.12/site-packages/airflow/example_dags/example_latest_only_with_trigger.py
[2024-11-11T06:51:29.520+0000] {logging_mixin.py:190} INFO - [2024-11-11T06:51:29.519+0000] {dag.py:3239} INFO - Sync 1 DAGs
[2024-11-11T06:51:29.617+0000] {logging_mixin.py:190} INFO - [2024-11-11T06:51:29.616+0000] {dag.py:4180} INFO - Setting next_dagrun for latest_only_with_trigger to 2024-11-11 00:00:00+00:00, run_after=2024-11-11 04:00:00+00:00
[2024-11-11T06:51:29.691+0000] {processor.py:208} INFO - Processing /home/airflow/.local/lib/python3.12/site-packages/airflow/example_dags/example_latest_only_with_trigger.py took 0.283 seconds
[2024-11-11T06:52:00.402+0000] {processor.py:186} INFO - Started process (PID=503) to work on /home/airflow/.local/lib/python3.12/site-packages/airflow/example_dags/example_latest_only_with_trigger.py
[2024-11-11T06:52:00.404+0000] {processor.py:914} INFO - Processing file /home/airflow/.local/lib/python3.12/site-packages/airflow/example_dags/example_latest_only_with_trigger.py for tasks to queue
[2024-11-11T06:52:00.408+0000] {logging_mixin.py:190} INFO - [2024-11-11T06:52:00.407+0000] {dagbag.py:588} INFO - Filling up the DagBag from /home/airflow/.local/lib/python3.12/site-packages/airflow/example_dags/example_latest_only_with_trigger.py
[2024-11-11T06:52:00.418+0000] {processor.py:925} INFO - DAG(s) 'latest_only_with_trigger' retrieved from /home/airflow/.local/lib/python3.12/site-packages/airflow/example_dags/example_latest_only_with_trigger.py
[2024-11-11T06:52:00.447+0000] {logging_mixin.py:190} INFO - [2024-11-11T06:52:00.446+0000] {dag.py:3239} INFO - Sync 1 DAGs
[2024-11-11T06:52:00.483+0000] {logging_mixin.py:190} INFO - [2024-11-11T06:52:00.483+0000] {dag.py:4180} INFO - Setting next_dagrun for latest_only_with_trigger to 2024-11-11 00:00:00+00:00, run_after=2024-11-11 04:00:00+00:00
[2024-11-11T06:52:00.540+0000] {processor.py:208} INFO - Processing /home/airflow/.local/lib/python3.12/site-packages/airflow/example_dags/example_latest_only_with_trigger.py took 0.145 seconds
[2024-11-11T06:52:30.910+0000] {processor.py:186} INFO - Started process (PID=567) to work on /home/airflow/.local/lib/python3.12/site-packages/airflow/example_dags/example_latest_only_with_trigger.py
[2024-11-11T06:52:30.913+0000] {processor.py:914} INFO - Processing file /home/airflow/.local/lib/python3.12/site-packages/airflow/example_dags/example_latest_only_with_trigger.py for tasks to queue
[2024-11-11T06:52:30.919+0000] {logging_mixin.py:190} INFO - [2024-11-11T06:52:30.918+0000] {dagbag.py:588} INFO - Filling up the DagBag from /home/airflow/.local/lib/python3.12/site-packages/airflow/example_dags/example_latest_only_with_trigger.py
[2024-11-11T06:52:30.929+0000] {processor.py:925} INFO - DAG(s) 'latest_only_with_trigger' retrieved from /home/airflow/.local/lib/python3.12/site-packages/airflow/example_dags/example_latest_only_with_trigger.py
[2024-11-11T06:52:30.962+0000] {logging_mixin.py:190} INFO - [2024-11-11T06:52:30.962+0000] {dag.py:3239} INFO - Sync 1 DAGs
[2024-11-11T06:52:31.005+0000] {logging_mixin.py:190} INFO - [2024-11-11T06:52:31.004+0000] {dag.py:4180} INFO - Setting next_dagrun for latest_only_with_trigger to 2024-11-11 00:00:00+00:00, run_after=2024-11-11 04:00:00+00:00
[2024-11-11T06:52:31.150+0000] {processor.py:208} INFO - Processing /home/airflow/.local/lib/python3.12/site-packages/airflow/example_dags/example_latest_only_with_trigger.py took 0.250 seconds
[2024-11-11T06:53:01.238+0000] {processor.py:186} INFO - Started process (PID=631) to work on /home/airflow/.local/lib/python3.12/site-packages/airflow/example_dags/example_latest_only_with_trigger.py
[2024-11-11T06:53:01.241+0000] {processor.py:914} INFO - Processing file /home/airflow/.local/lib/python3.12/site-packages/airflow/example_dags/example_latest_only_with_trigger.py for tasks to queue
[2024-11-11T06:53:01.248+0000] {logging_mixin.py:190} INFO - [2024-11-11T06:53:01.247+0000] {dagbag.py:588} INFO - Filling up the DagBag from /home/airflow/.local/lib/python3.12/site-packages/airflow/example_dags/example_latest_only_with_trigger.py
[2024-11-11T06:53:01.268+0000] {processor.py:925} INFO - DAG(s) 'latest_only_with_trigger' retrieved from /home/airflow/.local/lib/python3.12/site-packages/airflow/example_dags/example_latest_only_with_trigger.py
[2024-11-11T06:53:01.321+0000] {logging_mixin.py:190} INFO - [2024-11-11T06:53:01.320+0000] {dag.py:3239} INFO - Sync 1 DAGs
[2024-11-11T06:53:01.378+0000] {logging_mixin.py:190} INFO - [2024-11-11T06:53:01.377+0000] {dag.py:4180} INFO - Setting next_dagrun for latest_only_with_trigger to 2024-11-11 00:00:00+00:00, run_after=2024-11-11 04:00:00+00:00
[2024-11-11T06:53:01.423+0000] {processor.py:208} INFO - Processing /home/airflow/.local/lib/python3.12/site-packages/airflow/example_dags/example_latest_only_with_trigger.py took 0.196 seconds
[2024-11-11T06:53:31.561+0000] {processor.py:186} INFO - Started process (PID=694) to work on /home/airflow/.local/lib/python3.12/site-packages/airflow/example_dags/example_latest_only_with_trigger.py
[2024-11-11T06:53:31.562+0000] {processor.py:914} INFO - Processing file /home/airflow/.local/lib/python3.12/site-packages/airflow/example_dags/example_latest_only_with_trigger.py for tasks to queue
[2024-11-11T06:53:31.566+0000] {logging_mixin.py:190} INFO - [2024-11-11T06:53:31.565+0000] {dagbag.py:588} INFO - Filling up the DagBag from /home/airflow/.local/lib/python3.12/site-packages/airflow/example_dags/example_latest_only_with_trigger.py
[2024-11-11T06:53:31.575+0000] {processor.py:925} INFO - DAG(s) 'latest_only_with_trigger' retrieved from /home/airflow/.local/lib/python3.12/site-packages/airflow/example_dags/example_latest_only_with_trigger.py
[2024-11-11T06:53:31.601+0000] {logging_mixin.py:190} INFO - [2024-11-11T06:53:31.601+0000] {dag.py:3239} INFO - Sync 1 DAGs
[2024-11-11T06:53:31.630+0000] {logging_mixin.py:190} INFO - [2024-11-11T06:53:31.630+0000] {dag.py:4180} INFO - Setting next_dagrun for latest_only_with_trigger to 2024-11-11 00:00:00+00:00, run_after=2024-11-11 04:00:00+00:00
[2024-11-11T06:53:31.657+0000] {processor.py:208} INFO - Processing /home/airflow/.local/lib/python3.12/site-packages/airflow/example_dags/example_latest_only_with_trigger.py took 0.103 seconds
[2024-11-11T06:54:02.360+0000] {processor.py:186} INFO - Started process (PID=758) to work on /home/airflow/.local/lib/python3.12/site-packages/airflow/example_dags/example_latest_only_with_trigger.py
[2024-11-11T06:54:02.362+0000] {processor.py:914} INFO - Processing file /home/airflow/.local/lib/python3.12/site-packages/airflow/example_dags/example_latest_only_with_trigger.py for tasks to queue
[2024-11-11T06:54:02.368+0000] {logging_mixin.py:190} INFO - [2024-11-11T06:54:02.367+0000] {dagbag.py:588} INFO - Filling up the DagBag from /home/airflow/.local/lib/python3.12/site-packages/airflow/example_dags/example_latest_only_with_trigger.py
[2024-11-11T06:54:02.381+0000] {processor.py:925} INFO - DAG(s) 'latest_only_with_trigger' retrieved from /home/airflow/.local/lib/python3.12/site-packages/airflow/example_dags/example_latest_only_with_trigger.py
[2024-11-11T06:54:02.420+0000] {logging_mixin.py:190} INFO - [2024-11-11T06:54:02.419+0000] {dag.py:3239} INFO - Sync 1 DAGs
[2024-11-11T06:54:02.459+0000] {logging_mixin.py:190} INFO - [2024-11-11T06:54:02.458+0000] {dag.py:4180} INFO - Setting next_dagrun for latest_only_with_trigger to 2024-11-11 00:00:00+00:00, run_after=2024-11-11 04:00:00+00:00
[2024-11-11T06:54:02.488+0000] {processor.py:208} INFO - Processing /home/airflow/.local/lib/python3.12/site-packages/airflow/example_dags/example_latest_only_with_trigger.py took 0.141 seconds
[2024-11-11T06:54:33.012+0000] {processor.py:186} INFO - Started process (PID=822) to work on /home/airflow/.local/lib/python3.12/site-packages/airflow/example_dags/example_latest_only_with_trigger.py
[2024-11-11T06:54:33.015+0000] {processor.py:914} INFO - Processing file /home/airflow/.local/lib/python3.12/site-packages/airflow/example_dags/example_latest_only_with_trigger.py for tasks to queue
[2024-11-11T06:54:33.019+0000] {logging_mixin.py:190} INFO - [2024-11-11T06:54:33.019+0000] {dagbag.py:588} INFO - Filling up the DagBag from /home/airflow/.local/lib/python3.12/site-packages/airflow/example_dags/example_latest_only_with_trigger.py
[2024-11-11T06:54:33.038+0000] {processor.py:925} INFO - DAG(s) 'latest_only_with_trigger' retrieved from /home/airflow/.local/lib/python3.12/site-packages/airflow/example_dags/example_latest_only_with_trigger.py
[2024-11-11T06:54:33.082+0000] {logging_mixin.py:190} INFO - [2024-11-11T06:54:33.082+0000] {dag.py:3239} INFO - Sync 1 DAGs
[2024-11-11T06:54:33.131+0000] {logging_mixin.py:190} INFO - [2024-11-11T06:54:33.130+0000] {dag.py:4180} INFO - Setting next_dagrun for latest_only_with_trigger to 2024-11-11 00:00:00+00:00, run_after=2024-11-11 04:00:00+00:00
[2024-11-11T06:54:33.176+0000] {processor.py:208} INFO - Processing /home/airflow/.local/lib/python3.12/site-packages/airflow/example_dags/example_latest_only_with_trigger.py took 0.174 seconds
[2024-11-11T06:55:03.349+0000] {processor.py:186} INFO - Started process (PID=886) to work on /home/airflow/.local/lib/python3.12/site-packages/airflow/example_dags/example_latest_only_with_trigger.py
[2024-11-11T06:55:03.351+0000] {processor.py:914} INFO - Processing file /home/airflow/.local/lib/python3.12/site-packages/airflow/example_dags/example_latest_only_with_trigger.py for tasks to queue
[2024-11-11T06:55:03.355+0000] {logging_mixin.py:190} INFO - [2024-11-11T06:55:03.355+0000] {dagbag.py:588} INFO - Filling up the DagBag from /home/airflow/.local/lib/python3.12/site-packages/airflow/example_dags/example_latest_only_with_trigger.py
[2024-11-11T06:55:03.369+0000] {processor.py:925} INFO - DAG(s) 'latest_only_with_trigger' retrieved from /home/airflow/.local/lib/python3.12/site-packages/airflow/example_dags/example_latest_only_with_trigger.py
[2024-11-11T06:55:03.401+0000] {logging_mixin.py:190} INFO - [2024-11-11T06:55:03.401+0000] {dag.py:3239} INFO - Sync 1 DAGs
[2024-11-11T06:55:03.437+0000] {logging_mixin.py:190} INFO - [2024-11-11T06:55:03.437+0000] {dag.py:4180} INFO - Setting next_dagrun for latest_only_with_trigger to 2024-11-11 00:00:00+00:00, run_after=2024-11-11 04:00:00+00:00
[2024-11-11T06:55:03.468+0000] {processor.py:208} INFO - Processing /home/airflow/.local/lib/python3.12/site-packages/airflow/example_dags/example_latest_only_with_trigger.py took 0.126 seconds
[2024-11-11T06:55:33.633+0000] {processor.py:186} INFO - Started process (PID=950) to work on /home/airflow/.local/lib/python3.12/site-packages/airflow/example_dags/example_latest_only_with_trigger.py
[2024-11-11T06:55:33.635+0000] {processor.py:914} INFO - Processing file /home/airflow/.local/lib/python3.12/site-packages/airflow/example_dags/example_latest_only_with_trigger.py for tasks to queue
[2024-11-11T06:55:33.639+0000] {logging_mixin.py:190} INFO - [2024-11-11T06:55:33.638+0000] {dagbag.py:588} INFO - Filling up the DagBag from /home/airflow/.local/lib/python3.12/site-packages/airflow/example_dags/example_latest_only_with_trigger.py
[2024-11-11T06:55:33.650+0000] {processor.py:925} INFO - DAG(s) 'latest_only_with_trigger' retrieved from /home/airflow/.local/lib/python3.12/site-packages/airflow/example_dags/example_latest_only_with_trigger.py
[2024-11-11T06:55:33.679+0000] {logging_mixin.py:190} INFO - [2024-11-11T06:55:33.678+0000] {dag.py:3239} INFO - Sync 1 DAGs
[2024-11-11T06:55:33.709+0000] {logging_mixin.py:190} INFO - [2024-11-11T06:55:33.708+0000] {dag.py:4180} INFO - Setting next_dagrun for latest_only_with_trigger to 2024-11-11 00:00:00+00:00, run_after=2024-11-11 04:00:00+00:00
[2024-11-11T06:55:33.735+0000] {processor.py:208} INFO - Processing /home/airflow/.local/lib/python3.12/site-packages/airflow/example_dags/example_latest_only_with_trigger.py took 0.109 seconds
[2024-11-11T06:56:04.096+0000] {processor.py:186} INFO - Started process (PID=1014) to work on /home/airflow/.local/lib/python3.12/site-packages/airflow/example_dags/example_latest_only_with_trigger.py
[2024-11-11T06:56:04.098+0000] {processor.py:914} INFO - Processing file /home/airflow/.local/lib/python3.12/site-packages/airflow/example_dags/example_latest_only_with_trigger.py for tasks to queue
[2024-11-11T06:56:04.101+0000] {logging_mixin.py:190} INFO - [2024-11-11T06:56:04.100+0000] {dagbag.py:588} INFO - Filling up the DagBag from /home/airflow/.local/lib/python3.12/site-packages/airflow/example_dags/example_latest_only_with_trigger.py
[2024-11-11T06:56:04.110+0000] {processor.py:925} INFO - DAG(s) 'latest_only_with_trigger' retrieved from /home/airflow/.local/lib/python3.12/site-packages/airflow/example_dags/example_latest_only_with_trigger.py
[2024-11-11T06:56:04.136+0000] {logging_mixin.py:190} INFO - [2024-11-11T06:56:04.136+0000] {dag.py:3239} INFO - Sync 1 DAGs
[2024-11-11T06:56:04.166+0000] {logging_mixin.py:190} INFO - [2024-11-11T06:56:04.166+0000] {dag.py:4180} INFO - Setting next_dagrun for latest_only_with_trigger to 2024-11-11 00:00:00+00:00, run_after=2024-11-11 04:00:00+00:00
[2024-11-11T06:56:04.198+0000] {processor.py:208} INFO - Processing /home/airflow/.local/lib/python3.12/site-packages/airflow/example_dags/example_latest_only_with_trigger.py took 0.109 seconds
[2024-11-11T06:56:34.646+0000] {processor.py:186} INFO - Started process (PID=1078) to work on /home/airflow/.local/lib/python3.12/site-packages/airflow/example_dags/example_latest_only_with_trigger.py
[2024-11-11T06:56:34.647+0000] {processor.py:914} INFO - Processing file /home/airflow/.local/lib/python3.12/site-packages/airflow/example_dags/example_latest_only_with_trigger.py for tasks to queue
[2024-11-11T06:56:34.651+0000] {logging_mixin.py:190} INFO - [2024-11-11T06:56:34.650+0000] {dagbag.py:588} INFO - Filling up the DagBag from /home/airflow/.local/lib/python3.12/site-packages/airflow/example_dags/example_latest_only_with_trigger.py
[2024-11-11T06:56:34.665+0000] {processor.py:925} INFO - DAG(s) 'latest_only_with_trigger' retrieved from /home/airflow/.local/lib/python3.12/site-packages/airflow/example_dags/example_latest_only_with_trigger.py
[2024-11-11T06:56:34.699+0000] {logging_mixin.py:190} INFO - [2024-11-11T06:56:34.698+0000] {dag.py:3239} INFO - Sync 1 DAGs
[2024-11-11T06:56:34.736+0000] {logging_mixin.py:190} INFO - [2024-11-11T06:56:34.735+0000] {dag.py:4180} INFO - Setting next_dagrun for latest_only_with_trigger to 2024-11-11 00:00:00+00:00, run_after=2024-11-11 04:00:00+00:00
[2024-11-11T06:56:34.768+0000] {processor.py:208} INFO - Processing /home/airflow/.local/lib/python3.12/site-packages/airflow/example_dags/example_latest_only_with_trigger.py took 0.132 seconds
[2024-11-11T06:57:05.104+0000] {processor.py:186} INFO - Started process (PID=1142) to work on /home/airflow/.local/lib/python3.12/site-packages/airflow/example_dags/example_latest_only_with_trigger.py
[2024-11-11T06:57:05.106+0000] {processor.py:914} INFO - Processing file /home/airflow/.local/lib/python3.12/site-packages/airflow/example_dags/example_latest_only_with_trigger.py for tasks to queue
[2024-11-11T06:57:05.109+0000] {logging_mixin.py:190} INFO - [2024-11-11T06:57:05.108+0000] {dagbag.py:588} INFO - Filling up the DagBag from /home/airflow/.local/lib/python3.12/site-packages/airflow/example_dags/example_latest_only_with_trigger.py
[2024-11-11T06:57:05.118+0000] {processor.py:925} INFO - DAG(s) 'latest_only_with_trigger' retrieved from /home/airflow/.local/lib/python3.12/site-packages/airflow/example_dags/example_latest_only_with_trigger.py
[2024-11-11T06:57:05.145+0000] {logging_mixin.py:190} INFO - [2024-11-11T06:57:05.145+0000] {dag.py:3239} INFO - Sync 1 DAGs
[2024-11-11T06:57:05.172+0000] {logging_mixin.py:190} INFO - [2024-11-11T06:57:05.172+0000] {dag.py:4180} INFO - Setting next_dagrun for latest_only_with_trigger to 2024-11-11 00:00:00+00:00, run_after=2024-11-11 04:00:00+00:00
[2024-11-11T06:57:05.201+0000] {processor.py:208} INFO - Processing /home/airflow/.local/lib/python3.12/site-packages/airflow/example_dags/example_latest_only_with_trigger.py took 0.105 seconds
[2024-11-11T06:57:35.629+0000] {processor.py:186} INFO - Started process (PID=1206) to work on /home/airflow/.local/lib/python3.12/site-packages/airflow/example_dags/example_latest_only_with_trigger.py
[2024-11-11T06:57:35.631+0000] {processor.py:914} INFO - Processing file /home/airflow/.local/lib/python3.12/site-packages/airflow/example_dags/example_latest_only_with_trigger.py for tasks to queue
[2024-11-11T06:57:35.635+0000] {logging_mixin.py:190} INFO - [2024-11-11T06:57:35.634+0000] {dagbag.py:588} INFO - Filling up the DagBag from /home/airflow/.local/lib/python3.12/site-packages/airflow/example_dags/example_latest_only_with_trigger.py
[2024-11-11T06:57:35.648+0000] {processor.py:925} INFO - DAG(s) 'latest_only_with_trigger' retrieved from /home/airflow/.local/lib/python3.12/site-packages/airflow/example_dags/example_latest_only_with_trigger.py
[2024-11-11T06:57:35.687+0000] {logging_mixin.py:190} INFO - [2024-11-11T06:57:35.686+0000] {dag.py:3239} INFO - Sync 1 DAGs
[2024-11-11T06:57:35.725+0000] {logging_mixin.py:190} INFO - [2024-11-11T06:57:35.724+0000] {dag.py:4180} INFO - Setting next_dagrun for latest_only_with_trigger to 2024-11-11 00:00:00+00:00, run_after=2024-11-11 04:00:00+00:00
[2024-11-11T06:57:35.766+0000] {processor.py:208} INFO - Processing /home/airflow/.local/lib/python3.12/site-packages/airflow/example_dags/example_latest_only_with_trigger.py took 0.147 seconds
[2024-11-11T06:58:06.018+0000] {processor.py:186} INFO - Started process (PID=1270) to work on /home/airflow/.local/lib/python3.12/site-packages/airflow/example_dags/example_latest_only_with_trigger.py
[2024-11-11T06:58:06.020+0000] {processor.py:914} INFO - Processing file /home/airflow/.local/lib/python3.12/site-packages/airflow/example_dags/example_latest_only_with_trigger.py for tasks to queue
[2024-11-11T06:58:06.027+0000] {logging_mixin.py:190} INFO - [2024-11-11T06:58:06.026+0000] {dagbag.py:588} INFO - Filling up the DagBag from /home/airflow/.local/lib/python3.12/site-packages/airflow/example_dags/example_latest_only_with_trigger.py
[2024-11-11T06:58:06.041+0000] {processor.py:925} INFO - DAG(s) 'latest_only_with_trigger' retrieved from /home/airflow/.local/lib/python3.12/site-packages/airflow/example_dags/example_latest_only_with_trigger.py
[2024-11-11T06:58:06.081+0000] {logging_mixin.py:190} INFO - [2024-11-11T06:58:06.081+0000] {dag.py:3239} INFO - Sync 1 DAGs
[2024-11-11T06:58:06.129+0000] {logging_mixin.py:190} INFO - [2024-11-11T06:58:06.128+0000] {dag.py:4180} INFO - Setting next_dagrun for latest_only_with_trigger to 2024-11-11 00:00:00+00:00, run_after=2024-11-11 04:00:00+00:00
[2024-11-11T06:58:06.176+0000] {processor.py:208} INFO - Processing /home/airflow/.local/lib/python3.12/site-packages/airflow/example_dags/example_latest_only_with_trigger.py took 0.170 seconds
[2024-11-11T06:58:36.840+0000] {processor.py:186} INFO - Started process (PID=1334) to work on /home/airflow/.local/lib/python3.12/site-packages/airflow/example_dags/example_latest_only_with_trigger.py
[2024-11-11T06:58:36.842+0000] {processor.py:914} INFO - Processing file /home/airflow/.local/lib/python3.12/site-packages/airflow/example_dags/example_latest_only_with_trigger.py for tasks to queue
[2024-11-11T06:58:36.846+0000] {logging_mixin.py:190} INFO - [2024-11-11T06:58:36.845+0000] {dagbag.py:588} INFO - Filling up the DagBag from /home/airflow/.local/lib/python3.12/site-packages/airflow/example_dags/example_latest_only_with_trigger.py
[2024-11-11T06:58:36.862+0000] {processor.py:925} INFO - DAG(s) 'latest_only_with_trigger' retrieved from /home/airflow/.local/lib/python3.12/site-packages/airflow/example_dags/example_latest_only_with_trigger.py
[2024-11-11T06:58:36.902+0000] {logging_mixin.py:190} INFO - [2024-11-11T06:58:36.901+0000] {dag.py:3239} INFO - Sync 1 DAGs
[2024-11-11T06:58:36.962+0000] {logging_mixin.py:190} INFO - [2024-11-11T06:58:36.962+0000] {dag.py:4180} INFO - Setting next_dagrun for latest_only_with_trigger to 2024-11-11 00:00:00+00:00, run_after=2024-11-11 04:00:00+00:00
[2024-11-11T06:58:37.016+0000] {processor.py:208} INFO - Processing /home/airflow/.local/lib/python3.12/site-packages/airflow/example_dags/example_latest_only_with_trigger.py took 0.183 seconds
[2024-11-11T06:59:07.105+0000] {processor.py:186} INFO - Started process (PID=1398) to work on /home/airflow/.local/lib/python3.12/site-packages/airflow/example_dags/example_latest_only_with_trigger.py
[2024-11-11T06:59:07.109+0000] {processor.py:914} INFO - Processing file /home/airflow/.local/lib/python3.12/site-packages/airflow/example_dags/example_latest_only_with_trigger.py for tasks to queue
[2024-11-11T06:59:07.113+0000] {logging_mixin.py:190} INFO - [2024-11-11T06:59:07.112+0000] {dagbag.py:588} INFO - Filling up the DagBag from /home/airflow/.local/lib/python3.12/site-packages/airflow/example_dags/example_latest_only_with_trigger.py
[2024-11-11T06:59:07.123+0000] {processor.py:925} INFO - DAG(s) 'latest_only_with_trigger' retrieved from /home/airflow/.local/lib/python3.12/site-packages/airflow/example_dags/example_latest_only_with_trigger.py
[2024-11-11T06:59:07.153+0000] {logging_mixin.py:190} INFO - [2024-11-11T06:59:07.152+0000] {dag.py:3239} INFO - Sync 1 DAGs
[2024-11-11T06:59:07.184+0000] {logging_mixin.py:190} INFO - [2024-11-11T06:59:07.183+0000] {dag.py:4180} INFO - Setting next_dagrun for latest_only_with_trigger to 2024-11-11 00:00:00+00:00, run_after=2024-11-11 04:00:00+00:00
[2024-11-11T06:59:07.213+0000] {processor.py:208} INFO - Processing /home/airflow/.local/lib/python3.12/site-packages/airflow/example_dags/example_latest_only_with_trigger.py took 0.120 seconds
[2024-11-11T06:59:37.906+0000] {processor.py:186} INFO - Started process (PID=1462) to work on /home/airflow/.local/lib/python3.12/site-packages/airflow/example_dags/example_latest_only_with_trigger.py
[2024-11-11T06:59:37.909+0000] {processor.py:914} INFO - Processing file /home/airflow/.local/lib/python3.12/site-packages/airflow/example_dags/example_latest_only_with_trigger.py for tasks to queue
[2024-11-11T06:59:37.917+0000] {logging_mixin.py:190} INFO - [2024-11-11T06:59:37.916+0000] {dagbag.py:588} INFO - Filling up the DagBag from /home/airflow/.local/lib/python3.12/site-packages/airflow/example_dags/example_latest_only_with_trigger.py
[2024-11-11T06:59:37.958+0000] {processor.py:925} INFO - DAG(s) 'latest_only_with_trigger' retrieved from /home/airflow/.local/lib/python3.12/site-packages/airflow/example_dags/example_latest_only_with_trigger.py
[2024-11-11T06:59:38.003+0000] {logging_mixin.py:190} INFO - [2024-11-11T06:59:38.002+0000] {dag.py:3239} INFO - Sync 1 DAGs
[2024-11-11T06:59:38.049+0000] {logging_mixin.py:190} INFO - [2024-11-11T06:59:38.048+0000] {dag.py:4180} INFO - Setting next_dagrun for latest_only_with_trigger to 2024-11-11 00:00:00+00:00, run_after=2024-11-11 04:00:00+00:00
[2024-11-11T06:59:38.119+0000] {processor.py:208} INFO - Processing /home/airflow/.local/lib/python3.12/site-packages/airflow/example_dags/example_latest_only_with_trigger.py took 0.229 seconds
[2024-11-11T07:00:09.330+0000] {processor.py:186} INFO - Started process (PID=1526) to work on /home/airflow/.local/lib/python3.12/site-packages/airflow/example_dags/example_latest_only_with_trigger.py
[2024-11-11T07:00:09.334+0000] {processor.py:914} INFO - Processing file /home/airflow/.local/lib/python3.12/site-packages/airflow/example_dags/example_latest_only_with_trigger.py for tasks to queue
[2024-11-11T07:00:09.341+0000] {logging_mixin.py:190} INFO - [2024-11-11T07:00:09.340+0000] {dagbag.py:588} INFO - Filling up the DagBag from /home/airflow/.local/lib/python3.12/site-packages/airflow/example_dags/example_latest_only_with_trigger.py
[2024-11-11T07:00:09.362+0000] {processor.py:925} INFO - DAG(s) 'latest_only_with_trigger' retrieved from /home/airflow/.local/lib/python3.12/site-packages/airflow/example_dags/example_latest_only_with_trigger.py
[2024-11-11T07:00:09.421+0000] {logging_mixin.py:190} INFO - [2024-11-11T07:00:09.420+0000] {dag.py:3239} INFO - Sync 1 DAGs
[2024-11-11T07:00:09.491+0000] {logging_mixin.py:190} INFO - [2024-11-11T07:00:09.491+0000] {dag.py:4180} INFO - Setting next_dagrun for latest_only_with_trigger to 2024-11-11 00:00:00+00:00, run_after=2024-11-11 04:00:00+00:00
[2024-11-11T07:00:09.563+0000] {processor.py:208} INFO - Processing /home/airflow/.local/lib/python3.12/site-packages/airflow/example_dags/example_latest_only_with_trigger.py took 0.252 seconds
[2024-11-11T07:00:39.978+0000] {processor.py:186} INFO - Started process (PID=1590) to work on /home/airflow/.local/lib/python3.12/site-packages/airflow/example_dags/example_latest_only_with_trigger.py
[2024-11-11T07:00:39.979+0000] {processor.py:914} INFO - Processing file /home/airflow/.local/lib/python3.12/site-packages/airflow/example_dags/example_latest_only_with_trigger.py for tasks to queue
[2024-11-11T07:00:39.983+0000] {logging_mixin.py:190} INFO - [2024-11-11T07:00:39.983+0000] {dagbag.py:588} INFO - Filling up the DagBag from /home/airflow/.local/lib/python3.12/site-packages/airflow/example_dags/example_latest_only_with_trigger.py
[2024-11-11T07:00:39.995+0000] {processor.py:925} INFO - DAG(s) 'latest_only_with_trigger' retrieved from /home/airflow/.local/lib/python3.12/site-packages/airflow/example_dags/example_latest_only_with_trigger.py
[2024-11-11T07:00:40.027+0000] {logging_mixin.py:190} INFO - [2024-11-11T07:00:40.027+0000] {dag.py:3239} INFO - Sync 1 DAGs
[2024-11-11T07:00:40.065+0000] {logging_mixin.py:190} INFO - [2024-11-11T07:00:40.064+0000] {dag.py:4180} INFO - Setting next_dagrun for latest_only_with_trigger to 2024-11-11 00:00:00+00:00, run_after=2024-11-11 04:00:00+00:00
[2024-11-11T07:00:40.113+0000] {processor.py:208} INFO - Processing /home/airflow/.local/lib/python3.12/site-packages/airflow/example_dags/example_latest_only_with_trigger.py took 0.142 seconds
[2024-11-11T07:01:10.541+0000] {processor.py:186} INFO - Started process (PID=1654) to work on /home/airflow/.local/lib/python3.12/site-packages/airflow/example_dags/example_latest_only_with_trigger.py
[2024-11-11T07:01:10.544+0000] {processor.py:914} INFO - Processing file /home/airflow/.local/lib/python3.12/site-packages/airflow/example_dags/example_latest_only_with_trigger.py for tasks to queue
[2024-11-11T07:01:10.549+0000] {logging_mixin.py:190} INFO - [2024-11-11T07:01:10.548+0000] {dagbag.py:588} INFO - Filling up the DagBag from /home/airflow/.local/lib/python3.12/site-packages/airflow/example_dags/example_latest_only_with_trigger.py
[2024-11-11T07:01:10.561+0000] {processor.py:925} INFO - DAG(s) 'latest_only_with_trigger' retrieved from /home/airflow/.local/lib/python3.12/site-packages/airflow/example_dags/example_latest_only_with_trigger.py
[2024-11-11T07:01:10.599+0000] {logging_mixin.py:190} INFO - [2024-11-11T07:01:10.598+0000] {dag.py:3239} INFO - Sync 1 DAGs
[2024-11-11T07:01:10.640+0000] {logging_mixin.py:190} INFO - [2024-11-11T07:01:10.640+0000] {dag.py:4180} INFO - Setting next_dagrun for latest_only_with_trigger to 2024-11-11 00:00:00+00:00, run_after=2024-11-11 04:00:00+00:00
[2024-11-11T07:01:10.678+0000] {processor.py:208} INFO - Processing /home/airflow/.local/lib/python3.12/site-packages/airflow/example_dags/example_latest_only_with_trigger.py took 0.145 seconds
[2024-11-11T07:01:40.737+0000] {processor.py:186} INFO - Started process (PID=1717) to work on /home/airflow/.local/lib/python3.12/site-packages/airflow/example_dags/example_latest_only_with_trigger.py
[2024-11-11T07:01:40.738+0000] {processor.py:914} INFO - Processing file /home/airflow/.local/lib/python3.12/site-packages/airflow/example_dags/example_latest_only_with_trigger.py for tasks to queue
[2024-11-11T07:01:40.742+0000] {logging_mixin.py:190} INFO - [2024-11-11T07:01:40.741+0000] {dagbag.py:588} INFO - Filling up the DagBag from /home/airflow/.local/lib/python3.12/site-packages/airflow/example_dags/example_latest_only_with_trigger.py
[2024-11-11T07:01:40.752+0000] {processor.py:925} INFO - DAG(s) 'latest_only_with_trigger' retrieved from /home/airflow/.local/lib/python3.12/site-packages/airflow/example_dags/example_latest_only_with_trigger.py
[2024-11-11T07:01:40.779+0000] {logging_mixin.py:190} INFO - [2024-11-11T07:01:40.779+0000] {dag.py:3239} INFO - Sync 1 DAGs
[2024-11-11T07:01:40.811+0000] {logging_mixin.py:190} INFO - [2024-11-11T07:01:40.811+0000] {dag.py:4180} INFO - Setting next_dagrun for latest_only_with_trigger to 2024-11-11 00:00:00+00:00, run_after=2024-11-11 04:00:00+00:00
[2024-11-11T07:01:40.837+0000] {processor.py:208} INFO - Processing /home/airflow/.local/lib/python3.12/site-packages/airflow/example_dags/example_latest_only_with_trigger.py took 0.108 seconds
[2024-11-11T07:02:10.929+0000] {processor.py:186} INFO - Started process (PID=1780) to work on /home/airflow/.local/lib/python3.12/site-packages/airflow/example_dags/example_latest_only_with_trigger.py
[2024-11-11T07:02:10.931+0000] {processor.py:914} INFO - Processing file /home/airflow/.local/lib/python3.12/site-packages/airflow/example_dags/example_latest_only_with_trigger.py for tasks to queue
[2024-11-11T07:02:10.938+0000] {logging_mixin.py:190} INFO - [2024-11-11T07:02:10.937+0000] {dagbag.py:588} INFO - Filling up the DagBag from /home/airflow/.local/lib/python3.12/site-packages/airflow/example_dags/example_latest_only_with_trigger.py
[2024-11-11T07:02:10.961+0000] {processor.py:925} INFO - DAG(s) 'latest_only_with_trigger' retrieved from /home/airflow/.local/lib/python3.12/site-packages/airflow/example_dags/example_latest_only_with_trigger.py
[2024-11-11T07:02:11.016+0000] {logging_mixin.py:190} INFO - [2024-11-11T07:02:11.016+0000] {dag.py:3239} INFO - Sync 1 DAGs
[2024-11-11T07:02:11.064+0000] {logging_mixin.py:190} INFO - [2024-11-11T07:02:11.063+0000] {dag.py:4180} INFO - Setting next_dagrun for latest_only_with_trigger to 2024-11-11 00:00:00+00:00, run_after=2024-11-11 04:00:00+00:00
[2024-11-11T07:02:11.103+0000] {processor.py:208} INFO - Processing /home/airflow/.local/lib/python3.12/site-packages/airflow/example_dags/example_latest_only_with_trigger.py took 0.188 seconds
[2024-11-11T07:02:41.533+0000] {processor.py:186} INFO - Started process (PID=1843) to work on /home/airflow/.local/lib/python3.12/site-packages/airflow/example_dags/example_latest_only_with_trigger.py
[2024-11-11T07:02:41.535+0000] {processor.py:914} INFO - Processing file /home/airflow/.local/lib/python3.12/site-packages/airflow/example_dags/example_latest_only_with_trigger.py for tasks to queue
[2024-11-11T07:02:41.538+0000] {logging_mixin.py:190} INFO - [2024-11-11T07:02:41.538+0000] {dagbag.py:588} INFO - Filling up the DagBag from /home/airflow/.local/lib/python3.12/site-packages/airflow/example_dags/example_latest_only_with_trigger.py
[2024-11-11T07:02:41.549+0000] {processor.py:925} INFO - DAG(s) 'latest_only_with_trigger' retrieved from /home/airflow/.local/lib/python3.12/site-packages/airflow/example_dags/example_latest_only_with_trigger.py
[2024-11-11T07:02:41.579+0000] {logging_mixin.py:190} INFO - [2024-11-11T07:02:41.579+0000] {dag.py:3239} INFO - Sync 1 DAGs
[2024-11-11T07:02:41.608+0000] {logging_mixin.py:190} INFO - [2024-11-11T07:02:41.607+0000] {dag.py:4180} INFO - Setting next_dagrun for latest_only_with_trigger to 2024-11-11 00:00:00+00:00, run_after=2024-11-11 04:00:00+00:00
[2024-11-11T07:02:41.636+0000] {processor.py:208} INFO - Processing /home/airflow/.local/lib/python3.12/site-packages/airflow/example_dags/example_latest_only_with_trigger.py took 0.111 seconds
[2024-11-11T07:03:13.456+0000] {processor.py:186} INFO - Started process (PID=1907) to work on /home/airflow/.local/lib/python3.12/site-packages/airflow/example_dags/example_latest_only_with_trigger.py
[2024-11-11T07:03:13.459+0000] {processor.py:914} INFO - Processing file /home/airflow/.local/lib/python3.12/site-packages/airflow/example_dags/example_latest_only_with_trigger.py for tasks to queue
[2024-11-11T07:03:13.472+0000] {logging_mixin.py:190} INFO - [2024-11-11T07:03:13.471+0000] {dagbag.py:588} INFO - Filling up the DagBag from /home/airflow/.local/lib/python3.12/site-packages/airflow/example_dags/example_latest_only_with_trigger.py
[2024-11-11T07:03:13.637+0000] {processor.py:925} INFO - DAG(s) 'latest_only_with_trigger' retrieved from /home/airflow/.local/lib/python3.12/site-packages/airflow/example_dags/example_latest_only_with_trigger.py
[2024-11-11T07:03:13.798+0000] {logging_mixin.py:190} INFO - [2024-11-11T07:03:13.797+0000] {dag.py:3239} INFO - Sync 1 DAGs
[2024-11-11T07:03:13.885+0000] {logging_mixin.py:190} INFO - [2024-11-11T07:03:13.884+0000] {dag.py:4180} INFO - Setting next_dagrun for latest_only_with_trigger to 2024-11-11 00:00:00+00:00, run_after=2024-11-11 04:00:00+00:00
[2024-11-11T07:03:13.942+0000] {processor.py:208} INFO - Processing /home/airflow/.local/lib/python3.12/site-packages/airflow/example_dags/example_latest_only_with_trigger.py took 0.508 seconds
[2024-11-11T07:03:44.217+0000] {processor.py:186} INFO - Started process (PID=1971) to work on /home/airflow/.local/lib/python3.12/site-packages/airflow/example_dags/example_latest_only_with_trigger.py
[2024-11-11T07:03:44.222+0000] {processor.py:914} INFO - Processing file /home/airflow/.local/lib/python3.12/site-packages/airflow/example_dags/example_latest_only_with_trigger.py for tasks to queue
[2024-11-11T07:03:44.233+0000] {logging_mixin.py:190} INFO - [2024-11-11T07:03:44.232+0000] {dagbag.py:588} INFO - Filling up the DagBag from /home/airflow/.local/lib/python3.12/site-packages/airflow/example_dags/example_latest_only_with_trigger.py
[2024-11-11T07:03:44.264+0000] {processor.py:925} INFO - DAG(s) 'latest_only_with_trigger' retrieved from /home/airflow/.local/lib/python3.12/site-packages/airflow/example_dags/example_latest_only_with_trigger.py
[2024-11-11T07:03:44.482+0000] {logging_mixin.py:190} INFO - [2024-11-11T07:03:44.480+0000] {dag.py:3239} INFO - Sync 1 DAGs
[2024-11-11T07:03:44.619+0000] {logging_mixin.py:190} INFO - [2024-11-11T07:03:44.618+0000] {dag.py:4180} INFO - Setting next_dagrun for latest_only_with_trigger to 2024-11-11 00:00:00+00:00, run_after=2024-11-11 04:00:00+00:00
[2024-11-11T07:03:44.762+0000] {processor.py:208} INFO - Processing /home/airflow/.local/lib/python3.12/site-packages/airflow/example_dags/example_latest_only_with_trigger.py took 0.573 seconds
