[2024-11-11T06:48:29.930+0000] {processor.py:186} INFO - Started process (PID=81) to work on /home/airflow/.local/lib/python3.12/site-packages/airflow/example_dags/example_display_name.py
[2024-11-11T06:48:29.932+0000] {processor.py:914} INFO - Processing file /home/airflow/.local/lib/python3.12/site-packages/airflow/example_dags/example_display_name.py for tasks to queue
[2024-11-11T06:48:29.937+0000] {logging_mixin.py:190} INFO - [2024-11-11T06:48:29.936+0000] {dagbag.py:588} INFO - Filling up the DagBag from /home/airflow/.local/lib/python3.12/site-packages/airflow/example_dags/example_display_name.py
[2024-11-11T06:48:29.949+0000] {processor.py:925} INFO - DAG(s) 'example_display_name' retrieved from /home/airflow/.local/lib/python3.12/site-packages/airflow/example_dags/example_display_name.py
[2024-11-11T06:48:30.103+0000] {logging_mixin.py:190} INFO - [2024-11-11T06:48:30.102+0000] {override.py:1911} INFO - Created Permission View: can read on DAG:example_display_name
[2024-11-11T06:48:30.119+0000] {logging_mixin.py:190} INFO - [2024-11-11T06:48:30.119+0000] {override.py:1911} INFO - Created Permission View: can delete on DAG:example_display_name
[2024-11-11T06:48:30.135+0000] {logging_mixin.py:190} INFO - [2024-11-11T06:48:30.134+0000] {override.py:1911} INFO - Created Permission View: can edit on DAG:example_display_name
[2024-11-11T06:48:30.154+0000] {logging_mixin.py:190} INFO - [2024-11-11T06:48:30.154+0000] {override.py:1911} INFO - Created Permission View: menu access on DAG Run:example_display_name
[2024-11-11T06:48:30.168+0000] {logging_mixin.py:190} INFO - [2024-11-11T06:48:30.168+0000] {override.py:1911} INFO - Created Permission View: can read on DAG Run:example_display_name
[2024-11-11T06:48:30.182+0000] {logging_mixin.py:190} INFO - [2024-11-11T06:48:30.181+0000] {override.py:1911} INFO - Created Permission View: can delete on DAG Run:example_display_name
[2024-11-11T06:48:30.192+0000] {logging_mixin.py:190} INFO - [2024-11-11T06:48:30.192+0000] {override.py:1911} INFO - Created Permission View: can create on DAG Run:example_display_name
[2024-11-11T06:48:30.194+0000] {logging_mixin.py:190} INFO - [2024-11-11T06:48:30.194+0000] {dag.py:3239} INFO - Sync 1 DAGs
[2024-11-11T06:48:30.211+0000] {logging_mixin.py:190} INFO - [2024-11-11T06:48:30.211+0000] {dag.py:3262} INFO - Creating ORM DAG for example_display_name
[2024-11-11T06:48:30.213+0000] {logging_mixin.py:190} INFO - [2024-11-11T06:48:30.212+0000] {dag.py:4180} INFO - Setting next_dagrun for example_display_name to None, run_after=None
[2024-11-11T06:48:30.240+0000] {processor.py:208} INFO - Processing /home/airflow/.local/lib/python3.12/site-packages/airflow/example_dags/example_display_name.py took 0.322 seconds
[2024-11-11T06:49:00.549+0000] {processor.py:186} INFO - Started process (PID=145) to work on /home/airflow/.local/lib/python3.12/site-packages/airflow/example_dags/example_display_name.py
[2024-11-11T06:49:00.552+0000] {processor.py:914} INFO - Processing file /home/airflow/.local/lib/python3.12/site-packages/airflow/example_dags/example_display_name.py for tasks to queue
[2024-11-11T06:49:00.558+0000] {logging_mixin.py:190} INFO - [2024-11-11T06:49:00.557+0000] {dagbag.py:588} INFO - Filling up the DagBag from /home/airflow/.local/lib/python3.12/site-packages/airflow/example_dags/example_display_name.py
[2024-11-11T06:49:00.665+0000] {processor.py:925} INFO - DAG(s) 'example_display_name' retrieved from /home/airflow/.local/lib/python3.12/site-packages/airflow/example_dags/example_display_name.py
[2024-11-11T06:49:00.871+0000] {logging_mixin.py:190} INFO - [2024-11-11T06:49:00.869+0000] {dag.py:3239} INFO - Sync 1 DAGs
[2024-11-11T06:49:00.977+0000] {logging_mixin.py:190} INFO - [2024-11-11T06:49:00.953+0000] {dag.py:4180} INFO - Setting next_dagrun for example_display_name to None, run_after=None
[2024-11-11T06:49:01.063+0000] {processor.py:208} INFO - Processing /home/airflow/.local/lib/python3.12/site-packages/airflow/example_dags/example_display_name.py took 0.522 seconds
[2024-11-11T06:49:31.222+0000] {processor.py:186} INFO - Started process (PID=209) to work on /home/airflow/.local/lib/python3.12/site-packages/airflow/example_dags/example_display_name.py
[2024-11-11T06:49:31.225+0000] {processor.py:914} INFO - Processing file /home/airflow/.local/lib/python3.12/site-packages/airflow/example_dags/example_display_name.py for tasks to queue
[2024-11-11T06:49:31.230+0000] {logging_mixin.py:190} INFO - [2024-11-11T06:49:31.229+0000] {dagbag.py:588} INFO - Filling up the DagBag from /home/airflow/.local/lib/python3.12/site-packages/airflow/example_dags/example_display_name.py
[2024-11-11T06:49:31.242+0000] {processor.py:925} INFO - DAG(s) 'example_display_name' retrieved from /home/airflow/.local/lib/python3.12/site-packages/airflow/example_dags/example_display_name.py
[2024-11-11T06:49:31.267+0000] {logging_mixin.py:190} INFO - [2024-11-11T06:49:31.267+0000] {dag.py:3239} INFO - Sync 1 DAGs
[2024-11-11T06:49:31.285+0000] {logging_mixin.py:190} INFO - [2024-11-11T06:49:31.285+0000] {dag.py:4180} INFO - Setting next_dagrun for example_display_name to None, run_after=None
[2024-11-11T06:49:31.312+0000] {processor.py:208} INFO - Processing /home/airflow/.local/lib/python3.12/site-packages/airflow/example_dags/example_display_name.py took 0.101 seconds
[2024-11-11T06:50:03.541+0000] {processor.py:186} INFO - Started process (PID=273) to work on /home/airflow/.local/lib/python3.12/site-packages/airflow/example_dags/example_display_name.py
[2024-11-11T06:50:03.543+0000] {processor.py:914} INFO - Processing file /home/airflow/.local/lib/python3.12/site-packages/airflow/example_dags/example_display_name.py for tasks to queue
[2024-11-11T06:50:03.548+0000] {logging_mixin.py:190} INFO - [2024-11-11T06:50:03.548+0000] {dagbag.py:588} INFO - Filling up the DagBag from /home/airflow/.local/lib/python3.12/site-packages/airflow/example_dags/example_display_name.py
[2024-11-11T06:50:03.563+0000] {processor.py:925} INFO - DAG(s) 'example_display_name' retrieved from /home/airflow/.local/lib/python3.12/site-packages/airflow/example_dags/example_display_name.py
[2024-11-11T06:50:03.606+0000] {logging_mixin.py:190} INFO - [2024-11-11T06:50:03.606+0000] {dag.py:3239} INFO - Sync 1 DAGs
[2024-11-11T06:50:03.638+0000] {logging_mixin.py:190} INFO - [2024-11-11T06:50:03.638+0000] {dag.py:4180} INFO - Setting next_dagrun for example_display_name to None, run_after=None
[2024-11-11T06:50:03.684+0000] {processor.py:208} INFO - Processing /home/airflow/.local/lib/python3.12/site-packages/airflow/example_dags/example_display_name.py took 0.156 seconds
[2024-11-11T06:50:35.248+0000] {processor.py:186} INFO - Started process (PID=337) to work on /home/airflow/.local/lib/python3.12/site-packages/airflow/example_dags/example_display_name.py
[2024-11-11T06:50:35.249+0000] {processor.py:914} INFO - Processing file /home/airflow/.local/lib/python3.12/site-packages/airflow/example_dags/example_display_name.py for tasks to queue
[2024-11-11T06:50:35.256+0000] {logging_mixin.py:190} INFO - [2024-11-11T06:50:35.255+0000] {dagbag.py:588} INFO - Filling up the DagBag from /home/airflow/.local/lib/python3.12/site-packages/airflow/example_dags/example_display_name.py
[2024-11-11T06:50:35.282+0000] {processor.py:925} INFO - DAG(s) 'example_display_name' retrieved from /home/airflow/.local/lib/python3.12/site-packages/airflow/example_dags/example_display_name.py
[2024-11-11T06:50:35.346+0000] {logging_mixin.py:190} INFO - [2024-11-11T06:50:35.346+0000] {dag.py:3239} INFO - Sync 1 DAGs
[2024-11-11T06:50:35.388+0000] {logging_mixin.py:190} INFO - [2024-11-11T06:50:35.387+0000] {dag.py:4180} INFO - Setting next_dagrun for example_display_name to None, run_after=None
[2024-11-11T06:50:35.451+0000] {processor.py:208} INFO - Processing /home/airflow/.local/lib/python3.12/site-packages/airflow/example_dags/example_display_name.py took 0.216 seconds
[2024-11-11T06:51:05.857+0000] {processor.py:186} INFO - Started process (PID=401) to work on /home/airflow/.local/lib/python3.12/site-packages/airflow/example_dags/example_display_name.py
[2024-11-11T06:51:05.859+0000] {processor.py:914} INFO - Processing file /home/airflow/.local/lib/python3.12/site-packages/airflow/example_dags/example_display_name.py for tasks to queue
[2024-11-11T06:51:05.867+0000] {logging_mixin.py:190} INFO - [2024-11-11T06:51:05.866+0000] {dagbag.py:588} INFO - Filling up the DagBag from /home/airflow/.local/lib/python3.12/site-packages/airflow/example_dags/example_display_name.py
[2024-11-11T06:51:05.883+0000] {processor.py:925} INFO - DAG(s) 'example_display_name' retrieved from /home/airflow/.local/lib/python3.12/site-packages/airflow/example_dags/example_display_name.py
[2024-11-11T06:51:05.917+0000] {logging_mixin.py:190} INFO - [2024-11-11T06:51:05.916+0000] {dag.py:3239} INFO - Sync 1 DAGs
[2024-11-11T06:51:05.942+0000] {logging_mixin.py:190} INFO - [2024-11-11T06:51:05.942+0000] {dag.py:4180} INFO - Setting next_dagrun for example_display_name to None, run_after=None
[2024-11-11T06:51:05.974+0000] {processor.py:208} INFO - Processing /home/airflow/.local/lib/python3.12/site-packages/airflow/example_dags/example_display_name.py took 0.124 seconds
[2024-11-11T06:51:37.633+0000] {processor.py:186} INFO - Started process (PID=465) to work on /home/airflow/.local/lib/python3.12/site-packages/airflow/example_dags/example_display_name.py
[2024-11-11T06:51:37.635+0000] {processor.py:914} INFO - Processing file /home/airflow/.local/lib/python3.12/site-packages/airflow/example_dags/example_display_name.py for tasks to queue
[2024-11-11T06:51:37.640+0000] {logging_mixin.py:190} INFO - [2024-11-11T06:51:37.640+0000] {dagbag.py:588} INFO - Filling up the DagBag from /home/airflow/.local/lib/python3.12/site-packages/airflow/example_dags/example_display_name.py
[2024-11-11T06:51:37.656+0000] {processor.py:925} INFO - DAG(s) 'example_display_name' retrieved from /home/airflow/.local/lib/python3.12/site-packages/airflow/example_dags/example_display_name.py
[2024-11-11T06:51:37.697+0000] {logging_mixin.py:190} INFO - [2024-11-11T06:51:37.697+0000] {dag.py:3239} INFO - Sync 1 DAGs
[2024-11-11T06:51:37.723+0000] {logging_mixin.py:190} INFO - [2024-11-11T06:51:37.723+0000] {dag.py:4180} INFO - Setting next_dagrun for example_display_name to None, run_after=None
[2024-11-11T06:51:37.781+0000] {processor.py:208} INFO - Processing /home/airflow/.local/lib/python3.12/site-packages/airflow/example_dags/example_display_name.py took 0.163 seconds
[2024-11-11T06:52:09.801+0000] {processor.py:186} INFO - Started process (PID=529) to work on /home/airflow/.local/lib/python3.12/site-packages/airflow/example_dags/example_display_name.py
[2024-11-11T06:52:09.805+0000] {processor.py:914} INFO - Processing file /home/airflow/.local/lib/python3.12/site-packages/airflow/example_dags/example_display_name.py for tasks to queue
[2024-11-11T06:52:09.812+0000] {logging_mixin.py:190} INFO - [2024-11-11T06:52:09.811+0000] {dagbag.py:588} INFO - Filling up the DagBag from /home/airflow/.local/lib/python3.12/site-packages/airflow/example_dags/example_display_name.py
[2024-11-11T06:52:09.830+0000] {processor.py:925} INFO - DAG(s) 'example_display_name' retrieved from /home/airflow/.local/lib/python3.12/site-packages/airflow/example_dags/example_display_name.py
[2024-11-11T06:52:09.876+0000] {logging_mixin.py:190} INFO - [2024-11-11T06:52:09.874+0000] {dag.py:3239} INFO - Sync 1 DAGs
[2024-11-11T06:52:09.910+0000] {logging_mixin.py:190} INFO - [2024-11-11T06:52:09.909+0000] {dag.py:4180} INFO - Setting next_dagrun for example_display_name to None, run_after=None
[2024-11-11T06:52:09.993+0000] {processor.py:208} INFO - Processing /home/airflow/.local/lib/python3.12/site-packages/airflow/example_dags/example_display_name.py took 0.203 seconds
[2024-11-11T06:52:40.475+0000] {processor.py:186} INFO - Started process (PID=593) to work on /home/airflow/.local/lib/python3.12/site-packages/airflow/example_dags/example_display_name.py
[2024-11-11T06:52:40.477+0000] {processor.py:914} INFO - Processing file /home/airflow/.local/lib/python3.12/site-packages/airflow/example_dags/example_display_name.py for tasks to queue
[2024-11-11T06:52:40.482+0000] {logging_mixin.py:190} INFO - [2024-11-11T06:52:40.481+0000] {dagbag.py:588} INFO - Filling up the DagBag from /home/airflow/.local/lib/python3.12/site-packages/airflow/example_dags/example_display_name.py
[2024-11-11T06:52:40.495+0000] {processor.py:925} INFO - DAG(s) 'example_display_name' retrieved from /home/airflow/.local/lib/python3.12/site-packages/airflow/example_dags/example_display_name.py
[2024-11-11T06:52:40.532+0000] {logging_mixin.py:190} INFO - [2024-11-11T06:52:40.532+0000] {dag.py:3239} INFO - Sync 1 DAGs
[2024-11-11T06:52:40.553+0000] {logging_mixin.py:190} INFO - [2024-11-11T06:52:40.553+0000] {dag.py:4180} INFO - Setting next_dagrun for example_display_name to None, run_after=None
[2024-11-11T06:52:40.585+0000] {processor.py:208} INFO - Processing /home/airflow/.local/lib/python3.12/site-packages/airflow/example_dags/example_display_name.py took 0.118 seconds
[2024-11-11T06:53:11.217+0000] {processor.py:186} INFO - Started process (PID=656) to work on /home/airflow/.local/lib/python3.12/site-packages/airflow/example_dags/example_display_name.py
[2024-11-11T06:53:11.220+0000] {processor.py:914} INFO - Processing file /home/airflow/.local/lib/python3.12/site-packages/airflow/example_dags/example_display_name.py for tasks to queue
[2024-11-11T06:53:11.227+0000] {logging_mixin.py:190} INFO - [2024-11-11T06:53:11.227+0000] {dagbag.py:588} INFO - Filling up the DagBag from /home/airflow/.local/lib/python3.12/site-packages/airflow/example_dags/example_display_name.py
[2024-11-11T06:53:11.239+0000] {processor.py:925} INFO - DAG(s) 'example_display_name' retrieved from /home/airflow/.local/lib/python3.12/site-packages/airflow/example_dags/example_display_name.py
[2024-11-11T06:53:11.274+0000] {logging_mixin.py:190} INFO - [2024-11-11T06:53:11.273+0000] {dag.py:3239} INFO - Sync 1 DAGs
[2024-11-11T06:53:11.296+0000] {logging_mixin.py:190} INFO - [2024-11-11T06:53:11.296+0000] {dag.py:4180} INFO - Setting next_dagrun for example_display_name to None, run_after=None
[2024-11-11T06:53:11.334+0000] {processor.py:208} INFO - Processing /home/airflow/.local/lib/python3.12/site-packages/airflow/example_dags/example_display_name.py took 0.129 seconds
[2024-11-11T06:53:41.557+0000] {processor.py:186} INFO - Started process (PID=719) to work on /home/airflow/.local/lib/python3.12/site-packages/airflow/example_dags/example_display_name.py
[2024-11-11T06:53:41.559+0000] {processor.py:914} INFO - Processing file /home/airflow/.local/lib/python3.12/site-packages/airflow/example_dags/example_display_name.py for tasks to queue
[2024-11-11T06:53:41.567+0000] {logging_mixin.py:190} INFO - [2024-11-11T06:53:41.566+0000] {dagbag.py:588} INFO - Filling up the DagBag from /home/airflow/.local/lib/python3.12/site-packages/airflow/example_dags/example_display_name.py
[2024-11-11T06:53:41.590+0000] {processor.py:925} INFO - DAG(s) 'example_display_name' retrieved from /home/airflow/.local/lib/python3.12/site-packages/airflow/example_dags/example_display_name.py
[2024-11-11T06:53:41.625+0000] {logging_mixin.py:190} INFO - [2024-11-11T06:53:41.624+0000] {dag.py:3239} INFO - Sync 1 DAGs
[2024-11-11T06:53:41.655+0000] {logging_mixin.py:190} INFO - [2024-11-11T06:53:41.654+0000] {dag.py:4180} INFO - Setting next_dagrun for example_display_name to None, run_after=None
[2024-11-11T06:53:41.711+0000] {processor.py:208} INFO - Processing /home/airflow/.local/lib/python3.12/site-packages/airflow/example_dags/example_display_name.py took 0.168 seconds
[2024-11-11T06:54:11.824+0000] {processor.py:186} INFO - Started process (PID=782) to work on /home/airflow/.local/lib/python3.12/site-packages/airflow/example_dags/example_display_name.py
[2024-11-11T06:54:11.827+0000] {processor.py:914} INFO - Processing file /home/airflow/.local/lib/python3.12/site-packages/airflow/example_dags/example_display_name.py for tasks to queue
[2024-11-11T06:54:11.833+0000] {logging_mixin.py:190} INFO - [2024-11-11T06:54:11.832+0000] {dagbag.py:588} INFO - Filling up the DagBag from /home/airflow/.local/lib/python3.12/site-packages/airflow/example_dags/example_display_name.py
[2024-11-11T06:54:11.854+0000] {processor.py:925} INFO - DAG(s) 'example_display_name' retrieved from /home/airflow/.local/lib/python3.12/site-packages/airflow/example_dags/example_display_name.py
[2024-11-11T06:54:11.911+0000] {logging_mixin.py:190} INFO - [2024-11-11T06:54:11.910+0000] {dag.py:3239} INFO - Sync 1 DAGs
[2024-11-11T06:54:11.954+0000] {logging_mixin.py:190} INFO - [2024-11-11T06:54:11.953+0000] {dag.py:4180} INFO - Setting next_dagrun for example_display_name to None, run_after=None
[2024-11-11T06:54:11.996+0000] {processor.py:208} INFO - Processing /home/airflow/.local/lib/python3.12/site-packages/airflow/example_dags/example_display_name.py took 0.185 seconds
[2024-11-11T06:54:44.053+0000] {processor.py:186} INFO - Started process (PID=846) to work on /home/airflow/.local/lib/python3.12/site-packages/airflow/example_dags/example_display_name.py
[2024-11-11T06:54:44.057+0000] {processor.py:914} INFO - Processing file /home/airflow/.local/lib/python3.12/site-packages/airflow/example_dags/example_display_name.py for tasks to queue
[2024-11-11T06:54:44.067+0000] {logging_mixin.py:190} INFO - [2024-11-11T06:54:44.067+0000] {dagbag.py:588} INFO - Filling up the DagBag from /home/airflow/.local/lib/python3.12/site-packages/airflow/example_dags/example_display_name.py
[2024-11-11T06:54:44.100+0000] {processor.py:925} INFO - DAG(s) 'example_display_name' retrieved from /home/airflow/.local/lib/python3.12/site-packages/airflow/example_dags/example_display_name.py
[2024-11-11T06:54:44.184+0000] {logging_mixin.py:190} INFO - [2024-11-11T06:54:44.183+0000] {dag.py:3239} INFO - Sync 1 DAGs
[2024-11-11T06:54:44.234+0000] {logging_mixin.py:190} INFO - [2024-11-11T06:54:44.234+0000] {dag.py:4180} INFO - Setting next_dagrun for example_display_name to None, run_after=None
[2024-11-11T06:54:44.302+0000] {processor.py:208} INFO - Processing /home/airflow/.local/lib/python3.12/site-packages/airflow/example_dags/example_display_name.py took 0.266 seconds
[2024-11-11T06:55:14.445+0000] {processor.py:186} INFO - Started process (PID=910) to work on /home/airflow/.local/lib/python3.12/site-packages/airflow/example_dags/example_display_name.py
[2024-11-11T06:55:14.447+0000] {processor.py:914} INFO - Processing file /home/airflow/.local/lib/python3.12/site-packages/airflow/example_dags/example_display_name.py for tasks to queue
[2024-11-11T06:55:14.453+0000] {logging_mixin.py:190} INFO - [2024-11-11T06:55:14.452+0000] {dagbag.py:588} INFO - Filling up the DagBag from /home/airflow/.local/lib/python3.12/site-packages/airflow/example_dags/example_display_name.py
[2024-11-11T06:55:14.476+0000] {processor.py:925} INFO - DAG(s) 'example_display_name' retrieved from /home/airflow/.local/lib/python3.12/site-packages/airflow/example_dags/example_display_name.py
[2024-11-11T06:55:14.519+0000] {logging_mixin.py:190} INFO - [2024-11-11T06:55:14.519+0000] {dag.py:3239} INFO - Sync 1 DAGs
[2024-11-11T06:55:14.553+0000] {logging_mixin.py:190} INFO - [2024-11-11T06:55:14.553+0000] {dag.py:4180} INFO - Setting next_dagrun for example_display_name to None, run_after=None
[2024-11-11T06:55:14.591+0000] {processor.py:208} INFO - Processing /home/airflow/.local/lib/python3.12/site-packages/airflow/example_dags/example_display_name.py took 0.156 seconds
[2024-11-11T06:55:45.527+0000] {processor.py:186} INFO - Started process (PID=974) to work on /home/airflow/.local/lib/python3.12/site-packages/airflow/example_dags/example_display_name.py
[2024-11-11T06:55:45.529+0000] {processor.py:914} INFO - Processing file /home/airflow/.local/lib/python3.12/site-packages/airflow/example_dags/example_display_name.py for tasks to queue
[2024-11-11T06:55:45.534+0000] {logging_mixin.py:190} INFO - [2024-11-11T06:55:45.533+0000] {dagbag.py:588} INFO - Filling up the DagBag from /home/airflow/.local/lib/python3.12/site-packages/airflow/example_dags/example_display_name.py
[2024-11-11T06:55:45.547+0000] {processor.py:925} INFO - DAG(s) 'example_display_name' retrieved from /home/airflow/.local/lib/python3.12/site-packages/airflow/example_dags/example_display_name.py
[2024-11-11T06:55:45.591+0000] {logging_mixin.py:190} INFO - [2024-11-11T06:55:45.590+0000] {dag.py:3239} INFO - Sync 1 DAGs
[2024-11-11T06:55:45.620+0000] {logging_mixin.py:190} INFO - [2024-11-11T06:55:45.620+0000] {dag.py:4180} INFO - Setting next_dagrun for example_display_name to None, run_after=None
[2024-11-11T06:55:45.657+0000] {processor.py:208} INFO - Processing /home/airflow/.local/lib/python3.12/site-packages/airflow/example_dags/example_display_name.py took 0.142 seconds
[2024-11-11T06:56:16.170+0000] {processor.py:186} INFO - Started process (PID=1037) to work on /home/airflow/.local/lib/python3.12/site-packages/airflow/example_dags/example_display_name.py
[2024-11-11T06:56:16.171+0000] {processor.py:914} INFO - Processing file /home/airflow/.local/lib/python3.12/site-packages/airflow/example_dags/example_display_name.py for tasks to queue
[2024-11-11T06:56:16.176+0000] {logging_mixin.py:190} INFO - [2024-11-11T06:56:16.175+0000] {dagbag.py:588} INFO - Filling up the DagBag from /home/airflow/.local/lib/python3.12/site-packages/airflow/example_dags/example_display_name.py
[2024-11-11T06:56:16.186+0000] {processor.py:925} INFO - DAG(s) 'example_display_name' retrieved from /home/airflow/.local/lib/python3.12/site-packages/airflow/example_dags/example_display_name.py
[2024-11-11T06:56:16.219+0000] {logging_mixin.py:190} INFO - [2024-11-11T06:56:16.218+0000] {dag.py:3239} INFO - Sync 1 DAGs
[2024-11-11T06:56:16.238+0000] {logging_mixin.py:190} INFO - [2024-11-11T06:56:16.238+0000] {dag.py:4180} INFO - Setting next_dagrun for example_display_name to None, run_after=None
[2024-11-11T06:56:16.271+0000] {processor.py:208} INFO - Processing /home/airflow/.local/lib/python3.12/site-packages/airflow/example_dags/example_display_name.py took 0.108 seconds
[2024-11-11T06:56:48.002+0000] {processor.py:186} INFO - Started process (PID=1102) to work on /home/airflow/.local/lib/python3.12/site-packages/airflow/example_dags/example_display_name.py
[2024-11-11T06:56:48.005+0000] {processor.py:914} INFO - Processing file /home/airflow/.local/lib/python3.12/site-packages/airflow/example_dags/example_display_name.py for tasks to queue
[2024-11-11T06:56:48.010+0000] {logging_mixin.py:190} INFO - [2024-11-11T06:56:48.009+0000] {dagbag.py:588} INFO - Filling up the DagBag from /home/airflow/.local/lib/python3.12/site-packages/airflow/example_dags/example_display_name.py
[2024-11-11T06:56:48.024+0000] {processor.py:925} INFO - DAG(s) 'example_display_name' retrieved from /home/airflow/.local/lib/python3.12/site-packages/airflow/example_dags/example_display_name.py
[2024-11-11T06:56:48.057+0000] {logging_mixin.py:190} INFO - [2024-11-11T06:56:48.057+0000] {dag.py:3239} INFO - Sync 1 DAGs
[2024-11-11T06:56:48.083+0000] {logging_mixin.py:190} INFO - [2024-11-11T06:56:48.083+0000] {dag.py:4180} INFO - Setting next_dagrun for example_display_name to None, run_after=None
[2024-11-11T06:56:48.123+0000] {processor.py:208} INFO - Processing /home/airflow/.local/lib/python3.12/site-packages/airflow/example_dags/example_display_name.py took 0.130 seconds
[2024-11-11T06:57:18.974+0000] {processor.py:186} INFO - Started process (PID=1165) to work on /home/airflow/.local/lib/python3.12/site-packages/airflow/example_dags/example_display_name.py
[2024-11-11T06:57:18.976+0000] {processor.py:914} INFO - Processing file /home/airflow/.local/lib/python3.12/site-packages/airflow/example_dags/example_display_name.py for tasks to queue
[2024-11-11T06:57:18.981+0000] {logging_mixin.py:190} INFO - [2024-11-11T06:57:18.980+0000] {dagbag.py:588} INFO - Filling up the DagBag from /home/airflow/.local/lib/python3.12/site-packages/airflow/example_dags/example_display_name.py
[2024-11-11T06:57:18.991+0000] {processor.py:925} INFO - DAG(s) 'example_display_name' retrieved from /home/airflow/.local/lib/python3.12/site-packages/airflow/example_dags/example_display_name.py
[2024-11-11T06:57:19.023+0000] {logging_mixin.py:190} INFO - [2024-11-11T06:57:19.023+0000] {dag.py:3239} INFO - Sync 1 DAGs
[2024-11-11T06:57:19.042+0000] {logging_mixin.py:190} INFO - [2024-11-11T06:57:19.042+0000] {dag.py:4180} INFO - Setting next_dagrun for example_display_name to None, run_after=None
[2024-11-11T06:57:19.077+0000] {processor.py:208} INFO - Processing /home/airflow/.local/lib/python3.12/site-packages/airflow/example_dags/example_display_name.py took 0.111 seconds
[2024-11-11T06:57:49.376+0000] {processor.py:186} INFO - Started process (PID=1228) to work on /home/airflow/.local/lib/python3.12/site-packages/airflow/example_dags/example_display_name.py
[2024-11-11T06:57:49.378+0000] {processor.py:914} INFO - Processing file /home/airflow/.local/lib/python3.12/site-packages/airflow/example_dags/example_display_name.py for tasks to queue
[2024-11-11T06:57:49.383+0000] {logging_mixin.py:190} INFO - [2024-11-11T06:57:49.382+0000] {dagbag.py:588} INFO - Filling up the DagBag from /home/airflow/.local/lib/python3.12/site-packages/airflow/example_dags/example_display_name.py
[2024-11-11T06:57:49.396+0000] {processor.py:925} INFO - DAG(s) 'example_display_name' retrieved from /home/airflow/.local/lib/python3.12/site-packages/airflow/example_dags/example_display_name.py
[2024-11-11T06:57:49.433+0000] {logging_mixin.py:190} INFO - [2024-11-11T06:57:49.433+0000] {dag.py:3239} INFO - Sync 1 DAGs
[2024-11-11T06:57:49.458+0000] {logging_mixin.py:190} INFO - [2024-11-11T06:57:49.457+0000] {dag.py:4180} INFO - Setting next_dagrun for example_display_name to None, run_after=None
[2024-11-11T06:57:49.496+0000] {processor.py:208} INFO - Processing /home/airflow/.local/lib/python3.12/site-packages/airflow/example_dags/example_display_name.py took 0.129 seconds
[2024-11-11T06:58:20.067+0000] {processor.py:186} INFO - Started process (PID=1292) to work on /home/airflow/.local/lib/python3.12/site-packages/airflow/example_dags/example_display_name.py
[2024-11-11T06:58:20.069+0000] {processor.py:914} INFO - Processing file /home/airflow/.local/lib/python3.12/site-packages/airflow/example_dags/example_display_name.py for tasks to queue
[2024-11-11T06:58:20.073+0000] {logging_mixin.py:190} INFO - [2024-11-11T06:58:20.073+0000] {dagbag.py:588} INFO - Filling up the DagBag from /home/airflow/.local/lib/python3.12/site-packages/airflow/example_dags/example_display_name.py
[2024-11-11T06:58:20.085+0000] {processor.py:925} INFO - DAG(s) 'example_display_name' retrieved from /home/airflow/.local/lib/python3.12/site-packages/airflow/example_dags/example_display_name.py
[2024-11-11T06:58:20.119+0000] {logging_mixin.py:190} INFO - [2024-11-11T06:58:20.119+0000] {dag.py:3239} INFO - Sync 1 DAGs
[2024-11-11T06:58:20.136+0000] {logging_mixin.py:190} INFO - [2024-11-11T06:58:20.136+0000] {dag.py:4180} INFO - Setting next_dagrun for example_display_name to None, run_after=None
[2024-11-11T06:58:20.166+0000] {processor.py:208} INFO - Processing /home/airflow/.local/lib/python3.12/site-packages/airflow/example_dags/example_display_name.py took 0.110 seconds
[2024-11-11T06:58:51.428+0000] {processor.py:186} INFO - Started process (PID=1356) to work on /home/airflow/.local/lib/python3.12/site-packages/airflow/example_dags/example_display_name.py
[2024-11-11T06:58:51.434+0000] {processor.py:914} INFO - Processing file /home/airflow/.local/lib/python3.12/site-packages/airflow/example_dags/example_display_name.py for tasks to queue
[2024-11-11T06:58:51.443+0000] {logging_mixin.py:190} INFO - [2024-11-11T06:58:51.442+0000] {dagbag.py:588} INFO - Filling up the DagBag from /home/airflow/.local/lib/python3.12/site-packages/airflow/example_dags/example_display_name.py
[2024-11-11T06:58:51.471+0000] {processor.py:925} INFO - DAG(s) 'example_display_name' retrieved from /home/airflow/.local/lib/python3.12/site-packages/airflow/example_dags/example_display_name.py
[2024-11-11T06:58:51.537+0000] {logging_mixin.py:190} INFO - [2024-11-11T06:58:51.536+0000] {dag.py:3239} INFO - Sync 1 DAGs
[2024-11-11T06:58:51.587+0000] {logging_mixin.py:190} INFO - [2024-11-11T06:58:51.587+0000] {dag.py:4180} INFO - Setting next_dagrun for example_display_name to None, run_after=None
[2024-11-11T06:58:51.651+0000] {processor.py:208} INFO - Processing /home/airflow/.local/lib/python3.12/site-packages/airflow/example_dags/example_display_name.py took 0.240 seconds
[2024-11-11T06:59:21.850+0000] {processor.py:186} INFO - Started process (PID=1420) to work on /home/airflow/.local/lib/python3.12/site-packages/airflow/example_dags/example_display_name.py
[2024-11-11T06:59:21.854+0000] {processor.py:914} INFO - Processing file /home/airflow/.local/lib/python3.12/site-packages/airflow/example_dags/example_display_name.py for tasks to queue
[2024-11-11T06:59:21.861+0000] {logging_mixin.py:190} INFO - [2024-11-11T06:59:21.860+0000] {dagbag.py:588} INFO - Filling up the DagBag from /home/airflow/.local/lib/python3.12/site-packages/airflow/example_dags/example_display_name.py
[2024-11-11T06:59:21.881+0000] {processor.py:925} INFO - DAG(s) 'example_display_name' retrieved from /home/airflow/.local/lib/python3.12/site-packages/airflow/example_dags/example_display_name.py
[2024-11-11T06:59:21.930+0000] {logging_mixin.py:190} INFO - [2024-11-11T06:59:21.930+0000] {dag.py:3239} INFO - Sync 1 DAGs
[2024-11-11T06:59:21.961+0000] {logging_mixin.py:190} INFO - [2024-11-11T06:59:21.960+0000] {dag.py:4180} INFO - Setting next_dagrun for example_display_name to None, run_after=None
[2024-11-11T06:59:22.006+0000] {processor.py:208} INFO - Processing /home/airflow/.local/lib/python3.12/site-packages/airflow/example_dags/example_display_name.py took 0.172 seconds
[2024-11-11T06:59:52.071+0000] {processor.py:186} INFO - Started process (PID=1484) to work on /home/airflow/.local/lib/python3.12/site-packages/airflow/example_dags/example_display_name.py
[2024-11-11T06:59:52.073+0000] {processor.py:914} INFO - Processing file /home/airflow/.local/lib/python3.12/site-packages/airflow/example_dags/example_display_name.py for tasks to queue
[2024-11-11T06:59:52.077+0000] {logging_mixin.py:190} INFO - [2024-11-11T06:59:52.077+0000] {dagbag.py:588} INFO - Filling up the DagBag from /home/airflow/.local/lib/python3.12/site-packages/airflow/example_dags/example_display_name.py
[2024-11-11T06:59:52.090+0000] {processor.py:925} INFO - DAG(s) 'example_display_name' retrieved from /home/airflow/.local/lib/python3.12/site-packages/airflow/example_dags/example_display_name.py
[2024-11-11T06:59:52.125+0000] {logging_mixin.py:190} INFO - [2024-11-11T06:59:52.125+0000] {dag.py:3239} INFO - Sync 1 DAGs
[2024-11-11T06:59:52.145+0000] {logging_mixin.py:190} INFO - [2024-11-11T06:59:52.144+0000] {dag.py:4180} INFO - Setting next_dagrun for example_display_name to None, run_after=None
[2024-11-11T06:59:52.176+0000] {processor.py:208} INFO - Processing /home/airflow/.local/lib/python3.12/site-packages/airflow/example_dags/example_display_name.py took 0.116 seconds
[2024-11-11T07:00:22.970+0000] {processor.py:186} INFO - Started process (PID=1554) to work on /home/airflow/.local/lib/python3.12/site-packages/airflow/example_dags/example_display_name.py
[2024-11-11T07:00:22.973+0000] {processor.py:914} INFO - Processing file /home/airflow/.local/lib/python3.12/site-packages/airflow/example_dags/example_display_name.py for tasks to queue
[2024-11-11T07:00:22.981+0000] {logging_mixin.py:190} INFO - [2024-11-11T07:00:22.979+0000] {dagbag.py:588} INFO - Filling up the DagBag from /home/airflow/.local/lib/python3.12/site-packages/airflow/example_dags/example_display_name.py
[2024-11-11T07:00:23.006+0000] {processor.py:925} INFO - DAG(s) 'example_display_name' retrieved from /home/airflow/.local/lib/python3.12/site-packages/airflow/example_dags/example_display_name.py
[2024-11-11T07:00:23.069+0000] {logging_mixin.py:190} INFO - [2024-11-11T07:00:23.069+0000] {dag.py:3239} INFO - Sync 1 DAGs
[2024-11-11T07:00:23.105+0000] {logging_mixin.py:190} INFO - [2024-11-11T07:00:23.104+0000] {dag.py:4180} INFO - Setting next_dagrun for example_display_name to None, run_after=None
[2024-11-11T07:00:23.149+0000] {processor.py:208} INFO - Processing /home/airflow/.local/lib/python3.12/site-packages/airflow/example_dags/example_display_name.py took 0.194 seconds
[2024-11-11T07:00:53.532+0000] {processor.py:186} INFO - Started process (PID=1618) to work on /home/airflow/.local/lib/python3.12/site-packages/airflow/example_dags/example_display_name.py
[2024-11-11T07:00:53.535+0000] {processor.py:914} INFO - Processing file /home/airflow/.local/lib/python3.12/site-packages/airflow/example_dags/example_display_name.py for tasks to queue
[2024-11-11T07:00:53.539+0000] {logging_mixin.py:190} INFO - [2024-11-11T07:00:53.539+0000] {dagbag.py:588} INFO - Filling up the DagBag from /home/airflow/.local/lib/python3.12/site-packages/airflow/example_dags/example_display_name.py
[2024-11-11T07:00:53.555+0000] {processor.py:925} INFO - DAG(s) 'example_display_name' retrieved from /home/airflow/.local/lib/python3.12/site-packages/airflow/example_dags/example_display_name.py
[2024-11-11T07:00:53.582+0000] {logging_mixin.py:190} INFO - [2024-11-11T07:00:53.582+0000] {dag.py:3239} INFO - Sync 1 DAGs
[2024-11-11T07:00:53.602+0000] {logging_mixin.py:190} INFO - [2024-11-11T07:00:53.602+0000] {dag.py:4180} INFO - Setting next_dagrun for example_display_name to None, run_after=None
[2024-11-11T07:00:53.630+0000] {processor.py:208} INFO - Processing /home/airflow/.local/lib/python3.12/site-packages/airflow/example_dags/example_display_name.py took 0.105 seconds
[2024-11-11T07:01:24.033+0000] {processor.py:186} INFO - Started process (PID=1682) to work on /home/airflow/.local/lib/python3.12/site-packages/airflow/example_dags/example_display_name.py
[2024-11-11T07:01:24.035+0000] {processor.py:914} INFO - Processing file /home/airflow/.local/lib/python3.12/site-packages/airflow/example_dags/example_display_name.py for tasks to queue
[2024-11-11T07:01:24.041+0000] {logging_mixin.py:190} INFO - [2024-11-11T07:01:24.040+0000] {dagbag.py:588} INFO - Filling up the DagBag from /home/airflow/.local/lib/python3.12/site-packages/airflow/example_dags/example_display_name.py
[2024-11-11T07:01:24.055+0000] {processor.py:925} INFO - DAG(s) 'example_display_name' retrieved from /home/airflow/.local/lib/python3.12/site-packages/airflow/example_dags/example_display_name.py
[2024-11-11T07:01:24.097+0000] {logging_mixin.py:190} INFO - [2024-11-11T07:01:24.097+0000] {dag.py:3239} INFO - Sync 1 DAGs
[2024-11-11T07:01:24.135+0000] {logging_mixin.py:190} INFO - [2024-11-11T07:01:24.135+0000] {dag.py:4180} INFO - Setting next_dagrun for example_display_name to None, run_after=None
[2024-11-11T07:01:24.177+0000] {processor.py:208} INFO - Processing /home/airflow/.local/lib/python3.12/site-packages/airflow/example_dags/example_display_name.py took 0.155 seconds
[2024-11-11T07:01:54.266+0000] {processor.py:186} INFO - Started process (PID=1746) to work on /home/airflow/.local/lib/python3.12/site-packages/airflow/example_dags/example_display_name.py
[2024-11-11T07:01:54.267+0000] {processor.py:914} INFO - Processing file /home/airflow/.local/lib/python3.12/site-packages/airflow/example_dags/example_display_name.py for tasks to queue
[2024-11-11T07:01:54.271+0000] {logging_mixin.py:190} INFO - [2024-11-11T07:01:54.270+0000] {dagbag.py:588} INFO - Filling up the DagBag from /home/airflow/.local/lib/python3.12/site-packages/airflow/example_dags/example_display_name.py
[2024-11-11T07:01:54.285+0000] {processor.py:925} INFO - DAG(s) 'example_display_name' retrieved from /home/airflow/.local/lib/python3.12/site-packages/airflow/example_dags/example_display_name.py
[2024-11-11T07:01:54.332+0000] {logging_mixin.py:190} INFO - [2024-11-11T07:01:54.331+0000] {dag.py:3239} INFO - Sync 1 DAGs
[2024-11-11T07:01:54.363+0000] {logging_mixin.py:190} INFO - [2024-11-11T07:01:54.363+0000] {dag.py:4180} INFO - Setting next_dagrun for example_display_name to None, run_after=None
[2024-11-11T07:01:54.407+0000] {processor.py:208} INFO - Processing /home/airflow/.local/lib/python3.12/site-packages/airflow/example_dags/example_display_name.py took 0.151 seconds
[2024-11-11T07:02:25.139+0000] {processor.py:186} INFO - Started process (PID=1810) to work on /home/airflow/.local/lib/python3.12/site-packages/airflow/example_dags/example_display_name.py
[2024-11-11T07:02:25.141+0000] {processor.py:914} INFO - Processing file /home/airflow/.local/lib/python3.12/site-packages/airflow/example_dags/example_display_name.py for tasks to queue
[2024-11-11T07:02:25.145+0000] {logging_mixin.py:190} INFO - [2024-11-11T07:02:25.144+0000] {dagbag.py:588} INFO - Filling up the DagBag from /home/airflow/.local/lib/python3.12/site-packages/airflow/example_dags/example_display_name.py
[2024-11-11T07:02:25.157+0000] {processor.py:925} INFO - DAG(s) 'example_display_name' retrieved from /home/airflow/.local/lib/python3.12/site-packages/airflow/example_dags/example_display_name.py
[2024-11-11T07:02:25.183+0000] {logging_mixin.py:190} INFO - [2024-11-11T07:02:25.183+0000] {dag.py:3239} INFO - Sync 1 DAGs
[2024-11-11T07:02:25.206+0000] {logging_mixin.py:190} INFO - [2024-11-11T07:02:25.206+0000] {dag.py:4180} INFO - Setting next_dagrun for example_display_name to None, run_after=None
[2024-11-11T07:02:25.232+0000] {processor.py:208} INFO - Processing /home/airflow/.local/lib/python3.12/site-packages/airflow/example_dags/example_display_name.py took 0.100 seconds
[2024-11-11T07:02:55.407+0000] {processor.py:186} INFO - Started process (PID=1874) to work on /home/airflow/.local/lib/python3.12/site-packages/airflow/example_dags/example_display_name.py
[2024-11-11T07:02:55.409+0000] {processor.py:914} INFO - Processing file /home/airflow/.local/lib/python3.12/site-packages/airflow/example_dags/example_display_name.py for tasks to queue
[2024-11-11T07:02:55.412+0000] {logging_mixin.py:190} INFO - [2024-11-11T07:02:55.412+0000] {dagbag.py:588} INFO - Filling up the DagBag from /home/airflow/.local/lib/python3.12/site-packages/airflow/example_dags/example_display_name.py
[2024-11-11T07:02:55.422+0000] {processor.py:925} INFO - DAG(s) 'example_display_name' retrieved from /home/airflow/.local/lib/python3.12/site-packages/airflow/example_dags/example_display_name.py
[2024-11-11T07:02:55.450+0000] {logging_mixin.py:190} INFO - [2024-11-11T07:02:55.450+0000] {dag.py:3239} INFO - Sync 1 DAGs
[2024-11-11T07:02:55.467+0000] {logging_mixin.py:190} INFO - [2024-11-11T07:02:55.467+0000] {dag.py:4180} INFO - Setting next_dagrun for example_display_name to None, run_after=None
[2024-11-11T07:02:55.492+0000] {processor.py:208} INFO - Processing /home/airflow/.local/lib/python3.12/site-packages/airflow/example_dags/example_display_name.py took 0.092 seconds
[2024-11-11T07:03:26.238+0000] {processor.py:186} INFO - Started process (PID=1938) to work on /home/airflow/.local/lib/python3.12/site-packages/airflow/example_dags/example_display_name.py
[2024-11-11T07:03:26.241+0000] {processor.py:914} INFO - Processing file /home/airflow/.local/lib/python3.12/site-packages/airflow/example_dags/example_display_name.py for tasks to queue
[2024-11-11T07:03:26.246+0000] {logging_mixin.py:190} INFO - [2024-11-11T07:03:26.246+0000] {dagbag.py:588} INFO - Filling up the DagBag from /home/airflow/.local/lib/python3.12/site-packages/airflow/example_dags/example_display_name.py
[2024-11-11T07:03:26.259+0000] {processor.py:925} INFO - DAG(s) 'example_display_name' retrieved from /home/airflow/.local/lib/python3.12/site-packages/airflow/example_dags/example_display_name.py
[2024-11-11T07:03:26.288+0000] {logging_mixin.py:190} INFO - [2024-11-11T07:03:26.288+0000] {dag.py:3239} INFO - Sync 1 DAGs
[2024-11-11T07:03:26.313+0000] {logging_mixin.py:190} INFO - [2024-11-11T07:03:26.312+0000] {dag.py:4180} INFO - Setting next_dagrun for example_display_name to None, run_after=None
[2024-11-11T07:03:26.358+0000] {processor.py:208} INFO - Processing /home/airflow/.local/lib/python3.12/site-packages/airflow/example_dags/example_display_name.py took 0.130 seconds
