[2024-11-11T06:48:18.992+0000] {processor.py:186} INFO - Started process (PID=48) to work on /home/airflow/.local/lib/python3.12/site-packages/airflow/example_dags/example_sensors.py
[2024-11-11T06:48:18.999+0000] {processor.py:914} INFO - Processing file /home/airflow/.local/lib/python3.12/site-packages/airflow/example_dags/example_sensors.py for tasks to queue
[2024-11-11T06:48:19.024+0000] {logging_mixin.py:190} INFO - [2024-11-11T06:48:19.022+0000] {dagbag.py:588} INFO - Filling up the DagBag from /home/airflow/.local/lib/python3.12/site-packages/airflow/example_dags/example_sensors.py
[2024-11-11T06:48:19.133+0000] {processor.py:925} INFO - DAG(s) 'example_sensors' retrieved from /home/airflow/.local/lib/python3.12/site-packages/airflow/example_dags/example_sensors.py
[2024-11-11T06:48:19.760+0000] {logging_mixin.py:190} INFO - [2024-11-11T06:48:19.757+0000] {override.py:1911} INFO - Created Permission View: can read on DAG:example_sensors
[2024-11-11T06:48:19.812+0000] {logging_mixin.py:190} INFO - [2024-11-11T06:48:19.811+0000] {override.py:1911} INFO - Created Permission View: can delete on DAG:example_sensors
[2024-11-11T06:48:19.842+0000] {logging_mixin.py:190} INFO - [2024-11-11T06:48:19.841+0000] {override.py:1911} INFO - Created Permission View: can edit on DAG:example_sensors
[2024-11-11T06:48:19.873+0000] {logging_mixin.py:190} INFO - [2024-11-11T06:48:19.873+0000] {override.py:1911} INFO - Created Permission View: menu access on DAG Run:example_sensors
[2024-11-11T06:48:19.895+0000] {logging_mixin.py:190} INFO - [2024-11-11T06:48:19.895+0000] {override.py:1911} INFO - Created Permission View: can read on DAG Run:example_sensors
[2024-11-11T06:48:19.917+0000] {logging_mixin.py:190} INFO - [2024-11-11T06:48:19.916+0000] {override.py:1911} INFO - Created Permission View: can delete on DAG Run:example_sensors
[2024-11-11T06:48:19.939+0000] {logging_mixin.py:190} INFO - [2024-11-11T06:48:19.938+0000] {override.py:1911} INFO - Created Permission View: can create on DAG Run:example_sensors
[2024-11-11T06:48:19.940+0000] {logging_mixin.py:190} INFO - [2024-11-11T06:48:19.940+0000] {dag.py:3239} INFO - Sync 1 DAGs
[2024-11-11T06:48:20.008+0000] {logging_mixin.py:190} INFO - [2024-11-11T06:48:20.008+0000] {dag.py:3262} INFO - Creating ORM DAG for example_sensors
[2024-11-11T06:48:20.013+0000] {logging_mixin.py:190} INFO - [2024-11-11T06:48:20.012+0000] {dag.py:4180} INFO - Setting next_dagrun for example_sensors to None, run_after=None
[2024-11-11T06:48:20.072+0000] {processor.py:208} INFO - Processing /home/airflow/.local/lib/python3.12/site-packages/airflow/example_dags/example_sensors.py took 1.129 seconds
[2024-11-11T06:48:50.921+0000] {processor.py:186} INFO - Started process (PID=112) to work on /home/airflow/.local/lib/python3.12/site-packages/airflow/example_dags/example_sensors.py
[2024-11-11T06:48:50.923+0000] {processor.py:914} INFO - Processing file /home/airflow/.local/lib/python3.12/site-packages/airflow/example_dags/example_sensors.py for tasks to queue
[2024-11-11T06:48:50.931+0000] {logging_mixin.py:190} INFO - [2024-11-11T06:48:50.930+0000] {dagbag.py:588} INFO - Filling up the DagBag from /home/airflow/.local/lib/python3.12/site-packages/airflow/example_dags/example_sensors.py
[2024-11-11T06:48:50.962+0000] {processor.py:925} INFO - DAG(s) 'example_sensors' retrieved from /home/airflow/.local/lib/python3.12/site-packages/airflow/example_dags/example_sensors.py
[2024-11-11T06:48:51.056+0000] {logging_mixin.py:190} INFO - [2024-11-11T06:48:51.056+0000] {dag.py:3239} INFO - Sync 1 DAGs
[2024-11-11T06:48:51.097+0000] {logging_mixin.py:190} INFO - [2024-11-11T06:48:51.096+0000] {dag.py:4180} INFO - Setting next_dagrun for example_sensors to None, run_after=None
[2024-11-11T06:48:51.159+0000] {processor.py:208} INFO - Processing /home/airflow/.local/lib/python3.12/site-packages/airflow/example_dags/example_sensors.py took 0.254 seconds
[2024-11-11T06:49:21.981+0000] {processor.py:186} INFO - Started process (PID=175) to work on /home/airflow/.local/lib/python3.12/site-packages/airflow/example_dags/example_sensors.py
[2024-11-11T06:49:21.985+0000] {processor.py:914} INFO - Processing file /home/airflow/.local/lib/python3.12/site-packages/airflow/example_dags/example_sensors.py for tasks to queue
[2024-11-11T06:49:21.991+0000] {logging_mixin.py:190} INFO - [2024-11-11T06:49:21.990+0000] {dagbag.py:588} INFO - Filling up the DagBag from /home/airflow/.local/lib/python3.12/site-packages/airflow/example_dags/example_sensors.py
[2024-11-11T06:49:22.022+0000] {processor.py:925} INFO - DAG(s) 'example_sensors' retrieved from /home/airflow/.local/lib/python3.12/site-packages/airflow/example_dags/example_sensors.py
[2024-11-11T06:49:22.077+0000] {logging_mixin.py:190} INFO - [2024-11-11T06:49:22.076+0000] {dag.py:3239} INFO - Sync 1 DAGs
[2024-11-11T06:49:22.104+0000] {logging_mixin.py:190} INFO - [2024-11-11T06:49:22.104+0000] {dag.py:4180} INFO - Setting next_dagrun for example_sensors to None, run_after=None
[2024-11-11T06:49:22.159+0000] {processor.py:208} INFO - Processing /home/airflow/.local/lib/python3.12/site-packages/airflow/example_dags/example_sensors.py took 0.199 seconds
[2024-11-11T06:49:52.319+0000] {processor.py:186} INFO - Started process (PID=239) to work on /home/airflow/.local/lib/python3.12/site-packages/airflow/example_dags/example_sensors.py
[2024-11-11T06:49:52.321+0000] {processor.py:914} INFO - Processing file /home/airflow/.local/lib/python3.12/site-packages/airflow/example_dags/example_sensors.py for tasks to queue
[2024-11-11T06:49:52.329+0000] {logging_mixin.py:190} INFO - [2024-11-11T06:49:52.329+0000] {dagbag.py:588} INFO - Filling up the DagBag from /home/airflow/.local/lib/python3.12/site-packages/airflow/example_dags/example_sensors.py
[2024-11-11T06:49:52.352+0000] {processor.py:925} INFO - DAG(s) 'example_sensors' retrieved from /home/airflow/.local/lib/python3.12/site-packages/airflow/example_dags/example_sensors.py
[2024-11-11T06:49:52.395+0000] {logging_mixin.py:190} INFO - [2024-11-11T06:49:52.395+0000] {dag.py:3239} INFO - Sync 1 DAGs
[2024-11-11T06:49:52.430+0000] {logging_mixin.py:190} INFO - [2024-11-11T06:49:52.430+0000] {dag.py:4180} INFO - Setting next_dagrun for example_sensors to None, run_after=None
[2024-11-11T06:49:52.484+0000] {processor.py:208} INFO - Processing /home/airflow/.local/lib/python3.12/site-packages/airflow/example_dags/example_sensors.py took 0.176 seconds
[2024-11-11T06:50:23.208+0000] {processor.py:186} INFO - Started process (PID=303) to work on /home/airflow/.local/lib/python3.12/site-packages/airflow/example_dags/example_sensors.py
[2024-11-11T06:50:23.223+0000] {processor.py:914} INFO - Processing file /home/airflow/.local/lib/python3.12/site-packages/airflow/example_dags/example_sensors.py for tasks to queue
[2024-11-11T06:50:23.323+0000] {logging_mixin.py:190} INFO - [2024-11-11T06:50:23.321+0000] {dagbag.py:588} INFO - Filling up the DagBag from /home/airflow/.local/lib/python3.12/site-packages/airflow/example_dags/example_sensors.py
[2024-11-11T06:50:23.443+0000] {processor.py:925} INFO - DAG(s) 'example_sensors' retrieved from /home/airflow/.local/lib/python3.12/site-packages/airflow/example_dags/example_sensors.py
[2024-11-11T06:50:23.627+0000] {logging_mixin.py:190} INFO - [2024-11-11T06:50:23.625+0000] {dag.py:3239} INFO - Sync 1 DAGs
[2024-11-11T06:50:23.673+0000] {logging_mixin.py:190} INFO - [2024-11-11T06:50:23.672+0000] {dag.py:4180} INFO - Setting next_dagrun for example_sensors to None, run_after=None
[2024-11-11T06:50:23.867+0000] {processor.py:208} INFO - Processing /home/airflow/.local/lib/python3.12/site-packages/airflow/example_dags/example_sensors.py took 0.815 seconds
[2024-11-11T06:50:53.997+0000] {processor.py:186} INFO - Started process (PID=366) to work on /home/airflow/.local/lib/python3.12/site-packages/airflow/example_dags/example_sensors.py
[2024-11-11T06:50:53.998+0000] {processor.py:914} INFO - Processing file /home/airflow/.local/lib/python3.12/site-packages/airflow/example_dags/example_sensors.py for tasks to queue
[2024-11-11T06:50:54.003+0000] {logging_mixin.py:190} INFO - [2024-11-11T06:50:54.003+0000] {dagbag.py:588} INFO - Filling up the DagBag from /home/airflow/.local/lib/python3.12/site-packages/airflow/example_dags/example_sensors.py
[2024-11-11T06:50:54.026+0000] {processor.py:925} INFO - DAG(s) 'example_sensors' retrieved from /home/airflow/.local/lib/python3.12/site-packages/airflow/example_dags/example_sensors.py
[2024-11-11T06:50:54.083+0000] {logging_mixin.py:190} INFO - [2024-11-11T06:50:54.082+0000] {dag.py:3239} INFO - Sync 1 DAGs
[2024-11-11T06:50:54.109+0000] {logging_mixin.py:190} INFO - [2024-11-11T06:50:54.109+0000] {dag.py:4180} INFO - Setting next_dagrun for example_sensors to None, run_after=None
[2024-11-11T06:50:54.156+0000] {processor.py:208} INFO - Processing /home/airflow/.local/lib/python3.12/site-packages/airflow/example_dags/example_sensors.py took 0.173 seconds
[2024-11-11T06:51:25.037+0000] {processor.py:186} INFO - Started process (PID=430) to work on /home/airflow/.local/lib/python3.12/site-packages/airflow/example_dags/example_sensors.py
[2024-11-11T06:51:25.038+0000] {processor.py:914} INFO - Processing file /home/airflow/.local/lib/python3.12/site-packages/airflow/example_dags/example_sensors.py for tasks to queue
[2024-11-11T06:51:25.042+0000] {logging_mixin.py:190} INFO - [2024-11-11T06:51:25.041+0000] {dagbag.py:588} INFO - Filling up the DagBag from /home/airflow/.local/lib/python3.12/site-packages/airflow/example_dags/example_sensors.py
[2024-11-11T06:51:25.066+0000] {processor.py:925} INFO - DAG(s) 'example_sensors' retrieved from /home/airflow/.local/lib/python3.12/site-packages/airflow/example_dags/example_sensors.py
[2024-11-11T06:51:25.116+0000] {logging_mixin.py:190} INFO - [2024-11-11T06:51:25.116+0000] {dag.py:3239} INFO - Sync 1 DAGs
[2024-11-11T06:51:25.144+0000] {logging_mixin.py:190} INFO - [2024-11-11T06:51:25.143+0000] {dag.py:4180} INFO - Setting next_dagrun for example_sensors to None, run_after=None
[2024-11-11T06:51:25.199+0000] {processor.py:208} INFO - Processing /home/airflow/.local/lib/python3.12/site-packages/airflow/example_dags/example_sensors.py took 0.170 seconds
[2024-11-11T06:51:55.397+0000] {processor.py:186} INFO - Started process (PID=494) to work on /home/airflow/.local/lib/python3.12/site-packages/airflow/example_dags/example_sensors.py
[2024-11-11T06:51:55.399+0000] {processor.py:914} INFO - Processing file /home/airflow/.local/lib/python3.12/site-packages/airflow/example_dags/example_sensors.py for tasks to queue
[2024-11-11T06:51:55.403+0000] {logging_mixin.py:190} INFO - [2024-11-11T06:51:55.403+0000] {dagbag.py:588} INFO - Filling up the DagBag from /home/airflow/.local/lib/python3.12/site-packages/airflow/example_dags/example_sensors.py
[2024-11-11T06:51:55.417+0000] {processor.py:925} INFO - DAG(s) 'example_sensors' retrieved from /home/airflow/.local/lib/python3.12/site-packages/airflow/example_dags/example_sensors.py
[2024-11-11T06:51:55.454+0000] {logging_mixin.py:190} INFO - [2024-11-11T06:51:55.453+0000] {dag.py:3239} INFO - Sync 1 DAGs
[2024-11-11T06:51:55.471+0000] {logging_mixin.py:190} INFO - [2024-11-11T06:51:55.471+0000] {dag.py:4180} INFO - Setting next_dagrun for example_sensors to None, run_after=None
[2024-11-11T06:51:55.499+0000] {processor.py:208} INFO - Processing /home/airflow/.local/lib/python3.12/site-packages/airflow/example_dags/example_sensors.py took 0.111 seconds
[2024-11-11T06:52:25.583+0000] {processor.py:186} INFO - Started process (PID=558) to work on /home/airflow/.local/lib/python3.12/site-packages/airflow/example_dags/example_sensors.py
[2024-11-11T06:52:25.586+0000] {processor.py:914} INFO - Processing file /home/airflow/.local/lib/python3.12/site-packages/airflow/example_dags/example_sensors.py for tasks to queue
[2024-11-11T06:52:25.591+0000] {logging_mixin.py:190} INFO - [2024-11-11T06:52:25.590+0000] {dagbag.py:588} INFO - Filling up the DagBag from /home/airflow/.local/lib/python3.12/site-packages/airflow/example_dags/example_sensors.py
[2024-11-11T06:52:25.608+0000] {processor.py:925} INFO - DAG(s) 'example_sensors' retrieved from /home/airflow/.local/lib/python3.12/site-packages/airflow/example_dags/example_sensors.py
[2024-11-11T06:52:25.642+0000] {logging_mixin.py:190} INFO - [2024-11-11T06:52:25.641+0000] {dag.py:3239} INFO - Sync 1 DAGs
[2024-11-11T06:52:25.661+0000] {logging_mixin.py:190} INFO - [2024-11-11T06:52:25.660+0000] {dag.py:4180} INFO - Setting next_dagrun for example_sensors to None, run_after=None
[2024-11-11T06:52:25.687+0000] {processor.py:208} INFO - Processing /home/airflow/.local/lib/python3.12/site-packages/airflow/example_dags/example_sensors.py took 0.116 seconds
[2024-11-11T06:52:55.854+0000] {processor.py:186} INFO - Started process (PID=622) to work on /home/airflow/.local/lib/python3.12/site-packages/airflow/example_dags/example_sensors.py
[2024-11-11T06:52:55.855+0000] {processor.py:914} INFO - Processing file /home/airflow/.local/lib/python3.12/site-packages/airflow/example_dags/example_sensors.py for tasks to queue
[2024-11-11T06:52:55.861+0000] {logging_mixin.py:190} INFO - [2024-11-11T06:52:55.860+0000] {dagbag.py:588} INFO - Filling up the DagBag from /home/airflow/.local/lib/python3.12/site-packages/airflow/example_dags/example_sensors.py
[2024-11-11T06:52:55.882+0000] {processor.py:925} INFO - DAG(s) 'example_sensors' retrieved from /home/airflow/.local/lib/python3.12/site-packages/airflow/example_dags/example_sensors.py
[2024-11-11T06:52:55.928+0000] {logging_mixin.py:190} INFO - [2024-11-11T06:52:55.927+0000] {dag.py:3239} INFO - Sync 1 DAGs
[2024-11-11T06:52:55.974+0000] {logging_mixin.py:190} INFO - [2024-11-11T06:52:55.973+0000] {dag.py:4180} INFO - Setting next_dagrun for example_sensors to None, run_after=None
[2024-11-11T06:52:56.031+0000] {processor.py:208} INFO - Processing /home/airflow/.local/lib/python3.12/site-packages/airflow/example_dags/example_sensors.py took 0.185 seconds
[2024-11-11T06:53:26.149+0000] {processor.py:186} INFO - Started process (PID=685) to work on /home/airflow/.local/lib/python3.12/site-packages/airflow/example_dags/example_sensors.py
[2024-11-11T06:53:26.152+0000] {processor.py:914} INFO - Processing file /home/airflow/.local/lib/python3.12/site-packages/airflow/example_dags/example_sensors.py for tasks to queue
[2024-11-11T06:53:26.158+0000] {logging_mixin.py:190} INFO - [2024-11-11T06:53:26.157+0000] {dagbag.py:588} INFO - Filling up the DagBag from /home/airflow/.local/lib/python3.12/site-packages/airflow/example_dags/example_sensors.py
[2024-11-11T06:53:26.203+0000] {processor.py:925} INFO - DAG(s) 'example_sensors' retrieved from /home/airflow/.local/lib/python3.12/site-packages/airflow/example_dags/example_sensors.py
[2024-11-11T06:53:26.286+0000] {logging_mixin.py:190} INFO - [2024-11-11T06:53:26.285+0000] {dag.py:3239} INFO - Sync 1 DAGs
[2024-11-11T06:53:26.328+0000] {logging_mixin.py:190} INFO - [2024-11-11T06:53:26.327+0000] {dag.py:4180} INFO - Setting next_dagrun for example_sensors to None, run_after=None
[2024-11-11T06:53:26.368+0000] {processor.py:208} INFO - Processing /home/airflow/.local/lib/python3.12/site-packages/airflow/example_dags/example_sensors.py took 0.230 seconds
[2024-11-11T06:53:56.627+0000] {processor.py:186} INFO - Started process (PID=749) to work on /home/airflow/.local/lib/python3.12/site-packages/airflow/example_dags/example_sensors.py
[2024-11-11T06:53:56.629+0000] {processor.py:914} INFO - Processing file /home/airflow/.local/lib/python3.12/site-packages/airflow/example_dags/example_sensors.py for tasks to queue
[2024-11-11T06:53:56.636+0000] {logging_mixin.py:190} INFO - [2024-11-11T06:53:56.634+0000] {dagbag.py:588} INFO - Filling up the DagBag from /home/airflow/.local/lib/python3.12/site-packages/airflow/example_dags/example_sensors.py
[2024-11-11T06:53:56.660+0000] {processor.py:925} INFO - DAG(s) 'example_sensors' retrieved from /home/airflow/.local/lib/python3.12/site-packages/airflow/example_dags/example_sensors.py
[2024-11-11T06:53:56.710+0000] {logging_mixin.py:190} INFO - [2024-11-11T06:53:56.710+0000] {dag.py:3239} INFO - Sync 1 DAGs
[2024-11-11T06:53:56.733+0000] {logging_mixin.py:190} INFO - [2024-11-11T06:53:56.733+0000] {dag.py:4180} INFO - Setting next_dagrun for example_sensors to None, run_after=None
[2024-11-11T06:53:56.768+0000] {processor.py:208} INFO - Processing /home/airflow/.local/lib/python3.12/site-packages/airflow/example_dags/example_sensors.py took 0.153 seconds
[2024-11-11T06:54:27.218+0000] {processor.py:186} INFO - Started process (PID=813) to work on /home/airflow/.local/lib/python3.12/site-packages/airflow/example_dags/example_sensors.py
[2024-11-11T06:54:27.220+0000] {processor.py:914} INFO - Processing file /home/airflow/.local/lib/python3.12/site-packages/airflow/example_dags/example_sensors.py for tasks to queue
[2024-11-11T06:54:27.227+0000] {logging_mixin.py:190} INFO - [2024-11-11T06:54:27.226+0000] {dagbag.py:588} INFO - Filling up the DagBag from /home/airflow/.local/lib/python3.12/site-packages/airflow/example_dags/example_sensors.py
[2024-11-11T06:54:27.251+0000] {processor.py:925} INFO - DAG(s) 'example_sensors' retrieved from /home/airflow/.local/lib/python3.12/site-packages/airflow/example_dags/example_sensors.py
[2024-11-11T06:54:27.303+0000] {logging_mixin.py:190} INFO - [2024-11-11T06:54:27.302+0000] {dag.py:3239} INFO - Sync 1 DAGs
[2024-11-11T06:54:27.339+0000] {logging_mixin.py:190} INFO - [2024-11-11T06:54:27.339+0000] {dag.py:4180} INFO - Setting next_dagrun for example_sensors to None, run_after=None
[2024-11-11T06:54:27.386+0000] {processor.py:208} INFO - Processing /home/airflow/.local/lib/python3.12/site-packages/airflow/example_dags/example_sensors.py took 0.183 seconds
[2024-11-11T06:54:58.264+0000] {processor.py:186} INFO - Started process (PID=877) to work on /home/airflow/.local/lib/python3.12/site-packages/airflow/example_dags/example_sensors.py
[2024-11-11T06:54:58.266+0000] {processor.py:914} INFO - Processing file /home/airflow/.local/lib/python3.12/site-packages/airflow/example_dags/example_sensors.py for tasks to queue
[2024-11-11T06:54:58.269+0000] {logging_mixin.py:190} INFO - [2024-11-11T06:54:58.269+0000] {dagbag.py:588} INFO - Filling up the DagBag from /home/airflow/.local/lib/python3.12/site-packages/airflow/example_dags/example_sensors.py
[2024-11-11T06:54:58.285+0000] {processor.py:925} INFO - DAG(s) 'example_sensors' retrieved from /home/airflow/.local/lib/python3.12/site-packages/airflow/example_dags/example_sensors.py
[2024-11-11T06:54:58.326+0000] {logging_mixin.py:190} INFO - [2024-11-11T06:54:58.325+0000] {dag.py:3239} INFO - Sync 1 DAGs
[2024-11-11T06:54:58.347+0000] {logging_mixin.py:190} INFO - [2024-11-11T06:54:58.346+0000] {dag.py:4180} INFO - Setting next_dagrun for example_sensors to None, run_after=None
[2024-11-11T06:54:58.376+0000] {processor.py:208} INFO - Processing /home/airflow/.local/lib/python3.12/site-packages/airflow/example_dags/example_sensors.py took 0.121 seconds
[2024-11-11T06:55:28.731+0000] {processor.py:186} INFO - Started process (PID=941) to work on /home/airflow/.local/lib/python3.12/site-packages/airflow/example_dags/example_sensors.py
[2024-11-11T06:55:28.733+0000] {processor.py:914} INFO - Processing file /home/airflow/.local/lib/python3.12/site-packages/airflow/example_dags/example_sensors.py for tasks to queue
[2024-11-11T06:55:28.739+0000] {logging_mixin.py:190} INFO - [2024-11-11T06:55:28.738+0000] {dagbag.py:588} INFO - Filling up the DagBag from /home/airflow/.local/lib/python3.12/site-packages/airflow/example_dags/example_sensors.py
[2024-11-11T06:55:28.756+0000] {processor.py:925} INFO - DAG(s) 'example_sensors' retrieved from /home/airflow/.local/lib/python3.12/site-packages/airflow/example_dags/example_sensors.py
[2024-11-11T06:55:28.804+0000] {logging_mixin.py:190} INFO - [2024-11-11T06:55:28.804+0000] {dag.py:3239} INFO - Sync 1 DAGs
[2024-11-11T06:55:28.822+0000] {logging_mixin.py:190} INFO - [2024-11-11T06:55:28.822+0000] {dag.py:4180} INFO - Setting next_dagrun for example_sensors to None, run_after=None
[2024-11-11T06:55:28.847+0000] {processor.py:208} INFO - Processing /home/airflow/.local/lib/python3.12/site-packages/airflow/example_dags/example_sensors.py took 0.124 seconds
[2024-11-11T06:55:59.099+0000] {processor.py:186} INFO - Started process (PID=1005) to work on /home/airflow/.local/lib/python3.12/site-packages/airflow/example_dags/example_sensors.py
[2024-11-11T06:55:59.102+0000] {processor.py:914} INFO - Processing file /home/airflow/.local/lib/python3.12/site-packages/airflow/example_dags/example_sensors.py for tasks to queue
[2024-11-11T06:55:59.109+0000] {logging_mixin.py:190} INFO - [2024-11-11T06:55:59.109+0000] {dagbag.py:588} INFO - Filling up the DagBag from /home/airflow/.local/lib/python3.12/site-packages/airflow/example_dags/example_sensors.py
[2024-11-11T06:55:59.132+0000] {processor.py:925} INFO - DAG(s) 'example_sensors' retrieved from /home/airflow/.local/lib/python3.12/site-packages/airflow/example_dags/example_sensors.py
[2024-11-11T06:55:59.188+0000] {logging_mixin.py:190} INFO - [2024-11-11T06:55:59.188+0000] {dag.py:3239} INFO - Sync 1 DAGs
[2024-11-11T06:55:59.222+0000] {logging_mixin.py:190} INFO - [2024-11-11T06:55:59.221+0000] {dag.py:4180} INFO - Setting next_dagrun for example_sensors to None, run_after=None
[2024-11-11T06:55:59.300+0000] {processor.py:208} INFO - Processing /home/airflow/.local/lib/python3.12/site-packages/airflow/example_dags/example_sensors.py took 0.213 seconds
[2024-11-11T06:56:29.841+0000] {processor.py:186} INFO - Started process (PID=1069) to work on /home/airflow/.local/lib/python3.12/site-packages/airflow/example_dags/example_sensors.py
[2024-11-11T06:56:29.843+0000] {processor.py:914} INFO - Processing file /home/airflow/.local/lib/python3.12/site-packages/airflow/example_dags/example_sensors.py for tasks to queue
[2024-11-11T06:56:29.847+0000] {logging_mixin.py:190} INFO - [2024-11-11T06:56:29.847+0000] {dagbag.py:588} INFO - Filling up the DagBag from /home/airflow/.local/lib/python3.12/site-packages/airflow/example_dags/example_sensors.py
[2024-11-11T06:56:29.862+0000] {processor.py:925} INFO - DAG(s) 'example_sensors' retrieved from /home/airflow/.local/lib/python3.12/site-packages/airflow/example_dags/example_sensors.py
[2024-11-11T06:56:29.899+0000] {logging_mixin.py:190} INFO - [2024-11-11T06:56:29.899+0000] {dag.py:3239} INFO - Sync 1 DAGs
[2024-11-11T06:56:29.923+0000] {logging_mixin.py:190} INFO - [2024-11-11T06:56:29.922+0000] {dag.py:4180} INFO - Setting next_dagrun for example_sensors to None, run_after=None
[2024-11-11T06:56:29.954+0000] {processor.py:208} INFO - Processing /home/airflow/.local/lib/python3.12/site-packages/airflow/example_dags/example_sensors.py took 0.122 seconds
[2024-11-11T06:57:00.419+0000] {processor.py:186} INFO - Started process (PID=1133) to work on /home/airflow/.local/lib/python3.12/site-packages/airflow/example_dags/example_sensors.py
[2024-11-11T06:57:00.421+0000] {processor.py:914} INFO - Processing file /home/airflow/.local/lib/python3.12/site-packages/airflow/example_dags/example_sensors.py for tasks to queue
[2024-11-11T06:57:00.424+0000] {logging_mixin.py:190} INFO - [2024-11-11T06:57:00.423+0000] {dagbag.py:588} INFO - Filling up the DagBag from /home/airflow/.local/lib/python3.12/site-packages/airflow/example_dags/example_sensors.py
[2024-11-11T06:57:00.439+0000] {processor.py:925} INFO - DAG(s) 'example_sensors' retrieved from /home/airflow/.local/lib/python3.12/site-packages/airflow/example_dags/example_sensors.py
[2024-11-11T06:57:00.474+0000] {logging_mixin.py:190} INFO - [2024-11-11T06:57:00.474+0000] {dag.py:3239} INFO - Sync 1 DAGs
[2024-11-11T06:57:00.492+0000] {logging_mixin.py:190} INFO - [2024-11-11T06:57:00.491+0000] {dag.py:4180} INFO - Setting next_dagrun for example_sensors to None, run_after=None
[2024-11-11T06:57:00.517+0000] {processor.py:208} INFO - Processing /home/airflow/.local/lib/python3.12/site-packages/airflow/example_dags/example_sensors.py took 0.105 seconds
[2024-11-11T06:57:30.861+0000] {processor.py:186} INFO - Started process (PID=1197) to work on /home/airflow/.local/lib/python3.12/site-packages/airflow/example_dags/example_sensors.py
[2024-11-11T06:57:30.863+0000] {processor.py:914} INFO - Processing file /home/airflow/.local/lib/python3.12/site-packages/airflow/example_dags/example_sensors.py for tasks to queue
[2024-11-11T06:57:30.869+0000] {logging_mixin.py:190} INFO - [2024-11-11T06:57:30.868+0000] {dagbag.py:588} INFO - Filling up the DagBag from /home/airflow/.local/lib/python3.12/site-packages/airflow/example_dags/example_sensors.py
[2024-11-11T06:57:30.889+0000] {processor.py:925} INFO - DAG(s) 'example_sensors' retrieved from /home/airflow/.local/lib/python3.12/site-packages/airflow/example_dags/example_sensors.py
[2024-11-11T06:57:30.923+0000] {logging_mixin.py:190} INFO - [2024-11-11T06:57:30.922+0000] {dag.py:3239} INFO - Sync 1 DAGs
[2024-11-11T06:57:30.939+0000] {logging_mixin.py:190} INFO - [2024-11-11T06:57:30.939+0000] {dag.py:4180} INFO - Setting next_dagrun for example_sensors to None, run_after=None
[2024-11-11T06:57:30.970+0000] {processor.py:208} INFO - Processing /home/airflow/.local/lib/python3.12/site-packages/airflow/example_dags/example_sensors.py took 0.120 seconds
[2024-11-11T06:58:01.561+0000] {processor.py:186} INFO - Started process (PID=1260) to work on /home/airflow/.local/lib/python3.12/site-packages/airflow/example_dags/example_sensors.py
[2024-11-11T06:58:01.563+0000] {processor.py:914} INFO - Processing file /home/airflow/.local/lib/python3.12/site-packages/airflow/example_dags/example_sensors.py for tasks to queue
[2024-11-11T06:58:01.568+0000] {logging_mixin.py:190} INFO - [2024-11-11T06:58:01.567+0000] {dagbag.py:588} INFO - Filling up the DagBag from /home/airflow/.local/lib/python3.12/site-packages/airflow/example_dags/example_sensors.py
[2024-11-11T06:58:01.584+0000] {processor.py:925} INFO - DAG(s) 'example_sensors' retrieved from /home/airflow/.local/lib/python3.12/site-packages/airflow/example_dags/example_sensors.py
[2024-11-11T06:58:01.622+0000] {logging_mixin.py:190} INFO - [2024-11-11T06:58:01.622+0000] {dag.py:3239} INFO - Sync 1 DAGs
[2024-11-11T06:58:01.640+0000] {logging_mixin.py:190} INFO - [2024-11-11T06:58:01.640+0000] {dag.py:4180} INFO - Setting next_dagrun for example_sensors to None, run_after=None
[2024-11-11T06:58:01.671+0000] {processor.py:208} INFO - Processing /home/airflow/.local/lib/python3.12/site-packages/airflow/example_dags/example_sensors.py took 0.121 seconds
[2024-11-11T06:58:31.822+0000] {processor.py:186} INFO - Started process (PID=1324) to work on /home/airflow/.local/lib/python3.12/site-packages/airflow/example_dags/example_sensors.py
[2024-11-11T06:58:31.824+0000] {processor.py:914} INFO - Processing file /home/airflow/.local/lib/python3.12/site-packages/airflow/example_dags/example_sensors.py for tasks to queue
[2024-11-11T06:58:31.827+0000] {logging_mixin.py:190} INFO - [2024-11-11T06:58:31.827+0000] {dagbag.py:588} INFO - Filling up the DagBag from /home/airflow/.local/lib/python3.12/site-packages/airflow/example_dags/example_sensors.py
[2024-11-11T06:58:31.841+0000] {processor.py:925} INFO - DAG(s) 'example_sensors' retrieved from /home/airflow/.local/lib/python3.12/site-packages/airflow/example_dags/example_sensors.py
[2024-11-11T06:58:31.879+0000] {logging_mixin.py:190} INFO - [2024-11-11T06:58:31.879+0000] {dag.py:3239} INFO - Sync 1 DAGs
[2024-11-11T06:58:31.898+0000] {logging_mixin.py:190} INFO - [2024-11-11T06:58:31.897+0000] {dag.py:4180} INFO - Setting next_dagrun for example_sensors to None, run_after=None
[2024-11-11T06:58:31.929+0000] {processor.py:208} INFO - Processing /home/airflow/.local/lib/python3.12/site-packages/airflow/example_dags/example_sensors.py took 0.115 seconds
[2024-11-11T06:59:02.207+0000] {processor.py:186} INFO - Started process (PID=1388) to work on /home/airflow/.local/lib/python3.12/site-packages/airflow/example_dags/example_sensors.py
[2024-11-11T06:59:02.209+0000] {processor.py:914} INFO - Processing file /home/airflow/.local/lib/python3.12/site-packages/airflow/example_dags/example_sensors.py for tasks to queue
[2024-11-11T06:59:02.213+0000] {logging_mixin.py:190} INFO - [2024-11-11T06:59:02.213+0000] {dagbag.py:588} INFO - Filling up the DagBag from /home/airflow/.local/lib/python3.12/site-packages/airflow/example_dags/example_sensors.py
[2024-11-11T06:59:02.237+0000] {processor.py:925} INFO - DAG(s) 'example_sensors' retrieved from /home/airflow/.local/lib/python3.12/site-packages/airflow/example_dags/example_sensors.py
[2024-11-11T06:59:02.288+0000] {logging_mixin.py:190} INFO - [2024-11-11T06:59:02.288+0000] {dag.py:3239} INFO - Sync 1 DAGs
[2024-11-11T06:59:02.319+0000] {logging_mixin.py:190} INFO - [2024-11-11T06:59:02.318+0000] {dag.py:4180} INFO - Setting next_dagrun for example_sensors to None, run_after=None
[2024-11-11T06:59:02.347+0000] {processor.py:208} INFO - Processing /home/airflow/.local/lib/python3.12/site-packages/airflow/example_dags/example_sensors.py took 0.151 seconds
[2024-11-11T06:59:32.983+0000] {processor.py:186} INFO - Started process (PID=1451) to work on /home/airflow/.local/lib/python3.12/site-packages/airflow/example_dags/example_sensors.py
[2024-11-11T06:59:32.985+0000] {processor.py:914} INFO - Processing file /home/airflow/.local/lib/python3.12/site-packages/airflow/example_dags/example_sensors.py for tasks to queue
[2024-11-11T06:59:32.989+0000] {logging_mixin.py:190} INFO - [2024-11-11T06:59:32.988+0000] {dagbag.py:588} INFO - Filling up the DagBag from /home/airflow/.local/lib/python3.12/site-packages/airflow/example_dags/example_sensors.py
[2024-11-11T06:59:33.007+0000] {processor.py:925} INFO - DAG(s) 'example_sensors' retrieved from /home/airflow/.local/lib/python3.12/site-packages/airflow/example_dags/example_sensors.py
[2024-11-11T06:59:33.041+0000] {logging_mixin.py:190} INFO - [2024-11-11T06:59:33.041+0000] {dag.py:3239} INFO - Sync 1 DAGs
[2024-11-11T06:59:33.059+0000] {logging_mixin.py:190} INFO - [2024-11-11T06:59:33.059+0000] {dag.py:4180} INFO - Setting next_dagrun for example_sensors to None, run_after=None
[2024-11-11T06:59:33.083+0000] {processor.py:208} INFO - Processing /home/airflow/.local/lib/python3.12/site-packages/airflow/example_dags/example_sensors.py took 0.107 seconds
[2024-11-11T07:00:03.866+0000] {processor.py:186} INFO - Started process (PID=1515) to work on /home/airflow/.local/lib/python3.12/site-packages/airflow/example_dags/example_sensors.py
[2024-11-11T07:00:03.870+0000] {processor.py:914} INFO - Processing file /home/airflow/.local/lib/python3.12/site-packages/airflow/example_dags/example_sensors.py for tasks to queue
[2024-11-11T07:00:03.877+0000] {logging_mixin.py:190} INFO - [2024-11-11T07:00:03.876+0000] {dagbag.py:588} INFO - Filling up the DagBag from /home/airflow/.local/lib/python3.12/site-packages/airflow/example_dags/example_sensors.py
[2024-11-11T07:00:03.914+0000] {processor.py:925} INFO - DAG(s) 'example_sensors' retrieved from /home/airflow/.local/lib/python3.12/site-packages/airflow/example_dags/example_sensors.py
[2024-11-11T07:00:03.993+0000] {logging_mixin.py:190} INFO - [2024-11-11T07:00:03.992+0000] {dag.py:3239} INFO - Sync 1 DAGs
[2024-11-11T07:00:04.028+0000] {logging_mixin.py:190} INFO - [2024-11-11T07:00:04.028+0000] {dag.py:4180} INFO - Setting next_dagrun for example_sensors to None, run_after=None
[2024-11-11T07:00:04.084+0000] {processor.py:208} INFO - Processing /home/airflow/.local/lib/python3.12/site-packages/airflow/example_dags/example_sensors.py took 0.256 seconds
[2024-11-11T07:00:34.385+0000] {processor.py:186} INFO - Started process (PID=1579) to work on /home/airflow/.local/lib/python3.12/site-packages/airflow/example_dags/example_sensors.py
[2024-11-11T07:00:34.387+0000] {processor.py:914} INFO - Processing file /home/airflow/.local/lib/python3.12/site-packages/airflow/example_dags/example_sensors.py for tasks to queue
[2024-11-11T07:00:34.395+0000] {logging_mixin.py:190} INFO - [2024-11-11T07:00:34.394+0000] {dagbag.py:588} INFO - Filling up the DagBag from /home/airflow/.local/lib/python3.12/site-packages/airflow/example_dags/example_sensors.py
[2024-11-11T07:00:34.427+0000] {processor.py:925} INFO - DAG(s) 'example_sensors' retrieved from /home/airflow/.local/lib/python3.12/site-packages/airflow/example_dags/example_sensors.py
[2024-11-11T07:00:34.488+0000] {logging_mixin.py:190} INFO - [2024-11-11T07:00:34.488+0000] {dag.py:3239} INFO - Sync 1 DAGs
[2024-11-11T07:00:34.521+0000] {logging_mixin.py:190} INFO - [2024-11-11T07:00:34.520+0000] {dag.py:4180} INFO - Setting next_dagrun for example_sensors to None, run_after=None
[2024-11-11T07:00:34.573+0000] {processor.py:208} INFO - Processing /home/airflow/.local/lib/python3.12/site-packages/airflow/example_dags/example_sensors.py took 0.203 seconds
[2024-11-11T07:01:05.768+0000] {processor.py:186} INFO - Started process (PID=1642) to work on /home/airflow/.local/lib/python3.12/site-packages/airflow/example_dags/example_sensors.py
[2024-11-11T07:01:05.770+0000] {processor.py:914} INFO - Processing file /home/airflow/.local/lib/python3.12/site-packages/airflow/example_dags/example_sensors.py for tasks to queue
[2024-11-11T07:01:05.776+0000] {logging_mixin.py:190} INFO - [2024-11-11T07:01:05.775+0000] {dagbag.py:588} INFO - Filling up the DagBag from /home/airflow/.local/lib/python3.12/site-packages/airflow/example_dags/example_sensors.py
[2024-11-11T07:01:05.819+0000] {processor.py:925} INFO - DAG(s) 'example_sensors' retrieved from /home/airflow/.local/lib/python3.12/site-packages/airflow/example_dags/example_sensors.py
[2024-11-11T07:01:05.915+0000] {logging_mixin.py:190} INFO - [2024-11-11T07:01:05.914+0000] {dag.py:3239} INFO - Sync 1 DAGs
[2024-11-11T07:01:05.964+0000] {logging_mixin.py:190} INFO - [2024-11-11T07:01:05.964+0000] {dag.py:4180} INFO - Setting next_dagrun for example_sensors to None, run_after=None
[2024-11-11T07:01:06.013+0000] {processor.py:208} INFO - Processing /home/airflow/.local/lib/python3.12/site-packages/airflow/example_dags/example_sensors.py took 0.258 seconds
[2024-11-11T07:01:36.817+0000] {processor.py:186} INFO - Started process (PID=1706) to work on /home/airflow/.local/lib/python3.12/site-packages/airflow/example_dags/example_sensors.py
[2024-11-11T07:01:36.818+0000] {processor.py:914} INFO - Processing file /home/airflow/.local/lib/python3.12/site-packages/airflow/example_dags/example_sensors.py for tasks to queue
[2024-11-11T07:01:36.823+0000] {logging_mixin.py:190} INFO - [2024-11-11T07:01:36.822+0000] {dagbag.py:588} INFO - Filling up the DagBag from /home/airflow/.local/lib/python3.12/site-packages/airflow/example_dags/example_sensors.py
[2024-11-11T07:01:36.848+0000] {processor.py:925} INFO - DAG(s) 'example_sensors' retrieved from /home/airflow/.local/lib/python3.12/site-packages/airflow/example_dags/example_sensors.py
[2024-11-11T07:01:36.888+0000] {logging_mixin.py:190} INFO - [2024-11-11T07:01:36.887+0000] {dag.py:3239} INFO - Sync 1 DAGs
[2024-11-11T07:01:36.907+0000] {logging_mixin.py:190} INFO - [2024-11-11T07:01:36.906+0000] {dag.py:4180} INFO - Setting next_dagrun for example_sensors to None, run_after=None
[2024-11-11T07:01:36.946+0000] {processor.py:208} INFO - Processing /home/airflow/.local/lib/python3.12/site-packages/airflow/example_dags/example_sensors.py took 0.150 seconds
[2024-11-11T07:02:07.967+0000] {processor.py:186} INFO - Started process (PID=1770) to work on /home/airflow/.local/lib/python3.12/site-packages/airflow/example_dags/example_sensors.py
[2024-11-11T07:02:07.971+0000] {processor.py:914} INFO - Processing file /home/airflow/.local/lib/python3.12/site-packages/airflow/example_dags/example_sensors.py for tasks to queue
[2024-11-11T07:02:07.979+0000] {logging_mixin.py:190} INFO - [2024-11-11T07:02:07.978+0000] {dagbag.py:588} INFO - Filling up the DagBag from /home/airflow/.local/lib/python3.12/site-packages/airflow/example_dags/example_sensors.py
[2024-11-11T07:02:07.996+0000] {processor.py:925} INFO - DAG(s) 'example_sensors' retrieved from /home/airflow/.local/lib/python3.12/site-packages/airflow/example_dags/example_sensors.py
[2024-11-11T07:02:08.031+0000] {logging_mixin.py:190} INFO - [2024-11-11T07:02:08.031+0000] {dag.py:3239} INFO - Sync 1 DAGs
[2024-11-11T07:02:08.047+0000] {logging_mixin.py:190} INFO - [2024-11-11T07:02:08.047+0000] {dag.py:4180} INFO - Setting next_dagrun for example_sensors to None, run_after=None
[2024-11-11T07:02:08.076+0000] {processor.py:208} INFO - Processing /home/airflow/.local/lib/python3.12/site-packages/airflow/example_dags/example_sensors.py took 0.131 seconds
[2024-11-11T07:02:38.756+0000] {processor.py:186} INFO - Started process (PID=1834) to work on /home/airflow/.local/lib/python3.12/site-packages/airflow/example_dags/example_sensors.py
[2024-11-11T07:02:38.758+0000] {processor.py:914} INFO - Processing file /home/airflow/.local/lib/python3.12/site-packages/airflow/example_dags/example_sensors.py for tasks to queue
[2024-11-11T07:02:38.762+0000] {logging_mixin.py:190} INFO - [2024-11-11T07:02:38.762+0000] {dagbag.py:588} INFO - Filling up the DagBag from /home/airflow/.local/lib/python3.12/site-packages/airflow/example_dags/example_sensors.py
[2024-11-11T07:02:38.780+0000] {processor.py:925} INFO - DAG(s) 'example_sensors' retrieved from /home/airflow/.local/lib/python3.12/site-packages/airflow/example_dags/example_sensors.py
[2024-11-11T07:02:38.819+0000] {logging_mixin.py:190} INFO - [2024-11-11T07:02:38.819+0000] {dag.py:3239} INFO - Sync 1 DAGs
[2024-11-11T07:02:38.837+0000] {logging_mixin.py:190} INFO - [2024-11-11T07:02:38.836+0000] {dag.py:4180} INFO - Setting next_dagrun for example_sensors to None, run_after=None
[2024-11-11T07:02:38.863+0000] {processor.py:208} INFO - Processing /home/airflow/.local/lib/python3.12/site-packages/airflow/example_dags/example_sensors.py took 0.115 seconds
[2024-11-11T07:03:09.966+0000] {processor.py:186} INFO - Started process (PID=1898) to work on /home/airflow/.local/lib/python3.12/site-packages/airflow/example_dags/example_sensors.py
[2024-11-11T07:03:09.968+0000] {processor.py:914} INFO - Processing file /home/airflow/.local/lib/python3.12/site-packages/airflow/example_dags/example_sensors.py for tasks to queue
[2024-11-11T07:03:09.974+0000] {logging_mixin.py:190} INFO - [2024-11-11T07:03:09.973+0000] {dagbag.py:588} INFO - Filling up the DagBag from /home/airflow/.local/lib/python3.12/site-packages/airflow/example_dags/example_sensors.py
[2024-11-11T07:03:10.061+0000] {processor.py:925} INFO - DAG(s) 'example_sensors' retrieved from /home/airflow/.local/lib/python3.12/site-packages/airflow/example_dags/example_sensors.py
[2024-11-11T07:03:10.150+0000] {logging_mixin.py:190} INFO - [2024-11-11T07:03:10.149+0000] {dag.py:3239} INFO - Sync 1 DAGs
[2024-11-11T07:03:10.200+0000] {logging_mixin.py:190} INFO - [2024-11-11T07:03:10.200+0000] {dag.py:4180} INFO - Setting next_dagrun for example_sensors to None, run_after=None
[2024-11-11T07:03:10.267+0000] {processor.py:208} INFO - Processing /home/airflow/.local/lib/python3.12/site-packages/airflow/example_dags/example_sensors.py took 0.317 seconds
