[2024-11-11T06:48:26.183+0000] {processor.py:186} INFO - Started process (PID=67) to work on /home/airflow/.local/lib/python3.12/site-packages/airflow/example_dags/example_branch_python_dop_operator_3.py
[2024-11-11T06:48:26.185+0000] {processor.py:914} INFO - Processing file /home/airflow/.local/lib/python3.12/site-packages/airflow/example_dags/example_branch_python_dop_operator_3.py for tasks to queue
[2024-11-11T06:48:26.192+0000] {logging_mixin.py:190} INFO - [2024-11-11T06:48:26.191+0000] {dagbag.py:588} INFO - Filling up the DagBag from /home/airflow/.local/lib/python3.12/site-packages/airflow/example_dags/example_branch_python_dop_operator_3.py
[2024-11-11T06:48:26.216+0000] {processor.py:925} INFO - DAG(s) 'example_branch_dop_operator_v3' retrieved from /home/airflow/.local/lib/python3.12/site-packages/airflow/example_dags/example_branch_python_dop_operator_3.py
[2024-11-11T06:48:26.366+0000] {logging_mixin.py:190} INFO - [2024-11-11T06:48:26.365+0000] {override.py:1911} INFO - Created Permission View: can read on DAG:example_branch_dop_operator_v3
[2024-11-11T06:48:26.383+0000] {logging_mixin.py:190} INFO - [2024-11-11T06:48:26.383+0000] {override.py:1911} INFO - Created Permission View: can delete on DAG:example_branch_dop_operator_v3
[2024-11-11T06:48:26.395+0000] {logging_mixin.py:190} INFO - [2024-11-11T06:48:26.395+0000] {override.py:1911} INFO - Created Permission View: can edit on DAG:example_branch_dop_operator_v3
[2024-11-11T06:48:26.407+0000] {logging_mixin.py:190} INFO - [2024-11-11T06:48:26.407+0000] {override.py:1911} INFO - Created Permission View: menu access on DAG Run:example_branch_dop_operator_v3
[2024-11-11T06:48:26.418+0000] {logging_mixin.py:190} INFO - [2024-11-11T06:48:26.417+0000] {override.py:1911} INFO - Created Permission View: can read on DAG Run:example_branch_dop_operator_v3
[2024-11-11T06:48:26.429+0000] {logging_mixin.py:190} INFO - [2024-11-11T06:48:26.429+0000] {override.py:1911} INFO - Created Permission View: can delete on DAG Run:example_branch_dop_operator_v3
[2024-11-11T06:48:26.443+0000] {logging_mixin.py:190} INFO - [2024-11-11T06:48:26.443+0000] {override.py:1911} INFO - Created Permission View: can create on DAG Run:example_branch_dop_operator_v3
[2024-11-11T06:48:26.444+0000] {logging_mixin.py:190} INFO - [2024-11-11T06:48:26.444+0000] {dag.py:3239} INFO - Sync 1 DAGs
[2024-11-11T06:48:26.460+0000] {logging_mixin.py:190} INFO - [2024-11-11T06:48:26.460+0000] {dag.py:3262} INFO - Creating ORM DAG for example_branch_dop_operator_v3
[2024-11-11T06:48:26.477+0000] {logging_mixin.py:190} INFO - [2024-11-11T06:48:26.477+0000] {dag.py:4180} INFO - Setting next_dagrun for example_branch_dop_operator_v3 to 2024-11-11 06:47:00+00:00, run_after=2024-11-11 06:48:00+00:00
[2024-11-11T06:48:26.505+0000] {processor.py:208} INFO - Processing /home/airflow/.local/lib/python3.12/site-packages/airflow/example_dags/example_branch_python_dop_operator_3.py took 0.335 seconds
[2024-11-11T06:48:58.904+0000] {processor.py:186} INFO - Started process (PID=131) to work on /home/airflow/.local/lib/python3.12/site-packages/airflow/example_dags/example_branch_python_dop_operator_3.py
[2024-11-11T06:48:58.906+0000] {processor.py:914} INFO - Processing file /home/airflow/.local/lib/python3.12/site-packages/airflow/example_dags/example_branch_python_dop_operator_3.py for tasks to queue
[2024-11-11T06:48:58.910+0000] {logging_mixin.py:190} INFO - [2024-11-11T06:48:58.909+0000] {dagbag.py:588} INFO - Filling up the DagBag from /home/airflow/.local/lib/python3.12/site-packages/airflow/example_dags/example_branch_python_dop_operator_3.py
[2024-11-11T06:48:58.931+0000] {processor.py:925} INFO - DAG(s) 'example_branch_dop_operator_v3' retrieved from /home/airflow/.local/lib/python3.12/site-packages/airflow/example_dags/example_branch_python_dop_operator_3.py
[2024-11-11T06:48:58.965+0000] {logging_mixin.py:190} INFO - [2024-11-11T06:48:58.965+0000] {dag.py:3239} INFO - Sync 1 DAGs
[2024-11-11T06:48:59.002+0000] {logging_mixin.py:190} INFO - [2024-11-11T06:48:59.001+0000] {dag.py:4180} INFO - Setting next_dagrun for example_branch_dop_operator_v3 to 2024-11-11 06:47:00+00:00, run_after=2024-11-11 06:48:00+00:00
[2024-11-11T06:48:59.034+0000] {processor.py:208} INFO - Processing /home/airflow/.local/lib/python3.12/site-packages/airflow/example_dags/example_branch_python_dop_operator_3.py took 0.139 seconds
[2024-11-11T06:49:29.581+0000] {processor.py:186} INFO - Started process (PID=195) to work on /home/airflow/.local/lib/python3.12/site-packages/airflow/example_dags/example_branch_python_dop_operator_3.py
[2024-11-11T06:49:29.583+0000] {processor.py:914} INFO - Processing file /home/airflow/.local/lib/python3.12/site-packages/airflow/example_dags/example_branch_python_dop_operator_3.py for tasks to queue
[2024-11-11T06:49:29.588+0000] {logging_mixin.py:190} INFO - [2024-11-11T06:49:29.587+0000] {dagbag.py:588} INFO - Filling up the DagBag from /home/airflow/.local/lib/python3.12/site-packages/airflow/example_dags/example_branch_python_dop_operator_3.py
[2024-11-11T06:49:29.601+0000] {processor.py:925} INFO - DAG(s) 'example_branch_dop_operator_v3' retrieved from /home/airflow/.local/lib/python3.12/site-packages/airflow/example_dags/example_branch_python_dop_operator_3.py
[2024-11-11T06:49:29.632+0000] {logging_mixin.py:190} INFO - [2024-11-11T06:49:29.632+0000] {dag.py:3239} INFO - Sync 1 DAGs
[2024-11-11T06:49:29.669+0000] {logging_mixin.py:190} INFO - [2024-11-11T06:49:29.669+0000] {dag.py:4180} INFO - Setting next_dagrun for example_branch_dop_operator_v3 to 2024-11-11 06:48:00+00:00, run_after=2024-11-11 06:49:00+00:00
[2024-11-11T06:49:29.712+0000] {processor.py:208} INFO - Processing /home/airflow/.local/lib/python3.12/site-packages/airflow/example_dags/example_branch_python_dop_operator_3.py took 0.140 seconds
[2024-11-11T06:50:00.726+0000] {processor.py:186} INFO - Started process (PID=259) to work on /home/airflow/.local/lib/python3.12/site-packages/airflow/example_dags/example_branch_python_dop_operator_3.py
[2024-11-11T06:50:00.729+0000] {processor.py:914} INFO - Processing file /home/airflow/.local/lib/python3.12/site-packages/airflow/example_dags/example_branch_python_dop_operator_3.py for tasks to queue
[2024-11-11T06:50:00.734+0000] {logging_mixin.py:190} INFO - [2024-11-11T06:50:00.733+0000] {dagbag.py:588} INFO - Filling up the DagBag from /home/airflow/.local/lib/python3.12/site-packages/airflow/example_dags/example_branch_python_dop_operator_3.py
[2024-11-11T06:50:00.753+0000] {processor.py:925} INFO - DAG(s) 'example_branch_dop_operator_v3' retrieved from /home/airflow/.local/lib/python3.12/site-packages/airflow/example_dags/example_branch_python_dop_operator_3.py
[2024-11-11T06:50:00.797+0000] {logging_mixin.py:190} INFO - [2024-11-11T06:50:00.796+0000] {dag.py:3239} INFO - Sync 1 DAGs
[2024-11-11T06:50:00.841+0000] {logging_mixin.py:190} INFO - [2024-11-11T06:50:00.841+0000] {dag.py:4180} INFO - Setting next_dagrun for example_branch_dop_operator_v3 to 2024-11-11 06:49:00+00:00, run_after=2024-11-11 06:50:00+00:00
[2024-11-11T06:50:00.876+0000] {processor.py:208} INFO - Processing /home/airflow/.local/lib/python3.12/site-packages/airflow/example_dags/example_branch_python_dop_operator_3.py took 0.166 seconds
[2024-11-11T06:50:31.634+0000] {processor.py:186} INFO - Started process (PID=322) to work on /home/airflow/.local/lib/python3.12/site-packages/airflow/example_dags/example_branch_python_dop_operator_3.py
[2024-11-11T06:50:31.637+0000] {processor.py:914} INFO - Processing file /home/airflow/.local/lib/python3.12/site-packages/airflow/example_dags/example_branch_python_dop_operator_3.py for tasks to queue
[2024-11-11T06:50:31.641+0000] {logging_mixin.py:190} INFO - [2024-11-11T06:50:31.641+0000] {dagbag.py:588} INFO - Filling up the DagBag from /home/airflow/.local/lib/python3.12/site-packages/airflow/example_dags/example_branch_python_dop_operator_3.py
[2024-11-11T06:50:31.666+0000] {processor.py:925} INFO - DAG(s) 'example_branch_dop_operator_v3' retrieved from /home/airflow/.local/lib/python3.12/site-packages/airflow/example_dags/example_branch_python_dop_operator_3.py
[2024-11-11T06:50:31.699+0000] {logging_mixin.py:190} INFO - [2024-11-11T06:50:31.699+0000] {dag.py:3239} INFO - Sync 1 DAGs
[2024-11-11T06:50:31.736+0000] {logging_mixin.py:190} INFO - [2024-11-11T06:50:31.736+0000] {dag.py:4180} INFO - Setting next_dagrun for example_branch_dop_operator_v3 to 2024-11-11 06:49:00+00:00, run_after=2024-11-11 06:50:00+00:00
[2024-11-11T06:50:31.761+0000] {processor.py:208} INFO - Processing /home/airflow/.local/lib/python3.12/site-packages/airflow/example_dags/example_branch_python_dop_operator_3.py took 0.139 seconds
[2024-11-11T06:51:02.000+0000] {processor.py:186} INFO - Started process (PID=386) to work on /home/airflow/.local/lib/python3.12/site-packages/airflow/example_dags/example_branch_python_dop_operator_3.py
[2024-11-11T06:51:02.002+0000] {processor.py:914} INFO - Processing file /home/airflow/.local/lib/python3.12/site-packages/airflow/example_dags/example_branch_python_dop_operator_3.py for tasks to queue
[2024-11-11T06:51:02.005+0000] {logging_mixin.py:190} INFO - [2024-11-11T06:51:02.005+0000] {dagbag.py:588} INFO - Filling up the DagBag from /home/airflow/.local/lib/python3.12/site-packages/airflow/example_dags/example_branch_python_dop_operator_3.py
[2024-11-11T06:51:02.024+0000] {processor.py:925} INFO - DAG(s) 'example_branch_dop_operator_v3' retrieved from /home/airflow/.local/lib/python3.12/site-packages/airflow/example_dags/example_branch_python_dop_operator_3.py
[2024-11-11T06:51:02.056+0000] {logging_mixin.py:190} INFO - [2024-11-11T06:51:02.056+0000] {dag.py:3239} INFO - Sync 1 DAGs
[2024-11-11T06:51:02.100+0000] {logging_mixin.py:190} INFO - [2024-11-11T06:51:02.100+0000] {dag.py:4180} INFO - Setting next_dagrun for example_branch_dop_operator_v3 to 2024-11-11 06:50:00+00:00, run_after=2024-11-11 06:51:00+00:00
[2024-11-11T06:51:02.143+0000] {processor.py:208} INFO - Processing /home/airflow/.local/lib/python3.12/site-packages/airflow/example_dags/example_branch_python_dop_operator_3.py took 0.150 seconds
[2024-11-11T06:51:32.988+0000] {processor.py:186} INFO - Started process (PID=450) to work on /home/airflow/.local/lib/python3.12/site-packages/airflow/example_dags/example_branch_python_dop_operator_3.py
[2024-11-11T06:51:32.992+0000] {processor.py:914} INFO - Processing file /home/airflow/.local/lib/python3.12/site-packages/airflow/example_dags/example_branch_python_dop_operator_3.py for tasks to queue
[2024-11-11T06:51:33.002+0000] {logging_mixin.py:190} INFO - [2024-11-11T06:51:33.000+0000] {dagbag.py:588} INFO - Filling up the DagBag from /home/airflow/.local/lib/python3.12/site-packages/airflow/example_dags/example_branch_python_dop_operator_3.py
[2024-11-11T06:51:33.038+0000] {processor.py:925} INFO - DAG(s) 'example_branch_dop_operator_v3' retrieved from /home/airflow/.local/lib/python3.12/site-packages/airflow/example_dags/example_branch_python_dop_operator_3.py
[2024-11-11T06:51:33.094+0000] {logging_mixin.py:190} INFO - [2024-11-11T06:51:33.093+0000] {dag.py:3239} INFO - Sync 1 DAGs
[2024-11-11T06:51:33.162+0000] {logging_mixin.py:190} INFO - [2024-11-11T06:51:33.161+0000] {dag.py:4180} INFO - Setting next_dagrun for example_branch_dop_operator_v3 to 2024-11-11 06:50:00+00:00, run_after=2024-11-11 06:51:00+00:00
[2024-11-11T06:51:33.209+0000] {processor.py:208} INFO - Processing /home/airflow/.local/lib/python3.12/site-packages/airflow/example_dags/example_branch_python_dop_operator_3.py took 0.238 seconds
[2024-11-11T06:52:03.603+0000] {processor.py:186} INFO - Started process (PID=513) to work on /home/airflow/.local/lib/python3.12/site-packages/airflow/example_dags/example_branch_python_dop_operator_3.py
[2024-11-11T06:52:03.605+0000] {processor.py:914} INFO - Processing file /home/airflow/.local/lib/python3.12/site-packages/airflow/example_dags/example_branch_python_dop_operator_3.py for tasks to queue
[2024-11-11T06:52:03.611+0000] {logging_mixin.py:190} INFO - [2024-11-11T06:52:03.610+0000] {dagbag.py:588} INFO - Filling up the DagBag from /home/airflow/.local/lib/python3.12/site-packages/airflow/example_dags/example_branch_python_dop_operator_3.py
[2024-11-11T06:52:03.629+0000] {processor.py:925} INFO - DAG(s) 'example_branch_dop_operator_v3' retrieved from /home/airflow/.local/lib/python3.12/site-packages/airflow/example_dags/example_branch_python_dop_operator_3.py
[2024-11-11T06:52:03.673+0000] {logging_mixin.py:190} INFO - [2024-11-11T06:52:03.672+0000] {dag.py:3239} INFO - Sync 1 DAGs
[2024-11-11T06:52:03.716+0000] {logging_mixin.py:190} INFO - [2024-11-11T06:52:03.716+0000] {dag.py:4180} INFO - Setting next_dagrun for example_branch_dop_operator_v3 to 2024-11-11 06:51:00+00:00, run_after=2024-11-11 06:52:00+00:00
[2024-11-11T06:52:03.768+0000] {processor.py:208} INFO - Processing /home/airflow/.local/lib/python3.12/site-packages/airflow/example_dags/example_branch_python_dop_operator_3.py took 0.175 seconds
[2024-11-11T06:52:34.299+0000] {processor.py:186} INFO - Started process (PID=576) to work on /home/airflow/.local/lib/python3.12/site-packages/airflow/example_dags/example_branch_python_dop_operator_3.py
[2024-11-11T06:52:34.301+0000] {processor.py:914} INFO - Processing file /home/airflow/.local/lib/python3.12/site-packages/airflow/example_dags/example_branch_python_dop_operator_3.py for tasks to queue
[2024-11-11T06:52:34.307+0000] {logging_mixin.py:190} INFO - [2024-11-11T06:52:34.306+0000] {dagbag.py:588} INFO - Filling up the DagBag from /home/airflow/.local/lib/python3.12/site-packages/airflow/example_dags/example_branch_python_dop_operator_3.py
[2024-11-11T06:52:34.324+0000] {processor.py:925} INFO - DAG(s) 'example_branch_dop_operator_v3' retrieved from /home/airflow/.local/lib/python3.12/site-packages/airflow/example_dags/example_branch_python_dop_operator_3.py
[2024-11-11T06:52:34.362+0000] {logging_mixin.py:190} INFO - [2024-11-11T06:52:34.361+0000] {dag.py:3239} INFO - Sync 1 DAGs
[2024-11-11T06:52:34.404+0000] {logging_mixin.py:190} INFO - [2024-11-11T06:52:34.403+0000] {dag.py:4180} INFO - Setting next_dagrun for example_branch_dop_operator_v3 to 2024-11-11 06:51:00+00:00, run_after=2024-11-11 06:52:00+00:00
[2024-11-11T06:52:34.442+0000] {processor.py:208} INFO - Processing /home/airflow/.local/lib/python3.12/site-packages/airflow/example_dags/example_branch_python_dop_operator_3.py took 0.152 seconds
[2024-11-11T06:53:04.653+0000] {processor.py:186} INFO - Started process (PID=639) to work on /home/airflow/.local/lib/python3.12/site-packages/airflow/example_dags/example_branch_python_dop_operator_3.py
[2024-11-11T06:53:04.655+0000] {processor.py:914} INFO - Processing file /home/airflow/.local/lib/python3.12/site-packages/airflow/example_dags/example_branch_python_dop_operator_3.py for tasks to queue
[2024-11-11T06:53:04.660+0000] {logging_mixin.py:190} INFO - [2024-11-11T06:53:04.659+0000] {dagbag.py:588} INFO - Filling up the DagBag from /home/airflow/.local/lib/python3.12/site-packages/airflow/example_dags/example_branch_python_dop_operator_3.py
[2024-11-11T06:53:04.679+0000] {processor.py:925} INFO - DAG(s) 'example_branch_dop_operator_v3' retrieved from /home/airflow/.local/lib/python3.12/site-packages/airflow/example_dags/example_branch_python_dop_operator_3.py
[2024-11-11T06:53:04.724+0000] {logging_mixin.py:190} INFO - [2024-11-11T06:53:04.724+0000] {dag.py:3239} INFO - Sync 1 DAGs
[2024-11-11T06:53:04.794+0000] {logging_mixin.py:190} INFO - [2024-11-11T06:53:04.793+0000] {dag.py:4180} INFO - Setting next_dagrun for example_branch_dop_operator_v3 to 2024-11-11 06:52:00+00:00, run_after=2024-11-11 06:53:00+00:00
[2024-11-11T06:53:04.845+0000] {processor.py:208} INFO - Processing /home/airflow/.local/lib/python3.12/site-packages/airflow/example_dags/example_branch_python_dop_operator_3.py took 0.203 seconds
[2024-11-11T06:53:35.263+0000] {processor.py:186} INFO - Started process (PID=702) to work on /home/airflow/.local/lib/python3.12/site-packages/airflow/example_dags/example_branch_python_dop_operator_3.py
[2024-11-11T06:53:35.265+0000] {processor.py:914} INFO - Processing file /home/airflow/.local/lib/python3.12/site-packages/airflow/example_dags/example_branch_python_dop_operator_3.py for tasks to queue
[2024-11-11T06:53:35.269+0000] {logging_mixin.py:190} INFO - [2024-11-11T06:53:35.269+0000] {dagbag.py:588} INFO - Filling up the DagBag from /home/airflow/.local/lib/python3.12/site-packages/airflow/example_dags/example_branch_python_dop_operator_3.py
[2024-11-11T06:53:35.283+0000] {processor.py:925} INFO - DAG(s) 'example_branch_dop_operator_v3' retrieved from /home/airflow/.local/lib/python3.12/site-packages/airflow/example_dags/example_branch_python_dop_operator_3.py
[2024-11-11T06:53:35.313+0000] {logging_mixin.py:190} INFO - [2024-11-11T06:53:35.312+0000] {dag.py:3239} INFO - Sync 1 DAGs
[2024-11-11T06:53:35.359+0000] {logging_mixin.py:190} INFO - [2024-11-11T06:53:35.359+0000] {dag.py:4180} INFO - Setting next_dagrun for example_branch_dop_operator_v3 to 2024-11-11 06:52:00+00:00, run_after=2024-11-11 06:53:00+00:00
[2024-11-11T06:53:35.388+0000] {processor.py:208} INFO - Processing /home/airflow/.local/lib/python3.12/site-packages/airflow/example_dags/example_branch_python_dop_operator_3.py took 0.132 seconds
[2024-11-11T06:54:06.134+0000] {processor.py:186} INFO - Started process (PID=766) to work on /home/airflow/.local/lib/python3.12/site-packages/airflow/example_dags/example_branch_python_dop_operator_3.py
[2024-11-11T06:54:06.136+0000] {processor.py:914} INFO - Processing file /home/airflow/.local/lib/python3.12/site-packages/airflow/example_dags/example_branch_python_dop_operator_3.py for tasks to queue
[2024-11-11T06:54:06.142+0000] {logging_mixin.py:190} INFO - [2024-11-11T06:54:06.141+0000] {dagbag.py:588} INFO - Filling up the DagBag from /home/airflow/.local/lib/python3.12/site-packages/airflow/example_dags/example_branch_python_dop_operator_3.py
[2024-11-11T06:54:06.168+0000] {processor.py:925} INFO - DAG(s) 'example_branch_dop_operator_v3' retrieved from /home/airflow/.local/lib/python3.12/site-packages/airflow/example_dags/example_branch_python_dop_operator_3.py
[2024-11-11T06:54:06.217+0000] {logging_mixin.py:190} INFO - [2024-11-11T06:54:06.216+0000] {dag.py:3239} INFO - Sync 1 DAGs
[2024-11-11T06:54:06.261+0000] {logging_mixin.py:190} INFO - [2024-11-11T06:54:06.261+0000] {dag.py:4180} INFO - Setting next_dagrun for example_branch_dop_operator_v3 to 2024-11-11 06:53:00+00:00, run_after=2024-11-11 06:54:00+00:00
[2024-11-11T06:54:06.299+0000] {processor.py:208} INFO - Processing /home/airflow/.local/lib/python3.12/site-packages/airflow/example_dags/example_branch_python_dop_operator_3.py took 0.173 seconds
[2024-11-11T06:54:36.785+0000] {processor.py:186} INFO - Started process (PID=830) to work on /home/airflow/.local/lib/python3.12/site-packages/airflow/example_dags/example_branch_python_dop_operator_3.py
[2024-11-11T06:54:36.787+0000] {processor.py:914} INFO - Processing file /home/airflow/.local/lib/python3.12/site-packages/airflow/example_dags/example_branch_python_dop_operator_3.py for tasks to queue
[2024-11-11T06:54:36.790+0000] {logging_mixin.py:190} INFO - [2024-11-11T06:54:36.790+0000] {dagbag.py:588} INFO - Filling up the DagBag from /home/airflow/.local/lib/python3.12/site-packages/airflow/example_dags/example_branch_python_dop_operator_3.py
[2024-11-11T06:54:36.805+0000] {processor.py:925} INFO - DAG(s) 'example_branch_dop_operator_v3' retrieved from /home/airflow/.local/lib/python3.12/site-packages/airflow/example_dags/example_branch_python_dop_operator_3.py
[2024-11-11T06:54:36.837+0000] {logging_mixin.py:190} INFO - [2024-11-11T06:54:36.837+0000] {dag.py:3239} INFO - Sync 1 DAGs
[2024-11-11T06:54:36.871+0000] {logging_mixin.py:190} INFO - [2024-11-11T06:54:36.870+0000] {dag.py:4180} INFO - Setting next_dagrun for example_branch_dop_operator_v3 to 2024-11-11 06:53:00+00:00, run_after=2024-11-11 06:54:00+00:00
[2024-11-11T06:54:36.902+0000] {processor.py:208} INFO - Processing /home/airflow/.local/lib/python3.12/site-packages/airflow/example_dags/example_branch_python_dop_operator_3.py took 0.124 seconds
[2024-11-11T06:55:07.186+0000] {processor.py:186} INFO - Started process (PID=894) to work on /home/airflow/.local/lib/python3.12/site-packages/airflow/example_dags/example_branch_python_dop_operator_3.py
[2024-11-11T06:55:07.189+0000] {processor.py:914} INFO - Processing file /home/airflow/.local/lib/python3.12/site-packages/airflow/example_dags/example_branch_python_dop_operator_3.py for tasks to queue
[2024-11-11T06:55:07.196+0000] {logging_mixin.py:190} INFO - [2024-11-11T06:55:07.195+0000] {dagbag.py:588} INFO - Filling up the DagBag from /home/airflow/.local/lib/python3.12/site-packages/airflow/example_dags/example_branch_python_dop_operator_3.py
[2024-11-11T06:55:07.224+0000] {processor.py:925} INFO - DAG(s) 'example_branch_dop_operator_v3' retrieved from /home/airflow/.local/lib/python3.12/site-packages/airflow/example_dags/example_branch_python_dop_operator_3.py
[2024-11-11T06:55:07.288+0000] {logging_mixin.py:190} INFO - [2024-11-11T06:55:07.287+0000] {dag.py:3239} INFO - Sync 1 DAGs
[2024-11-11T06:55:07.340+0000] {logging_mixin.py:190} INFO - [2024-11-11T06:55:07.339+0000] {dag.py:4180} INFO - Setting next_dagrun for example_branch_dop_operator_v3 to 2024-11-11 06:54:00+00:00, run_after=2024-11-11 06:55:00+00:00
[2024-11-11T06:55:07.378+0000] {processor.py:208} INFO - Processing /home/airflow/.local/lib/python3.12/site-packages/airflow/example_dags/example_branch_python_dop_operator_3.py took 0.204 seconds
[2024-11-11T06:55:37.461+0000] {processor.py:186} INFO - Started process (PID=958) to work on /home/airflow/.local/lib/python3.12/site-packages/airflow/example_dags/example_branch_python_dop_operator_3.py
[2024-11-11T06:55:37.462+0000] {processor.py:914} INFO - Processing file /home/airflow/.local/lib/python3.12/site-packages/airflow/example_dags/example_branch_python_dop_operator_3.py for tasks to queue
[2024-11-11T06:55:37.465+0000] {logging_mixin.py:190} INFO - [2024-11-11T06:55:37.465+0000] {dagbag.py:588} INFO - Filling up the DagBag from /home/airflow/.local/lib/python3.12/site-packages/airflow/example_dags/example_branch_python_dop_operator_3.py
[2024-11-11T06:55:37.478+0000] {processor.py:925} INFO - DAG(s) 'example_branch_dop_operator_v3' retrieved from /home/airflow/.local/lib/python3.12/site-packages/airflow/example_dags/example_branch_python_dop_operator_3.py
[2024-11-11T06:55:37.503+0000] {logging_mixin.py:190} INFO - [2024-11-11T06:55:37.503+0000] {dag.py:3239} INFO - Sync 1 DAGs
[2024-11-11T06:55:37.532+0000] {logging_mixin.py:190} INFO - [2024-11-11T06:55:37.531+0000] {dag.py:4180} INFO - Setting next_dagrun for example_branch_dop_operator_v3 to 2024-11-11 06:54:00+00:00, run_after=2024-11-11 06:55:00+00:00
[2024-11-11T06:55:37.560+0000] {processor.py:208} INFO - Processing /home/airflow/.local/lib/python3.12/site-packages/airflow/example_dags/example_branch_python_dop_operator_3.py took 0.107 seconds
[2024-11-11T06:56:07.911+0000] {processor.py:186} INFO - Started process (PID=1022) to work on /home/airflow/.local/lib/python3.12/site-packages/airflow/example_dags/example_branch_python_dop_operator_3.py
[2024-11-11T06:56:07.913+0000] {processor.py:914} INFO - Processing file /home/airflow/.local/lib/python3.12/site-packages/airflow/example_dags/example_branch_python_dop_operator_3.py for tasks to queue
[2024-11-11T06:56:07.920+0000] {logging_mixin.py:190} INFO - [2024-11-11T06:56:07.919+0000] {dagbag.py:588} INFO - Filling up the DagBag from /home/airflow/.local/lib/python3.12/site-packages/airflow/example_dags/example_branch_python_dop_operator_3.py
[2024-11-11T06:56:07.942+0000] {processor.py:925} INFO - DAG(s) 'example_branch_dop_operator_v3' retrieved from /home/airflow/.local/lib/python3.12/site-packages/airflow/example_dags/example_branch_python_dop_operator_3.py
[2024-11-11T06:56:08.003+0000] {logging_mixin.py:190} INFO - [2024-11-11T06:56:08.002+0000] {dag.py:3239} INFO - Sync 1 DAGs
[2024-11-11T06:56:08.083+0000] {logging_mixin.py:190} INFO - [2024-11-11T06:56:08.082+0000] {dag.py:4180} INFO - Setting next_dagrun for example_branch_dop_operator_v3 to 2024-11-11 06:55:00+00:00, run_after=2024-11-11 06:56:00+00:00
[2024-11-11T06:56:08.127+0000] {processor.py:208} INFO - Processing /home/airflow/.local/lib/python3.12/site-packages/airflow/example_dags/example_branch_python_dop_operator_3.py took 0.230 seconds
[2024-11-11T06:56:38.400+0000] {processor.py:186} INFO - Started process (PID=1086) to work on /home/airflow/.local/lib/python3.12/site-packages/airflow/example_dags/example_branch_python_dop_operator_3.py
[2024-11-11T06:56:38.402+0000] {processor.py:914} INFO - Processing file /home/airflow/.local/lib/python3.12/site-packages/airflow/example_dags/example_branch_python_dop_operator_3.py for tasks to queue
[2024-11-11T06:56:38.406+0000] {logging_mixin.py:190} INFO - [2024-11-11T06:56:38.405+0000] {dagbag.py:588} INFO - Filling up the DagBag from /home/airflow/.local/lib/python3.12/site-packages/airflow/example_dags/example_branch_python_dop_operator_3.py
[2024-11-11T06:56:38.421+0000] {processor.py:925} INFO - DAG(s) 'example_branch_dop_operator_v3' retrieved from /home/airflow/.local/lib/python3.12/site-packages/airflow/example_dags/example_branch_python_dop_operator_3.py
[2024-11-11T06:56:38.457+0000] {logging_mixin.py:190} INFO - [2024-11-11T06:56:38.456+0000] {dag.py:3239} INFO - Sync 1 DAGs
[2024-11-11T06:56:38.492+0000] {logging_mixin.py:190} INFO - [2024-11-11T06:56:38.492+0000] {dag.py:4180} INFO - Setting next_dagrun for example_branch_dop_operator_v3 to 2024-11-11 06:55:00+00:00, run_after=2024-11-11 06:56:00+00:00
[2024-11-11T06:56:38.525+0000] {processor.py:208} INFO - Processing /home/airflow/.local/lib/python3.12/site-packages/airflow/example_dags/example_branch_python_dop_operator_3.py took 0.132 seconds
[2024-11-11T06:57:08.886+0000] {processor.py:186} INFO - Started process (PID=1150) to work on /home/airflow/.local/lib/python3.12/site-packages/airflow/example_dags/example_branch_python_dop_operator_3.py
[2024-11-11T06:57:08.887+0000] {processor.py:914} INFO - Processing file /home/airflow/.local/lib/python3.12/site-packages/airflow/example_dags/example_branch_python_dop_operator_3.py for tasks to queue
[2024-11-11T06:57:08.890+0000] {logging_mixin.py:190} INFO - [2024-11-11T06:57:08.890+0000] {dagbag.py:588} INFO - Filling up the DagBag from /home/airflow/.local/lib/python3.12/site-packages/airflow/example_dags/example_branch_python_dop_operator_3.py
[2024-11-11T06:57:08.904+0000] {processor.py:925} INFO - DAG(s) 'example_branch_dop_operator_v3' retrieved from /home/airflow/.local/lib/python3.12/site-packages/airflow/example_dags/example_branch_python_dop_operator_3.py
[2024-11-11T06:57:08.929+0000] {logging_mixin.py:190} INFO - [2024-11-11T06:57:08.929+0000] {dag.py:3239} INFO - Sync 1 DAGs
[2024-11-11T06:57:08.960+0000] {logging_mixin.py:190} INFO - [2024-11-11T06:57:08.960+0000] {dag.py:4180} INFO - Setting next_dagrun for example_branch_dop_operator_v3 to 2024-11-11 06:56:00+00:00, run_after=2024-11-11 06:57:00+00:00
[2024-11-11T06:57:08.986+0000] {processor.py:208} INFO - Processing /home/airflow/.local/lib/python3.12/site-packages/airflow/example_dags/example_branch_python_dop_operator_3.py took 0.107 seconds
[2024-11-11T06:57:39.356+0000] {processor.py:186} INFO - Started process (PID=1214) to work on /home/airflow/.local/lib/python3.12/site-packages/airflow/example_dags/example_branch_python_dop_operator_3.py
[2024-11-11T06:57:39.357+0000] {processor.py:914} INFO - Processing file /home/airflow/.local/lib/python3.12/site-packages/airflow/example_dags/example_branch_python_dop_operator_3.py for tasks to queue
[2024-11-11T06:57:39.360+0000] {logging_mixin.py:190} INFO - [2024-11-11T06:57:39.360+0000] {dagbag.py:588} INFO - Filling up the DagBag from /home/airflow/.local/lib/python3.12/site-packages/airflow/example_dags/example_branch_python_dop_operator_3.py
[2024-11-11T06:57:39.374+0000] {processor.py:925} INFO - DAG(s) 'example_branch_dop_operator_v3' retrieved from /home/airflow/.local/lib/python3.12/site-packages/airflow/example_dags/example_branch_python_dop_operator_3.py
[2024-11-11T06:57:39.403+0000] {logging_mixin.py:190} INFO - [2024-11-11T06:57:39.403+0000] {dag.py:3239} INFO - Sync 1 DAGs
[2024-11-11T06:57:39.435+0000] {logging_mixin.py:190} INFO - [2024-11-11T06:57:39.435+0000] {dag.py:4180} INFO - Setting next_dagrun for example_branch_dop_operator_v3 to 2024-11-11 06:56:00+00:00, run_after=2024-11-11 06:57:00+00:00
[2024-11-11T06:57:39.460+0000] {processor.py:208} INFO - Processing /home/airflow/.local/lib/python3.12/site-packages/airflow/example_dags/example_branch_python_dop_operator_3.py took 0.113 seconds
[2024-11-11T06:58:09.853+0000] {processor.py:186} INFO - Started process (PID=1278) to work on /home/airflow/.local/lib/python3.12/site-packages/airflow/example_dags/example_branch_python_dop_operator_3.py
[2024-11-11T06:58:09.855+0000] {processor.py:914} INFO - Processing file /home/airflow/.local/lib/python3.12/site-packages/airflow/example_dags/example_branch_python_dop_operator_3.py for tasks to queue
[2024-11-11T06:58:09.858+0000] {logging_mixin.py:190} INFO - [2024-11-11T06:58:09.858+0000] {dagbag.py:588} INFO - Filling up the DagBag from /home/airflow/.local/lib/python3.12/site-packages/airflow/example_dags/example_branch_python_dop_operator_3.py
[2024-11-11T06:58:09.871+0000] {processor.py:925} INFO - DAG(s) 'example_branch_dop_operator_v3' retrieved from /home/airflow/.local/lib/python3.12/site-packages/airflow/example_dags/example_branch_python_dop_operator_3.py
[2024-11-11T06:58:09.901+0000] {logging_mixin.py:190} INFO - [2024-11-11T06:58:09.901+0000] {dag.py:3239} INFO - Sync 1 DAGs
[2024-11-11T06:58:09.953+0000] {logging_mixin.py:190} INFO - [2024-11-11T06:58:09.952+0000] {dag.py:4180} INFO - Setting next_dagrun for example_branch_dop_operator_v3 to 2024-11-11 06:57:00+00:00, run_after=2024-11-11 06:58:00+00:00
[2024-11-11T06:58:09.992+0000] {processor.py:208} INFO - Processing /home/airflow/.local/lib/python3.12/site-packages/airflow/example_dags/example_branch_python_dop_operator_3.py took 0.147 seconds
[2024-11-11T06:58:40.692+0000] {processor.py:186} INFO - Started process (PID=1342) to work on /home/airflow/.local/lib/python3.12/site-packages/airflow/example_dags/example_branch_python_dop_operator_3.py
[2024-11-11T06:58:40.694+0000] {processor.py:914} INFO - Processing file /home/airflow/.local/lib/python3.12/site-packages/airflow/example_dags/example_branch_python_dop_operator_3.py for tasks to queue
[2024-11-11T06:58:40.700+0000] {logging_mixin.py:190} INFO - [2024-11-11T06:58:40.699+0000] {dagbag.py:588} INFO - Filling up the DagBag from /home/airflow/.local/lib/python3.12/site-packages/airflow/example_dags/example_branch_python_dop_operator_3.py
[2024-11-11T06:58:40.721+0000] {processor.py:925} INFO - DAG(s) 'example_branch_dop_operator_v3' retrieved from /home/airflow/.local/lib/python3.12/site-packages/airflow/example_dags/example_branch_python_dop_operator_3.py
[2024-11-11T06:58:40.766+0000] {logging_mixin.py:190} INFO - [2024-11-11T06:58:40.766+0000] {dag.py:3239} INFO - Sync 1 DAGs
[2024-11-11T06:58:40.819+0000] {logging_mixin.py:190} INFO - [2024-11-11T06:58:40.818+0000] {dag.py:4180} INFO - Setting next_dagrun for example_branch_dop_operator_v3 to 2024-11-11 06:57:00+00:00, run_after=2024-11-11 06:58:00+00:00
[2024-11-11T06:58:40.861+0000] {processor.py:208} INFO - Processing /home/airflow/.local/lib/python3.12/site-packages/airflow/example_dags/example_branch_python_dop_operator_3.py took 0.179 seconds
[2024-11-11T06:59:11.012+0000] {processor.py:186} INFO - Started process (PID=1406) to work on /home/airflow/.local/lib/python3.12/site-packages/airflow/example_dags/example_branch_python_dop_operator_3.py
[2024-11-11T06:59:11.034+0000] {processor.py:914} INFO - Processing file /home/airflow/.local/lib/python3.12/site-packages/airflow/example_dags/example_branch_python_dop_operator_3.py for tasks to queue
[2024-11-11T06:59:11.053+0000] {logging_mixin.py:190} INFO - [2024-11-11T06:59:11.051+0000] {dagbag.py:588} INFO - Filling up the DagBag from /home/airflow/.local/lib/python3.12/site-packages/airflow/example_dags/example_branch_python_dop_operator_3.py
[2024-11-11T06:59:11.123+0000] {processor.py:925} INFO - DAG(s) 'example_branch_dop_operator_v3' retrieved from /home/airflow/.local/lib/python3.12/site-packages/airflow/example_dags/example_branch_python_dop_operator_3.py
[2024-11-11T06:59:11.221+0000] {logging_mixin.py:190} INFO - [2024-11-11T06:59:11.220+0000] {dag.py:3239} INFO - Sync 1 DAGs
[2024-11-11T06:59:11.285+0000] {logging_mixin.py:190} INFO - [2024-11-11T06:59:11.284+0000] {dag.py:4180} INFO - Setting next_dagrun for example_branch_dop_operator_v3 to 2024-11-11 06:58:00+00:00, run_after=2024-11-11 06:59:00+00:00
[2024-11-11T06:59:11.332+0000] {processor.py:208} INFO - Processing /home/airflow/.local/lib/python3.12/site-packages/airflow/example_dags/example_branch_python_dop_operator_3.py took 0.363 seconds
[2024-11-11T06:59:41.636+0000] {processor.py:186} INFO - Started process (PID=1470) to work on /home/airflow/.local/lib/python3.12/site-packages/airflow/example_dags/example_branch_python_dop_operator_3.py
[2024-11-11T06:59:41.637+0000] {processor.py:914} INFO - Processing file /home/airflow/.local/lib/python3.12/site-packages/airflow/example_dags/example_branch_python_dop_operator_3.py for tasks to queue
[2024-11-11T06:59:41.641+0000] {logging_mixin.py:190} INFO - [2024-11-11T06:59:41.640+0000] {dagbag.py:588} INFO - Filling up the DagBag from /home/airflow/.local/lib/python3.12/site-packages/airflow/example_dags/example_branch_python_dop_operator_3.py
[2024-11-11T06:59:41.654+0000] {processor.py:925} INFO - DAG(s) 'example_branch_dop_operator_v3' retrieved from /home/airflow/.local/lib/python3.12/site-packages/airflow/example_dags/example_branch_python_dop_operator_3.py
[2024-11-11T06:59:41.682+0000] {logging_mixin.py:190} INFO - [2024-11-11T06:59:41.681+0000] {dag.py:3239} INFO - Sync 1 DAGs
[2024-11-11T06:59:41.713+0000] {logging_mixin.py:190} INFO - [2024-11-11T06:59:41.713+0000] {dag.py:4180} INFO - Setting next_dagrun for example_branch_dop_operator_v3 to 2024-11-11 06:58:00+00:00, run_after=2024-11-11 06:59:00+00:00
[2024-11-11T06:59:41.741+0000] {processor.py:208} INFO - Processing /home/airflow/.local/lib/python3.12/site-packages/airflow/example_dags/example_branch_python_dop_operator_3.py took 0.112 seconds
[2024-11-11T07:00:13.043+0000] {processor.py:186} INFO - Started process (PID=1534) to work on /home/airflow/.local/lib/python3.12/site-packages/airflow/example_dags/example_branch_python_dop_operator_3.py
[2024-11-11T07:00:13.045+0000] {processor.py:914} INFO - Processing file /home/airflow/.local/lib/python3.12/site-packages/airflow/example_dags/example_branch_python_dop_operator_3.py for tasks to queue
[2024-11-11T07:00:13.049+0000] {logging_mixin.py:190} INFO - [2024-11-11T07:00:13.049+0000] {dagbag.py:588} INFO - Filling up the DagBag from /home/airflow/.local/lib/python3.12/site-packages/airflow/example_dags/example_branch_python_dop_operator_3.py
[2024-11-11T07:00:13.063+0000] {processor.py:925} INFO - DAG(s) 'example_branch_dop_operator_v3' retrieved from /home/airflow/.local/lib/python3.12/site-packages/airflow/example_dags/example_branch_python_dop_operator_3.py
[2024-11-11T07:00:13.102+0000] {logging_mixin.py:190} INFO - [2024-11-11T07:00:13.101+0000] {dag.py:3239} INFO - Sync 1 DAGs
[2024-11-11T07:00:13.163+0000] {logging_mixin.py:190} INFO - [2024-11-11T07:00:13.163+0000] {dag.py:4180} INFO - Setting next_dagrun for example_branch_dop_operator_v3 to 2024-11-11 06:59:00+00:00, run_after=2024-11-11 07:00:00+00:00
[2024-11-11T07:00:13.197+0000] {processor.py:208} INFO - Processing /home/airflow/.local/lib/python3.12/site-packages/airflow/example_dags/example_branch_python_dop_operator_3.py took 0.161 seconds
[2024-11-11T07:00:44.036+0000] {processor.py:186} INFO - Started process (PID=1598) to work on /home/airflow/.local/lib/python3.12/site-packages/airflow/example_dags/example_branch_python_dop_operator_3.py
[2024-11-11T07:00:44.038+0000] {processor.py:914} INFO - Processing file /home/airflow/.local/lib/python3.12/site-packages/airflow/example_dags/example_branch_python_dop_operator_3.py for tasks to queue
[2024-11-11T07:00:44.043+0000] {logging_mixin.py:190} INFO - [2024-11-11T07:00:44.042+0000] {dagbag.py:588} INFO - Filling up the DagBag from /home/airflow/.local/lib/python3.12/site-packages/airflow/example_dags/example_branch_python_dop_operator_3.py
[2024-11-11T07:00:44.061+0000] {processor.py:925} INFO - DAG(s) 'example_branch_dop_operator_v3' retrieved from /home/airflow/.local/lib/python3.12/site-packages/airflow/example_dags/example_branch_python_dop_operator_3.py
[2024-11-11T07:00:44.100+0000] {logging_mixin.py:190} INFO - [2024-11-11T07:00:44.100+0000] {dag.py:3239} INFO - Sync 1 DAGs
[2024-11-11T07:00:44.145+0000] {logging_mixin.py:190} INFO - [2024-11-11T07:00:44.145+0000] {dag.py:4180} INFO - Setting next_dagrun for example_branch_dop_operator_v3 to 2024-11-11 06:59:00+00:00, run_after=2024-11-11 07:00:00+00:00
[2024-11-11T07:00:44.181+0000] {processor.py:208} INFO - Processing /home/airflow/.local/lib/python3.12/site-packages/airflow/example_dags/example_branch_python_dop_operator_3.py took 0.154 seconds
[2024-11-11T07:01:14.359+0000] {processor.py:186} INFO - Started process (PID=1662) to work on /home/airflow/.local/lib/python3.12/site-packages/airflow/example_dags/example_branch_python_dop_operator_3.py
[2024-11-11T07:01:14.360+0000] {processor.py:914} INFO - Processing file /home/airflow/.local/lib/python3.12/site-packages/airflow/example_dags/example_branch_python_dop_operator_3.py for tasks to queue
[2024-11-11T07:01:14.363+0000] {logging_mixin.py:190} INFO - [2024-11-11T07:01:14.363+0000] {dagbag.py:588} INFO - Filling up the DagBag from /home/airflow/.local/lib/python3.12/site-packages/airflow/example_dags/example_branch_python_dop_operator_3.py
[2024-11-11T07:01:14.376+0000] {processor.py:925} INFO - DAG(s) 'example_branch_dop_operator_v3' retrieved from /home/airflow/.local/lib/python3.12/site-packages/airflow/example_dags/example_branch_python_dop_operator_3.py
[2024-11-11T07:01:14.404+0000] {logging_mixin.py:190} INFO - [2024-11-11T07:01:14.403+0000] {dag.py:3239} INFO - Sync 1 DAGs
[2024-11-11T07:01:14.435+0000] {logging_mixin.py:190} INFO - [2024-11-11T07:01:14.434+0000] {dag.py:4180} INFO - Setting next_dagrun for example_branch_dop_operator_v3 to 2024-11-11 07:00:00+00:00, run_after=2024-11-11 07:01:00+00:00
[2024-11-11T07:01:14.463+0000] {processor.py:208} INFO - Processing /home/airflow/.local/lib/python3.12/site-packages/airflow/example_dags/example_branch_python_dop_operator_3.py took 0.111 seconds
[2024-11-11T07:01:45.031+0000] {processor.py:186} INFO - Started process (PID=1726) to work on /home/airflow/.local/lib/python3.12/site-packages/airflow/example_dags/example_branch_python_dop_operator_3.py
[2024-11-11T07:01:45.033+0000] {processor.py:914} INFO - Processing file /home/airflow/.local/lib/python3.12/site-packages/airflow/example_dags/example_branch_python_dop_operator_3.py for tasks to queue
[2024-11-11T07:01:45.037+0000] {logging_mixin.py:190} INFO - [2024-11-11T07:01:45.037+0000] {dagbag.py:588} INFO - Filling up the DagBag from /home/airflow/.local/lib/python3.12/site-packages/airflow/example_dags/example_branch_python_dop_operator_3.py
[2024-11-11T07:01:45.050+0000] {processor.py:925} INFO - DAG(s) 'example_branch_dop_operator_v3' retrieved from /home/airflow/.local/lib/python3.12/site-packages/airflow/example_dags/example_branch_python_dop_operator_3.py
[2024-11-11T07:01:45.078+0000] {logging_mixin.py:190} INFO - [2024-11-11T07:01:45.078+0000] {dag.py:3239} INFO - Sync 1 DAGs
[2024-11-11T07:01:45.109+0000] {logging_mixin.py:190} INFO - [2024-11-11T07:01:45.109+0000] {dag.py:4180} INFO - Setting next_dagrun for example_branch_dop_operator_v3 to 2024-11-11 07:00:00+00:00, run_after=2024-11-11 07:01:00+00:00
[2024-11-11T07:01:45.134+0000] {processor.py:208} INFO - Processing /home/airflow/.local/lib/python3.12/site-packages/airflow/example_dags/example_branch_python_dop_operator_3.py took 0.110 seconds
[2024-11-11T07:02:15.380+0000] {processor.py:186} INFO - Started process (PID=1790) to work on /home/airflow/.local/lib/python3.12/site-packages/airflow/example_dags/example_branch_python_dop_operator_3.py
[2024-11-11T07:02:15.387+0000] {processor.py:914} INFO - Processing file /home/airflow/.local/lib/python3.12/site-packages/airflow/example_dags/example_branch_python_dop_operator_3.py for tasks to queue
[2024-11-11T07:02:15.644+0000] {logging_mixin.py:190} INFO - [2024-11-11T07:02:15.643+0000] {dagbag.py:588} INFO - Filling up the DagBag from /home/airflow/.local/lib/python3.12/site-packages/airflow/example_dags/example_branch_python_dop_operator_3.py
[2024-11-11T07:02:15.678+0000] {processor.py:925} INFO - DAG(s) 'example_branch_dop_operator_v3' retrieved from /home/airflow/.local/lib/python3.12/site-packages/airflow/example_dags/example_branch_python_dop_operator_3.py
[2024-11-11T07:02:15.729+0000] {logging_mixin.py:190} INFO - [2024-11-11T07:02:15.729+0000] {dag.py:3239} INFO - Sync 1 DAGs
[2024-11-11T07:02:15.826+0000] {logging_mixin.py:190} INFO - [2024-11-11T07:02:15.825+0000] {dag.py:4180} INFO - Setting next_dagrun for example_branch_dop_operator_v3 to 2024-11-11 07:01:00+00:00, run_after=2024-11-11 07:02:00+00:00
[2024-11-11T07:02:15.883+0000] {processor.py:208} INFO - Processing /home/airflow/.local/lib/python3.12/site-packages/airflow/example_dags/example_branch_python_dop_operator_3.py took 0.514 seconds
[2024-11-11T07:02:46.169+0000] {processor.py:186} INFO - Started process (PID=1854) to work on /home/airflow/.local/lib/python3.12/site-packages/airflow/example_dags/example_branch_python_dop_operator_3.py
[2024-11-11T07:02:46.171+0000] {processor.py:914} INFO - Processing file /home/airflow/.local/lib/python3.12/site-packages/airflow/example_dags/example_branch_python_dop_operator_3.py for tasks to queue
[2024-11-11T07:02:46.176+0000] {logging_mixin.py:190} INFO - [2024-11-11T07:02:46.176+0000] {dagbag.py:588} INFO - Filling up the DagBag from /home/airflow/.local/lib/python3.12/site-packages/airflow/example_dags/example_branch_python_dop_operator_3.py
[2024-11-11T07:02:46.193+0000] {processor.py:925} INFO - DAG(s) 'example_branch_dop_operator_v3' retrieved from /home/airflow/.local/lib/python3.12/site-packages/airflow/example_dags/example_branch_python_dop_operator_3.py
[2024-11-11T07:02:46.226+0000] {logging_mixin.py:190} INFO - [2024-11-11T07:02:46.225+0000] {dag.py:3239} INFO - Sync 1 DAGs
[2024-11-11T07:02:46.259+0000] {logging_mixin.py:190} INFO - [2024-11-11T07:02:46.258+0000] {dag.py:4180} INFO - Setting next_dagrun for example_branch_dop_operator_v3 to 2024-11-11 07:01:00+00:00, run_after=2024-11-11 07:02:00+00:00
[2024-11-11T07:02:46.283+0000] {processor.py:208} INFO - Processing /home/airflow/.local/lib/python3.12/site-packages/airflow/example_dags/example_branch_python_dop_operator_3.py took 0.122 seconds
[2024-11-11T07:03:18.031+0000] {processor.py:186} INFO - Started process (PID=1918) to work on /home/airflow/.local/lib/python3.12/site-packages/airflow/example_dags/example_branch_python_dop_operator_3.py
[2024-11-11T07:03:18.033+0000] {processor.py:914} INFO - Processing file /home/airflow/.local/lib/python3.12/site-packages/airflow/example_dags/example_branch_python_dop_operator_3.py for tasks to queue
[2024-11-11T07:03:18.041+0000] {logging_mixin.py:190} INFO - [2024-11-11T07:03:18.040+0000] {dagbag.py:588} INFO - Filling up the DagBag from /home/airflow/.local/lib/python3.12/site-packages/airflow/example_dags/example_branch_python_dop_operator_3.py
[2024-11-11T07:03:18.076+0000] {processor.py:925} INFO - DAG(s) 'example_branch_dop_operator_v3' retrieved from /home/airflow/.local/lib/python3.12/site-packages/airflow/example_dags/example_branch_python_dop_operator_3.py
[2024-11-11T07:03:18.159+0000] {logging_mixin.py:190} INFO - [2024-11-11T07:03:18.158+0000] {dag.py:3239} INFO - Sync 1 DAGs
[2024-11-11T07:03:18.240+0000] {logging_mixin.py:190} INFO - [2024-11-11T07:03:18.239+0000] {dag.py:4180} INFO - Setting next_dagrun for example_branch_dop_operator_v3 to 2024-11-11 07:02:00+00:00, run_after=2024-11-11 07:03:00+00:00
[2024-11-11T07:03:18.327+0000] {processor.py:208} INFO - Processing /home/airflow/.local/lib/python3.12/site-packages/airflow/example_dags/example_branch_python_dop_operator_3.py took 0.311 seconds
