[2024-11-11T06:48:24.357+0000] {processor.py:186} INFO - Started process (PID=60) to work on /home/airflow/.local/lib/python3.12/site-packages/airflow/example_dags/example_inlet_event_extra.py
[2024-11-11T06:48:24.358+0000] {processor.py:914} INFO - Processing file /home/airflow/.local/lib/python3.12/site-packages/airflow/example_dags/example_inlet_event_extra.py for tasks to queue
[2024-11-11T06:48:24.361+0000] {logging_mixin.py:190} INFO - [2024-11-11T06:48:24.361+0000] {dagbag.py:588} INFO - Filling up the DagBag from /home/airflow/.local/lib/python3.12/site-packages/airflow/example_dags/example_inlet_event_extra.py
[2024-11-11T06:48:25.176+0000] {processor.py:925} INFO - DAG(s) 'read_dataset_event', 'read_dataset_event_from_classic' retrieved from /home/airflow/.local/lib/python3.12/site-packages/airflow/example_dags/example_inlet_event_extra.py
[2024-11-11T06:48:25.340+0000] {logging_mixin.py:190} INFO - [2024-11-11T06:48:25.339+0000] {override.py:1911} INFO - Created Permission View: can read on DAG:read_dataset_event
[2024-11-11T06:48:25.371+0000] {logging_mixin.py:190} INFO - [2024-11-11T06:48:25.370+0000] {override.py:1911} INFO - Created Permission View: can delete on DAG:read_dataset_event
[2024-11-11T06:48:25.396+0000] {logging_mixin.py:190} INFO - [2024-11-11T06:48:25.396+0000] {override.py:1911} INFO - Created Permission View: can edit on DAG:read_dataset_event
[2024-11-11T06:48:25.421+0000] {logging_mixin.py:190} INFO - [2024-11-11T06:48:25.420+0000] {override.py:1911} INFO - Created Permission View: menu access on DAG Run:read_dataset_event
[2024-11-11T06:48:25.444+0000] {logging_mixin.py:190} INFO - [2024-11-11T06:48:25.444+0000] {override.py:1911} INFO - Created Permission View: can read on DAG Run:read_dataset_event
[2024-11-11T06:48:25.466+0000] {logging_mixin.py:190} INFO - [2024-11-11T06:48:25.465+0000] {override.py:1911} INFO - Created Permission View: can delete on DAG Run:read_dataset_event
[2024-11-11T06:48:25.479+0000] {logging_mixin.py:190} INFO - [2024-11-11T06:48:25.478+0000] {override.py:1911} INFO - Created Permission View: can create on DAG Run:read_dataset_event
[2024-11-11T06:48:25.501+0000] {logging_mixin.py:190} INFO - [2024-11-11T06:48:25.500+0000] {override.py:1911} INFO - Created Permission View: can read on DAG:read_dataset_event_from_classic
[2024-11-11T06:48:25.511+0000] {logging_mixin.py:190} INFO - [2024-11-11T06:48:25.511+0000] {override.py:1911} INFO - Created Permission View: can delete on DAG:read_dataset_event_from_classic
[2024-11-11T06:48:25.523+0000] {logging_mixin.py:190} INFO - [2024-11-11T06:48:25.523+0000] {override.py:1911} INFO - Created Permission View: can edit on DAG:read_dataset_event_from_classic
[2024-11-11T06:48:25.538+0000] {logging_mixin.py:190} INFO - [2024-11-11T06:48:25.537+0000] {override.py:1911} INFO - Created Permission View: menu access on DAG Run:read_dataset_event_from_classic
[2024-11-11T06:48:25.552+0000] {logging_mixin.py:190} INFO - [2024-11-11T06:48:25.551+0000] {override.py:1911} INFO - Created Permission View: can read on DAG Run:read_dataset_event_from_classic
[2024-11-11T06:48:25.574+0000] {logging_mixin.py:190} INFO - [2024-11-11T06:48:25.573+0000] {override.py:1911} INFO - Created Permission View: can delete on DAG Run:read_dataset_event_from_classic
[2024-11-11T06:48:25.591+0000] {logging_mixin.py:190} INFO - [2024-11-11T06:48:25.591+0000] {override.py:1911} INFO - Created Permission View: can create on DAG Run:read_dataset_event_from_classic
[2024-11-11T06:48:25.592+0000] {logging_mixin.py:190} INFO - [2024-11-11T06:48:25.592+0000] {dag.py:3239} INFO - Sync 2 DAGs
[2024-11-11T06:48:25.607+0000] {logging_mixin.py:190} INFO - [2024-11-11T06:48:25.607+0000] {dag.py:3262} INFO - Creating ORM DAG for read_dataset_event
[2024-11-11T06:48:25.609+0000] {logging_mixin.py:190} INFO - [2024-11-11T06:48:25.609+0000] {dag.py:3262} INFO - Creating ORM DAG for read_dataset_event_from_classic
[2024-11-11T06:48:25.622+0000] {logging_mixin.py:190} INFO - [2024-11-11T06:48:25.622+0000] {dag.py:4180} INFO - Setting next_dagrun for read_dataset_event to 2024-11-10 00:00:00+00:00, run_after=2024-11-11 00:00:00+00:00
[2024-11-11T06:48:25.626+0000] {logging_mixin.py:190} INFO - [2024-11-11T06:48:25.626+0000] {dag.py:4180} INFO - Setting next_dagrun for read_dataset_event_from_classic to 2024-11-10 00:00:00+00:00, run_after=2024-11-11 00:00:00+00:00
[2024-11-11T06:48:25.652+0000] {processor.py:208} INFO - Processing /home/airflow/.local/lib/python3.12/site-packages/airflow/example_dags/example_inlet_event_extra.py took 1.302 seconds
[2024-11-11T06:48:56.522+0000] {processor.py:186} INFO - Started process (PID=124) to work on /home/airflow/.local/lib/python3.12/site-packages/airflow/example_dags/example_inlet_event_extra.py
[2024-11-11T06:48:56.543+0000] {processor.py:914} INFO - Processing file /home/airflow/.local/lib/python3.12/site-packages/airflow/example_dags/example_inlet_event_extra.py for tasks to queue
[2024-11-11T06:48:56.555+0000] {logging_mixin.py:190} INFO - [2024-11-11T06:48:56.552+0000] {dagbag.py:588} INFO - Filling up the DagBag from /home/airflow/.local/lib/python3.12/site-packages/airflow/example_dags/example_inlet_event_extra.py
[2024-11-11T06:48:58.677+0000] {processor.py:925} INFO - DAG(s) 'read_dataset_event_from_classic', 'read_dataset_event' retrieved from /home/airflow/.local/lib/python3.12/site-packages/airflow/example_dags/example_inlet_event_extra.py
[2024-11-11T06:48:58.732+0000] {logging_mixin.py:190} INFO - [2024-11-11T06:48:58.731+0000] {dag.py:3239} INFO - Sync 2 DAGs
[2024-11-11T06:48:58.793+0000] {logging_mixin.py:190} INFO - [2024-11-11T06:48:58.793+0000] {dag.py:4180} INFO - Setting next_dagrun for read_dataset_event to 2024-11-10 00:00:00+00:00, run_after=2024-11-11 00:00:00+00:00
[2024-11-11T06:48:58.803+0000] {logging_mixin.py:190} INFO - [2024-11-11T06:48:58.803+0000] {dag.py:4180} INFO - Setting next_dagrun for read_dataset_event_from_classic to 2024-11-10 00:00:00+00:00, run_after=2024-11-11 00:00:00+00:00
[2024-11-11T06:48:58.843+0000] {processor.py:208} INFO - Processing /home/airflow/.local/lib/python3.12/site-packages/airflow/example_dags/example_inlet_event_extra.py took 2.451 seconds
[2024-11-11T06:49:28.966+0000] {processor.py:186} INFO - Started process (PID=191) to work on /home/airflow/.local/lib/python3.12/site-packages/airflow/example_dags/example_inlet_event_extra.py
[2024-11-11T06:49:28.967+0000] {processor.py:914} INFO - Processing file /home/airflow/.local/lib/python3.12/site-packages/airflow/example_dags/example_inlet_event_extra.py for tasks to queue
[2024-11-11T06:49:28.972+0000] {logging_mixin.py:190} INFO - [2024-11-11T06:49:28.971+0000] {dagbag.py:588} INFO - Filling up the DagBag from /home/airflow/.local/lib/python3.12/site-packages/airflow/example_dags/example_inlet_event_extra.py
[2024-11-11T06:49:29.865+0000] {processor.py:925} INFO - DAG(s) 'read_dataset_event', 'read_dataset_event_from_classic' retrieved from /home/airflow/.local/lib/python3.12/site-packages/airflow/example_dags/example_inlet_event_extra.py
[2024-11-11T06:49:29.902+0000] {logging_mixin.py:190} INFO - [2024-11-11T06:49:29.902+0000] {dag.py:3239} INFO - Sync 2 DAGs
[2024-11-11T06:49:29.945+0000] {logging_mixin.py:190} INFO - [2024-11-11T06:49:29.944+0000] {dag.py:4180} INFO - Setting next_dagrun for read_dataset_event to 2024-11-10 00:00:00+00:00, run_after=2024-11-11 00:00:00+00:00
[2024-11-11T06:49:29.956+0000] {logging_mixin.py:190} INFO - [2024-11-11T06:49:29.955+0000] {dag.py:4180} INFO - Setting next_dagrun for read_dataset_event_from_classic to 2024-11-10 00:00:00+00:00, run_after=2024-11-11 00:00:00+00:00
[2024-11-11T06:49:29.986+0000] {processor.py:208} INFO - Processing /home/airflow/.local/lib/python3.12/site-packages/airflow/example_dags/example_inlet_event_extra.py took 1.027 seconds
[2024-11-11T06:50:00.069+0000] {processor.py:186} INFO - Started process (PID=258) to work on /home/airflow/.local/lib/python3.12/site-packages/airflow/example_dags/example_inlet_event_extra.py
[2024-11-11T06:50:00.072+0000] {processor.py:914} INFO - Processing file /home/airflow/.local/lib/python3.12/site-packages/airflow/example_dags/example_inlet_event_extra.py for tasks to queue
[2024-11-11T06:50:00.080+0000] {logging_mixin.py:190} INFO - [2024-11-11T06:50:00.079+0000] {dagbag.py:588} INFO - Filling up the DagBag from /home/airflow/.local/lib/python3.12/site-packages/airflow/example_dags/example_inlet_event_extra.py
[2024-11-11T06:50:01.839+0000] {processor.py:925} INFO - DAG(s) 'read_dataset_event_from_classic', 'read_dataset_event' retrieved from /home/airflow/.local/lib/python3.12/site-packages/airflow/example_dags/example_inlet_event_extra.py
[2024-11-11T06:50:01.898+0000] {logging_mixin.py:190} INFO - [2024-11-11T06:50:01.897+0000] {dag.py:3239} INFO - Sync 2 DAGs
[2024-11-11T06:50:01.981+0000] {logging_mixin.py:190} INFO - [2024-11-11T06:50:01.981+0000] {dag.py:4180} INFO - Setting next_dagrun for read_dataset_event to 2024-11-10 00:00:00+00:00, run_after=2024-11-11 00:00:00+00:00
[2024-11-11T06:50:01.988+0000] {logging_mixin.py:190} INFO - [2024-11-11T06:50:01.988+0000] {dag.py:4180} INFO - Setting next_dagrun for read_dataset_event_from_classic to 2024-11-10 00:00:00+00:00, run_after=2024-11-11 00:00:00+00:00
[2024-11-11T06:50:02.016+0000] {processor.py:208} INFO - Processing /home/airflow/.local/lib/python3.12/site-packages/airflow/example_dags/example_inlet_event_extra.py took 1.962 seconds
[2024-11-11T06:50:32.676+0000] {processor.py:186} INFO - Started process (PID=324) to work on /home/airflow/.local/lib/python3.12/site-packages/airflow/example_dags/example_inlet_event_extra.py
[2024-11-11T06:50:32.678+0000] {processor.py:914} INFO - Processing file /home/airflow/.local/lib/python3.12/site-packages/airflow/example_dags/example_inlet_event_extra.py for tasks to queue
[2024-11-11T06:50:32.681+0000] {logging_mixin.py:190} INFO - [2024-11-11T06:50:32.680+0000] {dagbag.py:588} INFO - Filling up the DagBag from /home/airflow/.local/lib/python3.12/site-packages/airflow/example_dags/example_inlet_event_extra.py
[2024-11-11T06:50:33.733+0000] {processor.py:925} INFO - DAG(s) 'read_dataset_event_from_classic', 'read_dataset_event' retrieved from /home/airflow/.local/lib/python3.12/site-packages/airflow/example_dags/example_inlet_event_extra.py
[2024-11-11T06:50:33.777+0000] {logging_mixin.py:190} INFO - [2024-11-11T06:50:33.776+0000] {dag.py:3239} INFO - Sync 2 DAGs
[2024-11-11T06:50:33.817+0000] {logging_mixin.py:190} INFO - [2024-11-11T06:50:33.816+0000] {dag.py:4180} INFO - Setting next_dagrun for read_dataset_event to 2024-11-10 00:00:00+00:00, run_after=2024-11-11 00:00:00+00:00
[2024-11-11T06:50:33.826+0000] {logging_mixin.py:190} INFO - [2024-11-11T06:50:33.826+0000] {dag.py:4180} INFO - Setting next_dagrun for read_dataset_event_from_classic to 2024-11-10 00:00:00+00:00, run_after=2024-11-11 00:00:00+00:00
[2024-11-11T06:50:33.851+0000] {processor.py:208} INFO - Processing /home/airflow/.local/lib/python3.12/site-packages/airflow/example_dags/example_inlet_event_extra.py took 1.182 seconds
[2024-11-11T06:51:04.357+0000] {processor.py:186} INFO - Started process (PID=391) to work on /home/airflow/.local/lib/python3.12/site-packages/airflow/example_dags/example_inlet_event_extra.py
[2024-11-11T06:51:04.359+0000] {processor.py:914} INFO - Processing file /home/airflow/.local/lib/python3.12/site-packages/airflow/example_dags/example_inlet_event_extra.py for tasks to queue
[2024-11-11T06:51:04.363+0000] {logging_mixin.py:190} INFO - [2024-11-11T06:51:04.363+0000] {dagbag.py:588} INFO - Filling up the DagBag from /home/airflow/.local/lib/python3.12/site-packages/airflow/example_dags/example_inlet_event_extra.py
[2024-11-11T06:51:05.337+0000] {processor.py:925} INFO - DAG(s) 'read_dataset_event', 'read_dataset_event_from_classic' retrieved from /home/airflow/.local/lib/python3.12/site-packages/airflow/example_dags/example_inlet_event_extra.py
[2024-11-11T06:51:05.386+0000] {logging_mixin.py:190} INFO - [2024-11-11T06:51:05.385+0000] {dag.py:3239} INFO - Sync 2 DAGs
[2024-11-11T06:51:05.438+0000] {logging_mixin.py:190} INFO - [2024-11-11T06:51:05.437+0000] {dag.py:4180} INFO - Setting next_dagrun for read_dataset_event to 2024-11-10 00:00:00+00:00, run_after=2024-11-11 00:00:00+00:00
[2024-11-11T06:51:05.448+0000] {logging_mixin.py:190} INFO - [2024-11-11T06:51:05.448+0000] {dag.py:4180} INFO - Setting next_dagrun for read_dataset_event_from_classic to 2024-11-10 00:00:00+00:00, run_after=2024-11-11 00:00:00+00:00
[2024-11-11T06:51:05.488+0000] {processor.py:208} INFO - Processing /home/airflow/.local/lib/python3.12/site-packages/airflow/example_dags/example_inlet_event_extra.py took 1.138 seconds
[2024-11-11T06:51:36.015+0000] {processor.py:186} INFO - Started process (PID=459) to work on /home/airflow/.local/lib/python3.12/site-packages/airflow/example_dags/example_inlet_event_extra.py
[2024-11-11T06:51:36.019+0000] {processor.py:914} INFO - Processing file /home/airflow/.local/lib/python3.12/site-packages/airflow/example_dags/example_inlet_event_extra.py for tasks to queue
[2024-11-11T06:51:36.025+0000] {logging_mixin.py:190} INFO - [2024-11-11T06:51:36.024+0000] {dagbag.py:588} INFO - Filling up the DagBag from /home/airflow/.local/lib/python3.12/site-packages/airflow/example_dags/example_inlet_event_extra.py
[2024-11-11T06:51:37.566+0000] {processor.py:925} INFO - DAG(s) 'read_dataset_event', 'read_dataset_event_from_classic' retrieved from /home/airflow/.local/lib/python3.12/site-packages/airflow/example_dags/example_inlet_event_extra.py
[2024-11-11T06:51:37.615+0000] {logging_mixin.py:190} INFO - [2024-11-11T06:51:37.614+0000] {dag.py:3239} INFO - Sync 2 DAGs
[2024-11-11T06:51:37.668+0000] {logging_mixin.py:190} INFO - [2024-11-11T06:51:37.667+0000] {dag.py:4180} INFO - Setting next_dagrun for read_dataset_event to 2024-11-10 00:00:00+00:00, run_after=2024-11-11 00:00:00+00:00
[2024-11-11T06:51:37.681+0000] {logging_mixin.py:190} INFO - [2024-11-11T06:51:37.680+0000] {dag.py:4180} INFO - Setting next_dagrun for read_dataset_event_from_classic to 2024-11-10 00:00:00+00:00, run_after=2024-11-11 00:00:00+00:00
[2024-11-11T06:51:37.713+0000] {processor.py:208} INFO - Processing /home/airflow/.local/lib/python3.12/site-packages/airflow/example_dags/example_inlet_event_extra.py took 1.710 seconds
[2024-11-11T06:52:07.871+0000] {processor.py:186} INFO - Started process (PID=524) to work on /home/airflow/.local/lib/python3.12/site-packages/airflow/example_dags/example_inlet_event_extra.py
[2024-11-11T06:52:07.873+0000] {processor.py:914} INFO - Processing file /home/airflow/.local/lib/python3.12/site-packages/airflow/example_dags/example_inlet_event_extra.py for tasks to queue
[2024-11-11T06:52:07.878+0000] {logging_mixin.py:190} INFO - [2024-11-11T06:52:07.878+0000] {dagbag.py:588} INFO - Filling up the DagBag from /home/airflow/.local/lib/python3.12/site-packages/airflow/example_dags/example_inlet_event_extra.py
[2024-11-11T06:52:09.917+0000] {processor.py:925} INFO - DAG(s) 'read_dataset_event_from_classic', 'read_dataset_event' retrieved from /home/airflow/.local/lib/python3.12/site-packages/airflow/example_dags/example_inlet_event_extra.py
[2024-11-11T06:52:10.044+0000] {logging_mixin.py:190} INFO - [2024-11-11T06:52:10.043+0000] {dag.py:3239} INFO - Sync 2 DAGs
[2024-11-11T06:52:10.121+0000] {logging_mixin.py:190} INFO - [2024-11-11T06:52:10.121+0000] {dag.py:4180} INFO - Setting next_dagrun for read_dataset_event to 2024-11-10 00:00:00+00:00, run_after=2024-11-11 00:00:00+00:00
[2024-11-11T06:52:10.137+0000] {logging_mixin.py:190} INFO - [2024-11-11T06:52:10.137+0000] {dag.py:4180} INFO - Setting next_dagrun for read_dataset_event_from_classic to 2024-11-10 00:00:00+00:00, run_after=2024-11-11 00:00:00+00:00
[2024-11-11T06:52:10.194+0000] {processor.py:208} INFO - Processing /home/airflow/.local/lib/python3.12/site-packages/airflow/example_dags/example_inlet_event_extra.py took 2.336 seconds
[2024-11-11T06:52:40.312+0000] {processor.py:186} INFO - Started process (PID=591) to work on /home/airflow/.local/lib/python3.12/site-packages/airflow/example_dags/example_inlet_event_extra.py
[2024-11-11T06:52:40.315+0000] {processor.py:914} INFO - Processing file /home/airflow/.local/lib/python3.12/site-packages/airflow/example_dags/example_inlet_event_extra.py for tasks to queue
[2024-11-11T06:52:40.319+0000] {logging_mixin.py:190} INFO - [2024-11-11T06:52:40.318+0000] {dagbag.py:588} INFO - Filling up the DagBag from /home/airflow/.local/lib/python3.12/site-packages/airflow/example_dags/example_inlet_event_extra.py
[2024-11-11T06:52:41.277+0000] {processor.py:925} INFO - DAG(s) 'read_dataset_event', 'read_dataset_event_from_classic' retrieved from /home/airflow/.local/lib/python3.12/site-packages/airflow/example_dags/example_inlet_event_extra.py
[2024-11-11T06:52:41.312+0000] {logging_mixin.py:190} INFO - [2024-11-11T06:52:41.312+0000] {dag.py:3239} INFO - Sync 2 DAGs
[2024-11-11T06:52:41.353+0000] {logging_mixin.py:190} INFO - [2024-11-11T06:52:41.352+0000] {dag.py:4180} INFO - Setting next_dagrun for read_dataset_event to 2024-11-10 00:00:00+00:00, run_after=2024-11-11 00:00:00+00:00
[2024-11-11T06:52:41.361+0000] {logging_mixin.py:190} INFO - [2024-11-11T06:52:41.361+0000] {dag.py:4180} INFO - Setting next_dagrun for read_dataset_event_from_classic to 2024-11-10 00:00:00+00:00, run_after=2024-11-11 00:00:00+00:00
[2024-11-11T06:52:41.393+0000] {processor.py:208} INFO - Processing /home/airflow/.local/lib/python3.12/site-packages/airflow/example_dags/example_inlet_event_extra.py took 1.090 seconds
[2024-11-11T06:53:11.572+0000] {processor.py:186} INFO - Started process (PID=660) to work on /home/airflow/.local/lib/python3.12/site-packages/airflow/example_dags/example_inlet_event_extra.py
[2024-11-11T06:53:11.576+0000] {processor.py:914} INFO - Processing file /home/airflow/.local/lib/python3.12/site-packages/airflow/example_dags/example_inlet_event_extra.py for tasks to queue
[2024-11-11T06:53:11.581+0000] {logging_mixin.py:190} INFO - [2024-11-11T06:53:11.579+0000] {dagbag.py:588} INFO - Filling up the DagBag from /home/airflow/.local/lib/python3.12/site-packages/airflow/example_dags/example_inlet_event_extra.py
[2024-11-11T06:53:13.370+0000] {processor.py:925} INFO - DAG(s) 'read_dataset_event', 'read_dataset_event_from_classic' retrieved from /home/airflow/.local/lib/python3.12/site-packages/airflow/example_dags/example_inlet_event_extra.py
[2024-11-11T06:53:13.440+0000] {logging_mixin.py:190} INFO - [2024-11-11T06:53:13.439+0000] {dag.py:3239} INFO - Sync 2 DAGs
[2024-11-11T06:53:13.516+0000] {logging_mixin.py:190} INFO - [2024-11-11T06:53:13.514+0000] {dag.py:4180} INFO - Setting next_dagrun for read_dataset_event to 2024-11-10 00:00:00+00:00, run_after=2024-11-11 00:00:00+00:00
[2024-11-11T06:53:13.531+0000] {logging_mixin.py:190} INFO - [2024-11-11T06:53:13.530+0000] {dag.py:4180} INFO - Setting next_dagrun for read_dataset_event_from_classic to 2024-11-10 00:00:00+00:00, run_after=2024-11-11 00:00:00+00:00
[2024-11-11T06:53:13.572+0000] {processor.py:208} INFO - Processing /home/airflow/.local/lib/python3.12/site-packages/airflow/example_dags/example_inlet_event_extra.py took 2.009 seconds
[2024-11-11T06:53:43.690+0000] {processor.py:186} INFO - Started process (PID=725) to work on /home/airflow/.local/lib/python3.12/site-packages/airflow/example_dags/example_inlet_event_extra.py
[2024-11-11T06:53:43.692+0000] {processor.py:914} INFO - Processing file /home/airflow/.local/lib/python3.12/site-packages/airflow/example_dags/example_inlet_event_extra.py for tasks to queue
[2024-11-11T06:53:43.698+0000] {logging_mixin.py:190} INFO - [2024-11-11T06:53:43.697+0000] {dagbag.py:588} INFO - Filling up the DagBag from /home/airflow/.local/lib/python3.12/site-packages/airflow/example_dags/example_inlet_event_extra.py
[2024-11-11T06:53:44.613+0000] {processor.py:925} INFO - DAG(s) 'read_dataset_event_from_classic', 'read_dataset_event' retrieved from /home/airflow/.local/lib/python3.12/site-packages/airflow/example_dags/example_inlet_event_extra.py
[2024-11-11T06:53:44.645+0000] {logging_mixin.py:190} INFO - [2024-11-11T06:53:44.645+0000] {dag.py:3239} INFO - Sync 2 DAGs
[2024-11-11T06:53:44.677+0000] {logging_mixin.py:190} INFO - [2024-11-11T06:53:44.677+0000] {dag.py:4180} INFO - Setting next_dagrun for read_dataset_event to 2024-11-10 00:00:00+00:00, run_after=2024-11-11 00:00:00+00:00
[2024-11-11T06:53:44.685+0000] {logging_mixin.py:190} INFO - [2024-11-11T06:53:44.685+0000] {dag.py:4180} INFO - Setting next_dagrun for read_dataset_event_from_classic to 2024-11-10 00:00:00+00:00, run_after=2024-11-11 00:00:00+00:00
[2024-11-11T06:53:44.710+0000] {processor.py:208} INFO - Processing /home/airflow/.local/lib/python3.12/site-packages/airflow/example_dags/example_inlet_event_extra.py took 1.034 seconds
[2024-11-11T06:54:14.893+0000] {processor.py:186} INFO - Started process (PID=794) to work on /home/airflow/.local/lib/python3.12/site-packages/airflow/example_dags/example_inlet_event_extra.py
[2024-11-11T06:54:14.894+0000] {processor.py:914} INFO - Processing file /home/airflow/.local/lib/python3.12/site-packages/airflow/example_dags/example_inlet_event_extra.py for tasks to queue
[2024-11-11T06:54:14.898+0000] {logging_mixin.py:190} INFO - [2024-11-11T06:54:14.897+0000] {dagbag.py:588} INFO - Filling up the DagBag from /home/airflow/.local/lib/python3.12/site-packages/airflow/example_dags/example_inlet_event_extra.py
[2024-11-11T06:54:15.781+0000] {processor.py:925} INFO - DAG(s) 'read_dataset_event_from_classic', 'read_dataset_event' retrieved from /home/airflow/.local/lib/python3.12/site-packages/airflow/example_dags/example_inlet_event_extra.py
[2024-11-11T06:54:15.808+0000] {logging_mixin.py:190} INFO - [2024-11-11T06:54:15.808+0000] {dag.py:3239} INFO - Sync 2 DAGs
[2024-11-11T06:54:15.836+0000] {logging_mixin.py:190} INFO - [2024-11-11T06:54:15.835+0000] {dag.py:4180} INFO - Setting next_dagrun for read_dataset_event to 2024-11-10 00:00:00+00:00, run_after=2024-11-11 00:00:00+00:00
[2024-11-11T06:54:15.842+0000] {logging_mixin.py:190} INFO - [2024-11-11T06:54:15.842+0000] {dag.py:4180} INFO - Setting next_dagrun for read_dataset_event_from_classic to 2024-11-10 00:00:00+00:00, run_after=2024-11-11 00:00:00+00:00
[2024-11-11T06:54:15.864+0000] {processor.py:208} INFO - Processing /home/airflow/.local/lib/python3.12/site-packages/airflow/example_dags/example_inlet_event_extra.py took 0.978 seconds
[2024-11-11T06:54:45.938+0000] {processor.py:186} INFO - Started process (PID=858) to work on /home/airflow/.local/lib/python3.12/site-packages/airflow/example_dags/example_inlet_event_extra.py
[2024-11-11T06:54:45.939+0000] {processor.py:914} INFO - Processing file /home/airflow/.local/lib/python3.12/site-packages/airflow/example_dags/example_inlet_event_extra.py for tasks to queue
[2024-11-11T06:54:45.944+0000] {logging_mixin.py:190} INFO - [2024-11-11T06:54:45.943+0000] {dagbag.py:588} INFO - Filling up the DagBag from /home/airflow/.local/lib/python3.12/site-packages/airflow/example_dags/example_inlet_event_extra.py
[2024-11-11T06:54:46.735+0000] {processor.py:925} INFO - DAG(s) 'read_dataset_event', 'read_dataset_event_from_classic' retrieved from /home/airflow/.local/lib/python3.12/site-packages/airflow/example_dags/example_inlet_event_extra.py
[2024-11-11T06:54:46.771+0000] {logging_mixin.py:190} INFO - [2024-11-11T06:54:46.770+0000] {dag.py:3239} INFO - Sync 2 DAGs
[2024-11-11T06:54:46.802+0000] {logging_mixin.py:190} INFO - [2024-11-11T06:54:46.801+0000] {dag.py:4180} INFO - Setting next_dagrun for read_dataset_event to 2024-11-10 00:00:00+00:00, run_after=2024-11-11 00:00:00+00:00
[2024-11-11T06:54:46.810+0000] {logging_mixin.py:190} INFO - [2024-11-11T06:54:46.810+0000] {dag.py:4180} INFO - Setting next_dagrun for read_dataset_event_from_classic to 2024-11-10 00:00:00+00:00, run_after=2024-11-11 00:00:00+00:00
[2024-11-11T06:54:46.850+0000] {processor.py:208} INFO - Processing /home/airflow/.local/lib/python3.12/site-packages/airflow/example_dags/example_inlet_event_extra.py took 0.921 seconds
[2024-11-11T06:55:17.249+0000] {processor.py:186} INFO - Started process (PID=927) to work on /home/airflow/.local/lib/python3.12/site-packages/airflow/example_dags/example_inlet_event_extra.py
[2024-11-11T06:55:17.250+0000] {processor.py:914} INFO - Processing file /home/airflow/.local/lib/python3.12/site-packages/airflow/example_dags/example_inlet_event_extra.py for tasks to queue
[2024-11-11T06:55:17.255+0000] {logging_mixin.py:190} INFO - [2024-11-11T06:55:17.255+0000] {dagbag.py:588} INFO - Filling up the DagBag from /home/airflow/.local/lib/python3.12/site-packages/airflow/example_dags/example_inlet_event_extra.py
[2024-11-11T06:55:18.061+0000] {processor.py:925} INFO - DAG(s) 'read_dataset_event_from_classic', 'read_dataset_event' retrieved from /home/airflow/.local/lib/python3.12/site-packages/airflow/example_dags/example_inlet_event_extra.py
[2024-11-11T06:55:18.095+0000] {logging_mixin.py:190} INFO - [2024-11-11T06:55:18.095+0000] {dag.py:3239} INFO - Sync 2 DAGs
[2024-11-11T06:55:18.142+0000] {logging_mixin.py:190} INFO - [2024-11-11T06:55:18.142+0000] {dag.py:4180} INFO - Setting next_dagrun for read_dataset_event to 2024-11-10 00:00:00+00:00, run_after=2024-11-11 00:00:00+00:00
[2024-11-11T06:55:18.151+0000] {logging_mixin.py:190} INFO - [2024-11-11T06:55:18.151+0000] {dag.py:4180} INFO - Setting next_dagrun for read_dataset_event_from_classic to 2024-11-10 00:00:00+00:00, run_after=2024-11-11 00:00:00+00:00
[2024-11-11T06:55:18.182+0000] {processor.py:208} INFO - Processing /home/airflow/.local/lib/python3.12/site-packages/airflow/example_dags/example_inlet_event_extra.py took 0.940 seconds
[2024-11-11T06:55:48.849+0000] {processor.py:186} INFO - Started process (PID=991) to work on /home/airflow/.local/lib/python3.12/site-packages/airflow/example_dags/example_inlet_event_extra.py
[2024-11-11T06:55:48.852+0000] {processor.py:914} INFO - Processing file /home/airflow/.local/lib/python3.12/site-packages/airflow/example_dags/example_inlet_event_extra.py for tasks to queue
[2024-11-11T06:55:48.858+0000] {logging_mixin.py:190} INFO - [2024-11-11T06:55:48.857+0000] {dagbag.py:588} INFO - Filling up the DagBag from /home/airflow/.local/lib/python3.12/site-packages/airflow/example_dags/example_inlet_event_extra.py
[2024-11-11T06:55:49.957+0000] {processor.py:925} INFO - DAG(s) 'read_dataset_event_from_classic', 'read_dataset_event' retrieved from /home/airflow/.local/lib/python3.12/site-packages/airflow/example_dags/example_inlet_event_extra.py
[2024-11-11T06:55:49.993+0000] {logging_mixin.py:190} INFO - [2024-11-11T06:55:49.992+0000] {dag.py:3239} INFO - Sync 2 DAGs
[2024-11-11T06:55:50.036+0000] {logging_mixin.py:190} INFO - [2024-11-11T06:55:50.035+0000] {dag.py:4180} INFO - Setting next_dagrun for read_dataset_event to 2024-11-10 00:00:00+00:00, run_after=2024-11-11 00:00:00+00:00
[2024-11-11T06:55:50.042+0000] {logging_mixin.py:190} INFO - [2024-11-11T06:55:50.042+0000] {dag.py:4180} INFO - Setting next_dagrun for read_dataset_event_from_classic to 2024-11-10 00:00:00+00:00, run_after=2024-11-11 00:00:00+00:00
[2024-11-11T06:55:50.066+0000] {processor.py:208} INFO - Processing /home/airflow/.local/lib/python3.12/site-packages/airflow/example_dags/example_inlet_event_extra.py took 1.225 seconds
[2024-11-11T06:56:20.274+0000] {processor.py:186} INFO - Started process (PID=1055) to work on /home/airflow/.local/lib/python3.12/site-packages/airflow/example_dags/example_inlet_event_extra.py
[2024-11-11T06:56:20.276+0000] {processor.py:914} INFO - Processing file /home/airflow/.local/lib/python3.12/site-packages/airflow/example_dags/example_inlet_event_extra.py for tasks to queue
[2024-11-11T06:56:20.282+0000] {logging_mixin.py:190} INFO - [2024-11-11T06:56:20.281+0000] {dagbag.py:588} INFO - Filling up the DagBag from /home/airflow/.local/lib/python3.12/site-packages/airflow/example_dags/example_inlet_event_extra.py
[2024-11-11T06:56:20.993+0000] {processor.py:925} INFO - DAG(s) 'read_dataset_event_from_classic', 'read_dataset_event' retrieved from /home/airflow/.local/lib/python3.12/site-packages/airflow/example_dags/example_inlet_event_extra.py
[2024-11-11T06:56:21.020+0000] {logging_mixin.py:190} INFO - [2024-11-11T06:56:21.019+0000] {dag.py:3239} INFO - Sync 2 DAGs
[2024-11-11T06:56:21.047+0000] {logging_mixin.py:190} INFO - [2024-11-11T06:56:21.047+0000] {dag.py:4180} INFO - Setting next_dagrun for read_dataset_event to 2024-11-10 00:00:00+00:00, run_after=2024-11-11 00:00:00+00:00
[2024-11-11T06:56:21.054+0000] {logging_mixin.py:190} INFO - [2024-11-11T06:56:21.054+0000] {dag.py:4180} INFO - Setting next_dagrun for read_dataset_event_from_classic to 2024-11-10 00:00:00+00:00, run_after=2024-11-11 00:00:00+00:00
[2024-11-11T06:56:21.077+0000] {processor.py:208} INFO - Processing /home/airflow/.local/lib/python3.12/site-packages/airflow/example_dags/example_inlet_event_extra.py took 0.814 seconds
[2024-11-11T06:56:51.166+0000] {processor.py:186} INFO - Started process (PID=1119) to work on /home/airflow/.local/lib/python3.12/site-packages/airflow/example_dags/example_inlet_event_extra.py
[2024-11-11T06:56:51.168+0000] {processor.py:914} INFO - Processing file /home/airflow/.local/lib/python3.12/site-packages/airflow/example_dags/example_inlet_event_extra.py for tasks to queue
[2024-11-11T06:56:51.171+0000] {logging_mixin.py:190} INFO - [2024-11-11T06:56:51.171+0000] {dagbag.py:588} INFO - Filling up the DagBag from /home/airflow/.local/lib/python3.12/site-packages/airflow/example_dags/example_inlet_event_extra.py
[2024-11-11T06:56:53.473+0000] {processor.py:925} INFO - DAG(s) 'read_dataset_event', 'read_dataset_event_from_classic' retrieved from /home/airflow/.local/lib/python3.12/site-packages/airflow/example_dags/example_inlet_event_extra.py
[2024-11-11T06:56:53.513+0000] {logging_mixin.py:190} INFO - [2024-11-11T06:56:53.513+0000] {dag.py:3239} INFO - Sync 2 DAGs
[2024-11-11T06:56:53.559+0000] {logging_mixin.py:190} INFO - [2024-11-11T06:56:53.558+0000] {dag.py:4180} INFO - Setting next_dagrun for read_dataset_event to 2024-11-10 00:00:00+00:00, run_after=2024-11-11 00:00:00+00:00
[2024-11-11T06:56:53.567+0000] {logging_mixin.py:190} INFO - [2024-11-11T06:56:53.567+0000] {dag.py:4180} INFO - Setting next_dagrun for read_dataset_event_from_classic to 2024-11-10 00:00:00+00:00, run_after=2024-11-11 00:00:00+00:00
[2024-11-11T06:56:53.593+0000] {processor.py:208} INFO - Processing /home/airflow/.local/lib/python3.12/site-packages/airflow/example_dags/example_inlet_event_extra.py took 2.435 seconds
[2024-11-11T06:57:24.427+0000] {processor.py:186} INFO - Started process (PID=1189) to work on /home/airflow/.local/lib/python3.12/site-packages/airflow/example_dags/example_inlet_event_extra.py
[2024-11-11T06:57:24.431+0000] {processor.py:914} INFO - Processing file /home/airflow/.local/lib/python3.12/site-packages/airflow/example_dags/example_inlet_event_extra.py for tasks to queue
[2024-11-11T06:57:24.438+0000] {logging_mixin.py:190} INFO - [2024-11-11T06:57:24.437+0000] {dagbag.py:588} INFO - Filling up the DagBag from /home/airflow/.local/lib/python3.12/site-packages/airflow/example_dags/example_inlet_event_extra.py
[2024-11-11T06:57:25.950+0000] {processor.py:925} INFO - DAG(s) 'read_dataset_event', 'read_dataset_event_from_classic' retrieved from /home/airflow/.local/lib/python3.12/site-packages/airflow/example_dags/example_inlet_event_extra.py
[2024-11-11T06:57:25.997+0000] {logging_mixin.py:190} INFO - [2024-11-11T06:57:25.996+0000] {dag.py:3239} INFO - Sync 2 DAGs
[2024-11-11T06:57:26.054+0000] {logging_mixin.py:190} INFO - [2024-11-11T06:57:26.053+0000] {dag.py:4180} INFO - Setting next_dagrun for read_dataset_event to 2024-11-10 00:00:00+00:00, run_after=2024-11-11 00:00:00+00:00
[2024-11-11T06:57:26.068+0000] {logging_mixin.py:190} INFO - [2024-11-11T06:57:26.067+0000] {dag.py:4180} INFO - Setting next_dagrun for read_dataset_event_from_classic to 2024-11-10 00:00:00+00:00, run_after=2024-11-11 00:00:00+00:00
[2024-11-11T06:57:26.103+0000] {processor.py:208} INFO - Processing /home/airflow/.local/lib/python3.12/site-packages/airflow/example_dags/example_inlet_event_extra.py took 1.688 seconds
[2024-11-11T06:57:56.805+0000] {processor.py:186} INFO - Started process (PID=1253) to work on /home/airflow/.local/lib/python3.12/site-packages/airflow/example_dags/example_inlet_event_extra.py
[2024-11-11T06:57:56.807+0000] {processor.py:914} INFO - Processing file /home/airflow/.local/lib/python3.12/site-packages/airflow/example_dags/example_inlet_event_extra.py for tasks to queue
[2024-11-11T06:57:56.811+0000] {logging_mixin.py:190} INFO - [2024-11-11T06:57:56.810+0000] {dagbag.py:588} INFO - Filling up the DagBag from /home/airflow/.local/lib/python3.12/site-packages/airflow/example_dags/example_inlet_event_extra.py
[2024-11-11T06:57:57.474+0000] {processor.py:925} INFO - DAG(s) 'read_dataset_event', 'read_dataset_event_from_classic' retrieved from /home/airflow/.local/lib/python3.12/site-packages/airflow/example_dags/example_inlet_event_extra.py
[2024-11-11T06:57:57.546+0000] {logging_mixin.py:190} INFO - [2024-11-11T06:57:57.545+0000] {dag.py:3239} INFO - Sync 2 DAGs
[2024-11-11T06:57:57.626+0000] {logging_mixin.py:190} INFO - [2024-11-11T06:57:57.625+0000] {dag.py:4180} INFO - Setting next_dagrun for read_dataset_event to 2024-11-10 00:00:00+00:00, run_after=2024-11-11 00:00:00+00:00
[2024-11-11T06:57:57.640+0000] {logging_mixin.py:190} INFO - [2024-11-11T06:57:57.639+0000] {dag.py:4180} INFO - Setting next_dagrun for read_dataset_event_from_classic to 2024-11-10 00:00:00+00:00, run_after=2024-11-11 00:00:00+00:00
[2024-11-11T06:57:57.773+0000] {processor.py:208} INFO - Processing /home/airflow/.local/lib/python3.12/site-packages/airflow/example_dags/example_inlet_event_extra.py took 0.975 seconds
[2024-11-11T06:58:28.424+0000] {processor.py:186} INFO - Started process (PID=1319) to work on /home/airflow/.local/lib/python3.12/site-packages/airflow/example_dags/example_inlet_event_extra.py
[2024-11-11T06:58:28.426+0000] {processor.py:914} INFO - Processing file /home/airflow/.local/lib/python3.12/site-packages/airflow/example_dags/example_inlet_event_extra.py for tasks to queue
[2024-11-11T06:58:28.429+0000] {logging_mixin.py:190} INFO - [2024-11-11T06:58:28.429+0000] {dagbag.py:588} INFO - Filling up the DagBag from /home/airflow/.local/lib/python3.12/site-packages/airflow/example_dags/example_inlet_event_extra.py
[2024-11-11T06:58:29.262+0000] {processor.py:925} INFO - DAG(s) 'read_dataset_event_from_classic', 'read_dataset_event' retrieved from /home/airflow/.local/lib/python3.12/site-packages/airflow/example_dags/example_inlet_event_extra.py
[2024-11-11T06:58:29.321+0000] {logging_mixin.py:190} INFO - [2024-11-11T06:58:29.321+0000] {dag.py:3239} INFO - Sync 2 DAGs
[2024-11-11T06:58:29.365+0000] {logging_mixin.py:190} INFO - [2024-11-11T06:58:29.365+0000] {dag.py:4180} INFO - Setting next_dagrun for read_dataset_event to 2024-11-10 00:00:00+00:00, run_after=2024-11-11 00:00:00+00:00
[2024-11-11T06:58:29.374+0000] {logging_mixin.py:190} INFO - [2024-11-11T06:58:29.374+0000] {dag.py:4180} INFO - Setting next_dagrun for read_dataset_event_from_classic to 2024-11-10 00:00:00+00:00, run_after=2024-11-11 00:00:00+00:00
[2024-11-11T06:58:29.403+0000] {processor.py:208} INFO - Processing /home/airflow/.local/lib/python3.12/site-packages/airflow/example_dags/example_inlet_event_extra.py took 0.986 seconds
[2024-11-11T06:58:59.506+0000] {processor.py:186} INFO - Started process (PID=1382) to work on /home/airflow/.local/lib/python3.12/site-packages/airflow/example_dags/example_inlet_event_extra.py
[2024-11-11T06:58:59.509+0000] {processor.py:914} INFO - Processing file /home/airflow/.local/lib/python3.12/site-packages/airflow/example_dags/example_inlet_event_extra.py for tasks to queue
[2024-11-11T06:58:59.516+0000] {logging_mixin.py:190} INFO - [2024-11-11T06:58:59.516+0000] {dagbag.py:588} INFO - Filling up the DagBag from /home/airflow/.local/lib/python3.12/site-packages/airflow/example_dags/example_inlet_event_extra.py
[2024-11-11T06:59:00.466+0000] {processor.py:925} INFO - DAG(s) 'read_dataset_event_from_classic', 'read_dataset_event' retrieved from /home/airflow/.local/lib/python3.12/site-packages/airflow/example_dags/example_inlet_event_extra.py
[2024-11-11T06:59:00.497+0000] {logging_mixin.py:190} INFO - [2024-11-11T06:59:00.496+0000] {dag.py:3239} INFO - Sync 2 DAGs
[2024-11-11T06:59:00.578+0000] {logging_mixin.py:190} INFO - [2024-11-11T06:59:00.577+0000] {dag.py:4180} INFO - Setting next_dagrun for read_dataset_event to 2024-11-10 00:00:00+00:00, run_after=2024-11-11 00:00:00+00:00
[2024-11-11T06:59:00.594+0000] {logging_mixin.py:190} INFO - [2024-11-11T06:59:00.593+0000] {dag.py:4180} INFO - Setting next_dagrun for read_dataset_event_from_classic to 2024-11-10 00:00:00+00:00, run_after=2024-11-11 00:00:00+00:00
[2024-11-11T06:59:00.657+0000] {processor.py:208} INFO - Processing /home/airflow/.local/lib/python3.12/site-packages/airflow/example_dags/example_inlet_event_extra.py took 1.160 seconds
[2024-11-11T06:59:30.763+0000] {processor.py:186} INFO - Started process (PID=1446) to work on /home/airflow/.local/lib/python3.12/site-packages/airflow/example_dags/example_inlet_event_extra.py
[2024-11-11T06:59:30.766+0000] {processor.py:914} INFO - Processing file /home/airflow/.local/lib/python3.12/site-packages/airflow/example_dags/example_inlet_event_extra.py for tasks to queue
[2024-11-11T06:59:30.770+0000] {logging_mixin.py:190} INFO - [2024-11-11T06:59:30.770+0000] {dagbag.py:588} INFO - Filling up the DagBag from /home/airflow/.local/lib/python3.12/site-packages/airflow/example_dags/example_inlet_event_extra.py
[2024-11-11T06:59:31.596+0000] {processor.py:925} INFO - DAG(s) 'read_dataset_event_from_classic', 'read_dataset_event' retrieved from /home/airflow/.local/lib/python3.12/site-packages/airflow/example_dags/example_inlet_event_extra.py
[2024-11-11T06:59:31.622+0000] {logging_mixin.py:190} INFO - [2024-11-11T06:59:31.622+0000] {dag.py:3239} INFO - Sync 2 DAGs
[2024-11-11T06:59:31.651+0000] {logging_mixin.py:190} INFO - [2024-11-11T06:59:31.651+0000] {dag.py:4180} INFO - Setting next_dagrun for read_dataset_event to 2024-11-10 00:00:00+00:00, run_after=2024-11-11 00:00:00+00:00
[2024-11-11T06:59:31.659+0000] {logging_mixin.py:190} INFO - [2024-11-11T06:59:31.659+0000] {dag.py:4180} INFO - Setting next_dagrun for read_dataset_event_from_classic to 2024-11-10 00:00:00+00:00, run_after=2024-11-11 00:00:00+00:00
[2024-11-11T06:59:31.682+0000] {processor.py:208} INFO - Processing /home/airflow/.local/lib/python3.12/site-packages/airflow/example_dags/example_inlet_event_extra.py took 0.928 seconds
[2024-11-11T07:00:02.413+0000] {processor.py:186} INFO - Started process (PID=1512) to work on /home/airflow/.local/lib/python3.12/site-packages/airflow/example_dags/example_inlet_event_extra.py
[2024-11-11T07:00:02.417+0000] {processor.py:914} INFO - Processing file /home/airflow/.local/lib/python3.12/site-packages/airflow/example_dags/example_inlet_event_extra.py for tasks to queue
[2024-11-11T07:00:02.424+0000] {logging_mixin.py:190} INFO - [2024-11-11T07:00:02.423+0000] {dagbag.py:588} INFO - Filling up the DagBag from /home/airflow/.local/lib/python3.12/site-packages/airflow/example_dags/example_inlet_event_extra.py
[2024-11-11T07:00:03.651+0000] {processor.py:925} INFO - DAG(s) 'read_dataset_event_from_classic', 'read_dataset_event' retrieved from /home/airflow/.local/lib/python3.12/site-packages/airflow/example_dags/example_inlet_event_extra.py
[2024-11-11T07:00:03.717+0000] {logging_mixin.py:190} INFO - [2024-11-11T07:00:03.716+0000] {dag.py:3239} INFO - Sync 2 DAGs
[2024-11-11T07:00:03.790+0000] {logging_mixin.py:190} INFO - [2024-11-11T07:00:03.787+0000] {dag.py:4180} INFO - Setting next_dagrun for read_dataset_event to 2024-11-10 00:00:00+00:00, run_after=2024-11-11 00:00:00+00:00
[2024-11-11T07:00:03.816+0000] {logging_mixin.py:190} INFO - [2024-11-11T07:00:03.816+0000] {dag.py:4180} INFO - Setting next_dagrun for read_dataset_event_from_classic to 2024-11-10 00:00:00+00:00, run_after=2024-11-11 00:00:00+00:00
[2024-11-11T07:00:03.900+0000] {processor.py:208} INFO - Processing /home/airflow/.local/lib/python3.12/site-packages/airflow/example_dags/example_inlet_event_extra.py took 1.500 seconds
[2024-11-11T07:00:34.340+0000] {processor.py:186} INFO - Started process (PID=1578) to work on /home/airflow/.local/lib/python3.12/site-packages/airflow/example_dags/example_inlet_event_extra.py
[2024-11-11T07:00:34.342+0000] {processor.py:914} INFO - Processing file /home/airflow/.local/lib/python3.12/site-packages/airflow/example_dags/example_inlet_event_extra.py for tasks to queue
[2024-11-11T07:00:34.349+0000] {logging_mixin.py:190} INFO - [2024-11-11T07:00:34.348+0000] {dagbag.py:588} INFO - Filling up the DagBag from /home/airflow/.local/lib/python3.12/site-packages/airflow/example_dags/example_inlet_event_extra.py
[2024-11-11T07:00:35.279+0000] {processor.py:925} INFO - DAG(s) 'read_dataset_event', 'read_dataset_event_from_classic' retrieved from /home/airflow/.local/lib/python3.12/site-packages/airflow/example_dags/example_inlet_event_extra.py
[2024-11-11T07:00:35.313+0000] {logging_mixin.py:190} INFO - [2024-11-11T07:00:35.313+0000] {dag.py:3239} INFO - Sync 2 DAGs
[2024-11-11T07:00:35.352+0000] {logging_mixin.py:190} INFO - [2024-11-11T07:00:35.352+0000] {dag.py:4180} INFO - Setting next_dagrun for read_dataset_event to 2024-11-10 00:00:00+00:00, run_after=2024-11-11 00:00:00+00:00
[2024-11-11T07:00:35.362+0000] {logging_mixin.py:190} INFO - [2024-11-11T07:00:35.362+0000] {dag.py:4180} INFO - Setting next_dagrun for read_dataset_event_from_classic to 2024-11-10 00:00:00+00:00, run_after=2024-11-11 00:00:00+00:00
[2024-11-11T07:00:35.397+0000] {processor.py:208} INFO - Processing /home/airflow/.local/lib/python3.12/site-packages/airflow/example_dags/example_inlet_event_extra.py took 1.071 seconds
[2024-11-11T07:01:06.169+0000] {processor.py:186} INFO - Started process (PID=1645) to work on /home/airflow/.local/lib/python3.12/site-packages/airflow/example_dags/example_inlet_event_extra.py
[2024-11-11T07:01:06.171+0000] {processor.py:914} INFO - Processing file /home/airflow/.local/lib/python3.12/site-packages/airflow/example_dags/example_inlet_event_extra.py for tasks to queue
[2024-11-11T07:01:06.176+0000] {logging_mixin.py:190} INFO - [2024-11-11T07:01:06.176+0000] {dagbag.py:588} INFO - Filling up the DagBag from /home/airflow/.local/lib/python3.12/site-packages/airflow/example_dags/example_inlet_event_extra.py
[2024-11-11T07:01:07.786+0000] {processor.py:925} INFO - DAG(s) 'read_dataset_event_from_classic', 'read_dataset_event' retrieved from /home/airflow/.local/lib/python3.12/site-packages/airflow/example_dags/example_inlet_event_extra.py
[2024-11-11T07:01:07.835+0000] {logging_mixin.py:190} INFO - [2024-11-11T07:01:07.834+0000] {dag.py:3239} INFO - Sync 2 DAGs
[2024-11-11T07:01:07.872+0000] {logging_mixin.py:190} INFO - [2024-11-11T07:01:07.871+0000] {dag.py:4180} INFO - Setting next_dagrun for read_dataset_event to 2024-11-10 00:00:00+00:00, run_after=2024-11-11 00:00:00+00:00
[2024-11-11T07:01:07.880+0000] {logging_mixin.py:190} INFO - [2024-11-11T07:01:07.880+0000] {dag.py:4180} INFO - Setting next_dagrun for read_dataset_event_from_classic to 2024-11-10 00:00:00+00:00, run_after=2024-11-11 00:00:00+00:00
[2024-11-11T07:01:07.913+0000] {processor.py:208} INFO - Processing /home/airflow/.local/lib/python3.12/site-packages/airflow/example_dags/example_inlet_event_extra.py took 1.755 seconds
[2024-11-11T07:01:38.309+0000] {processor.py:186} INFO - Started process (PID=1711) to work on /home/airflow/.local/lib/python3.12/site-packages/airflow/example_dags/example_inlet_event_extra.py
[2024-11-11T07:01:38.311+0000] {processor.py:914} INFO - Processing file /home/airflow/.local/lib/python3.12/site-packages/airflow/example_dags/example_inlet_event_extra.py for tasks to queue
[2024-11-11T07:01:38.316+0000] {logging_mixin.py:190} INFO - [2024-11-11T07:01:38.316+0000] {dagbag.py:588} INFO - Filling up the DagBag from /home/airflow/.local/lib/python3.12/site-packages/airflow/example_dags/example_inlet_event_extra.py
[2024-11-11T07:01:39.017+0000] {processor.py:925} INFO - DAG(s) 'read_dataset_event', 'read_dataset_event_from_classic' retrieved from /home/airflow/.local/lib/python3.12/site-packages/airflow/example_dags/example_inlet_event_extra.py
[2024-11-11T07:01:39.047+0000] {logging_mixin.py:190} INFO - [2024-11-11T07:01:39.046+0000] {dag.py:3239} INFO - Sync 2 DAGs
[2024-11-11T07:01:39.071+0000] {logging_mixin.py:190} INFO - [2024-11-11T07:01:39.071+0000] {dag.py:4180} INFO - Setting next_dagrun for read_dataset_event to 2024-11-10 00:00:00+00:00, run_after=2024-11-11 00:00:00+00:00
[2024-11-11T07:01:39.078+0000] {logging_mixin.py:190} INFO - [2024-11-11T07:01:39.077+0000] {dag.py:4180} INFO - Setting next_dagrun for read_dataset_event_from_classic to 2024-11-10 00:00:00+00:00, run_after=2024-11-11 00:00:00+00:00
[2024-11-11T07:01:39.099+0000] {processor.py:208} INFO - Processing /home/airflow/.local/lib/python3.12/site-packages/airflow/example_dags/example_inlet_event_extra.py took 0.796 seconds
[2024-11-11T07:02:09.833+0000] {processor.py:186} INFO - Started process (PID=1777) to work on /home/airflow/.local/lib/python3.12/site-packages/airflow/example_dags/example_inlet_event_extra.py
[2024-11-11T07:02:09.837+0000] {processor.py:914} INFO - Processing file /home/airflow/.local/lib/python3.12/site-packages/airflow/example_dags/example_inlet_event_extra.py for tasks to queue
[2024-11-11T07:02:09.844+0000] {logging_mixin.py:190} INFO - [2024-11-11T07:02:09.843+0000] {dagbag.py:588} INFO - Filling up the DagBag from /home/airflow/.local/lib/python3.12/site-packages/airflow/example_dags/example_inlet_event_extra.py
[2024-11-11T07:02:10.692+0000] {processor.py:925} INFO - DAG(s) 'read_dataset_event', 'read_dataset_event_from_classic' retrieved from /home/airflow/.local/lib/python3.12/site-packages/airflow/example_dags/example_inlet_event_extra.py
[2024-11-11T07:02:10.734+0000] {logging_mixin.py:190} INFO - [2024-11-11T07:02:10.733+0000] {dag.py:3239} INFO - Sync 2 DAGs
[2024-11-11T07:02:10.786+0000] {logging_mixin.py:190} INFO - [2024-11-11T07:02:10.786+0000] {dag.py:4180} INFO - Setting next_dagrun for read_dataset_event to 2024-11-10 00:00:00+00:00, run_after=2024-11-11 00:00:00+00:00
[2024-11-11T07:02:10.805+0000] {logging_mixin.py:190} INFO - [2024-11-11T07:02:10.805+0000] {dag.py:4180} INFO - Setting next_dagrun for read_dataset_event_from_classic to 2024-11-10 00:00:00+00:00, run_after=2024-11-11 00:00:00+00:00
[2024-11-11T07:02:10.843+0000] {processor.py:208} INFO - Processing /home/airflow/.local/lib/python3.12/site-packages/airflow/example_dags/example_inlet_event_extra.py took 1.022 seconds
[2024-11-11T07:02:41.664+0000] {processor.py:186} INFO - Started process (PID=1844) to work on /home/airflow/.local/lib/python3.12/site-packages/airflow/example_dags/example_inlet_event_extra.py
[2024-11-11T07:02:41.665+0000] {processor.py:914} INFO - Processing file /home/airflow/.local/lib/python3.12/site-packages/airflow/example_dags/example_inlet_event_extra.py for tasks to queue
[2024-11-11T07:02:41.669+0000] {logging_mixin.py:190} INFO - [2024-11-11T07:02:41.668+0000] {dagbag.py:588} INFO - Filling up the DagBag from /home/airflow/.local/lib/python3.12/site-packages/airflow/example_dags/example_inlet_event_extra.py
[2024-11-11T07:02:42.411+0000] {processor.py:925} INFO - DAG(s) 'read_dataset_event_from_classic', 'read_dataset_event' retrieved from /home/airflow/.local/lib/python3.12/site-packages/airflow/example_dags/example_inlet_event_extra.py
[2024-11-11T07:02:42.444+0000] {logging_mixin.py:190} INFO - [2024-11-11T07:02:42.443+0000] {dag.py:3239} INFO - Sync 2 DAGs
[2024-11-11T07:02:42.473+0000] {logging_mixin.py:190} INFO - [2024-11-11T07:02:42.472+0000] {dag.py:4180} INFO - Setting next_dagrun for read_dataset_event to 2024-11-10 00:00:00+00:00, run_after=2024-11-11 00:00:00+00:00
[2024-11-11T07:02:42.481+0000] {logging_mixin.py:190} INFO - [2024-11-11T07:02:42.481+0000] {dag.py:4180} INFO - Setting next_dagrun for read_dataset_event_from_classic to 2024-11-10 00:00:00+00:00, run_after=2024-11-11 00:00:00+00:00
[2024-11-11T07:02:42.503+0000] {processor.py:208} INFO - Processing /home/airflow/.local/lib/python3.12/site-packages/airflow/example_dags/example_inlet_event_extra.py took 0.847 seconds
[2024-11-11T07:03:14.068+0000] {processor.py:186} INFO - Started process (PID=1909) to work on /home/airflow/.local/lib/python3.12/site-packages/airflow/example_dags/example_inlet_event_extra.py
[2024-11-11T07:03:14.071+0000] {processor.py:914} INFO - Processing file /home/airflow/.local/lib/python3.12/site-packages/airflow/example_dags/example_inlet_event_extra.py for tasks to queue
[2024-11-11T07:03:14.079+0000] {logging_mixin.py:190} INFO - [2024-11-11T07:03:14.078+0000] {dagbag.py:588} INFO - Filling up the DagBag from /home/airflow/.local/lib/python3.12/site-packages/airflow/example_dags/example_inlet_event_extra.py
[2024-11-11T07:03:15.873+0000] {processor.py:925} INFO - DAG(s) 'read_dataset_event_from_classic', 'read_dataset_event' retrieved from /home/airflow/.local/lib/python3.12/site-packages/airflow/example_dags/example_inlet_event_extra.py
[2024-11-11T07:03:15.927+0000] {logging_mixin.py:190} INFO - [2024-11-11T07:03:15.926+0000] {dag.py:3239} INFO - Sync 2 DAGs
[2024-11-11T07:03:16.022+0000] {logging_mixin.py:190} INFO - [2024-11-11T07:03:16.022+0000] {dag.py:4180} INFO - Setting next_dagrun for read_dataset_event to 2024-11-10 00:00:00+00:00, run_after=2024-11-11 00:00:00+00:00
[2024-11-11T07:03:16.048+0000] {logging_mixin.py:190} INFO - [2024-11-11T07:03:16.046+0000] {dag.py:4180} INFO - Setting next_dagrun for read_dataset_event_from_classic to 2024-11-10 00:00:00+00:00, run_after=2024-11-11 00:00:00+00:00
[2024-11-11T07:03:16.166+0000] {processor.py:208} INFO - Processing /home/airflow/.local/lib/python3.12/site-packages/airflow/example_dags/example_inlet_event_extra.py took 2.131 seconds
[2024-11-11T07:03:46.682+0000] {processor.py:186} INFO - Started process (PID=1976) to work on /home/airflow/.local/lib/python3.12/site-packages/airflow/example_dags/example_inlet_event_extra.py
[2024-11-11T07:03:46.683+0000] {processor.py:914} INFO - Processing file /home/airflow/.local/lib/python3.12/site-packages/airflow/example_dags/example_inlet_event_extra.py for tasks to queue
[2024-11-11T07:03:46.687+0000] {logging_mixin.py:190} INFO - [2024-11-11T07:03:46.687+0000] {dagbag.py:588} INFO - Filling up the DagBag from /home/airflow/.local/lib/python3.12/site-packages/airflow/example_dags/example_inlet_event_extra.py
[2024-11-11T07:03:47.463+0000] {processor.py:925} INFO - DAG(s) 'read_dataset_event_from_classic', 'read_dataset_event' retrieved from /home/airflow/.local/lib/python3.12/site-packages/airflow/example_dags/example_inlet_event_extra.py
[2024-11-11T07:03:47.500+0000] {logging_mixin.py:190} INFO - [2024-11-11T07:03:47.499+0000] {dag.py:3239} INFO - Sync 2 DAGs
[2024-11-11T07:03:47.540+0000] {logging_mixin.py:190} INFO - [2024-11-11T07:03:47.540+0000] {dag.py:4180} INFO - Setting next_dagrun for read_dataset_event to 2024-11-10 00:00:00+00:00, run_after=2024-11-11 00:00:00+00:00
[2024-11-11T07:03:47.549+0000] {logging_mixin.py:190} INFO - [2024-11-11T07:03:47.549+0000] {dag.py:4180} INFO - Setting next_dagrun for read_dataset_event_from_classic to 2024-11-10 00:00:00+00:00, run_after=2024-11-11 00:00:00+00:00
[2024-11-11T07:03:47.576+0000] {processor.py:208} INFO - Processing /home/airflow/.local/lib/python3.12/site-packages/airflow/example_dags/example_inlet_event_extra.py took 0.900 seconds
