[2024-11-11T06:48:20.177+0000] {processor.py:186} INFO - Started process (PID=49) to work on /home/airflow/.local/lib/python3.12/site-packages/airflow/example_dags/example_subdag_operator.py
[2024-11-11T06:48:20.181+0000] {processor.py:914} INFO - Processing file /home/airflow/.local/lib/python3.12/site-packages/airflow/example_dags/example_subdag_operator.py for tasks to queue
[2024-11-11T06:48:20.188+0000] {logging_mixin.py:190} INFO - [2024-11-11T06:48:20.187+0000] {dagbag.py:588} INFO - Filling up the DagBag from /home/airflow/.local/lib/python3.12/site-packages/airflow/example_dags/example_subdag_operator.py
[2024-11-11T06:48:20.320+0000] {processor.py:925} INFO - DAG(s) 'example_subdag_operator.section-1', 'example_subdag_operator.section-2', 'example_subdag_operator' retrieved from /home/airflow/.local/lib/python3.12/site-packages/airflow/example_dags/example_subdag_operator.py
[2024-11-11T06:48:20.786+0000] {logging_mixin.py:190} INFO - [2024-11-11T06:48:20.785+0000] {override.py:1911} INFO - Created Permission View: can read on DAG:example_subdag_operator
[2024-11-11T06:48:20.805+0000] {logging_mixin.py:190} INFO - [2024-11-11T06:48:20.805+0000] {override.py:1911} INFO - Created Permission View: can delete on DAG:example_subdag_operator
[2024-11-11T06:48:20.821+0000] {logging_mixin.py:190} INFO - [2024-11-11T06:48:20.821+0000] {override.py:1911} INFO - Created Permission View: can edit on DAG:example_subdag_operator
[2024-11-11T06:48:20.843+0000] {logging_mixin.py:190} INFO - [2024-11-11T06:48:20.843+0000] {override.py:1911} INFO - Created Permission View: menu access on DAG Run:example_subdag_operator
[2024-11-11T06:48:20.859+0000] {logging_mixin.py:190} INFO - [2024-11-11T06:48:20.859+0000] {override.py:1911} INFO - Created Permission View: can read on DAG Run:example_subdag_operator
[2024-11-11T06:48:20.875+0000] {logging_mixin.py:190} INFO - [2024-11-11T06:48:20.875+0000] {override.py:1911} INFO - Created Permission View: can delete on DAG Run:example_subdag_operator
[2024-11-11T06:48:20.891+0000] {logging_mixin.py:190} INFO - [2024-11-11T06:48:20.891+0000] {override.py:1911} INFO - Created Permission View: can create on DAG Run:example_subdag_operator
[2024-11-11T06:48:20.893+0000] {logging_mixin.py:190} INFO - [2024-11-11T06:48:20.892+0000] {dag.py:3239} INFO - Sync 3 DAGs
[2024-11-11T06:48:20.919+0000] {logging_mixin.py:190} INFO - [2024-11-11T06:48:20.918+0000] {dag.py:3262} INFO - Creating ORM DAG for example_subdag_operator.section-1
[2024-11-11T06:48:20.920+0000] {logging_mixin.py:190} INFO - [2024-11-11T06:48:20.920+0000] {dag.py:3262} INFO - Creating ORM DAG for example_subdag_operator
[2024-11-11T06:48:20.922+0000] {logging_mixin.py:190} INFO - [2024-11-11T06:48:20.922+0000] {dag.py:3262} INFO - Creating ORM DAG for example_subdag_operator.section-2
[2024-11-11T06:48:20.939+0000] {logging_mixin.py:190} INFO - [2024-11-11T06:48:20.939+0000] {dag.py:4180} INFO - Setting next_dagrun for example_subdag_operator to 2022-01-01 00:00:00+00:00, run_after=2022-01-01 00:00:00+00:00
[2024-11-11T06:48:20.942+0000] {logging_mixin.py:190} INFO - [2024-11-11T06:48:20.942+0000] {dag.py:4180} INFO - Setting next_dagrun for example_subdag_operator.section-1 to None, run_after=None
[2024-11-11T06:48:20.945+0000] {logging_mixin.py:190} INFO - [2024-11-11T06:48:20.945+0000] {dag.py:4180} INFO - Setting next_dagrun for example_subdag_operator.section-2 to None, run_after=None
[2024-11-11T06:48:20.962+0000] {logging_mixin.py:190} INFO - [2024-11-11T06:48:20.962+0000] {dag.py:3239} INFO - Sync 2 DAGs
[2024-11-11T06:48:20.974+0000] {logging_mixin.py:190} INFO - [2024-11-11T06:48:20.973+0000] {dag.py:4180} INFO - Setting next_dagrun for example_subdag_operator.section-1 to None, run_after=None
[2024-11-11T06:48:20.983+0000] {logging_mixin.py:190} INFO - [2024-11-11T06:48:20.983+0000] {dag.py:4180} INFO - Setting next_dagrun for example_subdag_operator.section-2 to None, run_after=None
[2024-11-11T06:48:21.009+0000] {processor.py:208} INFO - Processing /home/airflow/.local/lib/python3.12/site-packages/airflow/example_dags/example_subdag_operator.py took 0.849 seconds
[2024-11-11T06:48:51.265+0000] {processor.py:186} INFO - Started process (PID=113) to work on /home/airflow/.local/lib/python3.12/site-packages/airflow/example_dags/example_subdag_operator.py
[2024-11-11T06:48:51.270+0000] {processor.py:914} INFO - Processing file /home/airflow/.local/lib/python3.12/site-packages/airflow/example_dags/example_subdag_operator.py for tasks to queue
[2024-11-11T06:48:51.276+0000] {logging_mixin.py:190} INFO - [2024-11-11T06:48:51.275+0000] {dagbag.py:588} INFO - Filling up the DagBag from /home/airflow/.local/lib/python3.12/site-packages/airflow/example_dags/example_subdag_operator.py
[2024-11-11T06:48:51.352+0000] {processor.py:925} INFO - DAG(s) 'example_subdag_operator.section-1', 'example_subdag_operator.section-2', 'example_subdag_operator' retrieved from /home/airflow/.local/lib/python3.12/site-packages/airflow/example_dags/example_subdag_operator.py
[2024-11-11T06:48:51.391+0000] {logging_mixin.py:190} INFO - [2024-11-11T06:48:51.391+0000] {dag.py:3239} INFO - Sync 3 DAGs
[2024-11-11T06:48:51.463+0000] {logging_mixin.py:190} INFO - [2024-11-11T06:48:51.463+0000] {dag.py:4180} INFO - Setting next_dagrun for example_subdag_operator to 2022-01-01 00:00:00+00:00, run_after=2022-01-01 00:00:00+00:00
[2024-11-11T06:48:51.482+0000] {logging_mixin.py:190} INFO - [2024-11-11T06:48:51.480+0000] {dag.py:4180} INFO - Setting next_dagrun for example_subdag_operator.section-1 to None, run_after=None
[2024-11-11T06:48:51.489+0000] {logging_mixin.py:190} INFO - [2024-11-11T06:48:51.489+0000] {dag.py:4180} INFO - Setting next_dagrun for example_subdag_operator.section-2 to None, run_after=None
[2024-11-11T06:48:51.510+0000] {logging_mixin.py:190} INFO - [2024-11-11T06:48:51.509+0000] {dag.py:3239} INFO - Sync 2 DAGs
[2024-11-11T06:48:51.525+0000] {logging_mixin.py:190} INFO - [2024-11-11T06:48:51.525+0000] {dag.py:4180} INFO - Setting next_dagrun for example_subdag_operator.section-1 to None, run_after=None
[2024-11-11T06:48:51.528+0000] {logging_mixin.py:190} INFO - [2024-11-11T06:48:51.527+0000] {dag.py:4180} INFO - Setting next_dagrun for example_subdag_operator.section-2 to None, run_after=None
[2024-11-11T06:48:51.559+0000] {processor.py:208} INFO - Processing /home/airflow/.local/lib/python3.12/site-packages/airflow/example_dags/example_subdag_operator.py took 0.302 seconds
[2024-11-11T06:49:21.997+0000] {processor.py:186} INFO - Started process (PID=176) to work on /home/airflow/.local/lib/python3.12/site-packages/airflow/example_dags/example_subdag_operator.py
[2024-11-11T06:49:21.999+0000] {processor.py:914} INFO - Processing file /home/airflow/.local/lib/python3.12/site-packages/airflow/example_dags/example_subdag_operator.py for tasks to queue
[2024-11-11T06:49:22.005+0000] {logging_mixin.py:190} INFO - [2024-11-11T06:49:22.004+0000] {dagbag.py:588} INFO - Filling up the DagBag from /home/airflow/.local/lib/python3.12/site-packages/airflow/example_dags/example_subdag_operator.py
[2024-11-11T06:49:22.062+0000] {processor.py:925} INFO - DAG(s) 'example_subdag_operator.section-1', 'example_subdag_operator.section-2', 'example_subdag_operator' retrieved from /home/airflow/.local/lib/python3.12/site-packages/airflow/example_dags/example_subdag_operator.py
[2024-11-11T06:49:22.093+0000] {logging_mixin.py:190} INFO - [2024-11-11T06:49:22.092+0000] {dag.py:3239} INFO - Sync 3 DAGs
[2024-11-11T06:49:22.152+0000] {logging_mixin.py:190} INFO - [2024-11-11T06:49:22.152+0000] {dag.py:4180} INFO - Setting next_dagrun for example_subdag_operator to 2022-01-01 00:00:00+00:00, run_after=2022-01-01 00:00:00+00:00
[2024-11-11T06:49:22.163+0000] {logging_mixin.py:190} INFO - [2024-11-11T06:49:22.163+0000] {dag.py:4180} INFO - Setting next_dagrun for example_subdag_operator.section-1 to None, run_after=None
[2024-11-11T06:49:22.169+0000] {logging_mixin.py:190} INFO - [2024-11-11T06:49:22.168+0000] {dag.py:4180} INFO - Setting next_dagrun for example_subdag_operator.section-2 to None, run_after=None
[2024-11-11T06:49:22.185+0000] {logging_mixin.py:190} INFO - [2024-11-11T06:49:22.184+0000] {dag.py:3239} INFO - Sync 2 DAGs
[2024-11-11T06:49:22.202+0000] {logging_mixin.py:190} INFO - [2024-11-11T06:49:22.201+0000] {dag.py:4180} INFO - Setting next_dagrun for example_subdag_operator.section-1 to None, run_after=None
[2024-11-11T06:49:22.206+0000] {logging_mixin.py:190} INFO - [2024-11-11T06:49:22.204+0000] {dag.py:4180} INFO - Setting next_dagrun for example_subdag_operator.section-2 to None, run_after=None
[2024-11-11T06:49:22.243+0000] {processor.py:208} INFO - Processing /home/airflow/.local/lib/python3.12/site-packages/airflow/example_dags/example_subdag_operator.py took 0.266 seconds
[2024-11-11T06:49:52.332+0000] {processor.py:186} INFO - Started process (PID=240) to work on /home/airflow/.local/lib/python3.12/site-packages/airflow/example_dags/example_subdag_operator.py
[2024-11-11T06:49:52.336+0000] {processor.py:914} INFO - Processing file /home/airflow/.local/lib/python3.12/site-packages/airflow/example_dags/example_subdag_operator.py for tasks to queue
[2024-11-11T06:49:52.340+0000] {logging_mixin.py:190} INFO - [2024-11-11T06:49:52.340+0000] {dagbag.py:588} INFO - Filling up the DagBag from /home/airflow/.local/lib/python3.12/site-packages/airflow/example_dags/example_subdag_operator.py
[2024-11-11T06:49:52.389+0000] {processor.py:925} INFO - DAG(s) 'example_subdag_operator.section-1', 'example_subdag_operator.section-2', 'example_subdag_operator' retrieved from /home/airflow/.local/lib/python3.12/site-packages/airflow/example_dags/example_subdag_operator.py
[2024-11-11T06:49:52.419+0000] {logging_mixin.py:190} INFO - [2024-11-11T06:49:52.418+0000] {dag.py:3239} INFO - Sync 3 DAGs
[2024-11-11T06:49:52.495+0000] {logging_mixin.py:190} INFO - [2024-11-11T06:49:52.495+0000] {dag.py:4180} INFO - Setting next_dagrun for example_subdag_operator to 2022-01-01 00:00:00+00:00, run_after=2022-01-01 00:00:00+00:00
[2024-11-11T06:49:52.506+0000] {logging_mixin.py:190} INFO - [2024-11-11T06:49:52.506+0000] {dag.py:4180} INFO - Setting next_dagrun for example_subdag_operator.section-1 to None, run_after=None
[2024-11-11T06:49:52.510+0000] {logging_mixin.py:190} INFO - [2024-11-11T06:49:52.510+0000] {dag.py:4180} INFO - Setting next_dagrun for example_subdag_operator.section-2 to None, run_after=None
[2024-11-11T06:49:52.531+0000] {logging_mixin.py:190} INFO - [2024-11-11T06:49:52.531+0000] {dag.py:3239} INFO - Sync 2 DAGs
[2024-11-11T06:49:52.547+0000] {logging_mixin.py:190} INFO - [2024-11-11T06:49:52.547+0000] {dag.py:4180} INFO - Setting next_dagrun for example_subdag_operator.section-1 to None, run_after=None
[2024-11-11T06:49:52.548+0000] {logging_mixin.py:190} INFO - [2024-11-11T06:49:52.548+0000] {dag.py:4180} INFO - Setting next_dagrun for example_subdag_operator.section-2 to None, run_after=None
[2024-11-11T06:49:52.587+0000] {processor.py:208} INFO - Processing /home/airflow/.local/lib/python3.12/site-packages/airflow/example_dags/example_subdag_operator.py took 0.270 seconds
[2024-11-11T06:50:24.080+0000] {processor.py:186} INFO - Started process (PID=304) to work on /home/airflow/.local/lib/python3.12/site-packages/airflow/example_dags/example_subdag_operator.py
[2024-11-11T06:50:24.089+0000] {processor.py:914} INFO - Processing file /home/airflow/.local/lib/python3.12/site-packages/airflow/example_dags/example_subdag_operator.py for tasks to queue
[2024-11-11T06:50:24.118+0000] {logging_mixin.py:190} INFO - [2024-11-11T06:50:24.115+0000] {dagbag.py:588} INFO - Filling up the DagBag from /home/airflow/.local/lib/python3.12/site-packages/airflow/example_dags/example_subdag_operator.py
[2024-11-11T06:50:24.255+0000] {processor.py:925} INFO - DAG(s) 'example_subdag_operator.section-1', 'example_subdag_operator.section-2', 'example_subdag_operator' retrieved from /home/airflow/.local/lib/python3.12/site-packages/airflow/example_dags/example_subdag_operator.py
[2024-11-11T06:50:24.294+0000] {logging_mixin.py:190} INFO - [2024-11-11T06:50:24.293+0000] {dag.py:3239} INFO - Sync 3 DAGs
[2024-11-11T06:50:24.351+0000] {logging_mixin.py:190} INFO - [2024-11-11T06:50:24.350+0000] {dag.py:4180} INFO - Setting next_dagrun for example_subdag_operator to 2022-01-01 00:00:00+00:00, run_after=2022-01-01 00:00:00+00:00
[2024-11-11T06:50:24.362+0000] {logging_mixin.py:190} INFO - [2024-11-11T06:50:24.362+0000] {dag.py:4180} INFO - Setting next_dagrun for example_subdag_operator.section-1 to None, run_after=None
[2024-11-11T06:50:24.367+0000] {logging_mixin.py:190} INFO - [2024-11-11T06:50:24.366+0000] {dag.py:4180} INFO - Setting next_dagrun for example_subdag_operator.section-2 to None, run_after=None
[2024-11-11T06:50:24.390+0000] {logging_mixin.py:190} INFO - [2024-11-11T06:50:24.389+0000] {dag.py:3239} INFO - Sync 2 DAGs
[2024-11-11T06:50:24.408+0000] {logging_mixin.py:190} INFO - [2024-11-11T06:50:24.407+0000] {dag.py:4180} INFO - Setting next_dagrun for example_subdag_operator.section-1 to None, run_after=None
[2024-11-11T06:50:24.411+0000] {logging_mixin.py:190} INFO - [2024-11-11T06:50:24.411+0000] {dag.py:4180} INFO - Setting next_dagrun for example_subdag_operator.section-2 to None, run_after=None
[2024-11-11T06:50:24.442+0000] {processor.py:208} INFO - Processing /home/airflow/.local/lib/python3.12/site-packages/airflow/example_dags/example_subdag_operator.py took 0.385 seconds
[2024-11-11T06:50:55.202+0000] {processor.py:186} INFO - Started process (PID=368) to work on /home/airflow/.local/lib/python3.12/site-packages/airflow/example_dags/example_subdag_operator.py
[2024-11-11T06:50:55.212+0000] {processor.py:914} INFO - Processing file /home/airflow/.local/lib/python3.12/site-packages/airflow/example_dags/example_subdag_operator.py for tasks to queue
[2024-11-11T06:50:55.251+0000] {logging_mixin.py:190} INFO - [2024-11-11T06:50:55.242+0000] {dagbag.py:588} INFO - Filling up the DagBag from /home/airflow/.local/lib/python3.12/site-packages/airflow/example_dags/example_subdag_operator.py
[2024-11-11T06:50:55.371+0000] {processor.py:925} INFO - DAG(s) 'example_subdag_operator.section-1', 'example_subdag_operator.section-2', 'example_subdag_operator' retrieved from /home/airflow/.local/lib/python3.12/site-packages/airflow/example_dags/example_subdag_operator.py
[2024-11-11T06:50:55.428+0000] {logging_mixin.py:190} INFO - [2024-11-11T06:50:55.428+0000] {dag.py:3239} INFO - Sync 3 DAGs
[2024-11-11T06:50:55.483+0000] {logging_mixin.py:190} INFO - [2024-11-11T06:50:55.482+0000] {dag.py:4180} INFO - Setting next_dagrun for example_subdag_operator to 2022-01-01 00:00:00+00:00, run_after=2022-01-01 00:00:00+00:00
[2024-11-11T06:50:55.491+0000] {logging_mixin.py:190} INFO - [2024-11-11T06:50:55.491+0000] {dag.py:4180} INFO - Setting next_dagrun for example_subdag_operator.section-1 to None, run_after=None
[2024-11-11T06:50:55.496+0000] {logging_mixin.py:190} INFO - [2024-11-11T06:50:55.495+0000] {dag.py:4180} INFO - Setting next_dagrun for example_subdag_operator.section-2 to None, run_after=None
[2024-11-11T06:50:55.509+0000] {logging_mixin.py:190} INFO - [2024-11-11T06:50:55.509+0000] {dag.py:3239} INFO - Sync 2 DAGs
[2024-11-11T06:50:55.521+0000] {logging_mixin.py:190} INFO - [2024-11-11T06:50:55.520+0000] {dag.py:4180} INFO - Setting next_dagrun for example_subdag_operator.section-1 to None, run_after=None
[2024-11-11T06:50:55.523+0000] {logging_mixin.py:190} INFO - [2024-11-11T06:50:55.523+0000] {dag.py:4180} INFO - Setting next_dagrun for example_subdag_operator.section-2 to None, run_after=None
[2024-11-11T06:50:55.549+0000] {processor.py:208} INFO - Processing /home/airflow/.local/lib/python3.12/site-packages/airflow/example_dags/example_subdag_operator.py took 0.365 seconds
[2024-11-11T06:51:26.217+0000] {processor.py:186} INFO - Started process (PID=432) to work on /home/airflow/.local/lib/python3.12/site-packages/airflow/example_dags/example_subdag_operator.py
[2024-11-11T06:51:26.219+0000] {processor.py:914} INFO - Processing file /home/airflow/.local/lib/python3.12/site-packages/airflow/example_dags/example_subdag_operator.py for tasks to queue
[2024-11-11T06:51:26.224+0000] {logging_mixin.py:190} INFO - [2024-11-11T06:51:26.223+0000] {dagbag.py:588} INFO - Filling up the DagBag from /home/airflow/.local/lib/python3.12/site-packages/airflow/example_dags/example_subdag_operator.py
[2024-11-11T06:51:26.281+0000] {processor.py:925} INFO - DAG(s) 'example_subdag_operator.section-1', 'example_subdag_operator.section-2', 'example_subdag_operator' retrieved from /home/airflow/.local/lib/python3.12/site-packages/airflow/example_dags/example_subdag_operator.py
[2024-11-11T06:51:26.305+0000] {logging_mixin.py:190} INFO - [2024-11-11T06:51:26.304+0000] {dag.py:3239} INFO - Sync 3 DAGs
[2024-11-11T06:51:26.349+0000] {logging_mixin.py:190} INFO - [2024-11-11T06:51:26.349+0000] {dag.py:4180} INFO - Setting next_dagrun for example_subdag_operator to 2022-01-01 00:00:00+00:00, run_after=2022-01-01 00:00:00+00:00
[2024-11-11T06:51:26.358+0000] {logging_mixin.py:190} INFO - [2024-11-11T06:51:26.357+0000] {dag.py:4180} INFO - Setting next_dagrun for example_subdag_operator.section-1 to None, run_after=None
[2024-11-11T06:51:26.362+0000] {logging_mixin.py:190} INFO - [2024-11-11T06:51:26.361+0000] {dag.py:4180} INFO - Setting next_dagrun for example_subdag_operator.section-2 to None, run_after=None
[2024-11-11T06:51:26.379+0000] {logging_mixin.py:190} INFO - [2024-11-11T06:51:26.379+0000] {dag.py:3239} INFO - Sync 2 DAGs
[2024-11-11T06:51:26.391+0000] {logging_mixin.py:190} INFO - [2024-11-11T06:51:26.390+0000] {dag.py:4180} INFO - Setting next_dagrun for example_subdag_operator.section-1 to None, run_after=None
[2024-11-11T06:51:26.392+0000] {logging_mixin.py:190} INFO - [2024-11-11T06:51:26.391+0000] {dag.py:4180} INFO - Setting next_dagrun for example_subdag_operator.section-2 to None, run_after=None
[2024-11-11T06:51:26.418+0000] {processor.py:208} INFO - Processing /home/airflow/.local/lib/python3.12/site-packages/airflow/example_dags/example_subdag_operator.py took 0.212 seconds
[2024-11-11T06:51:56.544+0000] {processor.py:186} INFO - Started process (PID=495) to work on /home/airflow/.local/lib/python3.12/site-packages/airflow/example_dags/example_subdag_operator.py
[2024-11-11T06:51:56.546+0000] {processor.py:914} INFO - Processing file /home/airflow/.local/lib/python3.12/site-packages/airflow/example_dags/example_subdag_operator.py for tasks to queue
[2024-11-11T06:51:56.550+0000] {logging_mixin.py:190} INFO - [2024-11-11T06:51:56.549+0000] {dagbag.py:588} INFO - Filling up the DagBag from /home/airflow/.local/lib/python3.12/site-packages/airflow/example_dags/example_subdag_operator.py
[2024-11-11T06:51:56.590+0000] {processor.py:925} INFO - DAG(s) 'example_subdag_operator.section-1', 'example_subdag_operator.section-2', 'example_subdag_operator' retrieved from /home/airflow/.local/lib/python3.12/site-packages/airflow/example_dags/example_subdag_operator.py
[2024-11-11T06:51:56.610+0000] {logging_mixin.py:190} INFO - [2024-11-11T06:51:56.610+0000] {dag.py:3239} INFO - Sync 3 DAGs
[2024-11-11T06:51:56.643+0000] {logging_mixin.py:190} INFO - [2024-11-11T06:51:56.643+0000] {dag.py:4180} INFO - Setting next_dagrun for example_subdag_operator to 2022-01-01 00:00:00+00:00, run_after=2022-01-01 00:00:00+00:00
[2024-11-11T06:51:56.650+0000] {logging_mixin.py:190} INFO - [2024-11-11T06:51:56.650+0000] {dag.py:4180} INFO - Setting next_dagrun for example_subdag_operator.section-1 to None, run_after=None
[2024-11-11T06:51:56.654+0000] {logging_mixin.py:190} INFO - [2024-11-11T06:51:56.653+0000] {dag.py:4180} INFO - Setting next_dagrun for example_subdag_operator.section-2 to None, run_after=None
[2024-11-11T06:51:56.666+0000] {logging_mixin.py:190} INFO - [2024-11-11T06:51:56.666+0000] {dag.py:3239} INFO - Sync 2 DAGs
[2024-11-11T06:51:56.674+0000] {logging_mixin.py:190} INFO - [2024-11-11T06:51:56.673+0000] {dag.py:4180} INFO - Setting next_dagrun for example_subdag_operator.section-1 to None, run_after=None
[2024-11-11T06:51:56.675+0000] {logging_mixin.py:190} INFO - [2024-11-11T06:51:56.675+0000] {dag.py:4180} INFO - Setting next_dagrun for example_subdag_operator.section-2 to None, run_after=None
[2024-11-11T06:51:56.694+0000] {processor.py:208} INFO - Processing /home/airflow/.local/lib/python3.12/site-packages/airflow/example_dags/example_subdag_operator.py took 0.157 seconds
[2024-11-11T06:52:26.743+0000] {processor.py:186} INFO - Started process (PID=559) to work on /home/airflow/.local/lib/python3.12/site-packages/airflow/example_dags/example_subdag_operator.py
[2024-11-11T06:52:26.746+0000] {processor.py:914} INFO - Processing file /home/airflow/.local/lib/python3.12/site-packages/airflow/example_dags/example_subdag_operator.py for tasks to queue
[2024-11-11T06:52:26.750+0000] {logging_mixin.py:190} INFO - [2024-11-11T06:52:26.749+0000] {dagbag.py:588} INFO - Filling up the DagBag from /home/airflow/.local/lib/python3.12/site-packages/airflow/example_dags/example_subdag_operator.py
[2024-11-11T06:52:26.811+0000] {processor.py:925} INFO - DAG(s) 'example_subdag_operator.section-1', 'example_subdag_operator.section-2', 'example_subdag_operator' retrieved from /home/airflow/.local/lib/python3.12/site-packages/airflow/example_dags/example_subdag_operator.py
[2024-11-11T06:52:26.838+0000] {logging_mixin.py:190} INFO - [2024-11-11T06:52:26.838+0000] {dag.py:3239} INFO - Sync 3 DAGs
[2024-11-11T06:52:26.870+0000] {logging_mixin.py:190} INFO - [2024-11-11T06:52:26.869+0000] {dag.py:4180} INFO - Setting next_dagrun for example_subdag_operator to 2022-01-01 00:00:00+00:00, run_after=2022-01-01 00:00:00+00:00
[2024-11-11T06:52:26.876+0000] {logging_mixin.py:190} INFO - [2024-11-11T06:52:26.875+0000] {dag.py:4180} INFO - Setting next_dagrun for example_subdag_operator.section-1 to None, run_after=None
[2024-11-11T06:52:26.880+0000] {logging_mixin.py:190} INFO - [2024-11-11T06:52:26.879+0000] {dag.py:4180} INFO - Setting next_dagrun for example_subdag_operator.section-2 to None, run_after=None
[2024-11-11T06:52:26.890+0000] {logging_mixin.py:190} INFO - [2024-11-11T06:52:26.890+0000] {dag.py:3239} INFO - Sync 2 DAGs
[2024-11-11T06:52:26.899+0000] {logging_mixin.py:190} INFO - [2024-11-11T06:52:26.899+0000] {dag.py:4180} INFO - Setting next_dagrun for example_subdag_operator.section-1 to None, run_after=None
[2024-11-11T06:52:26.900+0000] {logging_mixin.py:190} INFO - [2024-11-11T06:52:26.900+0000] {dag.py:4180} INFO - Setting next_dagrun for example_subdag_operator.section-2 to None, run_after=None
[2024-11-11T06:52:26.918+0000] {processor.py:208} INFO - Processing /home/airflow/.local/lib/python3.12/site-packages/airflow/example_dags/example_subdag_operator.py took 0.184 seconds
[2024-11-11T06:52:57.099+0000] {processor.py:186} INFO - Started process (PID=623) to work on /home/airflow/.local/lib/python3.12/site-packages/airflow/example_dags/example_subdag_operator.py
[2024-11-11T06:52:57.100+0000] {processor.py:914} INFO - Processing file /home/airflow/.local/lib/python3.12/site-packages/airflow/example_dags/example_subdag_operator.py for tasks to queue
[2024-11-11T06:52:57.106+0000] {logging_mixin.py:190} INFO - [2024-11-11T06:52:57.105+0000] {dagbag.py:588} INFO - Filling up the DagBag from /home/airflow/.local/lib/python3.12/site-packages/airflow/example_dags/example_subdag_operator.py
[2024-11-11T06:52:57.159+0000] {processor.py:925} INFO - DAG(s) 'example_subdag_operator.section-1', 'example_subdag_operator.section-2', 'example_subdag_operator' retrieved from /home/airflow/.local/lib/python3.12/site-packages/airflow/example_dags/example_subdag_operator.py
[2024-11-11T06:52:57.187+0000] {logging_mixin.py:190} INFO - [2024-11-11T06:52:57.186+0000] {dag.py:3239} INFO - Sync 3 DAGs
[2024-11-11T06:52:57.227+0000] {logging_mixin.py:190} INFO - [2024-11-11T06:52:57.227+0000] {dag.py:4180} INFO - Setting next_dagrun for example_subdag_operator to 2022-01-01 00:00:00+00:00, run_after=2022-01-01 00:00:00+00:00
[2024-11-11T06:52:57.234+0000] {logging_mixin.py:190} INFO - [2024-11-11T06:52:57.233+0000] {dag.py:4180} INFO - Setting next_dagrun for example_subdag_operator.section-1 to None, run_after=None
[2024-11-11T06:52:57.241+0000] {logging_mixin.py:190} INFO - [2024-11-11T06:52:57.241+0000] {dag.py:4180} INFO - Setting next_dagrun for example_subdag_operator.section-2 to None, run_after=None
[2024-11-11T06:52:57.256+0000] {logging_mixin.py:190} INFO - [2024-11-11T06:52:57.256+0000] {dag.py:3239} INFO - Sync 2 DAGs
[2024-11-11T06:52:57.269+0000] {logging_mixin.py:190} INFO - [2024-11-11T06:52:57.269+0000] {dag.py:4180} INFO - Setting next_dagrun for example_subdag_operator.section-1 to None, run_after=None
[2024-11-11T06:52:57.273+0000] {logging_mixin.py:190} INFO - [2024-11-11T06:52:57.271+0000] {dag.py:4180} INFO - Setting next_dagrun for example_subdag_operator.section-2 to None, run_after=None
[2024-11-11T06:52:57.295+0000] {processor.py:208} INFO - Processing /home/airflow/.local/lib/python3.12/site-packages/airflow/example_dags/example_subdag_operator.py took 0.210 seconds
[2024-11-11T06:53:27.471+0000] {processor.py:186} INFO - Started process (PID=686) to work on /home/airflow/.local/lib/python3.12/site-packages/airflow/example_dags/example_subdag_operator.py
[2024-11-11T06:53:27.476+0000] {processor.py:914} INFO - Processing file /home/airflow/.local/lib/python3.12/site-packages/airflow/example_dags/example_subdag_operator.py for tasks to queue
[2024-11-11T06:53:27.483+0000] {logging_mixin.py:190} INFO - [2024-11-11T06:53:27.481+0000] {dagbag.py:588} INFO - Filling up the DagBag from /home/airflow/.local/lib/python3.12/site-packages/airflow/example_dags/example_subdag_operator.py
[2024-11-11T06:53:27.562+0000] {processor.py:925} INFO - DAG(s) 'example_subdag_operator.section-1', 'example_subdag_operator.section-2', 'example_subdag_operator' retrieved from /home/airflow/.local/lib/python3.12/site-packages/airflow/example_dags/example_subdag_operator.py
[2024-11-11T06:53:27.599+0000] {logging_mixin.py:190} INFO - [2024-11-11T06:53:27.599+0000] {dag.py:3239} INFO - Sync 3 DAGs
[2024-11-11T06:53:27.659+0000] {logging_mixin.py:190} INFO - [2024-11-11T06:53:27.659+0000] {dag.py:4180} INFO - Setting next_dagrun for example_subdag_operator to 2022-01-01 00:00:00+00:00, run_after=2022-01-01 00:00:00+00:00
[2024-11-11T06:53:27.671+0000] {logging_mixin.py:190} INFO - [2024-11-11T06:53:27.670+0000] {dag.py:4180} INFO - Setting next_dagrun for example_subdag_operator.section-1 to None, run_after=None
[2024-11-11T06:53:27.675+0000] {logging_mixin.py:190} INFO - [2024-11-11T06:53:27.675+0000] {dag.py:4180} INFO - Setting next_dagrun for example_subdag_operator.section-2 to None, run_after=None
[2024-11-11T06:53:27.702+0000] {logging_mixin.py:190} INFO - [2024-11-11T06:53:27.701+0000] {dag.py:3239} INFO - Sync 2 DAGs
[2024-11-11T06:53:27.725+0000] {logging_mixin.py:190} INFO - [2024-11-11T06:53:27.724+0000] {dag.py:4180} INFO - Setting next_dagrun for example_subdag_operator.section-1 to None, run_after=None
[2024-11-11T06:53:27.728+0000] {logging_mixin.py:190} INFO - [2024-11-11T06:53:27.728+0000] {dag.py:4180} INFO - Setting next_dagrun for example_subdag_operator.section-2 to None, run_after=None
[2024-11-11T06:53:27.764+0000] {processor.py:208} INFO - Processing /home/airflow/.local/lib/python3.12/site-packages/airflow/example_dags/example_subdag_operator.py took 0.319 seconds
[2024-11-11T06:53:57.838+0000] {processor.py:186} INFO - Started process (PID=751) to work on /home/airflow/.local/lib/python3.12/site-packages/airflow/example_dags/example_subdag_operator.py
[2024-11-11T06:53:57.840+0000] {processor.py:914} INFO - Processing file /home/airflow/.local/lib/python3.12/site-packages/airflow/example_dags/example_subdag_operator.py for tasks to queue
[2024-11-11T06:53:57.843+0000] {logging_mixin.py:190} INFO - [2024-11-11T06:53:57.843+0000] {dagbag.py:588} INFO - Filling up the DagBag from /home/airflow/.local/lib/python3.12/site-packages/airflow/example_dags/example_subdag_operator.py
[2024-11-11T06:53:57.883+0000] {processor.py:925} INFO - DAG(s) 'example_subdag_operator.section-1', 'example_subdag_operator.section-2', 'example_subdag_operator' retrieved from /home/airflow/.local/lib/python3.12/site-packages/airflow/example_dags/example_subdag_operator.py
[2024-11-11T06:53:57.902+0000] {logging_mixin.py:190} INFO - [2024-11-11T06:53:57.902+0000] {dag.py:3239} INFO - Sync 3 DAGs
[2024-11-11T06:53:57.934+0000] {logging_mixin.py:190} INFO - [2024-11-11T06:53:57.933+0000] {dag.py:4180} INFO - Setting next_dagrun for example_subdag_operator to 2022-01-01 00:00:00+00:00, run_after=2022-01-01 00:00:00+00:00
[2024-11-11T06:53:57.942+0000] {logging_mixin.py:190} INFO - [2024-11-11T06:53:57.941+0000] {dag.py:4180} INFO - Setting next_dagrun for example_subdag_operator.section-1 to None, run_after=None
[2024-11-11T06:53:57.945+0000] {logging_mixin.py:190} INFO - [2024-11-11T06:53:57.945+0000] {dag.py:4180} INFO - Setting next_dagrun for example_subdag_operator.section-2 to None, run_after=None
[2024-11-11T06:53:57.961+0000] {logging_mixin.py:190} INFO - [2024-11-11T06:53:57.961+0000] {dag.py:3239} INFO - Sync 2 DAGs
[2024-11-11T06:53:57.971+0000] {logging_mixin.py:190} INFO - [2024-11-11T06:53:57.970+0000] {dag.py:4180} INFO - Setting next_dagrun for example_subdag_operator.section-1 to None, run_after=None
[2024-11-11T06:53:57.972+0000] {logging_mixin.py:190} INFO - [2024-11-11T06:53:57.972+0000] {dag.py:4180} INFO - Setting next_dagrun for example_subdag_operator.section-2 to None, run_after=None
[2024-11-11T06:53:57.987+0000] {processor.py:208} INFO - Processing /home/airflow/.local/lib/python3.12/site-packages/airflow/example_dags/example_subdag_operator.py took 0.157 seconds
[2024-11-11T06:54:28.302+0000] {processor.py:186} INFO - Started process (PID=814) to work on /home/airflow/.local/lib/python3.12/site-packages/airflow/example_dags/example_subdag_operator.py
[2024-11-11T06:54:28.305+0000] {processor.py:914} INFO - Processing file /home/airflow/.local/lib/python3.12/site-packages/airflow/example_dags/example_subdag_operator.py for tasks to queue
[2024-11-11T06:54:28.314+0000] {logging_mixin.py:190} INFO - [2024-11-11T06:54:28.313+0000] {dagbag.py:588} INFO - Filling up the DagBag from /home/airflow/.local/lib/python3.12/site-packages/airflow/example_dags/example_subdag_operator.py
[2024-11-11T06:54:28.406+0000] {processor.py:925} INFO - DAG(s) 'example_subdag_operator.section-1', 'example_subdag_operator.section-2', 'example_subdag_operator' retrieved from /home/airflow/.local/lib/python3.12/site-packages/airflow/example_dags/example_subdag_operator.py
[2024-11-11T06:54:28.454+0000] {logging_mixin.py:190} INFO - [2024-11-11T06:54:28.453+0000] {dag.py:3239} INFO - Sync 3 DAGs
[2024-11-11T06:54:28.560+0000] {logging_mixin.py:190} INFO - [2024-11-11T06:54:28.559+0000] {dag.py:4180} INFO - Setting next_dagrun for example_subdag_operator to 2022-01-01 00:00:00+00:00, run_after=2022-01-01 00:00:00+00:00
[2024-11-11T06:54:28.577+0000] {logging_mixin.py:190} INFO - [2024-11-11T06:54:28.576+0000] {dag.py:4180} INFO - Setting next_dagrun for example_subdag_operator.section-1 to None, run_after=None
[2024-11-11T06:54:28.586+0000] {logging_mixin.py:190} INFO - [2024-11-11T06:54:28.584+0000] {dag.py:4180} INFO - Setting next_dagrun for example_subdag_operator.section-2 to None, run_after=None
[2024-11-11T06:54:28.610+0000] {logging_mixin.py:190} INFO - [2024-11-11T06:54:28.609+0000] {dag.py:3239} INFO - Sync 2 DAGs
[2024-11-11T06:54:28.623+0000] {logging_mixin.py:190} INFO - [2024-11-11T06:54:28.622+0000] {dag.py:4180} INFO - Setting next_dagrun for example_subdag_operator.section-1 to None, run_after=None
[2024-11-11T06:54:28.626+0000] {logging_mixin.py:190} INFO - [2024-11-11T06:54:28.626+0000] {dag.py:4180} INFO - Setting next_dagrun for example_subdag_operator.section-2 to None, run_after=None
[2024-11-11T06:54:28.648+0000] {processor.py:208} INFO - Processing /home/airflow/.local/lib/python3.12/site-packages/airflow/example_dags/example_subdag_operator.py took 0.362 seconds
[2024-11-11T06:54:59.304+0000] {processor.py:186} INFO - Started process (PID=878) to work on /home/airflow/.local/lib/python3.12/site-packages/airflow/example_dags/example_subdag_operator.py
[2024-11-11T06:54:59.306+0000] {processor.py:914} INFO - Processing file /home/airflow/.local/lib/python3.12/site-packages/airflow/example_dags/example_subdag_operator.py for tasks to queue
[2024-11-11T06:54:59.311+0000] {logging_mixin.py:190} INFO - [2024-11-11T06:54:59.310+0000] {dagbag.py:588} INFO - Filling up the DagBag from /home/airflow/.local/lib/python3.12/site-packages/airflow/example_dags/example_subdag_operator.py
[2024-11-11T06:54:59.356+0000] {processor.py:925} INFO - DAG(s) 'example_subdag_operator.section-1', 'example_subdag_operator.section-2', 'example_subdag_operator' retrieved from /home/airflow/.local/lib/python3.12/site-packages/airflow/example_dags/example_subdag_operator.py
[2024-11-11T06:54:59.378+0000] {logging_mixin.py:190} INFO - [2024-11-11T06:54:59.378+0000] {dag.py:3239} INFO - Sync 3 DAGs
[2024-11-11T06:54:59.409+0000] {logging_mixin.py:190} INFO - [2024-11-11T06:54:59.409+0000] {dag.py:4180} INFO - Setting next_dagrun for example_subdag_operator to 2022-01-01 00:00:00+00:00, run_after=2022-01-01 00:00:00+00:00
[2024-11-11T06:54:59.418+0000] {logging_mixin.py:190} INFO - [2024-11-11T06:54:59.417+0000] {dag.py:4180} INFO - Setting next_dagrun for example_subdag_operator.section-1 to None, run_after=None
[2024-11-11T06:54:59.421+0000] {logging_mixin.py:190} INFO - [2024-11-11T06:54:59.421+0000] {dag.py:4180} INFO - Setting next_dagrun for example_subdag_operator.section-2 to None, run_after=None
[2024-11-11T06:54:59.431+0000] {logging_mixin.py:190} INFO - [2024-11-11T06:54:59.431+0000] {dag.py:3239} INFO - Sync 2 DAGs
[2024-11-11T06:54:59.440+0000] {logging_mixin.py:190} INFO - [2024-11-11T06:54:59.440+0000] {dag.py:4180} INFO - Setting next_dagrun for example_subdag_operator.section-1 to None, run_after=None
[2024-11-11T06:54:59.441+0000] {logging_mixin.py:190} INFO - [2024-11-11T06:54:59.441+0000] {dag.py:4180} INFO - Setting next_dagrun for example_subdag_operator.section-2 to None, run_after=None
[2024-11-11T06:54:59.458+0000] {processor.py:208} INFO - Processing /home/airflow/.local/lib/python3.12/site-packages/airflow/example_dags/example_subdag_operator.py took 0.167 seconds
[2024-11-11T06:55:29.878+0000] {processor.py:186} INFO - Started process (PID=942) to work on /home/airflow/.local/lib/python3.12/site-packages/airflow/example_dags/example_subdag_operator.py
[2024-11-11T06:55:29.879+0000] {processor.py:914} INFO - Processing file /home/airflow/.local/lib/python3.12/site-packages/airflow/example_dags/example_subdag_operator.py for tasks to queue
[2024-11-11T06:55:29.882+0000] {logging_mixin.py:190} INFO - [2024-11-11T06:55:29.882+0000] {dagbag.py:588} INFO - Filling up the DagBag from /home/airflow/.local/lib/python3.12/site-packages/airflow/example_dags/example_subdag_operator.py
[2024-11-11T06:55:29.921+0000] {processor.py:925} INFO - DAG(s) 'example_subdag_operator.section-1', 'example_subdag_operator.section-2', 'example_subdag_operator' retrieved from /home/airflow/.local/lib/python3.12/site-packages/airflow/example_dags/example_subdag_operator.py
[2024-11-11T06:55:29.943+0000] {logging_mixin.py:190} INFO - [2024-11-11T06:55:29.942+0000] {dag.py:3239} INFO - Sync 3 DAGs
[2024-11-11T06:55:29.980+0000] {logging_mixin.py:190} INFO - [2024-11-11T06:55:29.980+0000] {dag.py:4180} INFO - Setting next_dagrun for example_subdag_operator to 2022-01-01 00:00:00+00:00, run_after=2022-01-01 00:00:00+00:00
[2024-11-11T06:55:29.987+0000] {logging_mixin.py:190} INFO - [2024-11-11T06:55:29.986+0000] {dag.py:4180} INFO - Setting next_dagrun for example_subdag_operator.section-1 to None, run_after=None
[2024-11-11T06:55:29.989+0000] {logging_mixin.py:190} INFO - [2024-11-11T06:55:29.989+0000] {dag.py:4180} INFO - Setting next_dagrun for example_subdag_operator.section-2 to None, run_after=None
[2024-11-11T06:55:29.999+0000] {logging_mixin.py:190} INFO - [2024-11-11T06:55:29.998+0000] {dag.py:3239} INFO - Sync 2 DAGs
[2024-11-11T06:55:30.008+0000] {logging_mixin.py:190} INFO - [2024-11-11T06:55:30.008+0000] {dag.py:4180} INFO - Setting next_dagrun for example_subdag_operator.section-1 to None, run_after=None
[2024-11-11T06:55:30.009+0000] {logging_mixin.py:190} INFO - [2024-11-11T06:55:30.009+0000] {dag.py:4180} INFO - Setting next_dagrun for example_subdag_operator.section-2 to None, run_after=None
[2024-11-11T06:55:30.025+0000] {processor.py:208} INFO - Processing /home/airflow/.local/lib/python3.12/site-packages/airflow/example_dags/example_subdag_operator.py took 0.155 seconds
[2024-11-11T06:56:00.126+0000] {processor.py:186} INFO - Started process (PID=1006) to work on /home/airflow/.local/lib/python3.12/site-packages/airflow/example_dags/example_subdag_operator.py
[2024-11-11T06:56:00.128+0000] {processor.py:914} INFO - Processing file /home/airflow/.local/lib/python3.12/site-packages/airflow/example_dags/example_subdag_operator.py for tasks to queue
[2024-11-11T06:56:00.133+0000] {logging_mixin.py:190} INFO - [2024-11-11T06:56:00.132+0000] {dagbag.py:588} INFO - Filling up the DagBag from /home/airflow/.local/lib/python3.12/site-packages/airflow/example_dags/example_subdag_operator.py
[2024-11-11T06:56:00.193+0000] {processor.py:925} INFO - DAG(s) 'example_subdag_operator.section-1', 'example_subdag_operator.section-2', 'example_subdag_operator' retrieved from /home/airflow/.local/lib/python3.12/site-packages/airflow/example_dags/example_subdag_operator.py
[2024-11-11T06:56:00.223+0000] {logging_mixin.py:190} INFO - [2024-11-11T06:56:00.222+0000] {dag.py:3239} INFO - Sync 3 DAGs
[2024-11-11T06:56:00.268+0000] {logging_mixin.py:190} INFO - [2024-11-11T06:56:00.268+0000] {dag.py:4180} INFO - Setting next_dagrun for example_subdag_operator to 2022-01-01 00:00:00+00:00, run_after=2022-01-01 00:00:00+00:00
[2024-11-11T06:56:00.279+0000] {logging_mixin.py:190} INFO - [2024-11-11T06:56:00.278+0000] {dag.py:4180} INFO - Setting next_dagrun for example_subdag_operator.section-1 to None, run_after=None
[2024-11-11T06:56:00.283+0000] {logging_mixin.py:190} INFO - [2024-11-11T06:56:00.282+0000] {dag.py:4180} INFO - Setting next_dagrun for example_subdag_operator.section-2 to None, run_after=None
[2024-11-11T06:56:00.300+0000] {logging_mixin.py:190} INFO - [2024-11-11T06:56:00.299+0000] {dag.py:3239} INFO - Sync 2 DAGs
[2024-11-11T06:56:00.316+0000] {logging_mixin.py:190} INFO - [2024-11-11T06:56:00.315+0000] {dag.py:4180} INFO - Setting next_dagrun for example_subdag_operator.section-1 to None, run_after=None
[2024-11-11T06:56:00.317+0000] {logging_mixin.py:190} INFO - [2024-11-11T06:56:00.317+0000] {dag.py:4180} INFO - Setting next_dagrun for example_subdag_operator.section-2 to None, run_after=None
[2024-11-11T06:56:00.348+0000] {processor.py:208} INFO - Processing /home/airflow/.local/lib/python3.12/site-packages/airflow/example_dags/example_subdag_operator.py took 0.233 seconds
[2024-11-11T06:56:30.859+0000] {processor.py:186} INFO - Started process (PID=1070) to work on /home/airflow/.local/lib/python3.12/site-packages/airflow/example_dags/example_subdag_operator.py
[2024-11-11T06:56:30.860+0000] {processor.py:914} INFO - Processing file /home/airflow/.local/lib/python3.12/site-packages/airflow/example_dags/example_subdag_operator.py for tasks to queue
[2024-11-11T06:56:30.864+0000] {logging_mixin.py:190} INFO - [2024-11-11T06:56:30.864+0000] {dagbag.py:588} INFO - Filling up the DagBag from /home/airflow/.local/lib/python3.12/site-packages/airflow/example_dags/example_subdag_operator.py
[2024-11-11T06:56:30.911+0000] {processor.py:925} INFO - DAG(s) 'example_subdag_operator.section-1', 'example_subdag_operator.section-2', 'example_subdag_operator' retrieved from /home/airflow/.local/lib/python3.12/site-packages/airflow/example_dags/example_subdag_operator.py
[2024-11-11T06:56:30.936+0000] {logging_mixin.py:190} INFO - [2024-11-11T06:56:30.935+0000] {dag.py:3239} INFO - Sync 3 DAGs
[2024-11-11T06:56:30.975+0000] {logging_mixin.py:190} INFO - [2024-11-11T06:56:30.975+0000] {dag.py:4180} INFO - Setting next_dagrun for example_subdag_operator to 2022-01-01 00:00:00+00:00, run_after=2022-01-01 00:00:00+00:00
[2024-11-11T06:56:30.981+0000] {logging_mixin.py:190} INFO - [2024-11-11T06:56:30.981+0000] {dag.py:4180} INFO - Setting next_dagrun for example_subdag_operator.section-1 to None, run_after=None
[2024-11-11T06:56:30.987+0000] {logging_mixin.py:190} INFO - [2024-11-11T06:56:30.986+0000] {dag.py:4180} INFO - Setting next_dagrun for example_subdag_operator.section-2 to None, run_after=None
[2024-11-11T06:56:31.003+0000] {logging_mixin.py:190} INFO - [2024-11-11T06:56:31.003+0000] {dag.py:3239} INFO - Sync 2 DAGs
[2024-11-11T06:56:31.014+0000] {logging_mixin.py:190} INFO - [2024-11-11T06:56:31.014+0000] {dag.py:4180} INFO - Setting next_dagrun for example_subdag_operator.section-1 to None, run_after=None
[2024-11-11T06:56:31.015+0000] {logging_mixin.py:190} INFO - [2024-11-11T06:56:31.015+0000] {dag.py:4180} INFO - Setting next_dagrun for example_subdag_operator.section-2 to None, run_after=None
[2024-11-11T06:56:31.033+0000] {processor.py:208} INFO - Processing /home/airflow/.local/lib/python3.12/site-packages/airflow/example_dags/example_subdag_operator.py took 0.183 seconds
[2024-11-11T06:57:01.436+0000] {processor.py:186} INFO - Started process (PID=1134) to work on /home/airflow/.local/lib/python3.12/site-packages/airflow/example_dags/example_subdag_operator.py
[2024-11-11T06:57:01.438+0000] {processor.py:914} INFO - Processing file /home/airflow/.local/lib/python3.12/site-packages/airflow/example_dags/example_subdag_operator.py for tasks to queue
[2024-11-11T06:57:01.441+0000] {logging_mixin.py:190} INFO - [2024-11-11T06:57:01.440+0000] {dagbag.py:588} INFO - Filling up the DagBag from /home/airflow/.local/lib/python3.12/site-packages/airflow/example_dags/example_subdag_operator.py
[2024-11-11T06:57:01.479+0000] {processor.py:925} INFO - DAG(s) 'example_subdag_operator.section-1', 'example_subdag_operator.section-2', 'example_subdag_operator' retrieved from /home/airflow/.local/lib/python3.12/site-packages/airflow/example_dags/example_subdag_operator.py
[2024-11-11T06:57:01.496+0000] {logging_mixin.py:190} INFO - [2024-11-11T06:57:01.496+0000] {dag.py:3239} INFO - Sync 3 DAGs
[2024-11-11T06:57:01.525+0000] {logging_mixin.py:190} INFO - [2024-11-11T06:57:01.524+0000] {dag.py:4180} INFO - Setting next_dagrun for example_subdag_operator to 2022-01-01 00:00:00+00:00, run_after=2022-01-01 00:00:00+00:00
[2024-11-11T06:57:01.530+0000] {logging_mixin.py:190} INFO - [2024-11-11T06:57:01.529+0000] {dag.py:4180} INFO - Setting next_dagrun for example_subdag_operator.section-1 to None, run_after=None
[2024-11-11T06:57:01.533+0000] {logging_mixin.py:190} INFO - [2024-11-11T06:57:01.533+0000] {dag.py:4180} INFO - Setting next_dagrun for example_subdag_operator.section-2 to None, run_after=None
[2024-11-11T06:57:01.543+0000] {logging_mixin.py:190} INFO - [2024-11-11T06:57:01.543+0000] {dag.py:3239} INFO - Sync 2 DAGs
[2024-11-11T06:57:01.551+0000] {logging_mixin.py:190} INFO - [2024-11-11T06:57:01.551+0000] {dag.py:4180} INFO - Setting next_dagrun for example_subdag_operator.section-1 to None, run_after=None
[2024-11-11T06:57:01.553+0000] {logging_mixin.py:190} INFO - [2024-11-11T06:57:01.552+0000] {dag.py:4180} INFO - Setting next_dagrun for example_subdag_operator.section-2 to None, run_after=None
[2024-11-11T06:57:01.569+0000] {processor.py:208} INFO - Processing /home/airflow/.local/lib/python3.12/site-packages/airflow/example_dags/example_subdag_operator.py took 0.140 seconds
[2024-11-11T06:57:31.934+0000] {processor.py:186} INFO - Started process (PID=1198) to work on /home/airflow/.local/lib/python3.12/site-packages/airflow/example_dags/example_subdag_operator.py
[2024-11-11T06:57:31.941+0000] {processor.py:914} INFO - Processing file /home/airflow/.local/lib/python3.12/site-packages/airflow/example_dags/example_subdag_operator.py for tasks to queue
[2024-11-11T06:57:31.947+0000] {logging_mixin.py:190} INFO - [2024-11-11T06:57:31.946+0000] {dagbag.py:588} INFO - Filling up the DagBag from /home/airflow/.local/lib/python3.12/site-packages/airflow/example_dags/example_subdag_operator.py
[2024-11-11T06:57:31.999+0000] {processor.py:925} INFO - DAG(s) 'example_subdag_operator.section-1', 'example_subdag_operator.section-2', 'example_subdag_operator' retrieved from /home/airflow/.local/lib/python3.12/site-packages/airflow/example_dags/example_subdag_operator.py
[2024-11-11T06:57:32.022+0000] {logging_mixin.py:190} INFO - [2024-11-11T06:57:32.022+0000] {dag.py:3239} INFO - Sync 3 DAGs
[2024-11-11T06:57:32.059+0000] {logging_mixin.py:190} INFO - [2024-11-11T06:57:32.059+0000] {dag.py:4180} INFO - Setting next_dagrun for example_subdag_operator to 2022-01-01 00:00:00+00:00, run_after=2022-01-01 00:00:00+00:00
[2024-11-11T06:57:32.068+0000] {logging_mixin.py:190} INFO - [2024-11-11T06:57:32.067+0000] {dag.py:4180} INFO - Setting next_dagrun for example_subdag_operator.section-1 to None, run_after=None
[2024-11-11T06:57:32.070+0000] {logging_mixin.py:190} INFO - [2024-11-11T06:57:32.070+0000] {dag.py:4180} INFO - Setting next_dagrun for example_subdag_operator.section-2 to None, run_after=None
[2024-11-11T06:57:32.082+0000] {logging_mixin.py:190} INFO - [2024-11-11T06:57:32.082+0000] {dag.py:3239} INFO - Sync 2 DAGs
[2024-11-11T06:57:32.091+0000] {logging_mixin.py:190} INFO - [2024-11-11T06:57:32.090+0000] {dag.py:4180} INFO - Setting next_dagrun for example_subdag_operator.section-1 to None, run_after=None
[2024-11-11T06:57:32.092+0000] {logging_mixin.py:190} INFO - [2024-11-11T06:57:32.091+0000] {dag.py:4180} INFO - Setting next_dagrun for example_subdag_operator.section-2 to None, run_after=None
[2024-11-11T06:57:32.116+0000] {processor.py:208} INFO - Processing /home/airflow/.local/lib/python3.12/site-packages/airflow/example_dags/example_subdag_operator.py took 0.194 seconds
[2024-11-11T06:58:02.597+0000] {processor.py:186} INFO - Started process (PID=1262) to work on /home/airflow/.local/lib/python3.12/site-packages/airflow/example_dags/example_subdag_operator.py
[2024-11-11T06:58:02.600+0000] {processor.py:914} INFO - Processing file /home/airflow/.local/lib/python3.12/site-packages/airflow/example_dags/example_subdag_operator.py for tasks to queue
[2024-11-11T06:58:02.605+0000] {logging_mixin.py:190} INFO - [2024-11-11T06:58:02.605+0000] {dagbag.py:588} INFO - Filling up the DagBag from /home/airflow/.local/lib/python3.12/site-packages/airflow/example_dags/example_subdag_operator.py
[2024-11-11T06:58:02.672+0000] {processor.py:925} INFO - DAG(s) 'example_subdag_operator.section-1', 'example_subdag_operator.section-2', 'example_subdag_operator' retrieved from /home/airflow/.local/lib/python3.12/site-packages/airflow/example_dags/example_subdag_operator.py
[2024-11-11T06:58:02.708+0000] {logging_mixin.py:190} INFO - [2024-11-11T06:58:02.707+0000] {dag.py:3239} INFO - Sync 3 DAGs
[2024-11-11T06:58:02.764+0000] {logging_mixin.py:190} INFO - [2024-11-11T06:58:02.764+0000] {dag.py:4180} INFO - Setting next_dagrun for example_subdag_operator to 2022-01-01 00:00:00+00:00, run_after=2022-01-01 00:00:00+00:00
[2024-11-11T06:58:02.773+0000] {logging_mixin.py:190} INFO - [2024-11-11T06:58:02.772+0000] {dag.py:4180} INFO - Setting next_dagrun for example_subdag_operator.section-1 to None, run_after=None
[2024-11-11T06:58:02.776+0000] {logging_mixin.py:190} INFO - [2024-11-11T06:58:02.776+0000] {dag.py:4180} INFO - Setting next_dagrun for example_subdag_operator.section-2 to None, run_after=None
[2024-11-11T06:58:02.790+0000] {logging_mixin.py:190} INFO - [2024-11-11T06:58:02.790+0000] {dag.py:3239} INFO - Sync 2 DAGs
[2024-11-11T06:58:02.810+0000] {logging_mixin.py:190} INFO - [2024-11-11T06:58:02.810+0000] {dag.py:4180} INFO - Setting next_dagrun for example_subdag_operator.section-1 to None, run_after=None
[2024-11-11T06:58:02.812+0000] {logging_mixin.py:190} INFO - [2024-11-11T06:58:02.811+0000] {dag.py:4180} INFO - Setting next_dagrun for example_subdag_operator.section-2 to None, run_after=None
[2024-11-11T06:58:02.836+0000] {processor.py:208} INFO - Processing /home/airflow/.local/lib/python3.12/site-packages/airflow/example_dags/example_subdag_operator.py took 0.253 seconds
[2024-11-11T06:58:32.981+0000] {processor.py:186} INFO - Started process (PID=1325) to work on /home/airflow/.local/lib/python3.12/site-packages/airflow/example_dags/example_subdag_operator.py
[2024-11-11T06:58:32.983+0000] {processor.py:914} INFO - Processing file /home/airflow/.local/lib/python3.12/site-packages/airflow/example_dags/example_subdag_operator.py for tasks to queue
[2024-11-11T06:58:32.986+0000] {logging_mixin.py:190} INFO - [2024-11-11T06:58:32.986+0000] {dagbag.py:588} INFO - Filling up the DagBag from /home/airflow/.local/lib/python3.12/site-packages/airflow/example_dags/example_subdag_operator.py
[2024-11-11T06:58:33.022+0000] {processor.py:925} INFO - DAG(s) 'example_subdag_operator.section-1', 'example_subdag_operator.section-2', 'example_subdag_operator' retrieved from /home/airflow/.local/lib/python3.12/site-packages/airflow/example_dags/example_subdag_operator.py
[2024-11-11T06:58:33.041+0000] {logging_mixin.py:190} INFO - [2024-11-11T06:58:33.040+0000] {dag.py:3239} INFO - Sync 3 DAGs
[2024-11-11T06:58:33.068+0000] {logging_mixin.py:190} INFO - [2024-11-11T06:58:33.068+0000] {dag.py:4180} INFO - Setting next_dagrun for example_subdag_operator to 2022-01-01 00:00:00+00:00, run_after=2022-01-01 00:00:00+00:00
[2024-11-11T06:58:33.075+0000] {logging_mixin.py:190} INFO - [2024-11-11T06:58:33.074+0000] {dag.py:4180} INFO - Setting next_dagrun for example_subdag_operator.section-1 to None, run_after=None
[2024-11-11T06:58:33.077+0000] {logging_mixin.py:190} INFO - [2024-11-11T06:58:33.077+0000] {dag.py:4180} INFO - Setting next_dagrun for example_subdag_operator.section-2 to None, run_after=None
[2024-11-11T06:58:33.087+0000] {logging_mixin.py:190} INFO - [2024-11-11T06:58:33.087+0000] {dag.py:3239} INFO - Sync 2 DAGs
[2024-11-11T06:58:33.096+0000] {logging_mixin.py:190} INFO - [2024-11-11T06:58:33.095+0000] {dag.py:4180} INFO - Setting next_dagrun for example_subdag_operator.section-1 to None, run_after=None
[2024-11-11T06:58:33.097+0000] {logging_mixin.py:190} INFO - [2024-11-11T06:58:33.097+0000] {dag.py:4180} INFO - Setting next_dagrun for example_subdag_operator.section-2 to None, run_after=None
[2024-11-11T06:58:33.116+0000] {processor.py:208} INFO - Processing /home/airflow/.local/lib/python3.12/site-packages/airflow/example_dags/example_subdag_operator.py took 0.143 seconds
[2024-11-11T06:59:03.306+0000] {processor.py:186} INFO - Started process (PID=1389) to work on /home/airflow/.local/lib/python3.12/site-packages/airflow/example_dags/example_subdag_operator.py
[2024-11-11T06:59:03.308+0000] {processor.py:914} INFO - Processing file /home/airflow/.local/lib/python3.12/site-packages/airflow/example_dags/example_subdag_operator.py for tasks to queue
[2024-11-11T06:59:03.312+0000] {logging_mixin.py:190} INFO - [2024-11-11T06:59:03.311+0000] {dagbag.py:588} INFO - Filling up the DagBag from /home/airflow/.local/lib/python3.12/site-packages/airflow/example_dags/example_subdag_operator.py
[2024-11-11T06:59:03.363+0000] {processor.py:925} INFO - DAG(s) 'example_subdag_operator.section-1', 'example_subdag_operator.section-2', 'example_subdag_operator' retrieved from /home/airflow/.local/lib/python3.12/site-packages/airflow/example_dags/example_subdag_operator.py
[2024-11-11T06:59:03.390+0000] {logging_mixin.py:190} INFO - [2024-11-11T06:59:03.390+0000] {dag.py:3239} INFO - Sync 3 DAGs
[2024-11-11T06:59:03.432+0000] {logging_mixin.py:190} INFO - [2024-11-11T06:59:03.432+0000] {dag.py:4180} INFO - Setting next_dagrun for example_subdag_operator to 2022-01-01 00:00:00+00:00, run_after=2022-01-01 00:00:00+00:00
[2024-11-11T06:59:03.438+0000] {logging_mixin.py:190} INFO - [2024-11-11T06:59:03.438+0000] {dag.py:4180} INFO - Setting next_dagrun for example_subdag_operator.section-1 to None, run_after=None
[2024-11-11T06:59:03.441+0000] {logging_mixin.py:190} INFO - [2024-11-11T06:59:03.441+0000] {dag.py:4180} INFO - Setting next_dagrun for example_subdag_operator.section-2 to None, run_after=None
[2024-11-11T06:59:03.452+0000] {logging_mixin.py:190} INFO - [2024-11-11T06:59:03.451+0000] {dag.py:3239} INFO - Sync 2 DAGs
[2024-11-11T06:59:03.460+0000] {logging_mixin.py:190} INFO - [2024-11-11T06:59:03.460+0000] {dag.py:4180} INFO - Setting next_dagrun for example_subdag_operator.section-1 to None, run_after=None
[2024-11-11T06:59:03.461+0000] {logging_mixin.py:190} INFO - [2024-11-11T06:59:03.461+0000] {dag.py:4180} INFO - Setting next_dagrun for example_subdag_operator.section-2 to None, run_after=None
[2024-11-11T06:59:03.481+0000] {processor.py:208} INFO - Processing /home/airflow/.local/lib/python3.12/site-packages/airflow/example_dags/example_subdag_operator.py took 0.184 seconds
[2024-11-11T06:59:34.026+0000] {processor.py:186} INFO - Started process (PID=1453) to work on /home/airflow/.local/lib/python3.12/site-packages/airflow/example_dags/example_subdag_operator.py
[2024-11-11T06:59:34.028+0000] {processor.py:914} INFO - Processing file /home/airflow/.local/lib/python3.12/site-packages/airflow/example_dags/example_subdag_operator.py for tasks to queue
[2024-11-11T06:59:34.033+0000] {logging_mixin.py:190} INFO - [2024-11-11T06:59:34.032+0000] {dagbag.py:588} INFO - Filling up the DagBag from /home/airflow/.local/lib/python3.12/site-packages/airflow/example_dags/example_subdag_operator.py
[2024-11-11T06:59:34.089+0000] {processor.py:925} INFO - DAG(s) 'example_subdag_operator.section-1', 'example_subdag_operator.section-2', 'example_subdag_operator' retrieved from /home/airflow/.local/lib/python3.12/site-packages/airflow/example_dags/example_subdag_operator.py
[2024-11-11T06:59:34.128+0000] {logging_mixin.py:190} INFO - [2024-11-11T06:59:34.128+0000] {dag.py:3239} INFO - Sync 3 DAGs
[2024-11-11T06:59:34.176+0000] {logging_mixin.py:190} INFO - [2024-11-11T06:59:34.176+0000] {dag.py:4180} INFO - Setting next_dagrun for example_subdag_operator to 2022-01-01 00:00:00+00:00, run_after=2022-01-01 00:00:00+00:00
[2024-11-11T06:59:34.184+0000] {logging_mixin.py:190} INFO - [2024-11-11T06:59:34.183+0000] {dag.py:4180} INFO - Setting next_dagrun for example_subdag_operator.section-1 to None, run_after=None
[2024-11-11T06:59:34.189+0000] {logging_mixin.py:190} INFO - [2024-11-11T06:59:34.188+0000] {dag.py:4180} INFO - Setting next_dagrun for example_subdag_operator.section-2 to None, run_after=None
[2024-11-11T06:59:34.210+0000] {logging_mixin.py:190} INFO - [2024-11-11T06:59:34.209+0000] {dag.py:3239} INFO - Sync 2 DAGs
[2024-11-11T06:59:34.225+0000] {logging_mixin.py:190} INFO - [2024-11-11T06:59:34.225+0000] {dag.py:4180} INFO - Setting next_dagrun for example_subdag_operator.section-1 to None, run_after=None
[2024-11-11T06:59:34.228+0000] {logging_mixin.py:190} INFO - [2024-11-11T06:59:34.227+0000] {dag.py:4180} INFO - Setting next_dagrun for example_subdag_operator.section-2 to None, run_after=None
[2024-11-11T06:59:34.271+0000] {processor.py:208} INFO - Processing /home/airflow/.local/lib/python3.12/site-packages/airflow/example_dags/example_subdag_operator.py took 0.255 seconds
[2024-11-11T07:00:05.019+0000] {processor.py:186} INFO - Started process (PID=1516) to work on /home/airflow/.local/lib/python3.12/site-packages/airflow/example_dags/example_subdag_operator.py
[2024-11-11T07:00:05.022+0000] {processor.py:914} INFO - Processing file /home/airflow/.local/lib/python3.12/site-packages/airflow/example_dags/example_subdag_operator.py for tasks to queue
[2024-11-11T07:00:05.033+0000] {logging_mixin.py:190} INFO - [2024-11-11T07:00:05.033+0000] {dagbag.py:588} INFO - Filling up the DagBag from /home/airflow/.local/lib/python3.12/site-packages/airflow/example_dags/example_subdag_operator.py
[2024-11-11T07:00:05.103+0000] {processor.py:925} INFO - DAG(s) 'example_subdag_operator.section-1', 'example_subdag_operator.section-2', 'example_subdag_operator' retrieved from /home/airflow/.local/lib/python3.12/site-packages/airflow/example_dags/example_subdag_operator.py
[2024-11-11T07:00:05.133+0000] {logging_mixin.py:190} INFO - [2024-11-11T07:00:05.132+0000] {dag.py:3239} INFO - Sync 3 DAGs
[2024-11-11T07:00:05.198+0000] {logging_mixin.py:190} INFO - [2024-11-11T07:00:05.198+0000] {dag.py:4180} INFO - Setting next_dagrun for example_subdag_operator to 2022-01-01 00:00:00+00:00, run_after=2022-01-01 00:00:00+00:00
[2024-11-11T07:00:05.210+0000] {logging_mixin.py:190} INFO - [2024-11-11T07:00:05.209+0000] {dag.py:4180} INFO - Setting next_dagrun for example_subdag_operator.section-1 to None, run_after=None
[2024-11-11T07:00:05.217+0000] {logging_mixin.py:190} INFO - [2024-11-11T07:00:05.217+0000] {dag.py:4180} INFO - Setting next_dagrun for example_subdag_operator.section-2 to None, run_after=None
[2024-11-11T07:00:05.238+0000] {logging_mixin.py:190} INFO - [2024-11-11T07:00:05.238+0000] {dag.py:3239} INFO - Sync 2 DAGs
[2024-11-11T07:00:05.253+0000] {logging_mixin.py:190} INFO - [2024-11-11T07:00:05.252+0000] {dag.py:4180} INFO - Setting next_dagrun for example_subdag_operator.section-1 to None, run_after=None
[2024-11-11T07:00:05.255+0000] {logging_mixin.py:190} INFO - [2024-11-11T07:00:05.254+0000] {dag.py:4180} INFO - Setting next_dagrun for example_subdag_operator.section-2 to None, run_after=None
[2024-11-11T07:00:05.279+0000] {processor.py:208} INFO - Processing /home/airflow/.local/lib/python3.12/site-packages/airflow/example_dags/example_subdag_operator.py took 0.279 seconds
[2024-11-11T07:00:35.398+0000] {processor.py:186} INFO - Started process (PID=1580) to work on /home/airflow/.local/lib/python3.12/site-packages/airflow/example_dags/example_subdag_operator.py
[2024-11-11T07:00:35.400+0000] {processor.py:914} INFO - Processing file /home/airflow/.local/lib/python3.12/site-packages/airflow/example_dags/example_subdag_operator.py for tasks to queue
[2024-11-11T07:00:35.405+0000] {logging_mixin.py:190} INFO - [2024-11-11T07:00:35.405+0000] {dagbag.py:588} INFO - Filling up the DagBag from /home/airflow/.local/lib/python3.12/site-packages/airflow/example_dags/example_subdag_operator.py
[2024-11-11T07:00:35.467+0000] {processor.py:925} INFO - DAG(s) 'example_subdag_operator.section-1', 'example_subdag_operator.section-2', 'example_subdag_operator' retrieved from /home/airflow/.local/lib/python3.12/site-packages/airflow/example_dags/example_subdag_operator.py
[2024-11-11T07:00:35.489+0000] {logging_mixin.py:190} INFO - [2024-11-11T07:00:35.489+0000] {dag.py:3239} INFO - Sync 3 DAGs
[2024-11-11T07:00:35.536+0000] {logging_mixin.py:190} INFO - [2024-11-11T07:00:35.535+0000] {dag.py:4180} INFO - Setting next_dagrun for example_subdag_operator to 2022-01-01 00:00:00+00:00, run_after=2022-01-01 00:00:00+00:00
[2024-11-11T07:00:35.545+0000] {logging_mixin.py:190} INFO - [2024-11-11T07:00:35.544+0000] {dag.py:4180} INFO - Setting next_dagrun for example_subdag_operator.section-1 to None, run_after=None
[2024-11-11T07:00:35.549+0000] {logging_mixin.py:190} INFO - [2024-11-11T07:00:35.548+0000] {dag.py:4180} INFO - Setting next_dagrun for example_subdag_operator.section-2 to None, run_after=None
[2024-11-11T07:00:35.562+0000] {logging_mixin.py:190} INFO - [2024-11-11T07:00:35.562+0000] {dag.py:3239} INFO - Sync 2 DAGs
[2024-11-11T07:00:35.574+0000] {logging_mixin.py:190} INFO - [2024-11-11T07:00:35.574+0000] {dag.py:4180} INFO - Setting next_dagrun for example_subdag_operator.section-1 to None, run_after=None
[2024-11-11T07:00:35.576+0000] {logging_mixin.py:190} INFO - [2024-11-11T07:00:35.575+0000] {dag.py:4180} INFO - Setting next_dagrun for example_subdag_operator.section-2 to None, run_after=None
[2024-11-11T07:00:35.600+0000] {processor.py:208} INFO - Processing /home/airflow/.local/lib/python3.12/site-packages/airflow/example_dags/example_subdag_operator.py took 0.212 seconds
[2024-11-11T07:01:05.822+0000] {processor.py:186} INFO - Started process (PID=1643) to work on /home/airflow/.local/lib/python3.12/site-packages/airflow/example_dags/example_subdag_operator.py
[2024-11-11T07:01:05.833+0000] {processor.py:914} INFO - Processing file /home/airflow/.local/lib/python3.12/site-packages/airflow/example_dags/example_subdag_operator.py for tasks to queue
[2024-11-11T07:01:05.843+0000] {logging_mixin.py:190} INFO - [2024-11-11T07:01:05.842+0000] {dagbag.py:588} INFO - Filling up the DagBag from /home/airflow/.local/lib/python3.12/site-packages/airflow/example_dags/example_subdag_operator.py
[2024-11-11T07:01:05.929+0000] {processor.py:925} INFO - DAG(s) 'example_subdag_operator.section-1', 'example_subdag_operator.section-2', 'example_subdag_operator' retrieved from /home/airflow/.local/lib/python3.12/site-packages/airflow/example_dags/example_subdag_operator.py
[2024-11-11T07:01:05.974+0000] {logging_mixin.py:190} INFO - [2024-11-11T07:01:05.973+0000] {dag.py:3239} INFO - Sync 3 DAGs
[2024-11-11T07:01:06.036+0000] {logging_mixin.py:190} INFO - [2024-11-11T07:01:06.036+0000] {dag.py:4180} INFO - Setting next_dagrun for example_subdag_operator to 2022-01-01 00:00:00+00:00, run_after=2022-01-01 00:00:00+00:00
[2024-11-11T07:01:06.047+0000] {logging_mixin.py:190} INFO - [2024-11-11T07:01:06.047+0000] {dag.py:4180} INFO - Setting next_dagrun for example_subdag_operator.section-1 to None, run_after=None
[2024-11-11T07:01:06.053+0000] {logging_mixin.py:190} INFO - [2024-11-11T07:01:06.052+0000] {dag.py:4180} INFO - Setting next_dagrun for example_subdag_operator.section-2 to None, run_after=None
[2024-11-11T07:01:06.070+0000] {logging_mixin.py:190} INFO - [2024-11-11T07:01:06.069+0000] {dag.py:3239} INFO - Sync 2 DAGs
[2024-11-11T07:01:06.079+0000] {logging_mixin.py:190} INFO - [2024-11-11T07:01:06.079+0000] {dag.py:4180} INFO - Setting next_dagrun for example_subdag_operator.section-1 to None, run_after=None
[2024-11-11T07:01:06.080+0000] {logging_mixin.py:190} INFO - [2024-11-11T07:01:06.080+0000] {dag.py:4180} INFO - Setting next_dagrun for example_subdag_operator.section-2 to None, run_after=None
[2024-11-11T07:01:06.112+0000] {processor.py:208} INFO - Processing /home/airflow/.local/lib/python3.12/site-packages/airflow/example_dags/example_subdag_operator.py took 0.314 seconds
[2024-11-11T07:01:36.989+0000] {processor.py:186} INFO - Started process (PID=1707) to work on /home/airflow/.local/lib/python3.12/site-packages/airflow/example_dags/example_subdag_operator.py
[2024-11-11T07:01:36.992+0000] {processor.py:914} INFO - Processing file /home/airflow/.local/lib/python3.12/site-packages/airflow/example_dags/example_subdag_operator.py for tasks to queue
[2024-11-11T07:01:36.996+0000] {logging_mixin.py:190} INFO - [2024-11-11T07:01:36.996+0000] {dagbag.py:588} INFO - Filling up the DagBag from /home/airflow/.local/lib/python3.12/site-packages/airflow/example_dags/example_subdag_operator.py
[2024-11-11T07:01:37.039+0000] {processor.py:925} INFO - DAG(s) 'example_subdag_operator.section-1', 'example_subdag_operator.section-2', 'example_subdag_operator' retrieved from /home/airflow/.local/lib/python3.12/site-packages/airflow/example_dags/example_subdag_operator.py
[2024-11-11T07:01:37.063+0000] {logging_mixin.py:190} INFO - [2024-11-11T07:01:37.062+0000] {dag.py:3239} INFO - Sync 3 DAGs
[2024-11-11T07:01:37.097+0000] {logging_mixin.py:190} INFO - [2024-11-11T07:01:37.096+0000] {dag.py:4180} INFO - Setting next_dagrun for example_subdag_operator to 2022-01-01 00:00:00+00:00, run_after=2022-01-01 00:00:00+00:00
[2024-11-11T07:01:37.104+0000] {logging_mixin.py:190} INFO - [2024-11-11T07:01:37.103+0000] {dag.py:4180} INFO - Setting next_dagrun for example_subdag_operator.section-1 to None, run_after=None
[2024-11-11T07:01:37.109+0000] {logging_mixin.py:190} INFO - [2024-11-11T07:01:37.108+0000] {dag.py:4180} INFO - Setting next_dagrun for example_subdag_operator.section-2 to None, run_after=None
[2024-11-11T07:01:37.122+0000] {logging_mixin.py:190} INFO - [2024-11-11T07:01:37.122+0000] {dag.py:3239} INFO - Sync 2 DAGs
[2024-11-11T07:01:37.133+0000] {logging_mixin.py:190} INFO - [2024-11-11T07:01:37.133+0000] {dag.py:4180} INFO - Setting next_dagrun for example_subdag_operator.section-1 to None, run_after=None
[2024-11-11T07:01:37.135+0000] {logging_mixin.py:190} INFO - [2024-11-11T07:01:37.134+0000] {dag.py:4180} INFO - Setting next_dagrun for example_subdag_operator.section-2 to None, run_after=None
[2024-11-11T07:01:37.158+0000] {processor.py:208} INFO - Processing /home/airflow/.local/lib/python3.12/site-packages/airflow/example_dags/example_subdag_operator.py took 0.178 seconds
[2024-11-11T07:02:08.114+0000] {processor.py:186} INFO - Started process (PID=1771) to work on /home/airflow/.local/lib/python3.12/site-packages/airflow/example_dags/example_subdag_operator.py
[2024-11-11T07:02:08.116+0000] {processor.py:914} INFO - Processing file /home/airflow/.local/lib/python3.12/site-packages/airflow/example_dags/example_subdag_operator.py for tasks to queue
[2024-11-11T07:02:08.119+0000] {logging_mixin.py:190} INFO - [2024-11-11T07:02:08.119+0000] {dagbag.py:588} INFO - Filling up the DagBag from /home/airflow/.local/lib/python3.12/site-packages/airflow/example_dags/example_subdag_operator.py
[2024-11-11T07:02:08.160+0000] {processor.py:925} INFO - DAG(s) 'example_subdag_operator.section-1', 'example_subdag_operator.section-2', 'example_subdag_operator' retrieved from /home/airflow/.local/lib/python3.12/site-packages/airflow/example_dags/example_subdag_operator.py
[2024-11-11T07:02:08.186+0000] {logging_mixin.py:190} INFO - [2024-11-11T07:02:08.185+0000] {dag.py:3239} INFO - Sync 3 DAGs
[2024-11-11T07:02:08.220+0000] {logging_mixin.py:190} INFO - [2024-11-11T07:02:08.219+0000] {dag.py:4180} INFO - Setting next_dagrun for example_subdag_operator to 2022-01-01 00:00:00+00:00, run_after=2022-01-01 00:00:00+00:00
[2024-11-11T07:02:08.225+0000] {logging_mixin.py:190} INFO - [2024-11-11T07:02:08.225+0000] {dag.py:4180} INFO - Setting next_dagrun for example_subdag_operator.section-1 to None, run_after=None
[2024-11-11T07:02:08.229+0000] {logging_mixin.py:190} INFO - [2024-11-11T07:02:08.229+0000] {dag.py:4180} INFO - Setting next_dagrun for example_subdag_operator.section-2 to None, run_after=None
[2024-11-11T07:02:08.244+0000] {logging_mixin.py:190} INFO - [2024-11-11T07:02:08.244+0000] {dag.py:3239} INFO - Sync 2 DAGs
[2024-11-11T07:02:08.261+0000] {logging_mixin.py:190} INFO - [2024-11-11T07:02:08.260+0000] {dag.py:4180} INFO - Setting next_dagrun for example_subdag_operator.section-1 to None, run_after=None
[2024-11-11T07:02:08.262+0000] {logging_mixin.py:190} INFO - [2024-11-11T07:02:08.262+0000] {dag.py:4180} INFO - Setting next_dagrun for example_subdag_operator.section-2 to None, run_after=None
[2024-11-11T07:02:08.291+0000] {processor.py:208} INFO - Processing /home/airflow/.local/lib/python3.12/site-packages/airflow/example_dags/example_subdag_operator.py took 0.184 seconds
[2024-11-11T07:02:38.903+0000] {processor.py:186} INFO - Started process (PID=1835) to work on /home/airflow/.local/lib/python3.12/site-packages/airflow/example_dags/example_subdag_operator.py
[2024-11-11T07:02:38.905+0000] {processor.py:914} INFO - Processing file /home/airflow/.local/lib/python3.12/site-packages/airflow/example_dags/example_subdag_operator.py for tasks to queue
[2024-11-11T07:02:38.909+0000] {logging_mixin.py:190} INFO - [2024-11-11T07:02:38.909+0000] {dagbag.py:588} INFO - Filling up the DagBag from /home/airflow/.local/lib/python3.12/site-packages/airflow/example_dags/example_subdag_operator.py
[2024-11-11T07:02:38.955+0000] {processor.py:925} INFO - DAG(s) 'example_subdag_operator.section-1', 'example_subdag_operator.section-2', 'example_subdag_operator' retrieved from /home/airflow/.local/lib/python3.12/site-packages/airflow/example_dags/example_subdag_operator.py
[2024-11-11T07:02:38.975+0000] {logging_mixin.py:190} INFO - [2024-11-11T07:02:38.974+0000] {dag.py:3239} INFO - Sync 3 DAGs
[2024-11-11T07:02:39.017+0000] {logging_mixin.py:190} INFO - [2024-11-11T07:02:39.017+0000] {dag.py:4180} INFO - Setting next_dagrun for example_subdag_operator to 2022-01-01 00:00:00+00:00, run_after=2022-01-01 00:00:00+00:00
[2024-11-11T07:02:39.024+0000] {logging_mixin.py:190} INFO - [2024-11-11T07:02:39.023+0000] {dag.py:4180} INFO - Setting next_dagrun for example_subdag_operator.section-1 to None, run_after=None
[2024-11-11T07:02:39.027+0000] {logging_mixin.py:190} INFO - [2024-11-11T07:02:39.027+0000] {dag.py:4180} INFO - Setting next_dagrun for example_subdag_operator.section-2 to None, run_after=None
[2024-11-11T07:02:39.041+0000] {logging_mixin.py:190} INFO - [2024-11-11T07:02:39.041+0000] {dag.py:3239} INFO - Sync 2 DAGs
[2024-11-11T07:02:39.053+0000] {logging_mixin.py:190} INFO - [2024-11-11T07:02:39.053+0000] {dag.py:4180} INFO - Setting next_dagrun for example_subdag_operator.section-1 to None, run_after=None
[2024-11-11T07:02:39.055+0000] {logging_mixin.py:190} INFO - [2024-11-11T07:02:39.055+0000] {dag.py:4180} INFO - Setting next_dagrun for example_subdag_operator.section-2 to None, run_after=None
[2024-11-11T07:02:39.078+0000] {processor.py:208} INFO - Processing /home/airflow/.local/lib/python3.12/site-packages/airflow/example_dags/example_subdag_operator.py took 0.184 seconds
[2024-11-11T07:03:10.361+0000] {processor.py:186} INFO - Started process (PID=1899) to work on /home/airflow/.local/lib/python3.12/site-packages/airflow/example_dags/example_subdag_operator.py
[2024-11-11T07:03:10.363+0000] {processor.py:914} INFO - Processing file /home/airflow/.local/lib/python3.12/site-packages/airflow/example_dags/example_subdag_operator.py for tasks to queue
[2024-11-11T07:03:10.371+0000] {logging_mixin.py:190} INFO - [2024-11-11T07:03:10.370+0000] {dagbag.py:588} INFO - Filling up the DagBag from /home/airflow/.local/lib/python3.12/site-packages/airflow/example_dags/example_subdag_operator.py
[2024-11-11T07:03:10.451+0000] {processor.py:925} INFO - DAG(s) 'example_subdag_operator.section-1', 'example_subdag_operator.section-2', 'example_subdag_operator' retrieved from /home/airflow/.local/lib/python3.12/site-packages/airflow/example_dags/example_subdag_operator.py
[2024-11-11T07:03:10.507+0000] {logging_mixin.py:190} INFO - [2024-11-11T07:03:10.506+0000] {dag.py:3239} INFO - Sync 3 DAGs
[2024-11-11T07:03:10.568+0000] {logging_mixin.py:190} INFO - [2024-11-11T07:03:10.567+0000] {dag.py:4180} INFO - Setting next_dagrun for example_subdag_operator to 2022-01-01 00:00:00+00:00, run_after=2022-01-01 00:00:00+00:00
[2024-11-11T07:03:10.580+0000] {logging_mixin.py:190} INFO - [2024-11-11T07:03:10.580+0000] {dag.py:4180} INFO - Setting next_dagrun for example_subdag_operator.section-1 to None, run_after=None
[2024-11-11T07:03:10.585+0000] {logging_mixin.py:190} INFO - [2024-11-11T07:03:10.584+0000] {dag.py:4180} INFO - Setting next_dagrun for example_subdag_operator.section-2 to None, run_after=None
[2024-11-11T07:03:10.610+0000] {logging_mixin.py:190} INFO - [2024-11-11T07:03:10.609+0000] {dag.py:3239} INFO - Sync 2 DAGs
[2024-11-11T07:03:10.626+0000] {logging_mixin.py:190} INFO - [2024-11-11T07:03:10.625+0000] {dag.py:4180} INFO - Setting next_dagrun for example_subdag_operator.section-1 to None, run_after=None
[2024-11-11T07:03:10.629+0000] {logging_mixin.py:190} INFO - [2024-11-11T07:03:10.628+0000] {dag.py:4180} INFO - Setting next_dagrun for example_subdag_operator.section-2 to None, run_after=None
[2024-11-11T07:03:10.664+0000] {processor.py:208} INFO - Processing /home/airflow/.local/lib/python3.12/site-packages/airflow/example_dags/example_subdag_operator.py took 0.321 seconds
