[2024-11-11T06:48:26.139+0000] {processor.py:186} INFO - Started process (PID=66) to work on /home/airflow/.local/lib/python3.12/site-packages/airflow/example_dags/example_python_decorator.py
[2024-11-11T06:48:26.141+0000] {processor.py:914} INFO - Processing file /home/airflow/.local/lib/python3.12/site-packages/airflow/example_dags/example_python_decorator.py for tasks to queue
[2024-11-11T06:48:26.146+0000] {logging_mixin.py:190} INFO - [2024-11-11T06:48:26.145+0000] {dagbag.py:588} INFO - Filling up the DagBag from /home/airflow/.local/lib/python3.12/site-packages/airflow/example_dags/example_python_decorator.py
[2024-11-11T06:48:26.182+0000] {processor.py:925} INFO - DAG(s) 'example_python_decorator' retrieved from /home/airflow/.local/lib/python3.12/site-packages/airflow/example_dags/example_python_decorator.py
[2024-11-11T06:48:26.351+0000] {logging_mixin.py:190} INFO - [2024-11-11T06:48:26.350+0000] {override.py:1911} INFO - Created Permission View: can read on DAG:example_python_decorator
[2024-11-11T06:48:26.364+0000] {logging_mixin.py:190} INFO - [2024-11-11T06:48:26.364+0000] {override.py:1911} INFO - Created Permission View: can delete on DAG:example_python_decorator
[2024-11-11T06:48:26.376+0000] {logging_mixin.py:190} INFO - [2024-11-11T06:48:26.375+0000] {override.py:1911} INFO - Created Permission View: can edit on DAG:example_python_decorator
[2024-11-11T06:48:26.391+0000] {logging_mixin.py:190} INFO - [2024-11-11T06:48:26.391+0000] {override.py:1911} INFO - Created Permission View: menu access on DAG Run:example_python_decorator
[2024-11-11T06:48:26.401+0000] {logging_mixin.py:190} INFO - [2024-11-11T06:48:26.401+0000] {override.py:1911} INFO - Created Permission View: can read on DAG Run:example_python_decorator
[2024-11-11T06:48:26.412+0000] {logging_mixin.py:190} INFO - [2024-11-11T06:48:26.412+0000] {override.py:1911} INFO - Created Permission View: can delete on DAG Run:example_python_decorator
[2024-11-11T06:48:26.423+0000] {logging_mixin.py:190} INFO - [2024-11-11T06:48:26.422+0000] {override.py:1911} INFO - Created Permission View: can create on DAG Run:example_python_decorator
[2024-11-11T06:48:26.424+0000] {logging_mixin.py:190} INFO - [2024-11-11T06:48:26.424+0000] {dag.py:3239} INFO - Sync 1 DAGs
[2024-11-11T06:48:26.439+0000] {logging_mixin.py:190} INFO - [2024-11-11T06:48:26.439+0000] {dag.py:3262} INFO - Creating ORM DAG for example_python_decorator
[2024-11-11T06:48:26.441+0000] {logging_mixin.py:190} INFO - [2024-11-11T06:48:26.441+0000] {dag.py:4180} INFO - Setting next_dagrun for example_python_decorator to None, run_after=None
[2024-11-11T06:48:26.465+0000] {processor.py:208} INFO - Processing /home/airflow/.local/lib/python3.12/site-packages/airflow/example_dags/example_python_decorator.py took 0.336 seconds
[2024-11-11T06:48:58.776+0000] {processor.py:186} INFO - Started process (PID=130) to work on /home/airflow/.local/lib/python3.12/site-packages/airflow/example_dags/example_python_decorator.py
[2024-11-11T06:48:58.780+0000] {processor.py:914} INFO - Processing file /home/airflow/.local/lib/python3.12/site-packages/airflow/example_dags/example_python_decorator.py for tasks to queue
[2024-11-11T06:48:58.785+0000] {logging_mixin.py:190} INFO - [2024-11-11T06:48:58.785+0000] {dagbag.py:588} INFO - Filling up the DagBag from /home/airflow/.local/lib/python3.12/site-packages/airflow/example_dags/example_python_decorator.py
[2024-11-11T06:48:58.812+0000] {processor.py:925} INFO - DAG(s) 'example_python_decorator' retrieved from /home/airflow/.local/lib/python3.12/site-packages/airflow/example_dags/example_python_decorator.py
[2024-11-11T06:48:58.859+0000] {logging_mixin.py:190} INFO - [2024-11-11T06:48:58.859+0000] {dag.py:3239} INFO - Sync 1 DAGs
[2024-11-11T06:48:58.890+0000] {logging_mixin.py:190} INFO - [2024-11-11T06:48:58.889+0000] {dag.py:4180} INFO - Setting next_dagrun for example_python_decorator to None, run_after=None
[2024-11-11T06:48:58.922+0000] {processor.py:208} INFO - Processing /home/airflow/.local/lib/python3.12/site-packages/airflow/example_dags/example_python_decorator.py took 0.164 seconds
[2024-11-11T06:49:29.410+0000] {processor.py:186} INFO - Started process (PID=194) to work on /home/airflow/.local/lib/python3.12/site-packages/airflow/example_dags/example_python_decorator.py
[2024-11-11T06:49:29.412+0000] {processor.py:914} INFO - Processing file /home/airflow/.local/lib/python3.12/site-packages/airflow/example_dags/example_python_decorator.py for tasks to queue
[2024-11-11T06:49:29.417+0000] {logging_mixin.py:190} INFO - [2024-11-11T06:49:29.416+0000] {dagbag.py:588} INFO - Filling up the DagBag from /home/airflow/.local/lib/python3.12/site-packages/airflow/example_dags/example_python_decorator.py
[2024-11-11T06:49:29.442+0000] {processor.py:925} INFO - DAG(s) 'example_python_decorator' retrieved from /home/airflow/.local/lib/python3.12/site-packages/airflow/example_dags/example_python_decorator.py
[2024-11-11T06:49:29.483+0000] {logging_mixin.py:190} INFO - [2024-11-11T06:49:29.483+0000] {dag.py:3239} INFO - Sync 1 DAGs
[2024-11-11T06:49:29.504+0000] {logging_mixin.py:190} INFO - [2024-11-11T06:49:29.504+0000] {dag.py:4180} INFO - Setting next_dagrun for example_python_decorator to None, run_after=None
[2024-11-11T06:49:29.535+0000] {processor.py:208} INFO - Processing /home/airflow/.local/lib/python3.12/site-packages/airflow/example_dags/example_python_decorator.py took 0.134 seconds
[2024-11-11T06:49:59.688+0000] {processor.py:186} INFO - Started process (PID=257) to work on /home/airflow/.local/lib/python3.12/site-packages/airflow/example_dags/example_python_decorator.py
[2024-11-11T06:49:59.690+0000] {processor.py:914} INFO - Processing file /home/airflow/.local/lib/python3.12/site-packages/airflow/example_dags/example_python_decorator.py for tasks to queue
[2024-11-11T06:49:59.696+0000] {logging_mixin.py:190} INFO - [2024-11-11T06:49:59.696+0000] {dagbag.py:588} INFO - Filling up the DagBag from /home/airflow/.local/lib/python3.12/site-packages/airflow/example_dags/example_python_decorator.py
[2024-11-11T06:49:59.804+0000] {processor.py:925} INFO - DAG(s) 'example_python_decorator' retrieved from /home/airflow/.local/lib/python3.12/site-packages/airflow/example_dags/example_python_decorator.py
[2024-11-11T06:49:59.899+0000] {logging_mixin.py:190} INFO - [2024-11-11T06:49:59.898+0000] {dag.py:3239} INFO - Sync 1 DAGs
[2024-11-11T06:49:59.943+0000] {logging_mixin.py:190} INFO - [2024-11-11T06:49:59.942+0000] {dag.py:4180} INFO - Setting next_dagrun for example_python_decorator to None, run_after=None
[2024-11-11T06:50:00.017+0000] {processor.py:208} INFO - Processing /home/airflow/.local/lib/python3.12/site-packages/airflow/example_dags/example_python_decorator.py took 0.346 seconds
[2024-11-11T06:50:30.444+0000] {processor.py:186} INFO - Started process (PID=321) to work on /home/airflow/.local/lib/python3.12/site-packages/airflow/example_dags/example_python_decorator.py
[2024-11-11T06:50:30.445+0000] {processor.py:914} INFO - Processing file /home/airflow/.local/lib/python3.12/site-packages/airflow/example_dags/example_python_decorator.py for tasks to queue
[2024-11-11T06:50:30.449+0000] {logging_mixin.py:190} INFO - [2024-11-11T06:50:30.449+0000] {dagbag.py:588} INFO - Filling up the DagBag from /home/airflow/.local/lib/python3.12/site-packages/airflow/example_dags/example_python_decorator.py
[2024-11-11T06:50:30.473+0000] {processor.py:925} INFO - DAG(s) 'example_python_decorator' retrieved from /home/airflow/.local/lib/python3.12/site-packages/airflow/example_dags/example_python_decorator.py
[2024-11-11T06:50:30.512+0000] {logging_mixin.py:190} INFO - [2024-11-11T06:50:30.511+0000] {dag.py:3239} INFO - Sync 1 DAGs
[2024-11-11T06:50:30.535+0000] {logging_mixin.py:190} INFO - [2024-11-11T06:50:30.535+0000] {dag.py:4180} INFO - Setting next_dagrun for example_python_decorator to None, run_after=None
[2024-11-11T06:50:30.563+0000] {processor.py:208} INFO - Processing /home/airflow/.local/lib/python3.12/site-packages/airflow/example_dags/example_python_decorator.py took 0.127 seconds
[2024-11-11T06:51:01.382+0000] {processor.py:186} INFO - Started process (PID=385) to work on /home/airflow/.local/lib/python3.12/site-packages/airflow/example_dags/example_python_decorator.py
[2024-11-11T06:51:01.384+0000] {processor.py:914} INFO - Processing file /home/airflow/.local/lib/python3.12/site-packages/airflow/example_dags/example_python_decorator.py for tasks to queue
[2024-11-11T06:51:01.388+0000] {logging_mixin.py:190} INFO - [2024-11-11T06:51:01.387+0000] {dagbag.py:588} INFO - Filling up the DagBag from /home/airflow/.local/lib/python3.12/site-packages/airflow/example_dags/example_python_decorator.py
[2024-11-11T06:51:01.408+0000] {processor.py:925} INFO - DAG(s) 'example_python_decorator' retrieved from /home/airflow/.local/lib/python3.12/site-packages/airflow/example_dags/example_python_decorator.py
[2024-11-11T06:51:01.450+0000] {logging_mixin.py:190} INFO - [2024-11-11T06:51:01.449+0000] {dag.py:3239} INFO - Sync 1 DAGs
[2024-11-11T06:51:01.473+0000] {logging_mixin.py:190} INFO - [2024-11-11T06:51:01.472+0000] {dag.py:4180} INFO - Setting next_dagrun for example_python_decorator to None, run_after=None
[2024-11-11T06:51:01.531+0000] {processor.py:208} INFO - Processing /home/airflow/.local/lib/python3.12/site-packages/airflow/example_dags/example_python_decorator.py took 0.161 seconds
[2024-11-11T06:51:32.335+0000] {processor.py:186} INFO - Started process (PID=448) to work on /home/airflow/.local/lib/python3.12/site-packages/airflow/example_dags/example_python_decorator.py
[2024-11-11T06:51:32.337+0000] {processor.py:914} INFO - Processing file /home/airflow/.local/lib/python3.12/site-packages/airflow/example_dags/example_python_decorator.py for tasks to queue
[2024-11-11T06:51:32.343+0000] {logging_mixin.py:190} INFO - [2024-11-11T06:51:32.342+0000] {dagbag.py:588} INFO - Filling up the DagBag from /home/airflow/.local/lib/python3.12/site-packages/airflow/example_dags/example_python_decorator.py
[2024-11-11T06:51:32.381+0000] {processor.py:925} INFO - DAG(s) 'example_python_decorator' retrieved from /home/airflow/.local/lib/python3.12/site-packages/airflow/example_dags/example_python_decorator.py
[2024-11-11T06:51:32.438+0000] {logging_mixin.py:190} INFO - [2024-11-11T06:51:32.438+0000] {dag.py:3239} INFO - Sync 1 DAGs
[2024-11-11T06:51:32.474+0000] {logging_mixin.py:190} INFO - [2024-11-11T06:51:32.473+0000] {dag.py:4180} INFO - Setting next_dagrun for example_python_decorator to None, run_after=None
[2024-11-11T06:51:32.521+0000] {processor.py:208} INFO - Processing /home/airflow/.local/lib/python3.12/site-packages/airflow/example_dags/example_python_decorator.py took 0.202 seconds
[2024-11-11T06:52:03.428+0000] {processor.py:186} INFO - Started process (PID=512) to work on /home/airflow/.local/lib/python3.12/site-packages/airflow/example_dags/example_python_decorator.py
[2024-11-11T06:52:03.430+0000] {processor.py:914} INFO - Processing file /home/airflow/.local/lib/python3.12/site-packages/airflow/example_dags/example_python_decorator.py for tasks to queue
[2024-11-11T06:52:03.434+0000] {logging_mixin.py:190} INFO - [2024-11-11T06:52:03.433+0000] {dagbag.py:588} INFO - Filling up the DagBag from /home/airflow/.local/lib/python3.12/site-packages/airflow/example_dags/example_python_decorator.py
[2024-11-11T06:52:03.457+0000] {processor.py:925} INFO - DAG(s) 'example_python_decorator' retrieved from /home/airflow/.local/lib/python3.12/site-packages/airflow/example_dags/example_python_decorator.py
[2024-11-11T06:52:03.496+0000] {logging_mixin.py:190} INFO - [2024-11-11T06:52:03.496+0000] {dag.py:3239} INFO - Sync 1 DAGs
[2024-11-11T06:52:03.518+0000] {logging_mixin.py:190} INFO - [2024-11-11T06:52:03.518+0000] {dag.py:4180} INFO - Setting next_dagrun for example_python_decorator to None, run_after=None
[2024-11-11T06:52:03.552+0000] {processor.py:208} INFO - Processing /home/airflow/.local/lib/python3.12/site-packages/airflow/example_dags/example_python_decorator.py took 0.135 seconds
[2024-11-11T06:52:34.123+0000] {processor.py:186} INFO - Started process (PID=575) to work on /home/airflow/.local/lib/python3.12/site-packages/airflow/example_dags/example_python_decorator.py
[2024-11-11T06:52:34.125+0000] {processor.py:914} INFO - Processing file /home/airflow/.local/lib/python3.12/site-packages/airflow/example_dags/example_python_decorator.py for tasks to queue
[2024-11-11T06:52:34.131+0000] {logging_mixin.py:190} INFO - [2024-11-11T06:52:34.130+0000] {dagbag.py:588} INFO - Filling up the DagBag from /home/airflow/.local/lib/python3.12/site-packages/airflow/example_dags/example_python_decorator.py
[2024-11-11T06:52:34.150+0000] {processor.py:925} INFO - DAG(s) 'example_python_decorator' retrieved from /home/airflow/.local/lib/python3.12/site-packages/airflow/example_dags/example_python_decorator.py
[2024-11-11T06:52:34.193+0000] {logging_mixin.py:190} INFO - [2024-11-11T06:52:34.192+0000] {dag.py:3239} INFO - Sync 1 DAGs
[2024-11-11T06:52:34.219+0000] {logging_mixin.py:190} INFO - [2024-11-11T06:52:34.219+0000] {dag.py:4180} INFO - Setting next_dagrun for example_python_decorator to None, run_after=None
[2024-11-11T06:52:34.252+0000] {processor.py:208} INFO - Processing /home/airflow/.local/lib/python3.12/site-packages/airflow/example_dags/example_python_decorator.py took 0.141 seconds
[2024-11-11T06:53:04.421+0000] {processor.py:186} INFO - Started process (PID=638) to work on /home/airflow/.local/lib/python3.12/site-packages/airflow/example_dags/example_python_decorator.py
[2024-11-11T06:53:04.425+0000] {processor.py:914} INFO - Processing file /home/airflow/.local/lib/python3.12/site-packages/airflow/example_dags/example_python_decorator.py for tasks to queue
[2024-11-11T06:53:04.432+0000] {logging_mixin.py:190} INFO - [2024-11-11T06:53:04.431+0000] {dagbag.py:588} INFO - Filling up the DagBag from /home/airflow/.local/lib/python3.12/site-packages/airflow/example_dags/example_python_decorator.py
[2024-11-11T06:53:04.467+0000] {processor.py:925} INFO - DAG(s) 'example_python_decorator' retrieved from /home/airflow/.local/lib/python3.12/site-packages/airflow/example_dags/example_python_decorator.py
[2024-11-11T06:53:04.516+0000] {logging_mixin.py:190} INFO - [2024-11-11T06:53:04.516+0000] {dag.py:3239} INFO - Sync 1 DAGs
[2024-11-11T06:53:04.547+0000] {logging_mixin.py:190} INFO - [2024-11-11T06:53:04.546+0000] {dag.py:4180} INFO - Setting next_dagrun for example_python_decorator to None, run_after=None
[2024-11-11T06:53:04.592+0000] {processor.py:208} INFO - Processing /home/airflow/.local/lib/python3.12/site-packages/airflow/example_dags/example_python_decorator.py took 0.186 seconds
[2024-11-11T06:53:35.138+0000] {processor.py:186} INFO - Started process (PID=701) to work on /home/airflow/.local/lib/python3.12/site-packages/airflow/example_dags/example_python_decorator.py
[2024-11-11T06:53:35.140+0000] {processor.py:914} INFO - Processing file /home/airflow/.local/lib/python3.12/site-packages/airflow/example_dags/example_python_decorator.py for tasks to queue
[2024-11-11T06:53:35.143+0000] {logging_mixin.py:190} INFO - [2024-11-11T06:53:35.143+0000] {dagbag.py:588} INFO - Filling up the DagBag from /home/airflow/.local/lib/python3.12/site-packages/airflow/example_dags/example_python_decorator.py
[2024-11-11T06:53:35.163+0000] {processor.py:925} INFO - DAG(s) 'example_python_decorator' retrieved from /home/airflow/.local/lib/python3.12/site-packages/airflow/example_dags/example_python_decorator.py
[2024-11-11T06:53:35.191+0000] {logging_mixin.py:190} INFO - [2024-11-11T06:53:35.191+0000] {dag.py:3239} INFO - Sync 1 DAGs
[2024-11-11T06:53:35.208+0000] {logging_mixin.py:190} INFO - [2024-11-11T06:53:35.208+0000] {dag.py:4180} INFO - Setting next_dagrun for example_python_decorator to None, run_after=None
[2024-11-11T06:53:35.234+0000] {processor.py:208} INFO - Processing /home/airflow/.local/lib/python3.12/site-packages/airflow/example_dags/example_python_decorator.py took 0.104 seconds
[2024-11-11T06:54:05.948+0000] {processor.py:186} INFO - Started process (PID=765) to work on /home/airflow/.local/lib/python3.12/site-packages/airflow/example_dags/example_python_decorator.py
[2024-11-11T06:54:05.950+0000] {processor.py:914} INFO - Processing file /home/airflow/.local/lib/python3.12/site-packages/airflow/example_dags/example_python_decorator.py for tasks to queue
[2024-11-11T06:54:05.957+0000] {logging_mixin.py:190} INFO - [2024-11-11T06:54:05.956+0000] {dagbag.py:588} INFO - Filling up the DagBag from /home/airflow/.local/lib/python3.12/site-packages/airflow/example_dags/example_python_decorator.py
[2024-11-11T06:54:05.992+0000] {processor.py:925} INFO - DAG(s) 'example_python_decorator' retrieved from /home/airflow/.local/lib/python3.12/site-packages/airflow/example_dags/example_python_decorator.py
[2024-11-11T06:54:06.036+0000] {logging_mixin.py:190} INFO - [2024-11-11T06:54:06.035+0000] {dag.py:3239} INFO - Sync 1 DAGs
[2024-11-11T06:54:06.060+0000] {logging_mixin.py:190} INFO - [2024-11-11T06:54:06.060+0000] {dag.py:4180} INFO - Setting next_dagrun for example_python_decorator to None, run_after=None
[2024-11-11T06:54:06.100+0000] {processor.py:208} INFO - Processing /home/airflow/.local/lib/python3.12/site-packages/airflow/example_dags/example_python_decorator.py took 0.165 seconds
[2024-11-11T06:54:36.637+0000] {processor.py:186} INFO - Started process (PID=829) to work on /home/airflow/.local/lib/python3.12/site-packages/airflow/example_dags/example_python_decorator.py
[2024-11-11T06:54:36.639+0000] {processor.py:914} INFO - Processing file /home/airflow/.local/lib/python3.12/site-packages/airflow/example_dags/example_python_decorator.py for tasks to queue
[2024-11-11T06:54:36.643+0000] {logging_mixin.py:190} INFO - [2024-11-11T06:54:36.643+0000] {dagbag.py:588} INFO - Filling up the DagBag from /home/airflow/.local/lib/python3.12/site-packages/airflow/example_dags/example_python_decorator.py
[2024-11-11T06:54:36.668+0000] {processor.py:925} INFO - DAG(s) 'example_python_decorator' retrieved from /home/airflow/.local/lib/python3.12/site-packages/airflow/example_dags/example_python_decorator.py
[2024-11-11T06:54:36.698+0000] {logging_mixin.py:190} INFO - [2024-11-11T06:54:36.698+0000] {dag.py:3239} INFO - Sync 1 DAGs
[2024-11-11T06:54:36.719+0000] {logging_mixin.py:190} INFO - [2024-11-11T06:54:36.719+0000] {dag.py:4180} INFO - Setting next_dagrun for example_python_decorator to None, run_after=None
[2024-11-11T06:54:36.746+0000] {processor.py:208} INFO - Processing /home/airflow/.local/lib/python3.12/site-packages/airflow/example_dags/example_python_decorator.py took 0.121 seconds
[2024-11-11T06:55:07.013+0000] {processor.py:186} INFO - Started process (PID=893) to work on /home/airflow/.local/lib/python3.12/site-packages/airflow/example_dags/example_python_decorator.py
[2024-11-11T06:55:07.016+0000] {processor.py:914} INFO - Processing file /home/airflow/.local/lib/python3.12/site-packages/airflow/example_dags/example_python_decorator.py for tasks to queue
[2024-11-11T06:55:07.023+0000] {logging_mixin.py:190} INFO - [2024-11-11T06:55:07.022+0000] {dagbag.py:588} INFO - Filling up the DagBag from /home/airflow/.local/lib/python3.12/site-packages/airflow/example_dags/example_python_decorator.py
[2024-11-11T06:55:07.046+0000] {processor.py:925} INFO - DAG(s) 'example_python_decorator' retrieved from /home/airflow/.local/lib/python3.12/site-packages/airflow/example_dags/example_python_decorator.py
[2024-11-11T06:55:07.083+0000] {logging_mixin.py:190} INFO - [2024-11-11T06:55:07.083+0000] {dag.py:3239} INFO - Sync 1 DAGs
[2024-11-11T06:55:07.107+0000] {logging_mixin.py:190} INFO - [2024-11-11T06:55:07.107+0000] {dag.py:4180} INFO - Setting next_dagrun for example_python_decorator to None, run_after=None
[2024-11-11T06:55:07.145+0000] {processor.py:208} INFO - Processing /home/airflow/.local/lib/python3.12/site-packages/airflow/example_dags/example_python_decorator.py took 0.144 seconds
[2024-11-11T06:55:37.332+0000] {processor.py:186} INFO - Started process (PID=957) to work on /home/airflow/.local/lib/python3.12/site-packages/airflow/example_dags/example_python_decorator.py
[2024-11-11T06:55:37.334+0000] {processor.py:914} INFO - Processing file /home/airflow/.local/lib/python3.12/site-packages/airflow/example_dags/example_python_decorator.py for tasks to queue
[2024-11-11T06:55:37.338+0000] {logging_mixin.py:190} INFO - [2024-11-11T06:55:37.337+0000] {dagbag.py:588} INFO - Filling up the DagBag from /home/airflow/.local/lib/python3.12/site-packages/airflow/example_dags/example_python_decorator.py
[2024-11-11T06:55:37.357+0000] {processor.py:925} INFO - DAG(s) 'example_python_decorator' retrieved from /home/airflow/.local/lib/python3.12/site-packages/airflow/example_dags/example_python_decorator.py
[2024-11-11T06:55:37.385+0000] {logging_mixin.py:190} INFO - [2024-11-11T06:55:37.385+0000] {dag.py:3239} INFO - Sync 1 DAGs
[2024-11-11T06:55:37.402+0000] {logging_mixin.py:190} INFO - [2024-11-11T06:55:37.402+0000] {dag.py:4180} INFO - Setting next_dagrun for example_python_decorator to None, run_after=None
[2024-11-11T06:55:37.434+0000] {processor.py:208} INFO - Processing /home/airflow/.local/lib/python3.12/site-packages/airflow/example_dags/example_python_decorator.py took 0.110 seconds
[2024-11-11T06:56:07.862+0000] {processor.py:186} INFO - Started process (PID=1021) to work on /home/airflow/.local/lib/python3.12/site-packages/airflow/example_dags/example_python_decorator.py
[2024-11-11T06:56:07.865+0000] {processor.py:914} INFO - Processing file /home/airflow/.local/lib/python3.12/site-packages/airflow/example_dags/example_python_decorator.py for tasks to queue
[2024-11-11T06:56:07.872+0000] {logging_mixin.py:190} INFO - [2024-11-11T06:56:07.870+0000] {dagbag.py:588} INFO - Filling up the DagBag from /home/airflow/.local/lib/python3.12/site-packages/airflow/example_dags/example_python_decorator.py
[2024-11-11T06:56:07.900+0000] {processor.py:925} INFO - DAG(s) 'example_python_decorator' retrieved from /home/airflow/.local/lib/python3.12/site-packages/airflow/example_dags/example_python_decorator.py
[2024-11-11T06:56:07.964+0000] {logging_mixin.py:190} INFO - [2024-11-11T06:56:07.963+0000] {dag.py:3239} INFO - Sync 1 DAGs
[2024-11-11T06:56:08.003+0000] {logging_mixin.py:190} INFO - [2024-11-11T06:56:08.002+0000] {dag.py:4180} INFO - Setting next_dagrun for example_python_decorator to None, run_after=None
[2024-11-11T06:56:08.063+0000] {processor.py:208} INFO - Processing /home/airflow/.local/lib/python3.12/site-packages/airflow/example_dags/example_python_decorator.py took 0.215 seconds
[2024-11-11T06:56:38.372+0000] {processor.py:186} INFO - Started process (PID=1085) to work on /home/airflow/.local/lib/python3.12/site-packages/airflow/example_dags/example_python_decorator.py
[2024-11-11T06:56:38.373+0000] {processor.py:914} INFO - Processing file /home/airflow/.local/lib/python3.12/site-packages/airflow/example_dags/example_python_decorator.py for tasks to queue
[2024-11-11T06:56:38.379+0000] {logging_mixin.py:190} INFO - [2024-11-11T06:56:38.378+0000] {dagbag.py:588} INFO - Filling up the DagBag from /home/airflow/.local/lib/python3.12/site-packages/airflow/example_dags/example_python_decorator.py
[2024-11-11T06:56:38.397+0000] {processor.py:925} INFO - DAG(s) 'example_python_decorator' retrieved from /home/airflow/.local/lib/python3.12/site-packages/airflow/example_dags/example_python_decorator.py
[2024-11-11T06:56:38.431+0000] {logging_mixin.py:190} INFO - [2024-11-11T06:56:38.431+0000] {dag.py:3239} INFO - Sync 1 DAGs
[2024-11-11T06:56:38.450+0000] {logging_mixin.py:190} INFO - [2024-11-11T06:56:38.449+0000] {dag.py:4180} INFO - Setting next_dagrun for example_python_decorator to None, run_after=None
[2024-11-11T06:56:38.478+0000] {processor.py:208} INFO - Processing /home/airflow/.local/lib/python3.12/site-packages/airflow/example_dags/example_python_decorator.py took 0.116 seconds
[2024-11-11T06:57:08.750+0000] {processor.py:186} INFO - Started process (PID=1149) to work on /home/airflow/.local/lib/python3.12/site-packages/airflow/example_dags/example_python_decorator.py
[2024-11-11T06:57:08.752+0000] {processor.py:914} INFO - Processing file /home/airflow/.local/lib/python3.12/site-packages/airflow/example_dags/example_python_decorator.py for tasks to queue
[2024-11-11T06:57:08.756+0000] {logging_mixin.py:190} INFO - [2024-11-11T06:57:08.755+0000] {dagbag.py:588} INFO - Filling up the DagBag from /home/airflow/.local/lib/python3.12/site-packages/airflow/example_dags/example_python_decorator.py
[2024-11-11T06:57:08.778+0000] {processor.py:925} INFO - DAG(s) 'example_python_decorator' retrieved from /home/airflow/.local/lib/python3.12/site-packages/airflow/example_dags/example_python_decorator.py
[2024-11-11T06:57:08.809+0000] {logging_mixin.py:190} INFO - [2024-11-11T06:57:08.808+0000] {dag.py:3239} INFO - Sync 1 DAGs
[2024-11-11T06:57:08.826+0000] {logging_mixin.py:190} INFO - [2024-11-11T06:57:08.826+0000] {dag.py:4180} INFO - Setting next_dagrun for example_python_decorator to None, run_after=None
[2024-11-11T06:57:08.850+0000] {processor.py:208} INFO - Processing /home/airflow/.local/lib/python3.12/site-packages/airflow/example_dags/example_python_decorator.py took 0.110 seconds
[2024-11-11T06:57:39.326+0000] {processor.py:186} INFO - Started process (PID=1213) to work on /home/airflow/.local/lib/python3.12/site-packages/airflow/example_dags/example_python_decorator.py
[2024-11-11T06:57:39.327+0000] {processor.py:914} INFO - Processing file /home/airflow/.local/lib/python3.12/site-packages/airflow/example_dags/example_python_decorator.py for tasks to queue
[2024-11-11T06:57:39.333+0000] {logging_mixin.py:190} INFO - [2024-11-11T06:57:39.332+0000] {dagbag.py:588} INFO - Filling up the DagBag from /home/airflow/.local/lib/python3.12/site-packages/airflow/example_dags/example_python_decorator.py
[2024-11-11T06:57:39.358+0000] {processor.py:925} INFO - DAG(s) 'example_python_decorator' retrieved from /home/airflow/.local/lib/python3.12/site-packages/airflow/example_dags/example_python_decorator.py
[2024-11-11T06:57:39.388+0000] {logging_mixin.py:190} INFO - [2024-11-11T06:57:39.388+0000] {dag.py:3239} INFO - Sync 1 DAGs
[2024-11-11T06:57:39.406+0000] {logging_mixin.py:190} INFO - [2024-11-11T06:57:39.406+0000] {dag.py:4180} INFO - Setting next_dagrun for example_python_decorator to None, run_after=None
[2024-11-11T06:57:39.432+0000] {processor.py:208} INFO - Processing /home/airflow/.local/lib/python3.12/site-packages/airflow/example_dags/example_python_decorator.py took 0.122 seconds
[2024-11-11T06:58:09.826+0000] {processor.py:186} INFO - Started process (PID=1277) to work on /home/airflow/.local/lib/python3.12/site-packages/airflow/example_dags/example_python_decorator.py
[2024-11-11T06:58:09.827+0000] {processor.py:914} INFO - Processing file /home/airflow/.local/lib/python3.12/site-packages/airflow/example_dags/example_python_decorator.py for tasks to queue
[2024-11-11T06:58:09.831+0000] {logging_mixin.py:190} INFO - [2024-11-11T06:58:09.830+0000] {dagbag.py:588} INFO - Filling up the DagBag from /home/airflow/.local/lib/python3.12/site-packages/airflow/example_dags/example_python_decorator.py
[2024-11-11T06:58:09.850+0000] {processor.py:925} INFO - DAG(s) 'example_python_decorator' retrieved from /home/airflow/.local/lib/python3.12/site-packages/airflow/example_dags/example_python_decorator.py
[2024-11-11T06:58:09.879+0000] {logging_mixin.py:190} INFO - [2024-11-11T06:58:09.879+0000] {dag.py:3239} INFO - Sync 1 DAGs
[2024-11-11T06:58:09.899+0000] {logging_mixin.py:190} INFO - [2024-11-11T06:58:09.899+0000] {dag.py:4180} INFO - Setting next_dagrun for example_python_decorator to None, run_after=None
[2024-11-11T06:58:09.928+0000] {processor.py:208} INFO - Processing /home/airflow/.local/lib/python3.12/site-packages/airflow/example_dags/example_python_decorator.py took 0.111 seconds
[2024-11-11T06:58:40.656+0000] {processor.py:186} INFO - Started process (PID=1341) to work on /home/airflow/.local/lib/python3.12/site-packages/airflow/example_dags/example_python_decorator.py
[2024-11-11T06:58:40.659+0000] {processor.py:914} INFO - Processing file /home/airflow/.local/lib/python3.12/site-packages/airflow/example_dags/example_python_decorator.py for tasks to queue
[2024-11-11T06:58:40.663+0000] {logging_mixin.py:190} INFO - [2024-11-11T06:58:40.663+0000] {dagbag.py:588} INFO - Filling up the DagBag from /home/airflow/.local/lib/python3.12/site-packages/airflow/example_dags/example_python_decorator.py
[2024-11-11T06:58:40.690+0000] {processor.py:925} INFO - DAG(s) 'example_python_decorator' retrieved from /home/airflow/.local/lib/python3.12/site-packages/airflow/example_dags/example_python_decorator.py
[2024-11-11T06:58:40.737+0000] {logging_mixin.py:190} INFO - [2024-11-11T06:58:40.736+0000] {dag.py:3239} INFO - Sync 1 DAGs
[2024-11-11T06:58:40.764+0000] {logging_mixin.py:190} INFO - [2024-11-11T06:58:40.764+0000] {dag.py:4180} INFO - Setting next_dagrun for example_python_decorator to None, run_after=None
[2024-11-11T06:58:40.806+0000] {processor.py:208} INFO - Processing /home/airflow/.local/lib/python3.12/site-packages/airflow/example_dags/example_python_decorator.py took 0.159 seconds
[2024-11-11T06:59:10.926+0000] {processor.py:186} INFO - Started process (PID=1405) to work on /home/airflow/.local/lib/python3.12/site-packages/airflow/example_dags/example_python_decorator.py
[2024-11-11T06:59:10.929+0000] {processor.py:914} INFO - Processing file /home/airflow/.local/lib/python3.12/site-packages/airflow/example_dags/example_python_decorator.py for tasks to queue
[2024-11-11T06:59:10.937+0000] {logging_mixin.py:190} INFO - [2024-11-11T06:59:10.936+0000] {dagbag.py:588} INFO - Filling up the DagBag from /home/airflow/.local/lib/python3.12/site-packages/airflow/example_dags/example_python_decorator.py
[2024-11-11T06:59:10.977+0000] {processor.py:925} INFO - DAG(s) 'example_python_decorator' retrieved from /home/airflow/.local/lib/python3.12/site-packages/airflow/example_dags/example_python_decorator.py
[2024-11-11T06:59:11.168+0000] {logging_mixin.py:190} INFO - [2024-11-11T06:59:11.168+0000] {dag.py:3239} INFO - Sync 1 DAGs
[2024-11-11T06:59:11.235+0000] {logging_mixin.py:190} INFO - [2024-11-11T06:59:11.235+0000] {dag.py:4180} INFO - Setting next_dagrun for example_python_decorator to None, run_after=None
[2024-11-11T06:59:11.279+0000] {processor.py:208} INFO - Processing /home/airflow/.local/lib/python3.12/site-packages/airflow/example_dags/example_python_decorator.py took 0.366 seconds
[2024-11-11T06:59:41.614+0000] {processor.py:186} INFO - Started process (PID=1469) to work on /home/airflow/.local/lib/python3.12/site-packages/airflow/example_dags/example_python_decorator.py
[2024-11-11T06:59:41.615+0000] {processor.py:914} INFO - Processing file /home/airflow/.local/lib/python3.12/site-packages/airflow/example_dags/example_python_decorator.py for tasks to queue
[2024-11-11T06:59:41.619+0000] {logging_mixin.py:190} INFO - [2024-11-11T06:59:41.619+0000] {dagbag.py:588} INFO - Filling up the DagBag from /home/airflow/.local/lib/python3.12/site-packages/airflow/example_dags/example_python_decorator.py
[2024-11-11T06:59:41.637+0000] {processor.py:925} INFO - DAG(s) 'example_python_decorator' retrieved from /home/airflow/.local/lib/python3.12/site-packages/airflow/example_dags/example_python_decorator.py
[2024-11-11T06:59:41.668+0000] {logging_mixin.py:190} INFO - [2024-11-11T06:59:41.667+0000] {dag.py:3239} INFO - Sync 1 DAGs
[2024-11-11T06:59:41.684+0000] {logging_mixin.py:190} INFO - [2024-11-11T06:59:41.683+0000] {dag.py:4180} INFO - Setting next_dagrun for example_python_decorator to None, run_after=None
[2024-11-11T06:59:41.711+0000] {processor.py:208} INFO - Processing /home/airflow/.local/lib/python3.12/site-packages/airflow/example_dags/example_python_decorator.py took 0.104 seconds
[2024-11-11T07:00:12.748+0000] {processor.py:186} INFO - Started process (PID=1533) to work on /home/airflow/.local/lib/python3.12/site-packages/airflow/example_dags/example_python_decorator.py
[2024-11-11T07:00:12.753+0000] {processor.py:914} INFO - Processing file /home/airflow/.local/lib/python3.12/site-packages/airflow/example_dags/example_python_decorator.py for tasks to queue
[2024-11-11T07:00:12.764+0000] {logging_mixin.py:190} INFO - [2024-11-11T07:00:12.764+0000] {dagbag.py:588} INFO - Filling up the DagBag from /home/airflow/.local/lib/python3.12/site-packages/airflow/example_dags/example_python_decorator.py
[2024-11-11T07:00:12.798+0000] {processor.py:925} INFO - DAG(s) 'example_python_decorator' retrieved from /home/airflow/.local/lib/python3.12/site-packages/airflow/example_dags/example_python_decorator.py
[2024-11-11T07:00:12.874+0000] {logging_mixin.py:190} INFO - [2024-11-11T07:00:12.873+0000] {dag.py:3239} INFO - Sync 1 DAGs
[2024-11-11T07:00:12.917+0000] {logging_mixin.py:190} INFO - [2024-11-11T07:00:12.917+0000] {dag.py:4180} INFO - Setting next_dagrun for example_python_decorator to None, run_after=None
[2024-11-11T07:00:12.973+0000] {processor.py:208} INFO - Processing /home/airflow/.local/lib/python3.12/site-packages/airflow/example_dags/example_python_decorator.py took 0.238 seconds
[2024-11-11T07:00:44.028+0000] {processor.py:186} INFO - Started process (PID=1597) to work on /home/airflow/.local/lib/python3.12/site-packages/airflow/example_dags/example_python_decorator.py
[2024-11-11T07:00:44.029+0000] {processor.py:914} INFO - Processing file /home/airflow/.local/lib/python3.12/site-packages/airflow/example_dags/example_python_decorator.py for tasks to queue
[2024-11-11T07:00:44.034+0000] {logging_mixin.py:190} INFO - [2024-11-11T07:00:44.034+0000] {dagbag.py:588} INFO - Filling up the DagBag from /home/airflow/.local/lib/python3.12/site-packages/airflow/example_dags/example_python_decorator.py
[2024-11-11T07:00:44.060+0000] {processor.py:925} INFO - DAG(s) 'example_python_decorator' retrieved from /home/airflow/.local/lib/python3.12/site-packages/airflow/example_dags/example_python_decorator.py
[2024-11-11T07:00:44.100+0000] {logging_mixin.py:190} INFO - [2024-11-11T07:00:44.100+0000] {dag.py:3239} INFO - Sync 1 DAGs
[2024-11-11T07:00:44.126+0000] {logging_mixin.py:190} INFO - [2024-11-11T07:00:44.126+0000] {dag.py:4180} INFO - Setting next_dagrun for example_python_decorator to None, run_after=None
[2024-11-11T07:00:44.163+0000] {processor.py:208} INFO - Processing /home/airflow/.local/lib/python3.12/site-packages/airflow/example_dags/example_python_decorator.py took 0.145 seconds
[2024-11-11T07:01:14.353+0000] {processor.py:186} INFO - Started process (PID=1661) to work on /home/airflow/.local/lib/python3.12/site-packages/airflow/example_dags/example_python_decorator.py
[2024-11-11T07:01:14.355+0000] {processor.py:914} INFO - Processing file /home/airflow/.local/lib/python3.12/site-packages/airflow/example_dags/example_python_decorator.py for tasks to queue
[2024-11-11T07:01:14.358+0000] {logging_mixin.py:190} INFO - [2024-11-11T07:01:14.358+0000] {dagbag.py:588} INFO - Filling up the DagBag from /home/airflow/.local/lib/python3.12/site-packages/airflow/example_dags/example_python_decorator.py
[2024-11-11T07:01:14.376+0000] {processor.py:925} INFO - DAG(s) 'example_python_decorator' retrieved from /home/airflow/.local/lib/python3.12/site-packages/airflow/example_dags/example_python_decorator.py
[2024-11-11T07:01:14.406+0000] {logging_mixin.py:190} INFO - [2024-11-11T07:01:14.405+0000] {dag.py:3239} INFO - Sync 1 DAGs
[2024-11-11T07:01:14.423+0000] {logging_mixin.py:190} INFO - [2024-11-11T07:01:14.422+0000] {dag.py:4180} INFO - Setting next_dagrun for example_python_decorator to None, run_after=None
[2024-11-11T07:01:14.449+0000] {processor.py:208} INFO - Processing /home/airflow/.local/lib/python3.12/site-packages/airflow/example_dags/example_python_decorator.py took 0.103 seconds
[2024-11-11T07:01:45.026+0000] {processor.py:186} INFO - Started process (PID=1725) to work on /home/airflow/.local/lib/python3.12/site-packages/airflow/example_dags/example_python_decorator.py
[2024-11-11T07:01:45.027+0000] {processor.py:914} INFO - Processing file /home/airflow/.local/lib/python3.12/site-packages/airflow/example_dags/example_python_decorator.py for tasks to queue
[2024-11-11T07:01:45.031+0000] {logging_mixin.py:190} INFO - [2024-11-11T07:01:45.031+0000] {dagbag.py:588} INFO - Filling up the DagBag from /home/airflow/.local/lib/python3.12/site-packages/airflow/example_dags/example_python_decorator.py
[2024-11-11T07:01:45.052+0000] {processor.py:925} INFO - DAG(s) 'example_python_decorator' retrieved from /home/airflow/.local/lib/python3.12/site-packages/airflow/example_dags/example_python_decorator.py
[2024-11-11T07:01:45.080+0000] {logging_mixin.py:190} INFO - [2024-11-11T07:01:45.080+0000] {dag.py:3239} INFO - Sync 1 DAGs
[2024-11-11T07:01:45.098+0000] {logging_mixin.py:190} INFO - [2024-11-11T07:01:45.098+0000] {dag.py:4180} INFO - Setting next_dagrun for example_python_decorator to None, run_after=None
[2024-11-11T07:01:45.124+0000] {processor.py:208} INFO - Processing /home/airflow/.local/lib/python3.12/site-packages/airflow/example_dags/example_python_decorator.py took 0.105 seconds
[2024-11-11T07:02:15.177+0000] {processor.py:186} INFO - Started process (PID=1789) to work on /home/airflow/.local/lib/python3.12/site-packages/airflow/example_dags/example_python_decorator.py
[2024-11-11T07:02:15.179+0000] {processor.py:914} INFO - Processing file /home/airflow/.local/lib/python3.12/site-packages/airflow/example_dags/example_python_decorator.py for tasks to queue
[2024-11-11T07:02:15.186+0000] {logging_mixin.py:190} INFO - [2024-11-11T07:02:15.185+0000] {dagbag.py:588} INFO - Filling up the DagBag from /home/airflow/.local/lib/python3.12/site-packages/airflow/example_dags/example_python_decorator.py
[2024-11-11T07:02:15.220+0000] {processor.py:925} INFO - DAG(s) 'example_python_decorator' retrieved from /home/airflow/.local/lib/python3.12/site-packages/airflow/example_dags/example_python_decorator.py
[2024-11-11T07:02:15.262+0000] {logging_mixin.py:190} INFO - [2024-11-11T07:02:15.261+0000] {dag.py:3239} INFO - Sync 1 DAGs
[2024-11-11T07:02:15.291+0000] {logging_mixin.py:190} INFO - [2024-11-11T07:02:15.290+0000] {dag.py:4180} INFO - Setting next_dagrun for example_python_decorator to None, run_after=None
[2024-11-11T07:02:15.332+0000] {processor.py:208} INFO - Processing /home/airflow/.local/lib/python3.12/site-packages/airflow/example_dags/example_python_decorator.py took 0.165 seconds
[2024-11-11T07:02:46.169+0000] {processor.py:186} INFO - Started process (PID=1853) to work on /home/airflow/.local/lib/python3.12/site-packages/airflow/example_dags/example_python_decorator.py
[2024-11-11T07:02:46.171+0000] {processor.py:914} INFO - Processing file /home/airflow/.local/lib/python3.12/site-packages/airflow/example_dags/example_python_decorator.py for tasks to queue
[2024-11-11T07:02:46.175+0000] {logging_mixin.py:190} INFO - [2024-11-11T07:02:46.175+0000] {dagbag.py:588} INFO - Filling up the DagBag from /home/airflow/.local/lib/python3.12/site-packages/airflow/example_dags/example_python_decorator.py
[2024-11-11T07:02:46.197+0000] {processor.py:925} INFO - DAG(s) 'example_python_decorator' retrieved from /home/airflow/.local/lib/python3.12/site-packages/airflow/example_dags/example_python_decorator.py
[2024-11-11T07:02:46.228+0000] {logging_mixin.py:190} INFO - [2024-11-11T07:02:46.228+0000] {dag.py:3239} INFO - Sync 1 DAGs
[2024-11-11T07:02:46.247+0000] {logging_mixin.py:190} INFO - [2024-11-11T07:02:46.247+0000] {dag.py:4180} INFO - Setting next_dagrun for example_python_decorator to None, run_after=None
[2024-11-11T07:02:46.271+0000] {processor.py:208} INFO - Processing /home/airflow/.local/lib/python3.12/site-packages/airflow/example_dags/example_python_decorator.py took 0.109 seconds
[2024-11-11T07:03:17.628+0000] {processor.py:186} INFO - Started process (PID=1917) to work on /home/airflow/.local/lib/python3.12/site-packages/airflow/example_dags/example_python_decorator.py
[2024-11-11T07:03:17.630+0000] {processor.py:914} INFO - Processing file /home/airflow/.local/lib/python3.12/site-packages/airflow/example_dags/example_python_decorator.py for tasks to queue
[2024-11-11T07:03:17.636+0000] {logging_mixin.py:190} INFO - [2024-11-11T07:03:17.636+0000] {dagbag.py:588} INFO - Filling up the DagBag from /home/airflow/.local/lib/python3.12/site-packages/airflow/example_dags/example_python_decorator.py
[2024-11-11T07:03:17.681+0000] {processor.py:925} INFO - DAG(s) 'example_python_decorator' retrieved from /home/airflow/.local/lib/python3.12/site-packages/airflow/example_dags/example_python_decorator.py
[2024-11-11T07:03:17.770+0000] {logging_mixin.py:190} INFO - [2024-11-11T07:03:17.770+0000] {dag.py:3239} INFO - Sync 1 DAGs
[2024-11-11T07:03:17.858+0000] {logging_mixin.py:190} INFO - [2024-11-11T07:03:17.857+0000] {dag.py:4180} INFO - Setting next_dagrun for example_python_decorator to None, run_after=None
[2024-11-11T07:03:17.937+0000] {processor.py:208} INFO - Processing /home/airflow/.local/lib/python3.12/site-packages/airflow/example_dags/example_python_decorator.py took 0.320 seconds
[2024-11-11T07:03:48.076+0000] {processor.py:186} INFO - Started process (PID=1980) to work on /home/airflow/.local/lib/python3.12/site-packages/airflow/example_dags/example_python_decorator.py
[2024-11-11T07:03:48.078+0000] {processor.py:914} INFO - Processing file /home/airflow/.local/lib/python3.12/site-packages/airflow/example_dags/example_python_decorator.py for tasks to queue
[2024-11-11T07:03:48.081+0000] {logging_mixin.py:190} INFO - [2024-11-11T07:03:48.080+0000] {dagbag.py:588} INFO - Filling up the DagBag from /home/airflow/.local/lib/python3.12/site-packages/airflow/example_dags/example_python_decorator.py
[2024-11-11T07:03:48.103+0000] {processor.py:925} INFO - DAG(s) 'example_python_decorator' retrieved from /home/airflow/.local/lib/python3.12/site-packages/airflow/example_dags/example_python_decorator.py
[2024-11-11T07:03:48.136+0000] {logging_mixin.py:190} INFO - [2024-11-11T07:03:48.136+0000] {dag.py:3239} INFO - Sync 1 DAGs
[2024-11-11T07:03:48.155+0000] {logging_mixin.py:190} INFO - [2024-11-11T07:03:48.154+0000] {dag.py:4180} INFO - Setting next_dagrun for example_python_decorator to None, run_after=None
[2024-11-11T07:03:48.186+0000] {processor.py:208} INFO - Processing /home/airflow/.local/lib/python3.12/site-packages/airflow/example_dags/example_python_decorator.py took 0.118 seconds
