[2024-11-11T06:48:26.518+0000] {processor.py:186} INFO - Started process (PID=68) to work on /home/airflow/.local/lib/python3.12/site-packages/airflow/example_dags/example_complex.py
[2024-11-11T06:48:26.520+0000] {processor.py:914} INFO - Processing file /home/airflow/.local/lib/python3.12/site-packages/airflow/example_dags/example_complex.py for tasks to queue
[2024-11-11T06:48:26.527+0000] {logging_mixin.py:190} INFO - [2024-11-11T06:48:26.526+0000] {dagbag.py:588} INFO - Filling up the DagBag from /home/airflow/.local/lib/python3.12/site-packages/airflow/example_dags/example_complex.py
[2024-11-11T06:48:26.548+0000] {processor.py:925} INFO - DAG(s) 'example_complex' retrieved from /home/airflow/.local/lib/python3.12/site-packages/airflow/example_dags/example_complex.py
[2024-11-11T06:48:26.703+0000] {logging_mixin.py:190} INFO - [2024-11-11T06:48:26.702+0000] {override.py:1911} INFO - Created Permission View: can read on DAG:example_complex
[2024-11-11T06:48:26.720+0000] {logging_mixin.py:190} INFO - [2024-11-11T06:48:26.719+0000] {override.py:1911} INFO - Created Permission View: can delete on DAG:example_complex
[2024-11-11T06:48:26.731+0000] {logging_mixin.py:190} INFO - [2024-11-11T06:48:26.730+0000] {override.py:1911} INFO - Created Permission View: can edit on DAG:example_complex
[2024-11-11T06:48:26.745+0000] {logging_mixin.py:190} INFO - [2024-11-11T06:48:26.744+0000] {override.py:1911} INFO - Created Permission View: menu access on DAG Run:example_complex
[2024-11-11T06:48:26.757+0000] {logging_mixin.py:190} INFO - [2024-11-11T06:48:26.757+0000] {override.py:1911} INFO - Created Permission View: can read on DAG Run:example_complex
[2024-11-11T06:48:26.767+0000] {logging_mixin.py:190} INFO - [2024-11-11T06:48:26.767+0000] {override.py:1911} INFO - Created Permission View: can delete on DAG Run:example_complex
[2024-11-11T06:48:26.795+0000] {logging_mixin.py:190} INFO - [2024-11-11T06:48:26.794+0000] {override.py:1911} INFO - Created Permission View: can create on DAG Run:example_complex
[2024-11-11T06:48:26.797+0000] {logging_mixin.py:190} INFO - [2024-11-11T06:48:26.797+0000] {dag.py:3239} INFO - Sync 1 DAGs
[2024-11-11T06:48:26.819+0000] {logging_mixin.py:190} INFO - [2024-11-11T06:48:26.819+0000] {dag.py:3262} INFO - Creating ORM DAG for example_complex
[2024-11-11T06:48:26.826+0000] {logging_mixin.py:190} INFO - [2024-11-11T06:48:26.826+0000] {dag.py:4180} INFO - Setting next_dagrun for example_complex to None, run_after=None
[2024-11-11T06:48:26.988+0000] {processor.py:208} INFO - Processing /home/airflow/.local/lib/python3.12/site-packages/airflow/example_dags/example_complex.py took 0.478 seconds
[2024-11-11T06:48:58.974+0000] {processor.py:186} INFO - Started process (PID=132) to work on /home/airflow/.local/lib/python3.12/site-packages/airflow/example_dags/example_complex.py
[2024-11-11T06:48:58.975+0000] {processor.py:914} INFO - Processing file /home/airflow/.local/lib/python3.12/site-packages/airflow/example_dags/example_complex.py for tasks to queue
[2024-11-11T06:48:58.981+0000] {logging_mixin.py:190} INFO - [2024-11-11T06:48:58.979+0000] {dagbag.py:588} INFO - Filling up the DagBag from /home/airflow/.local/lib/python3.12/site-packages/airflow/example_dags/example_complex.py
[2024-11-11T06:48:58.995+0000] {processor.py:925} INFO - DAG(s) 'example_complex' retrieved from /home/airflow/.local/lib/python3.12/site-packages/airflow/example_dags/example_complex.py
[2024-11-11T06:48:59.038+0000] {logging_mixin.py:190} INFO - [2024-11-11T06:48:59.038+0000] {dag.py:3239} INFO - Sync 1 DAGs
[2024-11-11T06:48:59.058+0000] {logging_mixin.py:190} INFO - [2024-11-11T06:48:59.058+0000] {dag.py:4180} INFO - Setting next_dagrun for example_complex to None, run_after=None
[2024-11-11T06:48:59.090+0000] {processor.py:208} INFO - Processing /home/airflow/.local/lib/python3.12/site-packages/airflow/example_dags/example_complex.py took 0.125 seconds
[2024-11-11T06:49:29.762+0000] {processor.py:186} INFO - Started process (PID=196) to work on /home/airflow/.local/lib/python3.12/site-packages/airflow/example_dags/example_complex.py
[2024-11-11T06:49:29.765+0000] {processor.py:914} INFO - Processing file /home/airflow/.local/lib/python3.12/site-packages/airflow/example_dags/example_complex.py for tasks to queue
[2024-11-11T06:49:29.769+0000] {logging_mixin.py:190} INFO - [2024-11-11T06:49:29.768+0000] {dagbag.py:588} INFO - Filling up the DagBag from /home/airflow/.local/lib/python3.12/site-packages/airflow/example_dags/example_complex.py
[2024-11-11T06:49:29.785+0000] {processor.py:925} INFO - DAG(s) 'example_complex' retrieved from /home/airflow/.local/lib/python3.12/site-packages/airflow/example_dags/example_complex.py
[2024-11-11T06:49:29.832+0000] {logging_mixin.py:190} INFO - [2024-11-11T06:49:29.831+0000] {dag.py:3239} INFO - Sync 1 DAGs
[2024-11-11T06:49:29.854+0000] {logging_mixin.py:190} INFO - [2024-11-11T06:49:29.854+0000] {dag.py:4180} INFO - Setting next_dagrun for example_complex to None, run_after=None
[2024-11-11T06:49:29.894+0000] {processor.py:208} INFO - Processing /home/airflow/.local/lib/python3.12/site-packages/airflow/example_dags/example_complex.py took 0.140 seconds
[2024-11-11T06:50:00.929+0000] {processor.py:186} INFO - Started process (PID=260) to work on /home/airflow/.local/lib/python3.12/site-packages/airflow/example_dags/example_complex.py
[2024-11-11T06:50:00.931+0000] {processor.py:914} INFO - Processing file /home/airflow/.local/lib/python3.12/site-packages/airflow/example_dags/example_complex.py for tasks to queue
[2024-11-11T06:50:00.936+0000] {logging_mixin.py:190} INFO - [2024-11-11T06:50:00.936+0000] {dagbag.py:588} INFO - Filling up the DagBag from /home/airflow/.local/lib/python3.12/site-packages/airflow/example_dags/example_complex.py
[2024-11-11T06:50:00.970+0000] {processor.py:925} INFO - DAG(s) 'example_complex' retrieved from /home/airflow/.local/lib/python3.12/site-packages/airflow/example_dags/example_complex.py
[2024-11-11T06:50:01.116+0000] {logging_mixin.py:190} INFO - [2024-11-11T06:50:01.115+0000] {dag.py:3239} INFO - Sync 1 DAGs
[2024-11-11T06:50:01.184+0000] {logging_mixin.py:190} INFO - [2024-11-11T06:50:01.184+0000] {dag.py:4180} INFO - Setting next_dagrun for example_complex to None, run_after=None
[2024-11-11T06:50:01.235+0000] {processor.py:208} INFO - Processing /home/airflow/.local/lib/python3.12/site-packages/airflow/example_dags/example_complex.py took 0.315 seconds
[2024-11-11T06:50:31.644+0000] {processor.py:186} INFO - Started process (PID=323) to work on /home/airflow/.local/lib/python3.12/site-packages/airflow/example_dags/example_complex.py
[2024-11-11T06:50:31.646+0000] {processor.py:914} INFO - Processing file /home/airflow/.local/lib/python3.12/site-packages/airflow/example_dags/example_complex.py for tasks to queue
[2024-11-11T06:50:31.652+0000] {logging_mixin.py:190} INFO - [2024-11-11T06:50:31.651+0000] {dagbag.py:588} INFO - Filling up the DagBag from /home/airflow/.local/lib/python3.12/site-packages/airflow/example_dags/example_complex.py
[2024-11-11T06:50:31.675+0000] {processor.py:925} INFO - DAG(s) 'example_complex' retrieved from /home/airflow/.local/lib/python3.12/site-packages/airflow/example_dags/example_complex.py
[2024-11-11T06:50:31.714+0000] {logging_mixin.py:190} INFO - [2024-11-11T06:50:31.713+0000] {dag.py:3239} INFO - Sync 1 DAGs
[2024-11-11T06:50:31.733+0000] {logging_mixin.py:190} INFO - [2024-11-11T06:50:31.733+0000] {dag.py:4180} INFO - Setting next_dagrun for example_complex to None, run_after=None
[2024-11-11T06:50:31.759+0000] {processor.py:208} INFO - Processing /home/airflow/.local/lib/python3.12/site-packages/airflow/example_dags/example_complex.py took 0.126 seconds
[2024-11-11T06:51:02.010+0000] {processor.py:186} INFO - Started process (PID=387) to work on /home/airflow/.local/lib/python3.12/site-packages/airflow/example_dags/example_complex.py
[2024-11-11T06:51:02.012+0000] {processor.py:914} INFO - Processing file /home/airflow/.local/lib/python3.12/site-packages/airflow/example_dags/example_complex.py for tasks to queue
[2024-11-11T06:51:02.019+0000] {logging_mixin.py:190} INFO - [2024-11-11T06:51:02.018+0000] {dagbag.py:588} INFO - Filling up the DagBag from /home/airflow/.local/lib/python3.12/site-packages/airflow/example_dags/example_complex.py
[2024-11-11T06:51:02.038+0000] {processor.py:925} INFO - DAG(s) 'example_complex' retrieved from /home/airflow/.local/lib/python3.12/site-packages/airflow/example_dags/example_complex.py
[2024-11-11T06:51:02.088+0000] {logging_mixin.py:190} INFO - [2024-11-11T06:51:02.087+0000] {dag.py:3239} INFO - Sync 1 DAGs
[2024-11-11T06:51:02.110+0000] {logging_mixin.py:190} INFO - [2024-11-11T06:51:02.109+0000] {dag.py:4180} INFO - Setting next_dagrun for example_complex to None, run_after=None
[2024-11-11T06:51:02.152+0000] {processor.py:208} INFO - Processing /home/airflow/.local/lib/python3.12/site-packages/airflow/example_dags/example_complex.py took 0.149 seconds
[2024-11-11T06:51:33.265+0000] {processor.py:186} INFO - Started process (PID=451) to work on /home/airflow/.local/lib/python3.12/site-packages/airflow/example_dags/example_complex.py
[2024-11-11T06:51:33.267+0000] {processor.py:914} INFO - Processing file /home/airflow/.local/lib/python3.12/site-packages/airflow/example_dags/example_complex.py for tasks to queue
[2024-11-11T06:51:33.275+0000] {logging_mixin.py:190} INFO - [2024-11-11T06:51:33.273+0000] {dagbag.py:588} INFO - Filling up the DagBag from /home/airflow/.local/lib/python3.12/site-packages/airflow/example_dags/example_complex.py
[2024-11-11T06:51:33.319+0000] {processor.py:925} INFO - DAG(s) 'example_complex' retrieved from /home/airflow/.local/lib/python3.12/site-packages/airflow/example_dags/example_complex.py
[2024-11-11T06:51:33.412+0000] {logging_mixin.py:190} INFO - [2024-11-11T06:51:33.410+0000] {dag.py:3239} INFO - Sync 1 DAGs
[2024-11-11T06:51:33.450+0000] {logging_mixin.py:190} INFO - [2024-11-11T06:51:33.448+0000] {dag.py:4180} INFO - Setting next_dagrun for example_complex to None, run_after=None
[2024-11-11T06:51:33.511+0000] {processor.py:208} INFO - Processing /home/airflow/.local/lib/python3.12/site-packages/airflow/example_dags/example_complex.py took 0.259 seconds
[2024-11-11T06:52:03.832+0000] {processor.py:186} INFO - Started process (PID=514) to work on /home/airflow/.local/lib/python3.12/site-packages/airflow/example_dags/example_complex.py
[2024-11-11T06:52:03.835+0000] {processor.py:914} INFO - Processing file /home/airflow/.local/lib/python3.12/site-packages/airflow/example_dags/example_complex.py for tasks to queue
[2024-11-11T06:52:03.841+0000] {logging_mixin.py:190} INFO - [2024-11-11T06:52:03.840+0000] {dagbag.py:588} INFO - Filling up the DagBag from /home/airflow/.local/lib/python3.12/site-packages/airflow/example_dags/example_complex.py
[2024-11-11T06:52:03.866+0000] {processor.py:925} INFO - DAG(s) 'example_complex' retrieved from /home/airflow/.local/lib/python3.12/site-packages/airflow/example_dags/example_complex.py
[2024-11-11T06:52:03.943+0000] {logging_mixin.py:190} INFO - [2024-11-11T06:52:03.943+0000] {dag.py:3239} INFO - Sync 1 DAGs
[2024-11-11T06:52:03.972+0000] {logging_mixin.py:190} INFO - [2024-11-11T06:52:03.972+0000] {dag.py:4180} INFO - Setting next_dagrun for example_complex to None, run_after=None
[2024-11-11T06:52:04.009+0000] {processor.py:208} INFO - Processing /home/airflow/.local/lib/python3.12/site-packages/airflow/example_dags/example_complex.py took 0.187 seconds
[2024-11-11T06:52:34.496+0000] {processor.py:186} INFO - Started process (PID=577) to work on /home/airflow/.local/lib/python3.12/site-packages/airflow/example_dags/example_complex.py
[2024-11-11T06:52:34.497+0000] {processor.py:914} INFO - Processing file /home/airflow/.local/lib/python3.12/site-packages/airflow/example_dags/example_complex.py for tasks to queue
[2024-11-11T06:52:34.501+0000] {logging_mixin.py:190} INFO - [2024-11-11T06:52:34.501+0000] {dagbag.py:588} INFO - Filling up the DagBag from /home/airflow/.local/lib/python3.12/site-packages/airflow/example_dags/example_complex.py
[2024-11-11T06:52:34.522+0000] {processor.py:925} INFO - DAG(s) 'example_complex' retrieved from /home/airflow/.local/lib/python3.12/site-packages/airflow/example_dags/example_complex.py
[2024-11-11T06:52:34.575+0000] {logging_mixin.py:190} INFO - [2024-11-11T06:52:34.574+0000] {dag.py:3239} INFO - Sync 1 DAGs
[2024-11-11T06:52:34.598+0000] {logging_mixin.py:190} INFO - [2024-11-11T06:52:34.598+0000] {dag.py:4180} INFO - Setting next_dagrun for example_complex to None, run_after=None
[2024-11-11T06:52:34.635+0000] {processor.py:208} INFO - Processing /home/airflow/.local/lib/python3.12/site-packages/airflow/example_dags/example_complex.py took 0.148 seconds
[2024-11-11T06:53:04.909+0000] {processor.py:186} INFO - Started process (PID=640) to work on /home/airflow/.local/lib/python3.12/site-packages/airflow/example_dags/example_complex.py
[2024-11-11T06:53:04.911+0000] {processor.py:914} INFO - Processing file /home/airflow/.local/lib/python3.12/site-packages/airflow/example_dags/example_complex.py for tasks to queue
[2024-11-11T06:53:04.917+0000] {logging_mixin.py:190} INFO - [2024-11-11T06:53:04.916+0000] {dagbag.py:588} INFO - Filling up the DagBag from /home/airflow/.local/lib/python3.12/site-packages/airflow/example_dags/example_complex.py
[2024-11-11T06:53:04.937+0000] {processor.py:925} INFO - DAG(s) 'example_complex' retrieved from /home/airflow/.local/lib/python3.12/site-packages/airflow/example_dags/example_complex.py
[2024-11-11T06:53:04.986+0000] {logging_mixin.py:190} INFO - [2024-11-11T06:53:04.986+0000] {dag.py:3239} INFO - Sync 1 DAGs
[2024-11-11T06:53:05.002+0000] {logging_mixin.py:190} INFO - [2024-11-11T06:53:05.001+0000] {dag.py:4180} INFO - Setting next_dagrun for example_complex to None, run_after=None
[2024-11-11T06:53:05.031+0000] {processor.py:208} INFO - Processing /home/airflow/.local/lib/python3.12/site-packages/airflow/example_dags/example_complex.py took 0.134 seconds
[2024-11-11T06:53:35.432+0000] {processor.py:186} INFO - Started process (PID=703) to work on /home/airflow/.local/lib/python3.12/site-packages/airflow/example_dags/example_complex.py
[2024-11-11T06:53:35.433+0000] {processor.py:914} INFO - Processing file /home/airflow/.local/lib/python3.12/site-packages/airflow/example_dags/example_complex.py for tasks to queue
[2024-11-11T06:53:35.437+0000] {logging_mixin.py:190} INFO - [2024-11-11T06:53:35.436+0000] {dagbag.py:588} INFO - Filling up the DagBag from /home/airflow/.local/lib/python3.12/site-packages/airflow/example_dags/example_complex.py
[2024-11-11T06:53:35.456+0000] {processor.py:925} INFO - DAG(s) 'example_complex' retrieved from /home/airflow/.local/lib/python3.12/site-packages/airflow/example_dags/example_complex.py
[2024-11-11T06:53:35.498+0000] {logging_mixin.py:190} INFO - [2024-11-11T06:53:35.497+0000] {dag.py:3239} INFO - Sync 1 DAGs
[2024-11-11T06:53:35.523+0000] {logging_mixin.py:190} INFO - [2024-11-11T06:53:35.522+0000] {dag.py:4180} INFO - Setting next_dagrun for example_complex to None, run_after=None
[2024-11-11T06:53:35.562+0000] {processor.py:208} INFO - Processing /home/airflow/.local/lib/python3.12/site-packages/airflow/example_dags/example_complex.py took 0.138 seconds
[2024-11-11T06:54:06.168+0000] {processor.py:186} INFO - Started process (PID=767) to work on /home/airflow/.local/lib/python3.12/site-packages/airflow/example_dags/example_complex.py
[2024-11-11T06:54:06.172+0000] {processor.py:914} INFO - Processing file /home/airflow/.local/lib/python3.12/site-packages/airflow/example_dags/example_complex.py for tasks to queue
[2024-11-11T06:54:06.180+0000] {logging_mixin.py:190} INFO - [2024-11-11T06:54:06.179+0000] {dagbag.py:588} INFO - Filling up the DagBag from /home/airflow/.local/lib/python3.12/site-packages/airflow/example_dags/example_complex.py
[2024-11-11T06:54:06.204+0000] {processor.py:925} INFO - DAG(s) 'example_complex' retrieved from /home/airflow/.local/lib/python3.12/site-packages/airflow/example_dags/example_complex.py
[2024-11-11T06:54:06.262+0000] {logging_mixin.py:190} INFO - [2024-11-11T06:54:06.262+0000] {dag.py:3239} INFO - Sync 1 DAGs
[2024-11-11T06:54:06.289+0000] {logging_mixin.py:190} INFO - [2024-11-11T06:54:06.289+0000] {dag.py:4180} INFO - Setting next_dagrun for example_complex to None, run_after=None
[2024-11-11T06:54:06.331+0000] {processor.py:208} INFO - Processing /home/airflow/.local/lib/python3.12/site-packages/airflow/example_dags/example_complex.py took 0.175 seconds
[2024-11-11T06:54:36.984+0000] {processor.py:186} INFO - Started process (PID=831) to work on /home/airflow/.local/lib/python3.12/site-packages/airflow/example_dags/example_complex.py
[2024-11-11T06:54:36.986+0000] {processor.py:914} INFO - Processing file /home/airflow/.local/lib/python3.12/site-packages/airflow/example_dags/example_complex.py for tasks to queue
[2024-11-11T06:54:36.991+0000] {logging_mixin.py:190} INFO - [2024-11-11T06:54:36.990+0000] {dagbag.py:588} INFO - Filling up the DagBag from /home/airflow/.local/lib/python3.12/site-packages/airflow/example_dags/example_complex.py
[2024-11-11T06:54:37.033+0000] {processor.py:925} INFO - DAG(s) 'example_complex' retrieved from /home/airflow/.local/lib/python3.12/site-packages/airflow/example_dags/example_complex.py
[2024-11-11T06:54:37.131+0000] {logging_mixin.py:190} INFO - [2024-11-11T06:54:37.130+0000] {dag.py:3239} INFO - Sync 1 DAGs
[2024-11-11T06:54:37.171+0000] {logging_mixin.py:190} INFO - [2024-11-11T06:54:37.170+0000] {dag.py:4180} INFO - Setting next_dagrun for example_complex to None, run_after=None
[2024-11-11T06:54:37.226+0000] {processor.py:208} INFO - Processing /home/airflow/.local/lib/python3.12/site-packages/airflow/example_dags/example_complex.py took 0.256 seconds
[2024-11-11T06:55:07.431+0000] {processor.py:186} INFO - Started process (PID=895) to work on /home/airflow/.local/lib/python3.12/site-packages/airflow/example_dags/example_complex.py
[2024-11-11T06:55:07.433+0000] {processor.py:914} INFO - Processing file /home/airflow/.local/lib/python3.12/site-packages/airflow/example_dags/example_complex.py for tasks to queue
[2024-11-11T06:55:07.439+0000] {logging_mixin.py:190} INFO - [2024-11-11T06:55:07.438+0000] {dagbag.py:588} INFO - Filling up the DagBag from /home/airflow/.local/lib/python3.12/site-packages/airflow/example_dags/example_complex.py
[2024-11-11T06:55:07.460+0000] {processor.py:925} INFO - DAG(s) 'example_complex' retrieved from /home/airflow/.local/lib/python3.12/site-packages/airflow/example_dags/example_complex.py
[2024-11-11T06:55:07.514+0000] {logging_mixin.py:190} INFO - [2024-11-11T06:55:07.514+0000] {dag.py:3239} INFO - Sync 1 DAGs
[2024-11-11T06:55:07.539+0000] {logging_mixin.py:190} INFO - [2024-11-11T06:55:07.538+0000] {dag.py:4180} INFO - Setting next_dagrun for example_complex to None, run_after=None
[2024-11-11T06:55:07.579+0000] {processor.py:208} INFO - Processing /home/airflow/.local/lib/python3.12/site-packages/airflow/example_dags/example_complex.py took 0.158 seconds
[2024-11-11T06:55:38.492+0000] {processor.py:186} INFO - Started process (PID=959) to work on /home/airflow/.local/lib/python3.12/site-packages/airflow/example_dags/example_complex.py
[2024-11-11T06:55:38.494+0000] {processor.py:914} INFO - Processing file /home/airflow/.local/lib/python3.12/site-packages/airflow/example_dags/example_complex.py for tasks to queue
[2024-11-11T06:55:38.498+0000] {logging_mixin.py:190} INFO - [2024-11-11T06:55:38.498+0000] {dagbag.py:588} INFO - Filling up the DagBag from /home/airflow/.local/lib/python3.12/site-packages/airflow/example_dags/example_complex.py
[2024-11-11T06:55:38.516+0000] {processor.py:925} INFO - DAG(s) 'example_complex' retrieved from /home/airflow/.local/lib/python3.12/site-packages/airflow/example_dags/example_complex.py
[2024-11-11T06:55:38.556+0000] {logging_mixin.py:190} INFO - [2024-11-11T06:55:38.556+0000] {dag.py:3239} INFO - Sync 1 DAGs
[2024-11-11T06:55:38.573+0000] {logging_mixin.py:190} INFO - [2024-11-11T06:55:38.572+0000] {dag.py:4180} INFO - Setting next_dagrun for example_complex to None, run_after=None
[2024-11-11T06:55:38.603+0000] {processor.py:208} INFO - Processing /home/airflow/.local/lib/python3.12/site-packages/airflow/example_dags/example_complex.py took 0.119 seconds
[2024-11-11T06:56:09.144+0000] {processor.py:186} INFO - Started process (PID=1023) to work on /home/airflow/.local/lib/python3.12/site-packages/airflow/example_dags/example_complex.py
[2024-11-11T06:56:09.147+0000] {processor.py:914} INFO - Processing file /home/airflow/.local/lib/python3.12/site-packages/airflow/example_dags/example_complex.py for tasks to queue
[2024-11-11T06:56:09.154+0000] {logging_mixin.py:190} INFO - [2024-11-11T06:56:09.154+0000] {dagbag.py:588} INFO - Filling up the DagBag from /home/airflow/.local/lib/python3.12/site-packages/airflow/example_dags/example_complex.py
[2024-11-11T06:56:09.183+0000] {processor.py:925} INFO - DAG(s) 'example_complex' retrieved from /home/airflow/.local/lib/python3.12/site-packages/airflow/example_dags/example_complex.py
[2024-11-11T06:56:09.272+0000] {logging_mixin.py:190} INFO - [2024-11-11T06:56:09.272+0000] {dag.py:3239} INFO - Sync 1 DAGs
[2024-11-11T06:56:09.297+0000] {logging_mixin.py:190} INFO - [2024-11-11T06:56:09.297+0000] {dag.py:4180} INFO - Setting next_dagrun for example_complex to None, run_after=None
[2024-11-11T06:56:09.341+0000] {processor.py:208} INFO - Processing /home/airflow/.local/lib/python3.12/site-packages/airflow/example_dags/example_complex.py took 0.206 seconds
[2024-11-11T06:56:39.567+0000] {processor.py:186} INFO - Started process (PID=1087) to work on /home/airflow/.local/lib/python3.12/site-packages/airflow/example_dags/example_complex.py
[2024-11-11T06:56:39.569+0000] {processor.py:914} INFO - Processing file /home/airflow/.local/lib/python3.12/site-packages/airflow/example_dags/example_complex.py for tasks to queue
[2024-11-11T06:56:39.576+0000] {logging_mixin.py:190} INFO - [2024-11-11T06:56:39.575+0000] {dagbag.py:588} INFO - Filling up the DagBag from /home/airflow/.local/lib/python3.12/site-packages/airflow/example_dags/example_complex.py
[2024-11-11T06:56:39.607+0000] {processor.py:925} INFO - DAG(s) 'example_complex' retrieved from /home/airflow/.local/lib/python3.12/site-packages/airflow/example_dags/example_complex.py
[2024-11-11T06:56:39.682+0000] {logging_mixin.py:190} INFO - [2024-11-11T06:56:39.682+0000] {dag.py:3239} INFO - Sync 1 DAGs
[2024-11-11T06:56:39.703+0000] {logging_mixin.py:190} INFO - [2024-11-11T06:56:39.702+0000] {dag.py:4180} INFO - Setting next_dagrun for example_complex to None, run_after=None
[2024-11-11T06:56:39.736+0000] {processor.py:208} INFO - Processing /home/airflow/.local/lib/python3.12/site-packages/airflow/example_dags/example_complex.py took 0.188 seconds
[2024-11-11T06:57:09.920+0000] {processor.py:186} INFO - Started process (PID=1151) to work on /home/airflow/.local/lib/python3.12/site-packages/airflow/example_dags/example_complex.py
[2024-11-11T06:57:09.922+0000] {processor.py:914} INFO - Processing file /home/airflow/.local/lib/python3.12/site-packages/airflow/example_dags/example_complex.py for tasks to queue
[2024-11-11T06:57:09.925+0000] {logging_mixin.py:190} INFO - [2024-11-11T06:57:09.925+0000] {dagbag.py:588} INFO - Filling up the DagBag from /home/airflow/.local/lib/python3.12/site-packages/airflow/example_dags/example_complex.py
[2024-11-11T06:57:09.940+0000] {processor.py:925} INFO - DAG(s) 'example_complex' retrieved from /home/airflow/.local/lib/python3.12/site-packages/airflow/example_dags/example_complex.py
[2024-11-11T06:57:09.979+0000] {logging_mixin.py:190} INFO - [2024-11-11T06:57:09.979+0000] {dag.py:3239} INFO - Sync 1 DAGs
[2024-11-11T06:57:09.999+0000] {logging_mixin.py:190} INFO - [2024-11-11T06:57:09.999+0000] {dag.py:4180} INFO - Setting next_dagrun for example_complex to None, run_after=None
[2024-11-11T06:57:10.032+0000] {processor.py:208} INFO - Processing /home/airflow/.local/lib/python3.12/site-packages/airflow/example_dags/example_complex.py took 0.120 seconds
[2024-11-11T06:57:40.614+0000] {processor.py:186} INFO - Started process (PID=1215) to work on /home/airflow/.local/lib/python3.12/site-packages/airflow/example_dags/example_complex.py
[2024-11-11T06:57:40.619+0000] {processor.py:914} INFO - Processing file /home/airflow/.local/lib/python3.12/site-packages/airflow/example_dags/example_complex.py for tasks to queue
[2024-11-11T06:57:40.630+0000] {logging_mixin.py:190} INFO - [2024-11-11T06:57:40.628+0000] {dagbag.py:588} INFO - Filling up the DagBag from /home/airflow/.local/lib/python3.12/site-packages/airflow/example_dags/example_complex.py
[2024-11-11T06:57:40.687+0000] {processor.py:925} INFO - DAG(s) 'example_complex' retrieved from /home/airflow/.local/lib/python3.12/site-packages/airflow/example_dags/example_complex.py
[2024-11-11T06:57:40.801+0000] {logging_mixin.py:190} INFO - [2024-11-11T06:57:40.798+0000] {dag.py:3239} INFO - Sync 1 DAGs
[2024-11-11T06:57:40.843+0000] {logging_mixin.py:190} INFO - [2024-11-11T06:57:40.842+0000] {dag.py:4180} INFO - Setting next_dagrun for example_complex to None, run_after=None
[2024-11-11T06:57:40.885+0000] {processor.py:208} INFO - Processing /home/airflow/.local/lib/python3.12/site-packages/airflow/example_dags/example_complex.py took 0.322 seconds
[2024-11-11T06:58:10.994+0000] {processor.py:186} INFO - Started process (PID=1279) to work on /home/airflow/.local/lib/python3.12/site-packages/airflow/example_dags/example_complex.py
[2024-11-11T06:58:10.996+0000] {processor.py:914} INFO - Processing file /home/airflow/.local/lib/python3.12/site-packages/airflow/example_dags/example_complex.py for tasks to queue
[2024-11-11T06:58:11.001+0000] {logging_mixin.py:190} INFO - [2024-11-11T06:58:11.001+0000] {dagbag.py:588} INFO - Filling up the DagBag from /home/airflow/.local/lib/python3.12/site-packages/airflow/example_dags/example_complex.py
[2024-11-11T06:58:11.020+0000] {processor.py:925} INFO - DAG(s) 'example_complex' retrieved from /home/airflow/.local/lib/python3.12/site-packages/airflow/example_dags/example_complex.py
[2024-11-11T06:58:11.060+0000] {logging_mixin.py:190} INFO - [2024-11-11T06:58:11.060+0000] {dag.py:3239} INFO - Sync 1 DAGs
[2024-11-11T06:58:11.084+0000] {logging_mixin.py:190} INFO - [2024-11-11T06:58:11.084+0000] {dag.py:4180} INFO - Setting next_dagrun for example_complex to None, run_after=None
[2024-11-11T06:58:11.112+0000] {processor.py:208} INFO - Processing /home/airflow/.local/lib/python3.12/site-packages/airflow/example_dags/example_complex.py took 0.124 seconds
[2024-11-11T06:58:41.912+0000] {processor.py:186} INFO - Started process (PID=1343) to work on /home/airflow/.local/lib/python3.12/site-packages/airflow/example_dags/example_complex.py
[2024-11-11T06:58:41.918+0000] {processor.py:914} INFO - Processing file /home/airflow/.local/lib/python3.12/site-packages/airflow/example_dags/example_complex.py for tasks to queue
[2024-11-11T06:58:41.928+0000] {logging_mixin.py:190} INFO - [2024-11-11T06:58:41.928+0000] {dagbag.py:588} INFO - Filling up the DagBag from /home/airflow/.local/lib/python3.12/site-packages/airflow/example_dags/example_complex.py
[2024-11-11T06:58:41.974+0000] {processor.py:925} INFO - DAG(s) 'example_complex' retrieved from /home/airflow/.local/lib/python3.12/site-packages/airflow/example_dags/example_complex.py
[2024-11-11T06:58:42.086+0000] {logging_mixin.py:190} INFO - [2024-11-11T06:58:42.085+0000] {dag.py:3239} INFO - Sync 1 DAGs
[2024-11-11T06:58:42.133+0000] {logging_mixin.py:190} INFO - [2024-11-11T06:58:42.132+0000] {dag.py:4180} INFO - Setting next_dagrun for example_complex to None, run_after=None
[2024-11-11T06:58:42.209+0000] {processor.py:208} INFO - Processing /home/airflow/.local/lib/python3.12/site-packages/airflow/example_dags/example_complex.py took 0.324 seconds
[2024-11-11T06:59:12.351+0000] {processor.py:186} INFO - Started process (PID=1407) to work on /home/airflow/.local/lib/python3.12/site-packages/airflow/example_dags/example_complex.py
[2024-11-11T06:59:12.355+0000] {processor.py:914} INFO - Processing file /home/airflow/.local/lib/python3.12/site-packages/airflow/example_dags/example_complex.py for tasks to queue
[2024-11-11T06:59:12.360+0000] {logging_mixin.py:190} INFO - [2024-11-11T06:59:12.359+0000] {dagbag.py:588} INFO - Filling up the DagBag from /home/airflow/.local/lib/python3.12/site-packages/airflow/example_dags/example_complex.py
[2024-11-11T06:59:12.397+0000] {processor.py:925} INFO - DAG(s) 'example_complex' retrieved from /home/airflow/.local/lib/python3.12/site-packages/airflow/example_dags/example_complex.py
[2024-11-11T06:59:12.491+0000] {logging_mixin.py:190} INFO - [2024-11-11T06:59:12.490+0000] {dag.py:3239} INFO - Sync 1 DAGs
[2024-11-11T06:59:12.526+0000] {logging_mixin.py:190} INFO - [2024-11-11T06:59:12.525+0000] {dag.py:4180} INFO - Setting next_dagrun for example_complex to None, run_after=None
[2024-11-11T06:59:12.578+0000] {processor.py:208} INFO - Processing /home/airflow/.local/lib/python3.12/site-packages/airflow/example_dags/example_complex.py took 0.239 seconds
[2024-11-11T06:59:42.769+0000] {processor.py:186} INFO - Started process (PID=1471) to work on /home/airflow/.local/lib/python3.12/site-packages/airflow/example_dags/example_complex.py
[2024-11-11T06:59:42.771+0000] {processor.py:914} INFO - Processing file /home/airflow/.local/lib/python3.12/site-packages/airflow/example_dags/example_complex.py for tasks to queue
[2024-11-11T06:59:42.774+0000] {logging_mixin.py:190} INFO - [2024-11-11T06:59:42.773+0000] {dagbag.py:588} INFO - Filling up the DagBag from /home/airflow/.local/lib/python3.12/site-packages/airflow/example_dags/example_complex.py
[2024-11-11T06:59:42.789+0000] {processor.py:925} INFO - DAG(s) 'example_complex' retrieved from /home/airflow/.local/lib/python3.12/site-packages/airflow/example_dags/example_complex.py
[2024-11-11T06:59:42.830+0000] {logging_mixin.py:190} INFO - [2024-11-11T06:59:42.830+0000] {dag.py:3239} INFO - Sync 1 DAGs
[2024-11-11T06:59:42.848+0000] {logging_mixin.py:190} INFO - [2024-11-11T06:59:42.848+0000] {dag.py:4180} INFO - Setting next_dagrun for example_complex to None, run_after=None
[2024-11-11T06:59:42.872+0000] {processor.py:208} INFO - Processing /home/airflow/.local/lib/python3.12/site-packages/airflow/example_dags/example_complex.py took 0.111 seconds
[2024-11-11T07:00:13.285+0000] {processor.py:186} INFO - Started process (PID=1535) to work on /home/airflow/.local/lib/python3.12/site-packages/airflow/example_dags/example_complex.py
[2024-11-11T07:00:13.287+0000] {processor.py:914} INFO - Processing file /home/airflow/.local/lib/python3.12/site-packages/airflow/example_dags/example_complex.py for tasks to queue
[2024-11-11T07:00:13.291+0000] {logging_mixin.py:190} INFO - [2024-11-11T07:00:13.291+0000] {dagbag.py:588} INFO - Filling up the DagBag from /home/airflow/.local/lib/python3.12/site-packages/airflow/example_dags/example_complex.py
[2024-11-11T07:00:13.314+0000] {processor.py:925} INFO - DAG(s) 'example_complex' retrieved from /home/airflow/.local/lib/python3.12/site-packages/airflow/example_dags/example_complex.py
[2024-11-11T07:00:13.374+0000] {logging_mixin.py:190} INFO - [2024-11-11T07:00:13.373+0000] {dag.py:3239} INFO - Sync 1 DAGs
[2024-11-11T07:00:13.395+0000] {logging_mixin.py:190} INFO - [2024-11-11T07:00:13.394+0000] {dag.py:4180} INFO - Setting next_dagrun for example_complex to None, run_after=None
[2024-11-11T07:00:13.431+0000] {processor.py:208} INFO - Processing /home/airflow/.local/lib/python3.12/site-packages/airflow/example_dags/example_complex.py took 0.156 seconds
[2024-11-11T07:00:44.220+0000] {processor.py:186} INFO - Started process (PID=1599) to work on /home/airflow/.local/lib/python3.12/site-packages/airflow/example_dags/example_complex.py
[2024-11-11T07:00:44.222+0000] {processor.py:914} INFO - Processing file /home/airflow/.local/lib/python3.12/site-packages/airflow/example_dags/example_complex.py for tasks to queue
[2024-11-11T07:00:44.227+0000] {logging_mixin.py:190} INFO - [2024-11-11T07:00:44.227+0000] {dagbag.py:588} INFO - Filling up the DagBag from /home/airflow/.local/lib/python3.12/site-packages/airflow/example_dags/example_complex.py
[2024-11-11T07:00:44.249+0000] {processor.py:925} INFO - DAG(s) 'example_complex' retrieved from /home/airflow/.local/lib/python3.12/site-packages/airflow/example_dags/example_complex.py
[2024-11-11T07:00:44.291+0000] {logging_mixin.py:190} INFO - [2024-11-11T07:00:44.291+0000] {dag.py:3239} INFO - Sync 1 DAGs
[2024-11-11T07:00:44.311+0000] {logging_mixin.py:190} INFO - [2024-11-11T07:00:44.311+0000] {dag.py:4180} INFO - Setting next_dagrun for example_complex to None, run_after=None
[2024-11-11T07:00:44.341+0000] {processor.py:208} INFO - Processing /home/airflow/.local/lib/python3.12/site-packages/airflow/example_dags/example_complex.py took 0.131 seconds
[2024-11-11T07:01:14.487+0000] {processor.py:186} INFO - Started process (PID=1663) to work on /home/airflow/.local/lib/python3.12/site-packages/airflow/example_dags/example_complex.py
[2024-11-11T07:01:14.488+0000] {processor.py:914} INFO - Processing file /home/airflow/.local/lib/python3.12/site-packages/airflow/example_dags/example_complex.py for tasks to queue
[2024-11-11T07:01:14.493+0000] {logging_mixin.py:190} INFO - [2024-11-11T07:01:14.492+0000] {dagbag.py:588} INFO - Filling up the DagBag from /home/airflow/.local/lib/python3.12/site-packages/airflow/example_dags/example_complex.py
[2024-11-11T07:01:14.512+0000] {processor.py:925} INFO - DAG(s) 'example_complex' retrieved from /home/airflow/.local/lib/python3.12/site-packages/airflow/example_dags/example_complex.py
[2024-11-11T07:01:14.589+0000] {logging_mixin.py:190} INFO - [2024-11-11T07:01:14.589+0000] {dag.py:3239} INFO - Sync 1 DAGs
[2024-11-11T07:01:14.622+0000] {logging_mixin.py:190} INFO - [2024-11-11T07:01:14.622+0000] {dag.py:4180} INFO - Setting next_dagrun for example_complex to None, run_after=None
[2024-11-11T07:01:14.667+0000] {processor.py:208} INFO - Processing /home/airflow/.local/lib/python3.12/site-packages/airflow/example_dags/example_complex.py took 0.187 seconds
[2024-11-11T07:01:45.164+0000] {processor.py:186} INFO - Started process (PID=1727) to work on /home/airflow/.local/lib/python3.12/site-packages/airflow/example_dags/example_complex.py
[2024-11-11T07:01:45.167+0000] {processor.py:914} INFO - Processing file /home/airflow/.local/lib/python3.12/site-packages/airflow/example_dags/example_complex.py for tasks to queue
[2024-11-11T07:01:45.171+0000] {logging_mixin.py:190} INFO - [2024-11-11T07:01:45.171+0000] {dagbag.py:588} INFO - Filling up the DagBag from /home/airflow/.local/lib/python3.12/site-packages/airflow/example_dags/example_complex.py
[2024-11-11T07:01:45.186+0000] {processor.py:925} INFO - DAG(s) 'example_complex' retrieved from /home/airflow/.local/lib/python3.12/site-packages/airflow/example_dags/example_complex.py
[2024-11-11T07:01:45.228+0000] {logging_mixin.py:190} INFO - [2024-11-11T07:01:45.228+0000] {dag.py:3239} INFO - Sync 1 DAGs
[2024-11-11T07:01:45.245+0000] {logging_mixin.py:190} INFO - [2024-11-11T07:01:45.244+0000] {dag.py:4180} INFO - Setting next_dagrun for example_complex to None, run_after=None
[2024-11-11T07:01:45.274+0000] {processor.py:208} INFO - Processing /home/airflow/.local/lib/python3.12/site-packages/airflow/example_dags/example_complex.py took 0.118 seconds
[2024-11-11T07:02:15.966+0000] {processor.py:186} INFO - Started process (PID=1791) to work on /home/airflow/.local/lib/python3.12/site-packages/airflow/example_dags/example_complex.py
[2024-11-11T07:02:15.969+0000] {processor.py:914} INFO - Processing file /home/airflow/.local/lib/python3.12/site-packages/airflow/example_dags/example_complex.py for tasks to queue
[2024-11-11T07:02:15.980+0000] {logging_mixin.py:190} INFO - [2024-11-11T07:02:15.979+0000] {dagbag.py:588} INFO - Filling up the DagBag from /home/airflow/.local/lib/python3.12/site-packages/airflow/example_dags/example_complex.py
[2024-11-11T07:02:15.999+0000] {processor.py:925} INFO - DAG(s) 'example_complex' retrieved from /home/airflow/.local/lib/python3.12/site-packages/airflow/example_dags/example_complex.py
[2024-11-11T07:02:16.085+0000] {logging_mixin.py:190} INFO - [2024-11-11T07:02:16.085+0000] {dag.py:3239} INFO - Sync 1 DAGs
[2024-11-11T07:02:16.123+0000] {logging_mixin.py:190} INFO - [2024-11-11T07:02:16.123+0000] {dag.py:4180} INFO - Setting next_dagrun for example_complex to None, run_after=None
[2024-11-11T07:02:16.181+0000] {processor.py:208} INFO - Processing /home/airflow/.local/lib/python3.12/site-packages/airflow/example_dags/example_complex.py took 0.235 seconds
[2024-11-11T07:02:46.307+0000] {processor.py:186} INFO - Started process (PID=1855) to work on /home/airflow/.local/lib/python3.12/site-packages/airflow/example_dags/example_complex.py
[2024-11-11T07:02:46.309+0000] {processor.py:914} INFO - Processing file /home/airflow/.local/lib/python3.12/site-packages/airflow/example_dags/example_complex.py for tasks to queue
[2024-11-11T07:02:46.312+0000] {logging_mixin.py:190} INFO - [2024-11-11T07:02:46.311+0000] {dagbag.py:588} INFO - Filling up the DagBag from /home/airflow/.local/lib/python3.12/site-packages/airflow/example_dags/example_complex.py
[2024-11-11T07:02:46.326+0000] {processor.py:925} INFO - DAG(s) 'example_complex' retrieved from /home/airflow/.local/lib/python3.12/site-packages/airflow/example_dags/example_complex.py
[2024-11-11T07:02:46.360+0000] {logging_mixin.py:190} INFO - [2024-11-11T07:02:46.360+0000] {dag.py:3239} INFO - Sync 1 DAGs
[2024-11-11T07:02:46.377+0000] {logging_mixin.py:190} INFO - [2024-11-11T07:02:46.377+0000] {dag.py:4180} INFO - Setting next_dagrun for example_complex to None, run_after=None
[2024-11-11T07:02:46.401+0000] {processor.py:208} INFO - Processing /home/airflow/.local/lib/python3.12/site-packages/airflow/example_dags/example_complex.py took 0.101 seconds
[2024-11-11T07:03:18.409+0000] {processor.py:186} INFO - Started process (PID=1919) to work on /home/airflow/.local/lib/python3.12/site-packages/airflow/example_dags/example_complex.py
[2024-11-11T07:03:18.411+0000] {processor.py:914} INFO - Processing file /home/airflow/.local/lib/python3.12/site-packages/airflow/example_dags/example_complex.py for tasks to queue
[2024-11-11T07:03:18.417+0000] {logging_mixin.py:190} INFO - [2024-11-11T07:03:18.417+0000] {dagbag.py:588} INFO - Filling up the DagBag from /home/airflow/.local/lib/python3.12/site-packages/airflow/example_dags/example_complex.py
[2024-11-11T07:03:18.446+0000] {processor.py:925} INFO - DAG(s) 'example_complex' retrieved from /home/airflow/.local/lib/python3.12/site-packages/airflow/example_dags/example_complex.py
[2024-11-11T07:03:18.524+0000] {logging_mixin.py:190} INFO - [2024-11-11T07:03:18.523+0000] {dag.py:3239} INFO - Sync 1 DAGs
[2024-11-11T07:03:18.556+0000] {logging_mixin.py:190} INFO - [2024-11-11T07:03:18.556+0000] {dag.py:4180} INFO - Setting next_dagrun for example_complex to None, run_after=None
[2024-11-11T07:03:18.598+0000] {processor.py:208} INFO - Processing /home/airflow/.local/lib/python3.12/site-packages/airflow/example_dags/example_complex.py took 0.202 seconds
