[2024-11-11T06:48:27.138+0000] {processor.py:186} INFO - Started process (PID=70) to work on /home/airflow/.local/lib/python3.12/site-packages/airflow/example_dags/tutorial_dag.py
[2024-11-11T06:48:27.142+0000] {processor.py:914} INFO - Processing file /home/airflow/.local/lib/python3.12/site-packages/airflow/example_dags/tutorial_dag.py for tasks to queue
[2024-11-11T06:48:27.154+0000] {logging_mixin.py:190} INFO - [2024-11-11T06:48:27.150+0000] {dagbag.py:588} INFO - Filling up the DagBag from /home/airflow/.local/lib/python3.12/site-packages/airflow/example_dags/tutorial_dag.py
[2024-11-11T06:48:27.207+0000] {processor.py:925} INFO - DAG(s) 'tutorial_dag' retrieved from /home/airflow/.local/lib/python3.12/site-packages/airflow/example_dags/tutorial_dag.py
[2024-11-11T06:48:27.509+0000] {logging_mixin.py:190} INFO - [2024-11-11T06:48:27.508+0000] {override.py:1911} INFO - Created Permission View: can read on DAG:tutorial_dag
[2024-11-11T06:48:27.534+0000] {logging_mixin.py:190} INFO - [2024-11-11T06:48:27.534+0000] {override.py:1911} INFO - Created Permission View: can delete on DAG:tutorial_dag
[2024-11-11T06:48:27.550+0000] {logging_mixin.py:190} INFO - [2024-11-11T06:48:27.550+0000] {override.py:1911} INFO - Created Permission View: can edit on DAG:tutorial_dag
[2024-11-11T06:48:27.565+0000] {logging_mixin.py:190} INFO - [2024-11-11T06:48:27.565+0000] {override.py:1911} INFO - Created Permission View: menu access on DAG Run:tutorial_dag
[2024-11-11T06:48:27.586+0000] {logging_mixin.py:190} INFO - [2024-11-11T06:48:27.586+0000] {override.py:1911} INFO - Created Permission View: can read on DAG Run:tutorial_dag
[2024-11-11T06:48:27.599+0000] {logging_mixin.py:190} INFO - [2024-11-11T06:48:27.599+0000] {override.py:1911} INFO - Created Permission View: can delete on DAG Run:tutorial_dag
[2024-11-11T06:48:27.612+0000] {logging_mixin.py:190} INFO - [2024-11-11T06:48:27.611+0000] {override.py:1911} INFO - Created Permission View: can create on DAG Run:tutorial_dag
[2024-11-11T06:48:27.613+0000] {logging_mixin.py:190} INFO - [2024-11-11T06:48:27.613+0000] {dag.py:3239} INFO - Sync 1 DAGs
[2024-11-11T06:48:27.639+0000] {logging_mixin.py:190} INFO - [2024-11-11T06:48:27.639+0000] {dag.py:3262} INFO - Creating ORM DAG for tutorial_dag
[2024-11-11T06:48:27.642+0000] {logging_mixin.py:190} INFO - [2024-11-11T06:48:27.641+0000] {dag.py:4180} INFO - Setting next_dagrun for tutorial_dag to None, run_after=None
[2024-11-11T06:48:27.670+0000] {processor.py:208} INFO - Processing /home/airflow/.local/lib/python3.12/site-packages/airflow/example_dags/tutorial_dag.py took 0.567 seconds
[2024-11-11T06:48:59.135+0000] {processor.py:186} INFO - Started process (PID=134) to work on /home/airflow/.local/lib/python3.12/site-packages/airflow/example_dags/tutorial_dag.py
[2024-11-11T06:48:59.136+0000] {processor.py:914} INFO - Processing file /home/airflow/.local/lib/python3.12/site-packages/airflow/example_dags/tutorial_dag.py for tasks to queue
[2024-11-11T06:48:59.140+0000] {logging_mixin.py:190} INFO - [2024-11-11T06:48:59.140+0000] {dagbag.py:588} INFO - Filling up the DagBag from /home/airflow/.local/lib/python3.12/site-packages/airflow/example_dags/tutorial_dag.py
[2024-11-11T06:48:59.152+0000] {processor.py:925} INFO - DAG(s) 'tutorial_dag' retrieved from /home/airflow/.local/lib/python3.12/site-packages/airflow/example_dags/tutorial_dag.py
[2024-11-11T06:48:59.187+0000] {logging_mixin.py:190} INFO - [2024-11-11T06:48:59.187+0000] {dag.py:3239} INFO - Sync 1 DAGs
[2024-11-11T06:48:59.208+0000] {logging_mixin.py:190} INFO - [2024-11-11T06:48:59.208+0000] {dag.py:4180} INFO - Setting next_dagrun for tutorial_dag to None, run_after=None
[2024-11-11T06:48:59.235+0000] {processor.py:208} INFO - Processing /home/airflow/.local/lib/python3.12/site-packages/airflow/example_dags/tutorial_dag.py took 0.109 seconds
[2024-11-11T06:49:30.031+0000] {processor.py:186} INFO - Started process (PID=198) to work on /home/airflow/.local/lib/python3.12/site-packages/airflow/example_dags/tutorial_dag.py
[2024-11-11T06:49:30.033+0000] {processor.py:914} INFO - Processing file /home/airflow/.local/lib/python3.12/site-packages/airflow/example_dags/tutorial_dag.py for tasks to queue
[2024-11-11T06:49:30.037+0000] {logging_mixin.py:190} INFO - [2024-11-11T06:49:30.037+0000] {dagbag.py:588} INFO - Filling up the DagBag from /home/airflow/.local/lib/python3.12/site-packages/airflow/example_dags/tutorial_dag.py
[2024-11-11T06:49:30.047+0000] {processor.py:925} INFO - DAG(s) 'tutorial_dag' retrieved from /home/airflow/.local/lib/python3.12/site-packages/airflow/example_dags/tutorial_dag.py
[2024-11-11T06:49:30.076+0000] {logging_mixin.py:190} INFO - [2024-11-11T06:49:30.076+0000] {dag.py:3239} INFO - Sync 1 DAGs
[2024-11-11T06:49:30.093+0000] {logging_mixin.py:190} INFO - [2024-11-11T06:49:30.092+0000] {dag.py:4180} INFO - Setting next_dagrun for tutorial_dag to None, run_after=None
[2024-11-11T06:49:30.120+0000] {processor.py:208} INFO - Processing /home/airflow/.local/lib/python3.12/site-packages/airflow/example_dags/tutorial_dag.py took 0.097 seconds
[2024-11-11T06:50:02.080+0000] {processor.py:186} INFO - Started process (PID=262) to work on /home/airflow/.local/lib/python3.12/site-packages/airflow/example_dags/tutorial_dag.py
[2024-11-11T06:50:02.085+0000] {processor.py:914} INFO - Processing file /home/airflow/.local/lib/python3.12/site-packages/airflow/example_dags/tutorial_dag.py for tasks to queue
[2024-11-11T06:50:02.095+0000] {logging_mixin.py:190} INFO - [2024-11-11T06:50:02.094+0000] {dagbag.py:588} INFO - Filling up the DagBag from /home/airflow/.local/lib/python3.12/site-packages/airflow/example_dags/tutorial_dag.py
[2024-11-11T06:50:02.109+0000] {processor.py:925} INFO - DAG(s) 'tutorial_dag' retrieved from /home/airflow/.local/lib/python3.12/site-packages/airflow/example_dags/tutorial_dag.py
[2024-11-11T06:50:02.150+0000] {logging_mixin.py:190} INFO - [2024-11-11T06:50:02.150+0000] {dag.py:3239} INFO - Sync 1 DAGs
[2024-11-11T06:50:02.177+0000] {logging_mixin.py:190} INFO - [2024-11-11T06:50:02.177+0000] {dag.py:4180} INFO - Setting next_dagrun for tutorial_dag to None, run_after=None
[2024-11-11T06:50:02.224+0000] {processor.py:208} INFO - Processing /home/airflow/.local/lib/python3.12/site-packages/airflow/example_dags/tutorial_dag.py took 0.154 seconds
[2024-11-11T06:50:32.918+0000] {processor.py:186} INFO - Started process (PID=326) to work on /home/airflow/.local/lib/python3.12/site-packages/airflow/example_dags/tutorial_dag.py
[2024-11-11T06:50:32.920+0000] {processor.py:914} INFO - Processing file /home/airflow/.local/lib/python3.12/site-packages/airflow/example_dags/tutorial_dag.py for tasks to queue
[2024-11-11T06:50:32.926+0000] {logging_mixin.py:190} INFO - [2024-11-11T06:50:32.925+0000] {dagbag.py:588} INFO - Filling up the DagBag from /home/airflow/.local/lib/python3.12/site-packages/airflow/example_dags/tutorial_dag.py
[2024-11-11T06:50:32.940+0000] {processor.py:925} INFO - DAG(s) 'tutorial_dag' retrieved from /home/airflow/.local/lib/python3.12/site-packages/airflow/example_dags/tutorial_dag.py
[2024-11-11T06:50:32.976+0000] {logging_mixin.py:190} INFO - [2024-11-11T06:50:32.976+0000] {dag.py:3239} INFO - Sync 1 DAGs
[2024-11-11T06:50:32.998+0000] {logging_mixin.py:190} INFO - [2024-11-11T06:50:32.998+0000] {dag.py:4180} INFO - Setting next_dagrun for tutorial_dag to None, run_after=None
[2024-11-11T06:50:33.034+0000] {processor.py:208} INFO - Processing /home/airflow/.local/lib/python3.12/site-packages/airflow/example_dags/tutorial_dag.py took 0.128 seconds
[2024-11-11T06:51:03.203+0000] {processor.py:186} INFO - Started process (PID=389) to work on /home/airflow/.local/lib/python3.12/site-packages/airflow/example_dags/tutorial_dag.py
[2024-11-11T06:51:03.204+0000] {processor.py:914} INFO - Processing file /home/airflow/.local/lib/python3.12/site-packages/airflow/example_dags/tutorial_dag.py for tasks to queue
[2024-11-11T06:51:03.209+0000] {logging_mixin.py:190} INFO - [2024-11-11T06:51:03.208+0000] {dagbag.py:588} INFO - Filling up the DagBag from /home/airflow/.local/lib/python3.12/site-packages/airflow/example_dags/tutorial_dag.py
[2024-11-11T06:51:03.221+0000] {processor.py:925} INFO - DAG(s) 'tutorial_dag' retrieved from /home/airflow/.local/lib/python3.12/site-packages/airflow/example_dags/tutorial_dag.py
[2024-11-11T06:51:03.248+0000] {logging_mixin.py:190} INFO - [2024-11-11T06:51:03.247+0000] {dag.py:3239} INFO - Sync 1 DAGs
[2024-11-11T06:51:03.267+0000] {logging_mixin.py:190} INFO - [2024-11-11T06:51:03.267+0000] {dag.py:4180} INFO - Setting next_dagrun for tutorial_dag to None, run_after=None
[2024-11-11T06:51:03.294+0000] {processor.py:208} INFO - Processing /home/airflow/.local/lib/python3.12/site-packages/airflow/example_dags/tutorial_dag.py took 0.099 seconds
[2024-11-11T06:51:33.893+0000] {processor.py:186} INFO - Started process (PID=453) to work on /home/airflow/.local/lib/python3.12/site-packages/airflow/example_dags/tutorial_dag.py
[2024-11-11T06:51:33.897+0000] {processor.py:914} INFO - Processing file /home/airflow/.local/lib/python3.12/site-packages/airflow/example_dags/tutorial_dag.py for tasks to queue
[2024-11-11T06:51:33.902+0000] {logging_mixin.py:190} INFO - [2024-11-11T06:51:33.901+0000] {dagbag.py:588} INFO - Filling up the DagBag from /home/airflow/.local/lib/python3.12/site-packages/airflow/example_dags/tutorial_dag.py
[2024-11-11T06:51:33.920+0000] {processor.py:925} INFO - DAG(s) 'tutorial_dag' retrieved from /home/airflow/.local/lib/python3.12/site-packages/airflow/example_dags/tutorial_dag.py
[2024-11-11T06:51:33.970+0000] {logging_mixin.py:190} INFO - [2024-11-11T06:51:33.969+0000] {dag.py:3239} INFO - Sync 1 DAGs
[2024-11-11T06:51:34.004+0000] {logging_mixin.py:190} INFO - [2024-11-11T06:51:34.003+0000] {dag.py:4180} INFO - Setting next_dagrun for tutorial_dag to None, run_after=None
[2024-11-11T06:51:34.042+0000] {processor.py:208} INFO - Processing /home/airflow/.local/lib/python3.12/site-packages/airflow/example_dags/tutorial_dag.py took 0.161 seconds
[2024-11-11T06:52:05.318+0000] {processor.py:186} INFO - Started process (PID=517) to work on /home/airflow/.local/lib/python3.12/site-packages/airflow/example_dags/tutorial_dag.py
[2024-11-11T06:52:05.499+0000] {processor.py:914} INFO - Processing file /home/airflow/.local/lib/python3.12/site-packages/airflow/example_dags/tutorial_dag.py for tasks to queue
[2024-11-11T06:52:05.681+0000] {logging_mixin.py:190} INFO - [2024-11-11T06:52:05.678+0000] {dagbag.py:588} INFO - Filling up the DagBag from /home/airflow/.local/lib/python3.12/site-packages/airflow/example_dags/tutorial_dag.py
[2024-11-11T06:52:05.809+0000] {processor.py:925} INFO - DAG(s) 'tutorial_dag' retrieved from /home/airflow/.local/lib/python3.12/site-packages/airflow/example_dags/tutorial_dag.py
[2024-11-11T06:52:05.884+0000] {logging_mixin.py:190} INFO - [2024-11-11T06:52:05.884+0000] {dag.py:3239} INFO - Sync 1 DAGs
[2024-11-11T06:52:05.979+0000] {logging_mixin.py:190} INFO - [2024-11-11T06:52:05.979+0000] {dag.py:4180} INFO - Setting next_dagrun for tutorial_dag to None, run_after=None
[2024-11-11T06:52:06.050+0000] {processor.py:208} INFO - Processing /home/airflow/.local/lib/python3.12/site-packages/airflow/example_dags/tutorial_dag.py took 0.882 seconds
[2024-11-11T06:52:36.267+0000] {processor.py:186} INFO - Started process (PID=580) to work on /home/airflow/.local/lib/python3.12/site-packages/airflow/example_dags/tutorial_dag.py
[2024-11-11T06:52:36.270+0000] {processor.py:914} INFO - Processing file /home/airflow/.local/lib/python3.12/site-packages/airflow/example_dags/tutorial_dag.py for tasks to queue
[2024-11-11T06:52:36.276+0000] {logging_mixin.py:190} INFO - [2024-11-11T06:52:36.275+0000] {dagbag.py:588} INFO - Filling up the DagBag from /home/airflow/.local/lib/python3.12/site-packages/airflow/example_dags/tutorial_dag.py
[2024-11-11T06:52:36.291+0000] {processor.py:925} INFO - DAG(s) 'tutorial_dag' retrieved from /home/airflow/.local/lib/python3.12/site-packages/airflow/example_dags/tutorial_dag.py
[2024-11-11T06:52:36.342+0000] {logging_mixin.py:190} INFO - [2024-11-11T06:52:36.342+0000] {dag.py:3239} INFO - Sync 1 DAGs
[2024-11-11T06:52:36.376+0000] {logging_mixin.py:190} INFO - [2024-11-11T06:52:36.376+0000] {dag.py:4180} INFO - Setting next_dagrun for tutorial_dag to None, run_after=None
[2024-11-11T06:52:36.422+0000] {processor.py:208} INFO - Processing /home/airflow/.local/lib/python3.12/site-packages/airflow/example_dags/tutorial_dag.py took 0.168 seconds
[2024-11-11T06:53:06.576+0000] {processor.py:186} INFO - Started process (PID=644) to work on /home/airflow/.local/lib/python3.12/site-packages/airflow/example_dags/tutorial_dag.py
[2024-11-11T06:53:06.578+0000] {processor.py:914} INFO - Processing file /home/airflow/.local/lib/python3.12/site-packages/airflow/example_dags/tutorial_dag.py for tasks to queue
[2024-11-11T06:53:06.584+0000] {logging_mixin.py:190} INFO - [2024-11-11T06:53:06.583+0000] {dagbag.py:588} INFO - Filling up the DagBag from /home/airflow/.local/lib/python3.12/site-packages/airflow/example_dags/tutorial_dag.py
[2024-11-11T06:53:06.597+0000] {processor.py:925} INFO - DAG(s) 'tutorial_dag' retrieved from /home/airflow/.local/lib/python3.12/site-packages/airflow/example_dags/tutorial_dag.py
[2024-11-11T06:53:06.637+0000] {logging_mixin.py:190} INFO - [2024-11-11T06:53:06.636+0000] {dag.py:3239} INFO - Sync 1 DAGs
[2024-11-11T06:53:06.654+0000] {logging_mixin.py:190} INFO - [2024-11-11T06:53:06.654+0000] {dag.py:4180} INFO - Setting next_dagrun for tutorial_dag to None, run_after=None
[2024-11-11T06:53:06.687+0000] {processor.py:208} INFO - Processing /home/airflow/.local/lib/python3.12/site-packages/airflow/example_dags/tutorial_dag.py took 0.122 seconds
[2024-11-11T06:53:36.863+0000] {processor.py:186} INFO - Started process (PID=706) to work on /home/airflow/.local/lib/python3.12/site-packages/airflow/example_dags/tutorial_dag.py
[2024-11-11T06:53:36.865+0000] {processor.py:914} INFO - Processing file /home/airflow/.local/lib/python3.12/site-packages/airflow/example_dags/tutorial_dag.py for tasks to queue
[2024-11-11T06:53:36.869+0000] {logging_mixin.py:190} INFO - [2024-11-11T06:53:36.869+0000] {dagbag.py:588} INFO - Filling up the DagBag from /home/airflow/.local/lib/python3.12/site-packages/airflow/example_dags/tutorial_dag.py
[2024-11-11T06:53:36.880+0000] {processor.py:925} INFO - DAG(s) 'tutorial_dag' retrieved from /home/airflow/.local/lib/python3.12/site-packages/airflow/example_dags/tutorial_dag.py
[2024-11-11T06:53:36.920+0000] {logging_mixin.py:190} INFO - [2024-11-11T06:53:36.920+0000] {dag.py:3239} INFO - Sync 1 DAGs
[2024-11-11T06:53:36.950+0000] {logging_mixin.py:190} INFO - [2024-11-11T06:53:36.949+0000] {dag.py:4180} INFO - Setting next_dagrun for tutorial_dag to None, run_after=None
[2024-11-11T06:53:36.997+0000] {processor.py:208} INFO - Processing /home/airflow/.local/lib/python3.12/site-packages/airflow/example_dags/tutorial_dag.py took 0.142 seconds
[2024-11-11T06:54:07.396+0000] {processor.py:186} INFO - Started process (PID=769) to work on /home/airflow/.local/lib/python3.12/site-packages/airflow/example_dags/tutorial_dag.py
[2024-11-11T06:54:07.399+0000] {processor.py:914} INFO - Processing file /home/airflow/.local/lib/python3.12/site-packages/airflow/example_dags/tutorial_dag.py for tasks to queue
[2024-11-11T06:54:07.402+0000] {logging_mixin.py:190} INFO - [2024-11-11T06:54:07.402+0000] {dagbag.py:588} INFO - Filling up the DagBag from /home/airflow/.local/lib/python3.12/site-packages/airflow/example_dags/tutorial_dag.py
[2024-11-11T06:54:07.413+0000] {processor.py:925} INFO - DAG(s) 'tutorial_dag' retrieved from /home/airflow/.local/lib/python3.12/site-packages/airflow/example_dags/tutorial_dag.py
[2024-11-11T06:54:07.449+0000] {logging_mixin.py:190} INFO - [2024-11-11T06:54:07.448+0000] {dag.py:3239} INFO - Sync 1 DAGs
[2024-11-11T06:54:07.480+0000] {logging_mixin.py:190} INFO - [2024-11-11T06:54:07.479+0000] {dag.py:4180} INFO - Setting next_dagrun for tutorial_dag to None, run_after=None
[2024-11-11T06:54:07.514+0000] {processor.py:208} INFO - Processing /home/airflow/.local/lib/python3.12/site-packages/airflow/example_dags/tutorial_dag.py took 0.127 seconds
[2024-11-11T06:54:38.313+0000] {processor.py:186} INFO - Started process (PID=833) to work on /home/airflow/.local/lib/python3.12/site-packages/airflow/example_dags/tutorial_dag.py
[2024-11-11T06:54:38.319+0000] {processor.py:914} INFO - Processing file /home/airflow/.local/lib/python3.12/site-packages/airflow/example_dags/tutorial_dag.py for tasks to queue
[2024-11-11T06:54:38.325+0000] {logging_mixin.py:190} INFO - [2024-11-11T06:54:38.324+0000] {dagbag.py:588} INFO - Filling up the DagBag from /home/airflow/.local/lib/python3.12/site-packages/airflow/example_dags/tutorial_dag.py
[2024-11-11T06:54:38.348+0000] {processor.py:925} INFO - DAG(s) 'tutorial_dag' retrieved from /home/airflow/.local/lib/python3.12/site-packages/airflow/example_dags/tutorial_dag.py
[2024-11-11T06:54:38.396+0000] {logging_mixin.py:190} INFO - [2024-11-11T06:54:38.396+0000] {dag.py:3239} INFO - Sync 1 DAGs
[2024-11-11T06:54:38.426+0000] {logging_mixin.py:190} INFO - [2024-11-11T06:54:38.426+0000] {dag.py:4180} INFO - Setting next_dagrun for tutorial_dag to None, run_after=None
[2024-11-11T06:54:38.470+0000] {processor.py:208} INFO - Processing /home/airflow/.local/lib/python3.12/site-packages/airflow/example_dags/tutorial_dag.py took 0.170 seconds
[2024-11-11T06:55:08.642+0000] {processor.py:186} INFO - Started process (PID=897) to work on /home/airflow/.local/lib/python3.12/site-packages/airflow/example_dags/tutorial_dag.py
[2024-11-11T06:55:08.643+0000] {processor.py:914} INFO - Processing file /home/airflow/.local/lib/python3.12/site-packages/airflow/example_dags/tutorial_dag.py for tasks to queue
[2024-11-11T06:55:08.647+0000] {logging_mixin.py:190} INFO - [2024-11-11T06:55:08.647+0000] {dagbag.py:588} INFO - Filling up the DagBag from /home/airflow/.local/lib/python3.12/site-packages/airflow/example_dags/tutorial_dag.py
[2024-11-11T06:55:08.658+0000] {processor.py:925} INFO - DAG(s) 'tutorial_dag' retrieved from /home/airflow/.local/lib/python3.12/site-packages/airflow/example_dags/tutorial_dag.py
[2024-11-11T06:55:08.688+0000] {logging_mixin.py:190} INFO - [2024-11-11T06:55:08.688+0000] {dag.py:3239} INFO - Sync 1 DAGs
[2024-11-11T06:55:08.711+0000] {logging_mixin.py:190} INFO - [2024-11-11T06:55:08.711+0000] {dag.py:4180} INFO - Setting next_dagrun for tutorial_dag to None, run_after=None
[2024-11-11T06:55:08.738+0000] {processor.py:208} INFO - Processing /home/airflow/.local/lib/python3.12/site-packages/airflow/example_dags/tutorial_dag.py took 0.106 seconds
[2024-11-11T06:55:39.676+0000] {processor.py:186} INFO - Started process (PID=961) to work on /home/airflow/.local/lib/python3.12/site-packages/airflow/example_dags/tutorial_dag.py
[2024-11-11T06:55:39.677+0000] {processor.py:914} INFO - Processing file /home/airflow/.local/lib/python3.12/site-packages/airflow/example_dags/tutorial_dag.py for tasks to queue
[2024-11-11T06:55:39.681+0000] {logging_mixin.py:190} INFO - [2024-11-11T06:55:39.681+0000] {dagbag.py:588} INFO - Filling up the DagBag from /home/airflow/.local/lib/python3.12/site-packages/airflow/example_dags/tutorial_dag.py
[2024-11-11T06:55:39.696+0000] {processor.py:925} INFO - DAG(s) 'tutorial_dag' retrieved from /home/airflow/.local/lib/python3.12/site-packages/airflow/example_dags/tutorial_dag.py
[2024-11-11T06:55:39.742+0000] {logging_mixin.py:190} INFO - [2024-11-11T06:55:39.741+0000] {dag.py:3239} INFO - Sync 1 DAGs
[2024-11-11T06:55:39.770+0000] {logging_mixin.py:190} INFO - [2024-11-11T06:55:39.769+0000] {dag.py:4180} INFO - Setting next_dagrun for tutorial_dag to None, run_after=None
[2024-11-11T06:55:39.808+0000] {processor.py:208} INFO - Processing /home/airflow/.local/lib/python3.12/site-packages/airflow/example_dags/tutorial_dag.py took 0.146 seconds
[2024-11-11T06:56:10.418+0000] {processor.py:186} INFO - Started process (PID=1025) to work on /home/airflow/.local/lib/python3.12/site-packages/airflow/example_dags/tutorial_dag.py
[2024-11-11T06:56:10.420+0000] {processor.py:914} INFO - Processing file /home/airflow/.local/lib/python3.12/site-packages/airflow/example_dags/tutorial_dag.py for tasks to queue
[2024-11-11T06:56:10.427+0000] {logging_mixin.py:190} INFO - [2024-11-11T06:56:10.426+0000] {dagbag.py:588} INFO - Filling up the DagBag from /home/airflow/.local/lib/python3.12/site-packages/airflow/example_dags/tutorial_dag.py
[2024-11-11T06:56:10.445+0000] {processor.py:925} INFO - DAG(s) 'tutorial_dag' retrieved from /home/airflow/.local/lib/python3.12/site-packages/airflow/example_dags/tutorial_dag.py
[2024-11-11T06:56:10.500+0000] {logging_mixin.py:190} INFO - [2024-11-11T06:56:10.499+0000] {dag.py:3239} INFO - Sync 1 DAGs
[2024-11-11T06:56:10.771+0000] {logging_mixin.py:190} INFO - [2024-11-11T06:56:10.769+0000] {dag.py:4180} INFO - Setting next_dagrun for tutorial_dag to None, run_after=None
[2024-11-11T06:56:10.831+0000] {processor.py:208} INFO - Processing /home/airflow/.local/lib/python3.12/site-packages/airflow/example_dags/tutorial_dag.py took 0.426 seconds
[2024-11-11T06:56:41.818+0000] {processor.py:186} INFO - Started process (PID=1089) to work on /home/airflow/.local/lib/python3.12/site-packages/airflow/example_dags/tutorial_dag.py
[2024-11-11T06:56:41.820+0000] {processor.py:914} INFO - Processing file /home/airflow/.local/lib/python3.12/site-packages/airflow/example_dags/tutorial_dag.py for tasks to queue
[2024-11-11T06:56:41.825+0000] {logging_mixin.py:190} INFO - [2024-11-11T06:56:41.824+0000] {dagbag.py:588} INFO - Filling up the DagBag from /home/airflow/.local/lib/python3.12/site-packages/airflow/example_dags/tutorial_dag.py
[2024-11-11T06:56:41.842+0000] {processor.py:925} INFO - DAG(s) 'tutorial_dag' retrieved from /home/airflow/.local/lib/python3.12/site-packages/airflow/example_dags/tutorial_dag.py
[2024-11-11T06:56:41.888+0000] {logging_mixin.py:190} INFO - [2024-11-11T06:56:41.887+0000] {dag.py:3239} INFO - Sync 1 DAGs
[2024-11-11T06:56:41.918+0000] {logging_mixin.py:190} INFO - [2024-11-11T06:56:41.918+0000] {dag.py:4180} INFO - Setting next_dagrun for tutorial_dag to None, run_after=None
[2024-11-11T06:56:41.958+0000] {processor.py:208} INFO - Processing /home/airflow/.local/lib/python3.12/site-packages/airflow/example_dags/tutorial_dag.py took 0.152 seconds
[2024-11-11T06:57:12.110+0000] {processor.py:186} INFO - Started process (PID=1153) to work on /home/airflow/.local/lib/python3.12/site-packages/airflow/example_dags/tutorial_dag.py
[2024-11-11T06:57:12.112+0000] {processor.py:914} INFO - Processing file /home/airflow/.local/lib/python3.12/site-packages/airflow/example_dags/tutorial_dag.py for tasks to queue
[2024-11-11T06:57:12.115+0000] {logging_mixin.py:190} INFO - [2024-11-11T06:57:12.115+0000] {dagbag.py:588} INFO - Filling up the DagBag from /home/airflow/.local/lib/python3.12/site-packages/airflow/example_dags/tutorial_dag.py
[2024-11-11T06:57:12.126+0000] {processor.py:925} INFO - DAG(s) 'tutorial_dag' retrieved from /home/airflow/.local/lib/python3.12/site-packages/airflow/example_dags/tutorial_dag.py
[2024-11-11T06:57:12.152+0000] {logging_mixin.py:190} INFO - [2024-11-11T06:57:12.152+0000] {dag.py:3239} INFO - Sync 1 DAGs
[2024-11-11T06:57:12.171+0000] {logging_mixin.py:190} INFO - [2024-11-11T06:57:12.170+0000] {dag.py:4180} INFO - Setting next_dagrun for tutorial_dag to None, run_after=None
[2024-11-11T06:57:12.196+0000] {processor.py:208} INFO - Processing /home/airflow/.local/lib/python3.12/site-packages/airflow/example_dags/tutorial_dag.py took 0.094 seconds
[2024-11-11T06:57:42.969+0000] {processor.py:186} INFO - Started process (PID=1217) to work on /home/airflow/.local/lib/python3.12/site-packages/airflow/example_dags/tutorial_dag.py
[2024-11-11T06:57:42.971+0000] {processor.py:914} INFO - Processing file /home/airflow/.local/lib/python3.12/site-packages/airflow/example_dags/tutorial_dag.py for tasks to queue
[2024-11-11T06:57:42.976+0000] {logging_mixin.py:190} INFO - [2024-11-11T06:57:42.975+0000] {dagbag.py:588} INFO - Filling up the DagBag from /home/airflow/.local/lib/python3.12/site-packages/airflow/example_dags/tutorial_dag.py
[2024-11-11T06:57:42.991+0000] {processor.py:925} INFO - DAG(s) 'tutorial_dag' retrieved from /home/airflow/.local/lib/python3.12/site-packages/airflow/example_dags/tutorial_dag.py
[2024-11-11T06:57:43.034+0000] {logging_mixin.py:190} INFO - [2024-11-11T06:57:43.033+0000] {dag.py:3239} INFO - Sync 1 DAGs
[2024-11-11T06:57:43.069+0000] {logging_mixin.py:190} INFO - [2024-11-11T06:57:43.069+0000] {dag.py:4180} INFO - Setting next_dagrun for tutorial_dag to None, run_after=None
[2024-11-11T06:57:43.101+0000] {processor.py:208} INFO - Processing /home/airflow/.local/lib/python3.12/site-packages/airflow/example_dags/tutorial_dag.py took 0.143 seconds
[2024-11-11T06:58:13.340+0000] {processor.py:186} INFO - Started process (PID=1281) to work on /home/airflow/.local/lib/python3.12/site-packages/airflow/example_dags/tutorial_dag.py
[2024-11-11T06:58:13.343+0000] {processor.py:914} INFO - Processing file /home/airflow/.local/lib/python3.12/site-packages/airflow/example_dags/tutorial_dag.py for tasks to queue
[2024-11-11T06:58:13.352+0000] {logging_mixin.py:190} INFO - [2024-11-11T06:58:13.351+0000] {dagbag.py:588} INFO - Filling up the DagBag from /home/airflow/.local/lib/python3.12/site-packages/airflow/example_dags/tutorial_dag.py
[2024-11-11T06:58:13.380+0000] {processor.py:925} INFO - DAG(s) 'tutorial_dag' retrieved from /home/airflow/.local/lib/python3.12/site-packages/airflow/example_dags/tutorial_dag.py
[2024-11-11T06:58:13.445+0000] {logging_mixin.py:190} INFO - [2024-11-11T06:58:13.444+0000] {dag.py:3239} INFO - Sync 1 DAGs
[2024-11-11T06:58:13.490+0000] {logging_mixin.py:190} INFO - [2024-11-11T06:58:13.489+0000] {dag.py:4180} INFO - Setting next_dagrun for tutorial_dag to None, run_after=None
[2024-11-11T06:58:13.569+0000] {processor.py:208} INFO - Processing /home/airflow/.local/lib/python3.12/site-packages/airflow/example_dags/tutorial_dag.py took 0.255 seconds
[2024-11-11T06:58:44.286+0000] {processor.py:186} INFO - Started process (PID=1345) to work on /home/airflow/.local/lib/python3.12/site-packages/airflow/example_dags/tutorial_dag.py
[2024-11-11T06:58:44.288+0000] {processor.py:914} INFO - Processing file /home/airflow/.local/lib/python3.12/site-packages/airflow/example_dags/tutorial_dag.py for tasks to queue
[2024-11-11T06:58:44.297+0000] {logging_mixin.py:190} INFO - [2024-11-11T06:58:44.296+0000] {dagbag.py:588} INFO - Filling up the DagBag from /home/airflow/.local/lib/python3.12/site-packages/airflow/example_dags/tutorial_dag.py
[2024-11-11T06:58:44.312+0000] {processor.py:925} INFO - DAG(s) 'tutorial_dag' retrieved from /home/airflow/.local/lib/python3.12/site-packages/airflow/example_dags/tutorial_dag.py
[2024-11-11T06:58:44.338+0000] {logging_mixin.py:190} INFO - [2024-11-11T06:58:44.338+0000] {dag.py:3239} INFO - Sync 1 DAGs
[2024-11-11T06:58:44.355+0000] {logging_mixin.py:190} INFO - [2024-11-11T06:58:44.355+0000] {dag.py:4180} INFO - Setting next_dagrun for tutorial_dag to None, run_after=None
[2024-11-11T06:58:44.385+0000] {processor.py:208} INFO - Processing /home/airflow/.local/lib/python3.12/site-packages/airflow/example_dags/tutorial_dag.py took 0.108 seconds
[2024-11-11T06:59:14.665+0000] {processor.py:186} INFO - Started process (PID=1409) to work on /home/airflow/.local/lib/python3.12/site-packages/airflow/example_dags/tutorial_dag.py
[2024-11-11T06:59:14.669+0000] {processor.py:914} INFO - Processing file /home/airflow/.local/lib/python3.12/site-packages/airflow/example_dags/tutorial_dag.py for tasks to queue
[2024-11-11T06:59:14.676+0000] {logging_mixin.py:190} INFO - [2024-11-11T06:59:14.676+0000] {dagbag.py:588} INFO - Filling up the DagBag from /home/airflow/.local/lib/python3.12/site-packages/airflow/example_dags/tutorial_dag.py
[2024-11-11T06:59:14.701+0000] {processor.py:925} INFO - DAG(s) 'tutorial_dag' retrieved from /home/airflow/.local/lib/python3.12/site-packages/airflow/example_dags/tutorial_dag.py
[2024-11-11T06:59:14.758+0000] {logging_mixin.py:190} INFO - [2024-11-11T06:59:14.758+0000] {dag.py:3239} INFO - Sync 1 DAGs
[2024-11-11T06:59:14.786+0000] {logging_mixin.py:190} INFO - [2024-11-11T06:59:14.785+0000] {dag.py:4180} INFO - Setting next_dagrun for tutorial_dag to None, run_after=None
[2024-11-11T06:59:14.822+0000] {processor.py:208} INFO - Processing /home/airflow/.local/lib/python3.12/site-packages/airflow/example_dags/tutorial_dag.py took 0.174 seconds
[2024-11-11T06:59:44.946+0000] {processor.py:186} INFO - Started process (PID=1473) to work on /home/airflow/.local/lib/python3.12/site-packages/airflow/example_dags/tutorial_dag.py
[2024-11-11T06:59:44.949+0000] {processor.py:914} INFO - Processing file /home/airflow/.local/lib/python3.12/site-packages/airflow/example_dags/tutorial_dag.py for tasks to queue
[2024-11-11T06:59:44.955+0000] {logging_mixin.py:190} INFO - [2024-11-11T06:59:44.953+0000] {dagbag.py:588} INFO - Filling up the DagBag from /home/airflow/.local/lib/python3.12/site-packages/airflow/example_dags/tutorial_dag.py
[2024-11-11T06:59:44.969+0000] {processor.py:925} INFO - DAG(s) 'tutorial_dag' retrieved from /home/airflow/.local/lib/python3.12/site-packages/airflow/example_dags/tutorial_dag.py
[2024-11-11T06:59:45.001+0000] {logging_mixin.py:190} INFO - [2024-11-11T06:59:45.001+0000] {dag.py:3239} INFO - Sync 1 DAGs
[2024-11-11T06:59:45.023+0000] {logging_mixin.py:190} INFO - [2024-11-11T06:59:45.022+0000] {dag.py:4180} INFO - Setting next_dagrun for tutorial_dag to None, run_after=None
[2024-11-11T06:59:45.052+0000] {processor.py:208} INFO - Processing /home/airflow/.local/lib/python3.12/site-packages/airflow/example_dags/tutorial_dag.py took 0.121 seconds
[2024-11-11T07:00:15.605+0000] {processor.py:186} INFO - Started process (PID=1537) to work on /home/airflow/.local/lib/python3.12/site-packages/airflow/example_dags/tutorial_dag.py
[2024-11-11T07:00:15.624+0000] {processor.py:914} INFO - Processing file /home/airflow/.local/lib/python3.12/site-packages/airflow/example_dags/tutorial_dag.py for tasks to queue
[2024-11-11T07:00:15.631+0000] {logging_mixin.py:190} INFO - [2024-11-11T07:00:15.630+0000] {dagbag.py:588} INFO - Filling up the DagBag from /home/airflow/.local/lib/python3.12/site-packages/airflow/example_dags/tutorial_dag.py
[2024-11-11T07:00:15.644+0000] {processor.py:925} INFO - DAG(s) 'tutorial_dag' retrieved from /home/airflow/.local/lib/python3.12/site-packages/airflow/example_dags/tutorial_dag.py
[2024-11-11T07:00:15.685+0000] {logging_mixin.py:190} INFO - [2024-11-11T07:00:15.685+0000] {dag.py:3239} INFO - Sync 1 DAGs
[2024-11-11T07:00:15.702+0000] {logging_mixin.py:190} INFO - [2024-11-11T07:00:15.702+0000] {dag.py:4180} INFO - Setting next_dagrun for tutorial_dag to None, run_after=None
[2024-11-11T07:00:15.747+0000] {processor.py:208} INFO - Processing /home/airflow/.local/lib/python3.12/site-packages/airflow/example_dags/tutorial_dag.py took 0.150 seconds
[2024-11-11T07:00:46.416+0000] {processor.py:186} INFO - Started process (PID=1601) to work on /home/airflow/.local/lib/python3.12/site-packages/airflow/example_dags/tutorial_dag.py
[2024-11-11T07:00:46.418+0000] {processor.py:914} INFO - Processing file /home/airflow/.local/lib/python3.12/site-packages/airflow/example_dags/tutorial_dag.py for tasks to queue
[2024-11-11T07:00:46.422+0000] {logging_mixin.py:190} INFO - [2024-11-11T07:00:46.422+0000] {dagbag.py:588} INFO - Filling up the DagBag from /home/airflow/.local/lib/python3.12/site-packages/airflow/example_dags/tutorial_dag.py
[2024-11-11T07:00:46.433+0000] {processor.py:925} INFO - DAG(s) 'tutorial_dag' retrieved from /home/airflow/.local/lib/python3.12/site-packages/airflow/example_dags/tutorial_dag.py
[2024-11-11T07:00:46.468+0000] {logging_mixin.py:190} INFO - [2024-11-11T07:00:46.468+0000] {dag.py:3239} INFO - Sync 1 DAGs
[2024-11-11T07:00:46.488+0000] {logging_mixin.py:190} INFO - [2024-11-11T07:00:46.488+0000] {dag.py:4180} INFO - Setting next_dagrun for tutorial_dag to None, run_after=None
[2024-11-11T07:00:46.517+0000] {processor.py:208} INFO - Processing /home/airflow/.local/lib/python3.12/site-packages/airflow/example_dags/tutorial_dag.py took 0.109 seconds
[2024-11-11T07:01:16.740+0000] {processor.py:186} INFO - Started process (PID=1665) to work on /home/airflow/.local/lib/python3.12/site-packages/airflow/example_dags/tutorial_dag.py
[2024-11-11T07:01:16.742+0000] {processor.py:914} INFO - Processing file /home/airflow/.local/lib/python3.12/site-packages/airflow/example_dags/tutorial_dag.py for tasks to queue
[2024-11-11T07:01:16.749+0000] {logging_mixin.py:190} INFO - [2024-11-11T07:01:16.749+0000] {dagbag.py:588} INFO - Filling up the DagBag from /home/airflow/.local/lib/python3.12/site-packages/airflow/example_dags/tutorial_dag.py
[2024-11-11T07:01:16.763+0000] {processor.py:925} INFO - DAG(s) 'tutorial_dag' retrieved from /home/airflow/.local/lib/python3.12/site-packages/airflow/example_dags/tutorial_dag.py
[2024-11-11T07:01:16.799+0000] {logging_mixin.py:190} INFO - [2024-11-11T07:01:16.799+0000] {dag.py:3239} INFO - Sync 1 DAGs
[2024-11-11T07:01:16.820+0000] {logging_mixin.py:190} INFO - [2024-11-11T07:01:16.820+0000] {dag.py:4180} INFO - Setting next_dagrun for tutorial_dag to None, run_after=None
[2024-11-11T07:01:16.852+0000] {processor.py:208} INFO - Processing /home/airflow/.local/lib/python3.12/site-packages/airflow/example_dags/tutorial_dag.py took 0.121 seconds
[2024-11-11T07:01:47.362+0000] {processor.py:186} INFO - Started process (PID=1729) to work on /home/airflow/.local/lib/python3.12/site-packages/airflow/example_dags/tutorial_dag.py
[2024-11-11T07:01:47.363+0000] {processor.py:914} INFO - Processing file /home/airflow/.local/lib/python3.12/site-packages/airflow/example_dags/tutorial_dag.py for tasks to queue
[2024-11-11T07:01:47.367+0000] {logging_mixin.py:190} INFO - [2024-11-11T07:01:47.367+0000] {dagbag.py:588} INFO - Filling up the DagBag from /home/airflow/.local/lib/python3.12/site-packages/airflow/example_dags/tutorial_dag.py
[2024-11-11T07:01:47.377+0000] {processor.py:925} INFO - DAG(s) 'tutorial_dag' retrieved from /home/airflow/.local/lib/python3.12/site-packages/airflow/example_dags/tutorial_dag.py
[2024-11-11T07:01:47.405+0000] {logging_mixin.py:190} INFO - [2024-11-11T07:01:47.405+0000] {dag.py:3239} INFO - Sync 1 DAGs
[2024-11-11T07:01:47.421+0000] {logging_mixin.py:190} INFO - [2024-11-11T07:01:47.421+0000] {dag.py:4180} INFO - Setting next_dagrun for tutorial_dag to None, run_after=None
[2024-11-11T07:01:47.448+0000] {processor.py:208} INFO - Processing /home/airflow/.local/lib/python3.12/site-packages/airflow/example_dags/tutorial_dag.py took 0.095 seconds
[2024-11-11T07:02:18.274+0000] {processor.py:186} INFO - Started process (PID=1793) to work on /home/airflow/.local/lib/python3.12/site-packages/airflow/example_dags/tutorial_dag.py
[2024-11-11T07:02:18.275+0000] {processor.py:914} INFO - Processing file /home/airflow/.local/lib/python3.12/site-packages/airflow/example_dags/tutorial_dag.py for tasks to queue
[2024-11-11T07:02:18.278+0000] {logging_mixin.py:190} INFO - [2024-11-11T07:02:18.278+0000] {dagbag.py:588} INFO - Filling up the DagBag from /home/airflow/.local/lib/python3.12/site-packages/airflow/example_dags/tutorial_dag.py
[2024-11-11T07:02:18.290+0000] {processor.py:925} INFO - DAG(s) 'tutorial_dag' retrieved from /home/airflow/.local/lib/python3.12/site-packages/airflow/example_dags/tutorial_dag.py
[2024-11-11T07:02:18.317+0000] {logging_mixin.py:190} INFO - [2024-11-11T07:02:18.316+0000] {dag.py:3239} INFO - Sync 1 DAGs
[2024-11-11T07:02:18.334+0000] {logging_mixin.py:190} INFO - [2024-11-11T07:02:18.333+0000] {dag.py:4180} INFO - Setting next_dagrun for tutorial_dag to None, run_after=None
[2024-11-11T07:02:18.361+0000] {processor.py:208} INFO - Processing /home/airflow/.local/lib/python3.12/site-packages/airflow/example_dags/tutorial_dag.py took 0.095 seconds
[2024-11-11T07:02:48.484+0000] {processor.py:186} INFO - Started process (PID=1857) to work on /home/airflow/.local/lib/python3.12/site-packages/airflow/example_dags/tutorial_dag.py
[2024-11-11T07:02:48.486+0000] {processor.py:914} INFO - Processing file /home/airflow/.local/lib/python3.12/site-packages/airflow/example_dags/tutorial_dag.py for tasks to queue
[2024-11-11T07:02:48.489+0000] {logging_mixin.py:190} INFO - [2024-11-11T07:02:48.489+0000] {dagbag.py:588} INFO - Filling up the DagBag from /home/airflow/.local/lib/python3.12/site-packages/airflow/example_dags/tutorial_dag.py
[2024-11-11T07:02:48.499+0000] {processor.py:925} INFO - DAG(s) 'tutorial_dag' retrieved from /home/airflow/.local/lib/python3.12/site-packages/airflow/example_dags/tutorial_dag.py
[2024-11-11T07:02:48.526+0000] {logging_mixin.py:190} INFO - [2024-11-11T07:02:48.526+0000] {dag.py:3239} INFO - Sync 1 DAGs
[2024-11-11T07:02:48.542+0000] {logging_mixin.py:190} INFO - [2024-11-11T07:02:48.542+0000] {dag.py:4180} INFO - Setting next_dagrun for tutorial_dag to None, run_after=None
[2024-11-11T07:02:48.570+0000] {processor.py:208} INFO - Processing /home/airflow/.local/lib/python3.12/site-packages/airflow/example_dags/tutorial_dag.py took 0.093 seconds
[2024-11-11T07:03:19.236+0000] {processor.py:186} INFO - Started process (PID=1921) to work on /home/airflow/.local/lib/python3.12/site-packages/airflow/example_dags/tutorial_dag.py
[2024-11-11T07:03:19.239+0000] {processor.py:914} INFO - Processing file /home/airflow/.local/lib/python3.12/site-packages/airflow/example_dags/tutorial_dag.py for tasks to queue
[2024-11-11T07:03:19.250+0000] {logging_mixin.py:190} INFO - [2024-11-11T07:03:19.248+0000] {dagbag.py:588} INFO - Filling up the DagBag from /home/airflow/.local/lib/python3.12/site-packages/airflow/example_dags/tutorial_dag.py
[2024-11-11T07:03:19.283+0000] {processor.py:925} INFO - DAG(s) 'tutorial_dag' retrieved from /home/airflow/.local/lib/python3.12/site-packages/airflow/example_dags/tutorial_dag.py
[2024-11-11T07:03:19.347+0000] {logging_mixin.py:190} INFO - [2024-11-11T07:03:19.346+0000] {dag.py:3239} INFO - Sync 1 DAGs
[2024-11-11T07:03:19.377+0000] {logging_mixin.py:190} INFO - [2024-11-11T07:03:19.377+0000] {dag.py:4180} INFO - Setting next_dagrun for tutorial_dag to None, run_after=None
[2024-11-11T07:03:19.424+0000] {processor.py:208} INFO - Processing /home/airflow/.local/lib/python3.12/site-packages/airflow/example_dags/tutorial_dag.py took 0.214 seconds
