[2024-11-11T06:48:15.824+0000] {processor.py:186} INFO - Started process (PID=36) to work on /home/airflow/.local/lib/python3.12/site-packages/airflow/example_dags/tutorial.py
[2024-11-11T06:48:15.827+0000] {processor.py:914} INFO - Processing file /home/airflow/.local/lib/python3.12/site-packages/airflow/example_dags/tutorial.py for tasks to queue
[2024-11-11T06:48:15.832+0000] {logging_mixin.py:190} INFO - [2024-11-11T06:48:15.831+0000] {dagbag.py:588} INFO - Filling up the DagBag from /home/airflow/.local/lib/python3.12/site-packages/airflow/example_dags/tutorial.py
[2024-11-11T06:48:15.863+0000] {processor.py:925} INFO - DAG(s) 'tutorial' retrieved from /home/airflow/.local/lib/python3.12/site-packages/airflow/example_dags/tutorial.py
[2024-11-11T06:48:16.032+0000] {logging_mixin.py:190} INFO - [2024-11-11T06:48:16.032+0000] {override.py:1911} INFO - Created Permission View: can read on DAG:tutorial
[2024-11-11T06:48:16.049+0000] {logging_mixin.py:190} INFO - [2024-11-11T06:48:16.048+0000] {override.py:1911} INFO - Created Permission View: can delete on DAG:tutorial
[2024-11-11T06:48:16.059+0000] {logging_mixin.py:190} INFO - [2024-11-11T06:48:16.059+0000] {override.py:1911} INFO - Created Permission View: can edit on DAG:tutorial
[2024-11-11T06:48:16.072+0000] {logging_mixin.py:190} INFO - [2024-11-11T06:48:16.072+0000] {override.py:1911} INFO - Created Permission View: menu access on DAG Run:tutorial
[2024-11-11T06:48:16.087+0000] {logging_mixin.py:190} INFO - [2024-11-11T06:48:16.086+0000] {override.py:1911} INFO - Created Permission View: can read on DAG Run:tutorial
[2024-11-11T06:48:16.097+0000] {logging_mixin.py:190} INFO - [2024-11-11T06:48:16.097+0000] {override.py:1911} INFO - Created Permission View: can delete on DAG Run:tutorial
[2024-11-11T06:48:16.109+0000] {logging_mixin.py:190} INFO - [2024-11-11T06:48:16.108+0000] {override.py:1911} INFO - Created Permission View: can create on DAG Run:tutorial
[2024-11-11T06:48:16.110+0000] {logging_mixin.py:190} INFO - [2024-11-11T06:48:16.110+0000] {dag.py:3239} INFO - Sync 1 DAGs
[2024-11-11T06:48:16.127+0000] {logging_mixin.py:190} INFO - [2024-11-11T06:48:16.126+0000] {dag.py:3262} INFO - Creating ORM DAG for tutorial
[2024-11-11T06:48:16.144+0000] {logging_mixin.py:190} INFO - [2024-11-11T06:48:16.143+0000] {dag.py:4180} INFO - Setting next_dagrun for tutorial to 2024-11-10 00:00:00+00:00, run_after=2024-11-11 00:00:00+00:00
[2024-11-11T06:48:16.173+0000] {processor.py:208} INFO - Processing /home/airflow/.local/lib/python3.12/site-packages/airflow/example_dags/tutorial.py took 0.357 seconds
[2024-11-11T06:48:47.172+0000] {processor.py:186} INFO - Started process (PID=100) to work on /home/airflow/.local/lib/python3.12/site-packages/airflow/example_dags/tutorial.py
[2024-11-11T06:48:47.181+0000] {processor.py:914} INFO - Processing file /home/airflow/.local/lib/python3.12/site-packages/airflow/example_dags/tutorial.py for tasks to queue
[2024-11-11T06:48:47.194+0000] {logging_mixin.py:190} INFO - [2024-11-11T06:48:47.194+0000] {dagbag.py:588} INFO - Filling up the DagBag from /home/airflow/.local/lib/python3.12/site-packages/airflow/example_dags/tutorial.py
[2024-11-11T06:48:47.339+0000] {processor.py:925} INFO - DAG(s) 'tutorial' retrieved from /home/airflow/.local/lib/python3.12/site-packages/airflow/example_dags/tutorial.py
[2024-11-11T06:48:48.400+0000] {logging_mixin.py:190} INFO - [2024-11-11T06:48:48.399+0000] {dag.py:3239} INFO - Sync 1 DAGs
[2024-11-11T06:48:48.506+0000] {logging_mixin.py:190} INFO - [2024-11-11T06:48:48.505+0000] {dag.py:4180} INFO - Setting next_dagrun for tutorial to 2024-11-10 00:00:00+00:00, run_after=2024-11-11 00:00:00+00:00
[2024-11-11T06:48:48.556+0000] {processor.py:208} INFO - Processing /home/airflow/.local/lib/python3.12/site-packages/airflow/example_dags/tutorial.py took 1.412 seconds
[2024-11-11T06:49:19.337+0000] {processor.py:186} INFO - Started process (PID=170) to work on /home/airflow/.local/lib/python3.12/site-packages/airflow/example_dags/tutorial.py
[2024-11-11T06:49:19.339+0000] {processor.py:914} INFO - Processing file /home/airflow/.local/lib/python3.12/site-packages/airflow/example_dags/tutorial.py for tasks to queue
[2024-11-11T06:49:19.345+0000] {logging_mixin.py:190} INFO - [2024-11-11T06:49:19.345+0000] {dagbag.py:588} INFO - Filling up the DagBag from /home/airflow/.local/lib/python3.12/site-packages/airflow/example_dags/tutorial.py
[2024-11-11T06:49:19.362+0000] {processor.py:925} INFO - DAG(s) 'tutorial' retrieved from /home/airflow/.local/lib/python3.12/site-packages/airflow/example_dags/tutorial.py
[2024-11-11T06:49:19.402+0000] {logging_mixin.py:190} INFO - [2024-11-11T06:49:19.402+0000] {dag.py:3239} INFO - Sync 1 DAGs
[2024-11-11T06:49:19.447+0000] {logging_mixin.py:190} INFO - [2024-11-11T06:49:19.446+0000] {dag.py:4180} INFO - Setting next_dagrun for tutorial to 2024-11-10 00:00:00+00:00, run_after=2024-11-11 00:00:00+00:00
[2024-11-11T06:49:19.478+0000] {processor.py:208} INFO - Processing /home/airflow/.local/lib/python3.12/site-packages/airflow/example_dags/tutorial.py took 0.157 seconds
[2024-11-11T06:49:49.883+0000] {processor.py:186} INFO - Started process (PID=234) to work on /home/airflow/.local/lib/python3.12/site-packages/airflow/example_dags/tutorial.py
[2024-11-11T06:49:49.889+0000] {processor.py:914} INFO - Processing file /home/airflow/.local/lib/python3.12/site-packages/airflow/example_dags/tutorial.py for tasks to queue
[2024-11-11T06:49:49.900+0000] {logging_mixin.py:190} INFO - [2024-11-11T06:49:49.899+0000] {dagbag.py:588} INFO - Filling up the DagBag from /home/airflow/.local/lib/python3.12/site-packages/airflow/example_dags/tutorial.py
[2024-11-11T06:49:49.969+0000] {processor.py:925} INFO - DAG(s) 'tutorial' retrieved from /home/airflow/.local/lib/python3.12/site-packages/airflow/example_dags/tutorial.py
[2024-11-11T06:49:50.067+0000] {logging_mixin.py:190} INFO - [2024-11-11T06:49:50.067+0000] {dag.py:3239} INFO - Sync 1 DAGs
[2024-11-11T06:49:50.127+0000] {logging_mixin.py:190} INFO - [2024-11-11T06:49:50.127+0000] {dag.py:4180} INFO - Setting next_dagrun for tutorial to 2024-11-10 00:00:00+00:00, run_after=2024-11-11 00:00:00+00:00
[2024-11-11T06:49:50.188+0000] {processor.py:208} INFO - Processing /home/airflow/.local/lib/python3.12/site-packages/airflow/example_dags/tutorial.py took 0.333 seconds
[2024-11-11T06:50:20.461+0000] {processor.py:186} INFO - Started process (PID=298) to work on /home/airflow/.local/lib/python3.12/site-packages/airflow/example_dags/tutorial.py
[2024-11-11T06:50:20.474+0000] {processor.py:914} INFO - Processing file /home/airflow/.local/lib/python3.12/site-packages/airflow/example_dags/tutorial.py for tasks to queue
[2024-11-11T06:50:20.485+0000] {logging_mixin.py:190} INFO - [2024-11-11T06:50:20.484+0000] {dagbag.py:588} INFO - Filling up the DagBag from /home/airflow/.local/lib/python3.12/site-packages/airflow/example_dags/tutorial.py
[2024-11-11T06:50:20.612+0000] {processor.py:925} INFO - DAG(s) 'tutorial' retrieved from /home/airflow/.local/lib/python3.12/site-packages/airflow/example_dags/tutorial.py
[2024-11-11T06:50:20.827+0000] {logging_mixin.py:190} INFO - [2024-11-11T06:50:20.826+0000] {dag.py:3239} INFO - Sync 1 DAGs
[2024-11-11T06:50:20.986+0000] {logging_mixin.py:190} INFO - [2024-11-11T06:50:20.986+0000] {dag.py:4180} INFO - Setting next_dagrun for tutorial to 2024-11-10 00:00:00+00:00, run_after=2024-11-11 00:00:00+00:00
[2024-11-11T06:50:21.074+0000] {processor.py:208} INFO - Processing /home/airflow/.local/lib/python3.12/site-packages/airflow/example_dags/tutorial.py took 0.735 seconds
[2024-11-11T06:50:51.149+0000] {processor.py:186} INFO - Started process (PID=362) to work on /home/airflow/.local/lib/python3.12/site-packages/airflow/example_dags/tutorial.py
[2024-11-11T06:50:51.152+0000] {processor.py:914} INFO - Processing file /home/airflow/.local/lib/python3.12/site-packages/airflow/example_dags/tutorial.py for tasks to queue
[2024-11-11T06:50:51.159+0000] {logging_mixin.py:190} INFO - [2024-11-11T06:50:51.158+0000] {dagbag.py:588} INFO - Filling up the DagBag from /home/airflow/.local/lib/python3.12/site-packages/airflow/example_dags/tutorial.py
[2024-11-11T06:50:51.180+0000] {processor.py:925} INFO - DAG(s) 'tutorial' retrieved from /home/airflow/.local/lib/python3.12/site-packages/airflow/example_dags/tutorial.py
[2024-11-11T06:50:51.239+0000] {logging_mixin.py:190} INFO - [2024-11-11T06:50:51.239+0000] {dag.py:3239} INFO - Sync 1 DAGs
[2024-11-11T06:50:51.286+0000] {logging_mixin.py:190} INFO - [2024-11-11T06:50:51.286+0000] {dag.py:4180} INFO - Setting next_dagrun for tutorial to 2024-11-10 00:00:00+00:00, run_after=2024-11-11 00:00:00+00:00
[2024-11-11T06:50:51.331+0000] {processor.py:208} INFO - Processing /home/airflow/.local/lib/python3.12/site-packages/airflow/example_dags/tutorial.py took 0.193 seconds
[2024-11-11T06:51:21.582+0000] {processor.py:186} INFO - Started process (PID=426) to work on /home/airflow/.local/lib/python3.12/site-packages/airflow/example_dags/tutorial.py
[2024-11-11T06:51:21.583+0000] {processor.py:914} INFO - Processing file /home/airflow/.local/lib/python3.12/site-packages/airflow/example_dags/tutorial.py for tasks to queue
[2024-11-11T06:51:21.589+0000] {logging_mixin.py:190} INFO - [2024-11-11T06:51:21.589+0000] {dagbag.py:588} INFO - Filling up the DagBag from /home/airflow/.local/lib/python3.12/site-packages/airflow/example_dags/tutorial.py
[2024-11-11T06:51:21.608+0000] {processor.py:925} INFO - DAG(s) 'tutorial' retrieved from /home/airflow/.local/lib/python3.12/site-packages/airflow/example_dags/tutorial.py
[2024-11-11T06:51:21.651+0000] {logging_mixin.py:190} INFO - [2024-11-11T06:51:21.650+0000] {dag.py:3239} INFO - Sync 1 DAGs
[2024-11-11T06:51:21.710+0000] {logging_mixin.py:190} INFO - [2024-11-11T06:51:21.709+0000] {dag.py:4180} INFO - Setting next_dagrun for tutorial to 2024-11-10 00:00:00+00:00, run_after=2024-11-11 00:00:00+00:00
[2024-11-11T06:51:21.770+0000] {processor.py:208} INFO - Processing /home/airflow/.local/lib/python3.12/site-packages/airflow/example_dags/tutorial.py took 0.197 seconds
[2024-11-11T06:51:51.922+0000] {processor.py:186} INFO - Started process (PID=490) to work on /home/airflow/.local/lib/python3.12/site-packages/airflow/example_dags/tutorial.py
[2024-11-11T06:51:51.925+0000] {processor.py:914} INFO - Processing file /home/airflow/.local/lib/python3.12/site-packages/airflow/example_dags/tutorial.py for tasks to queue
[2024-11-11T06:51:51.931+0000] {logging_mixin.py:190} INFO - [2024-11-11T06:51:51.931+0000] {dagbag.py:588} INFO - Filling up the DagBag from /home/airflow/.local/lib/python3.12/site-packages/airflow/example_dags/tutorial.py
[2024-11-11T06:51:51.953+0000] {processor.py:925} INFO - DAG(s) 'tutorial' retrieved from /home/airflow/.local/lib/python3.12/site-packages/airflow/example_dags/tutorial.py
[2024-11-11T06:51:52.030+0000] {logging_mixin.py:190} INFO - [2024-11-11T06:51:52.029+0000] {dag.py:3239} INFO - Sync 1 DAGs
[2024-11-11T06:51:52.090+0000] {logging_mixin.py:190} INFO - [2024-11-11T06:51:52.089+0000] {dag.py:4180} INFO - Setting next_dagrun for tutorial to 2024-11-10 00:00:00+00:00, run_after=2024-11-11 00:00:00+00:00
[2024-11-11T06:51:52.131+0000] {processor.py:208} INFO - Processing /home/airflow/.local/lib/python3.12/site-packages/airflow/example_dags/tutorial.py took 0.228 seconds
[2024-11-11T06:52:22.870+0000] {processor.py:186} INFO - Started process (PID=554) to work on /home/airflow/.local/lib/python3.12/site-packages/airflow/example_dags/tutorial.py
[2024-11-11T06:52:22.873+0000] {processor.py:914} INFO - Processing file /home/airflow/.local/lib/python3.12/site-packages/airflow/example_dags/tutorial.py for tasks to queue
[2024-11-11T06:52:22.881+0000] {logging_mixin.py:190} INFO - [2024-11-11T06:52:22.881+0000] {dagbag.py:588} INFO - Filling up the DagBag from /home/airflow/.local/lib/python3.12/site-packages/airflow/example_dags/tutorial.py
[2024-11-11T06:52:22.911+0000] {processor.py:925} INFO - DAG(s) 'tutorial' retrieved from /home/airflow/.local/lib/python3.12/site-packages/airflow/example_dags/tutorial.py
[2024-11-11T06:52:22.994+0000] {logging_mixin.py:190} INFO - [2024-11-11T06:52:22.993+0000] {dag.py:3239} INFO - Sync 1 DAGs
[2024-11-11T06:52:23.251+0000] {logging_mixin.py:190} INFO - [2024-11-11T06:52:23.251+0000] {dag.py:4180} INFO - Setting next_dagrun for tutorial to 2024-11-10 00:00:00+00:00, run_after=2024-11-11 00:00:00+00:00
[2024-11-11T06:52:23.329+0000] {processor.py:208} INFO - Processing /home/airflow/.local/lib/python3.12/site-packages/airflow/example_dags/tutorial.py took 0.477 seconds
[2024-11-11T06:52:54.025+0000] {processor.py:186} INFO - Started process (PID=618) to work on /home/airflow/.local/lib/python3.12/site-packages/airflow/example_dags/tutorial.py
[2024-11-11T06:52:54.027+0000] {processor.py:914} INFO - Processing file /home/airflow/.local/lib/python3.12/site-packages/airflow/example_dags/tutorial.py for tasks to queue
[2024-11-11T06:52:54.031+0000] {logging_mixin.py:190} INFO - [2024-11-11T06:52:54.030+0000] {dagbag.py:588} INFO - Filling up the DagBag from /home/airflow/.local/lib/python3.12/site-packages/airflow/example_dags/tutorial.py
[2024-11-11T06:52:54.047+0000] {processor.py:925} INFO - DAG(s) 'tutorial' retrieved from /home/airflow/.local/lib/python3.12/site-packages/airflow/example_dags/tutorial.py
[2024-11-11T06:52:54.089+0000] {logging_mixin.py:190} INFO - [2024-11-11T06:52:54.088+0000] {dag.py:3239} INFO - Sync 1 DAGs
[2024-11-11T06:52:54.134+0000] {logging_mixin.py:190} INFO - [2024-11-11T06:52:54.133+0000] {dag.py:4180} INFO - Setting next_dagrun for tutorial to 2024-11-10 00:00:00+00:00, run_after=2024-11-11 00:00:00+00:00
[2024-11-11T06:52:54.177+0000] {processor.py:208} INFO - Processing /home/airflow/.local/lib/python3.12/site-packages/airflow/example_dags/tutorial.py took 0.165 seconds
[2024-11-11T06:53:24.643+0000] {processor.py:186} INFO - Started process (PID=681) to work on /home/airflow/.local/lib/python3.12/site-packages/airflow/example_dags/tutorial.py
[2024-11-11T06:53:24.645+0000] {processor.py:914} INFO - Processing file /home/airflow/.local/lib/python3.12/site-packages/airflow/example_dags/tutorial.py for tasks to queue
[2024-11-11T06:53:24.649+0000] {logging_mixin.py:190} INFO - [2024-11-11T06:53:24.648+0000] {dagbag.py:588} INFO - Filling up the DagBag from /home/airflow/.local/lib/python3.12/site-packages/airflow/example_dags/tutorial.py
[2024-11-11T06:53:24.663+0000] {processor.py:925} INFO - DAG(s) 'tutorial' retrieved from /home/airflow/.local/lib/python3.12/site-packages/airflow/example_dags/tutorial.py
[2024-11-11T06:53:24.711+0000] {logging_mixin.py:190} INFO - [2024-11-11T06:53:24.710+0000] {dag.py:3239} INFO - Sync 1 DAGs
[2024-11-11T06:53:24.752+0000] {logging_mixin.py:190} INFO - [2024-11-11T06:53:24.752+0000] {dag.py:4180} INFO - Setting next_dagrun for tutorial to 2024-11-10 00:00:00+00:00, run_after=2024-11-11 00:00:00+00:00
[2024-11-11T06:53:24.785+0000] {processor.py:208} INFO - Processing /home/airflow/.local/lib/python3.12/site-packages/airflow/example_dags/tutorial.py took 0.152 seconds
[2024-11-11T06:53:55.281+0000] {processor.py:186} INFO - Started process (PID=745) to work on /home/airflow/.local/lib/python3.12/site-packages/airflow/example_dags/tutorial.py
[2024-11-11T06:53:55.283+0000] {processor.py:914} INFO - Processing file /home/airflow/.local/lib/python3.12/site-packages/airflow/example_dags/tutorial.py for tasks to queue
[2024-11-11T06:53:55.289+0000] {logging_mixin.py:190} INFO - [2024-11-11T06:53:55.288+0000] {dagbag.py:588} INFO - Filling up the DagBag from /home/airflow/.local/lib/python3.12/site-packages/airflow/example_dags/tutorial.py
[2024-11-11T06:53:55.303+0000] {processor.py:925} INFO - DAG(s) 'tutorial' retrieved from /home/airflow/.local/lib/python3.12/site-packages/airflow/example_dags/tutorial.py
[2024-11-11T06:53:55.341+0000] {logging_mixin.py:190} INFO - [2024-11-11T06:53:55.341+0000] {dag.py:3239} INFO - Sync 1 DAGs
[2024-11-11T06:53:55.377+0000] {logging_mixin.py:190} INFO - [2024-11-11T06:53:55.376+0000] {dag.py:4180} INFO - Setting next_dagrun for tutorial to 2024-11-10 00:00:00+00:00, run_after=2024-11-11 00:00:00+00:00
[2024-11-11T06:53:55.406+0000] {processor.py:208} INFO - Processing /home/airflow/.local/lib/python3.12/site-packages/airflow/example_dags/tutorial.py took 0.137 seconds
[2024-11-11T06:54:25.712+0000] {processor.py:186} INFO - Started process (PID=809) to work on /home/airflow/.local/lib/python3.12/site-packages/airflow/example_dags/tutorial.py
[2024-11-11T06:54:25.715+0000] {processor.py:914} INFO - Processing file /home/airflow/.local/lib/python3.12/site-packages/airflow/example_dags/tutorial.py for tasks to queue
[2024-11-11T06:54:25.720+0000] {logging_mixin.py:190} INFO - [2024-11-11T06:54:25.720+0000] {dagbag.py:588} INFO - Filling up the DagBag from /home/airflow/.local/lib/python3.12/site-packages/airflow/example_dags/tutorial.py
[2024-11-11T06:54:25.738+0000] {processor.py:925} INFO - DAG(s) 'tutorial' retrieved from /home/airflow/.local/lib/python3.12/site-packages/airflow/example_dags/tutorial.py
[2024-11-11T06:54:25.783+0000] {logging_mixin.py:190} INFO - [2024-11-11T06:54:25.782+0000] {dag.py:3239} INFO - Sync 1 DAGs
[2024-11-11T06:54:25.829+0000] {logging_mixin.py:190} INFO - [2024-11-11T06:54:25.828+0000] {dag.py:4180} INFO - Setting next_dagrun for tutorial to 2024-11-10 00:00:00+00:00, run_after=2024-11-11 00:00:00+00:00
[2024-11-11T06:54:25.869+0000] {processor.py:208} INFO - Processing /home/airflow/.local/lib/python3.12/site-packages/airflow/example_dags/tutorial.py took 0.170 seconds
[2024-11-11T06:54:56.925+0000] {processor.py:186} INFO - Started process (PID=873) to work on /home/airflow/.local/lib/python3.12/site-packages/airflow/example_dags/tutorial.py
[2024-11-11T06:54:56.927+0000] {processor.py:914} INFO - Processing file /home/airflow/.local/lib/python3.12/site-packages/airflow/example_dags/tutorial.py for tasks to queue
[2024-11-11T06:54:56.931+0000] {logging_mixin.py:190} INFO - [2024-11-11T06:54:56.930+0000] {dagbag.py:588} INFO - Filling up the DagBag from /home/airflow/.local/lib/python3.12/site-packages/airflow/example_dags/tutorial.py
[2024-11-11T06:54:56.947+0000] {processor.py:925} INFO - DAG(s) 'tutorial' retrieved from /home/airflow/.local/lib/python3.12/site-packages/airflow/example_dags/tutorial.py
[2024-11-11T06:54:56.981+0000] {logging_mixin.py:190} INFO - [2024-11-11T06:54:56.980+0000] {dag.py:3239} INFO - Sync 1 DAGs
[2024-11-11T06:54:57.014+0000] {logging_mixin.py:190} INFO - [2024-11-11T06:54:57.014+0000] {dag.py:4180} INFO - Setting next_dagrun for tutorial to 2024-11-10 00:00:00+00:00, run_after=2024-11-11 00:00:00+00:00
[2024-11-11T06:54:57.046+0000] {processor.py:208} INFO - Processing /home/airflow/.local/lib/python3.12/site-packages/airflow/example_dags/tutorial.py took 0.135 seconds
[2024-11-11T06:55:27.533+0000] {processor.py:186} INFO - Started process (PID=937) to work on /home/airflow/.local/lib/python3.12/site-packages/airflow/example_dags/tutorial.py
[2024-11-11T06:55:27.535+0000] {processor.py:914} INFO - Processing file /home/airflow/.local/lib/python3.12/site-packages/airflow/example_dags/tutorial.py for tasks to queue
[2024-11-11T06:55:27.538+0000] {logging_mixin.py:190} INFO - [2024-11-11T06:55:27.538+0000] {dagbag.py:588} INFO - Filling up the DagBag from /home/airflow/.local/lib/python3.12/site-packages/airflow/example_dags/tutorial.py
[2024-11-11T06:55:27.550+0000] {processor.py:925} INFO - DAG(s) 'tutorial' retrieved from /home/airflow/.local/lib/python3.12/site-packages/airflow/example_dags/tutorial.py
[2024-11-11T06:55:27.589+0000] {logging_mixin.py:190} INFO - [2024-11-11T06:55:27.588+0000] {dag.py:3239} INFO - Sync 1 DAGs
[2024-11-11T06:55:27.631+0000] {logging_mixin.py:190} INFO - [2024-11-11T06:55:27.631+0000] {dag.py:4180} INFO - Setting next_dagrun for tutorial to 2024-11-10 00:00:00+00:00, run_after=2024-11-11 00:00:00+00:00
[2024-11-11T06:55:27.662+0000] {processor.py:208} INFO - Processing /home/airflow/.local/lib/python3.12/site-packages/airflow/example_dags/tutorial.py took 0.138 seconds
[2024-11-11T06:55:58.446+0000] {processor.py:186} INFO - Started process (PID=1001) to work on /home/airflow/.local/lib/python3.12/site-packages/airflow/example_dags/tutorial.py
[2024-11-11T06:55:58.448+0000] {processor.py:914} INFO - Processing file /home/airflow/.local/lib/python3.12/site-packages/airflow/example_dags/tutorial.py for tasks to queue
[2024-11-11T06:55:58.454+0000] {logging_mixin.py:190} INFO - [2024-11-11T06:55:58.453+0000] {dagbag.py:588} INFO - Filling up the DagBag from /home/airflow/.local/lib/python3.12/site-packages/airflow/example_dags/tutorial.py
[2024-11-11T06:55:58.469+0000] {processor.py:925} INFO - DAG(s) 'tutorial' retrieved from /home/airflow/.local/lib/python3.12/site-packages/airflow/example_dags/tutorial.py
[2024-11-11T06:55:58.503+0000] {logging_mixin.py:190} INFO - [2024-11-11T06:55:58.502+0000] {dag.py:3239} INFO - Sync 1 DAGs
[2024-11-11T06:55:58.539+0000] {logging_mixin.py:190} INFO - [2024-11-11T06:55:58.538+0000] {dag.py:4180} INFO - Setting next_dagrun for tutorial to 2024-11-10 00:00:00+00:00, run_after=2024-11-11 00:00:00+00:00
[2024-11-11T06:55:58.571+0000] {processor.py:208} INFO - Processing /home/airflow/.local/lib/python3.12/site-packages/airflow/example_dags/tutorial.py took 0.135 seconds
[2024-11-11T06:56:28.625+0000] {processor.py:186} INFO - Started process (PID=1065) to work on /home/airflow/.local/lib/python3.12/site-packages/airflow/example_dags/tutorial.py
[2024-11-11T06:56:28.627+0000] {processor.py:914} INFO - Processing file /home/airflow/.local/lib/python3.12/site-packages/airflow/example_dags/tutorial.py for tasks to queue
[2024-11-11T06:56:28.632+0000] {logging_mixin.py:190} INFO - [2024-11-11T06:56:28.631+0000] {dagbag.py:588} INFO - Filling up the DagBag from /home/airflow/.local/lib/python3.12/site-packages/airflow/example_dags/tutorial.py
[2024-11-11T06:56:28.644+0000] {processor.py:925} INFO - DAG(s) 'tutorial' retrieved from /home/airflow/.local/lib/python3.12/site-packages/airflow/example_dags/tutorial.py
[2024-11-11T06:56:28.686+0000] {logging_mixin.py:190} INFO - [2024-11-11T06:56:28.685+0000] {dag.py:3239} INFO - Sync 1 DAGs
[2024-11-11T06:56:28.722+0000] {logging_mixin.py:190} INFO - [2024-11-11T06:56:28.721+0000] {dag.py:4180} INFO - Setting next_dagrun for tutorial to 2024-11-10 00:00:00+00:00, run_after=2024-11-11 00:00:00+00:00
[2024-11-11T06:56:28.759+0000] {processor.py:208} INFO - Processing /home/airflow/.local/lib/python3.12/site-packages/airflow/example_dags/tutorial.py took 0.143 seconds
[2024-11-11T06:56:58.882+0000] {processor.py:186} INFO - Started process (PID=1129) to work on /home/airflow/.local/lib/python3.12/site-packages/airflow/example_dags/tutorial.py
[2024-11-11T06:56:58.884+0000] {processor.py:914} INFO - Processing file /home/airflow/.local/lib/python3.12/site-packages/airflow/example_dags/tutorial.py for tasks to queue
[2024-11-11T06:56:58.889+0000] {logging_mixin.py:190} INFO - [2024-11-11T06:56:58.889+0000] {dagbag.py:588} INFO - Filling up the DagBag from /home/airflow/.local/lib/python3.12/site-packages/airflow/example_dags/tutorial.py
[2024-11-11T06:56:58.904+0000] {processor.py:925} INFO - DAG(s) 'tutorial' retrieved from /home/airflow/.local/lib/python3.12/site-packages/airflow/example_dags/tutorial.py
[2024-11-11T06:56:58.942+0000] {logging_mixin.py:190} INFO - [2024-11-11T06:56:58.941+0000] {dag.py:3239} INFO - Sync 1 DAGs
[2024-11-11T06:56:58.992+0000] {logging_mixin.py:190} INFO - [2024-11-11T06:56:58.991+0000] {dag.py:4180} INFO - Setting next_dagrun for tutorial to 2024-11-10 00:00:00+00:00, run_after=2024-11-11 00:00:00+00:00
[2024-11-11T06:56:59.078+0000] {processor.py:208} INFO - Processing /home/airflow/.local/lib/python3.12/site-packages/airflow/example_dags/tutorial.py took 0.205 seconds
[2024-11-11T06:57:29.413+0000] {processor.py:186} INFO - Started process (PID=1192) to work on /home/airflow/.local/lib/python3.12/site-packages/airflow/example_dags/tutorial.py
[2024-11-11T06:57:29.416+0000] {processor.py:914} INFO - Processing file /home/airflow/.local/lib/python3.12/site-packages/airflow/example_dags/tutorial.py for tasks to queue
[2024-11-11T06:57:29.423+0000] {logging_mixin.py:190} INFO - [2024-11-11T06:57:29.422+0000] {dagbag.py:588} INFO - Filling up the DagBag from /home/airflow/.local/lib/python3.12/site-packages/airflow/example_dags/tutorial.py
[2024-11-11T06:57:29.437+0000] {processor.py:925} INFO - DAG(s) 'tutorial' retrieved from /home/airflow/.local/lib/python3.12/site-packages/airflow/example_dags/tutorial.py
[2024-11-11T06:57:29.486+0000] {logging_mixin.py:190} INFO - [2024-11-11T06:57:29.486+0000] {dag.py:3239} INFO - Sync 1 DAGs
[2024-11-11T06:57:29.532+0000] {logging_mixin.py:190} INFO - [2024-11-11T06:57:29.532+0000] {dag.py:4180} INFO - Setting next_dagrun for tutorial to 2024-11-10 00:00:00+00:00, run_after=2024-11-11 00:00:00+00:00
[2024-11-11T06:57:29.569+0000] {processor.py:208} INFO - Processing /home/airflow/.local/lib/python3.12/site-packages/airflow/example_dags/tutorial.py took 0.165 seconds
[2024-11-11T06:58:00.109+0000] {processor.py:186} INFO - Started process (PID=1256) to work on /home/airflow/.local/lib/python3.12/site-packages/airflow/example_dags/tutorial.py
[2024-11-11T06:58:00.111+0000] {processor.py:914} INFO - Processing file /home/airflow/.local/lib/python3.12/site-packages/airflow/example_dags/tutorial.py for tasks to queue
[2024-11-11T06:58:00.115+0000] {logging_mixin.py:190} INFO - [2024-11-11T06:58:00.115+0000] {dagbag.py:588} INFO - Filling up the DagBag from /home/airflow/.local/lib/python3.12/site-packages/airflow/example_dags/tutorial.py
[2024-11-11T06:58:00.133+0000] {processor.py:925} INFO - DAG(s) 'tutorial' retrieved from /home/airflow/.local/lib/python3.12/site-packages/airflow/example_dags/tutorial.py
[2024-11-11T06:58:00.172+0000] {logging_mixin.py:190} INFO - [2024-11-11T06:58:00.171+0000] {dag.py:3239} INFO - Sync 1 DAGs
[2024-11-11T06:58:00.216+0000] {logging_mixin.py:190} INFO - [2024-11-11T06:58:00.216+0000] {dag.py:4180} INFO - Setting next_dagrun for tutorial to 2024-11-10 00:00:00+00:00, run_after=2024-11-11 00:00:00+00:00
[2024-11-11T06:58:00.249+0000] {processor.py:208} INFO - Processing /home/airflow/.local/lib/python3.12/site-packages/airflow/example_dags/tutorial.py took 0.151 seconds
[2024-11-11T06:58:30.475+0000] {processor.py:186} INFO - Started process (PID=1320) to work on /home/airflow/.local/lib/python3.12/site-packages/airflow/example_dags/tutorial.py
[2024-11-11T06:58:30.477+0000] {processor.py:914} INFO - Processing file /home/airflow/.local/lib/python3.12/site-packages/airflow/example_dags/tutorial.py for tasks to queue
[2024-11-11T06:58:30.480+0000] {logging_mixin.py:190} INFO - [2024-11-11T06:58:30.480+0000] {dagbag.py:588} INFO - Filling up the DagBag from /home/airflow/.local/lib/python3.12/site-packages/airflow/example_dags/tutorial.py
[2024-11-11T06:58:30.493+0000] {processor.py:925} INFO - DAG(s) 'tutorial' retrieved from /home/airflow/.local/lib/python3.12/site-packages/airflow/example_dags/tutorial.py
[2024-11-11T06:58:30.527+0000] {logging_mixin.py:190} INFO - [2024-11-11T06:58:30.526+0000] {dag.py:3239} INFO - Sync 1 DAGs
[2024-11-11T06:58:30.561+0000] {logging_mixin.py:190} INFO - [2024-11-11T06:58:30.561+0000] {dag.py:4180} INFO - Setting next_dagrun for tutorial to 2024-11-10 00:00:00+00:00, run_after=2024-11-11 00:00:00+00:00
[2024-11-11T06:58:30.599+0000] {processor.py:208} INFO - Processing /home/airflow/.local/lib/python3.12/site-packages/airflow/example_dags/tutorial.py took 0.131 seconds
[2024-11-11T06:59:00.727+0000] {processor.py:186} INFO - Started process (PID=1384) to work on /home/airflow/.local/lib/python3.12/site-packages/airflow/example_dags/tutorial.py
[2024-11-11T06:59:00.729+0000] {processor.py:914} INFO - Processing file /home/airflow/.local/lib/python3.12/site-packages/airflow/example_dags/tutorial.py for tasks to queue
[2024-11-11T06:59:00.736+0000] {logging_mixin.py:190} INFO - [2024-11-11T06:59:00.735+0000] {dagbag.py:588} INFO - Filling up the DagBag from /home/airflow/.local/lib/python3.12/site-packages/airflow/example_dags/tutorial.py
[2024-11-11T06:59:00.751+0000] {processor.py:925} INFO - DAG(s) 'tutorial' retrieved from /home/airflow/.local/lib/python3.12/site-packages/airflow/example_dags/tutorial.py
[2024-11-11T06:59:00.792+0000] {logging_mixin.py:190} INFO - [2024-11-11T06:59:00.792+0000] {dag.py:3239} INFO - Sync 1 DAGs
[2024-11-11T06:59:00.835+0000] {logging_mixin.py:190} INFO - [2024-11-11T06:59:00.834+0000] {dag.py:4180} INFO - Setting next_dagrun for tutorial to 2024-11-10 00:00:00+00:00, run_after=2024-11-11 00:00:00+00:00
[2024-11-11T06:59:00.880+0000] {processor.py:208} INFO - Processing /home/airflow/.local/lib/python3.12/site-packages/airflow/example_dags/tutorial.py took 0.164 seconds
[2024-11-11T06:59:31.721+0000] {processor.py:186} INFO - Started process (PID=1447) to work on /home/airflow/.local/lib/python3.12/site-packages/airflow/example_dags/tutorial.py
[2024-11-11T06:59:31.722+0000] {processor.py:914} INFO - Processing file /home/airflow/.local/lib/python3.12/site-packages/airflow/example_dags/tutorial.py for tasks to queue
[2024-11-11T06:59:31.726+0000] {logging_mixin.py:190} INFO - [2024-11-11T06:59:31.726+0000] {dagbag.py:588} INFO - Filling up the DagBag from /home/airflow/.local/lib/python3.12/site-packages/airflow/example_dags/tutorial.py
[2024-11-11T06:59:31.737+0000] {processor.py:925} INFO - DAG(s) 'tutorial' retrieved from /home/airflow/.local/lib/python3.12/site-packages/airflow/example_dags/tutorial.py
[2024-11-11T06:59:31.766+0000] {logging_mixin.py:190} INFO - [2024-11-11T06:59:31.766+0000] {dag.py:3239} INFO - Sync 1 DAGs
[2024-11-11T06:59:31.797+0000] {logging_mixin.py:190} INFO - [2024-11-11T06:59:31.797+0000] {dag.py:4180} INFO - Setting next_dagrun for tutorial to 2024-11-10 00:00:00+00:00, run_after=2024-11-11 00:00:00+00:00
[2024-11-11T06:59:31.825+0000] {processor.py:208} INFO - Processing /home/airflow/.local/lib/python3.12/site-packages/airflow/example_dags/tutorial.py took 0.112 seconds
[2024-11-11T07:00:02.234+0000] {processor.py:186} INFO - Started process (PID=1510) to work on /home/airflow/.local/lib/python3.12/site-packages/airflow/example_dags/tutorial.py
[2024-11-11T07:00:02.236+0000] {processor.py:914} INFO - Processing file /home/airflow/.local/lib/python3.12/site-packages/airflow/example_dags/tutorial.py for tasks to queue
[2024-11-11T07:00:02.241+0000] {logging_mixin.py:190} INFO - [2024-11-11T07:00:02.240+0000] {dagbag.py:588} INFO - Filling up the DagBag from /home/airflow/.local/lib/python3.12/site-packages/airflow/example_dags/tutorial.py
[2024-11-11T07:00:02.255+0000] {processor.py:925} INFO - DAG(s) 'tutorial' retrieved from /home/airflow/.local/lib/python3.12/site-packages/airflow/example_dags/tutorial.py
[2024-11-11T07:00:02.290+0000] {logging_mixin.py:190} INFO - [2024-11-11T07:00:02.290+0000] {dag.py:3239} INFO - Sync 1 DAGs
[2024-11-11T07:00:02.330+0000] {logging_mixin.py:190} INFO - [2024-11-11T07:00:02.330+0000] {dag.py:4180} INFO - Setting next_dagrun for tutorial to 2024-11-10 00:00:00+00:00, run_after=2024-11-11 00:00:00+00:00
[2024-11-11T07:00:02.369+0000] {processor.py:208} INFO - Processing /home/airflow/.local/lib/python3.12/site-packages/airflow/example_dags/tutorial.py took 0.144 seconds
[2024-11-11T07:00:32.988+0000] {processor.py:186} INFO - Started process (PID=1574) to work on /home/airflow/.local/lib/python3.12/site-packages/airflow/example_dags/tutorial.py
[2024-11-11T07:00:32.991+0000] {processor.py:914} INFO - Processing file /home/airflow/.local/lib/python3.12/site-packages/airflow/example_dags/tutorial.py for tasks to queue
[2024-11-11T07:00:33.001+0000] {logging_mixin.py:190} INFO - [2024-11-11T07:00:32.999+0000] {dagbag.py:588} INFO - Filling up the DagBag from /home/airflow/.local/lib/python3.12/site-packages/airflow/example_dags/tutorial.py
[2024-11-11T07:00:33.039+0000] {processor.py:925} INFO - DAG(s) 'tutorial' retrieved from /home/airflow/.local/lib/python3.12/site-packages/airflow/example_dags/tutorial.py
[2024-11-11T07:00:33.097+0000] {logging_mixin.py:190} INFO - [2024-11-11T07:00:33.096+0000] {dag.py:3239} INFO - Sync 1 DAGs
[2024-11-11T07:00:33.136+0000] {logging_mixin.py:190} INFO - [2024-11-11T07:00:33.136+0000] {dag.py:4180} INFO - Setting next_dagrun for tutorial to 2024-11-10 00:00:00+00:00, run_after=2024-11-11 00:00:00+00:00
[2024-11-11T07:00:33.168+0000] {processor.py:208} INFO - Processing /home/airflow/.local/lib/python3.12/site-packages/airflow/example_dags/tutorial.py took 0.201 seconds
[2024-11-11T07:01:03.739+0000] {processor.py:186} INFO - Started process (PID=1638) to work on /home/airflow/.local/lib/python3.12/site-packages/airflow/example_dags/tutorial.py
[2024-11-11T07:01:03.741+0000] {processor.py:914} INFO - Processing file /home/airflow/.local/lib/python3.12/site-packages/airflow/example_dags/tutorial.py for tasks to queue
[2024-11-11T07:01:03.745+0000] {logging_mixin.py:190} INFO - [2024-11-11T07:01:03.745+0000] {dagbag.py:588} INFO - Filling up the DagBag from /home/airflow/.local/lib/python3.12/site-packages/airflow/example_dags/tutorial.py
[2024-11-11T07:01:03.760+0000] {processor.py:925} INFO - DAG(s) 'tutorial' retrieved from /home/airflow/.local/lib/python3.12/site-packages/airflow/example_dags/tutorial.py
[2024-11-11T07:01:03.788+0000] {logging_mixin.py:190} INFO - [2024-11-11T07:01:03.788+0000] {dag.py:3239} INFO - Sync 1 DAGs
[2024-11-11T07:01:03.818+0000] {logging_mixin.py:190} INFO - [2024-11-11T07:01:03.818+0000] {dag.py:4180} INFO - Setting next_dagrun for tutorial to 2024-11-10 00:00:00+00:00, run_after=2024-11-11 00:00:00+00:00
[2024-11-11T07:01:03.845+0000] {processor.py:208} INFO - Processing /home/airflow/.local/lib/python3.12/site-packages/airflow/example_dags/tutorial.py took 0.113 seconds
[2024-11-11T07:01:34.335+0000] {processor.py:186} INFO - Started process (PID=1702) to work on /home/airflow/.local/lib/python3.12/site-packages/airflow/example_dags/tutorial.py
[2024-11-11T07:01:34.337+0000] {processor.py:914} INFO - Processing file /home/airflow/.local/lib/python3.12/site-packages/airflow/example_dags/tutorial.py for tasks to queue
[2024-11-11T07:01:34.344+0000] {logging_mixin.py:190} INFO - [2024-11-11T07:01:34.343+0000] {dagbag.py:588} INFO - Filling up the DagBag from /home/airflow/.local/lib/python3.12/site-packages/airflow/example_dags/tutorial.py
[2024-11-11T07:01:34.362+0000] {processor.py:925} INFO - DAG(s) 'tutorial' retrieved from /home/airflow/.local/lib/python3.12/site-packages/airflow/example_dags/tutorial.py
[2024-11-11T07:01:34.409+0000] {logging_mixin.py:190} INFO - [2024-11-11T07:01:34.409+0000] {dag.py:3239} INFO - Sync 1 DAGs
[2024-11-11T07:01:34.453+0000] {logging_mixin.py:190} INFO - [2024-11-11T07:01:34.453+0000] {dag.py:4180} INFO - Setting next_dagrun for tutorial to 2024-11-10 00:00:00+00:00, run_after=2024-11-11 00:00:00+00:00
[2024-11-11T07:01:34.488+0000] {processor.py:208} INFO - Processing /home/airflow/.local/lib/python3.12/site-packages/airflow/example_dags/tutorial.py took 0.165 seconds
[2024-11-11T07:02:05.412+0000] {processor.py:186} INFO - Started process (PID=1766) to work on /home/airflow/.local/lib/python3.12/site-packages/airflow/example_dags/tutorial.py
[2024-11-11T07:02:05.415+0000] {processor.py:914} INFO - Processing file /home/airflow/.local/lib/python3.12/site-packages/airflow/example_dags/tutorial.py for tasks to queue
[2024-11-11T07:02:05.420+0000] {logging_mixin.py:190} INFO - [2024-11-11T07:02:05.420+0000] {dagbag.py:588} INFO - Filling up the DagBag from /home/airflow/.local/lib/python3.12/site-packages/airflow/example_dags/tutorial.py
[2024-11-11T07:02:05.437+0000] {processor.py:925} INFO - DAG(s) 'tutorial' retrieved from /home/airflow/.local/lib/python3.12/site-packages/airflow/example_dags/tutorial.py
[2024-11-11T07:02:05.478+0000] {logging_mixin.py:190} INFO - [2024-11-11T07:02:05.478+0000] {dag.py:3239} INFO - Sync 1 DAGs
[2024-11-11T07:02:05.515+0000] {logging_mixin.py:190} INFO - [2024-11-11T07:02:05.514+0000] {dag.py:4180} INFO - Setting next_dagrun for tutorial to 2024-11-10 00:00:00+00:00, run_after=2024-11-11 00:00:00+00:00
[2024-11-11T07:02:05.558+0000] {processor.py:208} INFO - Processing /home/airflow/.local/lib/python3.12/site-packages/airflow/example_dags/tutorial.py took 0.160 seconds
[2024-11-11T07:02:36.478+0000] {processor.py:186} INFO - Started process (PID=1830) to work on /home/airflow/.local/lib/python3.12/site-packages/airflow/example_dags/tutorial.py
[2024-11-11T07:02:36.480+0000] {processor.py:914} INFO - Processing file /home/airflow/.local/lib/python3.12/site-packages/airflow/example_dags/tutorial.py for tasks to queue
[2024-11-11T07:02:36.485+0000] {logging_mixin.py:190} INFO - [2024-11-11T07:02:36.485+0000] {dagbag.py:588} INFO - Filling up the DagBag from /home/airflow/.local/lib/python3.12/site-packages/airflow/example_dags/tutorial.py
[2024-11-11T07:02:36.497+0000] {processor.py:925} INFO - DAG(s) 'tutorial' retrieved from /home/airflow/.local/lib/python3.12/site-packages/airflow/example_dags/tutorial.py
[2024-11-11T07:02:36.523+0000] {logging_mixin.py:190} INFO - [2024-11-11T07:02:36.522+0000] {dag.py:3239} INFO - Sync 1 DAGs
[2024-11-11T07:02:36.550+0000] {logging_mixin.py:190} INFO - [2024-11-11T07:02:36.549+0000] {dag.py:4180} INFO - Setting next_dagrun for tutorial to 2024-11-10 00:00:00+00:00, run_after=2024-11-11 00:00:00+00:00
[2024-11-11T07:02:36.573+0000] {processor.py:208} INFO - Processing /home/airflow/.local/lib/python3.12/site-packages/airflow/example_dags/tutorial.py took 0.103 seconds
[2024-11-11T07:03:06.973+0000] {processor.py:186} INFO - Started process (PID=1888) to work on /home/airflow/.local/lib/python3.12/site-packages/airflow/example_dags/tutorial.py
[2024-11-11T07:03:06.975+0000] {processor.py:914} INFO - Processing file /home/airflow/.local/lib/python3.12/site-packages/airflow/example_dags/tutorial.py for tasks to queue
[2024-11-11T07:03:06.980+0000] {logging_mixin.py:190} INFO - [2024-11-11T07:03:06.979+0000] {dagbag.py:588} INFO - Filling up the DagBag from /home/airflow/.local/lib/python3.12/site-packages/airflow/example_dags/tutorial.py
[2024-11-11T07:03:06.993+0000] {processor.py:925} INFO - DAG(s) 'tutorial' retrieved from /home/airflow/.local/lib/python3.12/site-packages/airflow/example_dags/tutorial.py
[2024-11-11T07:03:07.025+0000] {logging_mixin.py:190} INFO - [2024-11-11T07:03:07.024+0000] {dag.py:3239} INFO - Sync 1 DAGs
[2024-11-11T07:03:07.066+0000] {logging_mixin.py:190} INFO - [2024-11-11T07:03:07.066+0000] {dag.py:4180} INFO - Setting next_dagrun for tutorial to 2024-11-10 00:00:00+00:00, run_after=2024-11-11 00:00:00+00:00
[2024-11-11T07:03:07.118+0000] {processor.py:208} INFO - Processing /home/airflow/.local/lib/python3.12/site-packages/airflow/example_dags/tutorial.py took 0.155 seconds
[2024-11-11T07:03:37.401+0000] {processor.py:186} INFO - Started process (PID=1949) to work on /home/airflow/.local/lib/python3.12/site-packages/airflow/example_dags/tutorial.py
[2024-11-11T07:03:37.403+0000] {processor.py:914} INFO - Processing file /home/airflow/.local/lib/python3.12/site-packages/airflow/example_dags/tutorial.py for tasks to queue
[2024-11-11T07:03:37.409+0000] {logging_mixin.py:190} INFO - [2024-11-11T07:03:37.409+0000] {dagbag.py:588} INFO - Filling up the DagBag from /home/airflow/.local/lib/python3.12/site-packages/airflow/example_dags/tutorial.py
[2024-11-11T07:03:37.424+0000] {processor.py:925} INFO - DAG(s) 'tutorial' retrieved from /home/airflow/.local/lib/python3.12/site-packages/airflow/example_dags/tutorial.py
[2024-11-11T07:03:37.466+0000] {logging_mixin.py:190} INFO - [2024-11-11T07:03:37.466+0000] {dag.py:3239} INFO - Sync 1 DAGs
[2024-11-11T07:03:37.570+0000] {logging_mixin.py:190} INFO - [2024-11-11T07:03:37.570+0000] {dag.py:4180} INFO - Setting next_dagrun for tutorial to 2024-11-10 00:00:00+00:00, run_after=2024-11-11 00:00:00+00:00
[2024-11-11T07:03:37.610+0000] {processor.py:208} INFO - Processing /home/airflow/.local/lib/python3.12/site-packages/airflow/example_dags/tutorial.py took 0.218 seconds
